time=2019-03-08T16:23:24.857+0800`appName=oms`hostName=docker-20`logLevel= INFO`msg=Starting Graduation1Application on DESKTOP-Q8HC681 with PID 16340 (F:\idea\graduation1\target\classes started by pcdn in F:\idea\graduation1)
time=2019-03-08T16:23:24.899+0800`appName=oms`hostName=docker-20`logLevel= INFO`msg=The following profiles are active: dev
time=2019-03-08T16:23:25.173+0800`appName=oms`hostName=docker-20`logLevel= INFO`msg=Refreshing org.springframework.boot.web.servlet.context.AnnotationConfigServletWebServerApplicationContext@4cc6fa2a: startup date [Fri Mar 08 16:23:25 CST 2019]; root of context hierarchy
time=2019-03-08T16:23:28.184+0800`appName=oms`hostName=docker-20`logLevel= WARN`msg=No MyBatis mapper was found in '[com.zy.project.mapper]' package. Please check your configuration.
time=2019-03-08T16:23:30.584+0800`appName=oms`hostName=docker-20`logLevel= INFO`msg=Tomcat initialized with port(s): 8083 (http)
time=2019-03-08T16:23:31.747+0800`appName=oms`hostName=docker-20`logLevel= INFO`msg=Servlet dispatcherServlet mapped to [/]
time=2019-03-08T16:23:31.764+0800`appName=oms`hostName=docker-20`logLevel= INFO`msg=Mapping filter: 'characterEncodingFilter' to: [/*]
time=2019-03-08T16:23:31.765+0800`appName=oms`hostName=docker-20`logLevel= INFO`msg=Mapping filter: 'hiddenHttpMethodFilter' to: [/*]
time=2019-03-08T16:23:31.765+0800`appName=oms`hostName=docker-20`logLevel= INFO`msg=Mapping filter: 'httpPutFormContentFilter' to: [/*]
time=2019-03-08T16:23:31.765+0800`appName=oms`hostName=docker-20`logLevel= INFO`msg=Mapping filter: 'requestContextFilter' to: [/*]
time=2019-03-08T16:23:33.514+0800`appName=oms`hostName=docker-20`logLevel= INFO`msg=HikariPool-1 - Starting...
time=2019-03-08T16:23:33.851+0800`appName=oms`hostName=docker-20`logLevel= INFO`msg=HikariPool-1 - Start completed.
time=2019-03-08T16:23:40.536+0800`appName=oms`hostName=docker-20`logLevel= INFO`msg=Tomcat started on port(s): 8083 (http) with context path ''
time=2019-03-08T16:23:40.547+0800`appName=oms`hostName=docker-20`logLevel= INFO`msg=Started Graduation1Application in 16.784 seconds (JVM running for 23.352)
time=2019-03-08T16:23:51.429+0800`appName=oms`hostName=docker-20`logLevel= INFO`msg=Starting without optional epoll library
time=2019-03-08T16:23:51.441+0800`appName=oms`hostName=docker-20`logLevel= INFO`msg=Starting without optional kqueue library
time=2019-03-08T16:23:54.278+0800`appName=oms`hostName=docker-20`logLevel=ERROR`msg=Servlet.service() for servlet [dispatcherServlet] in context with path [] threw exception [Request processing failed; nested exception is org.springframework.data.redis.connection.PoolException: Could not get a resource from the pool; nested exception is io.lettuce.core.RedisConnectionException: Unable to connect to localhost:6379] with root cause java.net.ConnectException: Connection refused: no further information
	at sun.nio.ch.SocketChannelImpl.checkConnect(Native Method)
	at sun.nio.ch.SocketChannelImpl.finishConnect(SocketChannelImpl.java:717)
	at io.netty.channel.socket.nio.NioSocketChannel.doFinishConnect(NioSocketChannel.java:325)
	at io.netty.channel.nio.AbstractNioChannel$AbstractNioUnsafe.finishConnect(AbstractNioChannel.java:340)
	at io.netty.channel.nio.NioEventLoop.processSelectedKey(NioEventLoop.java:635)
	at io.netty.channel.nio.NioEventLoop.processSelectedKeysOptimized(NioEventLoop.java:582)
	at io.netty.channel.nio.NioEventLoop.processSelectedKeys(NioEventLoop.java:499)
	at io.netty.channel.nio.NioEventLoop.run(NioEventLoop.java:461)
	at io.netty.util.concurrent.SingleThreadEventExecutor$5.run(SingleThreadEventExecutor.java:884)
	at io.netty.util.concurrent.FastThreadLocalRunnable.run(FastThreadLocalRunnable.java:30)
	at java.lang.Thread.run(Thread.java:745)

time=2019-03-08T16:23:55.375+0800`appName=oms`hostName=docker-20`logLevel=ERROR`msg=Servlet.service() for servlet [dispatcherServlet] threw exception java.net.ConnectException: Connection refused: no further information
	at sun.nio.ch.SocketChannelImpl.checkConnect(Native Method)
	at sun.nio.ch.SocketChannelImpl.finishConnect(SocketChannelImpl.java:717)
	at io.netty.channel.socket.nio.NioSocketChannel.doFinishConnect(NioSocketChannel.java:325)
	at io.netty.channel.nio.AbstractNioChannel$AbstractNioUnsafe.finishConnect(AbstractNioChannel.java:340)
	at io.netty.channel.nio.NioEventLoop.processSelectedKey(NioEventLoop.java:635)
	at io.netty.channel.nio.NioEventLoop.processSelectedKeysOptimized(NioEventLoop.java:582)
	at io.netty.channel.nio.NioEventLoop.processSelectedKeys(NioEventLoop.java:499)
	at io.netty.channel.nio.NioEventLoop.run(NioEventLoop.java:461)
	at io.netty.util.concurrent.SingleThreadEventExecutor$5.run(SingleThreadEventExecutor.java:884)
	at io.netty.util.concurrent.FastThreadLocalRunnable.run(FastThreadLocalRunnable.java:30)
	at java.lang.Thread.run(Thread.java:745)

time=2019-03-08T16:23:55.377+0800`appName=oms`hostName=docker-20`logLevel=ERROR`msg=Exception Processing ErrorPage[errorCode=0, location=/error] org.springframework.web.util.NestedServletException: Request processing failed; nested exception is org.springframework.data.redis.connection.PoolException: Could not get a resource from the pool; nested exception is io.lettuce.core.RedisConnectionException: Unable to connect to localhost:6379
	at org.springframework.web.servlet.FrameworkServlet.processRequest(FrameworkServlet.java:982)
	at org.springframework.web.servlet.FrameworkServlet.doGet(FrameworkServlet.java:866)
	at javax.servlet.http.HttpServlet.service(HttpServlet.java:635)
	at org.springframework.web.servlet.FrameworkServlet.service(FrameworkServlet.java:851)
	at javax.servlet.http.HttpServlet.service(HttpServlet.java:742)
	at org.apache.catalina.core.ApplicationFilterChain.internalDoFilter(ApplicationFilterChain.java:231)
	at org.apache.catalina.core.ApplicationFilterChain.doFilter(ApplicationFilterChain.java:166)
	at org.apache.catalina.core.ApplicationDispatcher.invoke(ApplicationDispatcher.java:728)
	at org.apache.catalina.core.ApplicationDispatcher.processRequest(ApplicationDispatcher.java:472)
	at org.apache.catalina.core.ApplicationDispatcher.doForward(ApplicationDispatcher.java:395)
	at org.apache.catalina.core.ApplicationDispatcher.forward(ApplicationDispatcher.java:316)
	at org.apache.catalina.core.StandardHostValve.custom(StandardHostValve.java:395)
	at org.apache.catalina.core.StandardHostValve.status(StandardHostValve.java:254)
	at org.apache.catalina.core.StandardHostValve.throwable(StandardHostValve.java:349)
	at org.apache.catalina.core.StandardHostValve.invoke(StandardHostValve.java:175)
	at org.apache.catalina.valves.ErrorReportValve.invoke(ErrorReportValve.java:81)
	at org.apache.catalina.core.StandardEngineValve.invoke(StandardEngineValve.java:87)
	at org.apache.catalina.connector.CoyoteAdapter.service(CoyoteAdapter.java:342)
	at org.apache.coyote.http11.Http11Processor.service(Http11Processor.java:803)
	at org.apache.coyote.AbstractProcessorLight.process(AbstractProcessorLight.java:66)
	at org.apache.coyote.AbstractProtocol$ConnectionHandler.process(AbstractProtocol.java:790)
	at org.apache.tomcat.util.net.NioEndpoint$SocketProcessor.doRun(NioEndpoint.java:1468)
	at org.apache.tomcat.util.net.SocketProcessorBase.run(SocketProcessorBase.java:49)
	at java.util.concurrent.ThreadPoolExecutor.runWorker(ThreadPoolExecutor.java:1142)
	at java.util.concurrent.ThreadPoolExecutor$Worker.run(ThreadPoolExecutor.java:617)
	at org.apache.tomcat.util.threads.TaskThread$WrappingRunnable.run(TaskThread.java:61)
	at java.lang.Thread.run(Thread.java:745)
Caused by: org.springframework.data.redis.connection.PoolException: Could not get a resource from the pool; nested exception is io.lettuce.core.RedisConnectionException: Unable to connect to localhost:6379
	at org.springframework.data.redis.connection.lettuce.LettucePoolingConnectionProvider.getConnection(LettucePoolingConnectionProvider.java:86)
	at org.springframework.data.redis.connection.lettuce.LettuceConnectionFactory$SharedConnection.getNativeConnection(LettuceConnectionFactory.java:959)
	at org.springframework.data.redis.connection.lettuce.LettuceConnectionFactory$SharedConnection.getConnection(LettuceConnectionFactory.java:934)
	at org.springframework.data.redis.connection.lettuce.LettuceConnectionFactory.getSharedConnection(LettuceConnectionFactory.java:786)
	at org.springframework.data.redis.connection.lettuce.LettuceConnectionFactory.getConnection(LettuceConnectionFactory.java:300)
	at org.springframework.data.redis.core.RedisConnectionUtils.doGetConnection(RedisConnectionUtils.java:132)
	at org.springframework.data.redis.core.RedisConnectionUtils.getConnection(RedisConnectionUtils.java:95)
	at org.springframework.data.redis.core.RedisConnectionUtils.getConnection(RedisConnectionUtils.java:82)
	at org.springframework.data.redis.core.RedisTemplate.execute(RedisTemplate.java:211)
	at org.springframework.data.redis.core.RedisTemplate.execute(RedisTemplate.java:184)
	at org.springframework.data.redis.core.AbstractOperations.execute(AbstractOperations.java:95)
	at org.springframework.data.redis.core.DefaultValueOperations.get(DefaultValueOperations.java:48)
	at com.zy.graduation1.interceptor.IdentifyInterceptor.identify(IdentifyInterceptor.java:36)
	at com.zy.graduation1.interceptor.IdentifyInterceptor.preHandle(IdentifyInterceptor.java:21)
	at org.springframework.web.servlet.HandlerExecutionChain.applyPreHandle(HandlerExecutionChain.java:136)
	at org.springframework.web.servlet.DispatcherServlet.doDispatch(DispatcherServlet.java:986)
	at org.springframework.web.servlet.DispatcherServlet.doService(DispatcherServlet.java:925)
	at org.springframework.web.servlet.FrameworkServlet.processRequest(FrameworkServlet.java:974)
	... 26 more
Caused by: io.lettuce.core.RedisConnectionException: Unable to connect to localhost:6379
	at io.lettuce.core.RedisConnectionException.create(RedisConnectionException.java:56)
	at io.lettuce.core.AbstractRedisClient.getConnection(AbstractRedisClient.java:233)
	at io.lettuce.core.RedisClient.connectStandalone(RedisClient.java:253)
	at io.lettuce.core.RedisClient.connect(RedisClient.java:202)
	at org.springframework.data.redis.connection.lettuce.StandaloneConnectionProvider.getConnection(StandaloneConnectionProvider.java:56)
	at org.springframework.data.redis.connection.lettuce.LettucePoolingConnectionProvider.lambda$null$0(LettucePoolingConnectionProvider.java:74)
	at io.lettuce.core.support.ConnectionPoolSupport$RedisPooledObjectFactory.create(ConnectionPoolSupport.java:225)
	at io.lettuce.core.support.ConnectionPoolSupport$RedisPooledObjectFactory.create(ConnectionPoolSupport.java:215)
	at org.apache.commons.pool2.BasePooledObjectFactory.makeObject(BasePooledObjectFactory.java:58)
	at org.apache.commons.pool2.impl.GenericObjectPool.create(GenericObjectPool.java:889)
	at org.apache.commons.pool2.impl.GenericObjectPool.borrowObject(GenericObjectPool.java:433)
	at org.apache.commons.pool2.impl.GenericObjectPool.borrowObject(GenericObjectPool.java:362)
	at io.lettuce.core.support.ConnectionPoolSupport$1.borrowObject(ConnectionPoolSupport.java:124)
	at io.lettuce.core.support.ConnectionPoolSupport$1.borrowObject(ConnectionPoolSupport.java:120)
	at org.springframework.data.redis.connection.lettuce.LettucePoolingConnectionProvider.getConnection(LettucePoolingConnectionProvider.java:80)
	... 43 more
Caused by: io.netty.channel.AbstractChannel$AnnotatedConnectException: Connection refused: no further information: localhost/127.0.0.1:6379
	at sun.nio.ch.SocketChannelImpl.checkConnect(Native Method)
	at sun.nio.ch.SocketChannelImpl.finishConnect(SocketChannelImpl.java:717)
	at io.netty.channel.socket.nio.NioSocketChannel.doFinishConnect(NioSocketChannel.java:325)
	at io.netty.channel.nio.AbstractNioChannel$AbstractNioUnsafe.finishConnect(AbstractNioChannel.java:340)
	at io.netty.channel.nio.NioEventLoop.processSelectedKey(NioEventLoop.java:635)
	at io.netty.channel.nio.NioEventLoop.processSelectedKeysOptimized(NioEventLoop.java:582)
	at io.netty.channel.nio.NioEventLoop.processSelectedKeys(NioEventLoop.java:499)
	at io.netty.channel.nio.NioEventLoop.run(NioEventLoop.java:461)
	at io.netty.util.concurrent.SingleThreadEventExecutor$5.run(SingleThreadEventExecutor.java:884)
	at io.netty.util.concurrent.FastThreadLocalRunnable.run(FastThreadLocalRunnable.java:30)
	... 1 more
Caused by: java.net.ConnectException: Connection refused: no further information
	... 11 more

time=2019-03-08T16:24:36.502+0800`appName=oms`hostName=docker-20`logLevel=DEBUG`msg===>  Preparing: SELECT relation_id AS relationId,operator_id AS operatorId,role_id AS roleId,deleted,ctime,utime FROM operator_role_relation WHERE operator_id = ? 
time=2019-03-08T16:24:36.542+0800`appName=oms`hostName=docker-20`logLevel=DEBUG`msg===> Parameters: 15207312(Long)
time=2019-03-08T16:24:36.578+0800`appName=oms`hostName=docker-20`logLevel=DEBUG`msg=<==      Total: 1
time=2019-03-08T16:24:36.596+0800`appName=oms`hostName=docker-20`logLevel=DEBUG`msg===>  Preparing: SELECT relation_id AS relationId,role_id AS roleId,menu_id AS menuId,status,ctime,utime FROM role_menu_relation WHERE role_id = ? 
time=2019-03-08T16:24:36.597+0800`appName=oms`hostName=docker-20`logLevel=DEBUG`msg===> Parameters: 1(Long)
time=2019-03-08T16:24:36.609+0800`appName=oms`hostName=docker-20`logLevel=DEBUG`msg=<==      Total: 15
time=2019-03-08T16:24:36.631+0800`appName=oms`hostName=docker-20`logLevel=DEBUG`msg===>  Preparing: SELECT menu_id AS menuId,title,href,icon,status,parent_id,ctime,utime FROM menu WHERE menu_id IN (?,?,?,?,?,?,?,?,?,?,?,?,?,?,?) 
time=2019-03-08T16:24:36.633+0800`appName=oms`hostName=docker-20`logLevel=DEBUG`msg===> Parameters: 1(Long), 7(Long), 8(Long), 2(Long), 3(Long), 5(Long), 13(Long), 14(Long), 15(Long), 16(Long), 17(Long), 18(Long), 19(Long), 20(Long), 21(Long)
time=2019-03-08T16:24:36.644+0800`appName=oms`hostName=docker-20`logLevel=DEBUG`msg=<==      Total: 15
time=2019-03-08T16:26:00.710+0800`appName=oms`hostName=docker-20`logLevel= INFO`msg=Starting Graduation1Application on DESKTOP-Q8HC681 with PID 11388 (F:\idea\graduation1\target\classes started by pcdn in F:\idea\graduation1)
time=2019-03-08T16:26:00.723+0800`appName=oms`hostName=docker-20`logLevel= INFO`msg=The following profiles are active: dev
time=2019-03-08T16:26:00.939+0800`appName=oms`hostName=docker-20`logLevel= INFO`msg=Refreshing org.springframework.boot.web.servlet.context.AnnotationConfigServletWebServerApplicationContext@6d304f9d: startup date [Fri Mar 08 16:26:00 CST 2019]; root of context hierarchy
time=2019-03-08T16:26:03.077+0800`appName=oms`hostName=docker-20`logLevel= WARN`msg=No MyBatis mapper was found in '[com.zy.project.mapper]' package. Please check your configuration.
time=2019-03-08T16:26:05.200+0800`appName=oms`hostName=docker-20`logLevel= INFO`msg=Tomcat initialized with port(s): 8083 (http)
time=2019-03-08T16:26:06.009+0800`appName=oms`hostName=docker-20`logLevel= INFO`msg=Servlet dispatcherServlet mapped to [/]
time=2019-03-08T16:26:06.019+0800`appName=oms`hostName=docker-20`logLevel= INFO`msg=Mapping filter: 'characterEncodingFilter' to: [/*]
time=2019-03-08T16:26:06.020+0800`appName=oms`hostName=docker-20`logLevel= INFO`msg=Mapping filter: 'hiddenHttpMethodFilter' to: [/*]
time=2019-03-08T16:26:06.020+0800`appName=oms`hostName=docker-20`logLevel= INFO`msg=Mapping filter: 'httpPutFormContentFilter' to: [/*]
time=2019-03-08T16:26:06.020+0800`appName=oms`hostName=docker-20`logLevel= INFO`msg=Mapping filter: 'requestContextFilter' to: [/*]
time=2019-03-08T16:26:06.834+0800`appName=oms`hostName=docker-20`logLevel= INFO`msg=HikariPool-1 - Starting...
time=2019-03-08T16:26:07.153+0800`appName=oms`hostName=docker-20`logLevel= INFO`msg=HikariPool-1 - Start completed.
time=2019-03-08T16:26:12.801+0800`appName=oms`hostName=docker-20`logLevel= INFO`msg=Tomcat started on port(s): 8083 (http) with context path ''
time=2019-03-08T16:26:12.809+0800`appName=oms`hostName=docker-20`logLevel= INFO`msg=Started Graduation1Application in 13.085 seconds (JVM running for 18.18)
time=2019-03-08T16:26:43.923+0800`appName=oms`hostName=docker-20`logLevel= INFO`msg=Starting without optional epoll library
time=2019-03-08T16:26:43.932+0800`appName=oms`hostName=docker-20`logLevel= INFO`msg=Starting without optional kqueue library
time=2019-03-08T16:29:34.180+0800`appName=oms`hostName=docker-20`logLevel= INFO`msg=Starting Graduation1Application on DESKTOP-Q8HC681 with PID 13932 (F:\idea\graduation1\target\classes started by pcdn in F:\idea\graduation1)
time=2019-03-08T16:29:34.249+0800`appName=oms`hostName=docker-20`logLevel= INFO`msg=The following profiles are active: dev
time=2019-03-08T16:29:35.494+0800`appName=oms`hostName=docker-20`logLevel= INFO`msg=Refreshing org.springframework.boot.web.servlet.context.AnnotationConfigServletWebServerApplicationContext@76f7d241: startup date [Fri Mar 08 16:29:35 CST 2019]; root of context hierarchy
time=2019-03-08T16:29:38.242+0800`appName=oms`hostName=docker-20`logLevel= WARN`msg=No MyBatis mapper was found in '[com.zy.project.mapper]' package. Please check your configuration.
time=2019-03-08T16:29:41.123+0800`appName=oms`hostName=docker-20`logLevel= INFO`msg=Tomcat initialized with port(s): 8083 (http)
time=2019-03-08T16:29:42.284+0800`appName=oms`hostName=docker-20`logLevel= INFO`msg=Servlet dispatcherServlet mapped to [/]
time=2019-03-08T16:29:42.308+0800`appName=oms`hostName=docker-20`logLevel= INFO`msg=Mapping filter: 'characterEncodingFilter' to: [/*]
time=2019-03-08T16:29:42.309+0800`appName=oms`hostName=docker-20`logLevel= INFO`msg=Mapping filter: 'hiddenHttpMethodFilter' to: [/*]
time=2019-03-08T16:29:42.309+0800`appName=oms`hostName=docker-20`logLevel= INFO`msg=Mapping filter: 'httpPutFormContentFilter' to: [/*]
time=2019-03-08T16:29:42.310+0800`appName=oms`hostName=docker-20`logLevel= INFO`msg=Mapping filter: 'requestContextFilter' to: [/*]
time=2019-03-08T16:29:43.887+0800`appName=oms`hostName=docker-20`logLevel= INFO`msg=HikariPool-1 - Starting...
time=2019-03-08T16:29:44.312+0800`appName=oms`hostName=docker-20`logLevel= INFO`msg=HikariPool-1 - Start completed.
time=2019-03-08T16:29:52.492+0800`appName=oms`hostName=docker-20`logLevel= INFO`msg=Tomcat started on port(s): 8083 (http) with context path ''
time=2019-03-08T16:29:52.510+0800`appName=oms`hostName=docker-20`logLevel= INFO`msg=Started Graduation1Application in 19.882 seconds (JVM running for 32.666)
time=2019-03-08T16:30:37.508+0800`appName=oms`hostName=docker-20`logLevel= INFO`msg=Starting without optional epoll library
time=2019-03-08T16:30:37.515+0800`appName=oms`hostName=docker-20`logLevel= INFO`msg=Starting without optional kqueue library
time=2019-03-08T17:47:22.598+0800`appName=oms`hostName=docker-20`logLevel= INFO`msg=Starting Graduation1Application on DESKTOP-Q8HC681 with PID 14508 (F:\idea\graduation1\target\classes started by pcdn in F:\idea\graduation1)
time=2019-03-08T17:47:22.651+0800`appName=oms`hostName=docker-20`logLevel= INFO`msg=The following profiles are active: dev
time=2019-03-08T17:47:22.888+0800`appName=oms`hostName=docker-20`logLevel= INFO`msg=Refreshing org.springframework.boot.web.servlet.context.AnnotationConfigServletWebServerApplicationContext@4cc6fa2a: startup date [Fri Mar 08 17:47:22 CST 2019]; root of context hierarchy
time=2019-03-08T17:47:25.460+0800`appName=oms`hostName=docker-20`logLevel= WARN`msg=No MyBatis mapper was found in '[com.zy.project.mapper]' package. Please check your configuration.
time=2019-03-08T17:47:28.257+0800`appName=oms`hostName=docker-20`logLevel= INFO`msg=Tomcat initialized with port(s): 8083 (http)
time=2019-03-08T17:47:29.432+0800`appName=oms`hostName=docker-20`logLevel= INFO`msg=Servlet dispatcherServlet mapped to [/]
time=2019-03-08T17:47:29.444+0800`appName=oms`hostName=docker-20`logLevel= INFO`msg=Mapping filter: 'characterEncodingFilter' to: [/*]
time=2019-03-08T17:47:29.444+0800`appName=oms`hostName=docker-20`logLevel= INFO`msg=Mapping filter: 'hiddenHttpMethodFilter' to: [/*]
time=2019-03-08T17:47:29.444+0800`appName=oms`hostName=docker-20`logLevel= INFO`msg=Mapping filter: 'httpPutFormContentFilter' to: [/*]
time=2019-03-08T17:47:29.445+0800`appName=oms`hostName=docker-20`logLevel= INFO`msg=Mapping filter: 'requestContextFilter' to: [/*]
time=2019-03-08T17:47:30.505+0800`appName=oms`hostName=docker-20`logLevel= INFO`msg=HikariPool-1 - Starting...
time=2019-03-08T17:47:30.846+0800`appName=oms`hostName=docker-20`logLevel= INFO`msg=HikariPool-1 - Start completed.
time=2019-03-08T17:47:40.294+0800`appName=oms`hostName=docker-20`logLevel= INFO`msg=Tomcat started on port(s): 8083 (http) with context path ''
time=2019-03-08T17:47:40.304+0800`appName=oms`hostName=docker-20`logLevel= INFO`msg=Started Graduation1Application in 18.642 seconds (JVM running for 23.492)
time=2019-03-08T17:47:43.632+0800`appName=oms`hostName=docker-20`logLevel= INFO`msg=Starting without optional epoll library
time=2019-03-08T17:47:43.637+0800`appName=oms`hostName=docker-20`logLevel= INFO`msg=Starting without optional kqueue library
time=2019-03-08T17:58:01.780+0800`appName=oms`hostName=docker-20`logLevel= INFO`msg=Starting Graduation1Application on DESKTOP-Q8HC681 with PID 14052 (F:\idea\graduation1\target\classes started by pcdn in F:\idea\graduation1)
time=2019-03-08T17:58:01.823+0800`appName=oms`hostName=docker-20`logLevel= INFO`msg=The following profiles are active: dev
time=2019-03-08T17:58:02.087+0800`appName=oms`hostName=docker-20`logLevel= INFO`msg=Refreshing org.springframework.boot.web.servlet.context.AnnotationConfigServletWebServerApplicationContext@6cbcf243: startup date [Fri Mar 08 17:58:02 CST 2019]; root of context hierarchy
time=2019-03-08T17:58:04.780+0800`appName=oms`hostName=docker-20`logLevel= WARN`msg=No MyBatis mapper was found in '[com.zy.project.mapper]' package. Please check your configuration.
time=2019-03-08T17:58:07.272+0800`appName=oms`hostName=docker-20`logLevel= INFO`msg=Tomcat initialized with port(s): 8083 (http)
time=2019-03-08T17:58:08.139+0800`appName=oms`hostName=docker-20`logLevel= INFO`msg=Servlet dispatcherServlet mapped to [/]
time=2019-03-08T17:58:08.150+0800`appName=oms`hostName=docker-20`logLevel= INFO`msg=Mapping filter: 'characterEncodingFilter' to: [/*]
time=2019-03-08T17:58:08.150+0800`appName=oms`hostName=docker-20`logLevel= INFO`msg=Mapping filter: 'hiddenHttpMethodFilter' to: [/*]
time=2019-03-08T17:58:08.150+0800`appName=oms`hostName=docker-20`logLevel= INFO`msg=Mapping filter: 'httpPutFormContentFilter' to: [/*]
time=2019-03-08T17:58:08.150+0800`appName=oms`hostName=docker-20`logLevel= INFO`msg=Mapping filter: 'requestContextFilter' to: [/*]
time=2019-03-08T17:58:09.074+0800`appName=oms`hostName=docker-20`logLevel= INFO`msg=HikariPool-1 - Starting...
time=2019-03-08T17:58:09.446+0800`appName=oms`hostName=docker-20`logLevel= INFO`msg=HikariPool-1 - Start completed.
time=2019-03-08T17:58:15.807+0800`appName=oms`hostName=docker-20`logLevel= INFO`msg=Tomcat started on port(s): 8083 (http) with context path ''
time=2019-03-08T17:58:15.818+0800`appName=oms`hostName=docker-20`logLevel= INFO`msg=Started Graduation1Application in 15.719 seconds (JVM running for 21.985)
time=2019-03-08T17:58:29.652+0800`appName=oms`hostName=docker-20`logLevel= INFO`msg=Starting without optional epoll library
time=2019-03-08T17:58:29.658+0800`appName=oms`hostName=docker-20`logLevel= INFO`msg=Starting without optional kqueue library
time=2019-03-08T17:59:51.987+0800`appName=oms`hostName=docker-20`logLevel= INFO`msg=Starting Graduation1Application on DESKTOP-Q8HC681 with PID 13368 (F:\idea\graduation1\target\classes started by pcdn in F:\idea\graduation1)
time=2019-03-08T17:59:52.011+0800`appName=oms`hostName=docker-20`logLevel= INFO`msg=The following profiles are active: dev
time=2019-03-08T17:59:52.260+0800`appName=oms`hostName=docker-20`logLevel= INFO`msg=Refreshing org.springframework.boot.web.servlet.context.AnnotationConfigServletWebServerApplicationContext@47605f2f: startup date [Fri Mar 08 17:59:52 CST 2019]; root of context hierarchy
time=2019-03-08T17:59:54.652+0800`appName=oms`hostName=docker-20`logLevel= WARN`msg=No MyBatis mapper was found in '[com.zy.project.mapper]' package. Please check your configuration.
time=2019-03-08T17:59:56.818+0800`appName=oms`hostName=docker-20`logLevel= INFO`msg=Tomcat initialized with port(s): 8083 (http)
time=2019-03-08T17:59:57.659+0800`appName=oms`hostName=docker-20`logLevel= INFO`msg=Servlet dispatcherServlet mapped to [/]
time=2019-03-08T17:59:57.671+0800`appName=oms`hostName=docker-20`logLevel= INFO`msg=Mapping filter: 'characterEncodingFilter' to: [/*]
time=2019-03-08T17:59:57.672+0800`appName=oms`hostName=docker-20`logLevel= INFO`msg=Mapping filter: 'hiddenHttpMethodFilter' to: [/*]
time=2019-03-08T17:59:57.672+0800`appName=oms`hostName=docker-20`logLevel= INFO`msg=Mapping filter: 'httpPutFormContentFilter' to: [/*]
time=2019-03-08T17:59:57.672+0800`appName=oms`hostName=docker-20`logLevel= INFO`msg=Mapping filter: 'requestContextFilter' to: [/*]
time=2019-03-08T17:59:58.763+0800`appName=oms`hostName=docker-20`logLevel= INFO`msg=HikariPool-1 - Starting...
time=2019-03-08T17:59:59.109+0800`appName=oms`hostName=docker-20`logLevel= INFO`msg=HikariPool-1 - Start completed.
time=2019-03-08T18:00:06.980+0800`appName=oms`hostName=docker-20`logLevel= INFO`msg=Tomcat started on port(s): 8083 (http) with context path ''
time=2019-03-08T18:00:06.990+0800`appName=oms`hostName=docker-20`logLevel= INFO`msg=Started Graduation1Application in 15.925 seconds (JVM running for 21.269)
time=2019-03-08T18:00:22.097+0800`appName=oms`hostName=docker-20`logLevel= INFO`msg=Starting without optional epoll library
time=2019-03-08T18:00:22.102+0800`appName=oms`hostName=docker-20`logLevel= INFO`msg=Starting without optional kqueue library
