time=2019-04-29T19:50:09.289+0800`appName=oms`hostName=docker-20`logLevel= INFO`msg=Starting Graduation1Application on DESKTOP-Q8HC681 with PID 6940 (F:\idea\graduation1\target\classes started by pcdn in F:\idea\graduation1)
time=2019-04-29T19:50:09.426+0800`appName=oms`hostName=docker-20`logLevel= INFO`msg=The following profiles are active: dev
time=2019-04-29T19:50:09.549+0800`appName=oms`hostName=docker-20`logLevel= INFO`msg=Refreshing org.springframework.boot.web.servlet.context.AnnotationConfigServletWebServerApplicationContext@5b04476e: startup date [Mon Apr 29 19:50:09 CST 2019]; root of context hierarchy
time=2019-04-29T19:50:12.713+0800`appName=oms`hostName=docker-20`logLevel= WARN`msg=No MyBatis mapper was found in '[com.zy.project.mapper]' package. Please check your configuration.
time=2019-04-29T19:50:14.897+0800`appName=oms`hostName=docker-20`logLevel= INFO`msg=Tomcat initialized with port(s): 8083 (http)
time=2019-04-29T19:50:15.734+0800`appName=oms`hostName=docker-20`logLevel= INFO`msg=Servlet dispatcherServlet mapped to [/]
time=2019-04-29T19:50:15.745+0800`appName=oms`hostName=docker-20`logLevel= INFO`msg=Mapping filter: 'characterEncodingFilter' to: [/*]
time=2019-04-29T19:50:15.746+0800`appName=oms`hostName=docker-20`logLevel= INFO`msg=Mapping filter: 'hiddenHttpMethodFilter' to: [/*]
time=2019-04-29T19:50:15.746+0800`appName=oms`hostName=docker-20`logLevel= INFO`msg=Mapping filter: 'httpPutFormContentFilter' to: [/*]
time=2019-04-29T19:50:15.746+0800`appName=oms`hostName=docker-20`logLevel= INFO`msg=Mapping filter: 'requestContextFilter' to: [/*]
time=2019-04-29T19:50:16.852+0800`appName=oms`hostName=docker-20`logLevel= INFO`msg=HikariPool-1 - Starting...
time=2019-04-29T19:50:17.272+0800`appName=oms`hostName=docker-20`logLevel= INFO`msg=HikariPool-1 - Start completed.
time=2019-04-29T19:50:24.541+0800`appName=oms`hostName=docker-20`logLevel= INFO`msg=Tomcat started on port(s): 8083 (http) with context path ''
time=2019-04-29T19:50:24.557+0800`appName=oms`hostName=docker-20`logLevel= INFO`msg=Started Graduation1Application in 16.259 seconds (JVM running for 22.933)
time=2019-04-29T19:50:41.513+0800`appName=oms`hostName=docker-20`logLevel= INFO`msg=Starting without optional epoll library
time=2019-04-29T19:50:41.519+0800`appName=oms`hostName=docker-20`logLevel= INFO`msg=Starting without optional kqueue library
time=2019-04-29T19:57:40.545+0800`appName=oms`hostName=docker-20`logLevel= INFO`msg=Starting Graduation1Application on DESKTOP-Q8HC681 with PID 3796 (F:\idea\graduation1\target\classes started by pcdn in F:\idea\graduation1)
time=2019-04-29T19:57:40.560+0800`appName=oms`hostName=docker-20`logLevel= INFO`msg=The following profiles are active: dev
time=2019-04-29T19:57:40.781+0800`appName=oms`hostName=docker-20`logLevel= INFO`msg=Refreshing org.springframework.boot.web.servlet.context.AnnotationConfigServletWebServerApplicationContext@f0e995e: startup date [Mon Apr 29 19:57:40 CST 2019]; root of context hierarchy
time=2019-04-29T19:57:43.991+0800`appName=oms`hostName=docker-20`logLevel= WARN`msg=No MyBatis mapper was found in '[com.zy.project.mapper]' package. Please check your configuration.
time=2019-04-29T19:57:46.191+0800`appName=oms`hostName=docker-20`logLevel= INFO`msg=Tomcat initialized with port(s): 8083 (http)
time=2019-04-29T19:57:46.994+0800`appName=oms`hostName=docker-20`logLevel= INFO`msg=Servlet dispatcherServlet mapped to [/]
time=2019-04-29T19:57:47.005+0800`appName=oms`hostName=docker-20`logLevel= INFO`msg=Mapping filter: 'characterEncodingFilter' to: [/*]
time=2019-04-29T19:57:47.006+0800`appName=oms`hostName=docker-20`logLevel= INFO`msg=Mapping filter: 'hiddenHttpMethodFilter' to: [/*]
time=2019-04-29T19:57:47.006+0800`appName=oms`hostName=docker-20`logLevel= INFO`msg=Mapping filter: 'httpPutFormContentFilter' to: [/*]
time=2019-04-29T19:57:47.006+0800`appName=oms`hostName=docker-20`logLevel= INFO`msg=Mapping filter: 'requestContextFilter' to: [/*]
time=2019-04-29T19:57:47.893+0800`appName=oms`hostName=docker-20`logLevel= INFO`msg=HikariPool-1 - Starting...
time=2019-04-29T19:57:48.251+0800`appName=oms`hostName=docker-20`logLevel= INFO`msg=HikariPool-1 - Start completed.
time=2019-04-29T19:57:53.952+0800`appName=oms`hostName=docker-20`logLevel= INFO`msg=Tomcat started on port(s): 8083 (http) with context path ''
time=2019-04-29T19:57:53.963+0800`appName=oms`hostName=docker-20`logLevel= INFO`msg=Started Graduation1Application in 14.466 seconds (JVM running for 19.051)
time=2019-04-29T19:58:20.560+0800`appName=oms`hostName=docker-20`logLevel= INFO`msg=Starting without optional epoll library
time=2019-04-29T19:58:20.565+0800`appName=oms`hostName=docker-20`logLevel= INFO`msg=Starting without optional kqueue library
time=2019-04-29T20:12:17.264+0800`appName=oms`hostName=docker-20`logLevel= INFO`msg=Starting Graduation1Application on DESKTOP-Q8HC681 with PID 12560 (F:\idea\graduation1\target\classes started by pcdn in F:\idea\graduation1)
time=2019-04-29T20:12:17.279+0800`appName=oms`hostName=docker-20`logLevel= INFO`msg=The following profiles are active: dev
time=2019-04-29T20:12:17.500+0800`appName=oms`hostName=docker-20`logLevel= INFO`msg=Refreshing org.springframework.boot.web.servlet.context.AnnotationConfigServletWebServerApplicationContext@33e01298: startup date [Mon Apr 29 20:12:17 CST 2019]; root of context hierarchy
time=2019-04-29T20:12:20.572+0800`appName=oms`hostName=docker-20`logLevel= WARN`msg=No MyBatis mapper was found in '[com.zy.project.mapper]' package. Please check your configuration.
time=2019-04-29T20:12:22.661+0800`appName=oms`hostName=docker-20`logLevel= INFO`msg=Tomcat initialized with port(s): 8083 (http)
time=2019-04-29T20:12:23.404+0800`appName=oms`hostName=docker-20`logLevel= INFO`msg=Servlet dispatcherServlet mapped to [/]
time=2019-04-29T20:12:23.415+0800`appName=oms`hostName=docker-20`logLevel= INFO`msg=Mapping filter: 'characterEncodingFilter' to: [/*]
time=2019-04-29T20:12:23.415+0800`appName=oms`hostName=docker-20`logLevel= INFO`msg=Mapping filter: 'hiddenHttpMethodFilter' to: [/*]
time=2019-04-29T20:12:23.416+0800`appName=oms`hostName=docker-20`logLevel= INFO`msg=Mapping filter: 'httpPutFormContentFilter' to: [/*]
time=2019-04-29T20:12:23.416+0800`appName=oms`hostName=docker-20`logLevel= INFO`msg=Mapping filter: 'requestContextFilter' to: [/*]
time=2019-04-29T20:12:24.170+0800`appName=oms`hostName=docker-20`logLevel= INFO`msg=HikariPool-1 - Starting...
time=2019-04-29T20:12:24.501+0800`appName=oms`hostName=docker-20`logLevel= INFO`msg=HikariPool-1 - Start completed.
time=2019-04-29T20:12:30.777+0800`appName=oms`hostName=docker-20`logLevel= INFO`msg=Tomcat started on port(s): 8083 (http) with context path ''
time=2019-04-29T20:12:30.790+0800`appName=oms`hostName=docker-20`logLevel= INFO`msg=Started Graduation1Application in 14.555 seconds (JVM running for 19.718)
time=2019-04-29T20:12:42.201+0800`appName=oms`hostName=docker-20`logLevel= INFO`msg=Starting without optional epoll library
time=2019-04-29T20:12:42.204+0800`appName=oms`hostName=docker-20`logLevel= INFO`msg=Starting without optional kqueue library
time=2019-04-29T20:35:24.649+0800`appName=oms`hostName=docker-20`logLevel= INFO`msg=Starting Graduation1Application on DESKTOP-Q8HC681 with PID 15424 (F:\idea\graduation1\target\classes started by pcdn in F:\idea\graduation1)
time=2019-04-29T20:35:24.687+0800`appName=oms`hostName=docker-20`logLevel= INFO`msg=The following profiles are active: dev
time=2019-04-29T20:35:24.891+0800`appName=oms`hostName=docker-20`logLevel= INFO`msg=Refreshing org.springframework.boot.web.servlet.context.AnnotationConfigServletWebServerApplicationContext@40499e4f: startup date [Mon Apr 29 20:35:24 CST 2019]; root of context hierarchy
time=2019-04-29T20:35:27.756+0800`appName=oms`hostName=docker-20`logLevel= WARN`msg=No MyBatis mapper was found in '[com.zy.project.mapper]' package. Please check your configuration.
time=2019-04-29T20:35:29.875+0800`appName=oms`hostName=docker-20`logLevel= INFO`msg=Tomcat initialized with port(s): 8083 (http)
time=2019-04-29T20:35:30.681+0800`appName=oms`hostName=docker-20`logLevel= INFO`msg=Servlet dispatcherServlet mapped to [/]
time=2019-04-29T20:35:30.716+0800`appName=oms`hostName=docker-20`logLevel= INFO`msg=Mapping filter: 'characterEncodingFilter' to: [/*]
time=2019-04-29T20:35:30.717+0800`appName=oms`hostName=docker-20`logLevel= INFO`msg=Mapping filter: 'hiddenHttpMethodFilter' to: [/*]
time=2019-04-29T20:35:30.717+0800`appName=oms`hostName=docker-20`logLevel= INFO`msg=Mapping filter: 'httpPutFormContentFilter' to: [/*]
time=2019-04-29T20:35:30.717+0800`appName=oms`hostName=docker-20`logLevel= INFO`msg=Mapping filter: 'requestContextFilter' to: [/*]
time=2019-04-29T20:35:31.571+0800`appName=oms`hostName=docker-20`logLevel= INFO`msg=HikariPool-1 - Starting...
time=2019-04-29T20:35:31.946+0800`appName=oms`hostName=docker-20`logLevel= INFO`msg=HikariPool-1 - Start completed.
time=2019-04-29T20:35:39.432+0800`appName=oms`hostName=docker-20`logLevel= INFO`msg=Tomcat started on port(s): 8083 (http) with context path ''
time=2019-04-29T20:35:39.444+0800`appName=oms`hostName=docker-20`logLevel= INFO`msg=Started Graduation1Application in 15.69 seconds (JVM running for 20.015)
time=2019-04-29T20:35:40.411+0800`appName=oms`hostName=docker-20`logLevel= INFO`msg=Starting without optional epoll library
time=2019-04-29T20:35:40.417+0800`appName=oms`hostName=docker-20`logLevel= INFO`msg=Starting without optional kqueue library
time=2019-04-29T20:38:07.050+0800`appName=oms`hostName=docker-20`logLevel= INFO`msg=Starting Graduation1Application on DESKTOP-Q8HC681 with PID 2844 (F:\idea\graduation1\target\classes started by pcdn in F:\idea\graduation1)
time=2019-04-29T20:38:07.060+0800`appName=oms`hostName=docker-20`logLevel= INFO`msg=The following profiles are active: dev
time=2019-04-29T20:38:07.287+0800`appName=oms`hostName=docker-20`logLevel= INFO`msg=Refreshing org.springframework.boot.web.servlet.context.AnnotationConfigServletWebServerApplicationContext@6c8bca63: startup date [Mon Apr 29 20:38:07 CST 2019]; root of context hierarchy
time=2019-04-29T20:38:09.050+0800`appName=oms`hostName=docker-20`logLevel= WARN`msg=No MyBatis mapper was found in '[com.zy.project.mapper]' package. Please check your configuration.
time=2019-04-29T20:38:11.012+0800`appName=oms`hostName=docker-20`logLevel= INFO`msg=Tomcat initialized with port(s): 8083 (http)
time=2019-04-29T20:38:11.786+0800`appName=oms`hostName=docker-20`logLevel= INFO`msg=Servlet dispatcherServlet mapped to [/]
time=2019-04-29T20:38:11.832+0800`appName=oms`hostName=docker-20`logLevel= INFO`msg=Mapping filter: 'characterEncodingFilter' to: [/*]
time=2019-04-29T20:38:11.833+0800`appName=oms`hostName=docker-20`logLevel= INFO`msg=Mapping filter: 'hiddenHttpMethodFilter' to: [/*]
time=2019-04-29T20:38:11.833+0800`appName=oms`hostName=docker-20`logLevel= INFO`msg=Mapping filter: 'httpPutFormContentFilter' to: [/*]
time=2019-04-29T20:38:11.833+0800`appName=oms`hostName=docker-20`logLevel= INFO`msg=Mapping filter: 'requestContextFilter' to: [/*]
time=2019-04-29T20:38:12.586+0800`appName=oms`hostName=docker-20`logLevel= INFO`msg=HikariPool-1 - Starting...
time=2019-04-29T20:38:12.909+0800`appName=oms`hostName=docker-20`logLevel= INFO`msg=HikariPool-1 - Start completed.
time=2019-04-29T20:38:18.508+0800`appName=oms`hostName=docker-20`logLevel= INFO`msg=Tomcat started on port(s): 8083 (http) with context path ''
time=2019-04-29T20:38:18.519+0800`appName=oms`hostName=docker-20`logLevel= INFO`msg=Started Graduation1Application in 12.207 seconds (JVM running for 16.258)
time=2019-04-29T20:38:28.586+0800`appName=oms`hostName=docker-20`logLevel= INFO`msg=Starting without optional epoll library
time=2019-04-29T20:38:28.593+0800`appName=oms`hostName=docker-20`logLevel= INFO`msg=Starting without optional kqueue library
time=2019-04-29T20:40:01.326+0800`appName=oms`hostName=docker-20`logLevel= INFO`msg=Starting Graduation1Application on DESKTOP-Q8HC681 with PID 15884 (F:\idea\graduation1\target\classes started by pcdn in F:\idea\graduation1)
time=2019-04-29T20:40:01.339+0800`appName=oms`hostName=docker-20`logLevel= INFO`msg=The following profiles are active: dev
time=2019-04-29T20:40:01.553+0800`appName=oms`hostName=docker-20`logLevel= INFO`msg=Refreshing org.springframework.boot.web.servlet.context.AnnotationConfigServletWebServerApplicationContext@2c88b9fc: startup date [Mon Apr 29 20:40:01 CST 2019]; root of context hierarchy
time=2019-04-29T20:40:02.932+0800`appName=oms`hostName=docker-20`logLevel= WARN`msg=No MyBatis mapper was found in '[com.zy.project.mapper]' package. Please check your configuration.
time=2019-04-29T20:40:04.922+0800`appName=oms`hostName=docker-20`logLevel= INFO`msg=Tomcat initialized with port(s): 8083 (http)
time=2019-04-29T20:40:05.775+0800`appName=oms`hostName=docker-20`logLevel= INFO`msg=Servlet dispatcherServlet mapped to [/]
time=2019-04-29T20:40:05.974+0800`appName=oms`hostName=docker-20`logLevel= INFO`msg=Mapping filter: 'characterEncodingFilter' to: [/*]
time=2019-04-29T20:40:05.975+0800`appName=oms`hostName=docker-20`logLevel= INFO`msg=Mapping filter: 'hiddenHttpMethodFilter' to: [/*]
time=2019-04-29T20:40:05.975+0800`appName=oms`hostName=docker-20`logLevel= INFO`msg=Mapping filter: 'httpPutFormContentFilter' to: [/*]
time=2019-04-29T20:40:05.975+0800`appName=oms`hostName=docker-20`logLevel= INFO`msg=Mapping filter: 'requestContextFilter' to: [/*]
time=2019-04-29T20:40:06.612+0800`appName=oms`hostName=docker-20`logLevel= INFO`msg=HikariPool-1 - Starting...
time=2019-04-29T20:40:06.954+0800`appName=oms`hostName=docker-20`logLevel= INFO`msg=HikariPool-1 - Start completed.
time=2019-04-29T20:40:13.271+0800`appName=oms`hostName=docker-20`logLevel= INFO`msg=Tomcat started on port(s): 8083 (http) with context path ''
time=2019-04-29T20:40:13.283+0800`appName=oms`hostName=docker-20`logLevel= INFO`msg=Started Graduation1Application in 12.741 seconds (JVM running for 16.237)
time=2019-04-29T20:40:24.058+0800`appName=oms`hostName=docker-20`logLevel= INFO`msg=Starting without optional epoll library
time=2019-04-29T20:40:24.073+0800`appName=oms`hostName=docker-20`logLevel= INFO`msg=Starting without optional kqueue library
time=2019-04-29T20:43:41.784+0800`appName=oms`hostName=docker-20`logLevel= INFO`msg=Starting Graduation1Application on DESKTOP-Q8HC681 with PID 6580 (F:\idea\graduation1\target\classes started by pcdn in F:\idea\graduation1)
time=2019-04-29T20:43:41.795+0800`appName=oms`hostName=docker-20`logLevel= INFO`msg=The following profiles are active: dev
time=2019-04-29T20:43:42.022+0800`appName=oms`hostName=docker-20`logLevel= INFO`msg=Refreshing org.springframework.boot.web.servlet.context.AnnotationConfigServletWebServerApplicationContext@7a8fa663: startup date [Mon Apr 29 20:43:42 CST 2019]; root of context hierarchy
time=2019-04-29T20:43:45.143+0800`appName=oms`hostName=docker-20`logLevel= WARN`msg=No MyBatis mapper was found in '[com.zy.project.mapper]' package. Please check your configuration.
time=2019-04-29T20:43:47.381+0800`appName=oms`hostName=docker-20`logLevel= INFO`msg=Tomcat initialized with port(s): 8083 (http)
time=2019-04-29T20:43:48.520+0800`appName=oms`hostName=docker-20`logLevel= INFO`msg=Servlet dispatcherServlet mapped to [/]
time=2019-04-29T20:43:48.531+0800`appName=oms`hostName=docker-20`logLevel= INFO`msg=Mapping filter: 'characterEncodingFilter' to: [/*]
time=2019-04-29T20:43:48.532+0800`appName=oms`hostName=docker-20`logLevel= INFO`msg=Mapping filter: 'hiddenHttpMethodFilter' to: [/*]
time=2019-04-29T20:43:48.532+0800`appName=oms`hostName=docker-20`logLevel= INFO`msg=Mapping filter: 'httpPutFormContentFilter' to: [/*]
time=2019-04-29T20:43:48.532+0800`appName=oms`hostName=docker-20`logLevel= INFO`msg=Mapping filter: 'requestContextFilter' to: [/*]
time=2019-04-29T20:43:49.471+0800`appName=oms`hostName=docker-20`logLevel= INFO`msg=HikariPool-1 - Starting...
time=2019-04-29T20:43:49.805+0800`appName=oms`hostName=docker-20`logLevel= INFO`msg=HikariPool-1 - Start completed.
time=2019-04-29T20:43:58.813+0800`appName=oms`hostName=docker-20`logLevel= INFO`msg=Tomcat started on port(s): 8083 (http) with context path ''
time=2019-04-29T20:43:58.825+0800`appName=oms`hostName=docker-20`logLevel= INFO`msg=Started Graduation1Application in 17.948 seconds (JVM running for 23.565)
time=2019-04-29T20:44:04.234+0800`appName=oms`hostName=docker-20`logLevel= INFO`msg=Starting without optional epoll library
time=2019-04-29T20:44:04.239+0800`appName=oms`hostName=docker-20`logLevel= INFO`msg=Starting without optional kqueue library
time=2019-04-29T20:46:19.239+0800`appName=oms`hostName=docker-20`logLevel= WARN`msg=HikariPool-1 - Thread starvation or clock leap detected (housekeeper delta=59s320ms788µs551ns).
time=2019-04-29T20:48:42.146+0800`appName=oms`hostName=docker-20`logLevel= WARN`msg=HikariPool-1 - Thread starvation or clock leap detected (housekeeper delta=51s30ms125µs517ns).
time=2019-04-29T20:52:59.175+0800`appName=oms`hostName=docker-20`logLevel= WARN`msg=HikariPool-1 - Thread starvation or clock leap detected (housekeeper delta=2m17s23ms621µs226ns).
time=2019-04-29T20:54:41.277+0800`appName=oms`hostName=docker-20`logLevel= WARN`msg=HikariPool-1 - Thread starvation or clock leap detected (housekeeper delta=1m12s101ms71µs267ns).
time=2019-04-29T20:56:50.939+0800`appName=oms`hostName=docker-20`logLevel= INFO`msg=Starting Graduation1Application on DESKTOP-Q8HC681 with PID 2188 (F:\idea\graduation1\target\classes started by pcdn in F:\idea\graduation1)
time=2019-04-29T20:56:50.949+0800`appName=oms`hostName=docker-20`logLevel= INFO`msg=The following profiles are active: dev
time=2019-04-29T20:56:51.171+0800`appName=oms`hostName=docker-20`logLevel= INFO`msg=Refreshing org.springframework.boot.web.servlet.context.AnnotationConfigServletWebServerApplicationContext@5ce33a58: startup date [Mon Apr 29 20:56:51 CST 2019]; root of context hierarchy
time=2019-04-29T20:56:54.066+0800`appName=oms`hostName=docker-20`logLevel= WARN`msg=No MyBatis mapper was found in '[com.zy.project.mapper]' package. Please check your configuration.
time=2019-04-29T20:56:56.096+0800`appName=oms`hostName=docker-20`logLevel= INFO`msg=Tomcat initialized with port(s): 8083 (http)
time=2019-04-29T20:56:56.955+0800`appName=oms`hostName=docker-20`logLevel= INFO`msg=Servlet dispatcherServlet mapped to [/]
time=2019-04-29T20:56:56.965+0800`appName=oms`hostName=docker-20`logLevel= INFO`msg=Mapping filter: 'characterEncodingFilter' to: [/*]
time=2019-04-29T20:56:56.965+0800`appName=oms`hostName=docker-20`logLevel= INFO`msg=Mapping filter: 'hiddenHttpMethodFilter' to: [/*]
time=2019-04-29T20:56:56.965+0800`appName=oms`hostName=docker-20`logLevel= INFO`msg=Mapping filter: 'httpPutFormContentFilter' to: [/*]
time=2019-04-29T20:56:56.966+0800`appName=oms`hostName=docker-20`logLevel= INFO`msg=Mapping filter: 'requestContextFilter' to: [/*]
time=2019-04-29T20:56:57.713+0800`appName=oms`hostName=docker-20`logLevel= INFO`msg=HikariPool-1 - Starting...
time=2019-04-29T20:56:58.043+0800`appName=oms`hostName=docker-20`logLevel= INFO`msg=HikariPool-1 - Start completed.
time=2019-04-29T20:57:04.194+0800`appName=oms`hostName=docker-20`logLevel= INFO`msg=Tomcat started on port(s): 8083 (http) with context path ''
time=2019-04-29T20:57:04.203+0800`appName=oms`hostName=docker-20`logLevel= INFO`msg=Started Graduation1Application in 14.156 seconds (JVM running for 18.434)
time=2019-04-29T20:57:18.887+0800`appName=oms`hostName=docker-20`logLevel= INFO`msg=Starting without optional epoll library
time=2019-04-29T20:57:18.896+0800`appName=oms`hostName=docker-20`logLevel= INFO`msg=Starting without optional kqueue library
time=2019-04-29T20:58:47.715+0800`appName=oms`hostName=docker-20`logLevel= WARN`msg=HikariPool-1 - Thread starvation or clock leap detected (housekeeper delta=48s132ms5µs973ns).
time=2019-04-29T21:01:00.864+0800`appName=oms`hostName=docker-20`logLevel= WARN`msg=HikariPool-1 - Thread starvation or clock leap detected (housekeeper delta=1m42s532ms893µs131ns).
time=2019-04-29T21:02:31.847+0800`appName=oms`hostName=docker-20`logLevel= WARN`msg=HikariPool-1 - Thread starvation or clock leap detected (housekeeper delta=52s617ms438µs645ns).
time=2019-04-29T21:05:42.199+0800`appName=oms`hostName=docker-20`logLevel= INFO`msg=Starting Graduation1Application on DESKTOP-Q8HC681 with PID 9068 (F:\idea\graduation1\target\classes started by pcdn in F:\idea\graduation1)
time=2019-04-29T21:05:42.242+0800`appName=oms`hostName=docker-20`logLevel= INFO`msg=The following profiles are active: dev
time=2019-04-29T21:05:42.445+0800`appName=oms`hostName=docker-20`logLevel= INFO`msg=Refreshing org.springframework.boot.web.servlet.context.AnnotationConfigServletWebServerApplicationContext@78fb9a67: startup date [Mon Apr 29 21:05:42 CST 2019]; root of context hierarchy
time=2019-04-29T21:05:45.394+0800`appName=oms`hostName=docker-20`logLevel= WARN`msg=No MyBatis mapper was found in '[com.zy.project.mapper]' package. Please check your configuration.
time=2019-04-29T21:05:47.377+0800`appName=oms`hostName=docker-20`logLevel= INFO`msg=Tomcat initialized with port(s): 8083 (http)
time=2019-04-29T21:05:48.256+0800`appName=oms`hostName=docker-20`logLevel= INFO`msg=Servlet dispatcherServlet mapped to [/]
time=2019-04-29T21:05:48.266+0800`appName=oms`hostName=docker-20`logLevel= INFO`msg=Mapping filter: 'characterEncodingFilter' to: [/*]
time=2019-04-29T21:05:48.267+0800`appName=oms`hostName=docker-20`logLevel= INFO`msg=Mapping filter: 'hiddenHttpMethodFilter' to: [/*]
time=2019-04-29T21:05:48.267+0800`appName=oms`hostName=docker-20`logLevel= INFO`msg=Mapping filter: 'httpPutFormContentFilter' to: [/*]
time=2019-04-29T21:05:48.267+0800`appName=oms`hostName=docker-20`logLevel= INFO`msg=Mapping filter: 'requestContextFilter' to: [/*]
time=2019-04-29T21:05:49.125+0800`appName=oms`hostName=docker-20`logLevel= INFO`msg=HikariPool-1 - Starting...
time=2019-04-29T21:05:49.442+0800`appName=oms`hostName=docker-20`logLevel= INFO`msg=HikariPool-1 - Start completed.
time=2019-04-29T21:05:55.907+0800`appName=oms`hostName=docker-20`logLevel= INFO`msg=Tomcat started on port(s): 8083 (http) with context path ''
time=2019-04-29T21:05:55.917+0800`appName=oms`hostName=docker-20`logLevel= INFO`msg=Started Graduation1Application in 14.555 seconds (JVM running for 18.713)
time=2019-04-29T21:06:12.239+0800`appName=oms`hostName=docker-20`logLevel= INFO`msg=Starting without optional epoll library
time=2019-04-29T21:06:12.244+0800`appName=oms`hostName=docker-20`logLevel= INFO`msg=Starting without optional kqueue library
time=2019-04-29T21:08:39.167+0800`appName=oms`hostName=docker-20`logLevel= WARN`msg=HikariPool-1 - Thread starvation or clock leap detected (housekeeper delta=49s615ms557µs804ns).
time=2019-04-29T21:11:45.638+0800`appName=oms`hostName=docker-20`logLevel= INFO`msg=Starting Graduation1Application on DESKTOP-Q8HC681 with PID 11356 (F:\idea\graduation1\target\classes started by pcdn in F:\idea\graduation1)
time=2019-04-29T21:11:45.708+0800`appName=oms`hostName=docker-20`logLevel= INFO`msg=The following profiles are active: dev
time=2019-04-29T21:11:46.101+0800`appName=oms`hostName=docker-20`logLevel= INFO`msg=Refreshing org.springframework.boot.web.servlet.context.AnnotationConfigServletWebServerApplicationContext@192d74fb: startup date [Mon Apr 29 21:11:46 CST 2019]; root of context hierarchy
time=2019-04-29T21:11:50.107+0800`appName=oms`hostName=docker-20`logLevel= WARN`msg=No MyBatis mapper was found in '[com.zy.project.mapper]' package. Please check your configuration.
time=2019-04-29T21:11:52.793+0800`appName=oms`hostName=docker-20`logLevel= INFO`msg=Tomcat initialized with port(s): 8083 (http)
time=2019-04-29T21:11:53.667+0800`appName=oms`hostName=docker-20`logLevel= INFO`msg=Servlet dispatcherServlet mapped to [/]
time=2019-04-29T21:11:53.677+0800`appName=oms`hostName=docker-20`logLevel= INFO`msg=Mapping filter: 'characterEncodingFilter' to: [/*]
time=2019-04-29T21:11:53.678+0800`appName=oms`hostName=docker-20`logLevel= INFO`msg=Mapping filter: 'hiddenHttpMethodFilter' to: [/*]
time=2019-04-29T21:11:53.678+0800`appName=oms`hostName=docker-20`logLevel= INFO`msg=Mapping filter: 'httpPutFormContentFilter' to: [/*]
time=2019-04-29T21:11:53.678+0800`appName=oms`hostName=docker-20`logLevel= INFO`msg=Mapping filter: 'requestContextFilter' to: [/*]
time=2019-04-29T21:11:54.556+0800`appName=oms`hostName=docker-20`logLevel= INFO`msg=HikariPool-1 - Starting...
time=2019-04-29T21:11:54.961+0800`appName=oms`hostName=docker-20`logLevel= INFO`msg=HikariPool-1 - Start completed.
time=2019-04-29T21:12:01.480+0800`appName=oms`hostName=docker-20`logLevel= INFO`msg=Tomcat started on port(s): 8083 (http) with context path ''
time=2019-04-29T21:12:01.492+0800`appName=oms`hostName=docker-20`logLevel= INFO`msg=Started Graduation1Application in 17.008 seconds (JVM running for 27.802)
time=2019-04-29T21:12:20.741+0800`appName=oms`hostName=docker-20`logLevel= INFO`msg=Starting without optional epoll library
time=2019-04-29T21:12:20.748+0800`appName=oms`hostName=docker-20`logLevel= INFO`msg=Starting without optional kqueue library
time=2019-04-29T21:14:30.662+0800`appName=oms`hostName=docker-20`logLevel= WARN`msg=HikariPool-1 - Thread starvation or clock leap detected (housekeeper delta=1m27s852ms177µs9ns).
time=2019-04-29T21:15:25.259+0800`appName=oms`hostName=docker-20`logLevel= WARN`msg=HikariPool-1 - Thread starvation or clock leap detected (housekeeper delta=54s597ms52µs894ns).
time=2019-04-29T21:18:19.131+0800`appName=oms`hostName=docker-20`logLevel= INFO`msg=Starting Graduation1Application on DESKTOP-Q8HC681 with PID 2488 (F:\idea\graduation1\target\classes started by pcdn in F:\idea\graduation1)
time=2019-04-29T21:18:19.143+0800`appName=oms`hostName=docker-20`logLevel= INFO`msg=The following profiles are active: dev
time=2019-04-29T21:18:19.394+0800`appName=oms`hostName=docker-20`logLevel= INFO`msg=Refreshing org.springframework.boot.web.servlet.context.AnnotationConfigServletWebServerApplicationContext@15eebbff: startup date [Mon Apr 29 21:18:19 CST 2019]; root of context hierarchy
time=2019-04-29T21:18:22.255+0800`appName=oms`hostName=docker-20`logLevel= WARN`msg=No MyBatis mapper was found in '[com.zy.project.mapper]' package. Please check your configuration.
time=2019-04-29T21:18:24.214+0800`appName=oms`hostName=docker-20`logLevel= INFO`msg=Tomcat initialized with port(s): 8083 (http)
time=2019-04-29T21:18:25.014+0800`appName=oms`hostName=docker-20`logLevel= INFO`msg=Servlet dispatcherServlet mapped to [/]
time=2019-04-29T21:18:25.025+0800`appName=oms`hostName=docker-20`logLevel= INFO`msg=Mapping filter: 'characterEncodingFilter' to: [/*]
time=2019-04-29T21:18:25.026+0800`appName=oms`hostName=docker-20`logLevel= INFO`msg=Mapping filter: 'hiddenHttpMethodFilter' to: [/*]
time=2019-04-29T21:18:25.026+0800`appName=oms`hostName=docker-20`logLevel= INFO`msg=Mapping filter: 'httpPutFormContentFilter' to: [/*]
time=2019-04-29T21:18:25.026+0800`appName=oms`hostName=docker-20`logLevel= INFO`msg=Mapping filter: 'requestContextFilter' to: [/*]
time=2019-04-29T21:18:25.869+0800`appName=oms`hostName=docker-20`logLevel= INFO`msg=HikariPool-1 - Starting...
time=2019-04-29T21:18:26.209+0800`appName=oms`hostName=docker-20`logLevel= INFO`msg=HikariPool-1 - Start completed.
time=2019-04-29T21:18:32.214+0800`appName=oms`hostName=docker-20`logLevel= INFO`msg=Tomcat started on port(s): 8083 (http) with context path ''
time=2019-04-29T21:18:32.224+0800`appName=oms`hostName=docker-20`logLevel= INFO`msg=Started Graduation1Application in 13.959 seconds (JVM running for 18.389)
time=2019-04-29T21:18:37.625+0800`appName=oms`hostName=docker-20`logLevel= INFO`msg=Starting without optional epoll library
time=2019-04-29T21:18:37.633+0800`appName=oms`hostName=docker-20`logLevel= INFO`msg=Starting without optional kqueue library
time=2019-04-29T21:20:07.347+0800`appName=oms`hostName=docker-20`logLevel= INFO`msg=Starting Graduation1Application on DESKTOP-Q8HC681 with PID 13676 (F:\idea\graduation1\target\classes started by pcdn in F:\idea\graduation1)
time=2019-04-29T21:20:07.361+0800`appName=oms`hostName=docker-20`logLevel= INFO`msg=The following profiles are active: dev
time=2019-04-29T21:20:07.557+0800`appName=oms`hostName=docker-20`logLevel= INFO`msg=Refreshing org.springframework.boot.web.servlet.context.AnnotationConfigServletWebServerApplicationContext@19fb8826: startup date [Mon Apr 29 21:20:07 CST 2019]; root of context hierarchy
time=2019-04-29T21:20:10.352+0800`appName=oms`hostName=docker-20`logLevel= WARN`msg=No MyBatis mapper was found in '[com.zy.project.mapper]' package. Please check your configuration.
time=2019-04-29T21:20:12.440+0800`appName=oms`hostName=docker-20`logLevel= INFO`msg=Tomcat initialized with port(s): 8083 (http)
time=2019-04-29T21:20:13.179+0800`appName=oms`hostName=docker-20`logLevel= INFO`msg=Servlet dispatcherServlet mapped to [/]
time=2019-04-29T21:20:13.189+0800`appName=oms`hostName=docker-20`logLevel= INFO`msg=Mapping filter: 'characterEncodingFilter' to: [/*]
time=2019-04-29T21:20:13.190+0800`appName=oms`hostName=docker-20`logLevel= INFO`msg=Mapping filter: 'hiddenHttpMethodFilter' to: [/*]
time=2019-04-29T21:20:13.190+0800`appName=oms`hostName=docker-20`logLevel= INFO`msg=Mapping filter: 'httpPutFormContentFilter' to: [/*]
time=2019-04-29T21:20:13.190+0800`appName=oms`hostName=docker-20`logLevel= INFO`msg=Mapping filter: 'requestContextFilter' to: [/*]
time=2019-04-29T21:20:13.883+0800`appName=oms`hostName=docker-20`logLevel= INFO`msg=HikariPool-1 - Starting...
time=2019-04-29T21:20:14.200+0800`appName=oms`hostName=docker-20`logLevel= INFO`msg=HikariPool-1 - Start completed.
time=2019-04-29T21:20:19.495+0800`appName=oms`hostName=docker-20`logLevel= INFO`msg=Tomcat started on port(s): 8083 (http) with context path ''
time=2019-04-29T21:20:19.502+0800`appName=oms`hostName=docker-20`logLevel= INFO`msg=Started Graduation1Application in 12.971 seconds (JVM running for 18.291)
time=2019-04-29T21:20:31.728+0800`appName=oms`hostName=docker-20`logLevel= INFO`msg=Starting without optional epoll library
time=2019-04-29T21:20:31.733+0800`appName=oms`hostName=docker-20`logLevel= INFO`msg=Starting without optional kqueue library
time=2019-04-29T21:22:38.284+0800`appName=oms`hostName=docker-20`logLevel= INFO`msg=Starting Graduation1Application on DESKTOP-Q8HC681 with PID 6160 (F:\idea\graduation1\target\classes started by pcdn in F:\idea\graduation1)
time=2019-04-29T21:22:38.311+0800`appName=oms`hostName=docker-20`logLevel= INFO`msg=The following profiles are active: dev
time=2019-04-29T21:22:38.651+0800`appName=oms`hostName=docker-20`logLevel= INFO`msg=Refreshing org.springframework.boot.web.servlet.context.AnnotationConfigServletWebServerApplicationContext@630cb4a4: startup date [Mon Apr 29 21:22:38 CST 2019]; root of context hierarchy
time=2019-04-29T21:22:40.778+0800`appName=oms`hostName=docker-20`logLevel= WARN`msg=No MyBatis mapper was found in '[com.zy.project.mapper]' package. Please check your configuration.
time=2019-04-29T21:22:42.667+0800`appName=oms`hostName=docker-20`logLevel= INFO`msg=Tomcat initialized with port(s): 8083 (http)
time=2019-04-29T21:22:43.437+0800`appName=oms`hostName=docker-20`logLevel= INFO`msg=Servlet dispatcherServlet mapped to [/]
time=2019-04-29T21:22:43.447+0800`appName=oms`hostName=docker-20`logLevel= INFO`msg=Mapping filter: 'characterEncodingFilter' to: [/*]
time=2019-04-29T21:22:43.448+0800`appName=oms`hostName=docker-20`logLevel= INFO`msg=Mapping filter: 'hiddenHttpMethodFilter' to: [/*]
time=2019-04-29T21:22:43.449+0800`appName=oms`hostName=docker-20`logLevel= INFO`msg=Mapping filter: 'httpPutFormContentFilter' to: [/*]
time=2019-04-29T21:22:43.449+0800`appName=oms`hostName=docker-20`logLevel= INFO`msg=Mapping filter: 'requestContextFilter' to: [/*]
time=2019-04-29T21:22:44.154+0800`appName=oms`hostName=docker-20`logLevel= INFO`msg=HikariPool-1 - Starting...
time=2019-04-29T21:22:44.450+0800`appName=oms`hostName=docker-20`logLevel= INFO`msg=HikariPool-1 - Start completed.
time=2019-04-29T21:22:50.097+0800`appName=oms`hostName=docker-20`logLevel= INFO`msg=Tomcat started on port(s): 8083 (http) with context path ''
time=2019-04-29T21:22:50.105+0800`appName=oms`hostName=docker-20`logLevel= INFO`msg=Started Graduation1Application in 12.74 seconds (JVM running for 16.572)
time=2019-04-29T21:23:16.143+0800`appName=oms`hostName=docker-20`logLevel= INFO`msg=Starting without optional epoll library
time=2019-04-29T21:23:16.147+0800`appName=oms`hostName=docker-20`logLevel= INFO`msg=Starting without optional kqueue library
time=2019-04-29T21:25:27.061+0800`appName=oms`hostName=docker-20`logLevel= INFO`msg=Starting Graduation1Application on DESKTOP-Q8HC681 with PID 15044 (F:\idea\graduation1\target\classes started by pcdn in F:\idea\graduation1)
time=2019-04-29T21:25:27.076+0800`appName=oms`hostName=docker-20`logLevel= INFO`msg=The following profiles are active: dev
time=2019-04-29T21:25:27.306+0800`appName=oms`hostName=docker-20`logLevel= INFO`msg=Refreshing org.springframework.boot.web.servlet.context.AnnotationConfigServletWebServerApplicationContext@79da1ec0: startup date [Mon Apr 29 21:25:27 CST 2019]; root of context hierarchy
time=2019-04-29T21:25:30.191+0800`appName=oms`hostName=docker-20`logLevel= WARN`msg=No MyBatis mapper was found in '[com.zy.project.mapper]' package. Please check your configuration.
time=2019-04-29T21:25:32.283+0800`appName=oms`hostName=docker-20`logLevel= INFO`msg=Tomcat initialized with port(s): 8083 (http)
time=2019-04-29T21:25:33.176+0800`appName=oms`hostName=docker-20`logLevel= INFO`msg=Servlet dispatcherServlet mapped to [/]
time=2019-04-29T21:25:33.188+0800`appName=oms`hostName=docker-20`logLevel= INFO`msg=Mapping filter: 'characterEncodingFilter' to: [/*]
time=2019-04-29T21:25:33.189+0800`appName=oms`hostName=docker-20`logLevel= INFO`msg=Mapping filter: 'hiddenHttpMethodFilter' to: [/*]
time=2019-04-29T21:25:33.189+0800`appName=oms`hostName=docker-20`logLevel= INFO`msg=Mapping filter: 'httpPutFormContentFilter' to: [/*]
time=2019-04-29T21:25:33.189+0800`appName=oms`hostName=docker-20`logLevel= INFO`msg=Mapping filter: 'requestContextFilter' to: [/*]
time=2019-04-29T21:25:34.015+0800`appName=oms`hostName=docker-20`logLevel= INFO`msg=HikariPool-1 - Starting...
time=2019-04-29T21:25:34.355+0800`appName=oms`hostName=docker-20`logLevel= INFO`msg=HikariPool-1 - Start completed.
time=2019-04-29T21:25:40.573+0800`appName=oms`hostName=docker-20`logLevel= INFO`msg=Tomcat started on port(s): 8083 (http) with context path ''
time=2019-04-29T21:25:40.583+0800`appName=oms`hostName=docker-20`logLevel= INFO`msg=Started Graduation1Application in 14.433 seconds (JVM running for 18.753)
time=2019-04-29T21:25:45.792+0800`appName=oms`hostName=docker-20`logLevel= INFO`msg=Starting without optional epoll library
time=2019-04-29T21:25:45.797+0800`appName=oms`hostName=docker-20`logLevel= INFO`msg=Starting without optional kqueue library
time=2019-04-29T21:29:02.655+0800`appName=oms`hostName=docker-20`logLevel= INFO`msg=Starting Graduation1Application on DESKTOP-Q8HC681 with PID 1676 (F:\idea\graduation1\target\classes started by pcdn in F:\idea\graduation1)
time=2019-04-29T21:29:02.668+0800`appName=oms`hostName=docker-20`logLevel= INFO`msg=The following profiles are active: dev
time=2019-04-29T21:29:02.894+0800`appName=oms`hostName=docker-20`logLevel= INFO`msg=Refreshing org.springframework.boot.web.servlet.context.AnnotationConfigServletWebServerApplicationContext@2dbe250d: startup date [Mon Apr 29 21:29:02 CST 2019]; root of context hierarchy
time=2019-04-29T21:29:05.826+0800`appName=oms`hostName=docker-20`logLevel= WARN`msg=No MyBatis mapper was found in '[com.zy.project.mapper]' package. Please check your configuration.
time=2019-04-29T21:29:07.815+0800`appName=oms`hostName=docker-20`logLevel= INFO`msg=Tomcat initialized with port(s): 8083 (http)
time=2019-04-29T21:29:08.617+0800`appName=oms`hostName=docker-20`logLevel= INFO`msg=Servlet dispatcherServlet mapped to [/]
time=2019-04-29T21:29:08.627+0800`appName=oms`hostName=docker-20`logLevel= INFO`msg=Mapping filter: 'characterEncodingFilter' to: [/*]
time=2019-04-29T21:29:08.628+0800`appName=oms`hostName=docker-20`logLevel= INFO`msg=Mapping filter: 'hiddenHttpMethodFilter' to: [/*]
time=2019-04-29T21:29:08.628+0800`appName=oms`hostName=docker-20`logLevel= INFO`msg=Mapping filter: 'httpPutFormContentFilter' to: [/*]
time=2019-04-29T21:29:08.628+0800`appName=oms`hostName=docker-20`logLevel= INFO`msg=Mapping filter: 'requestContextFilter' to: [/*]
time=2019-04-29T21:29:09.341+0800`appName=oms`hostName=docker-20`logLevel= INFO`msg=HikariPool-1 - Starting...
time=2019-04-29T21:29:09.657+0800`appName=oms`hostName=docker-20`logLevel= INFO`msg=HikariPool-1 - Start completed.
time=2019-04-29T21:29:15.869+0800`appName=oms`hostName=docker-20`logLevel= INFO`msg=Tomcat started on port(s): 8083 (http) with context path ''
time=2019-04-29T21:29:15.878+0800`appName=oms`hostName=docker-20`logLevel= INFO`msg=Started Graduation1Application in 14.143 seconds (JVM running for 18.69)
time=2019-04-29T21:30:28.391+0800`appName=oms`hostName=docker-20`logLevel= INFO`msg=Starting without optional epoll library
time=2019-04-29T21:30:28.395+0800`appName=oms`hostName=docker-20`logLevel= INFO`msg=Starting without optional kqueue library
time=2019-04-29T21:32:04.108+0800`appName=oms`hostName=docker-20`logLevel= WARN`msg=HikariPool-1 - Thread starvation or clock leap detected (housekeeper delta=54s342ms479µs778ns).
time=2019-04-29T21:41:48.575+0800`appName=oms`hostName=docker-20`logLevel= INFO`msg=Starting Graduation1Application on DESKTOP-Q8HC681 with PID 10976 (F:\idea\graduation1\target\classes started by pcdn in F:\idea\graduation1)
time=2019-04-29T21:41:48.597+0800`appName=oms`hostName=docker-20`logLevel= INFO`msg=The following profiles are active: dev
time=2019-04-29T21:41:48.899+0800`appName=oms`hostName=docker-20`logLevel= INFO`msg=Refreshing org.springframework.boot.web.servlet.context.AnnotationConfigServletWebServerApplicationContext@1991f767: startup date [Mon Apr 29 21:41:48 CST 2019]; root of context hierarchy
time=2019-04-29T21:41:52.287+0800`appName=oms`hostName=docker-20`logLevel= WARN`msg=No MyBatis mapper was found in '[com.zy.project.mapper]' package. Please check your configuration.
time=2019-04-29T21:41:54.304+0800`appName=oms`hostName=docker-20`logLevel= INFO`msg=Tomcat initialized with port(s): 8083 (http)
time=2019-04-29T21:41:55.164+0800`appName=oms`hostName=docker-20`logLevel= INFO`msg=Servlet dispatcherServlet mapped to [/]
time=2019-04-29T21:41:55.173+0800`appName=oms`hostName=docker-20`logLevel= INFO`msg=Mapping filter: 'characterEncodingFilter' to: [/*]
time=2019-04-29T21:41:55.173+0800`appName=oms`hostName=docker-20`logLevel= INFO`msg=Mapping filter: 'hiddenHttpMethodFilter' to: [/*]
time=2019-04-29T21:41:55.173+0800`appName=oms`hostName=docker-20`logLevel= INFO`msg=Mapping filter: 'httpPutFormContentFilter' to: [/*]
time=2019-04-29T21:41:55.174+0800`appName=oms`hostName=docker-20`logLevel= INFO`msg=Mapping filter: 'requestContextFilter' to: [/*]
time=2019-04-29T21:41:55.937+0800`appName=oms`hostName=docker-20`logLevel= INFO`msg=HikariPool-1 - Starting...
time=2019-04-29T21:41:56.256+0800`appName=oms`hostName=docker-20`logLevel= INFO`msg=HikariPool-1 - Start completed.
time=2019-04-29T21:42:12.099+0800`appName=oms`hostName=docker-20`logLevel= INFO`msg=Tomcat started on port(s): 8083 (http) with context path ''
time=2019-04-29T21:42:12.110+0800`appName=oms`hostName=docker-20`logLevel= INFO`msg=Started Graduation1Application in 25.171 seconds (JVM running for 32.023)
time=2019-04-29T21:44:19.506+0800`appName=oms`hostName=docker-20`logLevel= INFO`msg=Starting Graduation1Application on DESKTOP-Q8HC681 with PID 14332 (F:\idea\graduation1\target\classes started by pcdn in F:\idea\graduation1)
time=2019-04-29T21:44:19.518+0800`appName=oms`hostName=docker-20`logLevel= INFO`msg=The following profiles are active: dev
time=2019-04-29T21:44:19.749+0800`appName=oms`hostName=docker-20`logLevel= INFO`msg=Refreshing org.springframework.boot.web.servlet.context.AnnotationConfigServletWebServerApplicationContext@12bfd80d: startup date [Mon Apr 29 21:44:19 CST 2019]; root of context hierarchy
time=2019-04-29T21:44:22.484+0800`appName=oms`hostName=docker-20`logLevel= WARN`msg=No MyBatis mapper was found in '[com.zy.project.mapper]' package. Please check your configuration.
time=2019-04-29T21:44:24.394+0800`appName=oms`hostName=docker-20`logLevel= INFO`msg=Tomcat initialized with port(s): 8083 (http)
time=2019-04-29T21:44:25.291+0800`appName=oms`hostName=docker-20`logLevel= INFO`msg=Servlet dispatcherServlet mapped to [/]
time=2019-04-29T21:44:25.335+0800`appName=oms`hostName=docker-20`logLevel= INFO`msg=Mapping filter: 'characterEncodingFilter' to: [/*]
time=2019-04-29T21:44:25.335+0800`appName=oms`hostName=docker-20`logLevel= INFO`msg=Mapping filter: 'hiddenHttpMethodFilter' to: [/*]
time=2019-04-29T21:44:25.336+0800`appName=oms`hostName=docker-20`logLevel= INFO`msg=Mapping filter: 'httpPutFormContentFilter' to: [/*]
time=2019-04-29T21:44:25.336+0800`appName=oms`hostName=docker-20`logLevel= INFO`msg=Mapping filter: 'requestContextFilter' to: [/*]
time=2019-04-29T21:44:26.130+0800`appName=oms`hostName=docker-20`logLevel= INFO`msg=HikariPool-1 - Starting...
time=2019-04-29T21:44:26.476+0800`appName=oms`hostName=docker-20`logLevel= INFO`msg=HikariPool-1 - Start completed.
time=2019-04-29T21:44:33.284+0800`appName=oms`hostName=docker-20`logLevel= INFO`msg=Tomcat started on port(s): 8083 (http) with context path ''
time=2019-04-29T21:44:33.294+0800`appName=oms`hostName=docker-20`logLevel= INFO`msg=Started Graduation1Application in 14.666 seconds (JVM running for 19.017)
time=2019-04-29T21:44:34.035+0800`appName=oms`hostName=docker-20`logLevel= INFO`msg=Starting without optional epoll library
time=2019-04-29T21:44:34.040+0800`appName=oms`hostName=docker-20`logLevel= INFO`msg=Starting without optional kqueue library
