time=2019-03-12T08:41:22.853+0800`appName=oms`hostName=docker-20`logLevel= WARN`msg=HikariPool-1 - Thread starvation or clock leap detected (housekeeper delta=12h20m59s197ms96µs576ns).
time=2019-03-12T11:51:38.670+0800`appName=oms`hostName=docker-20`logLevel= INFO`msg=Starting Graduation1Application on DESKTOP-Q8HC681 with PID 10036 (F:\idea\graduation1\target\classes started by pcdn in F:\idea\graduation1)
time=2019-03-12T11:51:38.702+0800`appName=oms`hostName=docker-20`logLevel= INFO`msg=The following profiles are active: dev
time=2019-03-12T11:51:38.955+0800`appName=oms`hostName=docker-20`logLevel= INFO`msg=Refreshing org.springframework.boot.web.servlet.context.AnnotationConfigServletWebServerApplicationContext@3a94964: startup date [Tue Mar 12 11:51:38 CST 2019]; root of context hierarchy
time=2019-03-12T11:51:41.822+0800`appName=oms`hostName=docker-20`logLevel= WARN`msg=No MyBatis mapper was found in '[com.zy.project.mapper]' package. Please check your configuration.
time=2019-03-12T11:51:44.594+0800`appName=oms`hostName=docker-20`logLevel= INFO`msg=Tomcat initialized with port(s): 8083 (http)
time=2019-03-12T11:51:45.558+0800`appName=oms`hostName=docker-20`logLevel= INFO`msg=Servlet dispatcherServlet mapped to [/]
time=2019-03-12T11:51:45.571+0800`appName=oms`hostName=docker-20`logLevel= INFO`msg=Mapping filter: 'characterEncodingFilter' to: [/*]
time=2019-03-12T11:51:45.572+0800`appName=oms`hostName=docker-20`logLevel= INFO`msg=Mapping filter: 'hiddenHttpMethodFilter' to: [/*]
time=2019-03-12T11:51:45.573+0800`appName=oms`hostName=docker-20`logLevel= INFO`msg=Mapping filter: 'httpPutFormContentFilter' to: [/*]
time=2019-03-12T11:51:45.573+0800`appName=oms`hostName=docker-20`logLevel= INFO`msg=Mapping filter: 'requestContextFilter' to: [/*]
time=2019-03-12T11:51:46.762+0800`appName=oms`hostName=docker-20`logLevel= INFO`msg=HikariPool-1 - Starting...
time=2019-03-12T11:51:47.209+0800`appName=oms`hostName=docker-20`logLevel= INFO`msg=HikariPool-1 - Start completed.
time=2019-03-12T11:51:54.051+0800`appName=oms`hostName=docker-20`logLevel= INFO`msg=Tomcat started on port(s): 8083 (http) with context path ''
time=2019-03-12T11:51:54.061+0800`appName=oms`hostName=docker-20`logLevel= INFO`msg=Started Graduation1Application in 16.456 seconds (JVM running for 27.204)
time=2019-03-12T13:01:51.585+0800`appName=oms`hostName=docker-20`logLevel= INFO`msg=Starting without optional epoll library
time=2019-03-12T13:01:51.605+0800`appName=oms`hostName=docker-20`logLevel= INFO`msg=Starting without optional kqueue library
time=2019-03-12T13:06:06.217+0800`appName=oms`hostName=docker-20`logLevel= INFO`msg=Starting Graduation1Application on DESKTOP-Q8HC681 with PID 15136 (F:\idea\graduation1\target\classes started by pcdn in F:\idea\graduation1)
time=2019-03-12T13:06:06.261+0800`appName=oms`hostName=docker-20`logLevel= INFO`msg=The following profiles are active: dev
time=2019-03-12T13:06:06.489+0800`appName=oms`hostName=docker-20`logLevel= INFO`msg=Refreshing org.springframework.boot.web.servlet.context.AnnotationConfigServletWebServerApplicationContext@4fc5e095: startup date [Tue Mar 12 13:06:06 CST 2019]; root of context hierarchy
time=2019-03-12T13:06:08.844+0800`appName=oms`hostName=docker-20`logLevel= WARN`msg=No MyBatis mapper was found in '[com.zy.project.mapper]' package. Please check your configuration.
time=2019-03-12T13:06:11.343+0800`appName=oms`hostName=docker-20`logLevel= INFO`msg=Tomcat initialized with port(s): 8083 (http)
time=2019-03-12T13:06:12.313+0800`appName=oms`hostName=docker-20`logLevel= INFO`msg=Servlet dispatcherServlet mapped to [/]
time=2019-03-12T13:06:12.328+0800`appName=oms`hostName=docker-20`logLevel= INFO`msg=Mapping filter: 'characterEncodingFilter' to: [/*]
time=2019-03-12T13:06:12.329+0800`appName=oms`hostName=docker-20`logLevel= INFO`msg=Mapping filter: 'hiddenHttpMethodFilter' to: [/*]
time=2019-03-12T13:06:12.331+0800`appName=oms`hostName=docker-20`logLevel= INFO`msg=Mapping filter: 'httpPutFormContentFilter' to: [/*]
time=2019-03-12T13:06:12.332+0800`appName=oms`hostName=docker-20`logLevel= INFO`msg=Mapping filter: 'requestContextFilter' to: [/*]
time=2019-03-12T13:06:13.411+0800`appName=oms`hostName=docker-20`logLevel= INFO`msg=HikariPool-1 - Starting...
time=2019-03-12T13:06:13.884+0800`appName=oms`hostName=docker-20`logLevel= INFO`msg=HikariPool-1 - Start completed.
time=2019-03-12T13:06:20.048+0800`appName=oms`hostName=docker-20`logLevel= INFO`msg=Tomcat started on port(s): 8083 (http) with context path ''
time=2019-03-12T13:06:20.058+0800`appName=oms`hostName=docker-20`logLevel= INFO`msg=Started Graduation1Application in 14.956 seconds (JVM running for 20.585)
time=2019-03-12T13:08:35.111+0800`appName=oms`hostName=docker-20`logLevel= INFO`msg=Starting without optional epoll library
time=2019-03-12T13:08:35.117+0800`appName=oms`hostName=docker-20`logLevel= INFO`msg=Starting without optional kqueue library
time=2019-03-12T21:10:46.733+0800`appName=oms`hostName=docker-20`logLevel= INFO`msg=Starting Graduation1Application on DESKTOP-Q8HC681 with PID 3932 (F:\idea\graduation1\target\classes started by pcdn in F:\idea\graduation1)
time=2019-03-12T21:10:46.854+0800`appName=oms`hostName=docker-20`logLevel= INFO`msg=The following profiles are active: dev
time=2019-03-12T21:10:47.016+0800`appName=oms`hostName=docker-20`logLevel= INFO`msg=Refreshing org.springframework.boot.web.servlet.context.AnnotationConfigServletWebServerApplicationContext@f74e835: startup date [Tue Mar 12 21:10:47 CST 2019]; root of context hierarchy
time=2019-03-12T21:10:49.749+0800`appName=oms`hostName=docker-20`logLevel= WARN`msg=No MyBatis mapper was found in '[com.zy.project.mapper]' package. Please check your configuration.
time=2019-03-12T21:10:52.541+0800`appName=oms`hostName=docker-20`logLevel= INFO`msg=Tomcat initialized with port(s): 8083 (http)
time=2019-03-12T21:10:53.751+0800`appName=oms`hostName=docker-20`logLevel= INFO`msg=Servlet dispatcherServlet mapped to [/]
time=2019-03-12T21:10:53.765+0800`appName=oms`hostName=docker-20`logLevel= INFO`msg=Mapping filter: 'characterEncodingFilter' to: [/*]
time=2019-03-12T21:10:53.766+0800`appName=oms`hostName=docker-20`logLevel= INFO`msg=Mapping filter: 'hiddenHttpMethodFilter' to: [/*]
time=2019-03-12T21:10:53.766+0800`appName=oms`hostName=docker-20`logLevel= INFO`msg=Mapping filter: 'httpPutFormContentFilter' to: [/*]
time=2019-03-12T21:10:53.766+0800`appName=oms`hostName=docker-20`logLevel= INFO`msg=Mapping filter: 'requestContextFilter' to: [/*]
time=2019-03-12T21:10:54.703+0800`appName=oms`hostName=docker-20`logLevel= INFO`msg=HikariPool-1 - Starting...
time=2019-03-12T21:10:55.102+0800`appName=oms`hostName=docker-20`logLevel= INFO`msg=HikariPool-1 - Start completed.
time=2019-03-12T21:11:01.441+0800`appName=oms`hostName=docker-20`logLevel= INFO`msg=Tomcat started on port(s): 8083 (http) with context path ''
time=2019-03-12T21:11:01.454+0800`appName=oms`hostName=docker-20`logLevel= INFO`msg=Started Graduation1Application in 15.722 seconds (JVM running for 20.331)
time=2019-03-12T21:11:34.780+0800`appName=oms`hostName=docker-20`logLevel= INFO`msg=Starting without optional epoll library
time=2019-03-12T21:11:34.787+0800`appName=oms`hostName=docker-20`logLevel= INFO`msg=Starting without optional kqueue library
time=2019-03-12T21:25:32.202+0800`appName=oms`hostName=docker-20`logLevel= INFO`msg=Starting Graduation1Application on DESKTOP-Q8HC681 with PID 9680 (F:\idea\graduation1\target\classes started by pcdn in F:\idea\graduation1)
time=2019-03-12T21:25:32.217+0800`appName=oms`hostName=docker-20`logLevel= INFO`msg=The following profiles are active: dev
time=2019-03-12T21:25:32.421+0800`appName=oms`hostName=docker-20`logLevel= INFO`msg=Refreshing org.springframework.boot.web.servlet.context.AnnotationConfigServletWebServerApplicationContext@22d6f11: startup date [Tue Mar 12 21:25:32 CST 2019]; root of context hierarchy
time=2019-03-12T21:25:34.711+0800`appName=oms`hostName=docker-20`logLevel= WARN`msg=No MyBatis mapper was found in '[com.zy.project.mapper]' package. Please check your configuration.
time=2019-03-12T21:25:36.648+0800`appName=oms`hostName=docker-20`logLevel= INFO`msg=Tomcat initialized with port(s): 8083 (http)
time=2019-03-12T21:25:37.414+0800`appName=oms`hostName=docker-20`logLevel= INFO`msg=Servlet dispatcherServlet mapped to [/]
time=2019-03-12T21:25:37.430+0800`appName=oms`hostName=docker-20`logLevel= INFO`msg=Mapping filter: 'characterEncodingFilter' to: [/*]
time=2019-03-12T21:25:37.430+0800`appName=oms`hostName=docker-20`logLevel= INFO`msg=Mapping filter: 'hiddenHttpMethodFilter' to: [/*]
time=2019-03-12T21:25:37.430+0800`appName=oms`hostName=docker-20`logLevel= INFO`msg=Mapping filter: 'httpPutFormContentFilter' to: [/*]
time=2019-03-12T21:25:37.430+0800`appName=oms`hostName=docker-20`logLevel= INFO`msg=Mapping filter: 'requestContextFilter' to: [/*]
time=2019-03-12T21:25:38.309+0800`appName=oms`hostName=docker-20`logLevel= INFO`msg=HikariPool-1 - Starting...
time=2019-03-12T21:25:38.731+0800`appName=oms`hostName=docker-20`logLevel= INFO`msg=HikariPool-1 - Start completed.
time=2019-03-12T21:25:44.516+0800`appName=oms`hostName=docker-20`logLevel= INFO`msg=Tomcat started on port(s): 8083 (http) with context path ''
time=2019-03-12T21:25:44.532+0800`appName=oms`hostName=docker-20`logLevel= INFO`msg=Started Graduation1Application in 13.28 seconds (JVM running for 17.489)
time=2019-03-12T21:25:57.446+0800`appName=oms`hostName=docker-20`logLevel= INFO`msg=Starting without optional epoll library
time=2019-03-12T21:25:57.450+0800`appName=oms`hostName=docker-20`logLevel= INFO`msg=Starting without optional kqueue library
time=2019-03-12T21:51:32.253+0800`appName=oms`hostName=docker-20`logLevel= INFO`msg=Starting Graduation1Application on DESKTOP-Q8HC681 with PID 6256 (F:\idea\graduation1\target\classes started by pcdn in F:\idea\graduation1)
time=2019-03-12T21:51:32.362+0800`appName=oms`hostName=docker-20`logLevel= INFO`msg=The following profiles are active: dev
time=2019-03-12T21:51:32.503+0800`appName=oms`hostName=docker-20`logLevel= INFO`msg=Refreshing org.springframework.boot.web.servlet.context.AnnotationConfigServletWebServerApplicationContext@6b9ce1bf: startup date [Tue Mar 12 21:51:32 CST 2019]; root of context hierarchy
time=2019-03-12T21:51:34.488+0800`appName=oms`hostName=docker-20`logLevel= WARN`msg=No MyBatis mapper was found in '[com.zy.project.mapper]' package. Please check your configuration.
time=2019-03-12T21:51:36.587+0800`appName=oms`hostName=docker-20`logLevel= INFO`msg=Tomcat initialized with port(s): 8083 (http)
time=2019-03-12T21:51:37.338+0800`appName=oms`hostName=docker-20`logLevel= INFO`msg=Servlet dispatcherServlet mapped to [/]
time=2019-03-12T21:51:37.354+0800`appName=oms`hostName=docker-20`logLevel= INFO`msg=Mapping filter: 'characterEncodingFilter' to: [/*]
time=2019-03-12T21:51:37.354+0800`appName=oms`hostName=docker-20`logLevel= INFO`msg=Mapping filter: 'hiddenHttpMethodFilter' to: [/*]
time=2019-03-12T21:51:37.354+0800`appName=oms`hostName=docker-20`logLevel= INFO`msg=Mapping filter: 'httpPutFormContentFilter' to: [/*]
time=2019-03-12T21:51:37.369+0800`appName=oms`hostName=docker-20`logLevel= INFO`msg=Mapping filter: 'requestContextFilter' to: [/*]
time=2019-03-12T21:51:38.133+0800`appName=oms`hostName=docker-20`logLevel= INFO`msg=HikariPool-1 - Starting...
time=2019-03-12T21:51:38.446+0800`appName=oms`hostName=docker-20`logLevel= INFO`msg=HikariPool-1 - Start completed.
time=2019-03-12T21:51:43.453+0800`appName=oms`hostName=docker-20`logLevel= INFO`msg=Tomcat started on port(s): 8083 (http) with context path ''
time=2019-03-12T21:51:43.469+0800`appName=oms`hostName=docker-20`logLevel= INFO`msg=Started Graduation1Application in 12.095 seconds (JVM running for 16.132)
time=2019-03-12T21:52:06.863+0800`appName=oms`hostName=docker-20`logLevel= INFO`msg=Starting without optional epoll library
time=2019-03-12T21:52:06.867+0800`appName=oms`hostName=docker-20`logLevel= INFO`msg=Starting without optional kqueue library
time=2019-03-12T21:53:35.045+0800`appName=oms`hostName=docker-20`logLevel= INFO`msg=Starting Graduation1Application on DESKTOP-Q8HC681 with PID 9628 (F:\idea\graduation1\target\classes started by pcdn in F:\idea\graduation1)
time=2019-03-12T21:53:35.080+0800`appName=oms`hostName=docker-20`logLevel= INFO`msg=The following profiles are active: dev
time=2019-03-12T21:53:35.259+0800`appName=oms`hostName=docker-20`logLevel= INFO`msg=Refreshing org.springframework.boot.web.servlet.context.AnnotationConfigServletWebServerApplicationContext@609640d5: startup date [Tue Mar 12 21:53:35 CST 2019]; root of context hierarchy
time=2019-03-12T21:53:37.272+0800`appName=oms`hostName=docker-20`logLevel= WARN`msg=No MyBatis mapper was found in '[com.zy.project.mapper]' package. Please check your configuration.
time=2019-03-12T21:53:39.157+0800`appName=oms`hostName=docker-20`logLevel= INFO`msg=Tomcat initialized with port(s): 8083 (http)
time=2019-03-12T21:53:39.922+0800`appName=oms`hostName=docker-20`logLevel= INFO`msg=Servlet dispatcherServlet mapped to [/]
time=2019-03-12T21:53:39.922+0800`appName=oms`hostName=docker-20`logLevel= INFO`msg=Mapping filter: 'characterEncodingFilter' to: [/*]
time=2019-03-12T21:53:39.922+0800`appName=oms`hostName=docker-20`logLevel= INFO`msg=Mapping filter: 'hiddenHttpMethodFilter' to: [/*]
time=2019-03-12T21:53:39.922+0800`appName=oms`hostName=docker-20`logLevel= INFO`msg=Mapping filter: 'httpPutFormContentFilter' to: [/*]
time=2019-03-12T21:53:39.922+0800`appName=oms`hostName=docker-20`logLevel= INFO`msg=Mapping filter: 'requestContextFilter' to: [/*]
time=2019-03-12T21:53:40.729+0800`appName=oms`hostName=docker-20`logLevel= INFO`msg=HikariPool-1 - Starting...
time=2019-03-12T21:53:41.010+0800`appName=oms`hostName=docker-20`logLevel= INFO`msg=HikariPool-1 - Start completed.
time=2019-03-12T21:53:46.148+0800`appName=oms`hostName=docker-20`logLevel= INFO`msg=Tomcat started on port(s): 8083 (http) with context path ''
time=2019-03-12T21:53:46.164+0800`appName=oms`hostName=docker-20`logLevel= INFO`msg=Started Graduation1Application in 11.938 seconds (JVM running for 16.472)
time=2019-03-12T21:54:04.596+0800`appName=oms`hostName=docker-20`logLevel= INFO`msg=Starting without optional epoll library
time=2019-03-12T21:54:04.601+0800`appName=oms`hostName=docker-20`logLevel= INFO`msg=Starting without optional kqueue library
time=2019-03-12T21:54:55.367+0800`appName=oms`hostName=docker-20`logLevel= INFO`msg=Starting Graduation1Application on DESKTOP-Q8HC681 with PID 15788 (F:\idea\graduation1\target\classes started by pcdn in F:\idea\graduation1)
time=2019-03-12T21:54:55.382+0800`appName=oms`hostName=docker-20`logLevel= INFO`msg=The following profiles are active: dev
time=2019-03-12T21:54:55.570+0800`appName=oms`hostName=docker-20`logLevel= INFO`msg=Refreshing org.springframework.boot.web.servlet.context.AnnotationConfigServletWebServerApplicationContext@4c6daf0: startup date [Tue Mar 12 21:54:55 CST 2019]; root of context hierarchy
time=2019-03-12T21:54:56.983+0800`appName=oms`hostName=docker-20`logLevel= WARN`msg=No MyBatis mapper was found in '[com.zy.project.mapper]' package. Please check your configuration.
time=2019-03-12T21:54:59.366+0800`appName=oms`hostName=docker-20`logLevel= INFO`msg=Tomcat initialized with port(s): 8083 (http)
time=2019-03-12T21:55:00.222+0800`appName=oms`hostName=docker-20`logLevel= INFO`msg=Servlet dispatcherServlet mapped to [/]
time=2019-03-12T21:55:00.238+0800`appName=oms`hostName=docker-20`logLevel= INFO`msg=Mapping filter: 'characterEncodingFilter' to: [/*]
time=2019-03-12T21:55:00.238+0800`appName=oms`hostName=docker-20`logLevel= INFO`msg=Mapping filter: 'hiddenHttpMethodFilter' to: [/*]
time=2019-03-12T21:55:00.238+0800`appName=oms`hostName=docker-20`logLevel= INFO`msg=Mapping filter: 'httpPutFormContentFilter' to: [/*]
time=2019-03-12T21:55:00.238+0800`appName=oms`hostName=docker-20`logLevel= INFO`msg=Mapping filter: 'requestContextFilter' to: [/*]
time=2019-03-12T21:55:01.113+0800`appName=oms`hostName=docker-20`logLevel= INFO`msg=HikariPool-1 - Starting...
time=2019-03-12T21:55:01.441+0800`appName=oms`hostName=docker-20`logLevel= INFO`msg=HikariPool-1 - Start completed.
time=2019-03-12T21:55:07.075+0800`appName=oms`hostName=docker-20`logLevel= INFO`msg=Tomcat started on port(s): 8083 (http) with context path ''
time=2019-03-12T21:55:07.090+0800`appName=oms`hostName=docker-20`logLevel= INFO`msg=Started Graduation1Application in 12.68 seconds (JVM running for 17.045)
time=2019-03-12T21:59:26.327+0800`appName=oms`hostName=docker-20`logLevel= INFO`msg=Starting Graduation1Application on DESKTOP-Q8HC681 with PID 9588 (F:\idea\graduation1\target\classes started by pcdn in F:\idea\graduation1)
time=2019-03-12T21:59:26.338+0800`appName=oms`hostName=docker-20`logLevel= INFO`msg=The following profiles are active: dev
time=2019-03-12T21:59:26.823+0800`appName=oms`hostName=docker-20`logLevel= INFO`msg=Refreshing org.springframework.boot.web.servlet.context.AnnotationConfigServletWebServerApplicationContext@72cf2de5: startup date [Tue Mar 12 21:59:26 CST 2019]; root of context hierarchy
time=2019-03-12T21:59:29.471+0800`appName=oms`hostName=docker-20`logLevel= WARN`msg=No MyBatis mapper was found in '[com.zy.project.mapper]' package. Please check your configuration.
time=2019-03-12T21:59:32.372+0800`appName=oms`hostName=docker-20`logLevel= INFO`msg=Tomcat initialized with port(s): 8083 (http)
time=2019-03-12T21:59:33.200+0800`appName=oms`hostName=docker-20`logLevel= INFO`msg=Servlet dispatcherServlet mapped to [/]
time=2019-03-12T21:59:33.213+0800`appName=oms`hostName=docker-20`logLevel= INFO`msg=Mapping filter: 'characterEncodingFilter' to: [/*]
time=2019-03-12T21:59:33.213+0800`appName=oms`hostName=docker-20`logLevel= INFO`msg=Mapping filter: 'hiddenHttpMethodFilter' to: [/*]
time=2019-03-12T21:59:33.213+0800`appName=oms`hostName=docker-20`logLevel= INFO`msg=Mapping filter: 'httpPutFormContentFilter' to: [/*]
time=2019-03-12T21:59:33.214+0800`appName=oms`hostName=docker-20`logLevel= INFO`msg=Mapping filter: 'requestContextFilter' to: [/*]
time=2019-03-12T21:59:35.126+0800`appName=oms`hostName=docker-20`logLevel= INFO`msg=HikariPool-1 - Starting...
time=2019-03-12T21:59:35.571+0800`appName=oms`hostName=docker-20`logLevel= INFO`msg=HikariPool-1 - Start completed.
time=2019-03-12T21:59:42.219+0800`appName=oms`hostName=docker-20`logLevel= INFO`msg=Tomcat started on port(s): 8083 (http) with context path ''
time=2019-03-12T21:59:42.229+0800`appName=oms`hostName=docker-20`logLevel= INFO`msg=Started Graduation1Application in 17.329 seconds (JVM running for 25.461)
