time=2019-03-23T14:18:53.355+0800`appName=oms`hostName=docker-20`logLevel= INFO`msg=Starting Graduation1Application on DESKTOP-Q8HC681 with PID 9116 (F:\idea\graduation1\target\classes started by pcdn in F:\idea\graduation1)
time=2019-03-23T14:18:53.579+0800`appName=oms`hostName=docker-20`logLevel= INFO`msg=The following profiles are active: dev
time=2019-03-23T14:18:53.941+0800`appName=oms`hostName=docker-20`logLevel= INFO`msg=Refreshing org.springframework.boot.web.servlet.context.AnnotationConfigServletWebServerApplicationContext@3dddefd8: startup date [Sat Mar 23 14:18:53 CST 2019]; root of context hierarchy
time=2019-03-23T14:18:57.637+0800`appName=oms`hostName=docker-20`logLevel= WARN`msg=No MyBatis mapper was found in '[com.zy.project.mapper]' package. Please check your configuration.
time=2019-03-23T14:18:59.734+0800`appName=oms`hostName=docker-20`logLevel= INFO`msg=Tomcat initialized with port(s): 8083 (http)
time=2019-03-23T14:19:00.637+0800`appName=oms`hostName=docker-20`logLevel= INFO`msg=Servlet dispatcherServlet mapped to [/]
time=2019-03-23T14:19:00.648+0800`appName=oms`hostName=docker-20`logLevel= INFO`msg=Mapping filter: 'characterEncodingFilter' to: [/*]
time=2019-03-23T14:19:00.649+0800`appName=oms`hostName=docker-20`logLevel= INFO`msg=Mapping filter: 'hiddenHttpMethodFilter' to: [/*]
time=2019-03-23T14:19:00.649+0800`appName=oms`hostName=docker-20`logLevel= INFO`msg=Mapping filter: 'httpPutFormContentFilter' to: [/*]
time=2019-03-23T14:19:00.649+0800`appName=oms`hostName=docker-20`logLevel= INFO`msg=Mapping filter: 'requestContextFilter' to: [/*]
time=2019-03-23T14:19:01.612+0800`appName=oms`hostName=docker-20`logLevel= INFO`msg=HikariPool-1 - Starting...
time=2019-03-23T14:19:02.047+0800`appName=oms`hostName=docker-20`logLevel= INFO`msg=HikariPool-1 - Start completed.
time=2019-03-23T14:19:07.994+0800`appName=oms`hostName=docker-20`logLevel= INFO`msg=Tomcat started on port(s): 8083 (http) with context path ''
time=2019-03-23T14:19:08.003+0800`appName=oms`hostName=docker-20`logLevel= INFO`msg=Started Graduation1Application in 15.793 seconds (JVM running for 23.974)
time=2019-03-23T14:20:22.971+0800`appName=oms`hostName=docker-20`logLevel= INFO`msg=Starting without optional epoll library
time=2019-03-23T14:20:22.975+0800`appName=oms`hostName=docker-20`logLevel= INFO`msg=Starting without optional kqueue library
time=2019-03-23T14:34:29.469+0800`appName=oms`hostName=docker-20`logLevel= INFO`msg=Starting Graduation1Application on DESKTOP-Q8HC681 with PID 12120 (F:\idea\graduation1\target\classes started by pcdn in F:\idea\graduation1)
time=2019-03-23T14:34:29.487+0800`appName=oms`hostName=docker-20`logLevel= INFO`msg=The following profiles are active: dev
time=2019-03-23T14:34:29.761+0800`appName=oms`hostName=docker-20`logLevel= INFO`msg=Refreshing org.springframework.boot.web.servlet.context.AnnotationConfigServletWebServerApplicationContext@5bfa8cc5: startup date [Sat Mar 23 14:34:29 CST 2019]; root of context hierarchy
time=2019-03-23T14:34:32.961+0800`appName=oms`hostName=docker-20`logLevel= WARN`msg=No MyBatis mapper was found in '[com.zy.project.mapper]' package. Please check your configuration.
time=2019-03-23T14:34:35.624+0800`appName=oms`hostName=docker-20`logLevel= INFO`msg=Tomcat initialized with port(s): 8083 (http)
time=2019-03-23T14:34:36.819+0800`appName=oms`hostName=docker-20`logLevel= INFO`msg=Servlet dispatcherServlet mapped to [/]
time=2019-03-23T14:34:36.832+0800`appName=oms`hostName=docker-20`logLevel= INFO`msg=Mapping filter: 'characterEncodingFilter' to: [/*]
time=2019-03-23T14:34:36.834+0800`appName=oms`hostName=docker-20`logLevel= INFO`msg=Mapping filter: 'hiddenHttpMethodFilter' to: [/*]
time=2019-03-23T14:34:36.835+0800`appName=oms`hostName=docker-20`logLevel= INFO`msg=Mapping filter: 'httpPutFormContentFilter' to: [/*]
time=2019-03-23T14:34:36.835+0800`appName=oms`hostName=docker-20`logLevel= INFO`msg=Mapping filter: 'requestContextFilter' to: [/*]
time=2019-03-23T14:34:38.193+0800`appName=oms`hostName=docker-20`logLevel= INFO`msg=HikariPool-1 - Starting...
time=2019-03-23T14:34:38.733+0800`appName=oms`hostName=docker-20`logLevel= INFO`msg=HikariPool-1 - Start completed.
time=2019-03-23T14:34:46.567+0800`appName=oms`hostName=docker-20`logLevel= INFO`msg=Tomcat started on port(s): 8083 (http) with context path ''
time=2019-03-23T14:34:46.577+0800`appName=oms`hostName=docker-20`logLevel= INFO`msg=Started Graduation1Application in 18.376 seconds (JVM running for 24.076)
time=2019-03-23T14:34:53.744+0800`appName=oms`hostName=docker-20`logLevel= INFO`msg=Starting without optional epoll library
time=2019-03-23T14:34:53.749+0800`appName=oms`hostName=docker-20`logLevel= INFO`msg=Starting without optional kqueue library
time=2019-03-23T14:40:38.496+0800`appName=oms`hostName=docker-20`logLevel= INFO`msg=Starting Graduation1Application on DESKTOP-Q8HC681 with PID 5988 (F:\idea\graduation1\target\classes started by pcdn in F:\idea\graduation1)
time=2019-03-23T14:40:38.509+0800`appName=oms`hostName=docker-20`logLevel= INFO`msg=The following profiles are active: dev
time=2019-03-23T14:40:38.808+0800`appName=oms`hostName=docker-20`logLevel= INFO`msg=Refreshing org.springframework.boot.web.servlet.context.AnnotationConfigServletWebServerApplicationContext@5316e95f: startup date [Sat Mar 23 14:40:38 CST 2019]; root of context hierarchy
time=2019-03-23T14:40:42.074+0800`appName=oms`hostName=docker-20`logLevel= WARN`msg=No MyBatis mapper was found in '[com.zy.project.mapper]' package. Please check your configuration.
time=2019-03-23T14:40:44.683+0800`appName=oms`hostName=docker-20`logLevel= INFO`msg=Tomcat initialized with port(s): 8083 (http)
time=2019-03-23T14:40:45.628+0800`appName=oms`hostName=docker-20`logLevel= INFO`msg=Servlet dispatcherServlet mapped to [/]
time=2019-03-23T14:40:45.641+0800`appName=oms`hostName=docker-20`logLevel= INFO`msg=Mapping filter: 'characterEncodingFilter' to: [/*]
time=2019-03-23T14:40:45.642+0800`appName=oms`hostName=docker-20`logLevel= INFO`msg=Mapping filter: 'hiddenHttpMethodFilter' to: [/*]
time=2019-03-23T14:40:45.642+0800`appName=oms`hostName=docker-20`logLevel= INFO`msg=Mapping filter: 'httpPutFormContentFilter' to: [/*]
time=2019-03-23T14:40:45.642+0800`appName=oms`hostName=docker-20`logLevel= INFO`msg=Mapping filter: 'requestContextFilter' to: [/*]
time=2019-03-23T14:40:46.594+0800`appName=oms`hostName=docker-20`logLevel= INFO`msg=HikariPool-1 - Starting...
time=2019-03-23T14:40:46.970+0800`appName=oms`hostName=docker-20`logLevel= INFO`msg=HikariPool-1 - Start completed.
time=2019-03-23T14:40:53.957+0800`appName=oms`hostName=docker-20`logLevel= INFO`msg=Tomcat started on port(s): 8083 (http) with context path ''
time=2019-03-23T14:40:53.969+0800`appName=oms`hostName=docker-20`logLevel= INFO`msg=Started Graduation1Application in 16.615 seconds (JVM running for 22.471)
time=2019-03-23T14:40:57.689+0800`appName=oms`hostName=docker-20`logLevel= INFO`msg=Starting without optional epoll library
time=2019-03-23T14:40:57.694+0800`appName=oms`hostName=docker-20`logLevel= INFO`msg=Starting without optional kqueue library
