time=2019-04-27T13:18:41.775+0800`appName=oms`hostName=docker-20`logLevel= INFO`msg=Starting Graduation1Application on DESKTOP-Q8HC681 with PID 13620 (F:\idea\graduation1\target\classes started by pcdn in F:\idea\graduation1)
time=2019-04-27T13:18:41.934+0800`appName=oms`hostName=docker-20`logLevel= INFO`msg=The following profiles are active: dev
time=2019-04-27T13:18:42.063+0800`appName=oms`hostName=docker-20`logLevel= INFO`msg=Refreshing org.springframework.boot.web.servlet.context.AnnotationConfigServletWebServerApplicationContext@4bff1903: startup date [Sat Apr 27 13:18:42 CST 2019]; root of context hierarchy
time=2019-04-27T13:18:45.337+0800`appName=oms`hostName=docker-20`logLevel= WARN`msg=No MyBatis mapper was found in '[com.zy.project.mapper]' package. Please check your configuration.
time=2019-04-27T13:18:47.252+0800`appName=oms`hostName=docker-20`logLevel= INFO`msg=Tomcat initialized with port(s): 8083 (http)
time=2019-04-27T13:18:48.154+0800`appName=oms`hostName=docker-20`logLevel= INFO`msg=Servlet dispatcherServlet mapped to [/]
time=2019-04-27T13:18:48.167+0800`appName=oms`hostName=docker-20`logLevel= INFO`msg=Mapping filter: 'characterEncodingFilter' to: [/*]
time=2019-04-27T13:18:48.167+0800`appName=oms`hostName=docker-20`logLevel= INFO`msg=Mapping filter: 'hiddenHttpMethodFilter' to: [/*]
time=2019-04-27T13:18:48.167+0800`appName=oms`hostName=docker-20`logLevel= INFO`msg=Mapping filter: 'httpPutFormContentFilter' to: [/*]
time=2019-04-27T13:18:48.167+0800`appName=oms`hostName=docker-20`logLevel= INFO`msg=Mapping filter: 'requestContextFilter' to: [/*]
time=2019-04-27T13:18:48.850+0800`appName=oms`hostName=docker-20`logLevel= INFO`msg=HikariPool-1 - Starting...
time=2019-04-27T13:18:49.238+0800`appName=oms`hostName=docker-20`logLevel= INFO`msg=HikariPool-1 - Start completed.
time=2019-04-27T13:18:55.999+0800`appName=oms`hostName=docker-20`logLevel= INFO`msg=Tomcat started on port(s): 8083 (http) with context path ''
time=2019-04-27T13:18:56.010+0800`appName=oms`hostName=docker-20`logLevel= INFO`msg=Started Graduation1Application in 15.212 seconds (JVM running for 23.327)
time=2019-04-27T13:19:04.638+0800`appName=oms`hostName=docker-20`logLevel= INFO`msg=Starting without optional epoll library
time=2019-04-27T13:19:04.646+0800`appName=oms`hostName=docker-20`logLevel= INFO`msg=Starting without optional kqueue library
time=2019-04-27T13:33:48.007+0800`appName=oms`hostName=docker-20`logLevel= WARN`msg=HikariPool-1 - Thread starvation or clock leap detected (housekeeper delta=2m57s697ms412µs433ns).
time=2019-04-27T13:45:16.495+0800`appName=oms`hostName=docker-20`logLevel= INFO`msg=Starting Graduation1Application on DESKTOP-Q8HC681 with PID 5064 (F:\idea\graduation1\target\classes started by pcdn in F:\idea\graduation1)
time=2019-04-27T13:45:16.532+0800`appName=oms`hostName=docker-20`logLevel= INFO`msg=The following profiles are active: dev
time=2019-04-27T13:45:16.821+0800`appName=oms`hostName=docker-20`logLevel= INFO`msg=Refreshing org.springframework.boot.web.servlet.context.AnnotationConfigServletWebServerApplicationContext@4504d271: startup date [Sat Apr 27 13:45:16 CST 2019]; root of context hierarchy
time=2019-04-27T13:45:20.444+0800`appName=oms`hostName=docker-20`logLevel= WARN`msg=No MyBatis mapper was found in '[com.zy.project.mapper]' package. Please check your configuration.
time=2019-04-27T13:45:22.905+0800`appName=oms`hostName=docker-20`logLevel= INFO`msg=Tomcat initialized with port(s): 8083 (http)
time=2019-04-27T13:45:23.859+0800`appName=oms`hostName=docker-20`logLevel= INFO`msg=Servlet dispatcherServlet mapped to [/]
time=2019-04-27T13:45:23.870+0800`appName=oms`hostName=docker-20`logLevel= INFO`msg=Mapping filter: 'characterEncodingFilter' to: [/*]
time=2019-04-27T13:45:23.871+0800`appName=oms`hostName=docker-20`logLevel= INFO`msg=Mapping filter: 'hiddenHttpMethodFilter' to: [/*]
time=2019-04-27T13:45:23.871+0800`appName=oms`hostName=docker-20`logLevel= INFO`msg=Mapping filter: 'httpPutFormContentFilter' to: [/*]
time=2019-04-27T13:45:23.871+0800`appName=oms`hostName=docker-20`logLevel= INFO`msg=Mapping filter: 'requestContextFilter' to: [/*]
time=2019-04-27T13:45:24.912+0800`appName=oms`hostName=docker-20`logLevel= INFO`msg=HikariPool-1 - Starting...
time=2019-04-27T13:45:25.419+0800`appName=oms`hostName=docker-20`logLevel= INFO`msg=HikariPool-1 - Start completed.
time=2019-04-27T13:45:32.375+0800`appName=oms`hostName=docker-20`logLevel= INFO`msg=Tomcat started on port(s): 8083 (http) with context path ''
time=2019-04-27T13:45:32.386+0800`appName=oms`hostName=docker-20`logLevel= INFO`msg=Started Graduation1Application in 17.095 seconds (JVM running for 22.603)
time=2019-04-27T13:46:14.265+0800`appName=oms`hostName=docker-20`logLevel= INFO`msg=Starting Graduation1Application on DESKTOP-Q8HC681 with PID 14744 (F:\idea\graduation1\target\classes started by pcdn in F:\idea\graduation1)
time=2019-04-27T13:46:14.280+0800`appName=oms`hostName=docker-20`logLevel= INFO`msg=The following profiles are active: dev
time=2019-04-27T13:46:14.514+0800`appName=oms`hostName=docker-20`logLevel= INFO`msg=Refreshing org.springframework.boot.web.servlet.context.AnnotationConfigServletWebServerApplicationContext@54227100: startup date [Sat Apr 27 13:46:14 CST 2019]; root of context hierarchy
time=2019-04-27T13:46:17.292+0800`appName=oms`hostName=docker-20`logLevel= WARN`msg=No MyBatis mapper was found in '[com.zy.project.mapper]' package. Please check your configuration.
time=2019-04-27T13:46:19.422+0800`appName=oms`hostName=docker-20`logLevel= INFO`msg=Tomcat initialized with port(s): 8083 (http)
time=2019-04-27T13:46:20.274+0800`appName=oms`hostName=docker-20`logLevel= INFO`msg=Servlet dispatcherServlet mapped to [/]
time=2019-04-27T13:46:20.287+0800`appName=oms`hostName=docker-20`logLevel= INFO`msg=Mapping filter: 'characterEncodingFilter' to: [/*]
time=2019-04-27T13:46:20.288+0800`appName=oms`hostName=docker-20`logLevel= INFO`msg=Mapping filter: 'hiddenHttpMethodFilter' to: [/*]
time=2019-04-27T13:46:20.288+0800`appName=oms`hostName=docker-20`logLevel= INFO`msg=Mapping filter: 'httpPutFormContentFilter' to: [/*]
time=2019-04-27T13:46:20.289+0800`appName=oms`hostName=docker-20`logLevel= INFO`msg=Mapping filter: 'requestContextFilter' to: [/*]
time=2019-04-27T13:46:21.120+0800`appName=oms`hostName=docker-20`logLevel= INFO`msg=HikariPool-1 - Starting...
time=2019-04-27T13:46:21.453+0800`appName=oms`hostName=docker-20`logLevel= INFO`msg=HikariPool-1 - Start completed.
time=2019-04-27T13:46:27.555+0800`appName=oms`hostName=docker-20`logLevel= INFO`msg=Tomcat started on port(s): 8083 (http) with context path ''
time=2019-04-27T13:46:27.564+0800`appName=oms`hostName=docker-20`logLevel= INFO`msg=Started Graduation1Application in 14.326 seconds (JVM running for 19.826)
time=2019-04-27T13:46:55.375+0800`appName=oms`hostName=docker-20`logLevel= INFO`msg=Starting without optional epoll library
time=2019-04-27T13:46:55.381+0800`appName=oms`hostName=docker-20`logLevel= INFO`msg=Starting without optional kqueue library
time=2019-04-27T13:49:16.993+0800`appName=oms`hostName=docker-20`logLevel= INFO`msg=Starting Graduation1Application on DESKTOP-Q8HC681 with PID 2072 (F:\idea\graduation1\target\classes started by pcdn in F:\idea\graduation1)
time=2019-04-27T13:49:17.005+0800`appName=oms`hostName=docker-20`logLevel= INFO`msg=The following profiles are active: dev
time=2019-04-27T13:49:17.298+0800`appName=oms`hostName=docker-20`logLevel= INFO`msg=Refreshing org.springframework.boot.web.servlet.context.AnnotationConfigServletWebServerApplicationContext@75e01201: startup date [Sat Apr 27 13:49:17 CST 2019]; root of context hierarchy
time=2019-04-27T13:49:20.376+0800`appName=oms`hostName=docker-20`logLevel= WARN`msg=No MyBatis mapper was found in '[com.zy.project.mapper]' package. Please check your configuration.
time=2019-04-27T13:49:23.737+0800`appName=oms`hostName=docker-20`logLevel= INFO`msg=Tomcat initialized with port(s): 8083 (http)
time=2019-04-27T13:49:24.931+0800`appName=oms`hostName=docker-20`logLevel= INFO`msg=Servlet dispatcherServlet mapped to [/]
time=2019-04-27T13:49:24.946+0800`appName=oms`hostName=docker-20`logLevel= INFO`msg=Mapping filter: 'characterEncodingFilter' to: [/*]
time=2019-04-27T13:49:24.947+0800`appName=oms`hostName=docker-20`logLevel= INFO`msg=Mapping filter: 'hiddenHttpMethodFilter' to: [/*]
time=2019-04-27T13:49:24.947+0800`appName=oms`hostName=docker-20`logLevel= INFO`msg=Mapping filter: 'httpPutFormContentFilter' to: [/*]
time=2019-04-27T13:49:24.947+0800`appName=oms`hostName=docker-20`logLevel= INFO`msg=Mapping filter: 'requestContextFilter' to: [/*]
time=2019-04-27T13:49:25.844+0800`appName=oms`hostName=docker-20`logLevel= INFO`msg=HikariPool-1 - Starting...
time=2019-04-27T13:49:26.156+0800`appName=oms`hostName=docker-20`logLevel= INFO`msg=HikariPool-1 - Start completed.
time=2019-04-27T13:49:31.888+0800`appName=oms`hostName=docker-20`logLevel= INFO`msg=Tomcat started on port(s): 8083 (http) with context path ''
time=2019-04-27T13:49:31.898+0800`appName=oms`hostName=docker-20`logLevel= INFO`msg=Started Graduation1Application in 15.968 seconds (JVM running for 25.486)
time=2019-04-27T14:11:29.609+0800`appName=oms`hostName=docker-20`logLevel= INFO`msg=Starting without optional epoll library
time=2019-04-27T14:11:29.642+0800`appName=oms`hostName=docker-20`logLevel= INFO`msg=Starting without optional kqueue library
time=2019-04-27T20:08:20.123+0800`appName=oms`hostName=docker-20`logLevel= WARN`msg=HikariPool-1 - Thread starvation or clock leap detected (housekeeper delta=5h52m23s736ms535µs637ns).
time=2019-04-27T20:22:05.526+0800`appName=oms`hostName=docker-20`logLevel= INFO`msg=Starting Graduation1Application on DESKTOP-Q8HC681 with PID 15772 (F:\idea\graduation1\target\classes started by pcdn in F:\idea\graduation1)
time=2019-04-27T20:22:05.541+0800`appName=oms`hostName=docker-20`logLevel= INFO`msg=The following profiles are active: dev
time=2019-04-27T20:22:05.774+0800`appName=oms`hostName=docker-20`logLevel= INFO`msg=Refreshing org.springframework.boot.web.servlet.context.AnnotationConfigServletWebServerApplicationContext@5357c287: startup date [Sat Apr 27 20:22:05 CST 2019]; root of context hierarchy
time=2019-04-27T20:22:09.246+0800`appName=oms`hostName=docker-20`logLevel= WARN`msg=No MyBatis mapper was found in '[com.zy.project.mapper]' package. Please check your configuration.
time=2019-04-27T20:22:11.449+0800`appName=oms`hostName=docker-20`logLevel= INFO`msg=Tomcat initialized with port(s): 8083 (http)
time=2019-04-27T20:22:12.334+0800`appName=oms`hostName=docker-20`logLevel= INFO`msg=Servlet dispatcherServlet mapped to [/]
time=2019-04-27T20:22:12.349+0800`appName=oms`hostName=docker-20`logLevel= INFO`msg=Mapping filter: 'characterEncodingFilter' to: [/*]
time=2019-04-27T20:22:12.349+0800`appName=oms`hostName=docker-20`logLevel= INFO`msg=Mapping filter: 'hiddenHttpMethodFilter' to: [/*]
time=2019-04-27T20:22:12.349+0800`appName=oms`hostName=docker-20`logLevel= INFO`msg=Mapping filter: 'httpPutFormContentFilter' to: [/*]
time=2019-04-27T20:22:12.350+0800`appName=oms`hostName=docker-20`logLevel= INFO`msg=Mapping filter: 'requestContextFilter' to: [/*]
time=2019-04-27T20:22:13.348+0800`appName=oms`hostName=docker-20`logLevel= INFO`msg=HikariPool-1 - Starting...
time=2019-04-27T20:22:13.706+0800`appName=oms`hostName=docker-20`logLevel= INFO`msg=HikariPool-1 - Start completed.
time=2019-04-27T20:22:19.892+0800`appName=oms`hostName=docker-20`logLevel= INFO`msg=Tomcat started on port(s): 8083 (http) with context path ''
time=2019-04-27T20:22:19.901+0800`appName=oms`hostName=docker-20`logLevel= INFO`msg=Started Graduation1Application in 15.965 seconds (JVM running for 23.323)
time=2019-04-27T20:22:31.719+0800`appName=oms`hostName=docker-20`logLevel= INFO`msg=Starting without optional epoll library
time=2019-04-27T20:22:31.723+0800`appName=oms`hostName=docker-20`logLevel= INFO`msg=Starting without optional kqueue library
time=2019-04-27T20:33:26.567+0800`appName=oms`hostName=docker-20`logLevel= INFO`msg=Starting Graduation1Application on DESKTOP-Q8HC681 with PID 13760 (F:\idea\graduation1\target\classes started by pcdn in F:\idea\graduation1)
time=2019-04-27T20:33:26.579+0800`appName=oms`hostName=docker-20`logLevel= INFO`msg=The following profiles are active: dev
time=2019-04-27T20:33:26.798+0800`appName=oms`hostName=docker-20`logLevel= INFO`msg=Refreshing org.springframework.boot.web.servlet.context.AnnotationConfigServletWebServerApplicationContext@27305e6: startup date [Sat Apr 27 20:33:26 CST 2019]; root of context hierarchy
time=2019-04-27T20:33:30.241+0800`appName=oms`hostName=docker-20`logLevel= WARN`msg=No MyBatis mapper was found in '[com.zy.project.mapper]' package. Please check your configuration.
time=2019-04-27T20:33:32.508+0800`appName=oms`hostName=docker-20`logLevel= INFO`msg=Tomcat initialized with port(s): 8083 (http)
time=2019-04-27T20:33:33.416+0800`appName=oms`hostName=docker-20`logLevel= INFO`msg=Servlet dispatcherServlet mapped to [/]
time=2019-04-27T20:33:33.427+0800`appName=oms`hostName=docker-20`logLevel= INFO`msg=Mapping filter: 'characterEncodingFilter' to: [/*]
time=2019-04-27T20:33:33.428+0800`appName=oms`hostName=docker-20`logLevel= INFO`msg=Mapping filter: 'hiddenHttpMethodFilter' to: [/*]
time=2019-04-27T20:33:33.428+0800`appName=oms`hostName=docker-20`logLevel= INFO`msg=Mapping filter: 'httpPutFormContentFilter' to: [/*]
time=2019-04-27T20:33:33.428+0800`appName=oms`hostName=docker-20`logLevel= INFO`msg=Mapping filter: 'requestContextFilter' to: [/*]
time=2019-04-27T20:33:34.360+0800`appName=oms`hostName=docker-20`logLevel= INFO`msg=HikariPool-1 - Starting...
time=2019-04-27T20:33:34.909+0800`appName=oms`hostName=docker-20`logLevel= INFO`msg=HikariPool-1 - Start completed.
time=2019-04-27T20:33:43.143+0800`appName=oms`hostName=docker-20`logLevel= INFO`msg=Tomcat started on port(s): 8083 (http) with context path ''
time=2019-04-27T20:33:43.155+0800`appName=oms`hostName=docker-20`logLevel= INFO`msg=Started Graduation1Application in 17.55 seconds (JVM running for 23.206)
time=2019-04-27T20:33:51.838+0800`appName=oms`hostName=docker-20`logLevel= INFO`msg=Starting without optional epoll library
time=2019-04-27T20:33:51.849+0800`appName=oms`hostName=docker-20`logLevel= INFO`msg=Starting without optional kqueue library
time=2019-04-27T20:34:59.646+0800`appName=oms`hostName=docker-20`logLevel= INFO`msg=Starting Graduation1Application on DESKTOP-Q8HC681 with PID 17048 (F:\idea\graduation1\target\classes started by pcdn in F:\idea\graduation1)
time=2019-04-27T20:34:59.656+0800`appName=oms`hostName=docker-20`logLevel= INFO`msg=The following profiles are active: dev
time=2019-04-27T20:34:59.865+0800`appName=oms`hostName=docker-20`logLevel= INFO`msg=Refreshing org.springframework.boot.web.servlet.context.AnnotationConfigServletWebServerApplicationContext@a8c1f44: startup date [Sat Apr 27 20:34:59 CST 2019]; root of context hierarchy
time=2019-04-27T20:35:03.046+0800`appName=oms`hostName=docker-20`logLevel= WARN`msg=No MyBatis mapper was found in '[com.zy.project.mapper]' package. Please check your configuration.
time=2019-04-27T20:35:05.091+0800`appName=oms`hostName=docker-20`logLevel= INFO`msg=Tomcat initialized with port(s): 8083 (http)
time=2019-04-27T20:35:05.974+0800`appName=oms`hostName=docker-20`logLevel= INFO`msg=Servlet dispatcherServlet mapped to [/]
time=2019-04-27T20:35:05.985+0800`appName=oms`hostName=docker-20`logLevel= INFO`msg=Mapping filter: 'characterEncodingFilter' to: [/*]
time=2019-04-27T20:35:05.985+0800`appName=oms`hostName=docker-20`logLevel= INFO`msg=Mapping filter: 'hiddenHttpMethodFilter' to: [/*]
time=2019-04-27T20:35:05.986+0800`appName=oms`hostName=docker-20`logLevel= INFO`msg=Mapping filter: 'httpPutFormContentFilter' to: [/*]
time=2019-04-27T20:35:05.986+0800`appName=oms`hostName=docker-20`logLevel= INFO`msg=Mapping filter: 'requestContextFilter' to: [/*]
time=2019-04-27T20:35:06.682+0800`appName=oms`hostName=docker-20`logLevel= INFO`msg=HikariPool-1 - Starting...
time=2019-04-27T20:35:07.036+0800`appName=oms`hostName=docker-20`logLevel= INFO`msg=HikariPool-1 - Start completed.
time=2019-04-27T20:35:13.199+0800`appName=oms`hostName=docker-20`logLevel= INFO`msg=Tomcat started on port(s): 8083 (http) with context path ''
time=2019-04-27T20:35:13.207+0800`appName=oms`hostName=docker-20`logLevel= INFO`msg=Started Graduation1Application in 14.419 seconds (JVM running for 21.57)
time=2019-04-27T20:38:59.276+0800`appName=oms`hostName=docker-20`logLevel= INFO`msg=Starting Graduation1Application on DESKTOP-Q8HC681 with PID 11724 (F:\idea\graduation1\target\classes started by pcdn in F:\idea\graduation1)
time=2019-04-27T20:38:59.292+0800`appName=oms`hostName=docker-20`logLevel= INFO`msg=The following profiles are active: dev
time=2019-04-27T20:38:59.675+0800`appName=oms`hostName=docker-20`logLevel= INFO`msg=Refreshing org.springframework.boot.web.servlet.context.AnnotationConfigServletWebServerApplicationContext@42f33b5d: startup date [Sat Apr 27 20:38:59 CST 2019]; root of context hierarchy
time=2019-04-27T20:39:02.892+0800`appName=oms`hostName=docker-20`logLevel= WARN`msg=No MyBatis mapper was found in '[com.zy.project.mapper]' package. Please check your configuration.
time=2019-04-27T20:39:05.703+0800`appName=oms`hostName=docker-20`logLevel= INFO`msg=Tomcat initialized with port(s): 8083 (http)
time=2019-04-27T20:39:06.554+0800`appName=oms`hostName=docker-20`logLevel= INFO`msg=Servlet dispatcherServlet mapped to [/]
time=2019-04-27T20:39:06.566+0800`appName=oms`hostName=docker-20`logLevel= INFO`msg=Mapping filter: 'characterEncodingFilter' to: [/*]
time=2019-04-27T20:39:06.566+0800`appName=oms`hostName=docker-20`logLevel= INFO`msg=Mapping filter: 'hiddenHttpMethodFilter' to: [/*]
time=2019-04-27T20:39:06.566+0800`appName=oms`hostName=docker-20`logLevel= INFO`msg=Mapping filter: 'httpPutFormContentFilter' to: [/*]
time=2019-04-27T20:39:06.567+0800`appName=oms`hostName=docker-20`logLevel= INFO`msg=Mapping filter: 'requestContextFilter' to: [/*]
time=2019-04-27T20:39:07.368+0800`appName=oms`hostName=docker-20`logLevel= INFO`msg=HikariPool-1 - Starting...
time=2019-04-27T20:39:07.700+0800`appName=oms`hostName=docker-20`logLevel= INFO`msg=HikariPool-1 - Start completed.
time=2019-04-27T20:39:14.411+0800`appName=oms`hostName=docker-20`logLevel= INFO`msg=Tomcat started on port(s): 8083 (http) with context path ''
time=2019-04-27T20:39:14.422+0800`appName=oms`hostName=docker-20`logLevel= INFO`msg=Started Graduation1Application in 16.267 seconds (JVM running for 21.44)
time=2019-04-27T20:39:21.327+0800`appName=oms`hostName=docker-20`logLevel= INFO`msg=Starting without optional epoll library
time=2019-04-27T20:39:21.333+0800`appName=oms`hostName=docker-20`logLevel= INFO`msg=Starting without optional kqueue library
time=2019-04-27T20:39:49.652+0800`appName=oms`hostName=docker-20`logLevel= INFO`msg=Starting Graduation1Application on DESKTOP-Q8HC681 with PID 6748 (F:\idea\graduation1\target\classes started by pcdn in F:\idea\graduation1)
time=2019-04-27T20:39:49.667+0800`appName=oms`hostName=docker-20`logLevel= INFO`msg=The following profiles are active: dev
time=2019-04-27T20:39:49.893+0800`appName=oms`hostName=docker-20`logLevel= INFO`msg=Refreshing org.springframework.boot.web.servlet.context.AnnotationConfigServletWebServerApplicationContext@11eadcba: startup date [Sat Apr 27 20:39:49 CST 2019]; root of context hierarchy
time=2019-04-27T20:39:52.904+0800`appName=oms`hostName=docker-20`logLevel= WARN`msg=No MyBatis mapper was found in '[com.zy.project.mapper]' package. Please check your configuration.
time=2019-04-27T20:39:54.905+0800`appName=oms`hostName=docker-20`logLevel= INFO`msg=Tomcat initialized with port(s): 8083 (http)
time=2019-04-27T20:39:55.707+0800`appName=oms`hostName=docker-20`logLevel= INFO`msg=Servlet dispatcherServlet mapped to [/]
time=2019-04-27T20:39:55.718+0800`appName=oms`hostName=docker-20`logLevel= INFO`msg=Mapping filter: 'characterEncodingFilter' to: [/*]
time=2019-04-27T20:39:55.719+0800`appName=oms`hostName=docker-20`logLevel= INFO`msg=Mapping filter: 'hiddenHttpMethodFilter' to: [/*]
time=2019-04-27T20:39:55.719+0800`appName=oms`hostName=docker-20`logLevel= INFO`msg=Mapping filter: 'httpPutFormContentFilter' to: [/*]
time=2019-04-27T20:39:55.719+0800`appName=oms`hostName=docker-20`logLevel= INFO`msg=Mapping filter: 'requestContextFilter' to: [/*]
time=2019-04-27T20:39:56.528+0800`appName=oms`hostName=docker-20`logLevel= INFO`msg=HikariPool-1 - Starting...
time=2019-04-27T20:39:56.832+0800`appName=oms`hostName=docker-20`logLevel= INFO`msg=HikariPool-1 - Start completed.
time=2019-04-27T20:40:02.473+0800`appName=oms`hostName=docker-20`logLevel= INFO`msg=Tomcat started on port(s): 8083 (http) with context path ''
time=2019-04-27T20:40:02.483+0800`appName=oms`hostName=docker-20`logLevel= INFO`msg=Started Graduation1Application in 13.743 seconds (JVM running for 18.722)
time=2019-04-27T20:40:30.098+0800`appName=oms`hostName=docker-20`logLevel= INFO`msg=Starting without optional epoll library
time=2019-04-27T20:40:30.104+0800`appName=oms`hostName=docker-20`logLevel= INFO`msg=Starting without optional kqueue library
time=2019-04-27T21:00:52.613+0800`appName=oms`hostName=docker-20`logLevel= INFO`msg=Starting Graduation1Application on DESKTOP-Q8HC681 with PID 13972 (F:\idea\graduation1\target\classes started by pcdn in F:\idea\graduation1)
time=2019-04-27T21:00:52.628+0800`appName=oms`hostName=docker-20`logLevel= INFO`msg=The following profiles are active: dev
time=2019-04-27T21:00:52.857+0800`appName=oms`hostName=docker-20`logLevel= INFO`msg=Refreshing org.springframework.boot.web.servlet.context.AnnotationConfigServletWebServerApplicationContext@a8c1f44: startup date [Sat Apr 27 21:00:52 CST 2019]; root of context hierarchy
time=2019-04-27T21:00:56.161+0800`appName=oms`hostName=docker-20`logLevel= WARN`msg=No MyBatis mapper was found in '[com.zy.project.mapper]' package. Please check your configuration.
time=2019-04-27T21:00:58.367+0800`appName=oms`hostName=docker-20`logLevel= INFO`msg=Tomcat initialized with port(s): 8083 (http)
time=2019-04-27T21:00:59.213+0800`appName=oms`hostName=docker-20`logLevel= INFO`msg=Servlet dispatcherServlet mapped to [/]
time=2019-04-27T21:00:59.225+0800`appName=oms`hostName=docker-20`logLevel= INFO`msg=Mapping filter: 'characterEncodingFilter' to: [/*]
time=2019-04-27T21:00:59.225+0800`appName=oms`hostName=docker-20`logLevel= INFO`msg=Mapping filter: 'hiddenHttpMethodFilter' to: [/*]
time=2019-04-27T21:00:59.226+0800`appName=oms`hostName=docker-20`logLevel= INFO`msg=Mapping filter: 'httpPutFormContentFilter' to: [/*]
time=2019-04-27T21:00:59.226+0800`appName=oms`hostName=docker-20`logLevel= INFO`msg=Mapping filter: 'requestContextFilter' to: [/*]
time=2019-04-27T21:01:00.041+0800`appName=oms`hostName=docker-20`logLevel= INFO`msg=HikariPool-1 - Starting...
time=2019-04-27T21:01:00.359+0800`appName=oms`hostName=docker-20`logLevel= INFO`msg=HikariPool-1 - Start completed.
time=2019-04-27T21:01:06.343+0800`appName=oms`hostName=docker-20`logLevel= INFO`msg=Tomcat started on port(s): 8083 (http) with context path ''
time=2019-04-27T21:01:06.353+0800`appName=oms`hostName=docker-20`logLevel= INFO`msg=Started Graduation1Application in 14.733 seconds (JVM running for 20.911)
time=2019-04-27T21:01:16.250+0800`appName=oms`hostName=docker-20`logLevel= INFO`msg=Starting without optional epoll library
time=2019-04-27T21:01:16.257+0800`appName=oms`hostName=docker-20`logLevel= INFO`msg=Starting without optional kqueue library
time=2019-04-27T21:03:00.550+0800`appName=oms`hostName=docker-20`logLevel= INFO`msg=Starting Graduation1Application on DESKTOP-Q8HC681 with PID 9928 (F:\idea\graduation1\target\classes started by pcdn in F:\idea\graduation1)
time=2019-04-27T21:03:00.563+0800`appName=oms`hostName=docker-20`logLevel= INFO`msg=The following profiles are active: dev
time=2019-04-27T21:03:00.792+0800`appName=oms`hostName=docker-20`logLevel= INFO`msg=Refreshing org.springframework.boot.web.servlet.context.AnnotationConfigServletWebServerApplicationContext@3f28bd56: startup date [Sat Apr 27 21:03:00 CST 2019]; root of context hierarchy
time=2019-04-27T21:03:03.712+0800`appName=oms`hostName=docker-20`logLevel= WARN`msg=No MyBatis mapper was found in '[com.zy.project.mapper]' package. Please check your configuration.
time=2019-04-27T21:03:06.922+0800`appName=oms`hostName=docker-20`logLevel= INFO`msg=Tomcat initialized with port(s): 8083 (http)
time=2019-04-27T21:03:07.990+0800`appName=oms`hostName=docker-20`logLevel= INFO`msg=Servlet dispatcherServlet mapped to [/]
time=2019-04-27T21:03:08.004+0800`appName=oms`hostName=docker-20`logLevel= INFO`msg=Mapping filter: 'characterEncodingFilter' to: [/*]
time=2019-04-27T21:03:08.004+0800`appName=oms`hostName=docker-20`logLevel= INFO`msg=Mapping filter: 'hiddenHttpMethodFilter' to: [/*]
time=2019-04-27T21:03:08.005+0800`appName=oms`hostName=docker-20`logLevel= INFO`msg=Mapping filter: 'httpPutFormContentFilter' to: [/*]
time=2019-04-27T21:03:08.005+0800`appName=oms`hostName=docker-20`logLevel= INFO`msg=Mapping filter: 'requestContextFilter' to: [/*]
time=2019-04-27T21:03:08.783+0800`appName=oms`hostName=docker-20`logLevel= INFO`msg=HikariPool-1 - Starting...
time=2019-04-27T21:03:09.132+0800`appName=oms`hostName=docker-20`logLevel= INFO`msg=HikariPool-1 - Start completed.
time=2019-04-27T21:03:21.291+0800`appName=oms`hostName=docker-20`logLevel= INFO`msg=Starting Graduation1Application on DESKTOP-Q8HC681 with PID 9156 (F:\idea\graduation1\target\classes started by pcdn in F:\idea\graduation1)
time=2019-04-27T21:03:21.319+0800`appName=oms`hostName=docker-20`logLevel= INFO`msg=The following profiles are active: dev
time=2019-04-27T21:03:21.507+0800`appName=oms`hostName=docker-20`logLevel= INFO`msg=Refreshing org.springframework.boot.web.servlet.context.AnnotationConfigServletWebServerApplicationContext@4bff1903: startup date [Sat Apr 27 21:03:21 CST 2019]; root of context hierarchy
time=2019-04-27T21:03:22.866+0800`appName=oms`hostName=docker-20`logLevel= WARN`msg=No MyBatis mapper was found in '[com.zy.project.mapper]' package. Please check your configuration.
time=2019-04-27T21:03:25.045+0800`appName=oms`hostName=docker-20`logLevel= INFO`msg=Tomcat initialized with port(s): 8083 (http)
time=2019-04-27T21:03:25.802+0800`appName=oms`hostName=docker-20`logLevel= INFO`msg=Servlet dispatcherServlet mapped to [/]
time=2019-04-27T21:03:25.836+0800`appName=oms`hostName=docker-20`logLevel= INFO`msg=Mapping filter: 'characterEncodingFilter' to: [/*]
time=2019-04-27T21:03:25.836+0800`appName=oms`hostName=docker-20`logLevel= INFO`msg=Mapping filter: 'hiddenHttpMethodFilter' to: [/*]
time=2019-04-27T21:03:25.836+0800`appName=oms`hostName=docker-20`logLevel= INFO`msg=Mapping filter: 'httpPutFormContentFilter' to: [/*]
time=2019-04-27T21:03:25.837+0800`appName=oms`hostName=docker-20`logLevel= INFO`msg=Mapping filter: 'requestContextFilter' to: [/*]
time=2019-04-27T21:03:26.582+0800`appName=oms`hostName=docker-20`logLevel= INFO`msg=HikariPool-1 - Starting...
time=2019-04-27T21:03:26.882+0800`appName=oms`hostName=docker-20`logLevel= INFO`msg=HikariPool-1 - Start completed.
time=2019-04-27T21:03:32.435+0800`appName=oms`hostName=docker-20`logLevel= INFO`msg=Tomcat started on port(s): 8083 (http) with context path ''
time=2019-04-27T21:03:32.445+0800`appName=oms`hostName=docker-20`logLevel= INFO`msg=Started Graduation1Application in 11.91 seconds (JVM running for 16.543)
time=2019-04-27T21:03:39.955+0800`appName=oms`hostName=docker-20`logLevel= INFO`msg=Starting without optional epoll library
time=2019-04-27T21:03:39.963+0800`appName=oms`hostName=docker-20`logLevel= INFO`msg=Starting without optional kqueue library
time=2019-04-27T21:07:51.205+0800`appName=oms`hostName=docker-20`logLevel= INFO`msg=Starting Graduation1Application on DESKTOP-Q8HC681 with PID 15184 (F:\idea\graduation1\target\classes started by pcdn in F:\idea\graduation1)
time=2019-04-27T21:07:51.215+0800`appName=oms`hostName=docker-20`logLevel= INFO`msg=The following profiles are active: dev
time=2019-04-27T21:07:51.453+0800`appName=oms`hostName=docker-20`logLevel= INFO`msg=Refreshing org.springframework.boot.web.servlet.context.AnnotationConfigServletWebServerApplicationContext@5827af16: startup date [Sat Apr 27 21:07:51 CST 2019]; root of context hierarchy
time=2019-04-27T21:07:54.813+0800`appName=oms`hostName=docker-20`logLevel= WARN`msg=No MyBatis mapper was found in '[com.zy.project.mapper]' package. Please check your configuration.
time=2019-04-27T21:07:57.204+0800`appName=oms`hostName=docker-20`logLevel= INFO`msg=Tomcat initialized with port(s): 8083 (http)
time=2019-04-27T21:07:58.641+0800`appName=oms`hostName=docker-20`logLevel= INFO`msg=Servlet dispatcherServlet mapped to [/]
time=2019-04-27T21:07:58.656+0800`appName=oms`hostName=docker-20`logLevel= INFO`msg=Mapping filter: 'characterEncodingFilter' to: [/*]
time=2019-04-27T21:07:58.656+0800`appName=oms`hostName=docker-20`logLevel= INFO`msg=Mapping filter: 'hiddenHttpMethodFilter' to: [/*]
time=2019-04-27T21:07:58.657+0800`appName=oms`hostName=docker-20`logLevel= INFO`msg=Mapping filter: 'httpPutFormContentFilter' to: [/*]
time=2019-04-27T21:07:58.657+0800`appName=oms`hostName=docker-20`logLevel= INFO`msg=Mapping filter: 'requestContextFilter' to: [/*]
time=2019-04-27T21:07:59.539+0800`appName=oms`hostName=docker-20`logLevel= INFO`msg=HikariPool-1 - Starting...
time=2019-04-27T21:07:59.856+0800`appName=oms`hostName=docker-20`logLevel= INFO`msg=HikariPool-1 - Start completed.
time=2019-04-27T21:08:15.447+0800`appName=oms`hostName=docker-20`logLevel= INFO`msg=Tomcat started on port(s): 8083 (http) with context path ''
time=2019-04-27T21:08:15.465+0800`appName=oms`hostName=docker-20`logLevel= INFO`msg=Started Graduation1Application in 25.279 seconds (JVM running for 30.354)
time=2019-04-27T21:08:32.440+0800`appName=oms`hostName=docker-20`logLevel= INFO`msg=Starting without optional epoll library
time=2019-04-27T21:08:32.449+0800`appName=oms`hostName=docker-20`logLevel= INFO`msg=Starting without optional kqueue library
time=2019-04-27T21:10:25.508+0800`appName=oms`hostName=docker-20`logLevel= INFO`msg=Starting Graduation1Application on DESKTOP-Q8HC681 with PID 3252 (F:\idea\graduation1\target\classes started by pcdn in F:\idea\graduation1)
time=2019-04-27T21:10:25.524+0800`appName=oms`hostName=docker-20`logLevel= INFO`msg=The following profiles are active: dev
time=2019-04-27T21:10:25.788+0800`appName=oms`hostName=docker-20`logLevel= INFO`msg=Refreshing org.springframework.boot.web.servlet.context.AnnotationConfigServletWebServerApplicationContext@6c8bca63: startup date [Sat Apr 27 21:10:25 CST 2019]; root of context hierarchy
time=2019-04-27T21:10:29.444+0800`appName=oms`hostName=docker-20`logLevel= WARN`msg=No MyBatis mapper was found in '[com.zy.project.mapper]' package. Please check your configuration.
time=2019-04-27T21:10:34.558+0800`appName=oms`hostName=docker-20`logLevel= INFO`msg=Tomcat initialized with port(s): 8083 (http)
time=2019-04-27T21:10:36.571+0800`appName=oms`hostName=docker-20`logLevel= INFO`msg=Servlet dispatcherServlet mapped to [/]
time=2019-04-27T21:10:36.599+0800`appName=oms`hostName=docker-20`logLevel= INFO`msg=Mapping filter: 'characterEncodingFilter' to: [/*]
time=2019-04-27T21:10:36.599+0800`appName=oms`hostName=docker-20`logLevel= INFO`msg=Mapping filter: 'hiddenHttpMethodFilter' to: [/*]
time=2019-04-27T21:10:36.600+0800`appName=oms`hostName=docker-20`logLevel= INFO`msg=Mapping filter: 'httpPutFormContentFilter' to: [/*]
time=2019-04-27T21:10:36.600+0800`appName=oms`hostName=docker-20`logLevel= INFO`msg=Mapping filter: 'requestContextFilter' to: [/*]
time=2019-04-27T21:10:38.378+0800`appName=oms`hostName=docker-20`logLevel= INFO`msg=HikariPool-1 - Starting...
time=2019-04-27T21:10:39.060+0800`appName=oms`hostName=docker-20`logLevel= INFO`msg=HikariPool-1 - Start completed.
time=2019-04-27T21:10:48.876+0800`appName=oms`hostName=docker-20`logLevel= INFO`msg=Tomcat started on port(s): 8083 (http) with context path ''
time=2019-04-27T21:10:48.885+0800`appName=oms`hostName=docker-20`logLevel= INFO`msg=Started Graduation1Application in 24.618 seconds (JVM running for 31.196)
time=2019-04-27T21:17:28.319+0800`appName=oms`hostName=docker-20`logLevel= INFO`msg=Starting without optional epoll library
time=2019-04-27T21:17:28.326+0800`appName=oms`hostName=docker-20`logLevel= INFO`msg=Starting without optional kqueue library
time=2019-04-27T21:19:18.611+0800`appName=oms`hostName=docker-20`logLevel= INFO`msg=Starting Graduation1Application on DESKTOP-Q8HC681 with PID 2124 (F:\idea\graduation1\target\classes started by pcdn in F:\idea\graduation1)
time=2019-04-27T21:19:18.670+0800`appName=oms`hostName=docker-20`logLevel= INFO`msg=The following profiles are active: dev
time=2019-04-27T21:19:18.945+0800`appName=oms`hostName=docker-20`logLevel= INFO`msg=Refreshing org.springframework.boot.web.servlet.context.AnnotationConfigServletWebServerApplicationContext@27953a83: startup date [Sat Apr 27 21:19:18 CST 2019]; root of context hierarchy
time=2019-04-27T21:19:22.270+0800`appName=oms`hostName=docker-20`logLevel= WARN`msg=No MyBatis mapper was found in '[com.zy.project.mapper]' package. Please check your configuration.
time=2019-04-27T21:19:24.536+0800`appName=oms`hostName=docker-20`logLevel= INFO`msg=Tomcat initialized with port(s): 8083 (http)
time=2019-04-27T21:19:25.616+0800`appName=oms`hostName=docker-20`logLevel= INFO`msg=Servlet dispatcherServlet mapped to [/]
time=2019-04-27T21:19:25.626+0800`appName=oms`hostName=docker-20`logLevel= INFO`msg=Mapping filter: 'characterEncodingFilter' to: [/*]
time=2019-04-27T21:19:25.627+0800`appName=oms`hostName=docker-20`logLevel= INFO`msg=Mapping filter: 'hiddenHttpMethodFilter' to: [/*]
time=2019-04-27T21:19:25.627+0800`appName=oms`hostName=docker-20`logLevel= INFO`msg=Mapping filter: 'httpPutFormContentFilter' to: [/*]
time=2019-04-27T21:19:25.627+0800`appName=oms`hostName=docker-20`logLevel= INFO`msg=Mapping filter: 'requestContextFilter' to: [/*]
time=2019-04-27T21:19:26.529+0800`appName=oms`hostName=docker-20`logLevel= INFO`msg=HikariPool-1 - Starting...
time=2019-04-27T21:19:26.906+0800`appName=oms`hostName=docker-20`logLevel= INFO`msg=HikariPool-1 - Start completed.
time=2019-04-27T21:19:33.409+0800`appName=oms`hostName=docker-20`logLevel= INFO`msg=Tomcat started on port(s): 8083 (http) with context path ''
time=2019-04-27T21:19:33.418+0800`appName=oms`hostName=docker-20`logLevel= INFO`msg=Started Graduation1Application in 16.042 seconds (JVM running for 21.758)
time=2019-04-27T21:19:43.807+0800`appName=oms`hostName=docker-20`logLevel= INFO`msg=Starting without optional epoll library
time=2019-04-27T21:19:43.814+0800`appName=oms`hostName=docker-20`logLevel= INFO`msg=Starting without optional kqueue library
time=2019-04-27T21:23:10.892+0800`appName=oms`hostName=docker-20`logLevel= INFO`msg=Starting Graduation1Application on DESKTOP-Q8HC681 with PID 15224 (F:\idea\graduation1\target\classes started by pcdn in F:\idea\graduation1)
time=2019-04-27T21:23:10.913+0800`appName=oms`hostName=docker-20`logLevel= INFO`msg=The following profiles are active: dev
time=2019-04-27T21:23:11.247+0800`appName=oms`hostName=docker-20`logLevel= INFO`msg=Refreshing org.springframework.boot.web.servlet.context.AnnotationConfigServletWebServerApplicationContext@3dddefd8: startup date [Sat Apr 27 21:23:11 CST 2019]; root of context hierarchy
time=2019-04-27T21:23:15.736+0800`appName=oms`hostName=docker-20`logLevel= WARN`msg=No MyBatis mapper was found in '[com.zy.project.mapper]' package. Please check your configuration.
time=2019-04-27T21:23:18.267+0800`appName=oms`hostName=docker-20`logLevel= INFO`msg=Tomcat initialized with port(s): 8083 (http)
time=2019-04-27T21:23:19.289+0800`appName=oms`hostName=docker-20`logLevel= INFO`msg=Servlet dispatcherServlet mapped to [/]
time=2019-04-27T21:23:19.300+0800`appName=oms`hostName=docker-20`logLevel= INFO`msg=Mapping filter: 'characterEncodingFilter' to: [/*]
time=2019-04-27T21:23:19.301+0800`appName=oms`hostName=docker-20`logLevel= INFO`msg=Mapping filter: 'hiddenHttpMethodFilter' to: [/*]
time=2019-04-27T21:23:19.303+0800`appName=oms`hostName=docker-20`logLevel= INFO`msg=Mapping filter: 'httpPutFormContentFilter' to: [/*]
time=2019-04-27T21:23:19.304+0800`appName=oms`hostName=docker-20`logLevel= INFO`msg=Mapping filter: 'requestContextFilter' to: [/*]
time=2019-04-27T21:23:20.146+0800`appName=oms`hostName=docker-20`logLevel= INFO`msg=HikariPool-1 - Starting...
time=2019-04-27T21:23:20.599+0800`appName=oms`hostName=docker-20`logLevel= INFO`msg=HikariPool-1 - Start completed.
time=2019-04-27T21:23:27.223+0800`appName=oms`hostName=docker-20`logLevel= INFO`msg=Tomcat started on port(s): 8083 (http) with context path ''
time=2019-04-27T21:23:27.233+0800`appName=oms`hostName=docker-20`logLevel= INFO`msg=Started Graduation1Application in 17.276 seconds (JVM running for 23.002)
time=2019-04-27T21:23:31.237+0800`appName=oms`hostName=docker-20`logLevel= INFO`msg=Starting without optional epoll library
time=2019-04-27T21:23:31.242+0800`appName=oms`hostName=docker-20`logLevel= INFO`msg=Starting without optional kqueue library
time=2019-04-27T21:26:06.285+0800`appName=oms`hostName=docker-20`logLevel= INFO`msg=Starting Graduation1Application on DESKTOP-Q8HC681 with PID 3432 (F:\idea\graduation1\target\classes started by pcdn in F:\idea\graduation1)
time=2019-04-27T21:26:06.302+0800`appName=oms`hostName=docker-20`logLevel= INFO`msg=The following profiles are active: dev
time=2019-04-27T21:26:06.542+0800`appName=oms`hostName=docker-20`logLevel= INFO`msg=Refreshing org.springframework.boot.web.servlet.context.AnnotationConfigServletWebServerApplicationContext@609640d5: startup date [Sat Apr 27 21:26:06 CST 2019]; root of context hierarchy
time=2019-04-27T21:26:09.529+0800`appName=oms`hostName=docker-20`logLevel= WARN`msg=No MyBatis mapper was found in '[com.zy.project.mapper]' package. Please check your configuration.
time=2019-04-27T21:26:11.766+0800`appName=oms`hostName=docker-20`logLevel= INFO`msg=Tomcat initialized with port(s): 8083 (http)
time=2019-04-27T21:26:12.727+0800`appName=oms`hostName=docker-20`logLevel= INFO`msg=Servlet dispatcherServlet mapped to [/]
time=2019-04-27T21:26:12.782+0800`appName=oms`hostName=docker-20`logLevel= INFO`msg=Mapping filter: 'characterEncodingFilter' to: [/*]
time=2019-04-27T21:26:12.783+0800`appName=oms`hostName=docker-20`logLevel= INFO`msg=Mapping filter: 'hiddenHttpMethodFilter' to: [/*]
time=2019-04-27T21:26:12.783+0800`appName=oms`hostName=docker-20`logLevel= INFO`msg=Mapping filter: 'httpPutFormContentFilter' to: [/*]
time=2019-04-27T21:26:12.783+0800`appName=oms`hostName=docker-20`logLevel= INFO`msg=Mapping filter: 'requestContextFilter' to: [/*]
time=2019-04-27T21:26:13.694+0800`appName=oms`hostName=docker-20`logLevel= INFO`msg=HikariPool-1 - Starting...
time=2019-04-27T21:26:14.077+0800`appName=oms`hostName=docker-20`logLevel= INFO`msg=HikariPool-1 - Start completed.
time=2019-04-27T21:26:26.068+0800`appName=oms`hostName=docker-20`logLevel= INFO`msg=Tomcat started on port(s): 8083 (http) with context path ''
time=2019-04-27T21:26:26.081+0800`appName=oms`hostName=docker-20`logLevel= INFO`msg=Started Graduation1Application in 20.832 seconds (JVM running for 27.72)
time=2019-04-27T21:26:27.266+0800`appName=oms`hostName=docker-20`logLevel= INFO`msg=Starting without optional epoll library
time=2019-04-27T21:26:27.278+0800`appName=oms`hostName=docker-20`logLevel= INFO`msg=Starting without optional kqueue library
time=2019-04-27T21:30:37.069+0800`appName=oms`hostName=docker-20`logLevel= INFO`msg=Starting Graduation1Application on DESKTOP-Q8HC681 with PID 14020 (F:\idea\graduation1\target\classes started by pcdn in F:\idea\graduation1)
time=2019-04-27T21:30:37.081+0800`appName=oms`hostName=docker-20`logLevel= INFO`msg=The following profiles are active: dev
time=2019-04-27T21:30:37.310+0800`appName=oms`hostName=docker-20`logLevel= INFO`msg=Refreshing org.springframework.boot.web.servlet.context.AnnotationConfigServletWebServerApplicationContext@1cd201a8: startup date [Sat Apr 27 21:30:37 CST 2019]; root of context hierarchy
time=2019-04-27T21:30:40.450+0800`appName=oms`hostName=docker-20`logLevel= WARN`msg=No MyBatis mapper was found in '[com.zy.project.mapper]' package. Please check your configuration.
time=2019-04-27T21:30:42.733+0800`appName=oms`hostName=docker-20`logLevel= INFO`msg=Tomcat initialized with port(s): 8083 (http)
time=2019-04-27T21:30:43.537+0800`appName=oms`hostName=docker-20`logLevel= INFO`msg=Servlet dispatcherServlet mapped to [/]
time=2019-04-27T21:30:43.548+0800`appName=oms`hostName=docker-20`logLevel= INFO`msg=Mapping filter: 'characterEncodingFilter' to: [/*]
time=2019-04-27T21:30:43.549+0800`appName=oms`hostName=docker-20`logLevel= INFO`msg=Mapping filter: 'hiddenHttpMethodFilter' to: [/*]
time=2019-04-27T21:30:43.549+0800`appName=oms`hostName=docker-20`logLevel= INFO`msg=Mapping filter: 'httpPutFormContentFilter' to: [/*]
time=2019-04-27T21:30:43.549+0800`appName=oms`hostName=docker-20`logLevel= INFO`msg=Mapping filter: 'requestContextFilter' to: [/*]
time=2019-04-27T21:30:44.452+0800`appName=oms`hostName=docker-20`logLevel= INFO`msg=HikariPool-1 - Starting...
time=2019-04-27T21:30:44.825+0800`appName=oms`hostName=docker-20`logLevel= INFO`msg=HikariPool-1 - Start completed.
time=2019-04-27T21:30:51.662+0800`appName=oms`hostName=docker-20`logLevel= INFO`msg=Tomcat started on port(s): 8083 (http) with context path ''
time=2019-04-27T21:30:51.673+0800`appName=oms`hostName=docker-20`logLevel= INFO`msg=Started Graduation1Application in 15.632 seconds (JVM running for 21.237)
time=2019-04-27T21:31:02.006+0800`appName=oms`hostName=docker-20`logLevel= INFO`msg=Starting without optional epoll library
time=2019-04-27T21:31:02.012+0800`appName=oms`hostName=docker-20`logLevel= INFO`msg=Starting without optional kqueue library
time=2019-04-27T21:36:19.273+0800`appName=oms`hostName=docker-20`logLevel= INFO`msg=Starting Graduation1Application on DESKTOP-Q8HC681 with PID 2700 (F:\idea\graduation1\target\classes started by pcdn in F:\idea\graduation1)
time=2019-04-27T21:36:19.284+0800`appName=oms`hostName=docker-20`logLevel= INFO`msg=The following profiles are active: dev
time=2019-04-27T21:36:19.497+0800`appName=oms`hostName=docker-20`logLevel= INFO`msg=Refreshing org.springframework.boot.web.servlet.context.AnnotationConfigServletWebServerApplicationContext@4bff1903: startup date [Sat Apr 27 21:36:19 CST 2019]; root of context hierarchy
time=2019-04-27T21:36:22.436+0800`appName=oms`hostName=docker-20`logLevel= WARN`msg=No MyBatis mapper was found in '[com.zy.project.mapper]' package. Please check your configuration.
time=2019-04-27T21:36:24.378+0800`appName=oms`hostName=docker-20`logLevel= INFO`msg=Tomcat initialized with port(s): 8083 (http)
time=2019-04-27T21:36:25.157+0800`appName=oms`hostName=docker-20`logLevel= INFO`msg=Servlet dispatcherServlet mapped to [/]
time=2019-04-27T21:36:25.203+0800`appName=oms`hostName=docker-20`logLevel= INFO`msg=Mapping filter: 'characterEncodingFilter' to: [/*]
time=2019-04-27T21:36:25.204+0800`appName=oms`hostName=docker-20`logLevel= INFO`msg=Mapping filter: 'hiddenHttpMethodFilter' to: [/*]
time=2019-04-27T21:36:25.204+0800`appName=oms`hostName=docker-20`logLevel= INFO`msg=Mapping filter: 'httpPutFormContentFilter' to: [/*]
time=2019-04-27T21:36:25.205+0800`appName=oms`hostName=docker-20`logLevel= INFO`msg=Mapping filter: 'requestContextFilter' to: [/*]
time=2019-04-27T21:36:25.906+0800`appName=oms`hostName=docker-20`logLevel= INFO`msg=HikariPool-1 - Starting...
time=2019-04-27T21:36:26.209+0800`appName=oms`hostName=docker-20`logLevel= INFO`msg=HikariPool-1 - Start completed.
time=2019-04-27T21:36:32.447+0800`appName=oms`hostName=docker-20`logLevel= INFO`msg=Tomcat started on port(s): 8083 (http) with context path ''
time=2019-04-27T21:36:32.456+0800`appName=oms`hostName=docker-20`logLevel= INFO`msg=Started Graduation1Application in 14.076 seconds (JVM running for 18.99)
time=2019-04-27T21:36:33.803+0800`appName=oms`hostName=docker-20`logLevel= INFO`msg=Starting without optional epoll library
time=2019-04-27T21:36:33.808+0800`appName=oms`hostName=docker-20`logLevel= INFO`msg=Starting without optional kqueue library
time=2019-04-27T21:50:54.804+0800`appName=oms`hostName=docker-20`logLevel= INFO`msg=Starting Graduation1Application on DESKTOP-Q8HC681 with PID 10052 (F:\idea\graduation1\target\classes started by pcdn in F:\idea\graduation1)
time=2019-04-27T21:50:54.846+0800`appName=oms`hostName=docker-20`logLevel= INFO`msg=The following profiles are active: dev
time=2019-04-27T21:50:55.092+0800`appName=oms`hostName=docker-20`logLevel= INFO`msg=Refreshing org.springframework.boot.web.servlet.context.AnnotationConfigServletWebServerApplicationContext@4fc5e095: startup date [Sat Apr 27 21:50:55 CST 2019]; root of context hierarchy
time=2019-04-27T21:50:59.231+0800`appName=oms`hostName=docker-20`logLevel= WARN`msg=No MyBatis mapper was found in '[com.zy.project.mapper]' package. Please check your configuration.
time=2019-04-27T21:51:01.539+0800`appName=oms`hostName=docker-20`logLevel= INFO`msg=Tomcat initialized with port(s): 8083 (http)
time=2019-04-27T21:51:02.526+0800`appName=oms`hostName=docker-20`logLevel= INFO`msg=Servlet dispatcherServlet mapped to [/]
time=2019-04-27T21:51:02.537+0800`appName=oms`hostName=docker-20`logLevel= INFO`msg=Mapping filter: 'characterEncodingFilter' to: [/*]
time=2019-04-27T21:51:02.538+0800`appName=oms`hostName=docker-20`logLevel= INFO`msg=Mapping filter: 'hiddenHttpMethodFilter' to: [/*]
time=2019-04-27T21:51:02.538+0800`appName=oms`hostName=docker-20`logLevel= INFO`msg=Mapping filter: 'httpPutFormContentFilter' to: [/*]
time=2019-04-27T21:51:02.538+0800`appName=oms`hostName=docker-20`logLevel= INFO`msg=Mapping filter: 'requestContextFilter' to: [/*]
time=2019-04-27T21:51:03.574+0800`appName=oms`hostName=docker-20`logLevel= INFO`msg=HikariPool-1 - Starting...
time=2019-04-27T21:51:03.946+0800`appName=oms`hostName=docker-20`logLevel= INFO`msg=HikariPool-1 - Start completed.
time=2019-04-27T21:51:13.180+0800`appName=oms`hostName=docker-20`logLevel= INFO`msg=Tomcat started on port(s): 8083 (http) with context path ''
time=2019-04-27T21:51:13.192+0800`appName=oms`hostName=docker-20`logLevel= INFO`msg=Started Graduation1Application in 19.743 seconds (JVM running for 26.48)
time=2019-04-27T21:51:18.350+0800`appName=oms`hostName=docker-20`logLevel= INFO`msg=Starting without optional epoll library
time=2019-04-27T21:51:18.354+0800`appName=oms`hostName=docker-20`logLevel= INFO`msg=Starting without optional kqueue library
time=2019-04-27T21:51:55.209+0800`appName=oms`hostName=docker-20`logLevel= INFO`msg=Starting Graduation1Application on DESKTOP-Q8HC681 with PID 13716 (F:\idea\graduation1\target\classes started by pcdn in F:\idea\graduation1)
time=2019-04-27T21:51:55.221+0800`appName=oms`hostName=docker-20`logLevel= INFO`msg=The following profiles are active: dev
time=2019-04-27T21:51:55.441+0800`appName=oms`hostName=docker-20`logLevel= INFO`msg=Refreshing org.springframework.boot.web.servlet.context.AnnotationConfigServletWebServerApplicationContext@60f7cc1d: startup date [Sat Apr 27 21:51:55 CST 2019]; root of context hierarchy
time=2019-04-27T21:51:58.437+0800`appName=oms`hostName=docker-20`logLevel= WARN`msg=No MyBatis mapper was found in '[com.zy.project.mapper]' package. Please check your configuration.
time=2019-04-27T21:52:00.694+0800`appName=oms`hostName=docker-20`logLevel= INFO`msg=Tomcat initialized with port(s): 8083 (http)
time=2019-04-27T21:52:01.528+0800`appName=oms`hostName=docker-20`logLevel= INFO`msg=Servlet dispatcherServlet mapped to [/]
time=2019-04-27T21:52:01.538+0800`appName=oms`hostName=docker-20`logLevel= INFO`msg=Mapping filter: 'characterEncodingFilter' to: [/*]
time=2019-04-27T21:52:01.539+0800`appName=oms`hostName=docker-20`logLevel= INFO`msg=Mapping filter: 'hiddenHttpMethodFilter' to: [/*]
time=2019-04-27T21:52:01.539+0800`appName=oms`hostName=docker-20`logLevel= INFO`msg=Mapping filter: 'httpPutFormContentFilter' to: [/*]
time=2019-04-27T21:52:01.539+0800`appName=oms`hostName=docker-20`logLevel= INFO`msg=Mapping filter: 'requestContextFilter' to: [/*]
time=2019-04-27T21:52:02.292+0800`appName=oms`hostName=docker-20`logLevel= INFO`msg=HikariPool-1 - Starting...
time=2019-04-27T21:52:02.613+0800`appName=oms`hostName=docker-20`logLevel= INFO`msg=HikariPool-1 - Start completed.
time=2019-04-27T21:52:09.861+0800`appName=oms`hostName=docker-20`logLevel= INFO`msg=Tomcat started on port(s): 8083 (http) with context path ''
time=2019-04-27T21:52:09.877+0800`appName=oms`hostName=docker-20`logLevel= INFO`msg=Started Graduation1Application in 15.665 seconds (JVM running for 22.246)
time=2019-04-27T21:52:14.949+0800`appName=oms`hostName=docker-20`logLevel= INFO`msg=Starting without optional epoll library
time=2019-04-27T21:52:14.955+0800`appName=oms`hostName=docker-20`logLevel= INFO`msg=Starting without optional kqueue library
time=2019-04-27T21:53:37.807+0800`appName=oms`hostName=docker-20`logLevel= INFO`msg=Starting Graduation1Application on DESKTOP-Q8HC681 with PID 5940 (F:\idea\graduation1\target\classes started by pcdn in F:\idea\graduation1)
time=2019-04-27T21:53:37.820+0800`appName=oms`hostName=docker-20`logLevel= INFO`msg=The following profiles are active: dev
time=2019-04-27T21:53:38.089+0800`appName=oms`hostName=docker-20`logLevel= INFO`msg=Refreshing org.springframework.boot.web.servlet.context.AnnotationConfigServletWebServerApplicationContext@3b956878: startup date [Sat Apr 27 21:53:38 CST 2019]; root of context hierarchy
time=2019-04-27T21:53:40.947+0800`appName=oms`hostName=docker-20`logLevel= WARN`msg=No MyBatis mapper was found in '[com.zy.project.mapper]' package. Please check your configuration.
time=2019-04-27T21:53:43.109+0800`appName=oms`hostName=docker-20`logLevel= INFO`msg=Tomcat initialized with port(s): 8083 (http)
time=2019-04-27T21:53:43.873+0800`appName=oms`hostName=docker-20`logLevel= INFO`msg=Servlet dispatcherServlet mapped to [/]
time=2019-04-27T21:53:43.883+0800`appName=oms`hostName=docker-20`logLevel= INFO`msg=Mapping filter: 'characterEncodingFilter' to: [/*]
time=2019-04-27T21:53:43.883+0800`appName=oms`hostName=docker-20`logLevel= INFO`msg=Mapping filter: 'hiddenHttpMethodFilter' to: [/*]
time=2019-04-27T21:53:43.883+0800`appName=oms`hostName=docker-20`logLevel= INFO`msg=Mapping filter: 'httpPutFormContentFilter' to: [/*]
time=2019-04-27T21:53:43.884+0800`appName=oms`hostName=docker-20`logLevel= INFO`msg=Mapping filter: 'requestContextFilter' to: [/*]
time=2019-04-27T21:53:44.660+0800`appName=oms`hostName=docker-20`logLevel= INFO`msg=HikariPool-1 - Starting...
time=2019-04-27T21:53:44.961+0800`appName=oms`hostName=docker-20`logLevel= INFO`msg=HikariPool-1 - Start completed.
time=2019-04-27T21:53:51.539+0800`appName=oms`hostName=docker-20`logLevel= INFO`msg=Tomcat started on port(s): 8083 (http) with context path ''
time=2019-04-27T21:53:51.550+0800`appName=oms`hostName=docker-20`logLevel= INFO`msg=Started Graduation1Application in 14.723 seconds (JVM running for 19.797)
time=2019-04-27T21:53:53.380+0800`appName=oms`hostName=docker-20`logLevel= INFO`msg=Starting without optional epoll library
time=2019-04-27T21:53:53.384+0800`appName=oms`hostName=docker-20`logLevel= INFO`msg=Starting without optional kqueue library
time=2019-04-27T21:57:42.078+0800`appName=oms`hostName=docker-20`logLevel= INFO`msg=Starting Graduation1Application on DESKTOP-Q8HC681 with PID 12392 (F:\idea\graduation1\target\classes started by pcdn in F:\idea\graduation1)
time=2019-04-27T21:57:42.098+0800`appName=oms`hostName=docker-20`logLevel= INFO`msg=The following profiles are active: dev
time=2019-04-27T21:57:42.380+0800`appName=oms`hostName=docker-20`logLevel= INFO`msg=Refreshing org.springframework.boot.web.servlet.context.AnnotationConfigServletWebServerApplicationContext@485a3466: startup date [Sat Apr 27 21:57:42 CST 2019]; root of context hierarchy
time=2019-04-27T21:57:45.530+0800`appName=oms`hostName=docker-20`logLevel= WARN`msg=No MyBatis mapper was found in '[com.zy.project.mapper]' package. Please check your configuration.
time=2019-04-27T21:57:47.902+0800`appName=oms`hostName=docker-20`logLevel= INFO`msg=Tomcat initialized with port(s): 8083 (http)
time=2019-04-27T21:57:48.784+0800`appName=oms`hostName=docker-20`logLevel= INFO`msg=Servlet dispatcherServlet mapped to [/]
time=2019-04-27T21:57:48.796+0800`appName=oms`hostName=docker-20`logLevel= INFO`msg=Mapping filter: 'characterEncodingFilter' to: [/*]
time=2019-04-27T21:57:48.796+0800`appName=oms`hostName=docker-20`logLevel= INFO`msg=Mapping filter: 'hiddenHttpMethodFilter' to: [/*]
time=2019-04-27T21:57:48.796+0800`appName=oms`hostName=docker-20`logLevel= INFO`msg=Mapping filter: 'httpPutFormContentFilter' to: [/*]
time=2019-04-27T21:57:48.797+0800`appName=oms`hostName=docker-20`logLevel= INFO`msg=Mapping filter: 'requestContextFilter' to: [/*]
time=2019-04-27T21:57:49.535+0800`appName=oms`hostName=docker-20`logLevel= INFO`msg=HikariPool-1 - Starting...
time=2019-04-27T21:57:49.857+0800`appName=oms`hostName=docker-20`logLevel= INFO`msg=HikariPool-1 - Start completed.
time=2019-04-27T21:57:56.197+0800`appName=oms`hostName=docker-20`logLevel= INFO`msg=Tomcat started on port(s): 8083 (http) with context path ''
time=2019-04-27T21:57:56.207+0800`appName=oms`hostName=docker-20`logLevel= INFO`msg=Started Graduation1Application in 15.135 seconds (JVM running for 20.457)
time=2019-04-27T21:58:12.029+0800`appName=oms`hostName=docker-20`logLevel= INFO`msg=Starting without optional epoll library
time=2019-04-27T21:58:12.036+0800`appName=oms`hostName=docker-20`logLevel= INFO`msg=Starting without optional kqueue library
time=2019-04-27T21:59:53.776+0800`appName=oms`hostName=docker-20`logLevel= INFO`msg=Starting Graduation1Application on DESKTOP-Q8HC681 with PID 10828 (F:\idea\graduation1\target\classes started by pcdn in F:\idea\graduation1)
time=2019-04-27T21:59:53.789+0800`appName=oms`hostName=docker-20`logLevel= INFO`msg=The following profiles are active: dev
time=2019-04-27T21:59:54.016+0800`appName=oms`hostName=docker-20`logLevel= INFO`msg=Refreshing org.springframework.boot.web.servlet.context.AnnotationConfigServletWebServerApplicationContext@556d0826: startup date [Sat Apr 27 21:59:54 CST 2019]; root of context hierarchy
time=2019-04-27T21:59:57.252+0800`appName=oms`hostName=docker-20`logLevel= WARN`msg=No MyBatis mapper was found in '[com.zy.project.mapper]' package. Please check your configuration.
time=2019-04-27T21:59:59.801+0800`appName=oms`hostName=docker-20`logLevel= INFO`msg=Tomcat initialized with port(s): 8083 (http)
time=2019-04-27T22:00:00.787+0800`appName=oms`hostName=docker-20`logLevel= INFO`msg=Servlet dispatcherServlet mapped to [/]
time=2019-04-27T22:00:00.800+0800`appName=oms`hostName=docker-20`logLevel= INFO`msg=Mapping filter: 'characterEncodingFilter' to: [/*]
time=2019-04-27T22:00:00.801+0800`appName=oms`hostName=docker-20`logLevel= INFO`msg=Mapping filter: 'hiddenHttpMethodFilter' to: [/*]
time=2019-04-27T22:00:00.801+0800`appName=oms`hostName=docker-20`logLevel= INFO`msg=Mapping filter: 'httpPutFormContentFilter' to: [/*]
time=2019-04-27T22:00:00.801+0800`appName=oms`hostName=docker-20`logLevel= INFO`msg=Mapping filter: 'requestContextFilter' to: [/*]
time=2019-04-27T22:00:01.752+0800`appName=oms`hostName=docker-20`logLevel= INFO`msg=HikariPool-1 - Starting...
time=2019-04-27T22:00:02.137+0800`appName=oms`hostName=docker-20`logLevel= INFO`msg=HikariPool-1 - Start completed.
time=2019-04-27T22:00:08.118+0800`appName=oms`hostName=docker-20`logLevel= INFO`msg=Tomcat started on port(s): 8083 (http) with context path ''
time=2019-04-27T22:00:08.127+0800`appName=oms`hostName=docker-20`logLevel= INFO`msg=Started Graduation1Application in 15.391 seconds (JVM running for 21.94)
time=2019-04-27T22:00:19.974+0800`appName=oms`hostName=docker-20`logLevel= INFO`msg=Starting without optional epoll library
time=2019-04-27T22:00:19.983+0800`appName=oms`hostName=docker-20`logLevel= INFO`msg=Starting without optional kqueue library
