time=2019-01-05T16:51:31.592+0800`appName=graduation1`hostName=localhost`logLevel=INFO `msg=Starting Graduation1Application on DESKTOP-Q8HC681 with PID 9016 (F:\idea\graduation1\target\classes started by pcdn in F:\idea\graduation1)
time=2019-01-05T16:51:31.622+0800`appName=graduation1`hostName=localhost`logLevel=INFO `msg=The following profiles are active: dev
time=2019-01-05T16:51:31.882+0800`appName=graduation1`hostName=localhost`logLevel=INFO `msg=Refreshing org.springframework.boot.web.servlet.context.AnnotationConfigServletWebServerApplicationContext@57cf54e1: startup date [Sat Jan 05 16:51:31 CST 2019]; root of context hierarchy
time=2019-01-05T16:51:33.112+0800`appName=graduation1`hostName=localhost`logLevel=WARN `msg=No MyBatis mapper was found in '[com.zy.project.mapper]' package. Please check your configuration.
time=2019-01-05T16:51:34.793+0800`appName=graduation1`hostName=localhost`logLevel=INFO `msg=Tomcat initialized with port(s): 8083 (http)
time=2019-01-05T16:51:35.253+0800`appName=graduation1`hostName=localhost`logLevel=INFO `msg=Servlet dispatcherServlet mapped to [/]
time=2019-01-05T16:51:35.263+0800`appName=graduation1`hostName=localhost`logLevel=INFO `msg=Mapping filter: 'characterEncodingFilter' to: [/*]
time=2019-01-05T16:51:35.263+0800`appName=graduation1`hostName=localhost`logLevel=INFO `msg=Mapping filter: 'hiddenHttpMethodFilter' to: [/*]
time=2019-01-05T16:51:35.263+0800`appName=graduation1`hostName=localhost`logLevel=INFO `msg=Mapping filter: 'httpPutFormContentFilter' to: [/*]
time=2019-01-05T16:51:35.263+0800`appName=graduation1`hostName=localhost`logLevel=INFO `msg=Mapping filter: 'requestContextFilter' to: [/*]
time=2019-01-05T16:51:35.953+0800`appName=graduation1`hostName=localhost`logLevel=INFO `msg=HikariPool-1 - Starting...
time=2019-01-05T16:51:36.243+0800`appName=graduation1`hostName=localhost`logLevel=INFO `msg=HikariPool-1 - Start completed.
time=2019-01-05T16:51:40.214+0800`appName=graduation1`hostName=localhost`logLevel=INFO `msg=Tomcat started on port(s): 8083 (http) with context path ''
time=2019-01-05T16:51:40.224+0800`appName=graduation1`hostName=localhost`logLevel=INFO `msg=Started Graduation1Application in 9.241 seconds (JVM running for 13.654)
time=2019-01-05T19:15:54.958+0800`appName=graduation1`hostName=localhost`logLevel=INFO `msg=Starting Graduation1Application on DESKTOP-Q8HC681 with PID 8996 (F:\idea\graduation1\target\classes started by pcdn in F:\idea\graduation1)
time=2019-01-05T19:15:54.998+0800`appName=graduation1`hostName=localhost`logLevel=INFO `msg=The following profiles are active: dev
time=2019-01-05T19:15:55.388+0800`appName=graduation1`hostName=localhost`logLevel=INFO `msg=Refreshing org.springframework.boot.web.servlet.context.AnnotationConfigServletWebServerApplicationContext@7a791b66: startup date [Sat Jan 05 19:15:55 CST 2019]; root of context hierarchy
time=2019-01-05T19:15:58.486+0800`appName=graduation1`hostName=localhost`logLevel=WARN `msg=No MyBatis mapper was found in '[com.zy.project.mapper]' package. Please check your configuration.
time=2019-01-05T19:16:01.387+0800`appName=graduation1`hostName=localhost`logLevel=INFO `msg=Tomcat initialized with port(s): 8083 (http)
time=2019-01-05T19:16:02.126+0800`appName=graduation1`hostName=localhost`logLevel=INFO `msg=Servlet dispatcherServlet mapped to [/]
time=2019-01-05T19:16:02.136+0800`appName=graduation1`hostName=localhost`logLevel=INFO `msg=Mapping filter: 'characterEncodingFilter' to: [/*]
time=2019-01-05T19:16:02.136+0800`appName=graduation1`hostName=localhost`logLevel=INFO `msg=Mapping filter: 'hiddenHttpMethodFilter' to: [/*]
time=2019-01-05T19:16:02.136+0800`appName=graduation1`hostName=localhost`logLevel=INFO `msg=Mapping filter: 'httpPutFormContentFilter' to: [/*]
time=2019-01-05T19:16:02.136+0800`appName=graduation1`hostName=localhost`logLevel=INFO `msg=Mapping filter: 'requestContextFilter' to: [/*]
time=2019-01-05T19:16:03.068+0800`appName=graduation1`hostName=localhost`logLevel=INFO `msg=HikariPool-1 - Starting...
time=2019-01-05T19:16:03.480+0800`appName=graduation1`hostName=localhost`logLevel=INFO `msg=HikariPool-1 - Start completed.
time=2019-01-05T19:16:11.261+0800`appName=graduation1`hostName=localhost`logLevel=INFO `msg=Tomcat started on port(s): 8083 (http) with context path ''
time=2019-01-05T19:16:11.271+0800`appName=graduation1`hostName=localhost`logLevel=INFO `msg=Started Graduation1Application in 17.773 seconds (JVM running for 23.002)
time=2019-01-05T19:16:29.797+0800`appName=graduation1`hostName=localhost`logLevel=INFO `msg=Starting without optional epoll library
time=2019-01-05T19:16:29.805+0800`appName=graduation1`hostName=localhost`logLevel=INFO `msg=Starting without optional kqueue library
time=2019-01-05T19:16:32.557+0800`appName=graduation1`hostName=localhost`logLevel=ERROR`msg=Servlet.service() for servlet [dispatcherServlet] in context with path [] threw exception [Request processing failed; nested exception is org.springframework.data.redis.connection.PoolException: Could not get a resource from the pool; nested exception is io.lettuce.core.RedisConnectionException: Unable to connect to localhost:6379] with root cause java.net.ConnectException: Connection refused: no further information
	at sun.nio.ch.SocketChannelImpl.checkConnect(Native Method)
	at sun.nio.ch.SocketChannelImpl.finishConnect(SocketChannelImpl.java:717)
	at io.netty.channel.socket.nio.NioSocketChannel.doFinishConnect(NioSocketChannel.java:325)
	at io.netty.channel.nio.AbstractNioChannel$AbstractNioUnsafe.finishConnect(AbstractNioChannel.java:340)
	at io.netty.channel.nio.NioEventLoop.processSelectedKey(NioEventLoop.java:635)
	at io.netty.channel.nio.NioEventLoop.processSelectedKeysOptimized(NioEventLoop.java:582)
	at io.netty.channel.nio.NioEventLoop.processSelectedKeys(NioEventLoop.java:499)
	at io.netty.channel.nio.NioEventLoop.run(NioEventLoop.java:461)
	at io.netty.util.concurrent.SingleThreadEventExecutor$5.run(SingleThreadEventExecutor.java:884)
	at io.netty.util.concurrent.FastThreadLocalRunnable.run(FastThreadLocalRunnable.java:30)
	at java.lang.Thread.run(Thread.java:745)

time=2019-01-05T19:16:33.657+0800`appName=graduation1`hostName=localhost`logLevel=ERROR`msg=Servlet.service() for servlet [dispatcherServlet] threw exception java.net.ConnectException: Connection refused: no further information
	at sun.nio.ch.SocketChannelImpl.checkConnect(Native Method)
	at sun.nio.ch.SocketChannelImpl.finishConnect(SocketChannelImpl.java:717)
	at io.netty.channel.socket.nio.NioSocketChannel.doFinishConnect(NioSocketChannel.java:325)
	at io.netty.channel.nio.AbstractNioChannel$AbstractNioUnsafe.finishConnect(AbstractNioChannel.java:340)
	at io.netty.channel.nio.NioEventLoop.processSelectedKey(NioEventLoop.java:635)
	at io.netty.channel.nio.NioEventLoop.processSelectedKeysOptimized(NioEventLoop.java:582)
	at io.netty.channel.nio.NioEventLoop.processSelectedKeys(NioEventLoop.java:499)
	at io.netty.channel.nio.NioEventLoop.run(NioEventLoop.java:461)
	at io.netty.util.concurrent.SingleThreadEventExecutor$5.run(SingleThreadEventExecutor.java:884)
	at io.netty.util.concurrent.FastThreadLocalRunnable.run(FastThreadLocalRunnable.java:30)
	at java.lang.Thread.run(Thread.java:745)

time=2019-01-05T19:16:33.661+0800`appName=graduation1`hostName=localhost`logLevel=ERROR`msg=Exception Processing ErrorPage[errorCode=0, location=/error] org.springframework.web.util.NestedServletException: Request processing failed; nested exception is org.springframework.data.redis.connection.PoolException: Could not get a resource from the pool; nested exception is io.lettuce.core.RedisConnectionException: Unable to connect to localhost:6379
	at org.springframework.web.servlet.FrameworkServlet.processRequest(FrameworkServlet.java:982)
	at org.springframework.web.servlet.FrameworkServlet.doGet(FrameworkServlet.java:866)
	at javax.servlet.http.HttpServlet.service(HttpServlet.java:635)
	at org.springframework.web.servlet.FrameworkServlet.service(FrameworkServlet.java:851)
	at javax.servlet.http.HttpServlet.service(HttpServlet.java:742)
	at org.apache.catalina.core.ApplicationFilterChain.internalDoFilter(ApplicationFilterChain.java:231)
	at org.apache.catalina.core.ApplicationFilterChain.doFilter(ApplicationFilterChain.java:166)
	at org.apache.catalina.core.ApplicationDispatcher.invoke(ApplicationDispatcher.java:728)
	at org.apache.catalina.core.ApplicationDispatcher.processRequest(ApplicationDispatcher.java:472)
	at org.apache.catalina.core.ApplicationDispatcher.doForward(ApplicationDispatcher.java:395)
	at org.apache.catalina.core.ApplicationDispatcher.forward(ApplicationDispatcher.java:316)
	at org.apache.catalina.core.StandardHostValve.custom(StandardHostValve.java:395)
	at org.apache.catalina.core.StandardHostValve.status(StandardHostValve.java:254)
	at org.apache.catalina.core.StandardHostValve.throwable(StandardHostValve.java:349)
	at org.apache.catalina.core.StandardHostValve.invoke(StandardHostValve.java:175)
	at org.apache.catalina.valves.ErrorReportValve.invoke(ErrorReportValve.java:81)
	at org.apache.catalina.core.StandardEngineValve.invoke(StandardEngineValve.java:87)
	at org.apache.catalina.connector.CoyoteAdapter.service(CoyoteAdapter.java:342)
	at org.apache.coyote.http11.Http11Processor.service(Http11Processor.java:803)
	at org.apache.coyote.AbstractProcessorLight.process(AbstractProcessorLight.java:66)
	at org.apache.coyote.AbstractProtocol$ConnectionHandler.process(AbstractProtocol.java:790)
	at org.apache.tomcat.util.net.NioEndpoint$SocketProcessor.doRun(NioEndpoint.java:1468)
	at org.apache.tomcat.util.net.SocketProcessorBase.run(SocketProcessorBase.java:49)
	at java.util.concurrent.ThreadPoolExecutor.runWorker(ThreadPoolExecutor.java:1142)
	at java.util.concurrent.ThreadPoolExecutor$Worker.run(ThreadPoolExecutor.java:617)
	at org.apache.tomcat.util.threads.TaskThread$WrappingRunnable.run(TaskThread.java:61)
	at java.lang.Thread.run(Thread.java:745)
Caused by: org.springframework.data.redis.connection.PoolException: Could not get a resource from the pool; nested exception is io.lettuce.core.RedisConnectionException: Unable to connect to localhost:6379
	at org.springframework.data.redis.connection.lettuce.LettucePoolingConnectionProvider.getConnection(LettucePoolingConnectionProvider.java:86)
	at org.springframework.data.redis.connection.lettuce.LettuceConnectionFactory$SharedConnection.getNativeConnection(LettuceConnectionFactory.java:959)
	at org.springframework.data.redis.connection.lettuce.LettuceConnectionFactory$SharedConnection.getConnection(LettuceConnectionFactory.java:934)
	at org.springframework.data.redis.connection.lettuce.LettuceConnectionFactory.getSharedConnection(LettuceConnectionFactory.java:786)
	at org.springframework.data.redis.connection.lettuce.LettuceConnectionFactory.getConnection(LettuceConnectionFactory.java:300)
	at org.springframework.data.redis.core.RedisConnectionUtils.doGetConnection(RedisConnectionUtils.java:132)
	at org.springframework.data.redis.core.RedisConnectionUtils.getConnection(RedisConnectionUtils.java:95)
	at org.springframework.data.redis.core.RedisConnectionUtils.getConnection(RedisConnectionUtils.java:82)
	at org.springframework.data.redis.core.RedisTemplate.execute(RedisTemplate.java:211)
	at org.springframework.data.redis.core.RedisTemplate.execute(RedisTemplate.java:184)
	at org.springframework.data.redis.core.AbstractOperations.execute(AbstractOperations.java:95)
	at org.springframework.data.redis.core.DefaultValueOperations.get(DefaultValueOperations.java:48)
	at com.zy.graduation1.interceptor.IdentifyInterceptor.identify(IdentifyInterceptor.java:36)
	at com.zy.graduation1.interceptor.IdentifyInterceptor.preHandle(IdentifyInterceptor.java:21)
	at org.springframework.web.servlet.HandlerExecutionChain.applyPreHandle(HandlerExecutionChain.java:136)
	at org.springframework.web.servlet.DispatcherServlet.doDispatch(DispatcherServlet.java:986)
	at org.springframework.web.servlet.DispatcherServlet.doService(DispatcherServlet.java:925)
	at org.springframework.web.servlet.FrameworkServlet.processRequest(FrameworkServlet.java:974)
	... 26 more
Caused by: io.lettuce.core.RedisConnectionException: Unable to connect to localhost:6379
	at io.lettuce.core.RedisConnectionException.create(RedisConnectionException.java:56)
	at io.lettuce.core.AbstractRedisClient.getConnection(AbstractRedisClient.java:233)
	at io.lettuce.core.RedisClient.connectStandalone(RedisClient.java:253)
	at io.lettuce.core.RedisClient.connect(RedisClient.java:202)
	at org.springframework.data.redis.connection.lettuce.StandaloneConnectionProvider.getConnection(StandaloneConnectionProvider.java:56)
	at org.springframework.data.redis.connection.lettuce.LettucePoolingConnectionProvider.lambda$null$0(LettucePoolingConnectionProvider.java:74)
	at io.lettuce.core.support.ConnectionPoolSupport$RedisPooledObjectFactory.create(ConnectionPoolSupport.java:225)
	at io.lettuce.core.support.ConnectionPoolSupport$RedisPooledObjectFactory.create(ConnectionPoolSupport.java:215)
	at org.apache.commons.pool2.BasePooledObjectFactory.makeObject(BasePooledObjectFactory.java:58)
	at org.apache.commons.pool2.impl.GenericObjectPool.create(GenericObjectPool.java:889)
	at org.apache.commons.pool2.impl.GenericObjectPool.borrowObject(GenericObjectPool.java:433)
	at org.apache.commons.pool2.impl.GenericObjectPool.borrowObject(GenericObjectPool.java:362)
	at io.lettuce.core.support.ConnectionPoolSupport$1.borrowObject(ConnectionPoolSupport.java:124)
	at io.lettuce.core.support.ConnectionPoolSupport$1.borrowObject(ConnectionPoolSupport.java:120)
	at org.springframework.data.redis.connection.lettuce.LettucePoolingConnectionProvider.getConnection(LettucePoolingConnectionProvider.java:80)
	... 43 more
Caused by: io.netty.channel.AbstractChannel$AnnotatedConnectException: Connection refused: no further information: localhost/127.0.0.1:6379
	at sun.nio.ch.SocketChannelImpl.checkConnect(Native Method)
	at sun.nio.ch.SocketChannelImpl.finishConnect(SocketChannelImpl.java:717)
	at io.netty.channel.socket.nio.NioSocketChannel.doFinishConnect(NioSocketChannel.java:325)
	at io.netty.channel.nio.AbstractNioChannel$AbstractNioUnsafe.finishConnect(AbstractNioChannel.java:340)
	at io.netty.channel.nio.NioEventLoop.processSelectedKey(NioEventLoop.java:635)
	at io.netty.channel.nio.NioEventLoop.processSelectedKeysOptimized(NioEventLoop.java:582)
	at io.netty.channel.nio.NioEventLoop.processSelectedKeys(NioEventLoop.java:499)
	at io.netty.channel.nio.NioEventLoop.run(NioEventLoop.java:461)
	at io.netty.util.concurrent.SingleThreadEventExecutor$5.run(SingleThreadEventExecutor.java:884)
	at io.netty.util.concurrent.FastThreadLocalRunnable.run(FastThreadLocalRunnable.java:30)
	... 1 more
Caused by: java.net.ConnectException: Connection refused: no further information
	... 11 more

time=2019-01-05T19:19:27.229+0800`appName=graduation1`hostName=localhost`logLevel=INFO `msg=Starting Graduation1Application on DESKTOP-Q8HC681 with PID 12156 (F:\idea\graduation1\target\classes started by pcdn in F:\idea\graduation1)
time=2019-01-05T19:19:27.245+0800`appName=graduation1`hostName=localhost`logLevel=INFO `msg=The following profiles are active: dev
time=2019-01-05T19:19:27.525+0800`appName=graduation1`hostName=localhost`logLevel=INFO `msg=Refreshing org.springframework.boot.web.servlet.context.AnnotationConfigServletWebServerApplicationContext@192d74fb: startup date [Sat Jan 05 19:19:27 CST 2019]; root of context hierarchy
time=2019-01-05T19:19:29.651+0800`appName=graduation1`hostName=localhost`logLevel=WARN `msg=No MyBatis mapper was found in '[com.zy.project.mapper]' package. Please check your configuration.
time=2019-01-05T19:19:32.396+0800`appName=graduation1`hostName=localhost`logLevel=INFO `msg=Tomcat initialized with port(s): 8083 (http)
time=2019-01-05T19:19:33.160+0800`appName=graduation1`hostName=localhost`logLevel=INFO `msg=Servlet dispatcherServlet mapped to [/]
time=2019-01-05T19:19:33.176+0800`appName=graduation1`hostName=localhost`logLevel=INFO `msg=Mapping filter: 'characterEncodingFilter' to: [/*]
time=2019-01-05T19:19:33.176+0800`appName=graduation1`hostName=localhost`logLevel=INFO `msg=Mapping filter: 'hiddenHttpMethodFilter' to: [/*]
time=2019-01-05T19:19:33.176+0800`appName=graduation1`hostName=localhost`logLevel=INFO `msg=Mapping filter: 'httpPutFormContentFilter' to: [/*]
time=2019-01-05T19:19:33.176+0800`appName=graduation1`hostName=localhost`logLevel=INFO `msg=Mapping filter: 'requestContextFilter' to: [/*]
time=2019-01-05T19:19:34.140+0800`appName=graduation1`hostName=localhost`logLevel=INFO `msg=HikariPool-1 - Starting...
time=2019-01-05T19:19:34.528+0800`appName=graduation1`hostName=localhost`logLevel=INFO `msg=HikariPool-1 - Start completed.
time=2019-01-05T19:19:40.861+0800`appName=graduation1`hostName=localhost`logLevel=INFO `msg=Tomcat started on port(s): 8083 (http) with context path ''
time=2019-01-05T19:19:40.873+0800`appName=graduation1`hostName=localhost`logLevel=INFO `msg=Started Graduation1Application in 14.72 seconds (JVM running for 21.971)
time=2019-01-05T19:19:41.621+0800`appName=graduation1`hostName=localhost`logLevel=INFO `msg=Starting without optional epoll library
time=2019-01-05T19:19:41.629+0800`appName=graduation1`hostName=localhost`logLevel=INFO `msg=Starting without optional kqueue library
time=2019-01-05T19:22:12.971+0800`appName=graduation1`hostName=localhost`logLevel=INFO `msg=Starting Graduation1Application on DESKTOP-Q8HC681 with PID 9748 (F:\idea\graduation1\target\classes started by pcdn in F:\idea\graduation1)
time=2019-01-05T19:22:12.987+0800`appName=graduation1`hostName=localhost`logLevel=INFO `msg=The following profiles are active: dev
time=2019-01-05T19:22:13.195+0800`appName=graduation1`hostName=localhost`logLevel=INFO `msg=Refreshing org.springframework.boot.web.servlet.context.AnnotationConfigServletWebServerApplicationContext@20a14b55: startup date [Sat Jan 05 19:22:13 CST 2019]; root of context hierarchy
time=2019-01-05T19:22:14.523+0800`appName=graduation1`hostName=localhost`logLevel=WARN `msg=No MyBatis mapper was found in '[com.zy.project.mapper]' package. Please check your configuration.
time=2019-01-05T19:22:16.894+0800`appName=graduation1`hostName=localhost`logLevel=INFO `msg=Tomcat initialized with port(s): 8083 (http)
time=2019-01-05T19:22:17.616+0800`appName=graduation1`hostName=localhost`logLevel=INFO `msg=Servlet dispatcherServlet mapped to [/]
time=2019-01-05T19:22:17.672+0800`appName=graduation1`hostName=localhost`logLevel=INFO `msg=Mapping filter: 'characterEncodingFilter' to: [/*]
time=2019-01-05T19:22:17.672+0800`appName=graduation1`hostName=localhost`logLevel=INFO `msg=Mapping filter: 'hiddenHttpMethodFilter' to: [/*]
time=2019-01-05T19:22:17.672+0800`appName=graduation1`hostName=localhost`logLevel=INFO `msg=Mapping filter: 'httpPutFormContentFilter' to: [/*]
time=2019-01-05T19:22:17.672+0800`appName=graduation1`hostName=localhost`logLevel=INFO `msg=Mapping filter: 'requestContextFilter' to: [/*]
time=2019-01-05T19:22:18.548+0800`appName=graduation1`hostName=localhost`logLevel=INFO `msg=HikariPool-1 - Starting...
time=2019-01-05T19:22:18.952+0800`appName=graduation1`hostName=localhost`logLevel=INFO `msg=HikariPool-1 - Start completed.
time=2019-01-05T19:22:25.455+0800`appName=graduation1`hostName=localhost`logLevel=INFO `msg=Tomcat started on port(s): 8083 (http) with context path ''
time=2019-01-05T19:22:25.467+0800`appName=graduation1`hostName=localhost`logLevel=INFO `msg=Started Graduation1Application in 13.356 seconds (JVM running for 17.952)
time=2019-01-05T19:22:26.223+0800`appName=graduation1`hostName=localhost`logLevel=INFO `msg=Starting without optional epoll library
time=2019-01-05T19:22:26.231+0800`appName=graduation1`hostName=localhost`logLevel=INFO `msg=Starting without optional kqueue library
time=2019-01-05T19:24:12.634+0800`appName=graduation1`hostName=localhost`logLevel=INFO `msg=Neither @ContextConfiguration nor @ContextHierarchy found for test class [com.zy.graduation1.Graduation1ApplicationTests], using SpringBootContextLoader
time=2019-01-05T19:24:13.160+0800`appName=graduation1`hostName=localhost`logLevel=INFO `msg=Found @SpringBootConfiguration com.zy.graduation1.Graduation1Application for test class com.zy.graduation1.Graduation1ApplicationTests
time=2019-01-05T19:24:13.488+0800`appName=graduation1`hostName=localhost`logLevel=INFO `msg=Loaded default TestExecutionListener class names from location [META-INF/spring.factories]: [org.springframework.boot.test.mock.mockito.MockitoTestExecutionListener, org.springframework.boot.test.mock.mockito.ResetMocksTestExecutionListener, org.springframework.boot.test.autoconfigure.restdocs.RestDocsTestExecutionListener, org.springframework.boot.test.autoconfigure.web.client.MockRestServiceServerResetTestExecutionListener, org.springframework.boot.test.autoconfigure.web.servlet.MockMvcPrintOnlyOnFailureTestExecutionListener, org.springframework.boot.test.autoconfigure.web.servlet.WebDriverTestExecutionListener, org.springframework.test.context.web.ServletTestExecutionListener, org.springframework.test.context.support.DirtiesContextBeforeModesTestExecutionListener, org.springframework.test.context.support.DependencyInjectionTestExecutionListener, org.springframework.test.context.support.DirtiesContextTestExecutionListener, org.springframework.test.context.transaction.TransactionalTestExecutionListener, org.springframework.test.context.jdbc.SqlScriptsTestExecutionListener]
time=2019-01-05T19:24:13.913+0800`appName=graduation1`hostName=localhost`logLevel=INFO `msg=Using TestExecutionListeners: [org.springframework.test.context.web.ServletTestExecutionListener@b83a9be, org.springframework.test.context.support.DirtiesContextBeforeModesTestExecutionListener@2609b277, org.springframework.boot.test.mock.mockito.MockitoTestExecutionListener@1fd14d74, org.springframework.boot.test.autoconfigure.SpringBootDependencyInjectionTestExecutionListener@563e4951, org.springframework.test.context.support.DirtiesContextTestExecutionListener@4066c471, org.springframework.test.context.transaction.TransactionalTestExecutionListener@2b175c00, org.springframework.test.context.jdbc.SqlScriptsTestExecutionListener@3eb81efb, org.springframework.boot.test.mock.mockito.ResetMocksTestExecutionListener@1ae8bcbc, org.springframework.boot.test.autoconfigure.restdocs.RestDocsTestExecutionListener@6cdba6dc, org.springframework.boot.test.autoconfigure.web.client.MockRestServiceServerResetTestExecutionListener@7d3d101b, org.springframework.boot.test.autoconfigure.web.servlet.MockMvcPrintOnlyOnFailureTestExecutionListener@30c8681, org.springframework.boot.test.autoconfigure.web.servlet.WebDriverTestExecutionListener@5cdec700]
time=2019-01-05T19:24:15.369+0800`appName=graduation1`hostName=localhost`logLevel=INFO `msg=Starting Graduation1ApplicationTests on DESKTOP-Q8HC681 with PID 9444 (started by pcdn in F:\idea\graduation1)
time=2019-01-05T19:24:15.369+0800`appName=graduation1`hostName=localhost`logLevel=INFO `msg=The following profiles are active: dev
time=2019-01-05T19:24:18.506+0800`appName=graduation1`hostName=localhost`logLevel=WARN `msg=No MyBatis mapper was found in '[com.zy.project.mapper]' package. Please check your configuration.
time=2019-01-05T19:24:22.564+0800`appName=graduation1`hostName=localhost`logLevel=INFO `msg=HikariPool-1 - Starting...
time=2019-01-05T19:24:23.124+0800`appName=graduation1`hostName=localhost`logLevel=INFO `msg=HikariPool-1 - Start completed.
time=2019-01-05T19:24:37.464+0800`appName=graduation1`hostName=localhost`logLevel=INFO `msg=Started Graduation1ApplicationTests in 23.439 seconds (JVM running for 29.845)
time=2019-01-05T19:24:38.016+0800`appName=graduation1`hostName=localhost`logLevel=INFO `msg=HikariPool-1 - Shutdown initiated...
time=2019-01-05T19:24:38.036+0800`appName=graduation1`hostName=localhost`logLevel=INFO `msg=HikariPool-1 - Shutdown completed.
time=2019-01-05T19:26:36.923+0800`appName=graduation1`hostName=localhost`logLevel=WARN `msg=HikariPool-1 - Thread starvation or clock leap detected (housekeeper delta=45s444ms452µs994ns).
time=2019-01-05T19:27:49.400+0800`appName=graduation1`hostName=localhost`logLevel=INFO `msg=Neither @ContextConfiguration nor @ContextHierarchy found for test class [com.zy.graduation1.Graduation1ApplicationTests], using SpringBootContextLoader
time=2019-01-05T19:27:50.087+0800`appName=graduation1`hostName=localhost`logLevel=INFO `msg=Found @SpringBootConfiguration com.zy.graduation1.Graduation1Application for test class com.zy.graduation1.Graduation1ApplicationTests
time=2019-01-05T19:27:50.701+0800`appName=graduation1`hostName=localhost`logLevel=INFO `msg=Loaded default TestExecutionListener class names from location [META-INF/spring.factories]: [org.springframework.boot.test.mock.mockito.MockitoTestExecutionListener, org.springframework.boot.test.mock.mockito.ResetMocksTestExecutionListener, org.springframework.boot.test.autoconfigure.restdocs.RestDocsTestExecutionListener, org.springframework.boot.test.autoconfigure.web.client.MockRestServiceServerResetTestExecutionListener, org.springframework.boot.test.autoconfigure.web.servlet.MockMvcPrintOnlyOnFailureTestExecutionListener, org.springframework.boot.test.autoconfigure.web.servlet.WebDriverTestExecutionListener, org.springframework.test.context.web.ServletTestExecutionListener, org.springframework.test.context.support.DirtiesContextBeforeModesTestExecutionListener, org.springframework.test.context.support.DependencyInjectionTestExecutionListener, org.springframework.test.context.support.DirtiesContextTestExecutionListener, org.springframework.test.context.transaction.TransactionalTestExecutionListener, org.springframework.test.context.jdbc.SqlScriptsTestExecutionListener]
time=2019-01-05T19:27:52.294+0800`appName=graduation1`hostName=localhost`logLevel=INFO `msg=Using TestExecutionListeners: [org.springframework.test.context.web.ServletTestExecutionListener@182b435b, org.springframework.test.context.support.DirtiesContextBeforeModesTestExecutionListener@4d0402b, org.springframework.boot.test.mock.mockito.MockitoTestExecutionListener@2fa7ae9, org.springframework.boot.test.autoconfigure.SpringBootDependencyInjectionTestExecutionListener@7577b641, org.springframework.test.context.support.DirtiesContextTestExecutionListener@3704122f, org.springframework.test.context.transaction.TransactionalTestExecutionListener@3153ddfc, org.springframework.test.context.jdbc.SqlScriptsTestExecutionListener@60afd40d, org.springframework.boot.test.mock.mockito.ResetMocksTestExecutionListener@28a2a3e7, org.springframework.boot.test.autoconfigure.restdocs.RestDocsTestExecutionListener@3f2049b6, org.springframework.boot.test.autoconfigure.web.client.MockRestServiceServerResetTestExecutionListener@10b3df93, org.springframework.boot.test.autoconfigure.web.servlet.MockMvcPrintOnlyOnFailureTestExecutionListener@ea27e34, org.springframework.boot.test.autoconfigure.web.servlet.WebDriverTestExecutionListener@33a2499c]
time=2019-01-05T19:27:54.276+0800`appName=graduation1`hostName=localhost`logLevel=INFO `msg=Starting Graduation1ApplicationTests on DESKTOP-Q8HC681 with PID 9624 (started by pcdn in F:\idea\graduation1)
time=2019-01-05T19:27:54.278+0800`appName=graduation1`hostName=localhost`logLevel=INFO `msg=The following profiles are active: dev
time=2019-01-05T19:27:58.923+0800`appName=graduation1`hostName=localhost`logLevel=WARN `msg=No MyBatis mapper was found in '[com.zy.project.mapper]' package. Please check your configuration.
time=2019-01-05T19:28:05.300+0800`appName=graduation1`hostName=localhost`logLevel=INFO `msg=Starting Graduation1Application on DESKTOP-Q8HC681 with PID 1384 (F:\idea\graduation1\target\classes started by pcdn in F:\idea\graduation1)
time=2019-01-05T19:28:05.324+0800`appName=graduation1`hostName=localhost`logLevel=INFO `msg=The following profiles are active: dev
time=2019-01-05T19:28:05.640+0800`appName=graduation1`hostName=localhost`logLevel=INFO `msg=Refreshing org.springframework.boot.web.servlet.context.AnnotationConfigServletWebServerApplicationContext@36546a22: startup date [Sat Jan 05 19:28:05 CST 2019]; root of context hierarchy
time=2019-01-05T19:28:06.904+0800`appName=graduation1`hostName=localhost`logLevel=INFO `msg=HikariPool-1 - Starting...
time=2019-01-05T19:28:08.087+0800`appName=graduation1`hostName=localhost`logLevel=INFO `msg=HikariPool-1 - Start completed.
time=2019-01-05T19:28:08.891+0800`appName=graduation1`hostName=localhost`logLevel=WARN `msg=No MyBatis mapper was found in '[com.zy.project.mapper]' package. Please check your configuration.
time=2019-01-05T19:28:15.739+0800`appName=graduation1`hostName=localhost`logLevel=INFO `msg=Tomcat initialized with port(s): 8083 (http)
time=2019-01-05T19:28:18.056+0800`appName=graduation1`hostName=localhost`logLevel=INFO `msg=Servlet dispatcherServlet mapped to [/]
time=2019-01-05T19:28:18.126+0800`appName=graduation1`hostName=localhost`logLevel=INFO `msg=Mapping filter: 'characterEncodingFilter' to: [/*]
time=2019-01-05T19:28:18.126+0800`appName=graduation1`hostName=localhost`logLevel=INFO `msg=Mapping filter: 'hiddenHttpMethodFilter' to: [/*]
time=2019-01-05T19:28:18.126+0800`appName=graduation1`hostName=localhost`logLevel=INFO `msg=Mapping filter: 'httpPutFormContentFilter' to: [/*]
time=2019-01-05T19:28:18.126+0800`appName=graduation1`hostName=localhost`logLevel=INFO `msg=Mapping filter: 'requestContextFilter' to: [/*]
time=2019-01-05T19:28:19.786+0800`appName=graduation1`hostName=localhost`logLevel=INFO `msg=HikariPool-1 - Starting...
time=2019-01-05T19:28:21.101+0800`appName=graduation1`hostName=localhost`logLevel=INFO `msg=HikariPool-1 - Start completed.
time=2019-01-05T19:28:30.196+0800`appName=graduation1`hostName=localhost`logLevel=INFO `msg=Tomcat started on port(s): 8083 (http) with context path ''
time=2019-01-05T19:28:30.205+0800`appName=graduation1`hostName=localhost`logLevel=INFO `msg=Started Graduation1Application in 26.488 seconds (JVM running for 38.986)
time=2019-01-05T19:28:31.115+0800`appName=graduation1`hostName=localhost`logLevel=INFO `msg=Starting without optional epoll library
time=2019-01-05T19:28:31.127+0800`appName=graduation1`hostName=localhost`logLevel=INFO `msg=Starting without optional kqueue library
time=2019-01-05T19:29:42.146+0800`appName=graduation1`hostName=localhost`logLevel=INFO `msg=Starting Graduation1Application on DESKTOP-Q8HC681 with PID 12652 (F:\idea\graduation1\target\classes started by pcdn in F:\idea\graduation1)
time=2019-01-05T19:29:42.181+0800`appName=graduation1`hostName=localhost`logLevel=INFO `msg=The following profiles are active: dev
time=2019-01-05T19:29:42.424+0800`appName=graduation1`hostName=localhost`logLevel=INFO `msg=Refreshing org.springframework.boot.web.servlet.context.AnnotationConfigServletWebServerApplicationContext@3c435123: startup date [Sat Jan 05 19:29:42 CST 2019]; root of context hierarchy
time=2019-01-05T19:29:44.069+0800`appName=graduation1`hostName=localhost`logLevel=WARN `msg=No MyBatis mapper was found in '[com.zy.project.mapper]' package. Please check your configuration.
time=2019-01-05T19:29:47.231+0800`appName=graduation1`hostName=localhost`logLevel=INFO `msg=Tomcat initialized with port(s): 8083 (http)
time=2019-01-05T19:29:48.067+0800`appName=graduation1`hostName=localhost`logLevel=INFO `msg=Servlet dispatcherServlet mapped to [/]
time=2019-01-05T19:29:48.088+0800`appName=graduation1`hostName=localhost`logLevel=INFO `msg=Mapping filter: 'characterEncodingFilter' to: [/*]
time=2019-01-05T19:29:48.089+0800`appName=graduation1`hostName=localhost`logLevel=INFO `msg=Mapping filter: 'hiddenHttpMethodFilter' to: [/*]
time=2019-01-05T19:29:48.090+0800`appName=graduation1`hostName=localhost`logLevel=INFO `msg=Mapping filter: 'httpPutFormContentFilter' to: [/*]
time=2019-01-05T19:29:48.090+0800`appName=graduation1`hostName=localhost`logLevel=INFO `msg=Mapping filter: 'requestContextFilter' to: [/*]
time=2019-01-05T19:29:49.263+0800`appName=graduation1`hostName=localhost`logLevel=INFO `msg=HikariPool-1 - Starting...
time=2019-01-05T19:29:49.683+0800`appName=graduation1`hostName=localhost`logLevel=INFO `msg=HikariPool-1 - Start completed.
time=2019-01-05T19:29:55.097+0800`appName=graduation1`hostName=localhost`logLevel=INFO `msg=Tomcat started on port(s): 8083 (http) with context path ''
time=2019-01-05T19:29:55.106+0800`appName=graduation1`hostName=localhost`logLevel=INFO `msg=Started Graduation1Application in 14.072 seconds (JVM running for 20.166)
time=2019-01-05T19:29:55.515+0800`appName=graduation1`hostName=localhost`logLevel=INFO `msg=Starting without optional epoll library
time=2019-01-05T19:29:55.524+0800`appName=graduation1`hostName=localhost`logLevel=INFO `msg=Starting without optional kqueue library
time=2019-01-05T19:32:03.168+0800`appName=graduation1`hostName=localhost`logLevel=INFO `msg=Starting Graduation1Application on DESKTOP-Q8HC681 with PID 12432 (F:\idea\graduation1\target\classes started by pcdn in F:\idea\graduation1)
time=2019-01-05T19:32:03.280+0800`appName=graduation1`hostName=localhost`logLevel=INFO `msg=The following profiles are active: dev
time=2019-01-05T19:32:03.431+0800`appName=graduation1`hostName=localhost`logLevel=INFO `msg=Refreshing org.springframework.boot.web.servlet.context.AnnotationConfigServletWebServerApplicationContext@531c311e: startup date [Sat Jan 05 19:32:03 CST 2019]; root of context hierarchy
time=2019-01-05T19:32:05.114+0800`appName=graduation1`hostName=localhost`logLevel=WARN `msg=No MyBatis mapper was found in '[com.zy.project.mapper]' package. Please check your configuration.
time=2019-01-05T19:32:07.864+0800`appName=graduation1`hostName=localhost`logLevel=INFO `msg=Tomcat initialized with port(s): 8083 (http)
time=2019-01-05T19:32:08.784+0800`appName=graduation1`hostName=localhost`logLevel=INFO `msg=Servlet dispatcherServlet mapped to [/]
time=2019-01-05T19:32:08.797+0800`appName=graduation1`hostName=localhost`logLevel=INFO `msg=Mapping filter: 'characterEncodingFilter' to: [/*]
time=2019-01-05T19:32:08.798+0800`appName=graduation1`hostName=localhost`logLevel=INFO `msg=Mapping filter: 'hiddenHttpMethodFilter' to: [/*]
time=2019-01-05T19:32:08.798+0800`appName=graduation1`hostName=localhost`logLevel=INFO `msg=Mapping filter: 'httpPutFormContentFilter' to: [/*]
time=2019-01-05T19:32:08.798+0800`appName=graduation1`hostName=localhost`logLevel=INFO `msg=Mapping filter: 'requestContextFilter' to: [/*]
time=2019-01-05T19:32:09.859+0800`appName=graduation1`hostName=localhost`logLevel=INFO `msg=HikariPool-1 - Starting...
time=2019-01-05T19:32:10.282+0800`appName=graduation1`hostName=localhost`logLevel=INFO `msg=HikariPool-1 - Start completed.
time=2019-01-05T19:32:17.107+0800`appName=graduation1`hostName=localhost`logLevel=INFO `msg=Tomcat started on port(s): 8083 (http) with context path ''
time=2019-01-05T19:32:17.117+0800`appName=graduation1`hostName=localhost`logLevel=INFO `msg=Started Graduation1Application in 15.069 seconds (JVM running for 21.721)
time=2019-01-05T19:32:18.212+0800`appName=graduation1`hostName=localhost`logLevel=INFO `msg=Starting without optional epoll library
time=2019-01-05T19:32:18.219+0800`appName=graduation1`hostName=localhost`logLevel=INFO `msg=Starting without optional kqueue library
time=2019-01-05T19:33:50.604+0800`appName=graduation1`hostName=localhost`logLevel=INFO `msg=Starting Graduation1Application on DESKTOP-Q8HC681 with PID 11752 (F:\idea\graduation1\target\classes started by pcdn in F:\idea\graduation1)
time=2019-01-05T19:33:50.625+0800`appName=graduation1`hostName=localhost`logLevel=INFO `msg=The following profiles are active: dev
time=2019-01-05T19:33:51.048+0800`appName=graduation1`hostName=localhost`logLevel=INFO `msg=Refreshing org.springframework.boot.web.servlet.context.AnnotationConfigServletWebServerApplicationContext@29df4d43: startup date [Sat Jan 05 19:33:51 CST 2019]; root of context hierarchy
time=2019-01-05T19:34:03.429+0800`appName=graduation1`hostName=localhost`logLevel=INFO `msg=Starting Graduation1Application on DESKTOP-Q8HC681 with PID 11848 (F:\idea\graduation1\target\classes started by pcdn in F:\idea\graduation1)
time=2019-01-05T19:34:03.452+0800`appName=graduation1`hostName=localhost`logLevel=INFO `msg=The following profiles are active: dev
time=2019-01-05T19:34:03.757+0800`appName=graduation1`hostName=localhost`logLevel=INFO `msg=Refreshing org.springframework.boot.web.servlet.context.AnnotationConfigServletWebServerApplicationContext@2a3c96e3: startup date [Sat Jan 05 19:34:03 CST 2019]; root of context hierarchy
time=2019-01-05T19:34:05.884+0800`appName=graduation1`hostName=localhost`logLevel=WARN `msg=No MyBatis mapper was found in '[com.zy.project.mapper]' package. Please check your configuration.
time=2019-01-05T19:34:09.041+0800`appName=graduation1`hostName=localhost`logLevel=INFO `msg=Tomcat initialized with port(s): 8083 (http)
time=2019-01-05T19:34:09.923+0800`appName=graduation1`hostName=localhost`logLevel=INFO `msg=Servlet dispatcherServlet mapped to [/]
time=2019-01-05T19:34:09.941+0800`appName=graduation1`hostName=localhost`logLevel=INFO `msg=Mapping filter: 'characterEncodingFilter' to: [/*]
time=2019-01-05T19:34:09.942+0800`appName=graduation1`hostName=localhost`logLevel=INFO `msg=Mapping filter: 'hiddenHttpMethodFilter' to: [/*]
time=2019-01-05T19:34:09.943+0800`appName=graduation1`hostName=localhost`logLevel=INFO `msg=Mapping filter: 'httpPutFormContentFilter' to: [/*]
time=2019-01-05T19:34:09.943+0800`appName=graduation1`hostName=localhost`logLevel=INFO `msg=Mapping filter: 'requestContextFilter' to: [/*]
time=2019-01-05T19:34:11.070+0800`appName=graduation1`hostName=localhost`logLevel=INFO `msg=HikariPool-1 - Starting...
time=2019-01-05T19:34:11.562+0800`appName=graduation1`hostName=localhost`logLevel=INFO `msg=HikariPool-1 - Start completed.
time=2019-01-05T19:34:18.366+0800`appName=graduation1`hostName=localhost`logLevel=INFO `msg=Tomcat started on port(s): 8083 (http) with context path ''
time=2019-01-05T19:34:18.375+0800`appName=graduation1`hostName=localhost`logLevel=INFO `msg=Started Graduation1Application in 16.304 seconds (JVM running for 23.453)
time=2019-01-05T19:34:20.651+0800`appName=graduation1`hostName=localhost`logLevel=INFO `msg=Starting without optional epoll library
time=2019-01-05T19:34:20.656+0800`appName=graduation1`hostName=localhost`logLevel=INFO `msg=Starting without optional kqueue library
time=2019-01-05T19:37:05.715+0800`appName=graduation1`hostName=localhost`logLevel=INFO `msg=Starting Graduation1Application on DESKTOP-Q8HC681 with PID 8780 (F:\idea\graduation1\target\classes started by pcdn in F:\idea\graduation1)
time=2019-01-05T19:37:05.753+0800`appName=graduation1`hostName=localhost`logLevel=INFO `msg=The following profiles are active: dev
time=2019-01-05T19:37:06.032+0800`appName=graduation1`hostName=localhost`logLevel=INFO `msg=Refreshing org.springframework.boot.web.servlet.context.AnnotationConfigServletWebServerApplicationContext@2a7686a7: startup date [Sat Jan 05 19:37:06 CST 2019]; root of context hierarchy
time=2019-01-05T19:37:07.647+0800`appName=graduation1`hostName=localhost`logLevel=WARN `msg=No MyBatis mapper was found in '[com.zy.project.mapper]' package. Please check your configuration.
time=2019-01-05T19:37:10.341+0800`appName=graduation1`hostName=localhost`logLevel=INFO `msg=Tomcat initialized with port(s): 8083 (http)
time=2019-01-05T19:37:11.182+0800`appName=graduation1`hostName=localhost`logLevel=INFO `msg=Servlet dispatcherServlet mapped to [/]
time=2019-01-05T19:37:11.195+0800`appName=graduation1`hostName=localhost`logLevel=INFO `msg=Mapping filter: 'characterEncodingFilter' to: [/*]
time=2019-01-05T19:37:11.196+0800`appName=graduation1`hostName=localhost`logLevel=INFO `msg=Mapping filter: 'hiddenHttpMethodFilter' to: [/*]
time=2019-01-05T19:37:11.196+0800`appName=graduation1`hostName=localhost`logLevel=INFO `msg=Mapping filter: 'httpPutFormContentFilter' to: [/*]
time=2019-01-05T19:37:11.197+0800`appName=graduation1`hostName=localhost`logLevel=INFO `msg=Mapping filter: 'requestContextFilter' to: [/*]
time=2019-01-05T19:37:12.153+0800`appName=graduation1`hostName=localhost`logLevel=INFO `msg=HikariPool-1 - Starting...
time=2019-01-05T19:37:12.558+0800`appName=graduation1`hostName=localhost`logLevel=INFO `msg=HikariPool-1 - Start completed.
time=2019-01-05T19:37:19.890+0800`appName=graduation1`hostName=localhost`logLevel=INFO `msg=Tomcat started on port(s): 8083 (http) with context path ''
time=2019-01-05T19:37:19.908+0800`appName=graduation1`hostName=localhost`logLevel=INFO `msg=Started Graduation1Application in 15.238 seconds (JVM running for 20.588)
time=2019-01-05T19:37:20.633+0800`appName=graduation1`hostName=localhost`logLevel=INFO `msg=Starting without optional epoll library
time=2019-01-05T19:37:20.640+0800`appName=graduation1`hostName=localhost`logLevel=INFO `msg=Starting without optional kqueue library
