time=2019-01-01T14:38:00.029+0800`appName=graduation1`hostName=localhost`logLevel=INFO `msg=Starting Graduation1Application on DESKTOP-Q8HC681 with PID 2056 (F:\idea\graduation1\target\classes started by pcdn in F:\idea\graduation1)
time=2019-01-01T14:38:00.101+0800`appName=graduation1`hostName=localhost`logLevel=INFO `msg=The following profiles are active: dev
time=2019-01-01T14:38:00.697+0800`appName=graduation1`hostName=localhost`logLevel=INFO `msg=Refreshing org.springframework.boot.web.servlet.context.AnnotationConfigServletWebServerApplicationContext@d5b810e: startup date [Tue Jan 01 14:38:00 CST 2019]; root of context hierarchy
time=2019-01-01T14:38:03.120+0800`appName=graduation1`hostName=localhost`logLevel=WARN `msg=No MyBatis mapper was found in '[com.zy.project.mapper]' package. Please check your configuration.
time=2019-01-01T14:38:05.843+0800`appName=graduation1`hostName=localhost`logLevel=INFO `msg=Tomcat initialized with port(s): 8083 (http)
time=2019-01-01T14:38:06.906+0800`appName=graduation1`hostName=localhost`logLevel=INFO `msg=Servlet dispatcherServlet mapped to [/]
time=2019-01-01T14:38:06.936+0800`appName=graduation1`hostName=localhost`logLevel=INFO `msg=Mapping filter: 'characterEncodingFilter' to: [/*]
time=2019-01-01T14:38:06.939+0800`appName=graduation1`hostName=localhost`logLevel=INFO `msg=Mapping filter: 'hiddenHttpMethodFilter' to: [/*]
time=2019-01-01T14:38:06.940+0800`appName=graduation1`hostName=localhost`logLevel=INFO `msg=Mapping filter: 'httpPutFormContentFilter' to: [/*]
time=2019-01-01T14:38:06.940+0800`appName=graduation1`hostName=localhost`logLevel=INFO `msg=Mapping filter: 'requestContextFilter' to: [/*]
time=2019-01-01T14:38:07.908+0800`appName=graduation1`hostName=localhost`logLevel=INFO `msg=HikariPool-1 - Starting...
time=2019-01-01T14:38:08.293+0800`appName=graduation1`hostName=localhost`logLevel=INFO `msg=HikariPool-1 - Start completed.
time=2019-01-01T14:38:12.871+0800`appName=graduation1`hostName=localhost`logLevel=INFO `msg=Tomcat started on port(s): 8083 (http) with context path ''
time=2019-01-01T14:38:12.882+0800`appName=graduation1`hostName=localhost`logLevel=INFO `msg=Started Graduation1Application in 14.385 seconds (JVM running for 22.512)
time=2019-01-01T14:39:14.281+0800`appName=graduation1`hostName=localhost`logLevel=INFO `msg=Starting without optional epoll library
time=2019-01-01T14:39:14.284+0800`appName=graduation1`hostName=localhost`logLevel=INFO `msg=Starting without optional kqueue library
time=2019-01-01T14:39:16.428+0800`appName=graduation1`hostName=localhost`logLevel=ERROR`msg=Servlet.service() for servlet [dispatcherServlet] in context with path [] threw exception [Request processing failed; nested exception is org.springframework.data.redis.connection.PoolException: Could not get a resource from the pool; nested exception is io.lettuce.core.RedisConnectionException: Unable to connect to localhost:6379] with root cause java.net.ConnectException: Connection refused: no further information
	at sun.nio.ch.SocketChannelImpl.checkConnect(Native Method)
	at sun.nio.ch.SocketChannelImpl.finishConnect(SocketChannelImpl.java:717)
	at io.netty.channel.socket.nio.NioSocketChannel.doFinishConnect(NioSocketChannel.java:325)
	at io.netty.channel.nio.AbstractNioChannel$AbstractNioUnsafe.finishConnect(AbstractNioChannel.java:340)
	at io.netty.channel.nio.NioEventLoop.processSelectedKey(NioEventLoop.java:635)
	at io.netty.channel.nio.NioEventLoop.processSelectedKeysOptimized(NioEventLoop.java:582)
	at io.netty.channel.nio.NioEventLoop.processSelectedKeys(NioEventLoop.java:499)
	at io.netty.channel.nio.NioEventLoop.run(NioEventLoop.java:461)
	at io.netty.util.concurrent.SingleThreadEventExecutor$5.run(SingleThreadEventExecutor.java:884)
	at io.netty.util.concurrent.FastThreadLocalRunnable.run(FastThreadLocalRunnable.java:30)
	at java.lang.Thread.run(Thread.java:745)

time=2019-01-01T14:39:17.452+0800`appName=graduation1`hostName=localhost`logLevel=ERROR`msg=Servlet.service() for servlet [dispatcherServlet] threw exception java.net.ConnectException: Connection refused: no further information
	at sun.nio.ch.SocketChannelImpl.checkConnect(Native Method)
	at sun.nio.ch.SocketChannelImpl.finishConnect(SocketChannelImpl.java:717)
	at io.netty.channel.socket.nio.NioSocketChannel.doFinishConnect(NioSocketChannel.java:325)
	at io.netty.channel.nio.AbstractNioChannel$AbstractNioUnsafe.finishConnect(AbstractNioChannel.java:340)
	at io.netty.channel.nio.NioEventLoop.processSelectedKey(NioEventLoop.java:635)
	at io.netty.channel.nio.NioEventLoop.processSelectedKeysOptimized(NioEventLoop.java:582)
	at io.netty.channel.nio.NioEventLoop.processSelectedKeys(NioEventLoop.java:499)
	at io.netty.channel.nio.NioEventLoop.run(NioEventLoop.java:461)
	at io.netty.util.concurrent.SingleThreadEventExecutor$5.run(SingleThreadEventExecutor.java:884)
	at io.netty.util.concurrent.FastThreadLocalRunnable.run(FastThreadLocalRunnable.java:30)
	at java.lang.Thread.run(Thread.java:745)

time=2019-01-01T14:39:17.454+0800`appName=graduation1`hostName=localhost`logLevel=ERROR`msg=Exception Processing ErrorPage[errorCode=0, location=/error] org.springframework.web.util.NestedServletException: Request processing failed; nested exception is org.springframework.data.redis.connection.PoolException: Could not get a resource from the pool; nested exception is io.lettuce.core.RedisConnectionException: Unable to connect to localhost:6379
	at org.springframework.web.servlet.FrameworkServlet.processRequest(FrameworkServlet.java:982)
	at org.springframework.web.servlet.FrameworkServlet.doGet(FrameworkServlet.java:866)
	at javax.servlet.http.HttpServlet.service(HttpServlet.java:635)
	at org.springframework.web.servlet.FrameworkServlet.service(FrameworkServlet.java:851)
	at javax.servlet.http.HttpServlet.service(HttpServlet.java:742)
	at org.apache.catalina.core.ApplicationFilterChain.internalDoFilter(ApplicationFilterChain.java:231)
	at org.apache.catalina.core.ApplicationFilterChain.doFilter(ApplicationFilterChain.java:166)
	at org.apache.catalina.core.ApplicationDispatcher.invoke(ApplicationDispatcher.java:728)
	at org.apache.catalina.core.ApplicationDispatcher.processRequest(ApplicationDispatcher.java:472)
	at org.apache.catalina.core.ApplicationDispatcher.doForward(ApplicationDispatcher.java:395)
	at org.apache.catalina.core.ApplicationDispatcher.forward(ApplicationDispatcher.java:316)
	at org.apache.catalina.core.StandardHostValve.custom(StandardHostValve.java:395)
	at org.apache.catalina.core.StandardHostValve.status(StandardHostValve.java:254)
	at org.apache.catalina.core.StandardHostValve.throwable(StandardHostValve.java:349)
	at org.apache.catalina.core.StandardHostValve.invoke(StandardHostValve.java:175)
	at org.apache.catalina.valves.ErrorReportValve.invoke(ErrorReportValve.java:81)
	at org.apache.catalina.core.StandardEngineValve.invoke(StandardEngineValve.java:87)
	at org.apache.catalina.connector.CoyoteAdapter.service(CoyoteAdapter.java:342)
	at org.apache.coyote.http11.Http11Processor.service(Http11Processor.java:803)
	at org.apache.coyote.AbstractProcessorLight.process(AbstractProcessorLight.java:66)
	at org.apache.coyote.AbstractProtocol$ConnectionHandler.process(AbstractProtocol.java:790)
	at org.apache.tomcat.util.net.NioEndpoint$SocketProcessor.doRun(NioEndpoint.java:1468)
	at org.apache.tomcat.util.net.SocketProcessorBase.run(SocketProcessorBase.java:49)
	at java.util.concurrent.ThreadPoolExecutor.runWorker(ThreadPoolExecutor.java:1142)
	at java.util.concurrent.ThreadPoolExecutor$Worker.run(ThreadPoolExecutor.java:617)
	at org.apache.tomcat.util.threads.TaskThread$WrappingRunnable.run(TaskThread.java:61)
	at java.lang.Thread.run(Thread.java:745)
Caused by: org.springframework.data.redis.connection.PoolException: Could not get a resource from the pool; nested exception is io.lettuce.core.RedisConnectionException: Unable to connect to localhost:6379
	at org.springframework.data.redis.connection.lettuce.LettucePoolingConnectionProvider.getConnection(LettucePoolingConnectionProvider.java:86)
	at org.springframework.data.redis.connection.lettuce.LettuceConnectionFactory$SharedConnection.getNativeConnection(LettuceConnectionFactory.java:959)
	at org.springframework.data.redis.connection.lettuce.LettuceConnectionFactory$SharedConnection.getConnection(LettuceConnectionFactory.java:934)
	at org.springframework.data.redis.connection.lettuce.LettuceConnectionFactory.getSharedConnection(LettuceConnectionFactory.java:786)
	at org.springframework.data.redis.connection.lettuce.LettuceConnectionFactory.getConnection(LettuceConnectionFactory.java:300)
	at org.springframework.data.redis.core.RedisConnectionUtils.doGetConnection(RedisConnectionUtils.java:132)
	at org.springframework.data.redis.core.RedisConnectionUtils.getConnection(RedisConnectionUtils.java:95)
	at org.springframework.data.redis.core.RedisConnectionUtils.getConnection(RedisConnectionUtils.java:82)
	at org.springframework.data.redis.core.RedisTemplate.execute(RedisTemplate.java:211)
	at org.springframework.data.redis.core.RedisTemplate.execute(RedisTemplate.java:184)
	at org.springframework.data.redis.core.AbstractOperations.execute(AbstractOperations.java:95)
	at org.springframework.data.redis.core.DefaultValueOperations.get(DefaultValueOperations.java:48)
	at com.zy.graduation1.interceptor.IdentifyInterceptor.identify(IdentifyInterceptor.java:36)
	at com.zy.graduation1.interceptor.IdentifyInterceptor.preHandle(IdentifyInterceptor.java:21)
	at org.springframework.web.servlet.HandlerExecutionChain.applyPreHandle(HandlerExecutionChain.java:136)
	at org.springframework.web.servlet.DispatcherServlet.doDispatch(DispatcherServlet.java:986)
	at org.springframework.web.servlet.DispatcherServlet.doService(DispatcherServlet.java:925)
	at org.springframework.web.servlet.FrameworkServlet.processRequest(FrameworkServlet.java:974)
	... 26 more
Caused by: io.lettuce.core.RedisConnectionException: Unable to connect to localhost:6379
	at io.lettuce.core.RedisConnectionException.create(RedisConnectionException.java:56)
	at io.lettuce.core.AbstractRedisClient.getConnection(AbstractRedisClient.java:233)
	at io.lettuce.core.RedisClient.connectStandalone(RedisClient.java:253)
	at io.lettuce.core.RedisClient.connect(RedisClient.java:202)
	at org.springframework.data.redis.connection.lettuce.StandaloneConnectionProvider.getConnection(StandaloneConnectionProvider.java:56)
	at org.springframework.data.redis.connection.lettuce.LettucePoolingConnectionProvider.lambda$null$0(LettucePoolingConnectionProvider.java:74)
	at io.lettuce.core.support.ConnectionPoolSupport$RedisPooledObjectFactory.create(ConnectionPoolSupport.java:225)
	at io.lettuce.core.support.ConnectionPoolSupport$RedisPooledObjectFactory.create(ConnectionPoolSupport.java:215)
	at org.apache.commons.pool2.BasePooledObjectFactory.makeObject(BasePooledObjectFactory.java:58)
	at org.apache.commons.pool2.impl.GenericObjectPool.create(GenericObjectPool.java:889)
	at org.apache.commons.pool2.impl.GenericObjectPool.borrowObject(GenericObjectPool.java:433)
	at org.apache.commons.pool2.impl.GenericObjectPool.borrowObject(GenericObjectPool.java:362)
	at io.lettuce.core.support.ConnectionPoolSupport$1.borrowObject(ConnectionPoolSupport.java:124)
	at io.lettuce.core.support.ConnectionPoolSupport$1.borrowObject(ConnectionPoolSupport.java:120)
	at org.springframework.data.redis.connection.lettuce.LettucePoolingConnectionProvider.getConnection(LettucePoolingConnectionProvider.java:80)
	... 43 more
Caused by: io.netty.channel.AbstractChannel$AnnotatedConnectException: Connection refused: no further information: localhost/127.0.0.1:6379
	at sun.nio.ch.SocketChannelImpl.checkConnect(Native Method)
	at sun.nio.ch.SocketChannelImpl.finishConnect(SocketChannelImpl.java:717)
	at io.netty.channel.socket.nio.NioSocketChannel.doFinishConnect(NioSocketChannel.java:325)
	at io.netty.channel.nio.AbstractNioChannel$AbstractNioUnsafe.finishConnect(AbstractNioChannel.java:340)
	at io.netty.channel.nio.NioEventLoop.processSelectedKey(NioEventLoop.java:635)
	at io.netty.channel.nio.NioEventLoop.processSelectedKeysOptimized(NioEventLoop.java:582)
	at io.netty.channel.nio.NioEventLoop.processSelectedKeys(NioEventLoop.java:499)
	at io.netty.channel.nio.NioEventLoop.run(NioEventLoop.java:461)
	at io.netty.util.concurrent.SingleThreadEventExecutor$5.run(SingleThreadEventExecutor.java:884)
	at io.netty.util.concurrent.FastThreadLocalRunnable.run(FastThreadLocalRunnable.java:30)
	... 1 more
Caused by: java.net.ConnectException: Connection refused: no further information
	... 11 more

time=2019-01-01T14:47:36.662+0800`appName=graduation1`hostName=localhost`logLevel=INFO `msg=Starting Graduation1Application on DESKTOP-Q8HC681 with PID 8600 (F:\idea\graduation1\target\classes started by pcdn in F:\idea\graduation1)
time=2019-01-01T14:47:36.671+0800`appName=graduation1`hostName=localhost`logLevel=INFO `msg=The following profiles are active: dev
time=2019-01-01T14:47:36.872+0800`appName=graduation1`hostName=localhost`logLevel=INFO `msg=Refreshing org.springframework.boot.web.servlet.context.AnnotationConfigServletWebServerApplicationContext@2ed2d9cb: startup date [Tue Jan 01 14:47:36 CST 2019]; root of context hierarchy
time=2019-01-01T14:47:38.076+0800`appName=graduation1`hostName=localhost`logLevel=WARN `msg=No MyBatis mapper was found in '[com.zy.project.mapper]' package. Please check your configuration.
time=2019-01-01T14:47:39.796+0800`appName=graduation1`hostName=localhost`logLevel=INFO `msg=Tomcat initialized with port(s): 8083 (http)
time=2019-01-01T14:47:40.327+0800`appName=graduation1`hostName=localhost`logLevel=INFO `msg=Servlet dispatcherServlet mapped to [/]
time=2019-01-01T14:47:40.336+0800`appName=graduation1`hostName=localhost`logLevel=INFO `msg=Mapping filter: 'characterEncodingFilter' to: [/*]
time=2019-01-01T14:47:40.337+0800`appName=graduation1`hostName=localhost`logLevel=INFO `msg=Mapping filter: 'hiddenHttpMethodFilter' to: [/*]
time=2019-01-01T14:47:40.337+0800`appName=graduation1`hostName=localhost`logLevel=INFO `msg=Mapping filter: 'httpPutFormContentFilter' to: [/*]
time=2019-01-01T14:47:40.337+0800`appName=graduation1`hostName=localhost`logLevel=INFO `msg=Mapping filter: 'requestContextFilter' to: [/*]
time=2019-01-01T14:47:40.987+0800`appName=graduation1`hostName=localhost`logLevel=INFO `msg=HikariPool-1 - Starting...
time=2019-01-01T14:47:41.312+0800`appName=graduation1`hostName=localhost`logLevel=INFO `msg=HikariPool-1 - Start completed.
time=2019-01-01T14:47:44.611+0800`appName=graduation1`hostName=localhost`logLevel=INFO `msg=Tomcat started on port(s): 8083 (http) with context path ''
time=2019-01-01T14:47:44.618+0800`appName=graduation1`hostName=localhost`logLevel=INFO `msg=Started Graduation1Application in 8.595 seconds (JVM running for 11.747)
time=2019-01-01T14:47:50.497+0800`appName=graduation1`hostName=localhost`logLevel=INFO `msg=Starting without optional epoll library
time=2019-01-01T14:47:50.500+0800`appName=graduation1`hostName=localhost`logLevel=INFO `msg=Starting without optional kqueue library
time=2019-01-01T15:01:37.731+0800`appName=graduation1`hostName=localhost`logLevel=ERROR`msg=Application run failed java.lang.IllegalStateException: Failed to load property source from location 'classpath:/application.yml'
	at org.springframework.boot.context.config.ConfigFileApplicationListener$Loader.load(ConfigFileApplicationListener.java:538)
	at org.springframework.boot.context.config.ConfigFileApplicationListener$Loader.loadForFileExtension(ConfigFileApplicationListener.java:497)
	at org.springframework.boot.context.config.ConfigFileApplicationListener$Loader.load(ConfigFileApplicationListener.java:465)
	at org.springframework.boot.context.config.ConfigFileApplicationListener$Loader.lambda$null$6(ConfigFileApplicationListener.java:447)
	at java.lang.Iterable.forEach(Iterable.java:75)
	at org.springframework.boot.context.config.ConfigFileApplicationListener$Loader.lambda$load$7(ConfigFileApplicationListener.java:446)
	at java.lang.Iterable.forEach(Iterable.java:75)
	at org.springframework.boot.context.config.ConfigFileApplicationListener$Loader.load(ConfigFileApplicationListener.java:443)
	at org.springframework.boot.context.config.ConfigFileApplicationListener$Loader.load(ConfigFileApplicationListener.java:335)
	at org.springframework.boot.context.config.ConfigFileApplicationListener.addPropertySources(ConfigFileApplicationListener.java:214)
	at org.springframework.boot.context.config.ConfigFileApplicationListener.postProcessEnvironment(ConfigFileApplicationListener.java:197)
	at org.springframework.boot.context.config.ConfigFileApplicationListener.onApplicationEnvironmentPreparedEvent(ConfigFileApplicationListener.java:184)
	at org.springframework.boot.context.config.ConfigFileApplicationListener.onApplicationEvent(ConfigFileApplicationListener.java:170)
	at org.springframework.context.event.SimpleApplicationEventMulticaster.doInvokeListener(SimpleApplicationEventMulticaster.java:172)
	at org.springframework.context.event.SimpleApplicationEventMulticaster.invokeListener(SimpleApplicationEventMulticaster.java:165)
	at org.springframework.context.event.SimpleApplicationEventMulticaster.multicastEvent(SimpleApplicationEventMulticaster.java:139)
	at org.springframework.context.event.SimpleApplicationEventMulticaster.multicastEvent(SimpleApplicationEventMulticaster.java:127)
	at org.springframework.boot.context.event.EventPublishingRunListener.environmentPrepared(EventPublishingRunListener.java:74)
	at org.springframework.boot.SpringApplicationRunListeners.environmentPrepared(SpringApplicationRunListeners.java:54)
	at org.springframework.boot.SpringApplication.prepareEnvironment(SpringApplication.java:358)
	at org.springframework.boot.SpringApplication.run(SpringApplication.java:317)
	at org.springframework.boot.SpringApplication.run(SpringApplication.java:1255)
	at org.springframework.boot.SpringApplication.run(SpringApplication.java:1243)
	at com.zy.graduation1.Graduation1Application.main(Graduation1Application.java:12)
Caused by: while parsing a block mapping
 in 'reader', line 2, column 1:
    spring:
    ^
expected <block end>, but found BlockMappingStart
 in 'reader', line 23, column 3:
      resources:
      ^

	at org.yaml.snakeyaml.parser.ParserImpl$ParseBlockMappingKey.produce(ParserImpl.java:571)
	at org.yaml.snakeyaml.parser.ParserImpl.peekEvent(ParserImpl.java:157)
	at org.yaml.snakeyaml.parser.ParserImpl.checkEvent(ParserImpl.java:147)
	at org.yaml.snakeyaml.composer.Composer.composeMappingNode(Composer.java:227)
	at org.yaml.snakeyaml.composer.Composer.composeNode(Composer.java:154)
	at org.yaml.snakeyaml.composer.Composer.composeDocument(Composer.java:122)
	at org.yaml.snakeyaml.composer.Composer.getNode(Composer.java:84)
	at org.yaml.snakeyaml.constructor.BaseConstructor.getData(BaseConstructor.java:123)
	at org.yaml.snakeyaml.Yaml$1.next(Yaml.java:547)
	at org.springframework.beans.factory.config.YamlProcessor.process(YamlProcessor.java:166)
	at org.springframework.beans.factory.config.YamlProcessor.process(YamlProcessor.java:139)
	at org.springframework.boot.env.OriginTrackedYamlLoader.load(OriginTrackedYamlLoader.java:75)
	at org.springframework.boot.env.YamlPropertySourceLoader.load(YamlPropertySourceLoader.java:50)
	at org.springframework.boot.context.config.ConfigFileApplicationListener$Loader.loadDocuments(ConfigFileApplicationListener.java:556)
	at org.springframework.boot.context.config.ConfigFileApplicationListener$Loader.load(ConfigFileApplicationListener.java:518)
	... 23 more

time=2019-01-01T15:02:45.692+0800`appName=graduation1`hostName=localhost`logLevel=ERROR`msg=Application run failed java.lang.IllegalStateException: Failed to load property source from location 'classpath:/application.yml'
	at org.springframework.boot.context.config.ConfigFileApplicationListener$Loader.load(ConfigFileApplicationListener.java:538)
	at org.springframework.boot.context.config.ConfigFileApplicationListener$Loader.loadForFileExtension(ConfigFileApplicationListener.java:497)
	at org.springframework.boot.context.config.ConfigFileApplicationListener$Loader.load(ConfigFileApplicationListener.java:465)
	at org.springframework.boot.context.config.ConfigFileApplicationListener$Loader.lambda$null$6(ConfigFileApplicationListener.java:447)
	at java.lang.Iterable.forEach(Iterable.java:75)
	at org.springframework.boot.context.config.ConfigFileApplicationListener$Loader.lambda$load$7(ConfigFileApplicationListener.java:446)
	at java.lang.Iterable.forEach(Iterable.java:75)
	at org.springframework.boot.context.config.ConfigFileApplicationListener$Loader.load(ConfigFileApplicationListener.java:443)
	at org.springframework.boot.context.config.ConfigFileApplicationListener$Loader.load(ConfigFileApplicationListener.java:335)
	at org.springframework.boot.context.config.ConfigFileApplicationListener.addPropertySources(ConfigFileApplicationListener.java:214)
	at org.springframework.boot.context.config.ConfigFileApplicationListener.postProcessEnvironment(ConfigFileApplicationListener.java:197)
	at org.springframework.boot.context.config.ConfigFileApplicationListener.onApplicationEnvironmentPreparedEvent(ConfigFileApplicationListener.java:184)
	at org.springframework.boot.context.config.ConfigFileApplicationListener.onApplicationEvent(ConfigFileApplicationListener.java:170)
	at org.springframework.context.event.SimpleApplicationEventMulticaster.doInvokeListener(SimpleApplicationEventMulticaster.java:172)
	at org.springframework.context.event.SimpleApplicationEventMulticaster.invokeListener(SimpleApplicationEventMulticaster.java:165)
	at org.springframework.context.event.SimpleApplicationEventMulticaster.multicastEvent(SimpleApplicationEventMulticaster.java:139)
	at org.springframework.context.event.SimpleApplicationEventMulticaster.multicastEvent(SimpleApplicationEventMulticaster.java:127)
	at org.springframework.boot.context.event.EventPublishingRunListener.environmentPrepared(EventPublishingRunListener.java:74)
	at org.springframework.boot.SpringApplicationRunListeners.environmentPrepared(SpringApplicationRunListeners.java:54)
	at org.springframework.boot.SpringApplication.prepareEnvironment(SpringApplication.java:358)
	at org.springframework.boot.SpringApplication.run(SpringApplication.java:317)
	at org.springframework.boot.SpringApplication.run(SpringApplication.java:1255)
	at org.springframework.boot.SpringApplication.run(SpringApplication.java:1243)
	at com.zy.graduation1.Graduation1Application.main(Graduation1Application.java:12)
Caused by: while parsing a block mapping
 in 'reader', line 2, column 1:
    spring:
    ^
expected <block end>, but found BlockMappingStart
 in 'reader', line 23, column 3:
      resources:
      ^

	at org.yaml.snakeyaml.parser.ParserImpl$ParseBlockMappingKey.produce(ParserImpl.java:571)
	at org.yaml.snakeyaml.parser.ParserImpl.peekEvent(ParserImpl.java:157)
	at org.yaml.snakeyaml.parser.ParserImpl.checkEvent(ParserImpl.java:147)
	at org.yaml.snakeyaml.composer.Composer.composeMappingNode(Composer.java:227)
	at org.yaml.snakeyaml.composer.Composer.composeNode(Composer.java:154)
	at org.yaml.snakeyaml.composer.Composer.composeDocument(Composer.java:122)
	at org.yaml.snakeyaml.composer.Composer.getNode(Composer.java:84)
	at org.yaml.snakeyaml.constructor.BaseConstructor.getData(BaseConstructor.java:123)
	at org.yaml.snakeyaml.Yaml$1.next(Yaml.java:547)
	at org.springframework.beans.factory.config.YamlProcessor.process(YamlProcessor.java:166)
	at org.springframework.beans.factory.config.YamlProcessor.process(YamlProcessor.java:139)
	at org.springframework.boot.env.OriginTrackedYamlLoader.load(OriginTrackedYamlLoader.java:75)
	at org.springframework.boot.env.YamlPropertySourceLoader.load(YamlPropertySourceLoader.java:50)
	at org.springframework.boot.context.config.ConfigFileApplicationListener$Loader.loadDocuments(ConfigFileApplicationListener.java:556)
	at org.springframework.boot.context.config.ConfigFileApplicationListener$Loader.load(ConfigFileApplicationListener.java:518)
	... 23 more

time=2019-01-01T15:03:03.197+0800`appName=graduation1`hostName=localhost`logLevel=INFO `msg=Starting Graduation1Application on DESKTOP-Q8HC681 with PID 1060 (F:\idea\graduation1\target\classes started by pcdn in F:\idea\graduation1)
time=2019-01-01T15:03:03.206+0800`appName=graduation1`hostName=localhost`logLevel=INFO `msg=The following profiles are active: dev
time=2019-01-01T15:03:03.390+0800`appName=graduation1`hostName=localhost`logLevel=INFO `msg=Refreshing org.springframework.boot.web.servlet.context.AnnotationConfigServletWebServerApplicationContext@57cf54e1: startup date [Tue Jan 01 15:03:03 CST 2019]; root of context hierarchy
time=2019-01-01T15:03:04.337+0800`appName=graduation1`hostName=localhost`logLevel=WARN `msg=No MyBatis mapper was found in '[com.zy.project.mapper]' package. Please check your configuration.
time=2019-01-01T15:03:06.092+0800`appName=graduation1`hostName=localhost`logLevel=INFO `msg=Tomcat initialized with port(s): 8083 (http)
time=2019-01-01T15:03:06.720+0800`appName=graduation1`hostName=localhost`logLevel=INFO `msg=Servlet dispatcherServlet mapped to [/]
time=2019-01-01T15:03:06.730+0800`appName=graduation1`hostName=localhost`logLevel=INFO `msg=Mapping filter: 'characterEncodingFilter' to: [/*]
time=2019-01-01T15:03:06.731+0800`appName=graduation1`hostName=localhost`logLevel=INFO `msg=Mapping filter: 'hiddenHttpMethodFilter' to: [/*]
time=2019-01-01T15:03:06.731+0800`appName=graduation1`hostName=localhost`logLevel=INFO `msg=Mapping filter: 'httpPutFormContentFilter' to: [/*]
time=2019-01-01T15:03:06.732+0800`appName=graduation1`hostName=localhost`logLevel=INFO `msg=Mapping filter: 'requestContextFilter' to: [/*]
time=2019-01-01T15:03:07.532+0800`appName=graduation1`hostName=localhost`logLevel=INFO `msg=HikariPool-1 - Starting...
time=2019-01-01T15:03:08.099+0800`appName=graduation1`hostName=localhost`logLevel=INFO `msg=HikariPool-1 - Start completed.
time=2019-01-01T15:03:13.777+0800`appName=graduation1`hostName=localhost`logLevel=INFO `msg=Tomcat started on port(s): 8083 (http) with context path ''
time=2019-01-01T15:03:13.787+0800`appName=graduation1`hostName=localhost`logLevel=INFO `msg=Started Graduation1Application in 11.253 seconds (JVM running for 14.394)
time=2019-01-01T15:05:28.692+0800`appName=graduation1`hostName=localhost`logLevel=ERROR`msg=Application run failed java.lang.IllegalStateException: Failed to load property source from location 'classpath:/application.yml'
	at org.springframework.boot.context.config.ConfigFileApplicationListener$Loader.load(ConfigFileApplicationListener.java:538)
	at org.springframework.boot.context.config.ConfigFileApplicationListener$Loader.loadForFileExtension(ConfigFileApplicationListener.java:497)
	at org.springframework.boot.context.config.ConfigFileApplicationListener$Loader.load(ConfigFileApplicationListener.java:465)
	at org.springframework.boot.context.config.ConfigFileApplicationListener$Loader.lambda$null$6(ConfigFileApplicationListener.java:447)
	at java.lang.Iterable.forEach(Iterable.java:75)
	at org.springframework.boot.context.config.ConfigFileApplicationListener$Loader.lambda$load$7(ConfigFileApplicationListener.java:446)
	at java.lang.Iterable.forEach(Iterable.java:75)
	at org.springframework.boot.context.config.ConfigFileApplicationListener$Loader.load(ConfigFileApplicationListener.java:443)
	at org.springframework.boot.context.config.ConfigFileApplicationListener$Loader.load(ConfigFileApplicationListener.java:335)
	at org.springframework.boot.context.config.ConfigFileApplicationListener.addPropertySources(ConfigFileApplicationListener.java:214)
	at org.springframework.boot.context.config.ConfigFileApplicationListener.postProcessEnvironment(ConfigFileApplicationListener.java:197)
	at org.springframework.boot.context.config.ConfigFileApplicationListener.onApplicationEnvironmentPreparedEvent(ConfigFileApplicationListener.java:184)
	at org.springframework.boot.context.config.ConfigFileApplicationListener.onApplicationEvent(ConfigFileApplicationListener.java:170)
	at org.springframework.context.event.SimpleApplicationEventMulticaster.doInvokeListener(SimpleApplicationEventMulticaster.java:172)
	at org.springframework.context.event.SimpleApplicationEventMulticaster.invokeListener(SimpleApplicationEventMulticaster.java:165)
	at org.springframework.context.event.SimpleApplicationEventMulticaster.multicastEvent(SimpleApplicationEventMulticaster.java:139)
	at org.springframework.context.event.SimpleApplicationEventMulticaster.multicastEvent(SimpleApplicationEventMulticaster.java:127)
	at org.springframework.boot.context.event.EventPublishingRunListener.environmentPrepared(EventPublishingRunListener.java:74)
	at org.springframework.boot.SpringApplicationRunListeners.environmentPrepared(SpringApplicationRunListeners.java:54)
	at org.springframework.boot.SpringApplication.prepareEnvironment(SpringApplication.java:358)
	at org.springframework.boot.SpringApplication.run(SpringApplication.java:317)
	at org.springframework.boot.SpringApplication.run(SpringApplication.java:1255)
	at org.springframework.boot.SpringApplication.run(SpringApplication.java:1243)
	at com.zy.graduation1.Graduation1Application.main(Graduation1Application.java:12)
Caused by: while parsing a block mapping
 in 'reader', line 2, column 1:
    spring:
    ^
expected <block end>, but found BlockMappingStart
 in 'reader', line 23, column 3:
      thymeleaf:
      ^

	at org.yaml.snakeyaml.parser.ParserImpl$ParseBlockMappingKey.produce(ParserImpl.java:571)
	at org.yaml.snakeyaml.parser.ParserImpl.peekEvent(ParserImpl.java:157)
	at org.yaml.snakeyaml.parser.ParserImpl.checkEvent(ParserImpl.java:147)
	at org.yaml.snakeyaml.composer.Composer.composeMappingNode(Composer.java:227)
	at org.yaml.snakeyaml.composer.Composer.composeNode(Composer.java:154)
	at org.yaml.snakeyaml.composer.Composer.composeDocument(Composer.java:122)
	at org.yaml.snakeyaml.composer.Composer.getNode(Composer.java:84)
	at org.yaml.snakeyaml.constructor.BaseConstructor.getData(BaseConstructor.java:123)
	at org.yaml.snakeyaml.Yaml$1.next(Yaml.java:547)
	at org.springframework.beans.factory.config.YamlProcessor.process(YamlProcessor.java:166)
	at org.springframework.beans.factory.config.YamlProcessor.process(YamlProcessor.java:139)
	at org.springframework.boot.env.OriginTrackedYamlLoader.load(OriginTrackedYamlLoader.java:75)
	at org.springframework.boot.env.YamlPropertySourceLoader.load(YamlPropertySourceLoader.java:50)
	at org.springframework.boot.context.config.ConfigFileApplicationListener$Loader.loadDocuments(ConfigFileApplicationListener.java:556)
	at org.springframework.boot.context.config.ConfigFileApplicationListener$Loader.load(ConfigFileApplicationListener.java:518)
	... 23 more

time=2019-01-01T15:06:34.440+0800`appName=graduation1`hostName=localhost`logLevel=ERROR`msg=Application run failed java.lang.IllegalStateException: Failed to load property source from location 'classpath:/application.yml'
	at org.springframework.boot.context.config.ConfigFileApplicationListener$Loader.load(ConfigFileApplicationListener.java:538)
	at org.springframework.boot.context.config.ConfigFileApplicationListener$Loader.loadForFileExtension(ConfigFileApplicationListener.java:497)
	at org.springframework.boot.context.config.ConfigFileApplicationListener$Loader.load(ConfigFileApplicationListener.java:465)
	at org.springframework.boot.context.config.ConfigFileApplicationListener$Loader.lambda$null$6(ConfigFileApplicationListener.java:447)
	at java.lang.Iterable.forEach(Iterable.java:75)
	at org.springframework.boot.context.config.ConfigFileApplicationListener$Loader.lambda$load$7(ConfigFileApplicationListener.java:446)
	at java.lang.Iterable.forEach(Iterable.java:75)
	at org.springframework.boot.context.config.ConfigFileApplicationListener$Loader.load(ConfigFileApplicationListener.java:443)
	at org.springframework.boot.context.config.ConfigFileApplicationListener$Loader.load(ConfigFileApplicationListener.java:335)
	at org.springframework.boot.context.config.ConfigFileApplicationListener.addPropertySources(ConfigFileApplicationListener.java:214)
	at org.springframework.boot.context.config.ConfigFileApplicationListener.postProcessEnvironment(ConfigFileApplicationListener.java:197)
	at org.springframework.boot.context.config.ConfigFileApplicationListener.onApplicationEnvironmentPreparedEvent(ConfigFileApplicationListener.java:184)
	at org.springframework.boot.context.config.ConfigFileApplicationListener.onApplicationEvent(ConfigFileApplicationListener.java:170)
	at org.springframework.context.event.SimpleApplicationEventMulticaster.doInvokeListener(SimpleApplicationEventMulticaster.java:172)
	at org.springframework.context.event.SimpleApplicationEventMulticaster.invokeListener(SimpleApplicationEventMulticaster.java:165)
	at org.springframework.context.event.SimpleApplicationEventMulticaster.multicastEvent(SimpleApplicationEventMulticaster.java:139)
	at org.springframework.context.event.SimpleApplicationEventMulticaster.multicastEvent(SimpleApplicationEventMulticaster.java:127)
	at org.springframework.boot.context.event.EventPublishingRunListener.environmentPrepared(EventPublishingRunListener.java:74)
	at org.springframework.boot.SpringApplicationRunListeners.environmentPrepared(SpringApplicationRunListeners.java:54)
	at org.springframework.boot.SpringApplication.prepareEnvironment(SpringApplication.java:358)
	at org.springframework.boot.SpringApplication.run(SpringApplication.java:317)
	at org.springframework.boot.SpringApplication.run(SpringApplication.java:1255)
	at org.springframework.boot.SpringApplication.run(SpringApplication.java:1243)
	at com.zy.graduation1.Graduation1Application.main(Graduation1Application.java:12)
Caused by: while parsing a block mapping
 in 'reader', line 2, column 1:
    spring:
    ^
expected <block end>, but found BlockMappingStart
 in 'reader', line 23, column 3:
      thymeleaf:
      ^

	at org.yaml.snakeyaml.parser.ParserImpl$ParseBlockMappingKey.produce(ParserImpl.java:571)
	at org.yaml.snakeyaml.parser.ParserImpl.peekEvent(ParserImpl.java:157)
	at org.yaml.snakeyaml.parser.ParserImpl.checkEvent(ParserImpl.java:147)
	at org.yaml.snakeyaml.composer.Composer.composeMappingNode(Composer.java:227)
	at org.yaml.snakeyaml.composer.Composer.composeNode(Composer.java:154)
	at org.yaml.snakeyaml.composer.Composer.composeDocument(Composer.java:122)
	at org.yaml.snakeyaml.composer.Composer.getNode(Composer.java:84)
	at org.yaml.snakeyaml.constructor.BaseConstructor.getData(BaseConstructor.java:123)
	at org.yaml.snakeyaml.Yaml$1.next(Yaml.java:547)
	at org.springframework.beans.factory.config.YamlProcessor.process(YamlProcessor.java:166)
	at org.springframework.beans.factory.config.YamlProcessor.process(YamlProcessor.java:139)
	at org.springframework.boot.env.OriginTrackedYamlLoader.load(OriginTrackedYamlLoader.java:75)
	at org.springframework.boot.env.YamlPropertySourceLoader.load(YamlPropertySourceLoader.java:50)
	at org.springframework.boot.context.config.ConfigFileApplicationListener$Loader.loadDocuments(ConfigFileApplicationListener.java:556)
	at org.springframework.boot.context.config.ConfigFileApplicationListener$Loader.load(ConfigFileApplicationListener.java:518)
	... 23 more

time=2019-01-01T15:14:07.006+0800`appName=graduation1`hostName=localhost`logLevel=INFO `msg=Starting Graduation1Application on DESKTOP-Q8HC681 with PID 572 (F:\idea\graduation1\target\classes started by pcdn in F:\idea\graduation1)
time=2019-01-01T15:14:07.041+0800`appName=graduation1`hostName=localhost`logLevel=INFO `msg=The following profiles are active: dev
time=2019-01-01T15:14:07.222+0800`appName=graduation1`hostName=localhost`logLevel=INFO `msg=Refreshing org.springframework.boot.web.servlet.context.AnnotationConfigServletWebServerApplicationContext@5b03b9fe: startup date [Tue Jan 01 15:14:07 CST 2019]; root of context hierarchy
time=2019-01-01T15:14:08.609+0800`appName=graduation1`hostName=localhost`logLevel=WARN `msg=No MyBatis mapper was found in '[com.zy.project.mapper]' package. Please check your configuration.
time=2019-01-01T15:14:10.490+0800`appName=graduation1`hostName=localhost`logLevel=INFO `msg=Tomcat initialized with port(s): 8083 (http)
time=2019-01-01T15:14:11.077+0800`appName=graduation1`hostName=localhost`logLevel=INFO `msg=Servlet dispatcherServlet mapped to [/]
time=2019-01-01T15:14:11.086+0800`appName=graduation1`hostName=localhost`logLevel=INFO `msg=Mapping filter: 'characterEncodingFilter' to: [/*]
time=2019-01-01T15:14:11.087+0800`appName=graduation1`hostName=localhost`logLevel=INFO `msg=Mapping filter: 'hiddenHttpMethodFilter' to: [/*]
time=2019-01-01T15:14:11.087+0800`appName=graduation1`hostName=localhost`logLevel=INFO `msg=Mapping filter: 'httpPutFormContentFilter' to: [/*]
time=2019-01-01T15:14:11.088+0800`appName=graduation1`hostName=localhost`logLevel=INFO `msg=Mapping filter: 'requestContextFilter' to: [/*]
time=2019-01-01T15:14:11.877+0800`appName=graduation1`hostName=localhost`logLevel=INFO `msg=HikariPool-1 - Starting...
time=2019-01-01T15:14:12.197+0800`appName=graduation1`hostName=localhost`logLevel=INFO `msg=HikariPool-1 - Start completed.
time=2019-01-01T15:14:16.092+0800`appName=graduation1`hostName=localhost`logLevel=INFO `msg=Tomcat started on port(s): 8083 (http) with context path ''
time=2019-01-01T15:14:16.099+0800`appName=graduation1`hostName=localhost`logLevel=INFO `msg=Started Graduation1Application in 9.846 seconds (JVM running for 13.363)
time=2019-01-01T15:14:26.252+0800`appName=graduation1`hostName=localhost`logLevel=INFO `msg=Starting without optional epoll library
time=2019-01-01T15:14:26.255+0800`appName=graduation1`hostName=localhost`logLevel=INFO `msg=Starting without optional kqueue library
time=2019-01-01T15:16:44.898+0800`appName=graduation1`hostName=localhost`logLevel=INFO `msg=Starting Graduation1Application on DESKTOP-Q8HC681 with PID 2220 (F:\idea\graduation1\target\classes started by pcdn in F:\idea\graduation1)
time=2019-01-01T15:16:44.926+0800`appName=graduation1`hostName=localhost`logLevel=INFO `msg=The following profiles are active: dev
time=2019-01-01T15:16:45.102+0800`appName=graduation1`hostName=localhost`logLevel=INFO `msg=Refreshing org.springframework.boot.web.servlet.context.AnnotationConfigServletWebServerApplicationContext@57cf54e1: startup date [Tue Jan 01 15:16:45 CST 2019]; root of context hierarchy
time=2019-01-01T15:16:46.256+0800`appName=graduation1`hostName=localhost`logLevel=WARN `msg=No MyBatis mapper was found in '[com.zy.project.mapper]' package. Please check your configuration.
time=2019-01-01T15:16:47.867+0800`appName=graduation1`hostName=localhost`logLevel=INFO `msg=Tomcat initialized with port(s): 8083 (http)
time=2019-01-01T15:16:48.374+0800`appName=graduation1`hostName=localhost`logLevel=INFO `msg=Servlet dispatcherServlet mapped to [/]
time=2019-01-01T15:16:48.382+0800`appName=graduation1`hostName=localhost`logLevel=INFO `msg=Mapping filter: 'characterEncodingFilter' to: [/*]
time=2019-01-01T15:16:48.383+0800`appName=graduation1`hostName=localhost`logLevel=INFO `msg=Mapping filter: 'hiddenHttpMethodFilter' to: [/*]
time=2019-01-01T15:16:48.383+0800`appName=graduation1`hostName=localhost`logLevel=INFO `msg=Mapping filter: 'httpPutFormContentFilter' to: [/*]
time=2019-01-01T15:16:48.383+0800`appName=graduation1`hostName=localhost`logLevel=INFO `msg=Mapping filter: 'requestContextFilter' to: [/*]
time=2019-01-01T15:16:49.035+0800`appName=graduation1`hostName=localhost`logLevel=INFO `msg=HikariPool-1 - Starting...
time=2019-01-01T15:16:49.319+0800`appName=graduation1`hostName=localhost`logLevel=INFO `msg=HikariPool-1 - Start completed.
time=2019-01-01T15:16:53.271+0800`appName=graduation1`hostName=localhost`logLevel=INFO `msg=Tomcat started on port(s): 8083 (http) with context path ''
time=2019-01-01T15:16:53.277+0800`appName=graduation1`hostName=localhost`logLevel=INFO `msg=Started Graduation1Application in 9.042 seconds (JVM running for 12.425)
time=2019-01-01T15:16:54.632+0800`appName=graduation1`hostName=localhost`logLevel=INFO `msg=Starting without optional epoll library
time=2019-01-01T15:16:54.636+0800`appName=graduation1`hostName=localhost`logLevel=INFO `msg=Starting without optional kqueue library
time=2019-01-01T15:17:58.475+0800`appName=graduation1`hostName=localhost`logLevel=INFO `msg=Starting Graduation1Application on DESKTOP-Q8HC681 with PID 12724 (F:\idea\graduation1\target\classes started by pcdn in F:\idea\graduation1)
time=2019-01-01T15:17:58.486+0800`appName=graduation1`hostName=localhost`logLevel=INFO `msg=The following profiles are active: dev
time=2019-01-01T15:17:58.733+0800`appName=graduation1`hostName=localhost`logLevel=INFO `msg=Refreshing org.springframework.boot.web.servlet.context.AnnotationConfigServletWebServerApplicationContext@5b03b9fe: startup date [Tue Jan 01 15:17:58 CST 2019]; root of context hierarchy
time=2019-01-01T15:18:00.234+0800`appName=graduation1`hostName=localhost`logLevel=WARN `msg=No MyBatis mapper was found in '[com.zy.project.mapper]' package. Please check your configuration.
time=2019-01-01T15:18:02.786+0800`appName=graduation1`hostName=localhost`logLevel=INFO `msg=Tomcat initialized with port(s): 8083 (http)
time=2019-01-01T15:18:03.548+0800`appName=graduation1`hostName=localhost`logLevel=INFO `msg=Servlet dispatcherServlet mapped to [/]
time=2019-01-01T15:18:03.559+0800`appName=graduation1`hostName=localhost`logLevel=INFO `msg=Mapping filter: 'characterEncodingFilter' to: [/*]
time=2019-01-01T15:18:03.559+0800`appName=graduation1`hostName=localhost`logLevel=INFO `msg=Mapping filter: 'hiddenHttpMethodFilter' to: [/*]
time=2019-01-01T15:18:03.560+0800`appName=graduation1`hostName=localhost`logLevel=INFO `msg=Mapping filter: 'httpPutFormContentFilter' to: [/*]
time=2019-01-01T15:18:03.560+0800`appName=graduation1`hostName=localhost`logLevel=INFO `msg=Mapping filter: 'requestContextFilter' to: [/*]
time=2019-01-01T15:18:04.779+0800`appName=graduation1`hostName=localhost`logLevel=INFO `msg=HikariPool-1 - Starting...
time=2019-01-01T15:18:05.147+0800`appName=graduation1`hostName=localhost`logLevel=INFO `msg=HikariPool-1 - Start completed.
time=2019-01-01T15:18:10.230+0800`appName=graduation1`hostName=localhost`logLevel=INFO `msg=Tomcat started on port(s): 8083 (http) with context path ''
time=2019-01-01T15:18:10.241+0800`appName=graduation1`hostName=localhost`logLevel=INFO `msg=Started Graduation1Application in 12.78 seconds (JVM running for 18.82)
time=2019-01-01T15:18:10.982+0800`appName=graduation1`hostName=localhost`logLevel=INFO `msg=Starting without optional epoll library
time=2019-01-01T15:18:10.987+0800`appName=graduation1`hostName=localhost`logLevel=INFO `msg=Starting without optional kqueue library
time=2019-01-01T15:27:45.873+0800`appName=graduation1`hostName=localhost`logLevel=INFO `msg=Starting Graduation1Application on DESKTOP-Q8HC681 with PID 2400 (F:\idea\graduation1\target\classes started by pcdn in F:\idea\graduation1)
time=2019-01-01T15:27:45.910+0800`appName=graduation1`hostName=localhost`logLevel=INFO `msg=The following profiles are active: dev
time=2019-01-01T15:27:46.141+0800`appName=graduation1`hostName=localhost`logLevel=INFO `msg=Refreshing org.springframework.boot.web.servlet.context.AnnotationConfigServletWebServerApplicationContext@57cf54e1: startup date [Tue Jan 01 15:27:46 CST 2019]; root of context hierarchy
time=2019-01-01T15:27:47.583+0800`appName=graduation1`hostName=localhost`logLevel=WARN `msg=No MyBatis mapper was found in '[com.zy.project.mapper]' package. Please check your configuration.
time=2019-01-01T15:27:49.784+0800`appName=graduation1`hostName=localhost`logLevel=INFO `msg=Tomcat initialized with port(s): 8083 (http)
time=2019-01-01T15:27:50.429+0800`appName=graduation1`hostName=localhost`logLevel=INFO `msg=Servlet dispatcherServlet mapped to [/]
time=2019-01-01T15:27:50.441+0800`appName=graduation1`hostName=localhost`logLevel=INFO `msg=Mapping filter: 'characterEncodingFilter' to: [/*]
time=2019-01-01T15:27:50.441+0800`appName=graduation1`hostName=localhost`logLevel=INFO `msg=Mapping filter: 'hiddenHttpMethodFilter' to: [/*]
time=2019-01-01T15:27:50.442+0800`appName=graduation1`hostName=localhost`logLevel=INFO `msg=Mapping filter: 'httpPutFormContentFilter' to: [/*]
time=2019-01-01T15:27:50.442+0800`appName=graduation1`hostName=localhost`logLevel=INFO `msg=Mapping filter: 'requestContextFilter' to: [/*]
time=2019-01-01T15:27:51.323+0800`appName=graduation1`hostName=localhost`logLevel=INFO `msg=HikariPool-1 - Starting...
time=2019-01-01T15:27:51.717+0800`appName=graduation1`hostName=localhost`logLevel=INFO `msg=HikariPool-1 - Start completed.
time=2019-01-01T15:27:56.693+0800`appName=graduation1`hostName=localhost`logLevel=INFO `msg=Tomcat started on port(s): 8083 (http) with context path ''
time=2019-01-01T15:27:56.704+0800`appName=graduation1`hostName=localhost`logLevel=INFO `msg=Started Graduation1Application in 11.802 seconds (JVM running for 17.141)
time=2019-01-01T15:27:59.728+0800`appName=graduation1`hostName=localhost`logLevel=INFO `msg=Starting without optional epoll library
time=2019-01-01T15:27:59.731+0800`appName=graduation1`hostName=localhost`logLevel=INFO `msg=Starting without optional kqueue library
time=2019-01-01T18:46:48.504+0800`appName=graduation1`hostName=localhost`logLevel=INFO `msg=Starting Graduation1Application on DESKTOP-Q8HC681 with PID 10868 (F:\idea\graduation1\target\classes started by pcdn in F:\idea\graduation1)
time=2019-01-01T18:46:48.517+0800`appName=graduation1`hostName=localhost`logLevel=INFO `msg=The following profiles are active: dev
time=2019-01-01T18:46:48.759+0800`appName=graduation1`hostName=localhost`logLevel=INFO `msg=Refreshing org.springframework.boot.web.servlet.context.AnnotationConfigServletWebServerApplicationContext@5b03b9fe: startup date [Tue Jan 01 18:46:48 CST 2019]; root of context hierarchy
time=2019-01-01T18:46:50.279+0800`appName=graduation1`hostName=localhost`logLevel=WARN `msg=No MyBatis mapper was found in '[com.zy.project.mapper]' package. Please check your configuration.
time=2019-01-01T18:46:52.609+0800`appName=graduation1`hostName=localhost`logLevel=INFO `msg=Tomcat initialized with port(s): 8083 (http)
time=2019-01-01T18:46:53.281+0800`appName=graduation1`hostName=localhost`logLevel=INFO `msg=Servlet dispatcherServlet mapped to [/]
time=2019-01-01T18:46:53.290+0800`appName=graduation1`hostName=localhost`logLevel=INFO `msg=Mapping filter: 'characterEncodingFilter' to: [/*]
time=2019-01-01T18:46:53.291+0800`appName=graduation1`hostName=localhost`logLevel=INFO `msg=Mapping filter: 'hiddenHttpMethodFilter' to: [/*]
time=2019-01-01T18:46:53.291+0800`appName=graduation1`hostName=localhost`logLevel=INFO `msg=Mapping filter: 'httpPutFormContentFilter' to: [/*]
time=2019-01-01T18:46:53.291+0800`appName=graduation1`hostName=localhost`logLevel=INFO `msg=Mapping filter: 'requestContextFilter' to: [/*]
time=2019-01-01T18:46:54.232+0800`appName=graduation1`hostName=localhost`logLevel=INFO `msg=HikariPool-1 - Starting...
time=2019-01-01T18:46:54.601+0800`appName=graduation1`hostName=localhost`logLevel=INFO `msg=HikariPool-1 - Start completed.
time=2019-01-01T18:47:00.322+0800`appName=graduation1`hostName=localhost`logLevel=INFO `msg=Tomcat started on port(s): 8083 (http) with context path ''
time=2019-01-01T18:47:00.334+0800`appName=graduation1`hostName=localhost`logLevel=INFO `msg=Started Graduation1Application in 12.876 seconds (JVM running for 16.698)
time=2019-01-01T18:47:02.447+0800`appName=graduation1`hostName=localhost`logLevel=INFO `msg=Starting without optional epoll library
time=2019-01-01T18:47:02.452+0800`appName=graduation1`hostName=localhost`logLevel=INFO `msg=Starting without optional kqueue library
time=2019-01-01T18:50:51.373+0800`appName=graduation1`hostName=localhost`logLevel=INFO `msg=Neither @ContextConfiguration nor @ContextHierarchy found for test class [com.zy.graduation1.Graduation1ApplicationTests], using SpringBootContextLoader
time=2019-01-01T18:50:51.827+0800`appName=graduation1`hostName=localhost`logLevel=INFO `msg=Found @SpringBootConfiguration com.zy.graduation1.Graduation1Application for test class com.zy.graduation1.Graduation1ApplicationTests
time=2019-01-01T18:50:52.414+0800`appName=graduation1`hostName=localhost`logLevel=INFO `msg=Loaded default TestExecutionListener class names from location [META-INF/spring.factories]: [org.springframework.boot.test.mock.mockito.MockitoTestExecutionListener, org.springframework.boot.test.mock.mockito.ResetMocksTestExecutionListener, org.springframework.boot.test.autoconfigure.restdocs.RestDocsTestExecutionListener, org.springframework.boot.test.autoconfigure.web.client.MockRestServiceServerResetTestExecutionListener, org.springframework.boot.test.autoconfigure.web.servlet.MockMvcPrintOnlyOnFailureTestExecutionListener, org.springframework.boot.test.autoconfigure.web.servlet.WebDriverTestExecutionListener, org.springframework.test.context.web.ServletTestExecutionListener, org.springframework.test.context.support.DirtiesContextBeforeModesTestExecutionListener, org.springframework.test.context.support.DependencyInjectionTestExecutionListener, org.springframework.test.context.support.DirtiesContextTestExecutionListener, org.springframework.test.context.transaction.TransactionalTestExecutionListener, org.springframework.test.context.jdbc.SqlScriptsTestExecutionListener]
time=2019-01-01T18:50:52.979+0800`appName=graduation1`hostName=localhost`logLevel=INFO `msg=Using TestExecutionListeners: [org.springframework.test.context.web.ServletTestExecutionListener@b83a9be, org.springframework.test.context.support.DirtiesContextBeforeModesTestExecutionListener@2609b277, org.springframework.boot.test.mock.mockito.MockitoTestExecutionListener@1fd14d74, org.springframework.boot.test.autoconfigure.SpringBootDependencyInjectionTestExecutionListener@563e4951, org.springframework.test.context.support.DirtiesContextTestExecutionListener@4066c471, org.springframework.test.context.transaction.TransactionalTestExecutionListener@2b175c00, org.springframework.test.context.jdbc.SqlScriptsTestExecutionListener@3eb81efb, org.springframework.boot.test.mock.mockito.ResetMocksTestExecutionListener@1ae8bcbc, org.springframework.boot.test.autoconfigure.restdocs.RestDocsTestExecutionListener@6cdba6dc, org.springframework.boot.test.autoconfigure.web.client.MockRestServiceServerResetTestExecutionListener@7d3d101b, org.springframework.boot.test.autoconfigure.web.servlet.MockMvcPrintOnlyOnFailureTestExecutionListener@30c8681, org.springframework.boot.test.autoconfigure.web.servlet.WebDriverTestExecutionListener@5cdec700]
time=2019-01-01T18:50:54.417+0800`appName=graduation1`hostName=localhost`logLevel=INFO `msg=Starting Graduation1ApplicationTests on DESKTOP-Q8HC681 with PID 2240 (started by pcdn in F:\idea\graduation1)
time=2019-01-01T18:50:54.418+0800`appName=graduation1`hostName=localhost`logLevel=INFO `msg=The following profiles are active: dev
time=2019-01-01T18:50:58.160+0800`appName=graduation1`hostName=localhost`logLevel=WARN `msg=No MyBatis mapper was found in '[com.zy.project.mapper]' package. Please check your configuration.
time=2019-01-01T18:51:02.969+0800`appName=graduation1`hostName=localhost`logLevel=INFO `msg=HikariPool-1 - Starting...
time=2019-01-01T18:51:03.618+0800`appName=graduation1`hostName=localhost`logLevel=INFO `msg=HikariPool-1 - Start completed.
time=2019-01-01T18:51:35.674+0800`appName=graduation1`hostName=localhost`logLevel=INFO `msg=Neither @ContextConfiguration nor @ContextHierarchy found for test class [com.zy.graduation1.Graduation1ApplicationTests], using SpringBootContextLoader
time=2019-01-01T18:51:36.298+0800`appName=graduation1`hostName=localhost`logLevel=INFO `msg=Found @SpringBootConfiguration com.zy.graduation1.Graduation1Application for test class com.zy.graduation1.Graduation1ApplicationTests
time=2019-01-01T18:51:36.865+0800`appName=graduation1`hostName=localhost`logLevel=INFO `msg=Loaded default TestExecutionListener class names from location [META-INF/spring.factories]: [org.springframework.boot.test.mock.mockito.MockitoTestExecutionListener, org.springframework.boot.test.mock.mockito.ResetMocksTestExecutionListener, org.springframework.boot.test.autoconfigure.restdocs.RestDocsTestExecutionListener, org.springframework.boot.test.autoconfigure.web.client.MockRestServiceServerResetTestExecutionListener, org.springframework.boot.test.autoconfigure.web.servlet.MockMvcPrintOnlyOnFailureTestExecutionListener, org.springframework.boot.test.autoconfigure.web.servlet.WebDriverTestExecutionListener, org.springframework.test.context.web.ServletTestExecutionListener, org.springframework.test.context.support.DirtiesContextBeforeModesTestExecutionListener, org.springframework.test.context.support.DependencyInjectionTestExecutionListener, org.springframework.test.context.support.DirtiesContextTestExecutionListener, org.springframework.test.context.transaction.TransactionalTestExecutionListener, org.springframework.test.context.jdbc.SqlScriptsTestExecutionListener]
time=2019-01-01T18:51:37.384+0800`appName=graduation1`hostName=localhost`logLevel=INFO `msg=Using TestExecutionListeners: [org.springframework.test.context.web.ServletTestExecutionListener@b83a9be, org.springframework.test.context.support.DirtiesContextBeforeModesTestExecutionListener@2609b277, org.springframework.boot.test.mock.mockito.MockitoTestExecutionListener@1fd14d74, org.springframework.boot.test.autoconfigure.SpringBootDependencyInjectionTestExecutionListener@563e4951, org.springframework.test.context.support.DirtiesContextTestExecutionListener@4066c471, org.springframework.test.context.transaction.TransactionalTestExecutionListener@2b175c00, org.springframework.test.context.jdbc.SqlScriptsTestExecutionListener@3eb81efb, org.springframework.boot.test.mock.mockito.ResetMocksTestExecutionListener@1ae8bcbc, org.springframework.boot.test.autoconfigure.restdocs.RestDocsTestExecutionListener@6cdba6dc, org.springframework.boot.test.autoconfigure.web.client.MockRestServiceServerResetTestExecutionListener@7d3d101b, org.springframework.boot.test.autoconfigure.web.servlet.MockMvcPrintOnlyOnFailureTestExecutionListener@30c8681, org.springframework.boot.test.autoconfigure.web.servlet.WebDriverTestExecutionListener@5cdec700]
time=2019-01-01T18:51:38.803+0800`appName=graduation1`hostName=localhost`logLevel=INFO `msg=Starting Graduation1ApplicationTests on DESKTOP-Q8HC681 with PID 8164 (started by pcdn in F:\idea\graduation1)
time=2019-01-01T18:51:38.803+0800`appName=graduation1`hostName=localhost`logLevel=INFO `msg=The following profiles are active: dev
time=2019-01-01T18:51:41.540+0800`appName=graduation1`hostName=localhost`logLevel=WARN `msg=No MyBatis mapper was found in '[com.zy.project.mapper]' package. Please check your configuration.
time=2019-01-01T18:51:45.604+0800`appName=graduation1`hostName=localhost`logLevel=INFO `msg=HikariPool-1 - Starting...
time=2019-01-01T18:51:46.173+0800`appName=graduation1`hostName=localhost`logLevel=INFO `msg=HikariPool-1 - Start completed.
time=2019-01-01T18:52:00.813+0800`appName=graduation1`hostName=localhost`logLevel=INFO `msg=Started Graduation1ApplicationTests in 23.317 seconds (JVM running for 30.082)
time=2019-01-01T18:52:01.868+0800`appName=graduation1`hostName=localhost`logLevel=INFO `msg=HikariPool-1 - Shutdown initiated...
time=2019-01-01T18:52:01.893+0800`appName=graduation1`hostName=localhost`logLevel=INFO `msg=HikariPool-1 - Shutdown completed.
time=2019-01-01T18:52:39.653+0800`appName=graduation1`hostName=localhost`logLevel=INFO `msg=Neither @ContextConfiguration nor @ContextHierarchy found for test class [com.zy.graduation1.Graduation1ApplicationTests], using SpringBootContextLoader
time=2019-01-01T18:52:40.446+0800`appName=graduation1`hostName=localhost`logLevel=INFO `msg=Found @SpringBootConfiguration com.zy.graduation1.Graduation1Application for test class com.zy.graduation1.Graduation1ApplicationTests
time=2019-01-01T18:52:40.950+0800`appName=graduation1`hostName=localhost`logLevel=INFO `msg=Loaded default TestExecutionListener class names from location [META-INF/spring.factories]: [org.springframework.boot.test.mock.mockito.MockitoTestExecutionListener, org.springframework.boot.test.mock.mockito.ResetMocksTestExecutionListener, org.springframework.boot.test.autoconfigure.restdocs.RestDocsTestExecutionListener, org.springframework.boot.test.autoconfigure.web.client.MockRestServiceServerResetTestExecutionListener, org.springframework.boot.test.autoconfigure.web.servlet.MockMvcPrintOnlyOnFailureTestExecutionListener, org.springframework.boot.test.autoconfigure.web.servlet.WebDriverTestExecutionListener, org.springframework.test.context.web.ServletTestExecutionListener, org.springframework.test.context.support.DirtiesContextBeforeModesTestExecutionListener, org.springframework.test.context.support.DependencyInjectionTestExecutionListener, org.springframework.test.context.support.DirtiesContextTestExecutionListener, org.springframework.test.context.transaction.TransactionalTestExecutionListener, org.springframework.test.context.jdbc.SqlScriptsTestExecutionListener]
time=2019-01-01T18:52:41.377+0800`appName=graduation1`hostName=localhost`logLevel=INFO `msg=Using TestExecutionListeners: [org.springframework.test.context.web.ServletTestExecutionListener@b83a9be, org.springframework.test.context.support.DirtiesContextBeforeModesTestExecutionListener@2609b277, org.springframework.boot.test.mock.mockito.MockitoTestExecutionListener@1fd14d74, org.springframework.boot.test.autoconfigure.SpringBootDependencyInjectionTestExecutionListener@563e4951, org.springframework.test.context.support.DirtiesContextTestExecutionListener@4066c471, org.springframework.test.context.transaction.TransactionalTestExecutionListener@2b175c00, org.springframework.test.context.jdbc.SqlScriptsTestExecutionListener@3eb81efb, org.springframework.boot.test.mock.mockito.ResetMocksTestExecutionListener@1ae8bcbc, org.springframework.boot.test.autoconfigure.restdocs.RestDocsTestExecutionListener@6cdba6dc, org.springframework.boot.test.autoconfigure.web.client.MockRestServiceServerResetTestExecutionListener@7d3d101b, org.springframework.boot.test.autoconfigure.web.servlet.MockMvcPrintOnlyOnFailureTestExecutionListener@30c8681, org.springframework.boot.test.autoconfigure.web.servlet.WebDriverTestExecutionListener@5cdec700]
time=2019-01-01T18:52:42.833+0800`appName=graduation1`hostName=localhost`logLevel=INFO `msg=Starting Graduation1ApplicationTests on DESKTOP-Q8HC681 with PID 5152 (started by pcdn in F:\idea\graduation1)
time=2019-01-01T18:52:42.834+0800`appName=graduation1`hostName=localhost`logLevel=INFO `msg=The following profiles are active: dev
time=2019-01-01T18:52:45.820+0800`appName=graduation1`hostName=localhost`logLevel=WARN `msg=No MyBatis mapper was found in '[com.zy.project.mapper]' package. Please check your configuration.
time=2019-01-01T18:52:49.707+0800`appName=graduation1`hostName=localhost`logLevel=INFO `msg=HikariPool-1 - Starting...
time=2019-01-01T18:52:50.347+0800`appName=graduation1`hostName=localhost`logLevel=INFO `msg=HikariPool-1 - Start completed.
time=2019-01-01T18:53:04.736+0800`appName=graduation1`hostName=localhost`logLevel=INFO `msg=Started Graduation1ApplicationTests in 23.262 seconds (JVM running for 29.495)
time=2019-01-01T18:53:05.422+0800`appName=graduation1`hostName=localhost`logLevel=INFO `msg=HikariPool-1 - Shutdown initiated...
time=2019-01-01T18:53:05.507+0800`appName=graduation1`hostName=localhost`logLevel=INFO `msg=HikariPool-1 - Shutdown completed.
time=2019-01-01T18:54:47.387+0800`appName=graduation1`hostName=localhost`logLevel=INFO `msg=Starting Graduation1Application on DESKTOP-Q8HC681 with PID 5792 (F:\idea\graduation1\target\classes started by pcdn in F:\idea\graduation1)
time=2019-01-01T18:54:47.398+0800`appName=graduation1`hostName=localhost`logLevel=INFO `msg=The following profiles are active: dev
time=2019-01-01T18:54:47.621+0800`appName=graduation1`hostName=localhost`logLevel=INFO `msg=Refreshing org.springframework.boot.web.servlet.context.AnnotationConfigServletWebServerApplicationContext@57cf54e1: startup date [Tue Jan 01 18:54:47 CST 2019]; root of context hierarchy
time=2019-01-01T18:54:48.818+0800`appName=graduation1`hostName=localhost`logLevel=WARN `msg=No MyBatis mapper was found in '[com.zy.project.mapper]' package. Please check your configuration.
time=2019-01-01T18:54:50.866+0800`appName=graduation1`hostName=localhost`logLevel=INFO `msg=Tomcat initialized with port(s): 8083 (http)
time=2019-01-01T18:54:51.510+0800`appName=graduation1`hostName=localhost`logLevel=INFO `msg=Servlet dispatcherServlet mapped to [/]
time=2019-01-01T18:54:51.519+0800`appName=graduation1`hostName=localhost`logLevel=INFO `msg=Mapping filter: 'characterEncodingFilter' to: [/*]
time=2019-01-01T18:54:51.520+0800`appName=graduation1`hostName=localhost`logLevel=INFO `msg=Mapping filter: 'hiddenHttpMethodFilter' to: [/*]
time=2019-01-01T18:54:51.543+0800`appName=graduation1`hostName=localhost`logLevel=INFO `msg=Mapping filter: 'httpPutFormContentFilter' to: [/*]
time=2019-01-01T18:54:51.544+0800`appName=graduation1`hostName=localhost`logLevel=INFO `msg=Mapping filter: 'requestContextFilter' to: [/*]
time=2019-01-01T18:54:52.317+0800`appName=graduation1`hostName=localhost`logLevel=INFO `msg=HikariPool-1 - Starting...
time=2019-01-01T18:54:52.647+0800`appName=graduation1`hostName=localhost`logLevel=INFO `msg=HikariPool-1 - Start completed.
time=2019-01-01T18:54:56.755+0800`appName=graduation1`hostName=localhost`logLevel=INFO `msg=Tomcat started on port(s): 8083 (http) with context path ''
time=2019-01-01T18:54:56.765+0800`appName=graduation1`hostName=localhost`logLevel=INFO `msg=Started Graduation1Application in 10.279 seconds (JVM running for 14.694)
time=2019-01-01T18:55:13.276+0800`appName=graduation1`hostName=localhost`logLevel=INFO `msg=Starting without optional epoll library
time=2019-01-01T18:55:13.281+0800`appName=graduation1`hostName=localhost`logLevel=INFO `msg=Starting without optional kqueue library
time=2019-01-01T19:01:07.067+0800`appName=graduation1`hostName=localhost`logLevel=INFO `msg=Starting Graduation1Application on DESKTOP-Q8HC681 with PID 1508 (F:\idea\graduation1\target\classes started by pcdn in F:\idea\graduation1)
time=2019-01-01T19:01:07.079+0800`appName=graduation1`hostName=localhost`logLevel=INFO `msg=The following profiles are active: dev
time=2019-01-01T19:01:07.334+0800`appName=graduation1`hostName=localhost`logLevel=INFO `msg=Refreshing org.springframework.boot.web.servlet.context.AnnotationConfigServletWebServerApplicationContext@57cf54e1: startup date [Tue Jan 01 19:01:07 CST 2019]; root of context hierarchy
time=2019-01-01T19:01:08.642+0800`appName=graduation1`hostName=localhost`logLevel=WARN `msg=No MyBatis mapper was found in '[com.zy.project.mapper]' package. Please check your configuration.
time=2019-01-01T19:01:10.928+0800`appName=graduation1`hostName=localhost`logLevel=INFO `msg=Tomcat initialized with port(s): 8083 (http)
time=2019-01-01T19:01:11.572+0800`appName=graduation1`hostName=localhost`logLevel=INFO `msg=Servlet dispatcherServlet mapped to [/]
time=2019-01-01T19:01:11.582+0800`appName=graduation1`hostName=localhost`logLevel=INFO `msg=Mapping filter: 'characterEncodingFilter' to: [/*]
time=2019-01-01T19:01:11.583+0800`appName=graduation1`hostName=localhost`logLevel=INFO `msg=Mapping filter: 'hiddenHttpMethodFilter' to: [/*]
time=2019-01-01T19:01:11.583+0800`appName=graduation1`hostName=localhost`logLevel=INFO `msg=Mapping filter: 'httpPutFormContentFilter' to: [/*]
time=2019-01-01T19:01:11.583+0800`appName=graduation1`hostName=localhost`logLevel=INFO `msg=Mapping filter: 'requestContextFilter' to: [/*]
time=2019-01-01T19:01:12.444+0800`appName=graduation1`hostName=localhost`logLevel=INFO `msg=HikariPool-1 - Starting...
time=2019-01-01T19:01:12.814+0800`appName=graduation1`hostName=localhost`logLevel=INFO `msg=HikariPool-1 - Start completed.
time=2019-01-01T19:01:17.435+0800`appName=graduation1`hostName=localhost`logLevel=INFO `msg=Tomcat started on port(s): 8083 (http) with context path ''
time=2019-01-01T19:01:17.448+0800`appName=graduation1`hostName=localhost`logLevel=INFO `msg=Started Graduation1Application in 11.201 seconds (JVM running for 17.55)
time=2019-01-01T19:01:38.805+0800`appName=graduation1`hostName=localhost`logLevel=INFO `msg=Starting without optional epoll library
time=2019-01-01T19:01:38.810+0800`appName=graduation1`hostName=localhost`logLevel=INFO `msg=Starting without optional kqueue library
time=2019-01-01T19:01:53.616+0800`appName=graduation1`hostName=localhost`logLevel=ERROR`msg=Servlet.service() for servlet [dispatcherServlet] in context with path [] threw exception [Request processing failed; nested exception is com.zy.graduation1.exception.BizException: BizException:400004:] with root cause com.zy.graduation1.exception.BizException: BizException:400004:
	at com.zy.graduation1.service.impl.UserSessionManageServiceImpl.login(UserSessionManageServiceImpl.java:60)
	at com.zy.graduation1.service.impl.UserSessionManageServiceImpl.login(UserSessionManageServiceImpl.java:51)
	at com.zy.graduation1.controller.SystemManageController.login(SystemManageController.java:35)
	at sun.reflect.NativeMethodAccessorImpl.invoke0(Native Method)
	at sun.reflect.NativeMethodAccessorImpl.invoke(NativeMethodAccessorImpl.java:62)
	at sun.reflect.DelegatingMethodAccessorImpl.invoke(DelegatingMethodAccessorImpl.java:43)
	at java.lang.reflect.Method.invoke(Method.java:497)
	at org.springframework.web.method.support.InvocableHandlerMethod.doInvoke(InvocableHandlerMethod.java:209)
	at org.springframework.web.method.support.InvocableHandlerMethod.invokeForRequest(InvocableHandlerMethod.java:136)
	at org.springframework.web.servlet.mvc.method.annotation.ServletInvocableHandlerMethod.invokeAndHandle(ServletInvocableHandlerMethod.java:102)
	at org.springframework.web.servlet.mvc.method.annotation.RequestMappingHandlerAdapter.invokeHandlerMethod(RequestMappingHandlerAdapter.java:877)
	at org.springframework.web.servlet.mvc.method.annotation.RequestMappingHandlerAdapter.handleInternal(RequestMappingHandlerAdapter.java:783)
	at org.springframework.web.servlet.mvc.method.AbstractHandlerMethodAdapter.handle(AbstractHandlerMethodAdapter.java:87)
	at org.springframework.web.servlet.DispatcherServlet.doDispatch(DispatcherServlet.java:991)
	at org.springframework.web.servlet.DispatcherServlet.doService(DispatcherServlet.java:925)
	at org.springframework.web.servlet.FrameworkServlet.processRequest(FrameworkServlet.java:974)
	at org.springframework.web.servlet.FrameworkServlet.doPost(FrameworkServlet.java:877)
	at javax.servlet.http.HttpServlet.service(HttpServlet.java:661)
	at org.springframework.web.servlet.FrameworkServlet.service(FrameworkServlet.java:851)
	at javax.servlet.http.HttpServlet.service(HttpServlet.java:742)
	at org.apache.catalina.core.ApplicationFilterChain.internalDoFilter(ApplicationFilterChain.java:231)
	at org.apache.catalina.core.ApplicationFilterChain.doFilter(ApplicationFilterChain.java:166)
	at org.apache.tomcat.websocket.server.WsFilter.doFilter(WsFilter.java:52)
	at org.apache.catalina.core.ApplicationFilterChain.internalDoFilter(ApplicationFilterChain.java:193)
	at org.apache.catalina.core.ApplicationFilterChain.doFilter(ApplicationFilterChain.java:166)
	at org.springframework.web.filter.RequestContextFilter.doFilterInternal(RequestContextFilter.java:99)
	at org.springframework.web.filter.OncePerRequestFilter.doFilter(OncePerRequestFilter.java:107)
	at org.apache.catalina.core.ApplicationFilterChain.internalDoFilter(ApplicationFilterChain.java:193)
	at org.apache.catalina.core.ApplicationFilterChain.doFilter(ApplicationFilterChain.java:166)
	at org.springframework.web.filter.HttpPutFormContentFilter.doFilterInternal(HttpPutFormContentFilter.java:109)
	at org.springframework.web.filter.OncePerRequestFilter.doFilter(OncePerRequestFilter.java:107)
	at org.apache.catalina.core.ApplicationFilterChain.internalDoFilter(ApplicationFilterChain.java:193)
	at org.apache.catalina.core.ApplicationFilterChain.doFilter(ApplicationFilterChain.java:166)
	at org.springframework.web.filter.HiddenHttpMethodFilter.doFilterInternal(HiddenHttpMethodFilter.java:93)
	at org.springframework.web.filter.OncePerRequestFilter.doFilter(OncePerRequestFilter.java:107)
	at org.apache.catalina.core.ApplicationFilterChain.internalDoFilter(ApplicationFilterChain.java:193)
	at org.apache.catalina.core.ApplicationFilterChain.doFilter(ApplicationFilterChain.java:166)
	at org.springframework.web.filter.CharacterEncodingFilter.doFilterInternal(CharacterEncodingFilter.java:200)
	at org.springframework.web.filter.OncePerRequestFilter.doFilter(OncePerRequestFilter.java:107)
	at org.apache.catalina.core.ApplicationFilterChain.internalDoFilter(ApplicationFilterChain.java:193)
	at org.apache.catalina.core.ApplicationFilterChain.doFilter(ApplicationFilterChain.java:166)
	at org.apache.catalina.core.StandardWrapperValve.invoke(StandardWrapperValve.java:198)
	at org.apache.catalina.core.StandardContextValve.invoke(StandardContextValve.java:96)
	at org.apache.catalina.authenticator.AuthenticatorBase.invoke(AuthenticatorBase.java:496)
	at org.apache.catalina.core.StandardHostValve.invoke(StandardHostValve.java:140)
	at org.apache.catalina.valves.ErrorReportValve.invoke(ErrorReportValve.java:81)
	at org.apache.catalina.core.StandardEngineValve.invoke(StandardEngineValve.java:87)
	at org.apache.catalina.connector.CoyoteAdapter.service(CoyoteAdapter.java:342)
	at org.apache.coyote.http11.Http11Processor.service(Http11Processor.java:803)
	at org.apache.coyote.AbstractProcessorLight.process(AbstractProcessorLight.java:66)
	at org.apache.coyote.AbstractProtocol$ConnectionHandler.process(AbstractProtocol.java:790)
	at org.apache.tomcat.util.net.NioEndpoint$SocketProcessor.doRun(NioEndpoint.java:1468)
	at org.apache.tomcat.util.net.SocketProcessorBase.run(SocketProcessorBase.java:49)
	at java.util.concurrent.ThreadPoolExecutor.runWorker(ThreadPoolExecutor.java:1142)
	at java.util.concurrent.ThreadPoolExecutor$Worker.run(ThreadPoolExecutor.java:617)
	at org.apache.tomcat.util.threads.TaskThread$WrappingRunnable.run(TaskThread.java:61)
	at java.lang.Thread.run(Thread.java:745)

time=2019-01-01T19:04:05.023+0800`appName=graduation1`hostName=localhost`logLevel=INFO `msg=Starting Graduation1Application on DESKTOP-Q8HC681 with PID 11356 (F:\idea\graduation1\target\classes started by pcdn in F:\idea\graduation1)
time=2019-01-01T19:04:05.052+0800`appName=graduation1`hostName=localhost`logLevel=INFO `msg=The following profiles are active: dev
time=2019-01-01T19:04:05.331+0800`appName=graduation1`hostName=localhost`logLevel=INFO `msg=Refreshing org.springframework.boot.web.servlet.context.AnnotationConfigServletWebServerApplicationContext@57cf54e1: startup date [Tue Jan 01 19:04:05 CST 2019]; root of context hierarchy
time=2019-01-01T19:04:06.686+0800`appName=graduation1`hostName=localhost`logLevel=WARN `msg=No MyBatis mapper was found in '[com.zy.project.mapper]' package. Please check your configuration.
time=2019-01-01T19:04:08.766+0800`appName=graduation1`hostName=localhost`logLevel=INFO `msg=Tomcat initialized with port(s): 8083 (http)
time=2019-01-01T19:04:09.400+0800`appName=graduation1`hostName=localhost`logLevel=INFO `msg=Servlet dispatcherServlet mapped to [/]
time=2019-01-01T19:04:09.410+0800`appName=graduation1`hostName=localhost`logLevel=INFO `msg=Mapping filter: 'characterEncodingFilter' to: [/*]
time=2019-01-01T19:04:09.411+0800`appName=graduation1`hostName=localhost`logLevel=INFO `msg=Mapping filter: 'hiddenHttpMethodFilter' to: [/*]
time=2019-01-01T19:04:09.412+0800`appName=graduation1`hostName=localhost`logLevel=INFO `msg=Mapping filter: 'httpPutFormContentFilter' to: [/*]
time=2019-01-01T19:04:09.412+0800`appName=graduation1`hostName=localhost`logLevel=INFO `msg=Mapping filter: 'requestContextFilter' to: [/*]
time=2019-01-01T19:04:10.259+0800`appName=graduation1`hostName=localhost`logLevel=INFO `msg=HikariPool-1 - Starting...
time=2019-01-01T19:04:10.626+0800`appName=graduation1`hostName=localhost`logLevel=INFO `msg=HikariPool-1 - Start completed.
time=2019-01-01T19:04:15.828+0800`appName=graduation1`hostName=localhost`logLevel=INFO `msg=Tomcat started on port(s): 8083 (http) with context path ''
time=2019-01-01T19:04:15.841+0800`appName=graduation1`hostName=localhost`logLevel=INFO `msg=Started Graduation1Application in 11.759 seconds (JVM running for 17.353)
time=2019-01-01T19:04:16.392+0800`appName=graduation1`hostName=localhost`logLevel=INFO `msg=Starting without optional epoll library
time=2019-01-01T19:04:16.397+0800`appName=graduation1`hostName=localhost`logLevel=INFO `msg=Starting without optional kqueue library
time=2019-01-01T19:04:26.577+0800`appName=graduation1`hostName=localhost`logLevel=ERROR`msg=Servlet.service() for servlet [dispatcherServlet] in context with path [] threw exception [Request processing failed; nested exception is com.zy.graduation1.exception.BizException: BizException:400004:] with root cause com.zy.graduation1.exception.BizException: BizException:400004:
	at com.zy.graduation1.service.impl.UserSessionManageServiceImpl.login(UserSessionManageServiceImpl.java:60)
	at com.zy.graduation1.service.impl.UserSessionManageServiceImpl.login(UserSessionManageServiceImpl.java:51)
	at com.zy.graduation1.controller.SystemManageController.login(SystemManageController.java:35)
	at sun.reflect.NativeMethodAccessorImpl.invoke0(Native Method)
	at sun.reflect.NativeMethodAccessorImpl.invoke(NativeMethodAccessorImpl.java:62)
	at sun.reflect.DelegatingMethodAccessorImpl.invoke(DelegatingMethodAccessorImpl.java:43)
	at java.lang.reflect.Method.invoke(Method.java:497)
	at org.springframework.web.method.support.InvocableHandlerMethod.doInvoke(InvocableHandlerMethod.java:209)
	at org.springframework.web.method.support.InvocableHandlerMethod.invokeForRequest(InvocableHandlerMethod.java:136)
	at org.springframework.web.servlet.mvc.method.annotation.ServletInvocableHandlerMethod.invokeAndHandle(ServletInvocableHandlerMethod.java:102)
	at org.springframework.web.servlet.mvc.method.annotation.RequestMappingHandlerAdapter.invokeHandlerMethod(RequestMappingHandlerAdapter.java:877)
	at org.springframework.web.servlet.mvc.method.annotation.RequestMappingHandlerAdapter.handleInternal(RequestMappingHandlerAdapter.java:783)
	at org.springframework.web.servlet.mvc.method.AbstractHandlerMethodAdapter.handle(AbstractHandlerMethodAdapter.java:87)
	at org.springframework.web.servlet.DispatcherServlet.doDispatch(DispatcherServlet.java:991)
	at org.springframework.web.servlet.DispatcherServlet.doService(DispatcherServlet.java:925)
	at org.springframework.web.servlet.FrameworkServlet.processRequest(FrameworkServlet.java:974)
	at org.springframework.web.servlet.FrameworkServlet.doPost(FrameworkServlet.java:877)
	at javax.servlet.http.HttpServlet.service(HttpServlet.java:661)
	at org.springframework.web.servlet.FrameworkServlet.service(FrameworkServlet.java:851)
	at javax.servlet.http.HttpServlet.service(HttpServlet.java:742)
	at org.apache.catalina.core.ApplicationFilterChain.internalDoFilter(ApplicationFilterChain.java:231)
	at org.apache.catalina.core.ApplicationFilterChain.doFilter(ApplicationFilterChain.java:166)
	at org.apache.tomcat.websocket.server.WsFilter.doFilter(WsFilter.java:52)
	at org.apache.catalina.core.ApplicationFilterChain.internalDoFilter(ApplicationFilterChain.java:193)
	at org.apache.catalina.core.ApplicationFilterChain.doFilter(ApplicationFilterChain.java:166)
	at org.springframework.web.filter.RequestContextFilter.doFilterInternal(RequestContextFilter.java:99)
	at org.springframework.web.filter.OncePerRequestFilter.doFilter(OncePerRequestFilter.java:107)
	at org.apache.catalina.core.ApplicationFilterChain.internalDoFilter(ApplicationFilterChain.java:193)
	at org.apache.catalina.core.ApplicationFilterChain.doFilter(ApplicationFilterChain.java:166)
	at org.springframework.web.filter.HttpPutFormContentFilter.doFilterInternal(HttpPutFormContentFilter.java:109)
	at org.springframework.web.filter.OncePerRequestFilter.doFilter(OncePerRequestFilter.java:107)
	at org.apache.catalina.core.ApplicationFilterChain.internalDoFilter(ApplicationFilterChain.java:193)
	at org.apache.catalina.core.ApplicationFilterChain.doFilter(ApplicationFilterChain.java:166)
	at org.springframework.web.filter.HiddenHttpMethodFilter.doFilterInternal(HiddenHttpMethodFilter.java:93)
	at org.springframework.web.filter.OncePerRequestFilter.doFilter(OncePerRequestFilter.java:107)
	at org.apache.catalina.core.ApplicationFilterChain.internalDoFilter(ApplicationFilterChain.java:193)
	at org.apache.catalina.core.ApplicationFilterChain.doFilter(ApplicationFilterChain.java:166)
	at org.springframework.web.filter.CharacterEncodingFilter.doFilterInternal(CharacterEncodingFilter.java:200)
	at org.springframework.web.filter.OncePerRequestFilter.doFilter(OncePerRequestFilter.java:107)
	at org.apache.catalina.core.ApplicationFilterChain.internalDoFilter(ApplicationFilterChain.java:193)
	at org.apache.catalina.core.ApplicationFilterChain.doFilter(ApplicationFilterChain.java:166)
	at org.apache.catalina.core.StandardWrapperValve.invoke(StandardWrapperValve.java:198)
	at org.apache.catalina.core.StandardContextValve.invoke(StandardContextValve.java:96)
	at org.apache.catalina.authenticator.AuthenticatorBase.invoke(AuthenticatorBase.java:496)
	at org.apache.catalina.core.StandardHostValve.invoke(StandardHostValve.java:140)
	at org.apache.catalina.valves.ErrorReportValve.invoke(ErrorReportValve.java:81)
	at org.apache.catalina.core.StandardEngineValve.invoke(StandardEngineValve.java:87)
	at org.apache.catalina.connector.CoyoteAdapter.service(CoyoteAdapter.java:342)
	at org.apache.coyote.http11.Http11Processor.service(Http11Processor.java:803)
	at org.apache.coyote.AbstractProcessorLight.process(AbstractProcessorLight.java:66)
	at org.apache.coyote.AbstractProtocol$ConnectionHandler.process(AbstractProtocol.java:790)
	at org.apache.tomcat.util.net.NioEndpoint$SocketProcessor.doRun(NioEndpoint.java:1468)
	at org.apache.tomcat.util.net.SocketProcessorBase.run(SocketProcessorBase.java:49)
	at java.util.concurrent.ThreadPoolExecutor.runWorker(ThreadPoolExecutor.java:1142)
	at java.util.concurrent.ThreadPoolExecutor$Worker.run(ThreadPoolExecutor.java:617)
	at org.apache.tomcat.util.threads.TaskThread$WrappingRunnable.run(TaskThread.java:61)
	at java.lang.Thread.run(Thread.java:745)

