time=2019-01-30T09:34:31.867+0800`appName=graduation`hostName=localhost`logLevel=INFO `msg=Starting Graduation1Application on DESKTOP-Q8HC681 with PID 12176 (F:\idea\graduation1\target\classes started by pcdn in F:\idea\graduation1)
time=2019-01-30T09:34:31.917+0800`appName=graduation`hostName=localhost`logLevel=INFO `msg=The following profiles are active: dev
time=2019-01-30T09:34:32.157+0800`appName=graduation`hostName=localhost`logLevel=INFO `msg=Refreshing org.springframework.boot.web.servlet.context.AnnotationConfigServletWebServerApplicationContext@61884cb1: startup date [Wed Jan 30 09:34:32 CST 2019]; root of context hierarchy
time=2019-01-30T09:34:33.818+0800`appName=graduation`hostName=localhost`logLevel=WARN `msg=No MyBatis mapper was found in '[com.zy.project.mapper]' package. Please check your configuration.
time=2019-01-30T09:34:35.958+0800`appName=graduation`hostName=localhost`logLevel=INFO `msg=Tomcat initialized with port(s): 8083 (http)
time=2019-01-30T09:34:36.534+0800`appName=graduation`hostName=localhost`logLevel=INFO `msg=Servlet dispatcherServlet mapped to [/]
time=2019-01-30T09:34:36.534+0800`appName=graduation`hostName=localhost`logLevel=INFO `msg=Mapping filter: 'characterEncodingFilter' to: [/*]
time=2019-01-30T09:34:36.544+0800`appName=graduation`hostName=localhost`logLevel=INFO `msg=Mapping filter: 'hiddenHttpMethodFilter' to: [/*]
time=2019-01-30T09:34:36.544+0800`appName=graduation`hostName=localhost`logLevel=INFO `msg=Mapping filter: 'httpPutFormContentFilter' to: [/*]
time=2019-01-30T09:34:36.544+0800`appName=graduation`hostName=localhost`logLevel=INFO `msg=Mapping filter: 'requestContextFilter' to: [/*]
time=2019-01-30T09:34:37.544+0800`appName=graduation`hostName=localhost`logLevel=INFO `msg=HikariPool-1 - Starting...
time=2019-01-30T09:34:37.844+0800`appName=graduation`hostName=localhost`logLevel=INFO `msg=HikariPool-1 - Start completed.
time=2019-01-30T09:34:42.729+0800`appName=graduation`hostName=localhost`logLevel=INFO `msg=Tomcat started on port(s): 8083 (http) with context path ''
time=2019-01-30T09:34:42.739+0800`appName=graduation`hostName=localhost`logLevel=INFO `msg=Started Graduation1Application in 11.742 seconds (JVM running for 17.485)
time=2019-01-30T09:35:26.633+0800`appName=graduation`hostName=localhost`logLevel=INFO `msg=Starting without optional epoll library
time=2019-01-30T09:35:26.642+0800`appName=graduation`hostName=localhost`logLevel=INFO `msg=Starting without optional kqueue library
time=2019-01-30T09:42:14.233+0800`appName=graduation`hostName=localhost`logLevel=INFO `msg=Starting Graduation1Application on DESKTOP-Q8HC681 with PID 1592 (F:\idea\graduation1\target\classes started by pcdn in F:\idea\graduation1)
time=2019-01-30T09:42:14.243+0800`appName=graduation`hostName=localhost`logLevel=INFO `msg=The following profiles are active: dev
time=2019-01-30T09:42:14.433+0800`appName=graduation`hostName=localhost`logLevel=INFO `msg=Refreshing org.springframework.boot.web.servlet.context.AnnotationConfigServletWebServerApplicationContext@73ff4fae: startup date [Wed Jan 30 09:42:14 CST 2019]; root of context hierarchy
time=2019-01-30T09:42:16.114+0800`appName=graduation`hostName=localhost`logLevel=WARN `msg=No MyBatis mapper was found in '[com.zy.project.mapper]' package. Please check your configuration.
time=2019-01-30T09:42:18.018+0800`appName=graduation`hostName=localhost`logLevel=INFO `msg=Tomcat initialized with port(s): 8083 (http)
time=2019-01-30T09:42:18.604+0800`appName=graduation`hostName=localhost`logLevel=INFO `msg=Servlet dispatcherServlet mapped to [/]
time=2019-01-30T09:42:18.614+0800`appName=graduation`hostName=localhost`logLevel=INFO `msg=Mapping filter: 'characterEncodingFilter' to: [/*]
time=2019-01-30T09:42:18.614+0800`appName=graduation`hostName=localhost`logLevel=INFO `msg=Mapping filter: 'hiddenHttpMethodFilter' to: [/*]
time=2019-01-30T09:42:18.614+0800`appName=graduation`hostName=localhost`logLevel=INFO `msg=Mapping filter: 'httpPutFormContentFilter' to: [/*]
time=2019-01-30T09:42:18.614+0800`appName=graduation`hostName=localhost`logLevel=INFO `msg=Mapping filter: 'requestContextFilter' to: [/*]
time=2019-01-30T09:42:19.424+0800`appName=graduation`hostName=localhost`logLevel=INFO `msg=HikariPool-1 - Starting...
time=2019-01-30T09:42:19.714+0800`appName=graduation`hostName=localhost`logLevel=INFO `msg=HikariPool-1 - Start completed.
time=2019-01-30T09:42:24.202+0800`appName=graduation`hostName=localhost`logLevel=INFO `msg=Tomcat started on port(s): 8083 (http) with context path ''
time=2019-01-30T09:42:24.212+0800`appName=graduation`hostName=localhost`logLevel=INFO `msg=Started Graduation1Application in 10.749 seconds (JVM running for 14.948)
time=2019-01-30T09:45:08.190+0800`appName=graduation`hostName=localhost`logLevel=INFO `msg=Starting without optional epoll library
time=2019-01-30T09:45:08.200+0800`appName=graduation`hostName=localhost`logLevel=INFO `msg=Starting without optional kqueue library
time=2019-01-30T09:49:37.327+0800`appName=graduation`hostName=localhost`logLevel=INFO `msg=Starting Graduation1Application on DESKTOP-Q8HC681 with PID 8516 (F:\idea\graduation1\target\classes started by pcdn in F:\idea\graduation1)
time=2019-01-30T09:49:37.337+0800`appName=graduation`hostName=localhost`logLevel=INFO `msg=The following profiles are active: dev
time=2019-01-30T09:49:37.517+0800`appName=graduation`hostName=localhost`logLevel=INFO `msg=Refreshing org.springframework.boot.web.servlet.context.AnnotationConfigServletWebServerApplicationContext@64dafeed: startup date [Wed Jan 30 09:49:37 CST 2019]; root of context hierarchy
time=2019-01-30T09:49:39.000+0800`appName=graduation`hostName=localhost`logLevel=WARN `msg=No MyBatis mapper was found in '[com.zy.project.mapper]' package. Please check your configuration.
time=2019-01-30T09:49:40.669+0800`appName=graduation`hostName=localhost`logLevel=INFO `msg=Tomcat initialized with port(s): 8083 (http)
time=2019-01-30T09:49:41.189+0800`appName=graduation`hostName=localhost`logLevel=INFO `msg=Servlet dispatcherServlet mapped to [/]
time=2019-01-30T09:49:41.199+0800`appName=graduation`hostName=localhost`logLevel=INFO `msg=Mapping filter: 'characterEncodingFilter' to: [/*]
time=2019-01-30T09:49:41.199+0800`appName=graduation`hostName=localhost`logLevel=INFO `msg=Mapping filter: 'hiddenHttpMethodFilter' to: [/*]
time=2019-01-30T09:49:41.199+0800`appName=graduation`hostName=localhost`logLevel=INFO `msg=Mapping filter: 'httpPutFormContentFilter' to: [/*]
time=2019-01-30T09:49:41.199+0800`appName=graduation`hostName=localhost`logLevel=INFO `msg=Mapping filter: 'requestContextFilter' to: [/*]
time=2019-01-30T09:49:41.889+0800`appName=graduation`hostName=localhost`logLevel=INFO `msg=HikariPool-1 - Starting...
time=2019-01-30T09:49:42.209+0800`appName=graduation`hostName=localhost`logLevel=INFO `msg=HikariPool-1 - Start completed.
time=2019-01-30T09:49:46.533+0800`appName=graduation`hostName=localhost`logLevel=INFO `msg=Tomcat started on port(s): 8083 (http) with context path ''
time=2019-01-30T09:49:46.543+0800`appName=graduation`hostName=localhost`logLevel=INFO `msg=Started Graduation1Application in 9.996 seconds (JVM running for 14.204)
time=2019-01-30T09:52:15.356+0800`appName=graduation`hostName=localhost`logLevel=INFO `msg=Starting without optional epoll library
time=2019-01-30T09:52:15.365+0800`appName=graduation`hostName=localhost`logLevel=INFO `msg=Starting without optional kqueue library
time=2019-01-30T10:01:08.987+0800`appName=graduation`hostName=localhost`logLevel=INFO `msg=Starting Graduation1Application on DESKTOP-Q8HC681 with PID 11924 (F:\idea\graduation1\target\classes started by pcdn in F:\idea\graduation1)
time=2019-01-30T10:01:09.007+0800`appName=graduation`hostName=localhost`logLevel=INFO `msg=The following profiles are active: dev
time=2019-01-30T10:01:09.225+0800`appName=graduation`hostName=localhost`logLevel=INFO `msg=Refreshing org.springframework.boot.web.servlet.context.AnnotationConfigServletWebServerApplicationContext@2dbe250d: startup date [Wed Jan 30 10:01:09 CST 2019]; root of context hierarchy
time=2019-01-30T10:01:10.959+0800`appName=graduation`hostName=localhost`logLevel=WARN `msg=No MyBatis mapper was found in '[com.zy.project.mapper]' package. Please check your configuration.
time=2019-01-30T10:01:12.879+0800`appName=graduation`hostName=localhost`logLevel=INFO `msg=Tomcat initialized with port(s): 8083 (http)
time=2019-01-30T10:01:13.405+0800`appName=graduation`hostName=localhost`logLevel=INFO `msg=Servlet dispatcherServlet mapped to [/]
time=2019-01-30T10:01:13.415+0800`appName=graduation`hostName=localhost`logLevel=INFO `msg=Mapping filter: 'characterEncodingFilter' to: [/*]
time=2019-01-30T10:01:13.415+0800`appName=graduation`hostName=localhost`logLevel=INFO `msg=Mapping filter: 'hiddenHttpMethodFilter' to: [/*]
time=2019-01-30T10:01:13.415+0800`appName=graduation`hostName=localhost`logLevel=INFO `msg=Mapping filter: 'httpPutFormContentFilter' to: [/*]
time=2019-01-30T10:01:13.415+0800`appName=graduation`hostName=localhost`logLevel=INFO `msg=Mapping filter: 'requestContextFilter' to: [/*]
time=2019-01-30T10:01:14.125+0800`appName=graduation`hostName=localhost`logLevel=INFO `msg=HikariPool-1 - Starting...
time=2019-01-30T10:01:14.435+0800`appName=graduation`hostName=localhost`logLevel=INFO `msg=HikariPool-1 - Start completed.
time=2019-01-30T10:01:19.187+0800`appName=graduation`hostName=localhost`logLevel=INFO `msg=Tomcat started on port(s): 8083 (http) with context path ''
time=2019-01-30T10:01:19.197+0800`appName=graduation`hostName=localhost`logLevel=INFO `msg=Started Graduation1Application in 10.921 seconds (JVM running for 14.733)
time=2019-01-30T10:01:23.338+0800`appName=graduation`hostName=localhost`logLevel=INFO `msg=Starting without optional epoll library
time=2019-01-30T10:01:23.343+0800`appName=graduation`hostName=localhost`logLevel=INFO `msg=Starting without optional kqueue library
time=2019-01-30T10:07:14.026+0800`appName=graduation`hostName=localhost`logLevel=INFO `msg=Starting Graduation1Application on DESKTOP-Q8HC681 with PID 8832 (F:\idea\graduation1\target\classes started by pcdn in F:\idea\graduation1)
time=2019-01-30T10:07:14.036+0800`appName=graduation`hostName=localhost`logLevel=INFO `msg=The following profiles are active: dev
time=2019-01-30T10:07:14.216+0800`appName=graduation`hostName=localhost`logLevel=INFO `msg=Refreshing org.springframework.boot.web.servlet.context.AnnotationConfigServletWebServerApplicationContext@40499e4f: startup date [Wed Jan 30 10:07:14 CST 2019]; root of context hierarchy
time=2019-01-30T10:07:15.789+0800`appName=graduation`hostName=localhost`logLevel=WARN `msg=No MyBatis mapper was found in '[com.zy.project.mapper]' package. Please check your configuration.
time=2019-01-30T10:07:17.476+0800`appName=graduation`hostName=localhost`logLevel=INFO `msg=Tomcat initialized with port(s): 8083 (http)
time=2019-01-30T10:07:17.992+0800`appName=graduation`hostName=localhost`logLevel=INFO `msg=Servlet dispatcherServlet mapped to [/]
time=2019-01-30T10:07:18.002+0800`appName=graduation`hostName=localhost`logLevel=INFO `msg=Mapping filter: 'characterEncodingFilter' to: [/*]
time=2019-01-30T10:07:18.002+0800`appName=graduation`hostName=localhost`logLevel=INFO `msg=Mapping filter: 'hiddenHttpMethodFilter' to: [/*]
time=2019-01-30T10:07:18.002+0800`appName=graduation`hostName=localhost`logLevel=INFO `msg=Mapping filter: 'httpPutFormContentFilter' to: [/*]
time=2019-01-30T10:07:18.002+0800`appName=graduation`hostName=localhost`logLevel=INFO `msg=Mapping filter: 'requestContextFilter' to: [/*]
time=2019-01-30T10:07:18.688+0800`appName=graduation`hostName=localhost`logLevel=INFO `msg=HikariPool-1 - Starting...
time=2019-01-30T10:07:18.969+0800`appName=graduation`hostName=localhost`logLevel=INFO `msg=HikariPool-1 - Start completed.
time=2019-01-30T10:07:23.357+0800`appName=graduation`hostName=localhost`logLevel=INFO `msg=Tomcat started on port(s): 8083 (http) with context path ''
time=2019-01-30T10:07:23.367+0800`appName=graduation`hostName=localhost`logLevel=INFO `msg=Started Graduation1Application in 10.03 seconds (JVM running for 13.587)
time=2019-01-30T10:07:36.869+0800`appName=graduation`hostName=localhost`logLevel=INFO `msg=Starting without optional epoll library
time=2019-01-30T10:07:36.873+0800`appName=graduation`hostName=localhost`logLevel=INFO `msg=Starting without optional kqueue library
time=2019-01-30T10:10:55.876+0800`appName=graduation`hostName=localhost`logLevel=INFO `msg=Starting Graduation1Application on DESKTOP-Q8HC681 with PID 6568 (F:\idea\graduation1\target\classes started by pcdn in F:\idea\graduation1)
time=2019-01-30T10:10:55.887+0800`appName=graduation`hostName=localhost`logLevel=INFO `msg=The following profiles are active: dev
time=2019-01-30T10:10:56.095+0800`appName=graduation`hostName=localhost`logLevel=INFO `msg=Refreshing org.springframework.boot.web.servlet.context.AnnotationConfigServletWebServerApplicationContext@2ece4966: startup date [Wed Jan 30 10:10:56 CST 2019]; root of context hierarchy
time=2019-01-30T10:10:57.439+0800`appName=graduation`hostName=localhost`logLevel=WARN `msg=No MyBatis mapper was found in '[com.zy.project.mapper]' package. Please check your configuration.
time=2019-01-30T10:10:59.456+0800`appName=graduation`hostName=localhost`logLevel=INFO `msg=Tomcat initialized with port(s): 8083 (http)
time=2019-01-30T10:11:00.042+0800`appName=graduation`hostName=localhost`logLevel=INFO `msg=Servlet dispatcherServlet mapped to [/]
time=2019-01-30T10:11:00.053+0800`appName=graduation`hostName=localhost`logLevel=INFO `msg=Mapping filter: 'characterEncodingFilter' to: [/*]
time=2019-01-30T10:11:00.053+0800`appName=graduation`hostName=localhost`logLevel=INFO `msg=Mapping filter: 'hiddenHttpMethodFilter' to: [/*]
time=2019-01-30T10:11:00.053+0800`appName=graduation`hostName=localhost`logLevel=INFO `msg=Mapping filter: 'httpPutFormContentFilter' to: [/*]
time=2019-01-30T10:11:00.053+0800`appName=graduation`hostName=localhost`logLevel=INFO `msg=Mapping filter: 'requestContextFilter' to: [/*]
time=2019-01-30T10:11:00.859+0800`appName=graduation`hostName=localhost`logLevel=INFO `msg=HikariPool-1 - Starting...
time=2019-01-30T10:11:01.181+0800`appName=graduation`hostName=localhost`logLevel=INFO `msg=HikariPool-1 - Start completed.
time=2019-01-30T10:11:06.776+0800`appName=graduation`hostName=localhost`logLevel=INFO `msg=Tomcat started on port(s): 8083 (http) with context path ''
time=2019-01-30T10:11:06.777+0800`appName=graduation`hostName=localhost`logLevel=INFO `msg=Started Graduation1Application in 11.662 seconds (JVM running for 16.044)
time=2019-01-30T10:11:08.363+0800`appName=graduation`hostName=localhost`logLevel=INFO `msg=Starting without optional epoll library
time=2019-01-30T10:11:08.368+0800`appName=graduation`hostName=localhost`logLevel=INFO `msg=Starting without optional kqueue library
time=2019-01-30T10:12:40.802+0800`appName=graduation`hostName=localhost`logLevel=INFO `msg=Starting Graduation1Application on DESKTOP-Q8HC681 with PID 14744 (F:\idea\graduation1\target\classes started by pcdn in F:\idea\graduation1)
time=2019-01-30T10:12:40.851+0800`appName=graduation`hostName=localhost`logLevel=INFO `msg=The following profiles are active: dev
time=2019-01-30T10:12:41.109+0800`appName=graduation`hostName=localhost`logLevel=INFO `msg=Refreshing org.springframework.boot.web.servlet.context.AnnotationConfigServletWebServerApplicationContext@19fb8826: startup date [Wed Jan 30 10:12:41 CST 2019]; root of context hierarchy
time=2019-01-30T10:12:42.429+0800`appName=graduation`hostName=localhost`logLevel=WARN `msg=No MyBatis mapper was found in '[com.zy.project.mapper]' package. Please check your configuration.
time=2019-01-30T10:12:44.424+0800`appName=graduation`hostName=localhost`logLevel=INFO `msg=Tomcat initialized with port(s): 8083 (http)
time=2019-01-30T10:12:45.004+0800`appName=graduation`hostName=localhost`logLevel=INFO `msg=Servlet dispatcherServlet mapped to [/]
time=2019-01-30T10:12:45.015+0800`appName=graduation`hostName=localhost`logLevel=INFO `msg=Mapping filter: 'characterEncodingFilter' to: [/*]
time=2019-01-30T10:12:45.016+0800`appName=graduation`hostName=localhost`logLevel=INFO `msg=Mapping filter: 'hiddenHttpMethodFilter' to: [/*]
time=2019-01-30T10:12:45.016+0800`appName=graduation`hostName=localhost`logLevel=INFO `msg=Mapping filter: 'httpPutFormContentFilter' to: [/*]
time=2019-01-30T10:12:45.017+0800`appName=graduation`hostName=localhost`logLevel=INFO `msg=Mapping filter: 'requestContextFilter' to: [/*]
time=2019-01-30T10:12:45.867+0800`appName=graduation`hostName=localhost`logLevel=INFO `msg=HikariPool-1 - Starting...
time=2019-01-30T10:12:46.164+0800`appName=graduation`hostName=localhost`logLevel=INFO `msg=HikariPool-1 - Start completed.
time=2019-01-30T10:12:51.540+0800`appName=graduation`hostName=localhost`logLevel=INFO `msg=Tomcat started on port(s): 8083 (http) with context path ''
time=2019-01-30T10:12:51.551+0800`appName=graduation`hostName=localhost`logLevel=INFO `msg=Started Graduation1Application in 11.533 seconds (JVM running for 16.151)
time=2019-01-30T10:13:31.867+0800`appName=graduation`hostName=localhost`logLevel=INFO `msg=Starting without optional epoll library
time=2019-01-30T10:13:31.874+0800`appName=graduation`hostName=localhost`logLevel=INFO `msg=Starting without optional kqueue library
time=2019-01-30T10:17:03.903+0800`appName=graduation`hostName=localhost`logLevel=INFO `msg=Starting Graduation1Application on DESKTOP-Q8HC681 with PID 9848 (F:\idea\graduation1\target\classes started by pcdn in F:\idea\graduation1)
time=2019-01-30T10:17:03.937+0800`appName=graduation`hostName=localhost`logLevel=INFO `msg=The following profiles are active: dev
time=2019-01-30T10:17:04.250+0800`appName=graduation`hostName=localhost`logLevel=INFO `msg=Refreshing org.springframework.boot.web.servlet.context.AnnotationConfigServletWebServerApplicationContext@46f699d5: startup date [Wed Jan 30 10:17:04 CST 2019]; root of context hierarchy
time=2019-01-30T10:17:06.523+0800`appName=graduation`hostName=localhost`logLevel=WARN `msg=No MyBatis mapper was found in '[com.zy.project.mapper]' package. Please check your configuration.
time=2019-01-30T10:17:08.707+0800`appName=graduation`hostName=localhost`logLevel=INFO `msg=Tomcat initialized with port(s): 8083 (http)
time=2019-01-30T10:17:09.295+0800`appName=graduation`hostName=localhost`logLevel=INFO `msg=Servlet dispatcherServlet mapped to [/]
time=2019-01-30T10:17:09.295+0800`appName=graduation`hostName=localhost`logLevel=INFO `msg=Mapping filter: 'characterEncodingFilter' to: [/*]
time=2019-01-30T10:17:09.305+0800`appName=graduation`hostName=localhost`logLevel=INFO `msg=Mapping filter: 'hiddenHttpMethodFilter' to: [/*]
time=2019-01-30T10:17:09.305+0800`appName=graduation`hostName=localhost`logLevel=INFO `msg=Mapping filter: 'httpPutFormContentFilter' to: [/*]
time=2019-01-30T10:17:09.305+0800`appName=graduation`hostName=localhost`logLevel=INFO `msg=Mapping filter: 'requestContextFilter' to: [/*]
time=2019-01-30T10:17:10.044+0800`appName=graduation`hostName=localhost`logLevel=INFO `msg=HikariPool-1 - Starting...
time=2019-01-30T10:17:10.334+0800`appName=graduation`hostName=localhost`logLevel=INFO `msg=HikariPool-1 - Start completed.
time=2019-01-30T10:17:15.206+0800`appName=graduation`hostName=localhost`logLevel=INFO `msg=Tomcat started on port(s): 8083 (http) with context path ''
time=2019-01-30T10:17:15.218+0800`appName=graduation`hostName=localhost`logLevel=INFO `msg=Started Graduation1Application in 12.624 seconds (JVM running for 19.021)
time=2019-01-30T10:18:28.809+0800`appName=graduation`hostName=localhost`logLevel=INFO `msg=Starting without optional epoll library
time=2019-01-30T10:18:28.814+0800`appName=graduation`hostName=localhost`logLevel=INFO `msg=Starting without optional kqueue library
time=2019-01-30T10:19:15.066+0800`appName=graduation`hostName=localhost`logLevel=INFO `msg=Starting Graduation1Application on DESKTOP-Q8HC681 with PID 648 (F:\idea\graduation1\target\classes started by pcdn in F:\idea\graduation1)
time=2019-01-30T10:19:15.096+0800`appName=graduation`hostName=localhost`logLevel=INFO `msg=The following profiles are active: dev
time=2019-01-30T10:19:15.256+0800`appName=graduation`hostName=localhost`logLevel=INFO `msg=Refreshing org.springframework.boot.web.servlet.context.AnnotationConfigServletWebServerApplicationContext@47605f2f: startup date [Wed Jan 30 10:19:15 CST 2019]; root of context hierarchy
time=2019-01-30T10:19:16.316+0800`appName=graduation`hostName=localhost`logLevel=WARN `msg=No MyBatis mapper was found in '[com.zy.project.mapper]' package. Please check your configuration.
time=2019-01-30T10:19:18.185+0800`appName=graduation`hostName=localhost`logLevel=INFO `msg=Tomcat initialized with port(s): 8083 (http)
time=2019-01-30T10:19:19.033+0800`appName=graduation`hostName=localhost`logLevel=INFO `msg=Servlet dispatcherServlet mapped to [/]
time=2019-01-30T10:19:19.044+0800`appName=graduation`hostName=localhost`logLevel=INFO `msg=Mapping filter: 'characterEncodingFilter' to: [/*]
time=2019-01-30T10:19:19.045+0800`appName=graduation`hostName=localhost`logLevel=INFO `msg=Mapping filter: 'hiddenHttpMethodFilter' to: [/*]
time=2019-01-30T10:19:19.045+0800`appName=graduation`hostName=localhost`logLevel=INFO `msg=Mapping filter: 'httpPutFormContentFilter' to: [/*]
time=2019-01-30T10:19:19.045+0800`appName=graduation`hostName=localhost`logLevel=INFO `msg=Mapping filter: 'requestContextFilter' to: [/*]
time=2019-01-30T10:19:19.945+0800`appName=graduation`hostName=localhost`logLevel=INFO `msg=HikariPool-1 - Starting...
time=2019-01-30T10:19:20.266+0800`appName=graduation`hostName=localhost`logLevel=INFO `msg=HikariPool-1 - Start completed.
time=2019-01-30T10:19:24.561+0800`appName=graduation`hostName=localhost`logLevel=INFO `msg=Tomcat started on port(s): 8083 (http) with context path ''
time=2019-01-30T10:19:24.571+0800`appName=graduation`hostName=localhost`logLevel=INFO `msg=Started Graduation1Application in 10.282 seconds (JVM running for 13.846)
time=2019-01-30T10:19:25.231+0800`appName=graduation`hostName=localhost`logLevel=INFO `msg=Starting without optional epoll library
time=2019-01-30T10:19:25.236+0800`appName=graduation`hostName=localhost`logLevel=INFO `msg=Starting without optional kqueue library
time=2019-01-30T10:23:23.820+0800`appName=graduation`hostName=localhost`logLevel=INFO `msg=Starting Graduation1Application on DESKTOP-Q8HC681 with PID 6052 (F:\idea\graduation1\target\classes started by pcdn in F:\idea\graduation1)
time=2019-01-30T10:23:23.840+0800`appName=graduation`hostName=localhost`logLevel=INFO `msg=The following profiles are active: dev
time=2019-01-30T10:23:24.017+0800`appName=graduation`hostName=localhost`logLevel=INFO `msg=Refreshing org.springframework.boot.web.servlet.context.AnnotationConfigServletWebServerApplicationContext@75ed9710: startup date [Wed Jan 30 10:23:24 CST 2019]; root of context hierarchy
time=2019-01-30T10:23:25.037+0800`appName=graduation`hostName=localhost`logLevel=WARN `msg=No MyBatis mapper was found in '[com.zy.project.mapper]' package. Please check your configuration.
time=2019-01-30T10:23:26.816+0800`appName=graduation`hostName=localhost`logLevel=INFO `msg=Tomcat initialized with port(s): 8083 (http)
time=2019-01-30T10:23:27.341+0800`appName=graduation`hostName=localhost`logLevel=INFO `msg=Servlet dispatcherServlet mapped to [/]
time=2019-01-30T10:23:27.351+0800`appName=graduation`hostName=localhost`logLevel=INFO `msg=Mapping filter: 'characterEncodingFilter' to: [/*]
time=2019-01-30T10:23:27.351+0800`appName=graduation`hostName=localhost`logLevel=INFO `msg=Mapping filter: 'hiddenHttpMethodFilter' to: [/*]
time=2019-01-30T10:23:27.351+0800`appName=graduation`hostName=localhost`logLevel=INFO `msg=Mapping filter: 'httpPutFormContentFilter' to: [/*]
time=2019-01-30T10:23:27.351+0800`appName=graduation`hostName=localhost`logLevel=INFO `msg=Mapping filter: 'requestContextFilter' to: [/*]
time=2019-01-30T10:23:28.021+0800`appName=graduation`hostName=localhost`logLevel=INFO `msg=HikariPool-1 - Starting...
time=2019-01-30T10:23:28.301+0800`appName=graduation`hostName=localhost`logLevel=INFO `msg=HikariPool-1 - Start completed.
time=2019-01-30T10:23:32.578+0800`appName=graduation`hostName=localhost`logLevel=INFO `msg=Tomcat started on port(s): 8083 (http) with context path ''
time=2019-01-30T10:23:32.578+0800`appName=graduation`hostName=localhost`logLevel=INFO `msg=Started Graduation1Application in 9.411 seconds (JVM running for 12.691)
time=2019-01-30T10:23:40.433+0800`appName=graduation`hostName=localhost`logLevel=INFO `msg=Starting without optional epoll library
time=2019-01-30T10:23:40.437+0800`appName=graduation`hostName=localhost`logLevel=INFO `msg=Starting without optional kqueue library
time=2019-01-30T10:24:52.609+0800`appName=graduation`hostName=localhost`logLevel=INFO `msg=Starting Graduation1Application on DESKTOP-Q8HC681 with PID 11904 (F:\idea\graduation1\target\classes started by pcdn in F:\idea\graduation1)
time=2019-01-30T10:24:52.629+0800`appName=graduation`hostName=localhost`logLevel=INFO `msg=The following profiles are active: dev
time=2019-01-30T10:24:52.805+0800`appName=graduation`hostName=localhost`logLevel=INFO `msg=Refreshing org.springframework.boot.web.servlet.context.AnnotationConfigServletWebServerApplicationContext@556d0826: startup date [Wed Jan 30 10:24:52 CST 2019]; root of context hierarchy
time=2019-01-30T10:24:53.863+0800`appName=graduation`hostName=localhost`logLevel=WARN `msg=No MyBatis mapper was found in '[com.zy.project.mapper]' package. Please check your configuration.
time=2019-01-30T10:24:55.512+0800`appName=graduation`hostName=localhost`logLevel=INFO `msg=Tomcat initialized with port(s): 8083 (http)
time=2019-01-30T10:24:55.994+0800`appName=graduation`hostName=localhost`logLevel=INFO `msg=Servlet dispatcherServlet mapped to [/]
time=2019-01-30T10:24:56.194+0800`appName=graduation`hostName=localhost`logLevel=INFO `msg=Mapping filter: 'characterEncodingFilter' to: [/*]
time=2019-01-30T10:24:56.194+0800`appName=graduation`hostName=localhost`logLevel=INFO `msg=Mapping filter: 'hiddenHttpMethodFilter' to: [/*]
time=2019-01-30T10:24:56.194+0800`appName=graduation`hostName=localhost`logLevel=INFO `msg=Mapping filter: 'httpPutFormContentFilter' to: [/*]
time=2019-01-30T10:24:56.194+0800`appName=graduation`hostName=localhost`logLevel=INFO `msg=Mapping filter: 'requestContextFilter' to: [/*]
time=2019-01-30T10:24:56.744+0800`appName=graduation`hostName=localhost`logLevel=INFO `msg=HikariPool-1 - Starting...
time=2019-01-30T10:24:57.021+0800`appName=graduation`hostName=localhost`logLevel=INFO `msg=HikariPool-1 - Start completed.
time=2019-01-30T10:25:01.815+0800`appName=graduation`hostName=localhost`logLevel=INFO `msg=Tomcat started on port(s): 8083 (http) with context path ''
time=2019-01-30T10:25:01.830+0800`appName=graduation`hostName=localhost`logLevel=INFO `msg=Started Graduation1Application in 9.908 seconds (JVM running for 13.492)
time=2019-01-30T10:25:02.241+0800`appName=graduation`hostName=localhost`logLevel=INFO `msg=Starting without optional epoll library
time=2019-01-30T10:25:02.249+0800`appName=graduation`hostName=localhost`logLevel=INFO `msg=Starting without optional kqueue library
time=2019-01-30T10:27:27.171+0800`appName=graduation`hostName=localhost`logLevel=INFO `msg=Starting Graduation1Application on DESKTOP-Q8HC681 with PID 13648 (F:\idea\graduation1\target\classes started by pcdn in F:\idea\graduation1)
time=2019-01-30T10:27:27.184+0800`appName=graduation`hostName=localhost`logLevel=INFO `msg=The following profiles are active: dev
time=2019-01-30T10:27:27.354+0800`appName=graduation`hostName=localhost`logLevel=INFO `msg=Refreshing org.springframework.boot.web.servlet.context.AnnotationConfigServletWebServerApplicationContext@61884cb1: startup date [Wed Jan 30 10:27:27 CST 2019]; root of context hierarchy
time=2019-01-30T10:27:28.381+0800`appName=graduation`hostName=localhost`logLevel=WARN `msg=No MyBatis mapper was found in '[com.zy.project.mapper]' package. Please check your configuration.
time=2019-01-30T10:27:30.094+0800`appName=graduation`hostName=localhost`logLevel=INFO `msg=Tomcat initialized with port(s): 8083 (http)
time=2019-01-30T10:27:30.678+0800`appName=graduation`hostName=localhost`logLevel=INFO `msg=Servlet dispatcherServlet mapped to [/]
time=2019-01-30T10:27:30.686+0800`appName=graduation`hostName=localhost`logLevel=INFO `msg=Mapping filter: 'characterEncodingFilter' to: [/*]
time=2019-01-30T10:27:30.687+0800`appName=graduation`hostName=localhost`logLevel=INFO `msg=Mapping filter: 'hiddenHttpMethodFilter' to: [/*]
time=2019-01-30T10:27:30.687+0800`appName=graduation`hostName=localhost`logLevel=INFO `msg=Mapping filter: 'httpPutFormContentFilter' to: [/*]
time=2019-01-30T10:27:30.687+0800`appName=graduation`hostName=localhost`logLevel=INFO `msg=Mapping filter: 'requestContextFilter' to: [/*]
time=2019-01-30T10:27:31.396+0800`appName=graduation`hostName=localhost`logLevel=INFO `msg=HikariPool-1 - Starting...
time=2019-01-30T10:27:31.685+0800`appName=graduation`hostName=localhost`logLevel=INFO `msg=HikariPool-1 - Start completed.
time=2019-01-30T10:27:36.863+0800`appName=graduation`hostName=localhost`logLevel=INFO `msg=Tomcat started on port(s): 8083 (http) with context path ''
time=2019-01-30T10:27:36.872+0800`appName=graduation`hostName=localhost`logLevel=INFO `msg=Started Graduation1Application in 10.342 seconds (JVM running for 14.291)
time=2019-01-30T10:30:21.973+0800`appName=graduation`hostName=localhost`logLevel=INFO `msg=Starting without optional epoll library
time=2019-01-30T10:30:21.977+0800`appName=graduation`hostName=localhost`logLevel=INFO `msg=Starting without optional kqueue library
time=2019-01-30T10:31:47.189+0800`appName=graduation`hostName=localhost`logLevel=INFO `msg=Starting Graduation1Application on DESKTOP-Q8HC681 with PID 11868 (F:\idea\graduation1\target\classes started by pcdn in F:\idea\graduation1)
time=2019-01-30T10:31:47.219+0800`appName=graduation`hostName=localhost`logLevel=INFO `msg=The following profiles are active: dev
time=2019-01-30T10:31:47.439+0800`appName=graduation`hostName=localhost`logLevel=INFO `msg=Refreshing org.springframework.boot.web.servlet.context.AnnotationConfigServletWebServerApplicationContext@4b3a45f1: startup date [Wed Jan 30 10:31:47 CST 2019]; root of context hierarchy
time=2019-01-30T10:31:48.629+0800`appName=graduation`hostName=localhost`logLevel=WARN `msg=No MyBatis mapper was found in '[com.zy.project.mapper]' package. Please check your configuration.
time=2019-01-30T10:31:50.679+0800`appName=graduation`hostName=localhost`logLevel=INFO `msg=Tomcat initialized with port(s): 8083 (http)
time=2019-01-30T10:31:51.237+0800`appName=graduation`hostName=localhost`logLevel=INFO `msg=Servlet dispatcherServlet mapped to [/]
time=2019-01-30T10:31:51.247+0800`appName=graduation`hostName=localhost`logLevel=INFO `msg=Mapping filter: 'characterEncodingFilter' to: [/*]
time=2019-01-30T10:31:51.247+0800`appName=graduation`hostName=localhost`logLevel=INFO `msg=Mapping filter: 'hiddenHttpMethodFilter' to: [/*]
time=2019-01-30T10:31:51.247+0800`appName=graduation`hostName=localhost`logLevel=INFO `msg=Mapping filter: 'httpPutFormContentFilter' to: [/*]
time=2019-01-30T10:31:51.247+0800`appName=graduation`hostName=localhost`logLevel=INFO `msg=Mapping filter: 'requestContextFilter' to: [/*]
time=2019-01-30T10:31:51.904+0800`appName=graduation`hostName=localhost`logLevel=INFO `msg=HikariPool-1 - Starting...
time=2019-01-30T10:31:57.868+0800`appName=graduation`hostName=localhost`logLevel=INFO `msg=Starting Graduation1Application on DESKTOP-Q8HC681 with PID 668 (F:\idea\graduation1\target\classes started by pcdn in F:\idea\graduation1)
time=2019-01-30T10:31:57.898+0800`appName=graduation`hostName=localhost`logLevel=INFO `msg=The following profiles are active: dev
time=2019-01-30T10:31:58.075+0800`appName=graduation`hostName=localhost`logLevel=INFO `msg=Refreshing org.springframework.boot.web.servlet.context.AnnotationConfigServletWebServerApplicationContext@609640d5: startup date [Wed Jan 30 10:31:58 CST 2019]; root of context hierarchy
time=2019-01-30T10:31:59.237+0800`appName=graduation`hostName=localhost`logLevel=WARN `msg=No MyBatis mapper was found in '[com.zy.project.mapper]' package. Please check your configuration.
time=2019-01-30T10:32:00.965+0800`appName=graduation`hostName=localhost`logLevel=INFO `msg=Tomcat initialized with port(s): 8083 (http)
time=2019-01-30T10:32:01.496+0800`appName=graduation`hostName=localhost`logLevel=INFO `msg=Servlet dispatcherServlet mapped to [/]
time=2019-01-30T10:32:01.506+0800`appName=graduation`hostName=localhost`logLevel=INFO `msg=Mapping filter: 'characterEncodingFilter' to: [/*]
time=2019-01-30T10:32:01.506+0800`appName=graduation`hostName=localhost`logLevel=INFO `msg=Mapping filter: 'hiddenHttpMethodFilter' to: [/*]
time=2019-01-30T10:32:01.506+0800`appName=graduation`hostName=localhost`logLevel=INFO `msg=Mapping filter: 'httpPutFormContentFilter' to: [/*]
time=2019-01-30T10:32:01.506+0800`appName=graduation`hostName=localhost`logLevel=INFO `msg=Mapping filter: 'requestContextFilter' to: [/*]
time=2019-01-30T10:32:02.140+0800`appName=graduation`hostName=localhost`logLevel=INFO `msg=HikariPool-1 - Starting...
time=2019-01-30T10:32:02.420+0800`appName=graduation`hostName=localhost`logLevel=INFO `msg=HikariPool-1 - Start completed.
time=2019-01-30T10:32:06.855+0800`appName=graduation`hostName=localhost`logLevel=INFO `msg=Tomcat started on port(s): 8083 (http) with context path ''
time=2019-01-30T10:32:06.865+0800`appName=graduation`hostName=localhost`logLevel=INFO `msg=Started Graduation1Application in 9.67 seconds (JVM running for 12.921)
time=2019-01-30T10:32:12.481+0800`appName=graduation`hostName=localhost`logLevel=INFO `msg=Starting without optional epoll library
time=2019-01-30T10:32:12.486+0800`appName=graduation`hostName=localhost`logLevel=INFO `msg=Starting without optional kqueue library
time=2019-01-30T10:34:41.875+0800`appName=graduation`hostName=localhost`logLevel=INFO `msg=Starting Graduation1Application on DESKTOP-Q8HC681 with PID 7840 (F:\idea\graduation1\target\classes started by pcdn in F:\idea\graduation1)
time=2019-01-30T10:34:41.885+0800`appName=graduation`hostName=localhost`logLevel=INFO `msg=The following profiles are active: dev
time=2019-01-30T10:34:42.075+0800`appName=graduation`hostName=localhost`logLevel=INFO `msg=Refreshing org.springframework.boot.web.servlet.context.AnnotationConfigServletWebServerApplicationContext@19fb8826: startup date [Wed Jan 30 10:34:42 CST 2019]; root of context hierarchy
time=2019-01-30T10:34:43.126+0800`appName=graduation`hostName=localhost`logLevel=WARN `msg=No MyBatis mapper was found in '[com.zy.project.mapper]' package. Please check your configuration.
time=2019-01-30T10:34:44.807+0800`appName=graduation`hostName=localhost`logLevel=INFO `msg=Tomcat initialized with port(s): 8083 (http)
time=2019-01-30T10:34:45.315+0800`appName=graduation`hostName=localhost`logLevel=INFO `msg=Servlet dispatcherServlet mapped to [/]
time=2019-01-30T10:34:45.325+0800`appName=graduation`hostName=localhost`logLevel=INFO `msg=Mapping filter: 'characterEncodingFilter' to: [/*]
time=2019-01-30T10:34:45.335+0800`appName=graduation`hostName=localhost`logLevel=INFO `msg=Mapping filter: 'hiddenHttpMethodFilter' to: [/*]
time=2019-01-30T10:34:45.335+0800`appName=graduation`hostName=localhost`logLevel=INFO `msg=Mapping filter: 'httpPutFormContentFilter' to: [/*]
time=2019-01-30T10:34:45.335+0800`appName=graduation`hostName=localhost`logLevel=INFO `msg=Mapping filter: 'requestContextFilter' to: [/*]
time=2019-01-30T10:34:45.975+0800`appName=graduation`hostName=localhost`logLevel=INFO `msg=HikariPool-1 - Starting...
time=2019-01-30T10:34:46.244+0800`appName=graduation`hostName=localhost`logLevel=INFO `msg=HikariPool-1 - Start completed.
time=2019-01-30T10:34:50.710+0800`appName=graduation`hostName=localhost`logLevel=INFO `msg=Tomcat started on port(s): 8083 (http) with context path ''
time=2019-01-30T10:34:50.720+0800`appName=graduation`hostName=localhost`logLevel=INFO `msg=Started Graduation1Application in 9.502 seconds (JVM running for 12.683)
time=2019-01-30T10:35:15.749+0800`appName=graduation`hostName=localhost`logLevel=INFO `msg=Starting without optional epoll library
time=2019-01-30T10:35:15.752+0800`appName=graduation`hostName=localhost`logLevel=INFO `msg=Starting without optional kqueue library
time=2019-01-30T10:57:54.308+0800`appName=graduation`hostName=localhost`logLevel=INFO `msg=Starting Graduation1Application on DESKTOP-Q8HC681 with PID 1280 (F:\idea\graduation1\target\classes started by pcdn in F:\idea\graduation1)
time=2019-01-30T10:57:54.319+0800`appName=graduation`hostName=localhost`logLevel=INFO `msg=The following profiles are active: dev
time=2019-01-30T10:57:54.534+0800`appName=graduation`hostName=localhost`logLevel=INFO `msg=Refreshing org.springframework.boot.web.servlet.context.AnnotationConfigServletWebServerApplicationContext@590c73d3: startup date [Wed Jan 30 10:57:54 CST 2019]; root of context hierarchy
time=2019-01-30T10:57:56.166+0800`appName=graduation`hostName=localhost`logLevel=WARN `msg=No MyBatis mapper was found in '[com.zy.project.mapper]' package. Please check your configuration.
time=2019-01-30T10:57:58.009+0800`appName=graduation`hostName=localhost`logLevel=INFO `msg=Tomcat initialized with port(s): 8083 (http)
time=2019-01-30T10:57:58.586+0800`appName=graduation`hostName=localhost`logLevel=INFO `msg=Servlet dispatcherServlet mapped to [/]
time=2019-01-30T10:57:58.600+0800`appName=graduation`hostName=localhost`logLevel=INFO `msg=Mapping filter: 'characterEncodingFilter' to: [/*]
time=2019-01-30T10:57:58.601+0800`appName=graduation`hostName=localhost`logLevel=INFO `msg=Mapping filter: 'hiddenHttpMethodFilter' to: [/*]
time=2019-01-30T10:57:58.601+0800`appName=graduation`hostName=localhost`logLevel=INFO `msg=Mapping filter: 'httpPutFormContentFilter' to: [/*]
time=2019-01-30T10:57:58.601+0800`appName=graduation`hostName=localhost`logLevel=INFO `msg=Mapping filter: 'requestContextFilter' to: [/*]
time=2019-01-30T10:57:59.348+0800`appName=graduation`hostName=localhost`logLevel=INFO `msg=HikariPool-1 - Starting...
time=2019-01-30T10:57:59.699+0800`appName=graduation`hostName=localhost`logLevel=INFO `msg=HikariPool-1 - Start completed.
time=2019-01-30T10:58:04.475+0800`appName=graduation`hostName=localhost`logLevel=INFO `msg=Tomcat started on port(s): 8083 (http) with context path ''
time=2019-01-30T10:58:04.483+0800`appName=graduation`hostName=localhost`logLevel=INFO `msg=Started Graduation1Application in 10.943 seconds (JVM running for 14.491)
time=2019-01-30T10:58:33.430+0800`appName=graduation`hostName=localhost`logLevel=INFO `msg=Starting without optional epoll library
time=2019-01-30T10:58:33.436+0800`appName=graduation`hostName=localhost`logLevel=INFO `msg=Starting without optional kqueue library
time=2019-01-30T11:25:26.563+0800`appName=graduation`hostName=localhost`logLevel=INFO `msg=Starting Graduation1Application on DESKTOP-Q8HC681 with PID 4196 (F:\idea\graduation1\target\classes started by pcdn in F:\idea\graduation1)
time=2019-01-30T11:25:26.593+0800`appName=graduation`hostName=localhost`logLevel=INFO `msg=The following profiles are active: dev
time=2019-01-30T11:25:26.774+0800`appName=graduation`hostName=localhost`logLevel=INFO `msg=Refreshing org.springframework.boot.web.servlet.context.AnnotationConfigServletWebServerApplicationContext@62435e70: startup date [Wed Jan 30 11:25:26 CST 2019]; root of context hierarchy
time=2019-01-30T11:25:28.411+0800`appName=graduation`hostName=localhost`logLevel=WARN `msg=No MyBatis mapper was found in '[com.zy.project.mapper]' package. Please check your configuration.
time=2019-01-30T11:25:30.155+0800`appName=graduation`hostName=localhost`logLevel=INFO `msg=Tomcat initialized with port(s): 8083 (http)
time=2019-01-30T11:25:30.745+0800`appName=graduation`hostName=localhost`logLevel=INFO `msg=Servlet dispatcherServlet mapped to [/]
time=2019-01-30T11:25:30.745+0800`appName=graduation`hostName=localhost`logLevel=INFO `msg=Mapping filter: 'characterEncodingFilter' to: [/*]
time=2019-01-30T11:25:30.745+0800`appName=graduation`hostName=localhost`logLevel=INFO `msg=Mapping filter: 'hiddenHttpMethodFilter' to: [/*]
time=2019-01-30T11:25:30.745+0800`appName=graduation`hostName=localhost`logLevel=INFO `msg=Mapping filter: 'httpPutFormContentFilter' to: [/*]
time=2019-01-30T11:25:30.755+0800`appName=graduation`hostName=localhost`logLevel=INFO `msg=Mapping filter: 'requestContextFilter' to: [/*]
time=2019-01-30T11:25:31.618+0800`appName=graduation`hostName=localhost`logLevel=INFO `msg=HikariPool-1 - Starting...
time=2019-01-30T11:25:31.943+0800`appName=graduation`hostName=localhost`logLevel=INFO `msg=HikariPool-1 - Start completed.
time=2019-01-30T11:25:37.004+0800`appName=graduation`hostName=localhost`logLevel=INFO `msg=Tomcat started on port(s): 8083 (http) with context path ''
time=2019-01-30T11:25:37.014+0800`appName=graduation`hostName=localhost`logLevel=INFO `msg=Started Graduation1Application in 11.222 seconds (JVM running for 14.497)
time=2019-01-30T11:37:03.627+0800`appName=graduation`hostName=localhost`logLevel=INFO `msg=Starting without optional epoll library
time=2019-01-30T11:37:03.632+0800`appName=graduation`hostName=localhost`logLevel=INFO `msg=Starting without optional kqueue library
time=2019-01-30T11:38:05.518+0800`appName=graduation`hostName=localhost`logLevel=INFO `msg=Starting Graduation1Application on DESKTOP-Q8HC681 with PID 8616 (F:\idea\graduation1\target\classes started by pcdn in F:\idea\graduation1)
time=2019-01-30T11:38:05.528+0800`appName=graduation`hostName=localhost`logLevel=INFO `msg=The following profiles are active: dev
time=2019-01-30T11:38:05.718+0800`appName=graduation`hostName=localhost`logLevel=INFO `msg=Refreshing org.springframework.boot.web.servlet.context.AnnotationConfigServletWebServerApplicationContext@666b83a4: startup date [Wed Jan 30 11:38:05 CST 2019]; root of context hierarchy
time=2019-01-30T11:38:07.288+0800`appName=graduation`hostName=localhost`logLevel=WARN `msg=No MyBatis mapper was found in '[com.zy.project.mapper]' package. Please check your configuration.
time=2019-01-30T11:38:09.270+0800`appName=graduation`hostName=localhost`logLevel=INFO `msg=Tomcat initialized with port(s): 8083 (http)
time=2019-01-30T11:38:09.774+0800`appName=graduation`hostName=localhost`logLevel=INFO `msg=Servlet dispatcherServlet mapped to [/]
time=2019-01-30T11:38:09.784+0800`appName=graduation`hostName=localhost`logLevel=INFO `msg=Mapping filter: 'characterEncodingFilter' to: [/*]
time=2019-01-30T11:38:09.784+0800`appName=graduation`hostName=localhost`logLevel=INFO `msg=Mapping filter: 'hiddenHttpMethodFilter' to: [/*]
time=2019-01-30T11:38:09.784+0800`appName=graduation`hostName=localhost`logLevel=INFO `msg=Mapping filter: 'httpPutFormContentFilter' to: [/*]
time=2019-01-30T11:38:09.784+0800`appName=graduation`hostName=localhost`logLevel=INFO `msg=Mapping filter: 'requestContextFilter' to: [/*]
time=2019-01-30T11:38:10.455+0800`appName=graduation`hostName=localhost`logLevel=INFO `msg=HikariPool-1 - Starting...
time=2019-01-30T11:38:10.725+0800`appName=graduation`hostName=localhost`logLevel=INFO `msg=HikariPool-1 - Start completed.
time=2019-01-30T11:38:14.979+0800`appName=graduation`hostName=localhost`logLevel=INFO `msg=Tomcat started on port(s): 8083 (http) with context path ''
time=2019-01-30T11:38:14.989+0800`appName=graduation`hostName=localhost`logLevel=INFO `msg=Started Graduation1Application in 10.232 seconds (JVM running for 13.624)
time=2019-01-30T11:46:26.758+0800`appName=graduation`hostName=localhost`logLevel=INFO `msg=Starting without optional epoll library
time=2019-01-30T11:46:26.764+0800`appName=graduation`hostName=localhost`logLevel=INFO `msg=Starting without optional kqueue library
time=2019-01-30T11:49:55.397+0800`appName=graduation`hostName=localhost`logLevel=INFO `msg=Starting Graduation1Application on DESKTOP-Q8HC681 with PID 12636 (F:\idea\graduation1\target\classes started by pcdn in F:\idea\graduation1)
time=2019-01-30T11:49:55.417+0800`appName=graduation`hostName=localhost`logLevel=INFO `msg=The following profiles are active: dev
time=2019-01-30T11:49:55.587+0800`appName=graduation`hostName=localhost`logLevel=INFO `msg=Refreshing org.springframework.boot.web.servlet.context.AnnotationConfigServletWebServerApplicationContext@388ba540: startup date [Wed Jan 30 11:49:55 CST 2019]; root of context hierarchy
time=2019-01-30T11:49:56.870+0800`appName=graduation`hostName=localhost`logLevel=WARN `msg=No MyBatis mapper was found in '[com.zy.project.mapper]' package. Please check your configuration.
time=2019-01-30T11:49:58.532+0800`appName=graduation`hostName=localhost`logLevel=INFO `msg=Tomcat initialized with port(s): 8083 (http)
time=2019-01-30T11:49:59.019+0800`appName=graduation`hostName=localhost`logLevel=INFO `msg=Servlet dispatcherServlet mapped to [/]
time=2019-01-30T11:49:59.029+0800`appName=graduation`hostName=localhost`logLevel=INFO `msg=Mapping filter: 'characterEncodingFilter' to: [/*]
time=2019-01-30T11:49:59.029+0800`appName=graduation`hostName=localhost`logLevel=INFO `msg=Mapping filter: 'hiddenHttpMethodFilter' to: [/*]
time=2019-01-30T11:49:59.029+0800`appName=graduation`hostName=localhost`logLevel=INFO `msg=Mapping filter: 'httpPutFormContentFilter' to: [/*]
time=2019-01-30T11:49:59.029+0800`appName=graduation`hostName=localhost`logLevel=INFO `msg=Mapping filter: 'requestContextFilter' to: [/*]
time=2019-01-30T11:49:59.689+0800`appName=graduation`hostName=localhost`logLevel=INFO `msg=HikariPool-1 - Starting...
time=2019-01-30T11:49:59.952+0800`appName=graduation`hostName=localhost`logLevel=INFO `msg=HikariPool-1 - Start completed.
time=2019-01-30T11:50:04.164+0800`appName=graduation`hostName=localhost`logLevel=INFO `msg=Tomcat started on port(s): 8083 (http) with context path ''
time=2019-01-30T11:50:04.174+0800`appName=graduation`hostName=localhost`logLevel=INFO `msg=Started Graduation1Application in 9.52 seconds (JVM running for 12.558)
time=2019-01-30T11:50:28.893+0800`appName=graduation`hostName=localhost`logLevel=INFO `msg=Starting without optional epoll library
time=2019-01-30T11:50:28.897+0800`appName=graduation`hostName=localhost`logLevel=INFO `msg=Starting without optional kqueue library
time=2019-01-30T11:52:14.965+0800`appName=graduation`hostName=localhost`logLevel=INFO `msg=Starting Graduation1Application on DESKTOP-Q8HC681 with PID 3412 (F:\idea\graduation1\target\classes started by pcdn in F:\idea\graduation1)
time=2019-01-30T11:52:14.975+0800`appName=graduation`hostName=localhost`logLevel=INFO `msg=The following profiles are active: dev
time=2019-01-30T11:52:15.166+0800`appName=graduation`hostName=localhost`logLevel=INFO `msg=Refreshing org.springframework.boot.web.servlet.context.AnnotationConfigServletWebServerApplicationContext@40499e4f: startup date [Wed Jan 30 11:52:15 CST 2019]; root of context hierarchy
time=2019-01-30T11:52:17.106+0800`appName=graduation`hostName=localhost`logLevel=WARN `msg=No MyBatis mapper was found in '[com.zy.project.mapper]' package. Please check your configuration.
time=2019-01-30T11:52:18.817+0800`appName=graduation`hostName=localhost`logLevel=INFO `msg=Tomcat initialized with port(s): 8083 (http)
time=2019-01-30T11:52:19.348+0800`appName=graduation`hostName=localhost`logLevel=INFO `msg=Servlet dispatcherServlet mapped to [/]
time=2019-01-30T11:52:19.358+0800`appName=graduation`hostName=localhost`logLevel=INFO `msg=Mapping filter: 'characterEncodingFilter' to: [/*]
time=2019-01-30T11:52:19.358+0800`appName=graduation`hostName=localhost`logLevel=INFO `msg=Mapping filter: 'hiddenHttpMethodFilter' to: [/*]
time=2019-01-30T11:52:19.358+0800`appName=graduation`hostName=localhost`logLevel=INFO `msg=Mapping filter: 'httpPutFormContentFilter' to: [/*]
time=2019-01-30T11:52:19.358+0800`appName=graduation`hostName=localhost`logLevel=INFO `msg=Mapping filter: 'requestContextFilter' to: [/*]
time=2019-01-30T11:52:20.010+0800`appName=graduation`hostName=localhost`logLevel=INFO `msg=HikariPool-1 - Starting...
time=2019-01-30T11:52:20.290+0800`appName=graduation`hostName=localhost`logLevel=INFO `msg=HikariPool-1 - Start completed.
time=2019-01-30T11:52:24.756+0800`appName=graduation`hostName=localhost`logLevel=INFO `msg=Tomcat started on port(s): 8083 (http) with context path ''
time=2019-01-30T11:52:24.768+0800`appName=graduation`hostName=localhost`logLevel=INFO `msg=Started Graduation1Application in 10.545 seconds (JVM running for 14.56)
time=2019-01-30T11:53:05.564+0800`appName=graduation`hostName=localhost`logLevel=INFO `msg=Starting without optional epoll library
time=2019-01-30T11:53:05.569+0800`appName=graduation`hostName=localhost`logLevel=INFO `msg=Starting without optional kqueue library
time=2019-01-30T11:54:40.226+0800`appName=graduation`hostName=localhost`logLevel=INFO `msg=Starting Graduation1Application on DESKTOP-Q8HC681 with PID 13956 (F:\idea\graduation1\target\classes started by pcdn in F:\idea\graduation1)
time=2019-01-30T11:54:40.246+0800`appName=graduation`hostName=localhost`logLevel=INFO `msg=The following profiles are active: dev
time=2019-01-30T11:54:40.426+0800`appName=graduation`hostName=localhost`logLevel=INFO `msg=Refreshing org.springframework.boot.web.servlet.context.AnnotationConfigServletWebServerApplicationContext@64dafeed: startup date [Wed Jan 30 11:54:40 CST 2019]; root of context hierarchy
time=2019-01-30T11:54:41.545+0800`appName=graduation`hostName=localhost`logLevel=WARN `msg=No MyBatis mapper was found in '[com.zy.project.mapper]' package. Please check your configuration.
time=2019-01-30T11:54:43.301+0800`appName=graduation`hostName=localhost`logLevel=INFO `msg=Tomcat initialized with port(s): 8083 (http)
time=2019-01-30T11:54:43.840+0800`appName=graduation`hostName=localhost`logLevel=INFO `msg=Servlet dispatcherServlet mapped to [/]
time=2019-01-30T11:54:43.850+0800`appName=graduation`hostName=localhost`logLevel=INFO `msg=Mapping filter: 'characterEncodingFilter' to: [/*]
time=2019-01-30T11:54:43.850+0800`appName=graduation`hostName=localhost`logLevel=INFO `msg=Mapping filter: 'hiddenHttpMethodFilter' to: [/*]
time=2019-01-30T11:54:43.850+0800`appName=graduation`hostName=localhost`logLevel=INFO `msg=Mapping filter: 'httpPutFormContentFilter' to: [/*]
time=2019-01-30T11:54:43.850+0800`appName=graduation`hostName=localhost`logLevel=INFO `msg=Mapping filter: 'requestContextFilter' to: [/*]
time=2019-01-30T11:54:44.570+0800`appName=graduation`hostName=localhost`logLevel=INFO `msg=HikariPool-1 - Starting...
time=2019-01-30T11:54:44.850+0800`appName=graduation`hostName=localhost`logLevel=INFO `msg=HikariPool-1 - Start completed.
time=2019-01-30T11:54:49.224+0800`appName=graduation`hostName=localhost`logLevel=INFO `msg=Tomcat started on port(s): 8083 (http) with context path ''
time=2019-01-30T11:54:49.234+0800`appName=graduation`hostName=localhost`logLevel=INFO `msg=Started Graduation1Application in 9.678 seconds (JVM running for 13.293)
time=2019-01-30T11:54:53.270+0800`appName=graduation`hostName=localhost`logLevel=INFO `msg=Starting without optional epoll library
time=2019-01-30T11:54:53.275+0800`appName=graduation`hostName=localhost`logLevel=INFO `msg=Starting without optional kqueue library
time=2019-01-30T11:56:26.995+0800`appName=graduation`hostName=localhost`logLevel=INFO `msg=Starting Graduation1Application on DESKTOP-Q8HC681 with PID 7172 (F:\idea\graduation1\target\classes started by pcdn in F:\idea\graduation1)
time=2019-01-30T11:56:27.022+0800`appName=graduation`hostName=localhost`logLevel=INFO `msg=The following profiles are active: dev
time=2019-01-30T11:56:27.185+0800`appName=graduation`hostName=localhost`logLevel=INFO `msg=Refreshing org.springframework.boot.web.servlet.context.AnnotationConfigServletWebServerApplicationContext@1d8062d2: startup date [Wed Jan 30 11:56:27 CST 2019]; root of context hierarchy
time=2019-01-30T11:56:28.275+0800`appName=graduation`hostName=localhost`logLevel=WARN `msg=No MyBatis mapper was found in '[com.zy.project.mapper]' package. Please check your configuration.
time=2019-01-30T11:56:30.027+0800`appName=graduation`hostName=localhost`logLevel=INFO `msg=Tomcat initialized with port(s): 8083 (http)
time=2019-01-30T11:56:30.543+0800`appName=graduation`hostName=localhost`logLevel=INFO `msg=Servlet dispatcherServlet mapped to [/]
time=2019-01-30T11:56:30.552+0800`appName=graduation`hostName=localhost`logLevel=INFO `msg=Mapping filter: 'characterEncodingFilter' to: [/*]
time=2019-01-30T11:56:30.552+0800`appName=graduation`hostName=localhost`logLevel=INFO `msg=Mapping filter: 'hiddenHttpMethodFilter' to: [/*]
time=2019-01-30T11:56:30.552+0800`appName=graduation`hostName=localhost`logLevel=INFO `msg=Mapping filter: 'httpPutFormContentFilter' to: [/*]
time=2019-01-30T11:56:30.552+0800`appName=graduation`hostName=localhost`logLevel=INFO `msg=Mapping filter: 'requestContextFilter' to: [/*]
time=2019-01-30T11:56:31.249+0800`appName=graduation`hostName=localhost`logLevel=INFO `msg=HikariPool-1 - Starting...
time=2019-01-30T11:56:31.549+0800`appName=graduation`hostName=localhost`logLevel=INFO `msg=HikariPool-1 - Start completed.
time=2019-01-30T11:56:36.172+0800`appName=graduation`hostName=localhost`logLevel=INFO `msg=Tomcat started on port(s): 8083 (http) with context path ''
time=2019-01-30T11:56:36.182+0800`appName=graduation`hostName=localhost`logLevel=INFO `msg=Started Graduation1Application in 9.807 seconds (JVM running for 13.029)
time=2019-01-30T11:57:08.690+0800`appName=graduation`hostName=localhost`logLevel=INFO `msg=Starting Graduation1Application on DESKTOP-Q8HC681 with PID 16040 (F:\idea\graduation1\target\classes started by pcdn in F:\idea\graduation1)
time=2019-01-30T11:57:08.720+0800`appName=graduation`hostName=localhost`logLevel=INFO `msg=The following profiles are active: dev
time=2019-01-30T11:57:08.889+0800`appName=graduation`hostName=localhost`logLevel=INFO `msg=Refreshing org.springframework.boot.web.servlet.context.AnnotationConfigServletWebServerApplicationContext@71984c3: startup date [Wed Jan 30 11:57:08 CST 2019]; root of context hierarchy
time=2019-01-30T11:57:09.983+0800`appName=graduation`hostName=localhost`logLevel=WARN `msg=No MyBatis mapper was found in '[com.zy.project.mapper]' package. Please check your configuration.
time=2019-01-30T11:57:11.691+0800`appName=graduation`hostName=localhost`logLevel=INFO `msg=Tomcat initialized with port(s): 8083 (http)
time=2019-01-30T11:57:12.228+0800`appName=graduation`hostName=localhost`logLevel=INFO `msg=Servlet dispatcherServlet mapped to [/]
time=2019-01-30T11:57:12.238+0800`appName=graduation`hostName=localhost`logLevel=INFO `msg=Mapping filter: 'characterEncodingFilter' to: [/*]
time=2019-01-30T11:57:12.238+0800`appName=graduation`hostName=localhost`logLevel=INFO `msg=Mapping filter: 'hiddenHttpMethodFilter' to: [/*]
time=2019-01-30T11:57:12.238+0800`appName=graduation`hostName=localhost`logLevel=INFO `msg=Mapping filter: 'httpPutFormContentFilter' to: [/*]
time=2019-01-30T11:57:12.238+0800`appName=graduation`hostName=localhost`logLevel=INFO `msg=Mapping filter: 'requestContextFilter' to: [/*]
time=2019-01-30T11:57:12.924+0800`appName=graduation`hostName=localhost`logLevel=INFO `msg=HikariPool-1 - Starting...
time=2019-01-30T11:57:13.238+0800`appName=graduation`hostName=localhost`logLevel=INFO `msg=HikariPool-1 - Start completed.
time=2019-01-30T11:57:18.216+0800`appName=graduation`hostName=localhost`logLevel=INFO `msg=Tomcat started on port(s): 8083 (http) with context path ''
time=2019-01-30T11:57:18.226+0800`appName=graduation`hostName=localhost`logLevel=INFO `msg=Started Graduation1Application in 10.176 seconds (JVM running for 13.781)
time=2019-01-30T11:57:21.407+0800`appName=graduation`hostName=localhost`logLevel=INFO `msg=Starting without optional epoll library
time=2019-01-30T11:57:21.412+0800`appName=graduation`hostName=localhost`logLevel=INFO `msg=Starting without optional kqueue library
time=2019-01-30T11:59:41.708+0800`appName=graduation`hostName=localhost`logLevel=INFO `msg=Starting Graduation1Application on DESKTOP-Q8HC681 with PID 13372 (F:\idea\graduation1\target\classes started by pcdn in F:\idea\graduation1)
time=2019-01-30T11:59:41.718+0800`appName=graduation`hostName=localhost`logLevel=INFO `msg=The following profiles are active: dev
time=2019-01-30T11:59:41.899+0800`appName=graduation`hostName=localhost`logLevel=INFO `msg=Refreshing org.springframework.boot.web.servlet.context.AnnotationConfigServletWebServerApplicationContext@19fb8826: startup date [Wed Jan 30 11:59:41 CST 2019]; root of context hierarchy
time=2019-01-30T11:59:42.968+0800`appName=graduation`hostName=localhost`logLevel=WARN `msg=No MyBatis mapper was found in '[com.zy.project.mapper]' package. Please check your configuration.
time=2019-01-30T11:59:44.711+0800`appName=graduation`hostName=localhost`logLevel=INFO `msg=Tomcat initialized with port(s): 8083 (http)
time=2019-01-30T11:59:45.224+0800`appName=graduation`hostName=localhost`logLevel=INFO `msg=Servlet dispatcherServlet mapped to [/]
time=2019-01-30T11:59:45.234+0800`appName=graduation`hostName=localhost`logLevel=INFO `msg=Mapping filter: 'characterEncodingFilter' to: [/*]
time=2019-01-30T11:59:45.234+0800`appName=graduation`hostName=localhost`logLevel=INFO `msg=Mapping filter: 'hiddenHttpMethodFilter' to: [/*]
time=2019-01-30T11:59:45.234+0800`appName=graduation`hostName=localhost`logLevel=INFO `msg=Mapping filter: 'httpPutFormContentFilter' to: [/*]
time=2019-01-30T11:59:45.234+0800`appName=graduation`hostName=localhost`logLevel=INFO `msg=Mapping filter: 'requestContextFilter' to: [/*]
time=2019-01-30T11:59:45.922+0800`appName=graduation`hostName=localhost`logLevel=INFO `msg=HikariPool-1 - Starting...
time=2019-01-30T11:59:46.201+0800`appName=graduation`hostName=localhost`logLevel=INFO `msg=HikariPool-1 - Start completed.
time=2019-01-30T11:59:51.278+0800`appName=graduation`hostName=localhost`logLevel=INFO `msg=Tomcat started on port(s): 8083 (http) with context path ''
time=2019-01-30T11:59:51.286+0800`appName=graduation`hostName=localhost`logLevel=INFO `msg=Started Graduation1Application in 10.276 seconds (JVM running for 14.036)
time=2019-01-30T11:59:52.016+0800`appName=graduation`hostName=localhost`logLevel=INFO `msg=Starting without optional epoll library
time=2019-01-30T11:59:52.024+0800`appName=graduation`hostName=localhost`logLevel=INFO `msg=Starting without optional kqueue library
time=2019-01-30T12:01:31.061+0800`appName=graduation`hostName=localhost`logLevel=INFO `msg=Starting Graduation1Application on DESKTOP-Q8HC681 with PID 9244 (F:\idea\graduation1\target\classes started by pcdn in F:\idea\graduation1)
time=2019-01-30T12:01:31.091+0800`appName=graduation`hostName=localhost`logLevel=INFO `msg=The following profiles are active: dev
time=2019-01-30T12:01:31.261+0800`appName=graduation`hostName=localhost`logLevel=INFO `msg=Refreshing org.springframework.boot.web.servlet.context.AnnotationConfigServletWebServerApplicationContext@47605f2f: startup date [Wed Jan 30 12:01:31 CST 2019]; root of context hierarchy
time=2019-01-30T12:01:32.381+0800`appName=graduation`hostName=localhost`logLevel=WARN `msg=No MyBatis mapper was found in '[com.zy.project.mapper]' package. Please check your configuration.
time=2019-01-30T12:01:34.142+0800`appName=graduation`hostName=localhost`logLevel=INFO `msg=Tomcat initialized with port(s): 8083 (http)
time=2019-01-30T12:01:34.642+0800`appName=graduation`hostName=localhost`logLevel=INFO `msg=Servlet dispatcherServlet mapped to [/]
time=2019-01-30T12:01:34.652+0800`appName=graduation`hostName=localhost`logLevel=INFO `msg=Mapping filter: 'characterEncodingFilter' to: [/*]
time=2019-01-30T12:01:34.662+0800`appName=graduation`hostName=localhost`logLevel=INFO `msg=Mapping filter: 'hiddenHttpMethodFilter' to: [/*]
time=2019-01-30T12:01:34.662+0800`appName=graduation`hostName=localhost`logLevel=INFO `msg=Mapping filter: 'httpPutFormContentFilter' to: [/*]
time=2019-01-30T12:01:34.662+0800`appName=graduation`hostName=localhost`logLevel=INFO `msg=Mapping filter: 'requestContextFilter' to: [/*]
time=2019-01-30T12:01:35.366+0800`appName=graduation`hostName=localhost`logLevel=INFO `msg=HikariPool-1 - Starting...
time=2019-01-30T12:01:35.656+0800`appName=graduation`hostName=localhost`logLevel=INFO `msg=HikariPool-1 - Start completed.
time=2019-01-30T12:01:40.104+0800`appName=graduation`hostName=localhost`logLevel=INFO `msg=Tomcat started on port(s): 8083 (http) with context path ''
time=2019-01-30T12:01:40.114+0800`appName=graduation`hostName=localhost`logLevel=INFO `msg=Started Graduation1Application in 9.738 seconds (JVM running for 13.535)
time=2019-01-30T12:02:54.402+0800`appName=graduation`hostName=localhost`logLevel=INFO `msg=Starting without optional epoll library
time=2019-01-30T12:02:54.408+0800`appName=graduation`hostName=localhost`logLevel=INFO `msg=Starting without optional kqueue library
time=2019-01-30T12:11:19.370+0800`appName=graduation`hostName=localhost`logLevel=INFO `msg=Starting Graduation1Application on DESKTOP-Q8HC681 with PID 12912 (F:\idea\graduation1\target\classes started by pcdn in F:\idea\graduation1)
time=2019-01-30T12:11:19.380+0800`appName=graduation`hostName=localhost`logLevel=INFO `msg=The following profiles are active: dev
time=2019-01-30T12:11:19.550+0800`appName=graduation`hostName=localhost`logLevel=INFO `msg=Refreshing org.springframework.boot.web.servlet.context.AnnotationConfigServletWebServerApplicationContext@c260bdc: startup date [Wed Jan 30 12:11:19 CST 2019]; root of context hierarchy
time=2019-01-30T12:11:21.154+0800`appName=graduation`hostName=localhost`logLevel=WARN `msg=No MyBatis mapper was found in '[com.zy.project.mapper]' package. Please check your configuration.
time=2019-01-30T12:11:22.978+0800`appName=graduation`hostName=localhost`logLevel=INFO `msg=Tomcat initialized with port(s): 8083 (http)
time=2019-01-30T12:11:23.478+0800`appName=graduation`hostName=localhost`logLevel=INFO `msg=Servlet dispatcherServlet mapped to [/]
time=2019-01-30T12:11:23.488+0800`appName=graduation`hostName=localhost`logLevel=INFO `msg=Mapping filter: 'characterEncodingFilter' to: [/*]
time=2019-01-30T12:11:23.488+0800`appName=graduation`hostName=localhost`logLevel=INFO `msg=Mapping filter: 'hiddenHttpMethodFilter' to: [/*]
time=2019-01-30T12:11:23.488+0800`appName=graduation`hostName=localhost`logLevel=INFO `msg=Mapping filter: 'httpPutFormContentFilter' to: [/*]
time=2019-01-30T12:11:23.488+0800`appName=graduation`hostName=localhost`logLevel=INFO `msg=Mapping filter: 'requestContextFilter' to: [/*]
time=2019-01-30T12:11:24.192+0800`appName=graduation`hostName=localhost`logLevel=INFO `msg=HikariPool-1 - Starting...
time=2019-01-30T12:11:24.482+0800`appName=graduation`hostName=localhost`logLevel=INFO `msg=HikariPool-1 - Start completed.
time=2019-01-30T12:11:28.815+0800`appName=graduation`hostName=localhost`logLevel=INFO `msg=Tomcat started on port(s): 8083 (http) with context path ''
time=2019-01-30T12:11:28.825+0800`appName=graduation`hostName=localhost`logLevel=INFO `msg=Started Graduation1Application in 10.166 seconds (JVM running for 13.327)
time=2019-01-30T12:12:43.102+0800`appName=graduation`hostName=localhost`logLevel=INFO `msg=Starting without optional epoll library
time=2019-01-30T12:12:43.107+0800`appName=graduation`hostName=localhost`logLevel=INFO `msg=Starting without optional kqueue library
time=2019-01-30T12:13:09.787+0800`appName=graduation`hostName=localhost`logLevel=INFO `msg=Starting Graduation1Application on DESKTOP-Q8HC681 with PID 1472 (F:\idea\graduation1\target\classes started by pcdn in F:\idea\graduation1)
time=2019-01-30T12:13:09.797+0800`appName=graduation`hostName=localhost`logLevel=INFO `msg=The following profiles are active: dev
time=2019-01-30T12:13:09.964+0800`appName=graduation`hostName=localhost`logLevel=INFO `msg=Refreshing org.springframework.boot.web.servlet.context.AnnotationConfigServletWebServerApplicationContext@3dddefd8: startup date [Wed Jan 30 12:13:09 CST 2019]; root of context hierarchy
time=2019-01-30T12:13:10.954+0800`appName=graduation`hostName=localhost`logLevel=WARN `msg=No MyBatis mapper was found in '[com.zy.project.mapper]' package. Please check your configuration.
time=2019-01-30T12:13:12.564+0800`appName=graduation`hostName=localhost`logLevel=INFO `msg=Tomcat initialized with port(s): 8083 (http)
time=2019-01-30T12:13:13.054+0800`appName=graduation`hostName=localhost`logLevel=INFO `msg=Servlet dispatcherServlet mapped to [/]
time=2019-01-30T12:13:13.065+0800`appName=graduation`hostName=localhost`logLevel=INFO `msg=Mapping filter: 'characterEncodingFilter' to: [/*]
time=2019-01-30T12:13:13.065+0800`appName=graduation`hostName=localhost`logLevel=INFO `msg=Mapping filter: 'hiddenHttpMethodFilter' to: [/*]
time=2019-01-30T12:13:13.065+0800`appName=graduation`hostName=localhost`logLevel=INFO `msg=Mapping filter: 'httpPutFormContentFilter' to: [/*]
time=2019-01-30T12:13:13.065+0800`appName=graduation`hostName=localhost`logLevel=INFO `msg=Mapping filter: 'requestContextFilter' to: [/*]
time=2019-01-30T12:13:13.704+0800`appName=graduation`hostName=localhost`logLevel=INFO `msg=HikariPool-1 - Starting...
time=2019-01-30T12:13:13.998+0800`appName=graduation`hostName=localhost`logLevel=INFO `msg=HikariPool-1 - Start completed.
time=2019-01-30T12:13:18.336+0800`appName=graduation`hostName=localhost`logLevel=INFO `msg=Tomcat started on port(s): 8083 (http) with context path ''
time=2019-01-30T12:13:18.336+0800`appName=graduation`hostName=localhost`logLevel=INFO `msg=Started Graduation1Application in 9.172 seconds (JVM running for 12.295)
time=2019-01-30T12:14:14.626+0800`appName=graduation`hostName=localhost`logLevel=INFO `msg=Starting without optional epoll library
time=2019-01-30T12:14:14.631+0800`appName=graduation`hostName=localhost`logLevel=INFO `msg=Starting without optional kqueue library
time=2019-01-30T12:14:55.743+0800`appName=graduation`hostName=localhost`logLevel=INFO `msg=Starting Graduation1Application on DESKTOP-Q8HC681 with PID 11248 (F:\idea\graduation1\target\classes started by pcdn in F:\idea\graduation1)
time=2019-01-30T12:14:55.766+0800`appName=graduation`hostName=localhost`logLevel=INFO `msg=The following profiles are active: dev
time=2019-01-30T12:14:55.920+0800`appName=graduation`hostName=localhost`logLevel=INFO `msg=Refreshing org.springframework.boot.web.servlet.context.AnnotationConfigServletWebServerApplicationContext@69637b10: startup date [Wed Jan 30 12:14:55 CST 2019]; root of context hierarchy
time=2019-01-30T12:14:56.930+0800`appName=graduation`hostName=localhost`logLevel=WARN `msg=No MyBatis mapper was found in '[com.zy.project.mapper]' package. Please check your configuration.
time=2019-01-30T12:14:58.574+0800`appName=graduation`hostName=localhost`logLevel=INFO `msg=Tomcat initialized with port(s): 8083 (http)
time=2019-01-30T12:14:59.052+0800`appName=graduation`hostName=localhost`logLevel=INFO `msg=Servlet dispatcherServlet mapped to [/]
time=2019-01-30T12:14:59.063+0800`appName=graduation`hostName=localhost`logLevel=INFO `msg=Mapping filter: 'characterEncodingFilter' to: [/*]
time=2019-01-30T12:14:59.063+0800`appName=graduation`hostName=localhost`logLevel=INFO `msg=Mapping filter: 'hiddenHttpMethodFilter' to: [/*]
time=2019-01-30T12:14:59.063+0800`appName=graduation`hostName=localhost`logLevel=INFO `msg=Mapping filter: 'httpPutFormContentFilter' to: [/*]
time=2019-01-30T12:14:59.063+0800`appName=graduation`hostName=localhost`logLevel=INFO `msg=Mapping filter: 'requestContextFilter' to: [/*]
time=2019-01-30T12:14:59.683+0800`appName=graduation`hostName=localhost`logLevel=INFO `msg=HikariPool-1 - Starting...
time=2019-01-30T12:14:59.969+0800`appName=graduation`hostName=localhost`logLevel=INFO `msg=HikariPool-1 - Start completed.
time=2019-01-30T12:15:04.334+0800`appName=graduation`hostName=localhost`logLevel=INFO `msg=Tomcat started on port(s): 8083 (http) with context path ''
time=2019-01-30T12:15:04.344+0800`appName=graduation`hostName=localhost`logLevel=INFO `msg=Started Graduation1Application in 9.241 seconds (JVM running for 12.372)
time=2019-01-30T12:15:31.605+0800`appName=graduation`hostName=localhost`logLevel=INFO `msg=Starting without optional epoll library
time=2019-01-30T12:15:31.610+0800`appName=graduation`hostName=localhost`logLevel=INFO `msg=Starting without optional kqueue library
time=2019-01-30T12:16:13.870+0800`appName=graduation`hostName=localhost`logLevel=INFO `msg=Starting Graduation1Application on DESKTOP-Q8HC681 with PID 14952 (F:\idea\graduation1\target\classes started by pcdn in F:\idea\graduation1)
time=2019-01-30T12:16:13.890+0800`appName=graduation`hostName=localhost`logLevel=INFO `msg=The following profiles are active: dev
time=2019-01-30T12:16:14.070+0800`appName=graduation`hostName=localhost`logLevel=INFO `msg=Refreshing org.springframework.boot.web.servlet.context.AnnotationConfigServletWebServerApplicationContext@40499e4f: startup date [Wed Jan 30 12:16:14 CST 2019]; root of context hierarchy
time=2019-01-30T12:16:15.131+0800`appName=graduation`hostName=localhost`logLevel=WARN `msg=No MyBatis mapper was found in '[com.zy.project.mapper]' package. Please check your configuration.
time=2019-01-30T12:16:16.811+0800`appName=graduation`hostName=localhost`logLevel=INFO `msg=Tomcat initialized with port(s): 8083 (http)
time=2019-01-30T12:16:17.291+0800`appName=graduation`hostName=localhost`logLevel=INFO `msg=Servlet dispatcherServlet mapped to [/]
time=2019-01-30T12:16:17.301+0800`appName=graduation`hostName=localhost`logLevel=INFO `msg=Mapping filter: 'characterEncodingFilter' to: [/*]
time=2019-01-30T12:16:17.301+0800`appName=graduation`hostName=localhost`logLevel=INFO `msg=Mapping filter: 'hiddenHttpMethodFilter' to: [/*]
time=2019-01-30T12:16:17.301+0800`appName=graduation`hostName=localhost`logLevel=INFO `msg=Mapping filter: 'httpPutFormContentFilter' to: [/*]
time=2019-01-30T12:16:17.301+0800`appName=graduation`hostName=localhost`logLevel=INFO `msg=Mapping filter: 'requestContextFilter' to: [/*]
time=2019-01-30T12:16:17.964+0800`appName=graduation`hostName=localhost`logLevel=INFO `msg=HikariPool-1 - Starting...
time=2019-01-30T12:16:18.235+0800`appName=graduation`hostName=localhost`logLevel=INFO `msg=HikariPool-1 - Start completed.
time=2019-01-30T12:16:22.485+0800`appName=graduation`hostName=localhost`logLevel=INFO `msg=Tomcat started on port(s): 8083 (http) with context path ''
time=2019-01-30T12:16:22.495+0800`appName=graduation`hostName=localhost`logLevel=INFO `msg=Started Graduation1Application in 9.257 seconds (JVM running for 12.436)
