time=2019-01-27T10:53:31.649+0800`appName=graduation`hostName=localhost`logLevel=INFO `msg=Starting Graduation1Application on DESKTOP-Q8HC681 with PID 10300 (F:\idea\graduation1\target\classes started by pcdn in F:\idea\graduation1)
time=2019-01-27T10:53:31.679+0800`appName=graduation`hostName=localhost`logLevel=INFO `msg=The following profiles are active: dev
time=2019-01-27T10:53:31.889+0800`appName=graduation`hostName=localhost`logLevel=INFO `msg=Refreshing org.springframework.boot.web.servlet.context.AnnotationConfigServletWebServerApplicationContext@28276e50: startup date [Sun Jan 27 10:53:31 CST 2019]; root of context hierarchy
time=2019-01-27T10:53:33.377+0800`appName=graduation`hostName=localhost`logLevel=WARN `msg=No MyBatis mapper was found in '[com.zy.project.mapper]' package. Please check your configuration.
time=2019-01-27T10:53:35.641+0800`appName=graduation`hostName=localhost`logLevel=INFO `msg=Tomcat initialized with port(s): 8083 (http)
time=2019-01-27T10:53:36.332+0800`appName=graduation`hostName=localhost`logLevel=INFO `msg=Servlet dispatcherServlet mapped to [/]
time=2019-01-27T10:53:36.342+0800`appName=graduation`hostName=localhost`logLevel=INFO `msg=Mapping filter: 'characterEncodingFilter' to: [/*]
time=2019-01-27T10:53:36.342+0800`appName=graduation`hostName=localhost`logLevel=INFO `msg=Mapping filter: 'hiddenHttpMethodFilter' to: [/*]
time=2019-01-27T10:53:36.342+0800`appName=graduation`hostName=localhost`logLevel=INFO `msg=Mapping filter: 'httpPutFormContentFilter' to: [/*]
time=2019-01-27T10:53:36.342+0800`appName=graduation`hostName=localhost`logLevel=INFO `msg=Mapping filter: 'requestContextFilter' to: [/*]
time=2019-01-27T10:53:37.595+0800`appName=graduation`hostName=localhost`logLevel=INFO `msg=HikariPool-1 - Starting...
time=2019-01-27T10:53:38.015+0800`appName=graduation`hostName=localhost`logLevel=INFO `msg=HikariPool-1 - Start completed.
time=2019-01-27T10:53:46.701+0800`appName=graduation`hostName=localhost`logLevel=INFO `msg=Tomcat started on port(s): 8083 (http) with context path ''
time=2019-01-27T10:53:46.713+0800`appName=graduation`hostName=localhost`logLevel=INFO `msg=Started Graduation1Application in 15.926 seconds (JVM running for 21.474)
time=2019-01-27T10:53:50.376+0800`appName=graduation`hostName=localhost`logLevel=INFO `msg=Starting without optional epoll library
time=2019-01-27T10:53:50.384+0800`appName=graduation`hostName=localhost`logLevel=INFO `msg=Starting without optional kqueue library
time=2019-01-27T10:53:54.159+0800`appName=graduation`hostName=localhost`logLevel=ERROR`msg=Servlet.service() for servlet [dispatcherServlet] in context with path [] threw exception [Request processing failed; nested exception is org.springframework.data.redis.connection.PoolException: Could not get a resource from the pool; nested exception is io.lettuce.core.RedisConnectionException: Unable to connect to localhost:6379] with root cause java.net.ConnectException: Connection refused: no further information
	at sun.nio.ch.SocketChannelImpl.checkConnect(Native Method)
	at sun.nio.ch.SocketChannelImpl.finishConnect(SocketChannelImpl.java:717)
	at io.netty.channel.socket.nio.NioSocketChannel.doFinishConnect(NioSocketChannel.java:325)
	at io.netty.channel.nio.AbstractNioChannel$AbstractNioUnsafe.finishConnect(AbstractNioChannel.java:340)
	at io.netty.channel.nio.NioEventLoop.processSelectedKey(NioEventLoop.java:635)
	at io.netty.channel.nio.NioEventLoop.processSelectedKeysOptimized(NioEventLoop.java:582)
	at io.netty.channel.nio.NioEventLoop.processSelectedKeys(NioEventLoop.java:499)
	at io.netty.channel.nio.NioEventLoop.run(NioEventLoop.java:461)
	at io.netty.util.concurrent.SingleThreadEventExecutor$5.run(SingleThreadEventExecutor.java:884)
	at io.netty.util.concurrent.FastThreadLocalRunnable.run(FastThreadLocalRunnable.java:30)
	at java.lang.Thread.run(Thread.java:745)

time=2019-01-27T10:53:55.249+0800`appName=graduation`hostName=localhost`logLevel=ERROR`msg=Servlet.service() for servlet [dispatcherServlet] threw exception java.net.ConnectException: Connection refused: no further information
	at sun.nio.ch.SocketChannelImpl.checkConnect(Native Method)
	at sun.nio.ch.SocketChannelImpl.finishConnect(SocketChannelImpl.java:717)
	at io.netty.channel.socket.nio.NioSocketChannel.doFinishConnect(NioSocketChannel.java:325)
	at io.netty.channel.nio.AbstractNioChannel$AbstractNioUnsafe.finishConnect(AbstractNioChannel.java:340)
	at io.netty.channel.nio.NioEventLoop.processSelectedKey(NioEventLoop.java:635)
	at io.netty.channel.nio.NioEventLoop.processSelectedKeysOptimized(NioEventLoop.java:582)
	at io.netty.channel.nio.NioEventLoop.processSelectedKeys(NioEventLoop.java:499)
	at io.netty.channel.nio.NioEventLoop.run(NioEventLoop.java:461)
	at io.netty.util.concurrent.SingleThreadEventExecutor$5.run(SingleThreadEventExecutor.java:884)
	at io.netty.util.concurrent.FastThreadLocalRunnable.run(FastThreadLocalRunnable.java:30)
	at java.lang.Thread.run(Thread.java:745)

time=2019-01-27T10:53:55.253+0800`appName=graduation`hostName=localhost`logLevel=ERROR`msg=Exception Processing ErrorPage[errorCode=0, location=/error] org.springframework.web.util.NestedServletException: Request processing failed; nested exception is org.springframework.data.redis.connection.PoolException: Could not get a resource from the pool; nested exception is io.lettuce.core.RedisConnectionException: Unable to connect to localhost:6379
	at org.springframework.web.servlet.FrameworkServlet.processRequest(FrameworkServlet.java:982)
	at org.springframework.web.servlet.FrameworkServlet.doGet(FrameworkServlet.java:866)
	at javax.servlet.http.HttpServlet.service(HttpServlet.java:635)
	at org.springframework.web.servlet.FrameworkServlet.service(FrameworkServlet.java:851)
	at javax.servlet.http.HttpServlet.service(HttpServlet.java:742)
	at org.apache.catalina.core.ApplicationFilterChain.internalDoFilter(ApplicationFilterChain.java:231)
	at org.apache.catalina.core.ApplicationFilterChain.doFilter(ApplicationFilterChain.java:166)
	at org.apache.catalina.core.ApplicationDispatcher.invoke(ApplicationDispatcher.java:728)
	at org.apache.catalina.core.ApplicationDispatcher.processRequest(ApplicationDispatcher.java:472)
	at org.apache.catalina.core.ApplicationDispatcher.doForward(ApplicationDispatcher.java:395)
	at org.apache.catalina.core.ApplicationDispatcher.forward(ApplicationDispatcher.java:316)
	at org.apache.catalina.core.StandardHostValve.custom(StandardHostValve.java:395)
	at org.apache.catalina.core.StandardHostValve.status(StandardHostValve.java:254)
	at org.apache.catalina.core.StandardHostValve.throwable(StandardHostValve.java:349)
	at org.apache.catalina.core.StandardHostValve.invoke(StandardHostValve.java:175)
	at org.apache.catalina.valves.ErrorReportValve.invoke(ErrorReportValve.java:81)
	at org.apache.catalina.core.StandardEngineValve.invoke(StandardEngineValve.java:87)
	at org.apache.catalina.connector.CoyoteAdapter.service(CoyoteAdapter.java:342)
	at org.apache.coyote.http11.Http11Processor.service(Http11Processor.java:803)
	at org.apache.coyote.AbstractProcessorLight.process(AbstractProcessorLight.java:66)
	at org.apache.coyote.AbstractProtocol$ConnectionHandler.process(AbstractProtocol.java:790)
	at org.apache.tomcat.util.net.NioEndpoint$SocketProcessor.doRun(NioEndpoint.java:1468)
	at org.apache.tomcat.util.net.SocketProcessorBase.run(SocketProcessorBase.java:49)
	at java.util.concurrent.ThreadPoolExecutor.runWorker(ThreadPoolExecutor.java:1142)
	at java.util.concurrent.ThreadPoolExecutor$Worker.run(ThreadPoolExecutor.java:617)
	at org.apache.tomcat.util.threads.TaskThread$WrappingRunnable.run(TaskThread.java:61)
	at java.lang.Thread.run(Thread.java:745)
Caused by: org.springframework.data.redis.connection.PoolException: Could not get a resource from the pool; nested exception is io.lettuce.core.RedisConnectionException: Unable to connect to localhost:6379
	at org.springframework.data.redis.connection.lettuce.LettucePoolingConnectionProvider.getConnection(LettucePoolingConnectionProvider.java:86)
	at org.springframework.data.redis.connection.lettuce.LettuceConnectionFactory$SharedConnection.getNativeConnection(LettuceConnectionFactory.java:959)
	at org.springframework.data.redis.connection.lettuce.LettuceConnectionFactory$SharedConnection.getConnection(LettuceConnectionFactory.java:934)
	at org.springframework.data.redis.connection.lettuce.LettuceConnectionFactory.getSharedConnection(LettuceConnectionFactory.java:786)
	at org.springframework.data.redis.connection.lettuce.LettuceConnectionFactory.getConnection(LettuceConnectionFactory.java:300)
	at org.springframework.data.redis.core.RedisConnectionUtils.doGetConnection(RedisConnectionUtils.java:132)
	at org.springframework.data.redis.core.RedisConnectionUtils.getConnection(RedisConnectionUtils.java:95)
	at org.springframework.data.redis.core.RedisConnectionUtils.getConnection(RedisConnectionUtils.java:82)
	at org.springframework.data.redis.core.RedisTemplate.execute(RedisTemplate.java:211)
	at org.springframework.data.redis.core.RedisTemplate.execute(RedisTemplate.java:184)
	at org.springframework.data.redis.core.AbstractOperations.execute(AbstractOperations.java:95)
	at org.springframework.data.redis.core.DefaultValueOperations.get(DefaultValueOperations.java:48)
	at com.zy.graduation1.interceptor.IdentifyInterceptor.identify(IdentifyInterceptor.java:36)
	at com.zy.graduation1.interceptor.IdentifyInterceptor.preHandle(IdentifyInterceptor.java:21)
	at org.springframework.web.servlet.HandlerExecutionChain.applyPreHandle(HandlerExecutionChain.java:136)
	at org.springframework.web.servlet.DispatcherServlet.doDispatch(DispatcherServlet.java:986)
	at org.springframework.web.servlet.DispatcherServlet.doService(DispatcherServlet.java:925)
	at org.springframework.web.servlet.FrameworkServlet.processRequest(FrameworkServlet.java:974)
	... 26 more
Caused by: io.lettuce.core.RedisConnectionException: Unable to connect to localhost:6379
	at io.lettuce.core.RedisConnectionException.create(RedisConnectionException.java:56)
	at io.lettuce.core.AbstractRedisClient.getConnection(AbstractRedisClient.java:233)
	at io.lettuce.core.RedisClient.connectStandalone(RedisClient.java:253)
	at io.lettuce.core.RedisClient.connect(RedisClient.java:202)
	at org.springframework.data.redis.connection.lettuce.StandaloneConnectionProvider.getConnection(StandaloneConnectionProvider.java:56)
	at org.springframework.data.redis.connection.lettuce.LettucePoolingConnectionProvider.lambda$null$0(LettucePoolingConnectionProvider.java:74)
	at io.lettuce.core.support.ConnectionPoolSupport$RedisPooledObjectFactory.create(ConnectionPoolSupport.java:225)
	at io.lettuce.core.support.ConnectionPoolSupport$RedisPooledObjectFactory.create(ConnectionPoolSupport.java:215)
	at org.apache.commons.pool2.BasePooledObjectFactory.makeObject(BasePooledObjectFactory.java:58)
	at org.apache.commons.pool2.impl.GenericObjectPool.create(GenericObjectPool.java:889)
	at org.apache.commons.pool2.impl.GenericObjectPool.borrowObject(GenericObjectPool.java:433)
	at org.apache.commons.pool2.impl.GenericObjectPool.borrowObject(GenericObjectPool.java:362)
	at io.lettuce.core.support.ConnectionPoolSupport$1.borrowObject(ConnectionPoolSupport.java:124)
	at io.lettuce.core.support.ConnectionPoolSupport$1.borrowObject(ConnectionPoolSupport.java:120)
	at org.springframework.data.redis.connection.lettuce.LettucePoolingConnectionProvider.getConnection(LettucePoolingConnectionProvider.java:80)
	... 43 more
Caused by: io.netty.channel.AbstractChannel$AnnotatedConnectException: Connection refused: no further information: localhost/127.0.0.1:6379
	at sun.nio.ch.SocketChannelImpl.checkConnect(Native Method)
	at sun.nio.ch.SocketChannelImpl.finishConnect(SocketChannelImpl.java:717)
	at io.netty.channel.socket.nio.NioSocketChannel.doFinishConnect(NioSocketChannel.java:325)
	at io.netty.channel.nio.AbstractNioChannel$AbstractNioUnsafe.finishConnect(AbstractNioChannel.java:340)
	at io.netty.channel.nio.NioEventLoop.processSelectedKey(NioEventLoop.java:635)
	at io.netty.channel.nio.NioEventLoop.processSelectedKeysOptimized(NioEventLoop.java:582)
	at io.netty.channel.nio.NioEventLoop.processSelectedKeys(NioEventLoop.java:499)
	at io.netty.channel.nio.NioEventLoop.run(NioEventLoop.java:461)
	at io.netty.util.concurrent.SingleThreadEventExecutor$5.run(SingleThreadEventExecutor.java:884)
	at io.netty.util.concurrent.FastThreadLocalRunnable.run(FastThreadLocalRunnable.java:30)
	... 1 more
Caused by: java.net.ConnectException: Connection refused: no further information
	... 11 more

time=2019-01-27T11:00:52.303+0800`appName=graduation`hostName=localhost`logLevel=INFO `msg=Starting Graduation1Application on DESKTOP-Q8HC681 with PID 9000 (F:\idea\graduation1\target\classes started by pcdn in F:\idea\graduation1)
time=2019-01-27T11:00:52.333+0800`appName=graduation`hostName=localhost`logLevel=INFO `msg=The following profiles are active: dev
time=2019-01-27T11:00:52.564+0800`appName=graduation`hostName=localhost`logLevel=INFO `msg=Refreshing org.springframework.boot.web.servlet.context.AnnotationConfigServletWebServerApplicationContext@5316e95f: startup date [Sun Jan 27 11:00:52 CST 2019]; root of context hierarchy
time=2019-01-27T11:00:54.257+0800`appName=graduation`hostName=localhost`logLevel=WARN `msg=No MyBatis mapper was found in '[com.zy.project.mapper]' package. Please check your configuration.
time=2019-01-27T11:00:56.511+0800`appName=graduation`hostName=localhost`logLevel=INFO `msg=Tomcat initialized with port(s): 8083 (http)
time=2019-01-27T11:00:57.115+0800`appName=graduation`hostName=localhost`logLevel=INFO `msg=Servlet dispatcherServlet mapped to [/]
time=2019-01-27T11:00:57.125+0800`appName=graduation`hostName=localhost`logLevel=INFO `msg=Mapping filter: 'characterEncodingFilter' to: [/*]
time=2019-01-27T11:00:57.125+0800`appName=graduation`hostName=localhost`logLevel=INFO `msg=Mapping filter: 'hiddenHttpMethodFilter' to: [/*]
time=2019-01-27T11:00:57.125+0800`appName=graduation`hostName=localhost`logLevel=INFO `msg=Mapping filter: 'httpPutFormContentFilter' to: [/*]
time=2019-01-27T11:00:57.125+0800`appName=graduation`hostName=localhost`logLevel=INFO `msg=Mapping filter: 'requestContextFilter' to: [/*]
time=2019-01-27T11:00:57.917+0800`appName=graduation`hostName=localhost`logLevel=INFO `msg=HikariPool-1 - Starting...
time=2019-01-27T11:00:58.227+0800`appName=graduation`hostName=localhost`logLevel=INFO `msg=HikariPool-1 - Start completed.
time=2019-01-27T11:01:03.267+0800`appName=graduation`hostName=localhost`logLevel=INFO `msg=Tomcat started on port(s): 8083 (http) with context path ''
time=2019-01-27T11:01:03.277+0800`appName=graduation`hostName=localhost`logLevel=INFO `msg=Started Graduation1Application in 11.895 seconds (JVM running for 16.452)
time=2019-01-27T11:01:05.825+0800`appName=graduation`hostName=localhost`logLevel=INFO `msg=Starting without optional epoll library
time=2019-01-27T11:01:05.829+0800`appName=graduation`hostName=localhost`logLevel=INFO `msg=Starting without optional kqueue library
time=2019-01-27T11:05:08.737+0800`appName=graduation`hostName=localhost`logLevel=INFO `msg=Starting Graduation1Application on DESKTOP-Q8HC681 with PID 12008 (F:\idea\graduation1\target\classes started by pcdn in F:\idea\graduation1)
time=2019-01-27T11:05:08.767+0800`appName=graduation`hostName=localhost`logLevel=INFO `msg=The following profiles are active: dev
time=2019-01-27T11:05:08.947+0800`appName=graduation`hostName=localhost`logLevel=INFO `msg=Refreshing org.springframework.boot.web.servlet.context.AnnotationConfigServletWebServerApplicationContext@192d74fb: startup date [Sun Jan 27 11:05:08 CST 2019]; root of context hierarchy
time=2019-01-27T11:05:10.460+0800`appName=graduation`hostName=localhost`logLevel=WARN `msg=No MyBatis mapper was found in '[com.zy.project.mapper]' package. Please check your configuration.
time=2019-01-27T11:05:12.153+0800`appName=graduation`hostName=localhost`logLevel=INFO `msg=Tomcat initialized with port(s): 8083 (http)
time=2019-01-27T11:05:12.734+0800`appName=graduation`hostName=localhost`logLevel=INFO `msg=Servlet dispatcherServlet mapped to [/]
time=2019-01-27T11:05:12.744+0800`appName=graduation`hostName=localhost`logLevel=INFO `msg=Mapping filter: 'characterEncodingFilter' to: [/*]
time=2019-01-27T11:05:12.744+0800`appName=graduation`hostName=localhost`logLevel=INFO `msg=Mapping filter: 'hiddenHttpMethodFilter' to: [/*]
time=2019-01-27T11:05:12.744+0800`appName=graduation`hostName=localhost`logLevel=INFO `msg=Mapping filter: 'httpPutFormContentFilter' to: [/*]
time=2019-01-27T11:05:12.744+0800`appName=graduation`hostName=localhost`logLevel=INFO `msg=Mapping filter: 'requestContextFilter' to: [/*]
time=2019-01-27T11:05:13.456+0800`appName=graduation`hostName=localhost`logLevel=INFO `msg=HikariPool-1 - Starting...
time=2019-01-27T11:05:13.846+0800`appName=graduation`hostName=localhost`logLevel=INFO `msg=HikariPool-1 - Start completed.
time=2019-01-27T11:05:18.377+0800`appName=graduation`hostName=localhost`logLevel=INFO `msg=Tomcat started on port(s): 8083 (http) with context path ''
time=2019-01-27T11:05:18.387+0800`appName=graduation`hostName=localhost`logLevel=INFO `msg=Started Graduation1Application in 10.401 seconds (JVM running for 14.423)
time=2019-01-27T11:05:52.053+0800`appName=graduation`hostName=localhost`logLevel=INFO `msg=Starting without optional epoll library
time=2019-01-27T11:05:52.060+0800`appName=graduation`hostName=localhost`logLevel=INFO `msg=Starting without optional kqueue library
time=2019-01-27T11:08:24.291+0800`appName=graduation`hostName=localhost`logLevel=INFO `msg=Starting Graduation1Application on DESKTOP-Q8HC681 with PID 8128 (F:\idea\graduation1\target\classes started by pcdn in F:\idea\graduation1)
time=2019-01-27T11:08:24.301+0800`appName=graduation`hostName=localhost`logLevel=INFO `msg=The following profiles are active: dev
time=2019-01-27T11:08:24.561+0800`appName=graduation`hostName=localhost`logLevel=INFO `msg=Refreshing org.springframework.boot.web.servlet.context.AnnotationConfigServletWebServerApplicationContext@19fb8826: startup date [Sun Jan 27 11:08:24 CST 2019]; root of context hierarchy
time=2019-01-27T11:08:26.145+0800`appName=graduation`hostName=localhost`logLevel=WARN `msg=No MyBatis mapper was found in '[com.zy.project.mapper]' package. Please check your configuration.
time=2019-01-27T11:08:27.773+0800`appName=graduation`hostName=localhost`logLevel=INFO `msg=Tomcat initialized with port(s): 8083 (http)
time=2019-01-27T11:08:28.294+0800`appName=graduation`hostName=localhost`logLevel=INFO `msg=Servlet dispatcherServlet mapped to [/]
time=2019-01-27T11:08:28.304+0800`appName=graduation`hostName=localhost`logLevel=INFO `msg=Mapping filter: 'characterEncodingFilter' to: [/*]
time=2019-01-27T11:08:28.304+0800`appName=graduation`hostName=localhost`logLevel=INFO `msg=Mapping filter: 'hiddenHttpMethodFilter' to: [/*]
time=2019-01-27T11:08:28.304+0800`appName=graduation`hostName=localhost`logLevel=INFO `msg=Mapping filter: 'httpPutFormContentFilter' to: [/*]
time=2019-01-27T11:08:28.304+0800`appName=graduation`hostName=localhost`logLevel=INFO `msg=Mapping filter: 'requestContextFilter' to: [/*]
time=2019-01-27T11:08:29.206+0800`appName=graduation`hostName=localhost`logLevel=INFO `msg=HikariPool-1 - Starting...
time=2019-01-27T11:08:29.476+0800`appName=graduation`hostName=localhost`logLevel=INFO `msg=HikariPool-1 - Start completed.
time=2019-01-27T11:08:34.907+0800`appName=graduation`hostName=localhost`logLevel=INFO `msg=Tomcat started on port(s): 8083 (http) with context path ''
time=2019-01-27T11:08:34.907+0800`appName=graduation`hostName=localhost`logLevel=INFO `msg=Started Graduation1Application in 11.334 seconds (JVM running for 15.918)
time=2019-01-27T11:08:46.745+0800`appName=graduation`hostName=localhost`logLevel=INFO `msg=Starting without optional epoll library
time=2019-01-27T11:08:46.749+0800`appName=graduation`hostName=localhost`logLevel=INFO `msg=Starting without optional kqueue library
time=2019-01-27T11:13:23.198+0800`appName=graduation`hostName=localhost`logLevel=INFO `msg=Starting Graduation1Application on DESKTOP-Q8HC681 with PID 10280 (F:\idea\graduation1\target\classes started by pcdn in F:\idea\graduation1)
time=2019-01-27T11:13:23.208+0800`appName=graduation`hostName=localhost`logLevel=INFO `msg=The following profiles are active: dev
time=2019-01-27T11:13:23.429+0800`appName=graduation`hostName=localhost`logLevel=INFO `msg=Refreshing org.springframework.boot.web.servlet.context.AnnotationConfigServletWebServerApplicationContext@277f7dd3: startup date [Sun Jan 27 11:13:23 CST 2019]; root of context hierarchy
time=2019-01-27T11:13:24.631+0800`appName=graduation`hostName=localhost`logLevel=WARN `msg=No MyBatis mapper was found in '[com.zy.project.mapper]' package. Please check your configuration.
time=2019-01-27T11:13:26.865+0800`appName=graduation`hostName=localhost`logLevel=INFO `msg=Tomcat initialized with port(s): 8083 (http)
time=2019-01-27T11:13:27.456+0800`appName=graduation`hostName=localhost`logLevel=INFO `msg=Servlet dispatcherServlet mapped to [/]
time=2019-01-27T11:13:27.466+0800`appName=graduation`hostName=localhost`logLevel=INFO `msg=Mapping filter: 'characterEncodingFilter' to: [/*]
time=2019-01-27T11:13:27.466+0800`appName=graduation`hostName=localhost`logLevel=INFO `msg=Mapping filter: 'hiddenHttpMethodFilter' to: [/*]
time=2019-01-27T11:13:27.466+0800`appName=graduation`hostName=localhost`logLevel=INFO `msg=Mapping filter: 'httpPutFormContentFilter' to: [/*]
time=2019-01-27T11:13:27.466+0800`appName=graduation`hostName=localhost`logLevel=INFO `msg=Mapping filter: 'requestContextFilter' to: [/*]
time=2019-01-27T11:13:28.197+0800`appName=graduation`hostName=localhost`logLevel=INFO `msg=HikariPool-1 - Starting...
time=2019-01-27T11:13:28.498+0800`appName=graduation`hostName=localhost`logLevel=INFO `msg=HikariPool-1 - Start completed.
time=2019-01-27T11:13:33.918+0800`appName=graduation`hostName=localhost`logLevel=INFO `msg=Tomcat started on port(s): 8083 (http) with context path ''
time=2019-01-27T11:13:33.928+0800`appName=graduation`hostName=localhost`logLevel=INFO `msg=Started Graduation1Application in 11.521 seconds (JVM running for 15.207)
time=2019-01-27T11:13:52.145+0800`appName=graduation`hostName=localhost`logLevel=INFO `msg=Starting without optional epoll library
time=2019-01-27T11:13:52.149+0800`appName=graduation`hostName=localhost`logLevel=INFO `msg=Starting without optional kqueue library
time=2019-01-27T13:11:32.889+0800`appName=graduation`hostName=localhost`logLevel=WARN `msg=HikariPool-1 - Thread starvation or clock leap detected (housekeeper delta=49m3s874ms964µs520ns).
time=2019-01-27T13:16:01.339+0800`appName=graduation`hostName=localhost`logLevel=INFO `msg=Starting Graduation1Application on DESKTOP-Q8HC681 with PID 14048 (F:\idea\graduation1\target\classes started by pcdn in F:\idea\graduation1)
time=2019-01-27T13:16:01.349+0800`appName=graduation`hostName=localhost`logLevel=INFO `msg=The following profiles are active: dev
time=2019-01-27T13:16:01.740+0800`appName=graduation`hostName=localhost`logLevel=INFO `msg=Refreshing org.springframework.boot.web.servlet.context.AnnotationConfigServletWebServerApplicationContext@366ef90e: startup date [Sun Jan 27 13:16:01 CST 2019]; root of context hierarchy
time=2019-01-27T13:16:03.741+0800`appName=graduation`hostName=localhost`logLevel=WARN `msg=No MyBatis mapper was found in '[com.zy.project.mapper]' package. Please check your configuration.
time=2019-01-27T13:16:05.760+0800`appName=graduation`hostName=localhost`logLevel=INFO `msg=Tomcat initialized with port(s): 8083 (http)
time=2019-01-27T13:16:06.367+0800`appName=graduation`hostName=localhost`logLevel=INFO `msg=Servlet dispatcherServlet mapped to [/]
time=2019-01-27T13:16:06.378+0800`appName=graduation`hostName=localhost`logLevel=INFO `msg=Mapping filter: 'characterEncodingFilter' to: [/*]
time=2019-01-27T13:16:06.378+0800`appName=graduation`hostName=localhost`logLevel=INFO `msg=Mapping filter: 'hiddenHttpMethodFilter' to: [/*]
time=2019-01-27T13:16:06.379+0800`appName=graduation`hostName=localhost`logLevel=INFO `msg=Mapping filter: 'httpPutFormContentFilter' to: [/*]
time=2019-01-27T13:16:06.379+0800`appName=graduation`hostName=localhost`logLevel=INFO `msg=Mapping filter: 'requestContextFilter' to: [/*]
time=2019-01-27T13:16:07.245+0800`appName=graduation`hostName=localhost`logLevel=INFO `msg=HikariPool-1 - Starting...
time=2019-01-27T13:16:07.556+0800`appName=graduation`hostName=localhost`logLevel=INFO `msg=HikariPool-1 - Start completed.
time=2019-01-27T13:16:13.860+0800`appName=graduation`hostName=localhost`logLevel=INFO `msg=Tomcat started on port(s): 8083 (http) with context path ''
time=2019-01-27T13:16:13.881+0800`appName=graduation`hostName=localhost`logLevel=INFO `msg=Started Graduation1Application in 13.458 seconds (JVM running for 17.594)
time=2019-01-27T13:16:14.675+0800`appName=graduation`hostName=localhost`logLevel=INFO `msg=Starting without optional epoll library
time=2019-01-27T13:16:14.686+0800`appName=graduation`hostName=localhost`logLevel=INFO `msg=Starting without optional kqueue library
time=2019-01-27T13:21:19.901+0800`appName=graduation`hostName=localhost`logLevel=INFO `msg=Starting Graduation1Application on DESKTOP-Q8HC681 with PID 9984 (F:\idea\graduation1\target\classes started by pcdn in F:\idea\graduation1)
time=2019-01-27T13:21:19.911+0800`appName=graduation`hostName=localhost`logLevel=INFO `msg=The following profiles are active: dev
time=2019-01-27T13:21:20.092+0800`appName=graduation`hostName=localhost`logLevel=INFO `msg=Refreshing org.springframework.boot.web.servlet.context.AnnotationConfigServletWebServerApplicationContext@1d8062d2: startup date [Sun Jan 27 13:21:20 CST 2019]; root of context hierarchy
time=2019-01-27T13:21:21.488+0800`appName=graduation`hostName=localhost`logLevel=WARN `msg=No MyBatis mapper was found in '[com.zy.project.mapper]' package. Please check your configuration.
time=2019-01-27T13:21:23.337+0800`appName=graduation`hostName=localhost`logLevel=INFO `msg=Tomcat initialized with port(s): 8083 (http)
time=2019-01-27T13:21:23.880+0800`appName=graduation`hostName=localhost`logLevel=INFO `msg=Servlet dispatcherServlet mapped to [/]
time=2019-01-27T13:21:23.890+0800`appName=graduation`hostName=localhost`logLevel=INFO `msg=Mapping filter: 'characterEncodingFilter' to: [/*]
time=2019-01-27T13:21:23.890+0800`appName=graduation`hostName=localhost`logLevel=INFO `msg=Mapping filter: 'hiddenHttpMethodFilter' to: [/*]
time=2019-01-27T13:21:23.890+0800`appName=graduation`hostName=localhost`logLevel=INFO `msg=Mapping filter: 'httpPutFormContentFilter' to: [/*]
time=2019-01-27T13:21:23.890+0800`appName=graduation`hostName=localhost`logLevel=INFO `msg=Mapping filter: 'requestContextFilter' to: [/*]
time=2019-01-27T13:21:24.595+0800`appName=graduation`hostName=localhost`logLevel=INFO `msg=HikariPool-1 - Starting...
time=2019-01-27T13:21:24.899+0800`appName=graduation`hostName=localhost`logLevel=INFO `msg=HikariPool-1 - Start completed.
time=2019-01-27T13:21:29.308+0800`appName=graduation`hostName=localhost`logLevel=INFO `msg=Tomcat started on port(s): 8083 (http) with context path ''
time=2019-01-27T13:21:29.308+0800`appName=graduation`hostName=localhost`logLevel=INFO `msg=Started Graduation1Application in 10.294 seconds (JVM running for 14.689)
time=2019-01-27T13:21:32.177+0800`appName=graduation`hostName=localhost`logLevel=INFO `msg=Starting without optional epoll library
time=2019-01-27T13:21:32.181+0800`appName=graduation`hostName=localhost`logLevel=INFO `msg=Starting without optional kqueue library
time=2019-01-27T13:42:29.132+0800`appName=graduation`hostName=localhost`logLevel=INFO `msg=Starting Graduation1Application on DESKTOP-Q8HC681 with PID 3500 (F:\idea\graduation1\target\classes started by pcdn in F:\idea\graduation1)
time=2019-01-27T13:42:29.152+0800`appName=graduation`hostName=localhost`logLevel=INFO `msg=The following profiles are active: dev
time=2019-01-27T13:42:29.403+0800`appName=graduation`hostName=localhost`logLevel=INFO `msg=Refreshing org.springframework.boot.web.servlet.context.AnnotationConfigServletWebServerApplicationContext@5536379e: startup date [Sun Jan 27 13:42:29 CST 2019]; root of context hierarchy
time=2019-01-27T13:42:31.222+0800`appName=graduation`hostName=localhost`logLevel=WARN `msg=No MyBatis mapper was found in '[com.zy.project.mapper]' package. Please check your configuration.
time=2019-01-27T13:42:33.279+0800`appName=graduation`hostName=localhost`logLevel=INFO `msg=Tomcat initialized with port(s): 8083 (http)
time=2019-01-27T13:42:33.918+0800`appName=graduation`hostName=localhost`logLevel=INFO `msg=Servlet dispatcherServlet mapped to [/]
time=2019-01-27T13:42:33.928+0800`appName=graduation`hostName=localhost`logLevel=INFO `msg=Mapping filter: 'characterEncodingFilter' to: [/*]
time=2019-01-27T13:42:33.928+0800`appName=graduation`hostName=localhost`logLevel=INFO `msg=Mapping filter: 'hiddenHttpMethodFilter' to: [/*]
time=2019-01-27T13:42:33.928+0800`appName=graduation`hostName=localhost`logLevel=INFO `msg=Mapping filter: 'httpPutFormContentFilter' to: [/*]
time=2019-01-27T13:42:33.938+0800`appName=graduation`hostName=localhost`logLevel=INFO `msg=Mapping filter: 'requestContextFilter' to: [/*]
time=2019-01-27T13:42:34.667+0800`appName=graduation`hostName=localhost`logLevel=INFO `msg=HikariPool-1 - Starting...
time=2019-01-27T13:42:34.968+0800`appName=graduation`hostName=localhost`logLevel=INFO `msg=HikariPool-1 - Start completed.
time=2019-01-27T13:42:40.438+0800`appName=graduation`hostName=localhost`logLevel=INFO `msg=Tomcat started on port(s): 8083 (http) with context path ''
time=2019-01-27T13:42:40.448+0800`appName=graduation`hostName=localhost`logLevel=INFO `msg=Started Graduation1Application in 12.783 seconds (JVM running for 16.071)
time=2019-01-27T13:42:57.587+0800`appName=graduation`hostName=localhost`logLevel=INFO `msg=Starting without optional epoll library
time=2019-01-27T13:42:57.592+0800`appName=graduation`hostName=localhost`logLevel=INFO `msg=Starting without optional kqueue library
time=2019-01-27T13:44:08.663+0800`appName=graduation`hostName=localhost`logLevel=INFO `msg=Starting Graduation1Application on DESKTOP-Q8HC681 with PID 14052 (F:\idea\graduation1\target\classes started by pcdn in F:\idea\graduation1)
time=2019-01-27T13:44:08.673+0800`appName=graduation`hostName=localhost`logLevel=INFO `msg=The following profiles are active: dev
time=2019-01-27T13:44:08.844+0800`appName=graduation`hostName=localhost`logLevel=INFO `msg=Refreshing org.springframework.boot.web.servlet.context.AnnotationConfigServletWebServerApplicationContext@485a3466: startup date [Sun Jan 27 13:44:08 CST 2019]; root of context hierarchy
time=2019-01-27T13:44:10.287+0800`appName=graduation`hostName=localhost`logLevel=WARN `msg=No MyBatis mapper was found in '[com.zy.project.mapper]' package. Please check your configuration.
time=2019-01-27T13:44:12.111+0800`appName=graduation`hostName=localhost`logLevel=INFO `msg=Tomcat initialized with port(s): 8083 (http)
time=2019-01-27T13:44:12.670+0800`appName=graduation`hostName=localhost`logLevel=INFO `msg=Servlet dispatcherServlet mapped to [/]
time=2019-01-27T13:44:12.680+0800`appName=graduation`hostName=localhost`logLevel=INFO `msg=Mapping filter: 'characterEncodingFilter' to: [/*]
time=2019-01-27T13:44:12.680+0800`appName=graduation`hostName=localhost`logLevel=INFO `msg=Mapping filter: 'hiddenHttpMethodFilter' to: [/*]
time=2019-01-27T13:44:12.680+0800`appName=graduation`hostName=localhost`logLevel=INFO `msg=Mapping filter: 'httpPutFormContentFilter' to: [/*]
time=2019-01-27T13:44:12.680+0800`appName=graduation`hostName=localhost`logLevel=INFO `msg=Mapping filter: 'requestContextFilter' to: [/*]
time=2019-01-27T13:44:13.445+0800`appName=graduation`hostName=localhost`logLevel=INFO `msg=HikariPool-1 - Starting...
time=2019-01-27T13:44:13.747+0800`appName=graduation`hostName=localhost`logLevel=INFO `msg=HikariPool-1 - Start completed.
time=2019-01-27T13:44:18.295+0800`appName=graduation`hostName=localhost`logLevel=INFO `msg=Tomcat started on port(s): 8083 (http) with context path ''
time=2019-01-27T13:44:18.305+0800`appName=graduation`hostName=localhost`logLevel=INFO `msg=Started Graduation1Application in 10.443 seconds (JVM running for 14.232)
time=2019-01-27T13:44:20.957+0800`appName=graduation`hostName=localhost`logLevel=INFO `msg=Starting without optional epoll library
time=2019-01-27T13:44:20.962+0800`appName=graduation`hostName=localhost`logLevel=INFO `msg=Starting without optional kqueue library
time=2019-01-27T13:50:25.255+0800`appName=graduation`hostName=localhost`logLevel=INFO `msg=Starting Graduation1Application on DESKTOP-Q8HC681 with PID 1544 (F:\idea\graduation1\target\classes started by pcdn in F:\idea\graduation1)
time=2019-01-27T13:50:25.275+0800`appName=graduation`hostName=localhost`logLevel=INFO `msg=The following profiles are active: dev
time=2019-01-27T13:50:25.455+0800`appName=graduation`hostName=localhost`logLevel=INFO `msg=Refreshing org.springframework.boot.web.servlet.context.AnnotationConfigServletWebServerApplicationContext@a5b0b86: startup date [Sun Jan 27 13:50:25 CST 2019]; root of context hierarchy
time=2019-01-27T13:50:27.038+0800`appName=graduation`hostName=localhost`logLevel=WARN `msg=No MyBatis mapper was found in '[com.zy.project.mapper]' package. Please check your configuration.
time=2019-01-27T13:50:28.783+0800`appName=graduation`hostName=localhost`logLevel=INFO `msg=Tomcat initialized with port(s): 8083 (http)
time=2019-01-27T13:50:29.294+0800`appName=graduation`hostName=localhost`logLevel=INFO `msg=Servlet dispatcherServlet mapped to [/]
time=2019-01-27T13:50:29.294+0800`appName=graduation`hostName=localhost`logLevel=INFO `msg=Mapping filter: 'characterEncodingFilter' to: [/*]
time=2019-01-27T13:50:29.304+0800`appName=graduation`hostName=localhost`logLevel=INFO `msg=Mapping filter: 'hiddenHttpMethodFilter' to: [/*]
time=2019-01-27T13:50:29.304+0800`appName=graduation`hostName=localhost`logLevel=INFO `msg=Mapping filter: 'httpPutFormContentFilter' to: [/*]
time=2019-01-27T13:50:29.304+0800`appName=graduation`hostName=localhost`logLevel=INFO `msg=Mapping filter: 'requestContextFilter' to: [/*]
time=2019-01-27T13:50:29.978+0800`appName=graduation`hostName=localhost`logLevel=INFO `msg=HikariPool-1 - Starting...
time=2019-01-27T13:50:30.265+0800`appName=graduation`hostName=localhost`logLevel=INFO `msg=HikariPool-1 - Start completed.
time=2019-01-27T13:50:34.727+0800`appName=graduation`hostName=localhost`logLevel=INFO `msg=Tomcat started on port(s): 8083 (http) with context path ''
time=2019-01-27T13:50:34.737+0800`appName=graduation`hostName=localhost`logLevel=INFO `msg=Started Graduation1Application in 10.225 seconds (JVM running for 14.824)
time=2019-01-27T13:50:38.950+0800`appName=graduation`hostName=localhost`logLevel=INFO `msg=Starting without optional epoll library
time=2019-01-27T13:50:38.954+0800`appName=graduation`hostName=localhost`logLevel=INFO `msg=Starting without optional kqueue library
time=2019-01-27T13:51:45.642+0800`appName=graduation`hostName=localhost`logLevel=INFO `msg=Starting Graduation1Application on DESKTOP-Q8HC681 with PID 7952 (F:\idea\graduation1\target\classes started by pcdn in F:\idea\graduation1)
time=2019-01-27T13:51:45.652+0800`appName=graduation`hostName=localhost`logLevel=INFO `msg=The following profiles are active: dev
time=2019-01-27T13:51:45.849+0800`appName=graduation`hostName=localhost`logLevel=INFO `msg=Refreshing org.springframework.boot.web.servlet.context.AnnotationConfigServletWebServerApplicationContext@4bef0fe3: startup date [Sun Jan 27 13:51:45 CST 2019]; root of context hierarchy
time=2019-01-27T13:51:46.961+0800`appName=graduation`hostName=localhost`logLevel=WARN `msg=No MyBatis mapper was found in '[com.zy.project.mapper]' package. Please check your configuration.
time=2019-01-27T13:51:48.685+0800`appName=graduation`hostName=localhost`logLevel=INFO `msg=Tomcat initialized with port(s): 8083 (http)
time=2019-01-27T13:51:49.198+0800`appName=graduation`hostName=localhost`logLevel=INFO `msg=Servlet dispatcherServlet mapped to [/]
time=2019-01-27T13:51:49.208+0800`appName=graduation`hostName=localhost`logLevel=INFO `msg=Mapping filter: 'characterEncodingFilter' to: [/*]
time=2019-01-27T13:51:49.208+0800`appName=graduation`hostName=localhost`logLevel=INFO `msg=Mapping filter: 'hiddenHttpMethodFilter' to: [/*]
time=2019-01-27T13:51:49.208+0800`appName=graduation`hostName=localhost`logLevel=INFO `msg=Mapping filter: 'httpPutFormContentFilter' to: [/*]
time=2019-01-27T13:51:49.208+0800`appName=graduation`hostName=localhost`logLevel=INFO `msg=Mapping filter: 'requestContextFilter' to: [/*]
time=2019-01-27T13:51:49.874+0800`appName=graduation`hostName=localhost`logLevel=INFO `msg=HikariPool-1 - Starting...
time=2019-01-27T13:51:50.165+0800`appName=graduation`hostName=localhost`logLevel=INFO `msg=HikariPool-1 - Start completed.
time=2019-01-27T13:51:54.630+0800`appName=graduation`hostName=localhost`logLevel=INFO `msg=Tomcat started on port(s): 8083 (http) with context path ''
time=2019-01-27T13:51:54.640+0800`appName=graduation`hostName=localhost`logLevel=INFO `msg=Started Graduation1Application in 9.707 seconds (JVM running for 13.737)
time=2019-01-27T13:52:06.975+0800`appName=graduation`hostName=localhost`logLevel=INFO `msg=Starting without optional epoll library
time=2019-01-27T13:52:06.986+0800`appName=graduation`hostName=localhost`logLevel=INFO `msg=Starting without optional kqueue library
time=2019-01-27T14:00:51.036+0800`appName=graduation`hostName=localhost`logLevel=INFO `msg=Starting Graduation1Application on DESKTOP-Q8HC681 with PID 13400 (F:\idea\graduation1\target\classes started by pcdn in F:\idea\graduation1)
time=2019-01-27T14:00:51.046+0800`appName=graduation`hostName=localhost`logLevel=INFO `msg=The following profiles are active: dev
time=2019-01-27T14:00:51.247+0800`appName=graduation`hostName=localhost`logLevel=INFO `msg=Refreshing org.springframework.boot.web.servlet.context.AnnotationConfigServletWebServerApplicationContext@3dddefd8: startup date [Sun Jan 27 14:00:51 CST 2019]; root of context hierarchy
time=2019-01-27T14:00:52.329+0800`appName=graduation`hostName=localhost`logLevel=WARN `msg=No MyBatis mapper was found in '[com.zy.project.mapper]' package. Please check your configuration.
time=2019-01-27T14:00:54.046+0800`appName=graduation`hostName=localhost`logLevel=INFO `msg=Tomcat initialized with port(s): 8083 (http)
time=2019-01-27T14:00:54.542+0800`appName=graduation`hostName=localhost`logLevel=INFO `msg=Servlet dispatcherServlet mapped to [/]
time=2019-01-27T14:00:54.552+0800`appName=graduation`hostName=localhost`logLevel=INFO `msg=Mapping filter: 'characterEncodingFilter' to: [/*]
time=2019-01-27T14:00:54.552+0800`appName=graduation`hostName=localhost`logLevel=INFO `msg=Mapping filter: 'hiddenHttpMethodFilter' to: [/*]
time=2019-01-27T14:00:54.552+0800`appName=graduation`hostName=localhost`logLevel=INFO `msg=Mapping filter: 'httpPutFormContentFilter' to: [/*]
time=2019-01-27T14:00:54.552+0800`appName=graduation`hostName=localhost`logLevel=INFO `msg=Mapping filter: 'requestContextFilter' to: [/*]
time=2019-01-27T14:00:55.217+0800`appName=graduation`hostName=localhost`logLevel=INFO `msg=HikariPool-1 - Starting...
time=2019-01-27T14:00:55.508+0800`appName=graduation`hostName=localhost`logLevel=INFO `msg=HikariPool-1 - Start completed.
time=2019-01-27T14:01:00.512+0800`appName=graduation`hostName=localhost`logLevel=INFO `msg=Tomcat started on port(s): 8083 (http) with context path ''
time=2019-01-27T14:01:00.520+0800`appName=graduation`hostName=localhost`logLevel=INFO `msg=Started Graduation1Application in 10.265 seconds (JVM running for 14.059)
time=2019-01-27T14:01:01.303+0800`appName=graduation`hostName=localhost`logLevel=INFO `msg=Starting without optional epoll library
time=2019-01-27T14:01:01.309+0800`appName=graduation`hostName=localhost`logLevel=INFO `msg=Starting without optional kqueue library
time=2019-01-27T14:12:25.571+0800`appName=graduation`hostName=localhost`logLevel=INFO `msg=Starting Graduation1Application on DESKTOP-Q8HC681 with PID 11576 (F:\idea\graduation1\target\classes started by pcdn in F:\idea\graduation1)
time=2019-01-27T14:12:25.605+0800`appName=graduation`hostName=localhost`logLevel=INFO `msg=The following profiles are active: dev
time=2019-01-27T14:12:25.802+0800`appName=graduation`hostName=localhost`logLevel=INFO `msg=Refreshing org.springframework.boot.web.servlet.context.AnnotationConfigServletWebServerApplicationContext@5316e95f: startup date [Sun Jan 27 14:12:25 CST 2019]; root of context hierarchy
time=2019-01-27T14:12:27.437+0800`appName=graduation`hostName=localhost`logLevel=WARN `msg=No MyBatis mapper was found in '[com.zy.project.mapper]' package. Please check your configuration.
time=2019-01-27T14:12:29.492+0800`appName=graduation`hostName=localhost`logLevel=INFO `msg=Tomcat initialized with port(s): 8083 (http)
time=2019-01-27T14:12:30.101+0800`appName=graduation`hostName=localhost`logLevel=INFO `msg=Servlet dispatcherServlet mapped to [/]
time=2019-01-27T14:12:30.111+0800`appName=graduation`hostName=localhost`logLevel=INFO `msg=Mapping filter: 'characterEncodingFilter' to: [/*]
time=2019-01-27T14:12:30.112+0800`appName=graduation`hostName=localhost`logLevel=INFO `msg=Mapping filter: 'hiddenHttpMethodFilter' to: [/*]
time=2019-01-27T14:12:30.112+0800`appName=graduation`hostName=localhost`logLevel=INFO `msg=Mapping filter: 'httpPutFormContentFilter' to: [/*]
time=2019-01-27T14:12:30.113+0800`appName=graduation`hostName=localhost`logLevel=INFO `msg=Mapping filter: 'requestContextFilter' to: [/*]
time=2019-01-27T14:12:30.899+0800`appName=graduation`hostName=localhost`logLevel=INFO `msg=HikariPool-1 - Starting...
time=2019-01-27T14:12:31.223+0800`appName=graduation`hostName=localhost`logLevel=INFO `msg=HikariPool-1 - Start completed.
time=2019-01-27T14:12:36.436+0800`appName=graduation`hostName=localhost`logLevel=INFO `msg=Tomcat started on port(s): 8083 (http) with context path ''
time=2019-01-27T14:12:36.445+0800`appName=graduation`hostName=localhost`logLevel=INFO `msg=Started Graduation1Application in 11.704 seconds (JVM running for 16.993)
time=2019-01-27T14:12:41.808+0800`appName=graduation`hostName=localhost`logLevel=INFO `msg=Starting without optional epoll library
time=2019-01-27T14:12:41.814+0800`appName=graduation`hostName=localhost`logLevel=INFO `msg=Starting without optional kqueue library
time=2019-01-27T14:14:48.477+0800`appName=graduation`hostName=localhost`logLevel=INFO `msg=Starting Graduation1Application on DESKTOP-Q8HC681 with PID 8044 (F:\idea\graduation1\target\classes started by pcdn in F:\idea\graduation1)
time=2019-01-27T14:14:48.488+0800`appName=graduation`hostName=localhost`logLevel=INFO `msg=The following profiles are active: dev
time=2019-01-27T14:14:48.683+0800`appName=graduation`hostName=localhost`logLevel=INFO `msg=Refreshing org.springframework.boot.web.servlet.context.AnnotationConfigServletWebServerApplicationContext@2c88b9fc: startup date [Sun Jan 27 14:14:48 CST 2019]; root of context hierarchy
time=2019-01-27T14:14:49.857+0800`appName=graduation`hostName=localhost`logLevel=WARN `msg=No MyBatis mapper was found in '[com.zy.project.mapper]' package. Please check your configuration.
time=2019-01-27T14:14:51.807+0800`appName=graduation`hostName=localhost`logLevel=INFO `msg=Tomcat initialized with port(s): 8083 (http)
time=2019-01-27T14:14:52.487+0800`appName=graduation`hostName=localhost`logLevel=INFO `msg=Servlet dispatcherServlet mapped to [/]
time=2019-01-27T14:14:52.497+0800`appName=graduation`hostName=localhost`logLevel=INFO `msg=Mapping filter: 'characterEncodingFilter' to: [/*]
time=2019-01-27T14:14:52.498+0800`appName=graduation`hostName=localhost`logLevel=INFO `msg=Mapping filter: 'hiddenHttpMethodFilter' to: [/*]
time=2019-01-27T14:14:52.498+0800`appName=graduation`hostName=localhost`logLevel=INFO `msg=Mapping filter: 'httpPutFormContentFilter' to: [/*]
time=2019-01-27T14:14:52.498+0800`appName=graduation`hostName=localhost`logLevel=INFO `msg=Mapping filter: 'requestContextFilter' to: [/*]
time=2019-01-27T14:14:53.275+0800`appName=graduation`hostName=localhost`logLevel=INFO `msg=HikariPool-1 - Starting...
time=2019-01-27T14:14:53.639+0800`appName=graduation`hostName=localhost`logLevel=INFO `msg=HikariPool-1 - Start completed.
time=2019-01-27T14:14:59.173+0800`appName=graduation`hostName=localhost`logLevel=INFO `msg=Tomcat started on port(s): 8083 (http) with context path ''
time=2019-01-27T14:14:59.184+0800`appName=graduation`hostName=localhost`logLevel=INFO `msg=Started Graduation1Application in 11.483 seconds (JVM running for 15.933)
time=2019-01-27T14:15:03.888+0800`appName=graduation`hostName=localhost`logLevel=INFO `msg=Starting without optional epoll library
time=2019-01-27T14:15:03.895+0800`appName=graduation`hostName=localhost`logLevel=INFO `msg=Starting without optional kqueue library
