time=2019-02-18T14:54:26.494+0800`appName=graduation`hostName=localhost`logLevel=WARN `msg=HikariPool-1 - Thread starvation or clock leap detected (housekeeper delta=21h28m52s996ms406µs328ns).
time=2019-02-18T14:58:09.364+0800`appName=graduation`hostName=localhost`logLevel=INFO `msg=Starting Graduation1Application on DESKTOP-Q8HC681 with PID 1120 (F:\idea\graduation1\target\classes started by pcdn in F:\idea\graduation1)
time=2019-02-18T14:58:09.381+0800`appName=graduation`hostName=localhost`logLevel=INFO `msg=The following profiles are active: dev
time=2019-02-18T14:58:09.588+0800`appName=graduation`hostName=localhost`logLevel=INFO `msg=Refreshing org.springframework.boot.web.servlet.context.AnnotationConfigServletWebServerApplicationContext@6c6c5427: startup date [Mon Feb 18 14:58:09 CST 2019]; root of context hierarchy
time=2019-02-18T14:58:11.470+0800`appName=graduation`hostName=localhost`logLevel=WARN `msg=No MyBatis mapper was found in '[com.zy.project.mapper]' package. Please check your configuration.
time=2019-02-18T14:58:13.596+0800`appName=graduation`hostName=localhost`logLevel=INFO `msg=Tomcat initialized with port(s): 8083 (http)
time=2019-02-18T14:58:14.207+0800`appName=graduation`hostName=localhost`logLevel=INFO `msg=Servlet dispatcherServlet mapped to [/]
time=2019-02-18T14:58:14.219+0800`appName=graduation`hostName=localhost`logLevel=INFO `msg=Mapping filter: 'characterEncodingFilter' to: [/*]
time=2019-02-18T14:58:14.220+0800`appName=graduation`hostName=localhost`logLevel=INFO `msg=Mapping filter: 'hiddenHttpMethodFilter' to: [/*]
time=2019-02-18T14:58:14.220+0800`appName=graduation`hostName=localhost`logLevel=INFO `msg=Mapping filter: 'httpPutFormContentFilter' to: [/*]
time=2019-02-18T14:58:14.221+0800`appName=graduation`hostName=localhost`logLevel=INFO `msg=Mapping filter: 'requestContextFilter' to: [/*]
time=2019-02-18T14:58:14.997+0800`appName=graduation`hostName=localhost`logLevel=INFO `msg=HikariPool-1 - Starting...
time=2019-02-18T14:58:15.323+0800`appName=graduation`hostName=localhost`logLevel=INFO `msg=HikariPool-1 - Start completed.
time=2019-02-18T14:58:20.957+0800`appName=graduation`hostName=localhost`logLevel=INFO `msg=Tomcat started on port(s): 8083 (http) with context path ''
time=2019-02-18T14:58:20.965+0800`appName=graduation`hostName=localhost`logLevel=INFO `msg=Started Graduation1Application in 12.509 seconds (JVM running for 16.874)
time=2019-02-18T14:58:22.211+0800`appName=graduation`hostName=localhost`logLevel=INFO `msg=Starting without optional epoll library
time=2019-02-18T14:58:22.221+0800`appName=graduation`hostName=localhost`logLevel=INFO `msg=Starting without optional kqueue library
time=2019-02-18T15:26:15.499+0800`appName=graduation`hostName=localhost`logLevel=INFO `msg=Starting Graduation1Application on DESKTOP-Q8HC681 with PID 9236 (F:\idea\graduation1\target\classes started by pcdn in F:\idea\graduation1)
time=2019-02-18T15:26:15.527+0800`appName=graduation`hostName=localhost`logLevel=INFO `msg=The following profiles are active: dev
time=2019-02-18T15:26:15.752+0800`appName=graduation`hostName=localhost`logLevel=INFO `msg=Refreshing org.springframework.boot.web.servlet.context.AnnotationConfigServletWebServerApplicationContext@21aa6d6c: startup date [Mon Feb 18 15:26:15 CST 2019]; root of context hierarchy
time=2019-02-18T15:26:17.892+0800`appName=graduation`hostName=localhost`logLevel=WARN `msg=No MyBatis mapper was found in '[com.zy.project.mapper]' package. Please check your configuration.
time=2019-02-18T15:26:20.374+0800`appName=graduation`hostName=localhost`logLevel=INFO `msg=Tomcat initialized with port(s): 8083 (http)
time=2019-02-18T15:26:21.072+0800`appName=graduation`hostName=localhost`logLevel=INFO `msg=Servlet dispatcherServlet mapped to [/]
time=2019-02-18T15:26:21.083+0800`appName=graduation`hostName=localhost`logLevel=INFO `msg=Mapping filter: 'characterEncodingFilter' to: [/*]
time=2019-02-18T15:26:21.084+0800`appName=graduation`hostName=localhost`logLevel=INFO `msg=Mapping filter: 'hiddenHttpMethodFilter' to: [/*]
time=2019-02-18T15:26:21.084+0800`appName=graduation`hostName=localhost`logLevel=INFO `msg=Mapping filter: 'httpPutFormContentFilter' to: [/*]
time=2019-02-18T15:26:21.085+0800`appName=graduation`hostName=localhost`logLevel=INFO `msg=Mapping filter: 'requestContextFilter' to: [/*]
time=2019-02-18T15:26:22.102+0800`appName=graduation`hostName=localhost`logLevel=INFO `msg=HikariPool-1 - Starting...
time=2019-02-18T15:26:22.550+0800`appName=graduation`hostName=localhost`logLevel=INFO `msg=HikariPool-1 - Start completed.
time=2019-02-18T15:26:29.291+0800`appName=graduation`hostName=localhost`logLevel=INFO `msg=Tomcat started on port(s): 8083 (http) with context path ''
time=2019-02-18T15:26:29.301+0800`appName=graduation`hostName=localhost`logLevel=INFO `msg=Started Graduation1Application in 14.749 seconds (JVM running for 19.793)
time=2019-02-18T15:26:30.397+0800`appName=graduation`hostName=localhost`logLevel=INFO `msg=Starting without optional epoll library
time=2019-02-18T15:26:30.413+0800`appName=graduation`hostName=localhost`logLevel=INFO `msg=Starting without optional kqueue library
time=2019-02-18T15:29:14.689+0800`appName=graduation`hostName=localhost`logLevel=INFO `msg=Starting Graduation1Application on DESKTOP-Q8HC681 with PID 7472 (F:\idea\graduation1\target\classes started by pcdn in F:\idea\graduation1)
time=2019-02-18T15:29:14.716+0800`appName=graduation`hostName=localhost`logLevel=INFO `msg=The following profiles are active: dev
time=2019-02-18T15:29:14.953+0800`appName=graduation`hostName=localhost`logLevel=INFO `msg=Refreshing org.springframework.boot.web.servlet.context.AnnotationConfigServletWebServerApplicationContext@5536379e: startup date [Mon Feb 18 15:29:14 CST 2019]; root of context hierarchy
time=2019-02-18T15:29:16.679+0800`appName=graduation`hostName=localhost`logLevel=WARN `msg=No MyBatis mapper was found in '[com.zy.project.mapper]' package. Please check your configuration.
time=2019-02-18T15:29:18.718+0800`appName=graduation`hostName=localhost`logLevel=INFO `msg=Tomcat initialized with port(s): 8083 (http)
time=2019-02-18T15:29:19.333+0800`appName=graduation`hostName=localhost`logLevel=INFO `msg=Servlet dispatcherServlet mapped to [/]
time=2019-02-18T15:29:19.346+0800`appName=graduation`hostName=localhost`logLevel=INFO `msg=Mapping filter: 'characterEncodingFilter' to: [/*]
time=2019-02-18T15:29:19.347+0800`appName=graduation`hostName=localhost`logLevel=INFO `msg=Mapping filter: 'hiddenHttpMethodFilter' to: [/*]
time=2019-02-18T15:29:19.347+0800`appName=graduation`hostName=localhost`logLevel=INFO `msg=Mapping filter: 'httpPutFormContentFilter' to: [/*]
time=2019-02-18T15:29:19.347+0800`appName=graduation`hostName=localhost`logLevel=INFO `msg=Mapping filter: 'requestContextFilter' to: [/*]
time=2019-02-18T15:29:20.242+0800`appName=graduation`hostName=localhost`logLevel=INFO `msg=HikariPool-1 - Starting...
time=2019-02-18T15:29:20.588+0800`appName=graduation`hostName=localhost`logLevel=INFO `msg=HikariPool-1 - Start completed.
time=2019-02-18T15:29:26.403+0800`appName=graduation`hostName=localhost`logLevel=INFO `msg=Tomcat started on port(s): 8083 (http) with context path ''
time=2019-02-18T15:29:26.412+0800`appName=graduation`hostName=localhost`logLevel=INFO `msg=Started Graduation1Application in 12.593 seconds (JVM running for 16.636)
time=2019-02-18T15:29:31.290+0800`appName=graduation`hostName=localhost`logLevel=INFO `msg=Starting without optional epoll library
time=2019-02-18T15:29:31.295+0800`appName=graduation`hostName=localhost`logLevel=INFO `msg=Starting without optional kqueue library
time=2019-02-18T15:39:15.910+0800`appName=graduation`hostName=localhost`logLevel=INFO `msg=Starting Graduation1Application on DESKTOP-Q8HC681 with PID 1280 (F:\idea\graduation1\target\classes started by pcdn in F:\idea\graduation1)
time=2019-02-18T15:39:15.923+0800`appName=graduation`hostName=localhost`logLevel=INFO `msg=The following profiles are active: dev
time=2019-02-18T15:39:16.129+0800`appName=graduation`hostName=localhost`logLevel=INFO `msg=Refreshing org.springframework.boot.web.servlet.context.AnnotationConfigServletWebServerApplicationContext@71984c3: startup date [Mon Feb 18 15:39:16 CST 2019]; root of context hierarchy
time=2019-02-18T15:39:17.366+0800`appName=graduation`hostName=localhost`logLevel=WARN `msg=No MyBatis mapper was found in '[com.zy.project.mapper]' package. Please check your configuration.
time=2019-02-18T15:39:19.262+0800`appName=graduation`hostName=localhost`logLevel=INFO `msg=Tomcat initialized with port(s): 8083 (http)
time=2019-02-18T15:39:19.849+0800`appName=graduation`hostName=localhost`logLevel=INFO `msg=Servlet dispatcherServlet mapped to [/]
time=2019-02-18T15:39:19.859+0800`appName=graduation`hostName=localhost`logLevel=INFO `msg=Mapping filter: 'characterEncodingFilter' to: [/*]
time=2019-02-18T15:39:19.859+0800`appName=graduation`hostName=localhost`logLevel=INFO `msg=Mapping filter: 'hiddenHttpMethodFilter' to: [/*]
time=2019-02-18T15:39:19.860+0800`appName=graduation`hostName=localhost`logLevel=INFO `msg=Mapping filter: 'httpPutFormContentFilter' to: [/*]
time=2019-02-18T15:39:19.860+0800`appName=graduation`hostName=localhost`logLevel=INFO `msg=Mapping filter: 'requestContextFilter' to: [/*]
time=2019-02-18T15:39:20.637+0800`appName=graduation`hostName=localhost`logLevel=INFO `msg=HikariPool-1 - Starting...
time=2019-02-18T15:39:20.958+0800`appName=graduation`hostName=localhost`logLevel=INFO `msg=HikariPool-1 - Start completed.
time=2019-02-18T15:39:26.733+0800`appName=graduation`hostName=localhost`logLevel=INFO `msg=Tomcat started on port(s): 8083 (http) with context path ''
time=2019-02-18T15:39:26.746+0800`appName=graduation`hostName=localhost`logLevel=INFO `msg=Started Graduation1Application in 11.646 seconds (JVM running for 15.554)
time=2019-02-18T15:39:27.252+0800`appName=graduation`hostName=localhost`logLevel=INFO `msg=Starting without optional epoll library
time=2019-02-18T15:39:27.259+0800`appName=graduation`hostName=localhost`logLevel=INFO `msg=Starting without optional kqueue library
time=2019-02-18T15:55:06.142+0800`appName=graduation`hostName=localhost`logLevel=WARN `msg=HikariPool-1 - Thread starvation or clock leap detected (housekeeper delta=9m45s88ms729µs968ns).
time=2019-02-18T15:56:24.954+0800`appName=graduation`hostName=localhost`logLevel=INFO `msg=Starting Graduation1Application on DESKTOP-Q8HC681 with PID 3668 (F:\idea\graduation1\target\classes started by pcdn in F:\idea\graduation1)
time=2019-02-18T15:56:24.975+0800`appName=graduation`hostName=localhost`logLevel=INFO `msg=The following profiles are active: dev
time=2019-02-18T15:56:25.167+0800`appName=graduation`hostName=localhost`logLevel=INFO `msg=Refreshing org.springframework.boot.web.servlet.context.AnnotationConfigServletWebServerApplicationContext@4febb875: startup date [Mon Feb 18 15:56:25 CST 2019]; root of context hierarchy
time=2019-02-18T15:56:26.891+0800`appName=graduation`hostName=localhost`logLevel=WARN `msg=No MyBatis mapper was found in '[com.zy.project.mapper]' package. Please check your configuration.
time=2019-02-18T15:56:28.852+0800`appName=graduation`hostName=localhost`logLevel=INFO `msg=Tomcat initialized with port(s): 8083 (http)
time=2019-02-18T15:56:29.432+0800`appName=graduation`hostName=localhost`logLevel=INFO `msg=Servlet dispatcherServlet mapped to [/]
time=2019-02-18T15:56:29.442+0800`appName=graduation`hostName=localhost`logLevel=INFO `msg=Mapping filter: 'characterEncodingFilter' to: [/*]
time=2019-02-18T15:56:29.442+0800`appName=graduation`hostName=localhost`logLevel=INFO `msg=Mapping filter: 'hiddenHttpMethodFilter' to: [/*]
time=2019-02-18T15:56:29.443+0800`appName=graduation`hostName=localhost`logLevel=INFO `msg=Mapping filter: 'httpPutFormContentFilter' to: [/*]
time=2019-02-18T15:56:29.443+0800`appName=graduation`hostName=localhost`logLevel=INFO `msg=Mapping filter: 'requestContextFilter' to: [/*]
time=2019-02-18T15:56:30.217+0800`appName=graduation`hostName=localhost`logLevel=INFO `msg=HikariPool-1 - Starting...
time=2019-02-18T15:56:30.541+0800`appName=graduation`hostName=localhost`logLevel=INFO `msg=HikariPool-1 - Start completed.
time=2019-02-18T15:56:35.570+0800`appName=graduation`hostName=localhost`logLevel=INFO `msg=Tomcat started on port(s): 8083 (http) with context path ''
time=2019-02-18T15:56:35.581+0800`appName=graduation`hostName=localhost`logLevel=INFO `msg=Started Graduation1Application in 11.426 seconds (JVM running for 15.12)
time=2019-02-18T15:56:43.704+0800`appName=graduation`hostName=localhost`logLevel=INFO `msg=Starting without optional epoll library
time=2019-02-18T15:56:43.713+0800`appName=graduation`hostName=localhost`logLevel=INFO `msg=Starting without optional kqueue library
time=2019-02-18T16:43:31.744+0800`appName=graduation`hostName=localhost`logLevel=INFO `msg=Starting Graduation1Application on DESKTOP-Q8HC681 with PID 6240 (F:\idea\graduation1\target\classes started by pcdn in F:\idea\graduation1)
time=2019-02-18T16:43:31.803+0800`appName=graduation`hostName=localhost`logLevel=INFO `msg=The following profiles are active: dev
time=2019-02-18T16:43:32.027+0800`appName=graduation`hostName=localhost`logLevel=INFO `msg=Refreshing org.springframework.boot.web.servlet.context.AnnotationConfigServletWebServerApplicationContext@553f1d75: startup date [Mon Feb 18 16:43:32 CST 2019]; root of context hierarchy
time=2019-02-18T16:43:33.927+0800`appName=graduation`hostName=localhost`logLevel=WARN `msg=No MyBatis mapper was found in '[com.zy.project.mapper]' package. Please check your configuration.
time=2019-02-18T16:43:35.994+0800`appName=graduation`hostName=localhost`logLevel=INFO `msg=Tomcat initialized with port(s): 8083 (http)
time=2019-02-18T16:43:36.961+0800`appName=graduation`hostName=localhost`logLevel=INFO `msg=Servlet dispatcherServlet mapped to [/]
time=2019-02-18T16:43:36.972+0800`appName=graduation`hostName=localhost`logLevel=INFO `msg=Mapping filter: 'characterEncodingFilter' to: [/*]
time=2019-02-18T16:43:36.973+0800`appName=graduation`hostName=localhost`logLevel=INFO `msg=Mapping filter: 'hiddenHttpMethodFilter' to: [/*]
time=2019-02-18T16:43:36.973+0800`appName=graduation`hostName=localhost`logLevel=INFO `msg=Mapping filter: 'httpPutFormContentFilter' to: [/*]
time=2019-02-18T16:43:36.973+0800`appName=graduation`hostName=localhost`logLevel=INFO `msg=Mapping filter: 'requestContextFilter' to: [/*]
time=2019-02-18T16:43:37.783+0800`appName=graduation`hostName=localhost`logLevel=INFO `msg=HikariPool-1 - Starting...
time=2019-02-18T16:43:38.163+0800`appName=graduation`hostName=localhost`logLevel=INFO `msg=HikariPool-1 - Start completed.
time=2019-02-18T16:43:43.324+0800`appName=graduation`hostName=localhost`logLevel=INFO `msg=Tomcat started on port(s): 8083 (http) with context path ''
time=2019-02-18T16:43:43.334+0800`appName=graduation`hostName=localhost`logLevel=INFO `msg=Started Graduation1Application in 12.495 seconds (JVM running for 16.555)
time=2019-02-18T16:43:59.943+0800`appName=graduation`hostName=localhost`logLevel=INFO `msg=Starting without optional epoll library
time=2019-02-18T16:43:59.953+0800`appName=graduation`hostName=localhost`logLevel=INFO `msg=Starting without optional kqueue library
time=2019-02-18T17:07:35.804+0800`appName=graduation`hostName=localhost`logLevel=INFO `msg=Starting Graduation1Application on DESKTOP-Q8HC681 with PID 5440 (F:\idea\graduation1\target\classes started by pcdn in F:\idea\graduation1)
time=2019-02-18T17:07:35.817+0800`appName=graduation`hostName=localhost`logLevel=INFO `msg=The following profiles are active: dev
time=2019-02-18T17:07:36.035+0800`appName=graduation`hostName=localhost`logLevel=INFO `msg=Refreshing org.springframework.boot.web.servlet.context.AnnotationConfigServletWebServerApplicationContext@51cd7ffc: startup date [Mon Feb 18 17:07:36 CST 2019]; root of context hierarchy
time=2019-02-18T17:07:37.655+0800`appName=graduation`hostName=localhost`logLevel=WARN `msg=No MyBatis mapper was found in '[com.zy.project.mapper]' package. Please check your configuration.
time=2019-02-18T17:07:39.613+0800`appName=graduation`hostName=localhost`logLevel=INFO `msg=Tomcat initialized with port(s): 8083 (http)
time=2019-02-18T17:07:40.177+0800`appName=graduation`hostName=localhost`logLevel=INFO `msg=Servlet dispatcherServlet mapped to [/]
time=2019-02-18T17:07:40.188+0800`appName=graduation`hostName=localhost`logLevel=INFO `msg=Mapping filter: 'characterEncodingFilter' to: [/*]
time=2019-02-18T17:07:40.189+0800`appName=graduation`hostName=localhost`logLevel=INFO `msg=Mapping filter: 'hiddenHttpMethodFilter' to: [/*]
time=2019-02-18T17:07:40.189+0800`appName=graduation`hostName=localhost`logLevel=INFO `msg=Mapping filter: 'httpPutFormContentFilter' to: [/*]
time=2019-02-18T17:07:40.189+0800`appName=graduation`hostName=localhost`logLevel=INFO `msg=Mapping filter: 'requestContextFilter' to: [/*]
time=2019-02-18T17:07:40.948+0800`appName=graduation`hostName=localhost`logLevel=INFO `msg=HikariPool-1 - Starting...
time=2019-02-18T17:07:41.270+0800`appName=graduation`hostName=localhost`logLevel=INFO `msg=HikariPool-1 - Start completed.
time=2019-02-18T17:07:46.288+0800`appName=graduation`hostName=localhost`logLevel=INFO `msg=Tomcat started on port(s): 8083 (http) with context path ''
time=2019-02-18T17:07:46.297+0800`appName=graduation`hostName=localhost`logLevel=INFO `msg=Started Graduation1Application in 11.327 seconds (JVM running for 15.303)
time=2019-02-18T17:09:32.674+0800`appName=graduation`hostName=localhost`logLevel=INFO `msg=Starting without optional epoll library
time=2019-02-18T17:09:32.680+0800`appName=graduation`hostName=localhost`logLevel=INFO `msg=Starting without optional kqueue library
time=2019-02-18T17:25:42.965+0800`appName=graduation`hostName=localhost`logLevel=INFO `msg=Starting Graduation1Application on DESKTOP-Q8HC681 with PID 4236 (F:\idea\graduation1\target\classes started by pcdn in F:\idea\graduation1)
time=2019-02-18T17:25:42.978+0800`appName=graduation`hostName=localhost`logLevel=INFO `msg=The following profiles are active: dev
time=2019-02-18T17:25:43.202+0800`appName=graduation`hostName=localhost`logLevel=INFO `msg=Refreshing org.springframework.boot.web.servlet.context.AnnotationConfigServletWebServerApplicationContext@5778826f: startup date [Mon Feb 18 17:25:43 CST 2019]; root of context hierarchy
time=2019-02-18T17:25:45.470+0800`appName=graduation`hostName=localhost`logLevel=WARN `msg=No MyBatis mapper was found in '[com.zy.project.mapper]' package. Please check your configuration.
time=2019-02-18T17:25:47.457+0800`appName=graduation`hostName=localhost`logLevel=INFO `msg=Tomcat initialized with port(s): 8083 (http)
time=2019-02-18T17:25:48.050+0800`appName=graduation`hostName=localhost`logLevel=INFO `msg=Servlet dispatcherServlet mapped to [/]
time=2019-02-18T17:25:48.061+0800`appName=graduation`hostName=localhost`logLevel=INFO `msg=Mapping filter: 'characterEncodingFilter' to: [/*]
time=2019-02-18T17:25:48.062+0800`appName=graduation`hostName=localhost`logLevel=INFO `msg=Mapping filter: 'hiddenHttpMethodFilter' to: [/*]
time=2019-02-18T17:25:48.062+0800`appName=graduation`hostName=localhost`logLevel=INFO `msg=Mapping filter: 'httpPutFormContentFilter' to: [/*]
time=2019-02-18T17:25:48.062+0800`appName=graduation`hostName=localhost`logLevel=INFO `msg=Mapping filter: 'requestContextFilter' to: [/*]
time=2019-02-18T17:25:48.840+0800`appName=graduation`hostName=localhost`logLevel=INFO `msg=HikariPool-1 - Starting...
time=2019-02-18T17:25:49.166+0800`appName=graduation`hostName=localhost`logLevel=INFO `msg=HikariPool-1 - Start completed.
time=2019-02-18T17:25:54.233+0800`appName=graduation`hostName=localhost`logLevel=INFO `msg=Tomcat started on port(s): 8083 (http) with context path ''
time=2019-02-18T17:25:54.244+0800`appName=graduation`hostName=localhost`logLevel=INFO `msg=Started Graduation1Application in 12.131 seconds (JVM running for 16.543)
time=2019-02-18T17:26:28.630+0800`appName=graduation`hostName=localhost`logLevel=INFO `msg=Starting without optional epoll library
time=2019-02-18T17:26:28.634+0800`appName=graduation`hostName=localhost`logLevel=INFO `msg=Starting without optional kqueue library
time=2019-02-18T17:28:11.175+0800`appName=graduation`hostName=localhost`logLevel=INFO `msg=Starting Graduation1Application on DESKTOP-Q8HC681 with PID 5636 (F:\idea\graduation1\target\classes started by pcdn in F:\idea\graduation1)
time=2019-02-18T17:28:11.187+0800`appName=graduation`hostName=localhost`logLevel=INFO `msg=The following profiles are active: dev
time=2019-02-18T17:28:11.407+0800`appName=graduation`hostName=localhost`logLevel=INFO `msg=Refreshing org.springframework.boot.web.servlet.context.AnnotationConfigServletWebServerApplicationContext@295eaa7c: startup date [Mon Feb 18 17:28:11 CST 2019]; root of context hierarchy
time=2019-02-18T17:28:12.634+0800`appName=graduation`hostName=localhost`logLevel=WARN `msg=No MyBatis mapper was found in '[com.zy.project.mapper]' package. Please check your configuration.
time=2019-02-18T17:28:14.678+0800`appName=graduation`hostName=localhost`logLevel=INFO `msg=Tomcat initialized with port(s): 8083 (http)
time=2019-02-18T17:28:15.316+0800`appName=graduation`hostName=localhost`logLevel=INFO `msg=Servlet dispatcherServlet mapped to [/]
time=2019-02-18T17:28:15.327+0800`appName=graduation`hostName=localhost`logLevel=INFO `msg=Mapping filter: 'characterEncodingFilter' to: [/*]
time=2019-02-18T17:28:15.327+0800`appName=graduation`hostName=localhost`logLevel=INFO `msg=Mapping filter: 'hiddenHttpMethodFilter' to: [/*]
time=2019-02-18T17:28:15.328+0800`appName=graduation`hostName=localhost`logLevel=INFO `msg=Mapping filter: 'httpPutFormContentFilter' to: [/*]
time=2019-02-18T17:28:15.328+0800`appName=graduation`hostName=localhost`logLevel=INFO `msg=Mapping filter: 'requestContextFilter' to: [/*]
time=2019-02-18T17:28:16.134+0800`appName=graduation`hostName=localhost`logLevel=INFO `msg=HikariPool-1 - Starting...
time=2019-02-18T17:28:16.468+0800`appName=graduation`hostName=localhost`logLevel=INFO `msg=HikariPool-1 - Start completed.
time=2019-02-18T17:28:22.014+0800`appName=graduation`hostName=localhost`logLevel=INFO `msg=Tomcat started on port(s): 8083 (http) with context path ''
time=2019-02-18T17:28:22.034+0800`appName=graduation`hostName=localhost`logLevel=INFO `msg=Started Graduation1Application in 11.651 seconds (JVM running for 15.717)
time=2019-02-18T17:28:25.304+0800`appName=graduation`hostName=localhost`logLevel=INFO `msg=Starting without optional epoll library
time=2019-02-18T17:28:25.311+0800`appName=graduation`hostName=localhost`logLevel=INFO `msg=Starting without optional kqueue library
time=2019-02-18T17:29:57.255+0800`appName=graduation`hostName=localhost`logLevel=INFO `msg=Starting Graduation1Application on DESKTOP-Q8HC681 with PID 9036 (F:\idea\graduation1\target\classes started by pcdn in F:\idea\graduation1)
time=2019-02-18T17:29:57.266+0800`appName=graduation`hostName=localhost`logLevel=INFO `msg=The following profiles are active: dev
time=2019-02-18T17:29:57.531+0800`appName=graduation`hostName=localhost`logLevel=INFO `msg=Refreshing org.springframework.boot.web.servlet.context.AnnotationConfigServletWebServerApplicationContext@5ad10c1a: startup date [Mon Feb 18 17:29:57 CST 2019]; root of context hierarchy
time=2019-02-18T17:29:58.910+0800`appName=graduation`hostName=localhost`logLevel=WARN `msg=No MyBatis mapper was found in '[com.zy.project.mapper]' package. Please check your configuration.
time=2019-02-18T17:30:00.868+0800`appName=graduation`hostName=localhost`logLevel=INFO `msg=Tomcat initialized with port(s): 8083 (http)
time=2019-02-18T17:30:01.460+0800`appName=graduation`hostName=localhost`logLevel=INFO `msg=Servlet dispatcherServlet mapped to [/]
time=2019-02-18T17:30:01.472+0800`appName=graduation`hostName=localhost`logLevel=INFO `msg=Mapping filter: 'characterEncodingFilter' to: [/*]
time=2019-02-18T17:30:01.473+0800`appName=graduation`hostName=localhost`logLevel=INFO `msg=Mapping filter: 'hiddenHttpMethodFilter' to: [/*]
time=2019-02-18T17:30:01.473+0800`appName=graduation`hostName=localhost`logLevel=INFO `msg=Mapping filter: 'httpPutFormContentFilter' to: [/*]
time=2019-02-18T17:30:01.473+0800`appName=graduation`hostName=localhost`logLevel=INFO `msg=Mapping filter: 'requestContextFilter' to: [/*]
time=2019-02-18T17:30:02.239+0800`appName=graduation`hostName=localhost`logLevel=INFO `msg=HikariPool-1 - Starting...
time=2019-02-18T17:30:02.572+0800`appName=graduation`hostName=localhost`logLevel=INFO `msg=HikariPool-1 - Start completed.
time=2019-02-18T17:30:07.634+0800`appName=graduation`hostName=localhost`logLevel=INFO `msg=Tomcat started on port(s): 8083 (http) with context path ''
time=2019-02-18T17:30:07.643+0800`appName=graduation`hostName=localhost`logLevel=INFO `msg=Started Graduation1Application in 11.305 seconds (JVM running for 15.614)
time=2019-02-18T17:30:19.561+0800`appName=graduation`hostName=localhost`logLevel=INFO `msg=Starting without optional epoll library
time=2019-02-18T17:30:19.567+0800`appName=graduation`hostName=localhost`logLevel=INFO `msg=Starting without optional kqueue library
time=2019-02-18T17:33:51.458+0800`appName=graduation`hostName=localhost`logLevel=INFO `msg=Starting Graduation1Application on DESKTOP-Q8HC681 with PID 1540 (F:\idea\graduation1\target\classes started by pcdn in F:\idea\graduation1)
time=2019-02-18T17:33:51.470+0800`appName=graduation`hostName=localhost`logLevel=INFO `msg=The following profiles are active: dev
time=2019-02-18T17:33:51.693+0800`appName=graduation`hostName=localhost`logLevel=INFO `msg=Refreshing org.springframework.boot.web.servlet.context.AnnotationConfigServletWebServerApplicationContext@6b9ce1bf: startup date [Mon Feb 18 17:33:51 CST 2019]; root of context hierarchy
time=2019-02-18T17:33:52.920+0800`appName=graduation`hostName=localhost`logLevel=WARN `msg=No MyBatis mapper was found in '[com.zy.project.mapper]' package. Please check your configuration.
time=2019-02-18T17:33:54.847+0800`appName=graduation`hostName=localhost`logLevel=INFO `msg=Tomcat initialized with port(s): 8083 (http)
time=2019-02-18T17:33:55.459+0800`appName=graduation`hostName=localhost`logLevel=INFO `msg=Servlet dispatcherServlet mapped to [/]
time=2019-02-18T17:33:55.471+0800`appName=graduation`hostName=localhost`logLevel=INFO `msg=Mapping filter: 'characterEncodingFilter' to: [/*]
time=2019-02-18T17:33:55.471+0800`appName=graduation`hostName=localhost`logLevel=INFO `msg=Mapping filter: 'hiddenHttpMethodFilter' to: [/*]
time=2019-02-18T17:33:55.471+0800`appName=graduation`hostName=localhost`logLevel=INFO `msg=Mapping filter: 'httpPutFormContentFilter' to: [/*]
time=2019-02-18T17:33:55.472+0800`appName=graduation`hostName=localhost`logLevel=INFO `msg=Mapping filter: 'requestContextFilter' to: [/*]
time=2019-02-18T17:33:56.251+0800`appName=graduation`hostName=localhost`logLevel=INFO `msg=HikariPool-1 - Starting...
time=2019-02-18T17:33:56.566+0800`appName=graduation`hostName=localhost`logLevel=INFO `msg=HikariPool-1 - Start completed.
time=2019-02-18T17:34:01.716+0800`appName=graduation`hostName=localhost`logLevel=INFO `msg=Tomcat started on port(s): 8083 (http) with context path ''
time=2019-02-18T17:34:01.726+0800`appName=graduation`hostName=localhost`logLevel=INFO `msg=Started Graduation1Application in 11.05 seconds (JVM running for 14.942)
time=2019-02-18T17:34:03.047+0800`appName=graduation`hostName=localhost`logLevel=INFO `msg=Starting without optional epoll library
time=2019-02-18T17:34:03.058+0800`appName=graduation`hostName=localhost`logLevel=INFO `msg=Starting without optional kqueue library
time=2019-02-18T17:36:33.680+0800`appName=graduation`hostName=localhost`logLevel=INFO `msg=Starting Graduation1Application on DESKTOP-Q8HC681 with PID 12020 (F:\idea\graduation1\target\classes started by pcdn in F:\idea\graduation1)
time=2019-02-18T17:36:33.692+0800`appName=graduation`hostName=localhost`logLevel=INFO `msg=The following profiles are active: dev
time=2019-02-18T17:36:33.882+0800`appName=graduation`hostName=localhost`logLevel=INFO `msg=Refreshing org.springframework.boot.web.servlet.context.AnnotationConfigServletWebServerApplicationContext@346a361: startup date [Mon Feb 18 17:36:33 CST 2019]; root of context hierarchy
time=2019-02-18T17:36:35.115+0800`appName=graduation`hostName=localhost`logLevel=WARN `msg=No MyBatis mapper was found in '[com.zy.project.mapper]' package. Please check your configuration.
time=2019-02-18T17:36:37.076+0800`appName=graduation`hostName=localhost`logLevel=INFO `msg=Tomcat initialized with port(s): 8083 (http)
time=2019-02-18T17:36:37.649+0800`appName=graduation`hostName=localhost`logLevel=INFO `msg=Servlet dispatcherServlet mapped to [/]
time=2019-02-18T17:36:37.662+0800`appName=graduation`hostName=localhost`logLevel=INFO `msg=Mapping filter: 'characterEncodingFilter' to: [/*]
time=2019-02-18T17:36:37.663+0800`appName=graduation`hostName=localhost`logLevel=INFO `msg=Mapping filter: 'hiddenHttpMethodFilter' to: [/*]
time=2019-02-18T17:36:37.663+0800`appName=graduation`hostName=localhost`logLevel=INFO `msg=Mapping filter: 'httpPutFormContentFilter' to: [/*]
time=2019-02-18T17:36:37.663+0800`appName=graduation`hostName=localhost`logLevel=INFO `msg=Mapping filter: 'requestContextFilter' to: [/*]
time=2019-02-18T17:36:38.410+0800`appName=graduation`hostName=localhost`logLevel=INFO `msg=HikariPool-1 - Starting...
time=2019-02-18T17:36:38.725+0800`appName=graduation`hostName=localhost`logLevel=INFO `msg=HikariPool-1 - Start completed.
time=2019-02-18T17:36:44.176+0800`appName=graduation`hostName=localhost`logLevel=INFO `msg=Tomcat started on port(s): 8083 (http) with context path ''
time=2019-02-18T17:36:44.185+0800`appName=graduation`hostName=localhost`logLevel=INFO `msg=Started Graduation1Application in 11.302 seconds (JVM running for 14.904)
time=2019-02-18T17:36:47.635+0800`appName=graduation`hostName=localhost`logLevel=INFO `msg=Starting without optional epoll library
time=2019-02-18T17:36:47.639+0800`appName=graduation`hostName=localhost`logLevel=INFO `msg=Starting without optional kqueue library
time=2019-02-18T17:41:11.142+0800`appName=graduation`hostName=localhost`logLevel=INFO `msg=Starting Graduation1Application on DESKTOP-Q8HC681 with PID 13112 (F:\idea\graduation1\target\classes started by pcdn in F:\idea\graduation1)
time=2019-02-18T17:41:11.163+0800`appName=graduation`hostName=localhost`logLevel=INFO `msg=The following profiles are active: dev
time=2019-02-18T17:41:11.360+0800`appName=graduation`hostName=localhost`logLevel=INFO `msg=Refreshing org.springframework.boot.web.servlet.context.AnnotationConfigServletWebServerApplicationContext@6b9ce1bf: startup date [Mon Feb 18 17:41:11 CST 2019]; root of context hierarchy
time=2019-02-18T17:41:12.532+0800`appName=graduation`hostName=localhost`logLevel=WARN `msg=No MyBatis mapper was found in '[com.zy.project.mapper]' package. Please check your configuration.
time=2019-02-18T17:41:14.425+0800`appName=graduation`hostName=localhost`logLevel=INFO `msg=Tomcat initialized with port(s): 8083 (http)
time=2019-02-18T17:41:15.032+0800`appName=graduation`hostName=localhost`logLevel=INFO `msg=Servlet dispatcherServlet mapped to [/]
time=2019-02-18T17:41:15.042+0800`appName=graduation`hostName=localhost`logLevel=INFO `msg=Mapping filter: 'characterEncodingFilter' to: [/*]
time=2019-02-18T17:41:15.043+0800`appName=graduation`hostName=localhost`logLevel=INFO `msg=Mapping filter: 'hiddenHttpMethodFilter' to: [/*]
time=2019-02-18T17:41:15.043+0800`appName=graduation`hostName=localhost`logLevel=INFO `msg=Mapping filter: 'httpPutFormContentFilter' to: [/*]
time=2019-02-18T17:41:15.043+0800`appName=graduation`hostName=localhost`logLevel=INFO `msg=Mapping filter: 'requestContextFilter' to: [/*]
time=2019-02-18T17:41:15.850+0800`appName=graduation`hostName=localhost`logLevel=INFO `msg=HikariPool-1 - Starting...
time=2019-02-18T17:41:16.159+0800`appName=graduation`hostName=localhost`logLevel=INFO `msg=HikariPool-1 - Start completed.
time=2019-02-18T17:41:21.195+0800`appName=graduation`hostName=localhost`logLevel=INFO `msg=Tomcat started on port(s): 8083 (http) with context path ''
time=2019-02-18T17:41:21.203+0800`appName=graduation`hostName=localhost`logLevel=INFO `msg=Started Graduation1Application in 10.799 seconds (JVM running for 14.748)
time=2019-02-18T17:41:25.521+0800`appName=graduation`hostName=localhost`logLevel=INFO `msg=Starting without optional epoll library
time=2019-02-18T17:41:25.532+0800`appName=graduation`hostName=localhost`logLevel=INFO `msg=Starting without optional kqueue library
time=2019-02-18T17:43:28.624+0800`appName=graduation`hostName=localhost`logLevel=INFO `msg=Starting Graduation1Application on DESKTOP-Q8HC681 with PID 15304 (F:\idea\graduation1\target\classes started by pcdn in F:\idea\graduation1)
time=2019-02-18T17:43:28.647+0800`appName=graduation`hostName=localhost`logLevel=INFO `msg=The following profiles are active: dev
time=2019-02-18T17:43:28.839+0800`appName=graduation`hostName=localhost`logLevel=INFO `msg=Refreshing org.springframework.boot.web.servlet.context.AnnotationConfigServletWebServerApplicationContext@3dddefd8: startup date [Mon Feb 18 17:43:28 CST 2019]; root of context hierarchy
time=2019-02-18T17:43:30.066+0800`appName=graduation`hostName=localhost`logLevel=WARN `msg=No MyBatis mapper was found in '[com.zy.project.mapper]' package. Please check your configuration.
time=2019-02-18T17:43:31.993+0800`appName=graduation`hostName=localhost`logLevel=INFO `msg=Tomcat initialized with port(s): 8083 (http)
time=2019-02-18T17:43:32.550+0800`appName=graduation`hostName=localhost`logLevel=INFO `msg=Servlet dispatcherServlet mapped to [/]
time=2019-02-18T17:43:32.560+0800`appName=graduation`hostName=localhost`logLevel=INFO `msg=Mapping filter: 'characterEncodingFilter' to: [/*]
time=2019-02-18T17:43:32.561+0800`appName=graduation`hostName=localhost`logLevel=INFO `msg=Mapping filter: 'hiddenHttpMethodFilter' to: [/*]
time=2019-02-18T17:43:32.561+0800`appName=graduation`hostName=localhost`logLevel=INFO `msg=Mapping filter: 'httpPutFormContentFilter' to: [/*]
time=2019-02-18T17:43:32.562+0800`appName=graduation`hostName=localhost`logLevel=INFO `msg=Mapping filter: 'requestContextFilter' to: [/*]
time=2019-02-18T17:43:33.351+0800`appName=graduation`hostName=localhost`logLevel=INFO `msg=HikariPool-1 - Starting...
time=2019-02-18T17:43:33.658+0800`appName=graduation`hostName=localhost`logLevel=INFO `msg=HikariPool-1 - Start completed.
time=2019-02-18T17:43:38.706+0800`appName=graduation`hostName=localhost`logLevel=INFO `msg=Tomcat started on port(s): 8083 (http) with context path ''
time=2019-02-18T17:43:38.716+0800`appName=graduation`hostName=localhost`logLevel=INFO `msg=Started Graduation1Application in 10.874 seconds (JVM running for 14.605)
time=2019-02-18T17:43:45.456+0800`appName=graduation`hostName=localhost`logLevel=INFO `msg=Starting without optional epoll library
time=2019-02-18T17:43:45.461+0800`appName=graduation`hostName=localhost`logLevel=INFO `msg=Starting without optional kqueue library
time=2019-02-18T17:48:41.224+0800`appName=graduation`hostName=localhost`logLevel=INFO `msg=Starting Graduation1Application on DESKTOP-Q8HC681 with PID 2568 (F:\idea\graduation1\target\classes started by pcdn in F:\idea\graduation1)
time=2019-02-18T17:48:41.238+0800`appName=graduation`hostName=localhost`logLevel=INFO `msg=The following profiles are active: dev
time=2019-02-18T17:48:41.493+0800`appName=graduation`hostName=localhost`logLevel=INFO `msg=Refreshing org.springframework.boot.web.servlet.context.AnnotationConfigServletWebServerApplicationContext@79da1ec0: startup date [Mon Feb 18 17:48:41 CST 2019]; root of context hierarchy
time=2019-02-18T17:48:43.443+0800`appName=graduation`hostName=localhost`logLevel=WARN `msg=No MyBatis mapper was found in '[com.zy.project.mapper]' package. Please check your configuration.
time=2019-02-18T17:48:45.558+0800`appName=graduation`hostName=localhost`logLevel=INFO `msg=Tomcat initialized with port(s): 8083 (http)
time=2019-02-18T17:48:46.190+0800`appName=graduation`hostName=localhost`logLevel=INFO `msg=Servlet dispatcherServlet mapped to [/]
time=2019-02-18T17:48:46.203+0800`appName=graduation`hostName=localhost`logLevel=INFO `msg=Mapping filter: 'characterEncodingFilter' to: [/*]
time=2019-02-18T17:48:46.203+0800`appName=graduation`hostName=localhost`logLevel=INFO `msg=Mapping filter: 'hiddenHttpMethodFilter' to: [/*]
time=2019-02-18T17:48:46.203+0800`appName=graduation`hostName=localhost`logLevel=INFO `msg=Mapping filter: 'httpPutFormContentFilter' to: [/*]
time=2019-02-18T17:48:46.204+0800`appName=graduation`hostName=localhost`logLevel=INFO `msg=Mapping filter: 'requestContextFilter' to: [/*]
time=2019-02-18T17:48:47.003+0800`appName=graduation`hostName=localhost`logLevel=INFO `msg=HikariPool-1 - Starting...
time=2019-02-18T17:48:47.337+0800`appName=graduation`hostName=localhost`logLevel=INFO `msg=HikariPool-1 - Start completed.
time=2019-02-18T17:48:52.937+0800`appName=graduation`hostName=localhost`logLevel=INFO `msg=Tomcat started on port(s): 8083 (http) with context path ''
time=2019-02-18T17:48:52.945+0800`appName=graduation`hostName=localhost`logLevel=INFO `msg=Started Graduation1Application in 12.767 seconds (JVM running for 17.26)
time=2019-02-18T17:48:58.787+0800`appName=graduation`hostName=localhost`logLevel=INFO `msg=Starting without optional epoll library
time=2019-02-18T17:48:58.793+0800`appName=graduation`hostName=localhost`logLevel=INFO `msg=Starting without optional kqueue library
time=2019-02-18T17:51:08.752+0800`appName=graduation`hostName=localhost`logLevel=INFO `msg=Starting Graduation1Application on DESKTOP-Q8HC681 with PID 9360 (F:\idea\graduation1\target\classes started by pcdn in F:\idea\graduation1)
time=2019-02-18T17:51:08.771+0800`appName=graduation`hostName=localhost`logLevel=INFO `msg=The following profiles are active: dev
time=2019-02-18T17:51:08.990+0800`appName=graduation`hostName=localhost`logLevel=INFO `msg=Refreshing org.springframework.boot.web.servlet.context.AnnotationConfigServletWebServerApplicationContext@19fb8826: startup date [Mon Feb 18 17:51:08 CST 2019]; root of context hierarchy
time=2019-02-18T17:51:10.324+0800`appName=graduation`hostName=localhost`logLevel=WARN `msg=No MyBatis mapper was found in '[com.zy.project.mapper]' package. Please check your configuration.
time=2019-02-18T17:51:12.490+0800`appName=graduation`hostName=localhost`logLevel=INFO `msg=Tomcat initialized with port(s): 8083 (http)
time=2019-02-18T17:51:13.102+0800`appName=graduation`hostName=localhost`logLevel=INFO `msg=Servlet dispatcherServlet mapped to [/]
time=2019-02-18T17:51:13.116+0800`appName=graduation`hostName=localhost`logLevel=INFO `msg=Mapping filter: 'characterEncodingFilter' to: [/*]
time=2019-02-18T17:51:13.116+0800`appName=graduation`hostName=localhost`logLevel=INFO `msg=Mapping filter: 'hiddenHttpMethodFilter' to: [/*]
time=2019-02-18T17:51:13.117+0800`appName=graduation`hostName=localhost`logLevel=INFO `msg=Mapping filter: 'httpPutFormContentFilter' to: [/*]
time=2019-02-18T17:51:13.117+0800`appName=graduation`hostName=localhost`logLevel=INFO `msg=Mapping filter: 'requestContextFilter' to: [/*]
time=2019-02-18T17:51:13.954+0800`appName=graduation`hostName=localhost`logLevel=INFO `msg=HikariPool-1 - Starting...
time=2019-02-18T17:51:14.276+0800`appName=graduation`hostName=localhost`logLevel=INFO `msg=HikariPool-1 - Start completed.
time=2019-02-18T17:51:19.566+0800`appName=graduation`hostName=localhost`logLevel=INFO `msg=Tomcat started on port(s): 8083 (http) with context path ''
time=2019-02-18T17:51:19.576+0800`appName=graduation`hostName=localhost`logLevel=INFO `msg=Started Graduation1Application in 11.724 seconds (JVM running for 15.93)
time=2019-02-18T17:51:21.905+0800`appName=graduation`hostName=localhost`logLevel=INFO `msg=Starting without optional epoll library
time=2019-02-18T17:51:21.909+0800`appName=graduation`hostName=localhost`logLevel=INFO `msg=Starting without optional kqueue library
time=2019-02-18T18:09:07.008+0800`appName=graduation`hostName=localhost`logLevel=INFO `msg=Starting Graduation1Application on DESKTOP-Q8HC681 with PID 11152 (F:\idea\graduation1\target\classes started by pcdn in F:\idea\graduation1)
time=2019-02-18T18:09:07.019+0800`appName=graduation`hostName=localhost`logLevel=INFO `msg=The following profiles are active: dev
time=2019-02-18T18:09:07.218+0800`appName=graduation`hostName=localhost`logLevel=INFO `msg=Refreshing org.springframework.boot.web.servlet.context.AnnotationConfigServletWebServerApplicationContext@1bb1fde8: startup date [Mon Feb 18 18:09:07 CST 2019]; root of context hierarchy
time=2019-02-18T18:09:08.529+0800`appName=graduation`hostName=localhost`logLevel=WARN `msg=No MyBatis mapper was found in '[com.zy.project.mapper]' package. Please check your configuration.
time=2019-02-18T18:09:10.666+0800`appName=graduation`hostName=localhost`logLevel=INFO `msg=Tomcat initialized with port(s): 8083 (http)
time=2019-02-18T18:09:11.328+0800`appName=graduation`hostName=localhost`logLevel=INFO `msg=Servlet dispatcherServlet mapped to [/]
time=2019-02-18T18:09:11.337+0800`appName=graduation`hostName=localhost`logLevel=INFO `msg=Mapping filter: 'characterEncodingFilter' to: [/*]
time=2019-02-18T18:09:11.338+0800`appName=graduation`hostName=localhost`logLevel=INFO `msg=Mapping filter: 'hiddenHttpMethodFilter' to: [/*]
time=2019-02-18T18:09:11.339+0800`appName=graduation`hostName=localhost`logLevel=INFO `msg=Mapping filter: 'httpPutFormContentFilter' to: [/*]
time=2019-02-18T18:09:11.339+0800`appName=graduation`hostName=localhost`logLevel=INFO `msg=Mapping filter: 'requestContextFilter' to: [/*]
time=2019-02-18T18:09:12.132+0800`appName=graduation`hostName=localhost`logLevel=INFO `msg=HikariPool-1 - Starting...
time=2019-02-18T18:09:12.509+0800`appName=graduation`hostName=localhost`logLevel=INFO `msg=HikariPool-1 - Start completed.
time=2019-02-18T18:09:17.711+0800`appName=graduation`hostName=localhost`logLevel=INFO `msg=Tomcat started on port(s): 8083 (http) with context path ''
time=2019-02-18T18:09:17.720+0800`appName=graduation`hostName=localhost`logLevel=INFO `msg=Started Graduation1Application in 11.572 seconds (JVM running for 15.466)
time=2019-02-18T18:09:21.900+0800`appName=graduation`hostName=localhost`logLevel=INFO `msg=Starting without optional epoll library
time=2019-02-18T18:09:21.908+0800`appName=graduation`hostName=localhost`logLevel=INFO `msg=Starting without optional kqueue library
time=2019-02-18T18:09:53.389+0800`appName=graduation`hostName=localhost`logLevel=INFO `msg=Starting Graduation1Application on DESKTOP-Q8HC681 with PID 9564 (F:\idea\graduation1\target\classes started by pcdn in F:\idea\graduation1)
time=2019-02-18T18:09:53.413+0800`appName=graduation`hostName=localhost`logLevel=INFO `msg=The following profiles are active: dev
time=2019-02-18T18:09:53.599+0800`appName=graduation`hostName=localhost`logLevel=INFO `msg=Refreshing org.springframework.boot.web.servlet.context.AnnotationConfigServletWebServerApplicationContext@277f7dd3: startup date [Mon Feb 18 18:09:53 CST 2019]; root of context hierarchy
time=2019-02-18T18:09:54.813+0800`appName=graduation`hostName=localhost`logLevel=WARN `msg=No MyBatis mapper was found in '[com.zy.project.mapper]' package. Please check your configuration.
time=2019-02-18T18:09:56.830+0800`appName=graduation`hostName=localhost`logLevel=INFO `msg=Tomcat initialized with port(s): 8083 (http)
time=2019-02-18T18:09:57.444+0800`appName=graduation`hostName=localhost`logLevel=INFO `msg=Servlet dispatcherServlet mapped to [/]
time=2019-02-18T18:09:57.456+0800`appName=graduation`hostName=localhost`logLevel=INFO `msg=Mapping filter: 'characterEncodingFilter' to: [/*]
time=2019-02-18T18:09:57.457+0800`appName=graduation`hostName=localhost`logLevel=INFO `msg=Mapping filter: 'hiddenHttpMethodFilter' to: [/*]
time=2019-02-18T18:09:57.457+0800`appName=graduation`hostName=localhost`logLevel=INFO `msg=Mapping filter: 'httpPutFormContentFilter' to: [/*]
time=2019-02-18T18:09:57.457+0800`appName=graduation`hostName=localhost`logLevel=INFO `msg=Mapping filter: 'requestContextFilter' to: [/*]
time=2019-02-18T18:09:58.235+0800`appName=graduation`hostName=localhost`logLevel=INFO `msg=HikariPool-1 - Starting...
time=2019-02-18T18:09:58.576+0800`appName=graduation`hostName=localhost`logLevel=INFO `msg=HikariPool-1 - Start completed.
time=2019-02-18T18:10:04.282+0800`appName=graduation`hostName=localhost`logLevel=INFO `msg=Tomcat started on port(s): 8083 (http) with context path ''
time=2019-02-18T18:10:04.289+0800`appName=graduation`hostName=localhost`logLevel=INFO `msg=Started Graduation1Application in 11.668 seconds (JVM running for 15.276)
time=2019-02-18T18:10:06.513+0800`appName=graduation`hostName=localhost`logLevel=INFO `msg=Starting without optional epoll library
time=2019-02-18T18:10:06.518+0800`appName=graduation`hostName=localhost`logLevel=INFO `msg=Starting without optional kqueue library
time=2019-02-18T18:18:05.285+0800`appName=graduation`hostName=localhost`logLevel=WARN `msg=HikariPool-1 - Thread starvation or clock leap detected (housekeeper delta=6m36s551ms419µs387ns).
time=2019-02-18T18:19:35.972+0800`appName=graduation`hostName=localhost`logLevel=INFO `msg=Starting Graduation1Application on DESKTOP-Q8HC681 with PID 13068 (F:\idea\graduation1\target\classes started by pcdn in F:\idea\graduation1)
time=2019-02-18T18:19:35.987+0800`appName=graduation`hostName=localhost`logLevel=INFO `msg=The following profiles are active: dev
time=2019-02-18T18:19:36.195+0800`appName=graduation`hostName=localhost`logLevel=INFO `msg=Refreshing org.springframework.boot.web.servlet.context.AnnotationConfigServletWebServerApplicationContext@6cbcf243: startup date [Mon Feb 18 18:19:36 CST 2019]; root of context hierarchy
time=2019-02-18T18:19:38.035+0800`appName=graduation`hostName=localhost`logLevel=WARN `msg=No MyBatis mapper was found in '[com.zy.project.mapper]' package. Please check your configuration.
time=2019-02-18T18:19:40.086+0800`appName=graduation`hostName=localhost`logLevel=INFO `msg=Tomcat initialized with port(s): 8083 (http)
time=2019-02-18T18:19:40.696+0800`appName=graduation`hostName=localhost`logLevel=INFO `msg=Servlet dispatcherServlet mapped to [/]
time=2019-02-18T18:19:40.707+0800`appName=graduation`hostName=localhost`logLevel=INFO `msg=Mapping filter: 'characterEncodingFilter' to: [/*]
time=2019-02-18T18:19:40.708+0800`appName=graduation`hostName=localhost`logLevel=INFO `msg=Mapping filter: 'hiddenHttpMethodFilter' to: [/*]
time=2019-02-18T18:19:40.708+0800`appName=graduation`hostName=localhost`logLevel=INFO `msg=Mapping filter: 'httpPutFormContentFilter' to: [/*]
time=2019-02-18T18:19:40.708+0800`appName=graduation`hostName=localhost`logLevel=INFO `msg=Mapping filter: 'requestContextFilter' to: [/*]
time=2019-02-18T18:19:41.498+0800`appName=graduation`hostName=localhost`logLevel=INFO `msg=HikariPool-1 - Starting...
time=2019-02-18T18:19:41.835+0800`appName=graduation`hostName=localhost`logLevel=INFO `msg=HikariPool-1 - Start completed.
time=2019-02-18T18:19:47.275+0800`appName=graduation`hostName=localhost`logLevel=INFO `msg=Tomcat started on port(s): 8083 (http) with context path ''
time=2019-02-18T18:19:47.283+0800`appName=graduation`hostName=localhost`logLevel=INFO `msg=Started Graduation1Application in 12.239 seconds (JVM running for 16.753)
time=2019-02-18T18:19:53.974+0800`appName=graduation`hostName=localhost`logLevel=INFO `msg=Starting without optional epoll library
time=2019-02-18T18:19:53.979+0800`appName=graduation`hostName=localhost`logLevel=INFO `msg=Starting without optional kqueue library
time=2019-02-18T18:21:36.442+0800`appName=graduation`hostName=localhost`logLevel=INFO `msg=Starting Graduation1Application on DESKTOP-Q8HC681 with PID 10344 (F:\idea\graduation1\target\classes started by pcdn in F:\idea\graduation1)
time=2019-02-18T18:21:36.457+0800`appName=graduation`hostName=localhost`logLevel=INFO `msg=The following profiles are active: dev
time=2019-02-18T18:21:36.654+0800`appName=graduation`hostName=localhost`logLevel=INFO `msg=Refreshing org.springframework.boot.web.servlet.context.AnnotationConfigServletWebServerApplicationContext@4fbda97b: startup date [Mon Feb 18 18:21:36 CST 2019]; root of context hierarchy
time=2019-02-18T18:21:37.890+0800`appName=graduation`hostName=localhost`logLevel=WARN `msg=No MyBatis mapper was found in '[com.zy.project.mapper]' package. Please check your configuration.
time=2019-02-18T18:21:39.870+0800`appName=graduation`hostName=localhost`logLevel=INFO `msg=Tomcat initialized with port(s): 8083 (http)
time=2019-02-18T18:21:40.434+0800`appName=graduation`hostName=localhost`logLevel=INFO `msg=Servlet dispatcherServlet mapped to [/]
time=2019-02-18T18:21:40.446+0800`appName=graduation`hostName=localhost`logLevel=INFO `msg=Mapping filter: 'characterEncodingFilter' to: [/*]
time=2019-02-18T18:21:40.447+0800`appName=graduation`hostName=localhost`logLevel=INFO `msg=Mapping filter: 'hiddenHttpMethodFilter' to: [/*]
time=2019-02-18T18:21:40.448+0800`appName=graduation`hostName=localhost`logLevel=INFO `msg=Mapping filter: 'httpPutFormContentFilter' to: [/*]
time=2019-02-18T18:21:40.449+0800`appName=graduation`hostName=localhost`logLevel=INFO `msg=Mapping filter: 'requestContextFilter' to: [/*]
time=2019-02-18T18:21:41.200+0800`appName=graduation`hostName=localhost`logLevel=INFO `msg=HikariPool-1 - Starting...
time=2019-02-18T18:21:41.528+0800`appName=graduation`hostName=localhost`logLevel=INFO `msg=HikariPool-1 - Start completed.
time=2019-02-18T18:21:46.977+0800`appName=graduation`hostName=localhost`logLevel=INFO `msg=Tomcat started on port(s): 8083 (http) with context path ''
time=2019-02-18T18:21:46.986+0800`appName=graduation`hostName=localhost`logLevel=INFO `msg=Started Graduation1Application in 11.357 seconds (JVM running for 15.581)
time=2019-02-18T18:21:47.511+0800`appName=graduation`hostName=localhost`logLevel=INFO `msg=Starting without optional epoll library
time=2019-02-18T18:21:47.518+0800`appName=graduation`hostName=localhost`logLevel=INFO `msg=Starting without optional kqueue library
time=2019-02-18T19:07:58.213+0800`appName=graduation`hostName=localhost`logLevel=WARN `msg=HikariPool-1 - Thread starvation or clock leap detected (housekeeper delta=25m46s568ms193µs845ns).
time=2019-02-18T19:10:55.556+0800`appName=graduation`hostName=localhost`logLevel=INFO `msg=Starting Graduation1Application on DESKTOP-Q8HC681 with PID 3288 (F:\idea\graduation1\target\classes started by pcdn in F:\idea\graduation1)
time=2019-02-18T19:10:55.569+0800`appName=graduation`hostName=localhost`logLevel=INFO `msg=The following profiles are active: dev
time=2019-02-18T19:10:55.765+0800`appName=graduation`hostName=localhost`logLevel=INFO `msg=Refreshing org.springframework.boot.web.servlet.context.AnnotationConfigServletWebServerApplicationContext@4f2c9ba6: startup date [Mon Feb 18 19:10:55 CST 2019]; root of context hierarchy
time=2019-02-18T19:10:57.607+0800`appName=graduation`hostName=localhost`logLevel=WARN `msg=No MyBatis mapper was found in '[com.zy.project.mapper]' package. Please check your configuration.
time=2019-02-18T19:10:59.541+0800`appName=graduation`hostName=localhost`logLevel=INFO `msg=Tomcat initialized with port(s): 8083 (http)
time=2019-02-18T19:11:00.178+0800`appName=graduation`hostName=localhost`logLevel=INFO `msg=Servlet dispatcherServlet mapped to [/]
time=2019-02-18T19:11:00.189+0800`appName=graduation`hostName=localhost`logLevel=INFO `msg=Mapping filter: 'characterEncodingFilter' to: [/*]
time=2019-02-18T19:11:00.190+0800`appName=graduation`hostName=localhost`logLevel=INFO `msg=Mapping filter: 'hiddenHttpMethodFilter' to: [/*]
time=2019-02-18T19:11:00.190+0800`appName=graduation`hostName=localhost`logLevel=INFO `msg=Mapping filter: 'httpPutFormContentFilter' to: [/*]
time=2019-02-18T19:11:00.190+0800`appName=graduation`hostName=localhost`logLevel=INFO `msg=Mapping filter: 'requestContextFilter' to: [/*]
time=2019-02-18T19:11:00.950+0800`appName=graduation`hostName=localhost`logLevel=INFO `msg=HikariPool-1 - Starting...
time=2019-02-18T19:11:01.267+0800`appName=graduation`hostName=localhost`logLevel=INFO `msg=HikariPool-1 - Start completed.
time=2019-02-18T19:11:06.287+0800`appName=graduation`hostName=localhost`logLevel=INFO `msg=Tomcat started on port(s): 8083 (http) with context path ''
time=2019-02-18T19:11:06.298+0800`appName=graduation`hostName=localhost`logLevel=INFO `msg=Started Graduation1Application in 11.609 seconds (JVM running for 16.005)
time=2019-02-18T19:11:17.488+0800`appName=graduation`hostName=localhost`logLevel=INFO `msg=Starting without optional epoll library
time=2019-02-18T19:11:17.497+0800`appName=graduation`hostName=localhost`logLevel=INFO `msg=Starting without optional kqueue library
time=2019-02-18T21:21:41.548+0800`appName=graduation`hostName=localhost`logLevel=WARN `msg=HikariPool-1 - Thread starvation or clock leap detected (housekeeper delta=2h7m10s188ms490µs162ns).
