time=2019-03-13T18:56:31.135+0800`appName=oms`hostName=docker-20`logLevel=DEBUG`==>  Preparing: SELECT operator_id AS operatorId,operator_name AS operatorName,operator_status AS operatorStatus,deleted,mobile,pwd,role_id AS roleId,ctime,utime FROM operator WHERE operator_id=? 
time=2019-03-13T18:56:31.282+0800`appName=oms`hostName=docker-20`logLevel=DEBUG`==> Parameters: 15207312(Long)
time=2019-03-13T18:56:31.420+0800`appName=oms`hostName=docker-20`logLevel=DEBUG`<==      Total: 1
time=2019-03-13T18:56:31.487+0800`appName=oms`hostName=docker-20`logLevel=DEBUG`==>  Preparing: SELECT student_id AS studentId,token,ctime,utime FROM user_web_token WHERE student_id=? 
time=2019-03-13T18:56:31.488+0800`appName=oms`hostName=docker-20`logLevel=DEBUG`==> Parameters: 15207312(Long)
time=2019-03-13T18:56:31.513+0800`appName=oms`hostName=docker-20`logLevel=DEBUG`<==      Total: 1
time=2019-03-13T18:56:31.636+0800`appName=oms`hostName=docker-20`logLevel=DEBUG`==>  Preparing: UPDATE user_web_token SET token=?,utime=? WHERE student_id=? 
time=2019-03-13T18:56:31.638+0800`appName=oms`hostName=docker-20`logLevel=DEBUG`==> Parameters: 4f3a9c37-871c-47df-8164-beae328dd0c3(String), 1552474591634(Long), 15207312(Long)
time=2019-03-13T18:56:31.647+0800`appName=oms`hostName=docker-20`logLevel=DEBUG`<==    Updates: 1
time=2019-03-13T18:56:32.730+0800`appName=oms`hostName=docker-20`logLevel=DEBUG`==>  Preparing: SELECT relation_id AS relationId,operator_id AS operatorId,role_id AS roleId,deleted,ctime,utime FROM operator_role_relation WHERE operator_id = ? 
time=2019-03-13T18:56:32.730+0800`appName=oms`hostName=docker-20`logLevel=DEBUG`==> Parameters: 15207312(Long)
time=2019-03-13T18:56:32.746+0800`appName=oms`hostName=docker-20`logLevel=DEBUG`<==      Total: 1
time=2019-03-13T18:56:32.760+0800`appName=oms`hostName=docker-20`logLevel=DEBUG`==>  Preparing: SELECT relation_id AS relationId,role_id AS roleId,menu_id AS menuId,status,ctime,utime FROM role_menu_relation WHERE role_id = ? 
time=2019-03-13T18:56:32.761+0800`appName=oms`hostName=docker-20`logLevel=DEBUG`==> Parameters: 1(Long)
time=2019-03-13T18:56:32.805+0800`appName=oms`hostName=docker-20`logLevel=DEBUG`<==      Total: 20
time=2019-03-13T18:56:32.829+0800`appName=oms`hostName=docker-20`logLevel=DEBUG`==>  Preparing: SELECT menu_id AS menuId,title,href,icon,status,parent_id,ctime,utime FROM menu WHERE menu_id IN (?,?,?,?,?,?,?,?,?,?,?,?,?,?,?,?,?,?,?,?) 
time=2019-03-13T18:56:32.836+0800`appName=oms`hostName=docker-20`logLevel=DEBUG`==> Parameters: 1(Long), 7(Long), 8(Long), 2(Long), 3(Long), 5(Long), 13(Long), 14(Long), 15(Long), 16(Long), 17(Long), 18(Long), 19(Long), 20(Long), 21(Long), 26(Long), 22(Long), 23(Long), 24(Long), 25(Long)
time=2019-03-13T18:56:32.863+0800`appName=oms`hostName=docker-20`logLevel=DEBUG`<==      Total: 20
time=2019-03-13T18:56:41.414+0800`appName=oms`hostName=docker-20`logLevel=DEBUG`==>  Preparing: SELECT college_id AS collegeId,college_name AS collegeName,operator_id AS operatorId,ctime,utime FROM college 
time=2019-03-13T18:56:41.415+0800`appName=oms`hostName=docker-20`logLevel=DEBUG`==> Parameters: 
time=2019-03-13T18:56:41.421+0800`appName=oms`hostName=docker-20`logLevel=DEBUG`<==      Total: 1
time=2019-03-13T18:56:41.569+0800`appName=oms`hostName=docker-20`logLevel=DEBUG`==>  Preparing: SELECT COUNT(1) FROM class 
time=2019-03-13T18:56:41.570+0800`appName=oms`hostName=docker-20`logLevel=DEBUG`==> Parameters: 
time=2019-03-13T18:56:41.586+0800`appName=oms`hostName=docker-20`logLevel=DEBUG`==>  Preparing: SELECT class_id AS classId,college_id AS collegeId,major_id AS majorId,contractor,head_master AS headMaster,counselor,class_name AS className,ctime,utime FROM class LIMIT 0,10 
time=2019-03-13T18:56:41.586+0800`appName=oms`hostName=docker-20`logLevel=DEBUG`==> Parameters: 
time=2019-03-13T18:56:41.590+0800`appName=oms`hostName=docker-20`logLevel=DEBUG`<==      Total: 1
time=2019-03-13T18:56:41.593+0800`appName=oms`hostName=docker-20`logLevel=DEBUG`==>  Preparing: SELECT college_id AS collegeId,college_name AS collegeName,operator_id AS operatorId,ctime,utime FROM college WHERE college_id IN (?) 
time=2019-03-13T18:56:41.594+0800`appName=oms`hostName=docker-20`logLevel=DEBUG`==> Parameters: 20(Long)
time=2019-03-13T18:56:41.596+0800`appName=oms`hostName=docker-20`logLevel=DEBUG`<==      Total: 1
time=2019-03-13T18:56:41.620+0800`appName=oms`hostName=docker-20`logLevel=DEBUG`==>  Preparing: SELECT major_id AS majorId,major_name AS majorName,operator_id AS operatorId,college_id AS collegeId,ctime,utime FROM major WHERE major_id IN (?) 
time=2019-03-13T18:56:41.621+0800`appName=oms`hostName=docker-20`logLevel=DEBUG`==> Parameters: 7(Long)
time=2019-03-13T18:56:41.633+0800`appName=oms`hostName=docker-20`logLevel=DEBUG`<==      Total: 1
time=2019-03-13T19:01:28.842+0800`appName=oms`hostName=docker-20`logLevel=DEBUG`==>  Preparing: SELECT relation_id AS relationId,operator_id AS operatorId,role_id AS roleId,deleted,ctime,utime FROM operator_role_relation WHERE operator_id = ? 
time=2019-03-13T19:01:28.891+0800`appName=oms`hostName=docker-20`logLevel=DEBUG`==> Parameters: 15207312(Long)
time=2019-03-13T19:01:28.920+0800`appName=oms`hostName=docker-20`logLevel=DEBUG`<==      Total: 1
time=2019-03-13T19:01:28.936+0800`appName=oms`hostName=docker-20`logLevel=DEBUG`==>  Preparing: SELECT relation_id AS relationId,role_id AS roleId,menu_id AS menuId,status,ctime,utime FROM role_menu_relation WHERE role_id = ? 
time=2019-03-13T19:01:28.937+0800`appName=oms`hostName=docker-20`logLevel=DEBUG`==> Parameters: 1(Long)
time=2019-03-13T19:01:28.947+0800`appName=oms`hostName=docker-20`logLevel=DEBUG`<==      Total: 20
time=2019-03-13T19:01:28.969+0800`appName=oms`hostName=docker-20`logLevel=DEBUG`==>  Preparing: SELECT menu_id AS menuId,title,href,icon,status,parent_id,ctime,utime FROM menu WHERE menu_id IN (?,?,?,?,?,?,?,?,?,?,?,?,?,?,?,?,?,?,?,?) 
time=2019-03-13T19:01:28.972+0800`appName=oms`hostName=docker-20`logLevel=DEBUG`==> Parameters: 1(Long), 7(Long), 8(Long), 2(Long), 3(Long), 5(Long), 13(Long), 14(Long), 15(Long), 16(Long), 17(Long), 18(Long), 19(Long), 20(Long), 21(Long), 26(Long), 22(Long), 23(Long), 24(Long), 25(Long)
time=2019-03-13T19:01:28.985+0800`appName=oms`hostName=docker-20`logLevel=DEBUG`<==      Total: 20
time=2019-03-13T19:01:29.513+0800`appName=oms`hostName=docker-20`logLevel=DEBUG`==>  Preparing: SELECT college_id AS collegeId,college_name AS collegeName,operator_id AS operatorId,ctime,utime FROM college 
time=2019-03-13T19:01:29.513+0800`appName=oms`hostName=docker-20`logLevel=DEBUG`==> Parameters: 
time=2019-03-13T19:01:29.516+0800`appName=oms`hostName=docker-20`logLevel=DEBUG`<==      Total: 1
time=2019-03-13T19:01:29.686+0800`appName=oms`hostName=docker-20`logLevel=DEBUG`==>  Preparing: SELECT COUNT(1) FROM class 
time=2019-03-13T19:01:29.687+0800`appName=oms`hostName=docker-20`logLevel=DEBUG`==> Parameters: 
time=2019-03-13T19:01:29.693+0800`appName=oms`hostName=docker-20`logLevel=DEBUG`==>  Preparing: SELECT class_id AS classId,college_id AS collegeId,major_id AS majorId,contractor,head_master AS headMaster,counselor,class_name AS className,ctime,utime FROM class LIMIT 0,10 
time=2019-03-13T19:01:29.694+0800`appName=oms`hostName=docker-20`logLevel=DEBUG`==> Parameters: 
time=2019-03-13T19:01:29.697+0800`appName=oms`hostName=docker-20`logLevel=DEBUG`<==      Total: 1
time=2019-03-13T19:01:29.700+0800`appName=oms`hostName=docker-20`logLevel=DEBUG`==>  Preparing: SELECT college_id AS collegeId,college_name AS collegeName,operator_id AS operatorId,ctime,utime FROM college WHERE college_id IN (?) 
time=2019-03-13T19:01:29.701+0800`appName=oms`hostName=docker-20`logLevel=DEBUG`==> Parameters: 20(Long)
time=2019-03-13T19:01:29.702+0800`appName=oms`hostName=docker-20`logLevel=DEBUG`<==      Total: 1
time=2019-03-13T19:01:29.719+0800`appName=oms`hostName=docker-20`logLevel=DEBUG`==>  Preparing: SELECT major_id AS majorId,major_name AS majorName,operator_id AS operatorId,college_id AS collegeId,ctime,utime FROM major WHERE major_id IN (?) 
time=2019-03-13T19:01:29.719+0800`appName=oms`hostName=docker-20`logLevel=DEBUG`==> Parameters: 7(Long)
time=2019-03-13T19:01:29.744+0800`appName=oms`hostName=docker-20`logLevel=DEBUG`<==      Total: 1
time=2019-03-13T19:10:41.928+0800`appName=oms`hostName=docker-20`logLevel=DEBUG`==>  Preparing: SELECT relation_id AS relationId,operator_id AS operatorId,role_id AS roleId,deleted,ctime,utime FROM operator_role_relation WHERE operator_id = ? 
time=2019-03-13T19:10:41.990+0800`appName=oms`hostName=docker-20`logLevel=DEBUG`==> Parameters: 15207312(Long)
time=2019-03-13T19:10:42.014+0800`appName=oms`hostName=docker-20`logLevel=DEBUG`<==      Total: 1
time=2019-03-13T19:10:42.027+0800`appName=oms`hostName=docker-20`logLevel=DEBUG`==>  Preparing: SELECT relation_id AS relationId,role_id AS roleId,menu_id AS menuId,status,ctime,utime FROM role_menu_relation WHERE role_id = ? 
time=2019-03-13T19:10:42.028+0800`appName=oms`hostName=docker-20`logLevel=DEBUG`==> Parameters: 1(Long)
time=2019-03-13T19:10:42.038+0800`appName=oms`hostName=docker-20`logLevel=DEBUG`<==      Total: 20
time=2019-03-13T19:10:42.057+0800`appName=oms`hostName=docker-20`logLevel=DEBUG`==>  Preparing: SELECT menu_id AS menuId,title,href,icon,status,parent_id,ctime,utime FROM menu WHERE menu_id IN (?,?,?,?,?,?,?,?,?,?,?,?,?,?,?,?,?,?,?,?) 
time=2019-03-13T19:10:42.059+0800`appName=oms`hostName=docker-20`logLevel=DEBUG`==> Parameters: 1(Long), 7(Long), 8(Long), 2(Long), 3(Long), 5(Long), 13(Long), 14(Long), 15(Long), 16(Long), 17(Long), 18(Long), 19(Long), 20(Long), 21(Long), 26(Long), 22(Long), 23(Long), 24(Long), 25(Long)
time=2019-03-13T19:10:42.070+0800`appName=oms`hostName=docker-20`logLevel=DEBUG`<==      Total: 20
time=2019-03-13T19:11:04.093+0800`appName=oms`hostName=docker-20`logLevel=DEBUG`==>  Preparing: SELECT operator_id AS operatorId,operator_name AS operatorName,operator_status AS operatorStatus,deleted,mobile,pwd,role_id AS roleId,ctime,utime FROM operator WHERE operator_id=? 
time=2019-03-13T19:11:04.094+0800`appName=oms`hostName=docker-20`logLevel=DEBUG`==> Parameters: 15207312(Long)
time=2019-03-13T19:11:04.096+0800`appName=oms`hostName=docker-20`logLevel=DEBUG`<==      Total: 1
time=2019-03-13T19:11:04.119+0800`appName=oms`hostName=docker-20`logLevel=DEBUG`==>  Preparing: SELECT student_id AS studentId,token,ctime,utime FROM user_web_token WHERE student_id=? 
time=2019-03-13T19:11:04.120+0800`appName=oms`hostName=docker-20`logLevel=DEBUG`==> Parameters: 15207312(Long)
time=2019-03-13T19:11:04.124+0800`appName=oms`hostName=docker-20`logLevel=DEBUG`<==      Total: 1
time=2019-03-13T19:11:04.167+0800`appName=oms`hostName=docker-20`logLevel=DEBUG`==>  Preparing: UPDATE user_web_token SET token=?,utime=? WHERE student_id=? 
time=2019-03-13T19:11:04.169+0800`appName=oms`hostName=docker-20`logLevel=DEBUG`==> Parameters: 213dedfc-a5ec-461e-bb6a-2bfb5002eec8(String), 1552475464166(Long), 15207312(Long)
time=2019-03-13T19:11:04.173+0800`appName=oms`hostName=docker-20`logLevel=DEBUG`<==    Updates: 1
time=2019-03-13T19:11:04.668+0800`appName=oms`hostName=docker-20`logLevel=DEBUG`==>  Preparing: SELECT relation_id AS relationId,operator_id AS operatorId,role_id AS roleId,deleted,ctime,utime FROM operator_role_relation WHERE operator_id = ? 
time=2019-03-13T19:11:04.669+0800`appName=oms`hostName=docker-20`logLevel=DEBUG`==> Parameters: 15207312(Long)
time=2019-03-13T19:11:04.672+0800`appName=oms`hostName=docker-20`logLevel=DEBUG`<==      Total: 1
time=2019-03-13T19:11:04.674+0800`appName=oms`hostName=docker-20`logLevel=DEBUG`==>  Preparing: SELECT relation_id AS relationId,role_id AS roleId,menu_id AS menuId,status,ctime,utime FROM role_menu_relation WHERE role_id = ? 
time=2019-03-13T19:11:04.675+0800`appName=oms`hostName=docker-20`logLevel=DEBUG`==> Parameters: 1(Long)
time=2019-03-13T19:11:04.681+0800`appName=oms`hostName=docker-20`logLevel=DEBUG`<==      Total: 20
time=2019-03-13T19:11:04.686+0800`appName=oms`hostName=docker-20`logLevel=DEBUG`==>  Preparing: SELECT menu_id AS menuId,title,href,icon,status,parent_id,ctime,utime FROM menu WHERE menu_id IN (?,?,?,?,?,?,?,?,?,?,?,?,?,?,?,?,?,?,?,?) 
time=2019-03-13T19:11:04.688+0800`appName=oms`hostName=docker-20`logLevel=DEBUG`==> Parameters: 1(Long), 7(Long), 8(Long), 2(Long), 3(Long), 5(Long), 13(Long), 14(Long), 15(Long), 16(Long), 17(Long), 18(Long), 19(Long), 20(Long), 21(Long), 26(Long), 22(Long), 23(Long), 24(Long), 25(Long)
time=2019-03-13T19:11:04.706+0800`appName=oms`hostName=docker-20`logLevel=DEBUG`<==      Total: 20
time=2019-03-13T19:11:07.832+0800`appName=oms`hostName=docker-20`logLevel=DEBUG`==>  Preparing: SELECT COUNT(1) FROM class 
time=2019-03-13T19:11:07.833+0800`appName=oms`hostName=docker-20`logLevel=DEBUG`==> Parameters: 
time=2019-03-13T19:11:07.839+0800`appName=oms`hostName=docker-20`logLevel=DEBUG`==>  Preparing: SELECT class_id AS classId,college_id AS collegeId,major_id AS majorId,contractor,head_master AS headMaster,counselor,class_name AS className,ctime,utime FROM class LIMIT 0,10 
time=2019-03-13T19:11:07.839+0800`appName=oms`hostName=docker-20`logLevel=DEBUG`==> Parameters: 
time=2019-03-13T19:11:07.841+0800`appName=oms`hostName=docker-20`logLevel=DEBUG`<==      Total: 1
time=2019-03-13T19:11:07.853+0800`appName=oms`hostName=docker-20`logLevel=DEBUG`==>  Preparing: SELECT college_id AS collegeId,college_name AS collegeName,operator_id AS operatorId,ctime,utime FROM college WHERE college_id IN (?) 
time=2019-03-13T19:11:07.854+0800`appName=oms`hostName=docker-20`logLevel=DEBUG`==> Parameters: 20(Long)
time=2019-03-13T19:11:07.855+0800`appName=oms`hostName=docker-20`logLevel=DEBUG`<==      Total: 1
time=2019-03-13T19:11:07.875+0800`appName=oms`hostName=docker-20`logLevel=DEBUG`==>  Preparing: SELECT major_id AS majorId,major_name AS majorName,operator_id AS operatorId,college_id AS collegeId,ctime,utime FROM major WHERE major_id IN (?) 
time=2019-03-13T19:11:07.875+0800`appName=oms`hostName=docker-20`logLevel=DEBUG`==> Parameters: 7(Long)
time=2019-03-13T19:11:07.877+0800`appName=oms`hostName=docker-20`logLevel=DEBUG`<==      Total: 1
time=2019-03-13T20:25:36.105+0800`appName=oms`hostName=docker-20`logLevel=DEBUG`==>  Preparing: SELECT relation_id AS relationId,operator_id AS operatorId,role_id AS roleId,deleted,ctime,utime FROM operator_role_relation WHERE operator_id = ? 
time=2019-03-13T20:25:36.193+0800`appName=oms`hostName=docker-20`logLevel=DEBUG`==> Parameters: 15207312(Long)
time=2019-03-13T20:25:36.269+0800`appName=oms`hostName=docker-20`logLevel=DEBUG`<==      Total: 1
time=2019-03-13T20:25:36.312+0800`appName=oms`hostName=docker-20`logLevel=DEBUG`==>  Preparing: SELECT relation_id AS relationId,role_id AS roleId,menu_id AS menuId,status,ctime,utime FROM role_menu_relation WHERE role_id = ? 
time=2019-03-13T20:25:36.313+0800`appName=oms`hostName=docker-20`logLevel=DEBUG`==> Parameters: 1(Long)
time=2019-03-13T20:25:36.382+0800`appName=oms`hostName=docker-20`logLevel=DEBUG`<==      Total: 20
time=2019-03-13T20:25:36.454+0800`appName=oms`hostName=docker-20`logLevel=DEBUG`==>  Preparing: SELECT menu_id AS menuId,title,href,icon,status,parent_id,ctime,utime FROM menu WHERE menu_id IN (?,?,?,?,?,?,?,?,?,?,?,?,?,?,?,?,?,?,?,?) 
time=2019-03-13T20:25:36.460+0800`appName=oms`hostName=docker-20`logLevel=DEBUG`==> Parameters: 1(Long), 7(Long), 8(Long), 2(Long), 3(Long), 5(Long), 13(Long), 14(Long), 15(Long), 16(Long), 17(Long), 18(Long), 19(Long), 20(Long), 21(Long), 26(Long), 22(Long), 23(Long), 24(Long), 25(Long)
time=2019-03-13T20:25:36.478+0800`appName=oms`hostName=docker-20`logLevel=DEBUG`<==      Total: 20
time=2019-03-13T20:25:39.747+0800`appName=oms`hostName=docker-20`logLevel=DEBUG`==>  Preparing: SELECT operator_id AS operatorId,operator_name AS operatorName,operator_status AS operatorStatus,deleted,mobile,pwd,role_id AS roleId,ctime,utime FROM operator WHERE operator_id=? 
time=2019-03-13T20:25:39.748+0800`appName=oms`hostName=docker-20`logLevel=DEBUG`==> Parameters: 15207312(Long)
time=2019-03-13T20:25:39.756+0800`appName=oms`hostName=docker-20`logLevel=DEBUG`<==      Total: 1
time=2019-03-13T20:25:39.793+0800`appName=oms`hostName=docker-20`logLevel=DEBUG`==>  Preparing: SELECT student_id AS studentId,token,ctime,utime FROM user_web_token WHERE student_id=? 
time=2019-03-13T20:25:39.810+0800`appName=oms`hostName=docker-20`logLevel=DEBUG`==> Parameters: 15207312(Long)
time=2019-03-13T20:25:39.818+0800`appName=oms`hostName=docker-20`logLevel=DEBUG`<==      Total: 1
time=2019-03-13T20:25:39.876+0800`appName=oms`hostName=docker-20`logLevel=DEBUG`==>  Preparing: UPDATE user_web_token SET token=?,utime=? WHERE student_id=? 
time=2019-03-13T20:25:39.877+0800`appName=oms`hostName=docker-20`logLevel=DEBUG`==> Parameters: d5cf4963-08a5-4312-a639-a81ecfe2d9eb(String), 1552479939875(Long), 15207312(Long)
time=2019-03-13T20:25:39.884+0800`appName=oms`hostName=docker-20`logLevel=DEBUG`<==    Updates: 1
time=2019-03-13T20:25:40.143+0800`appName=oms`hostName=docker-20`logLevel=DEBUG`==>  Preparing: SELECT relation_id AS relationId,operator_id AS operatorId,role_id AS roleId,deleted,ctime,utime FROM operator_role_relation WHERE operator_id = ? 
time=2019-03-13T20:25:40.145+0800`appName=oms`hostName=docker-20`logLevel=DEBUG`==> Parameters: 15207312(Long)
time=2019-03-13T20:25:40.147+0800`appName=oms`hostName=docker-20`logLevel=DEBUG`<==      Total: 1
time=2019-03-13T20:25:40.148+0800`appName=oms`hostName=docker-20`logLevel=DEBUG`==>  Preparing: SELECT relation_id AS relationId,role_id AS roleId,menu_id AS menuId,status,ctime,utime FROM role_menu_relation WHERE role_id = ? 
time=2019-03-13T20:25:40.150+0800`appName=oms`hostName=docker-20`logLevel=DEBUG`==> Parameters: 1(Long)
time=2019-03-13T20:25:40.154+0800`appName=oms`hostName=docker-20`logLevel=DEBUG`<==      Total: 20
time=2019-03-13T20:25:40.159+0800`appName=oms`hostName=docker-20`logLevel=DEBUG`==>  Preparing: SELECT menu_id AS menuId,title,href,icon,status,parent_id,ctime,utime FROM menu WHERE menu_id IN (?,?,?,?,?,?,?,?,?,?,?,?,?,?,?,?,?,?,?,?) 
time=2019-03-13T20:25:40.161+0800`appName=oms`hostName=docker-20`logLevel=DEBUG`==> Parameters: 1(Long), 7(Long), 8(Long), 2(Long), 3(Long), 5(Long), 13(Long), 14(Long), 15(Long), 16(Long), 17(Long), 18(Long), 19(Long), 20(Long), 21(Long), 26(Long), 22(Long), 23(Long), 24(Long), 25(Long)
time=2019-03-13T20:25:40.165+0800`appName=oms`hostName=docker-20`logLevel=DEBUG`<==      Total: 20
time=2019-03-13T20:25:40.691+0800`appName=oms`hostName=docker-20`logLevel=DEBUG`==>  Preparing: SELECT COUNT(1) FROM college WHERE college_name LIKE ? AND operator_id = ? 
time=2019-03-13T20:25:40.692+0800`appName=oms`hostName=docker-20`logLevel=DEBUG`==> Parameters: %null%(String), 15207312(Long)
time=2019-03-13T20:25:40.699+0800`appName=oms`hostName=docker-20`logLevel=DEBUG`==>  Preparing: SELECT college_id AS collegeId,college_name AS collegeName,operator_id AS operatorId,ctime,utime FROM college WHERE college_name LIKE ? AND operator_id = ? 
time=2019-03-13T20:25:40.700+0800`appName=oms`hostName=docker-20`logLevel=DEBUG`==> Parameters: %null%(String), 15207312(Long)
time=2019-03-13T20:25:40.702+0800`appName=oms`hostName=docker-20`logLevel=DEBUG`<==      Total: 0
time=2019-03-13T20:26:09.636+0800`appName=oms`hostName=docker-20`logLevel=DEBUG`==>  Preparing: SELECT relation_id AS relationId,operator_id AS operatorId,role_id AS roleId,deleted,ctime,utime FROM operator_role_relation WHERE operator_id = ? 
time=2019-03-13T20:26:09.637+0800`appName=oms`hostName=docker-20`logLevel=DEBUG`==> Parameters: 15207312(Long)
time=2019-03-13T20:26:09.640+0800`appName=oms`hostName=docker-20`logLevel=DEBUG`<==      Total: 1
time=2019-03-13T20:26:09.642+0800`appName=oms`hostName=docker-20`logLevel=DEBUG`==>  Preparing: SELECT relation_id AS relationId,role_id AS roleId,menu_id AS menuId,status,ctime,utime FROM role_menu_relation WHERE role_id = ? 
time=2019-03-13T20:26:09.643+0800`appName=oms`hostName=docker-20`logLevel=DEBUG`==> Parameters: 1(Long)
time=2019-03-13T20:26:09.647+0800`appName=oms`hostName=docker-20`logLevel=DEBUG`<==      Total: 20
time=2019-03-13T20:26:09.652+0800`appName=oms`hostName=docker-20`logLevel=DEBUG`==>  Preparing: SELECT menu_id AS menuId,title,href,icon,status,parent_id,ctime,utime FROM menu WHERE menu_id IN (?,?,?,?,?,?,?,?,?,?,?,?,?,?,?,?,?,?,?,?) 
time=2019-03-13T20:26:09.654+0800`appName=oms`hostName=docker-20`logLevel=DEBUG`==> Parameters: 1(Long), 7(Long), 8(Long), 2(Long), 3(Long), 5(Long), 13(Long), 14(Long), 15(Long), 16(Long), 17(Long), 18(Long), 19(Long), 20(Long), 21(Long), 26(Long), 22(Long), 23(Long), 24(Long), 25(Long)
time=2019-03-13T20:26:09.661+0800`appName=oms`hostName=docker-20`logLevel=DEBUG`<==      Total: 20
time=2019-03-13T20:26:34.077+0800`appName=oms`hostName=docker-20`logLevel=DEBUG`==>  Preparing: SELECT COUNT(1) FROM college WHERE college_name LIKE ? AND operator_id = ? 
time=2019-03-13T20:26:34.078+0800`appName=oms`hostName=docker-20`logLevel=DEBUG`==> Parameters: %null%(String), 15207312(Long)
time=2019-03-13T20:26:34.080+0800`appName=oms`hostName=docker-20`logLevel=DEBUG`==>  Preparing: SELECT college_id AS collegeId,college_name AS collegeName,operator_id AS operatorId,ctime,utime FROM college WHERE college_name LIKE ? AND operator_id = ? 
time=2019-03-13T20:26:34.081+0800`appName=oms`hostName=docker-20`logLevel=DEBUG`==> Parameters: %null%(String), 15207312(Long)
time=2019-03-13T20:26:34.083+0800`appName=oms`hostName=docker-20`logLevel=DEBUG`<==      Total: 0
time=2019-03-13T20:27:40.970+0800`appName=oms`hostName=docker-20`logLevel=DEBUG`==>  Preparing: SELECT relation_id AS relationId,operator_id AS operatorId,role_id AS roleId,deleted,ctime,utime FROM operator_role_relation WHERE operator_id = ? 
time=2019-03-13T20:27:41.032+0800`appName=oms`hostName=docker-20`logLevel=DEBUG`==> Parameters: 15207312(Long)
time=2019-03-13T20:27:41.058+0800`appName=oms`hostName=docker-20`logLevel=DEBUG`<==      Total: 1
time=2019-03-13T20:27:41.123+0800`appName=oms`hostName=docker-20`logLevel=DEBUG`==>  Preparing: SELECT relation_id AS relationId,role_id AS roleId,menu_id AS menuId,status,ctime,utime FROM role_menu_relation WHERE role_id = ? 
time=2019-03-13T20:27:41.124+0800`appName=oms`hostName=docker-20`logLevel=DEBUG`==> Parameters: 1(Long)
time=2019-03-13T20:27:41.133+0800`appName=oms`hostName=docker-20`logLevel=DEBUG`<==      Total: 20
time=2019-03-13T20:27:41.153+0800`appName=oms`hostName=docker-20`logLevel=DEBUG`==>  Preparing: SELECT menu_id AS menuId,title,href,icon,status,parent_id,ctime,utime FROM menu WHERE menu_id IN (?,?,?,?,?,?,?,?,?,?,?,?,?,?,?,?,?,?,?,?) 
time=2019-03-13T20:27:41.156+0800`appName=oms`hostName=docker-20`logLevel=DEBUG`==> Parameters: 1(Long), 7(Long), 8(Long), 2(Long), 3(Long), 5(Long), 13(Long), 14(Long), 15(Long), 16(Long), 17(Long), 18(Long), 19(Long), 20(Long), 21(Long), 26(Long), 22(Long), 23(Long), 24(Long), 25(Long)
time=2019-03-13T20:27:41.165+0800`appName=oms`hostName=docker-20`logLevel=DEBUG`<==      Total: 20
time=2019-03-13T20:27:47.477+0800`appName=oms`hostName=docker-20`logLevel=DEBUG`==>  Preparing: SELECT COUNT(1) FROM college WHERE operator_id = ? 
time=2019-03-13T20:27:47.477+0800`appName=oms`hostName=docker-20`logLevel=DEBUG`==> Parameters: 15207312(Long)
time=2019-03-13T20:27:47.484+0800`appName=oms`hostName=docker-20`logLevel=DEBUG`==>  Preparing: SELECT college_id AS collegeId,college_name AS collegeName,operator_id AS operatorId,ctime,utime FROM college WHERE operator_id = ? LIMIT 0,20 
time=2019-03-13T20:27:47.485+0800`appName=oms`hostName=docker-20`logLevel=DEBUG`==> Parameters: 15207312(Long)
time=2019-03-13T20:27:47.488+0800`appName=oms`hostName=docker-20`logLevel=DEBUG`<==      Total: 1
time=2019-03-13T20:27:47.493+0800`appName=oms`hostName=docker-20`logLevel=DEBUG`==>  Preparing: SELECT operator_id AS operatorId,operator_name AS operatorName,operator_status AS operatorStatus,deleted,mobile,pwd,role_id AS roleId,ctime,utime FROM operator WHERE operator_id IN (?) 
time=2019-03-13T20:27:47.494+0800`appName=oms`hostName=docker-20`logLevel=DEBUG`==> Parameters: 15207312(Long)
time=2019-03-13T20:27:47.496+0800`appName=oms`hostName=docker-20`logLevel=DEBUG`<==      Total: 1
time=2019-03-13T20:28:05.265+0800`appName=oms`hostName=docker-20`logLevel=DEBUG`==>  Preparing: SELECT COUNT(1) FROM operator 
time=2019-03-13T20:28:05.266+0800`appName=oms`hostName=docker-20`logLevel=DEBUG`==> Parameters: 
time=2019-03-13T20:28:05.268+0800`appName=oms`hostName=docker-20`logLevel=DEBUG`==>  Preparing: SELECT operator_id AS operatorId,operator_name AS operatorName,operator_status AS operatorStatus,deleted,mobile,pwd,role_id AS roleId,ctime,utime FROM operator LIMIT 0,10 
time=2019-03-13T20:28:05.268+0800`appName=oms`hostName=docker-20`logLevel=DEBUG`==> Parameters: 
time=2019-03-13T20:28:05.271+0800`appName=oms`hostName=docker-20`logLevel=DEBUG`<==      Total: 2
time=2019-03-13T20:28:05.275+0800`appName=oms`hostName=docker-20`logLevel=DEBUG`==>  Preparing: SELECT role_id AS roleId,role_name AS roleName,remark,deleted,ctime,utime FROM role 
time=2019-03-13T20:28:05.276+0800`appName=oms`hostName=docker-20`logLevel=DEBUG`==> Parameters: 
time=2019-03-13T20:28:05.279+0800`appName=oms`hostName=docker-20`logLevel=DEBUG`==>  Preparing: SELECT role_id AS roleId,role_name AS roleName,remark,deleted,ctime,utime FROM role WHERE role_id IN (?,?) 
time=2019-03-13T20:28:05.281+0800`appName=oms`hostName=docker-20`logLevel=DEBUG`==> Parameters: 17(Long), 1(Long)
time=2019-03-13T20:28:05.286+0800`appName=oms`hostName=docker-20`logLevel=DEBUG`<==      Total: 5
time=2019-03-13T20:28:05.288+0800`appName=oms`hostName=docker-20`logLevel=DEBUG`<==      Total: 2
time=2019-03-13T20:28:35.251+0800`appName=oms`hostName=docker-20`logLevel=DEBUG`==>  Preparing: SELECT relation_id AS relationId,operator_id AS operatorId,role_id AS roleId,deleted,ctime,utime FROM operator_role_relation WHERE operator_id = ? 
time=2019-03-13T20:28:35.254+0800`appName=oms`hostName=docker-20`logLevel=DEBUG`==> Parameters: 15207312(Long)
time=2019-03-13T20:28:35.257+0800`appName=oms`hostName=docker-20`logLevel=DEBUG`<==      Total: 1
time=2019-03-13T20:28:35.258+0800`appName=oms`hostName=docker-20`logLevel=DEBUG`==>  Preparing: SELECT relation_id AS relationId,role_id AS roleId,menu_id AS menuId,status,ctime,utime FROM role_menu_relation WHERE role_id = ? 
time=2019-03-13T20:28:35.259+0800`appName=oms`hostName=docker-20`logLevel=DEBUG`==> Parameters: 1(Long)
time=2019-03-13T20:28:35.262+0800`appName=oms`hostName=docker-20`logLevel=DEBUG`<==      Total: 20
time=2019-03-13T20:28:35.266+0800`appName=oms`hostName=docker-20`logLevel=DEBUG`==>  Preparing: SELECT menu_id AS menuId,title,href,icon,status,parent_id,ctime,utime FROM menu WHERE menu_id IN (?,?,?,?,?,?,?,?,?,?,?,?,?,?,?,?,?,?,?,?) 
time=2019-03-13T20:28:35.269+0800`appName=oms`hostName=docker-20`logLevel=DEBUG`==> Parameters: 1(Long), 7(Long), 8(Long), 2(Long), 3(Long), 5(Long), 13(Long), 14(Long), 15(Long), 16(Long), 17(Long), 18(Long), 19(Long), 20(Long), 21(Long), 26(Long), 22(Long), 23(Long), 24(Long), 25(Long)
time=2019-03-13T20:28:35.276+0800`appName=oms`hostName=docker-20`logLevel=DEBUG`<==      Total: 20
time=2019-03-13T20:28:45.083+0800`appName=oms`hostName=docker-20`logLevel=DEBUG`==>  Preparing: SELECT COUNT(1) FROM college WHERE operator_id = ? 
time=2019-03-13T20:28:45.084+0800`appName=oms`hostName=docker-20`logLevel=DEBUG`==> Parameters: 15207312(Long)
time=2019-03-13T20:28:45.087+0800`appName=oms`hostName=docker-20`logLevel=DEBUG`==>  Preparing: SELECT college_id AS collegeId,college_name AS collegeName,operator_id AS operatorId,ctime,utime FROM college WHERE operator_id = ? LIMIT 0,20 
time=2019-03-13T20:28:45.088+0800`appName=oms`hostName=docker-20`logLevel=DEBUG`==> Parameters: 15207312(Long)
time=2019-03-13T20:28:45.089+0800`appName=oms`hostName=docker-20`logLevel=DEBUG`<==      Total: 1
time=2019-03-13T20:28:45.092+0800`appName=oms`hostName=docker-20`logLevel=DEBUG`==>  Preparing: SELECT operator_id AS operatorId,operator_name AS operatorName,operator_status AS operatorStatus,deleted,mobile,pwd,role_id AS roleId,ctime,utime FROM operator WHERE operator_id IN (?) 
time=2019-03-13T20:28:45.093+0800`appName=oms`hostName=docker-20`logLevel=DEBUG`==> Parameters: 15207312(Long)
time=2019-03-13T20:28:45.096+0800`appName=oms`hostName=docker-20`logLevel=DEBUG`<==      Total: 1
time=2019-03-13T20:53:27.965+0800`appName=oms`hostName=docker-20`logLevel=DEBUG`==>  Preparing: SELECT relation_id AS relationId,operator_id AS operatorId,role_id AS roleId,deleted,ctime,utime FROM operator_role_relation WHERE operator_id = ? 
time=2019-03-13T20:53:28.033+0800`appName=oms`hostName=docker-20`logLevel=DEBUG`==> Parameters: 15207312(Long)
time=2019-03-13T20:53:28.065+0800`appName=oms`hostName=docker-20`logLevel=DEBUG`<==      Total: 1
time=2019-03-13T20:53:28.082+0800`appName=oms`hostName=docker-20`logLevel=DEBUG`==>  Preparing: SELECT relation_id AS relationId,role_id AS roleId,menu_id AS menuId,status,ctime,utime FROM role_menu_relation WHERE role_id = ? 
time=2019-03-13T20:53:28.083+0800`appName=oms`hostName=docker-20`logLevel=DEBUG`==> Parameters: 1(Long)
time=2019-03-13T20:53:28.095+0800`appName=oms`hostName=docker-20`logLevel=DEBUG`<==      Total: 20
time=2019-03-13T20:53:28.120+0800`appName=oms`hostName=docker-20`logLevel=DEBUG`==>  Preparing: SELECT menu_id AS menuId,title,href,icon,status,parent_id,ctime,utime FROM menu WHERE menu_id IN (?,?,?,?,?,?,?,?,?,?,?,?,?,?,?,?,?,?,?,?) 
time=2019-03-13T20:53:28.124+0800`appName=oms`hostName=docker-20`logLevel=DEBUG`==> Parameters: 1(Long), 7(Long), 8(Long), 2(Long), 3(Long), 5(Long), 13(Long), 14(Long), 15(Long), 16(Long), 17(Long), 18(Long), 19(Long), 20(Long), 21(Long), 26(Long), 22(Long), 23(Long), 24(Long), 25(Long)
time=2019-03-13T20:53:28.138+0800`appName=oms`hostName=docker-20`logLevel=DEBUG`<==      Total: 20
time=2019-03-13T20:53:32.231+0800`appName=oms`hostName=docker-20`logLevel=DEBUG`==>  Preparing: SELECT COUNT(1) FROM college WHERE operator_id = ? 
time=2019-03-13T20:53:32.233+0800`appName=oms`hostName=docker-20`logLevel=DEBUG`==> Parameters: 15207312(Long)
time=2019-03-13T20:53:32.243+0800`appName=oms`hostName=docker-20`logLevel=DEBUG`==>  Preparing: SELECT college_id AS collegeId,college_name AS collegeName,operator_id AS operatorId,ctime,utime FROM college WHERE operator_id = ? LIMIT 0,20 
time=2019-03-13T20:53:32.245+0800`appName=oms`hostName=docker-20`logLevel=DEBUG`==> Parameters: 15207312(Long)
time=2019-03-13T20:53:32.249+0800`appName=oms`hostName=docker-20`logLevel=DEBUG`<==      Total: 1
time=2019-03-13T20:53:32.258+0800`appName=oms`hostName=docker-20`logLevel=DEBUG`==>  Preparing: SELECT operator_id AS operatorId,operator_name AS operatorName,operator_status AS operatorStatus,deleted,mobile,pwd,role_id AS roleId,ctime,utime FROM operator WHERE operator_id IN (?) 
time=2019-03-13T20:53:32.259+0800`appName=oms`hostName=docker-20`logLevel=DEBUG`==> Parameters: 15207312(Long)
time=2019-03-13T20:53:32.264+0800`appName=oms`hostName=docker-20`logLevel=DEBUG`<==      Total: 1
time=2019-03-13T20:54:03.973+0800`appName=oms`hostName=docker-20`logLevel=DEBUG`==>  Preparing: SELECT operator_id AS operatorId,operator_name AS operatorName,operator_status AS operatorStatus,deleted,mobile,pwd,role_id AS roleId,ctime,utime FROM operator WHERE operator_name = ? 
time=2019-03-13T20:54:03.975+0800`appName=oms`hostName=docker-20`logLevel=DEBUG`==> Parameters: null
time=2019-03-13T20:54:03.977+0800`appName=oms`hostName=docker-20`logLevel=DEBUG`<==      Total: 0
time=2019-03-13T20:55:33.137+0800`appName=oms`hostName=docker-20`logLevel=DEBUG`==>  Preparing: SELECT relation_id AS relationId,operator_id AS operatorId,role_id AS roleId,deleted,ctime,utime FROM operator_role_relation WHERE operator_id = ? 
time=2019-03-13T20:55:33.170+0800`appName=oms`hostName=docker-20`logLevel=DEBUG`==> Parameters: 15207312(Long)
time=2019-03-13T20:55:33.194+0800`appName=oms`hostName=docker-20`logLevel=DEBUG`<==      Total: 1
time=2019-03-13T20:55:33.208+0800`appName=oms`hostName=docker-20`logLevel=DEBUG`==>  Preparing: SELECT relation_id AS relationId,role_id AS roleId,menu_id AS menuId,status,ctime,utime FROM role_menu_relation WHERE role_id = ? 
time=2019-03-13T20:55:33.209+0800`appName=oms`hostName=docker-20`logLevel=DEBUG`==> Parameters: 1(Long)
time=2019-03-13T20:55:33.218+0800`appName=oms`hostName=docker-20`logLevel=DEBUG`<==      Total: 20
time=2019-03-13T20:55:33.237+0800`appName=oms`hostName=docker-20`logLevel=DEBUG`==>  Preparing: SELECT menu_id AS menuId,title,href,icon,status,parent_id,ctime,utime FROM menu WHERE menu_id IN (?,?,?,?,?,?,?,?,?,?,?,?,?,?,?,?,?,?,?,?) 
time=2019-03-13T20:55:33.241+0800`appName=oms`hostName=docker-20`logLevel=DEBUG`==> Parameters: 1(Long), 7(Long), 8(Long), 2(Long), 3(Long), 5(Long), 13(Long), 14(Long), 15(Long), 16(Long), 17(Long), 18(Long), 19(Long), 20(Long), 21(Long), 26(Long), 22(Long), 23(Long), 24(Long), 25(Long)
time=2019-03-13T20:55:33.251+0800`appName=oms`hostName=docker-20`logLevel=DEBUG`<==      Total: 20
time=2019-03-13T20:55:33.828+0800`appName=oms`hostName=docker-20`logLevel=DEBUG`==>  Preparing: SELECT COUNT(1) FROM college WHERE operator_id = ? 
time=2019-03-13T20:55:33.829+0800`appName=oms`hostName=docker-20`logLevel=DEBUG`==> Parameters: 15207312(Long)
time=2019-03-13T20:55:33.835+0800`appName=oms`hostName=docker-20`logLevel=DEBUG`==>  Preparing: SELECT college_id AS collegeId,college_name AS collegeName,operator_id AS operatorId,ctime,utime FROM college WHERE operator_id = ? LIMIT 0,20 
time=2019-03-13T20:55:33.836+0800`appName=oms`hostName=docker-20`logLevel=DEBUG`==> Parameters: 15207312(Long)
time=2019-03-13T20:55:33.839+0800`appName=oms`hostName=docker-20`logLevel=DEBUG`<==      Total: 1
time=2019-03-13T20:55:33.851+0800`appName=oms`hostName=docker-20`logLevel=DEBUG`==>  Preparing: SELECT operator_id AS operatorId,operator_name AS operatorName,operator_status AS operatorStatus,deleted,mobile,pwd,role_id AS roleId,ctime,utime FROM operator WHERE operator_id IN (?) 
time=2019-03-13T20:55:33.852+0800`appName=oms`hostName=docker-20`logLevel=DEBUG`==> Parameters: 15207312(Long)
time=2019-03-13T20:55:33.854+0800`appName=oms`hostName=docker-20`logLevel=DEBUG`<==      Total: 1
time=2019-03-13T20:55:45.532+0800`appName=oms`hostName=docker-20`logLevel=DEBUG`==>  Preparing: SELECT operator_id AS operatorId,operator_name AS operatorName,operator_status AS operatorStatus,deleted,mobile,pwd,role_id AS roleId,ctime,utime FROM operator WHERE operator_name = ? 
time=2019-03-13T20:55:45.533+0800`appName=oms`hostName=docker-20`logLevel=DEBUG`==> Parameters: null
time=2019-03-13T20:55:45.534+0800`appName=oms`hostName=docker-20`logLevel=DEBUG`<==      Total: 0
time=2019-03-13T20:56:33.625+0800`appName=oms`hostName=docker-20`logLevel=DEBUG`==>  Preparing: SELECT operator_id AS operatorId,operator_name AS operatorName,operator_status AS operatorStatus,deleted,mobile,pwd,role_id AS roleId,ctime,utime FROM operator WHERE operator_name = ? 
time=2019-03-13T20:56:33.625+0800`appName=oms`hostName=docker-20`logLevel=DEBUG`==> Parameters: null
time=2019-03-13T20:56:33.627+0800`appName=oms`hostName=docker-20`logLevel=DEBUG`<==      Total: 0
time=2019-03-13T20:57:15.040+0800`appName=oms`hostName=docker-20`logLevel=DEBUG`==>  Preparing: SELECT relation_id AS relationId,operator_id AS operatorId,role_id AS roleId,deleted,ctime,utime FROM operator_role_relation WHERE operator_id = ? 
time=2019-03-13T20:57:15.041+0800`appName=oms`hostName=docker-20`logLevel=DEBUG`==> Parameters: 15207312(Long)
time=2019-03-13T20:57:15.043+0800`appName=oms`hostName=docker-20`logLevel=DEBUG`<==      Total: 1
time=2019-03-13T20:57:15.046+0800`appName=oms`hostName=docker-20`logLevel=DEBUG`==>  Preparing: SELECT relation_id AS relationId,role_id AS roleId,menu_id AS menuId,status,ctime,utime FROM role_menu_relation WHERE role_id = ? 
time=2019-03-13T20:57:15.046+0800`appName=oms`hostName=docker-20`logLevel=DEBUG`==> Parameters: 1(Long)
time=2019-03-13T20:57:15.053+0800`appName=oms`hostName=docker-20`logLevel=DEBUG`<==      Total: 20
time=2019-03-13T20:57:15.057+0800`appName=oms`hostName=docker-20`logLevel=DEBUG`==>  Preparing: SELECT menu_id AS menuId,title,href,icon,status,parent_id,ctime,utime FROM menu WHERE menu_id IN (?,?,?,?,?,?,?,?,?,?,?,?,?,?,?,?,?,?,?,?) 
time=2019-03-13T20:57:15.059+0800`appName=oms`hostName=docker-20`logLevel=DEBUG`==> Parameters: 1(Long), 7(Long), 8(Long), 2(Long), 3(Long), 5(Long), 13(Long), 14(Long), 15(Long), 16(Long), 17(Long), 18(Long), 19(Long), 20(Long), 21(Long), 26(Long), 22(Long), 23(Long), 24(Long), 25(Long)
time=2019-03-13T20:57:15.067+0800`appName=oms`hostName=docker-20`logLevel=DEBUG`<==      Total: 20
time=2019-03-13T20:57:15.396+0800`appName=oms`hostName=docker-20`logLevel=DEBUG`==>  Preparing: SELECT COUNT(1) FROM college WHERE operator_id = ? 
time=2019-03-13T20:57:15.397+0800`appName=oms`hostName=docker-20`logLevel=DEBUG`==> Parameters: 15207312(Long)
time=2019-03-13T20:57:15.399+0800`appName=oms`hostName=docker-20`logLevel=DEBUG`==>  Preparing: SELECT college_id AS collegeId,college_name AS collegeName,operator_id AS operatorId,ctime,utime FROM college WHERE operator_id = ? LIMIT 0,20 
time=2019-03-13T20:57:15.399+0800`appName=oms`hostName=docker-20`logLevel=DEBUG`==> Parameters: 15207312(Long)
time=2019-03-13T20:57:15.402+0800`appName=oms`hostName=docker-20`logLevel=DEBUG`<==      Total: 1
time=2019-03-13T20:57:15.404+0800`appName=oms`hostName=docker-20`logLevel=DEBUG`==>  Preparing: SELECT operator_id AS operatorId,operator_name AS operatorName,operator_status AS operatorStatus,deleted,mobile,pwd,role_id AS roleId,ctime,utime FROM operator WHERE operator_id IN (?) 
time=2019-03-13T20:57:15.404+0800`appName=oms`hostName=docker-20`logLevel=DEBUG`==> Parameters: 15207312(Long)
time=2019-03-13T20:57:15.407+0800`appName=oms`hostName=docker-20`logLevel=DEBUG`<==      Total: 1
time=2019-03-13T20:57:38.180+0800`appName=oms`hostName=docker-20`logLevel=DEBUG`==>  Preparing: SELECT operator_id AS operatorId,operator_name AS operatorName,operator_status AS operatorStatus,deleted,mobile,pwd,role_id AS roleId,ctime,utime FROM operator WHERE operator_name = ? 
time=2019-03-13T20:57:38.181+0800`appName=oms`hostName=docker-20`logLevel=DEBUG`==> Parameters: null
time=2019-03-13T20:57:38.185+0800`appName=oms`hostName=docker-20`logLevel=DEBUG`<==      Total: 0
time=2019-03-13T20:58:07.642+0800`appName=oms`hostName=docker-20`logLevel=DEBUG`==>  Preparing: SELECT relation_id AS relationId,operator_id AS operatorId,role_id AS roleId,deleted,ctime,utime FROM operator_role_relation WHERE operator_id = ? 
time=2019-03-13T20:58:07.682+0800`appName=oms`hostName=docker-20`logLevel=DEBUG`==> Parameters: 15207312(Long)
time=2019-03-13T20:58:07.712+0800`appName=oms`hostName=docker-20`logLevel=DEBUG`<==      Total: 1
time=2019-03-13T20:58:07.726+0800`appName=oms`hostName=docker-20`logLevel=DEBUG`==>  Preparing: SELECT relation_id AS relationId,role_id AS roleId,menu_id AS menuId,status,ctime,utime FROM role_menu_relation WHERE role_id = ? 
time=2019-03-13T20:58:07.727+0800`appName=oms`hostName=docker-20`logLevel=DEBUG`==> Parameters: 1(Long)
time=2019-03-13T20:58:07.738+0800`appName=oms`hostName=docker-20`logLevel=DEBUG`<==      Total: 20
time=2019-03-13T20:58:07.761+0800`appName=oms`hostName=docker-20`logLevel=DEBUG`==>  Preparing: SELECT menu_id AS menuId,title,href,icon,status,parent_id,ctime,utime FROM menu WHERE menu_id IN (?,?,?,?,?,?,?,?,?,?,?,?,?,?,?,?,?,?,?,?) 
time=2019-03-13T20:58:07.765+0800`appName=oms`hostName=docker-20`logLevel=DEBUG`==> Parameters: 1(Long), 7(Long), 8(Long), 2(Long), 3(Long), 5(Long), 13(Long), 14(Long), 15(Long), 16(Long), 17(Long), 18(Long), 19(Long), 20(Long), 21(Long), 26(Long), 22(Long), 23(Long), 24(Long), 25(Long)
time=2019-03-13T20:58:07.775+0800`appName=oms`hostName=docker-20`logLevel=DEBUG`<==      Total: 20
time=2019-03-13T20:58:08.483+0800`appName=oms`hostName=docker-20`logLevel=DEBUG`==>  Preparing: SELECT COUNT(1) FROM college WHERE operator_id = ? 
time=2019-03-13T20:58:08.484+0800`appName=oms`hostName=docker-20`logLevel=DEBUG`==> Parameters: 15207312(Long)
time=2019-03-13T20:58:08.489+0800`appName=oms`hostName=docker-20`logLevel=DEBUG`==>  Preparing: SELECT college_id AS collegeId,college_name AS collegeName,operator_id AS operatorId,ctime,utime FROM college WHERE operator_id = ? LIMIT 0,20 
time=2019-03-13T20:58:08.490+0800`appName=oms`hostName=docker-20`logLevel=DEBUG`==> Parameters: 15207312(Long)
time=2019-03-13T20:58:08.493+0800`appName=oms`hostName=docker-20`logLevel=DEBUG`<==      Total: 1
time=2019-03-13T20:58:08.506+0800`appName=oms`hostName=docker-20`logLevel=DEBUG`==>  Preparing: SELECT operator_id AS operatorId,operator_name AS operatorName,operator_status AS operatorStatus,deleted,mobile,pwd,role_id AS roleId,ctime,utime FROM operator WHERE operator_id IN (?) 
time=2019-03-13T20:58:08.507+0800`appName=oms`hostName=docker-20`logLevel=DEBUG`==> Parameters: 15207312(Long)
time=2019-03-13T20:58:08.509+0800`appName=oms`hostName=docker-20`logLevel=DEBUG`<==      Total: 1
time=2019-03-13T20:59:36.627+0800`appName=oms`hostName=docker-20`logLevel=DEBUG`==>  Preparing: SELECT relation_id AS relationId,operator_id AS operatorId,role_id AS roleId,deleted,ctime,utime FROM operator_role_relation WHERE operator_id = ? 
time=2019-03-13T20:59:36.700+0800`appName=oms`hostName=docker-20`logLevel=DEBUG`==> Parameters: 15207312(Long)
time=2019-03-13T20:59:36.727+0800`appName=oms`hostName=docker-20`logLevel=DEBUG`<==      Total: 1
time=2019-03-13T20:59:36.742+0800`appName=oms`hostName=docker-20`logLevel=DEBUG`==>  Preparing: SELECT relation_id AS relationId,role_id AS roleId,menu_id AS menuId,status,ctime,utime FROM role_menu_relation WHERE role_id = ? 
time=2019-03-13T20:59:36.742+0800`appName=oms`hostName=docker-20`logLevel=DEBUG`==> Parameters: 1(Long)
time=2019-03-13T20:59:36.752+0800`appName=oms`hostName=docker-20`logLevel=DEBUG`<==      Total: 20
time=2019-03-13T20:59:36.772+0800`appName=oms`hostName=docker-20`logLevel=DEBUG`==>  Preparing: SELECT menu_id AS menuId,title,href,icon,status,parent_id,ctime,utime FROM menu WHERE menu_id IN (?,?,?,?,?,?,?,?,?,?,?,?,?,?,?,?,?,?,?,?) 
time=2019-03-13T20:59:36.776+0800`appName=oms`hostName=docker-20`logLevel=DEBUG`==> Parameters: 1(Long), 7(Long), 8(Long), 2(Long), 3(Long), 5(Long), 13(Long), 14(Long), 15(Long), 16(Long), 17(Long), 18(Long), 19(Long), 20(Long), 21(Long), 26(Long), 22(Long), 23(Long), 24(Long), 25(Long)
time=2019-03-13T20:59:36.785+0800`appName=oms`hostName=docker-20`logLevel=DEBUG`<==      Total: 20
time=2019-03-13T20:59:37.511+0800`appName=oms`hostName=docker-20`logLevel=DEBUG`==>  Preparing: SELECT COUNT(1) FROM college WHERE operator_id = ? 
time=2019-03-13T20:59:37.512+0800`appName=oms`hostName=docker-20`logLevel=DEBUG`==> Parameters: 15207312(Long)
time=2019-03-13T20:59:37.518+0800`appName=oms`hostName=docker-20`logLevel=DEBUG`==>  Preparing: SELECT college_id AS collegeId,college_name AS collegeName,operator_id AS operatorId,ctime,utime FROM college WHERE operator_id = ? LIMIT 0,20 
time=2019-03-13T20:59:37.519+0800`appName=oms`hostName=docker-20`logLevel=DEBUG`==> Parameters: 15207312(Long)
time=2019-03-13T20:59:37.522+0800`appName=oms`hostName=docker-20`logLevel=DEBUG`<==      Total: 1
time=2019-03-13T20:59:37.534+0800`appName=oms`hostName=docker-20`logLevel=DEBUG`==>  Preparing: SELECT operator_id AS operatorId,operator_name AS operatorName,operator_status AS operatorStatus,deleted,mobile,pwd,role_id AS roleId,ctime,utime FROM operator WHERE operator_id IN (?) 
time=2019-03-13T20:59:37.534+0800`appName=oms`hostName=docker-20`logLevel=DEBUG`==> Parameters: 15207312(Long)
time=2019-03-13T20:59:37.537+0800`appName=oms`hostName=docker-20`logLevel=DEBUG`<==      Total: 1
time=2019-03-13T21:00:21.709+0800`appName=oms`hostName=docker-20`logLevel=DEBUG`==>  Preparing: SELECT operator_id AS operatorId,operator_name AS operatorName,operator_status AS operatorStatus,deleted,mobile,pwd,role_id AS roleId,ctime,utime FROM operator WHERE operator_id=? 
time=2019-03-13T21:00:21.710+0800`appName=oms`hostName=docker-20`logLevel=DEBUG`==> Parameters: 15207312(Long)
time=2019-03-13T21:00:21.712+0800`appName=oms`hostName=docker-20`logLevel=DEBUG`<==      Total: 1
time=2019-03-13T21:00:21.763+0800`appName=oms`hostName=docker-20`logLevel=DEBUG`==>  Preparing: SELECT student_id AS studentId,token,ctime,utime FROM user_web_token WHERE student_id=? 
time=2019-03-13T21:00:21.764+0800`appName=oms`hostName=docker-20`logLevel=DEBUG`==> Parameters: 15207312(Long)
time=2019-03-13T21:00:21.772+0800`appName=oms`hostName=docker-20`logLevel=DEBUG`<==      Total: 1
time=2019-03-13T21:00:21.811+0800`appName=oms`hostName=docker-20`logLevel=DEBUG`==>  Preparing: UPDATE user_web_token SET token=?,utime=? WHERE student_id=? 
time=2019-03-13T21:00:21.812+0800`appName=oms`hostName=docker-20`logLevel=DEBUG`==> Parameters: 8bc7c871-418e-41f0-af07-0ec34b3978b2(String), 1552482021809(Long), 15207312(Long)
time=2019-03-13T21:00:21.816+0800`appName=oms`hostName=docker-20`logLevel=DEBUG`<==    Updates: 1
time=2019-03-13T21:00:22.389+0800`appName=oms`hostName=docker-20`logLevel=DEBUG`==>  Preparing: SELECT relation_id AS relationId,operator_id AS operatorId,role_id AS roleId,deleted,ctime,utime FROM operator_role_relation WHERE operator_id = ? 
time=2019-03-13T21:00:22.390+0800`appName=oms`hostName=docker-20`logLevel=DEBUG`==> Parameters: 15207312(Long)
time=2019-03-13T21:00:22.392+0800`appName=oms`hostName=docker-20`logLevel=DEBUG`<==      Total: 1
time=2019-03-13T21:00:22.394+0800`appName=oms`hostName=docker-20`logLevel=DEBUG`==>  Preparing: SELECT relation_id AS relationId,role_id AS roleId,menu_id AS menuId,status,ctime,utime FROM role_menu_relation WHERE role_id = ? 
time=2019-03-13T21:00:22.395+0800`appName=oms`hostName=docker-20`logLevel=DEBUG`==> Parameters: 1(Long)
time=2019-03-13T21:00:22.400+0800`appName=oms`hostName=docker-20`logLevel=DEBUG`<==      Total: 20
time=2019-03-13T21:00:22.405+0800`appName=oms`hostName=docker-20`logLevel=DEBUG`==>  Preparing: SELECT menu_id AS menuId,title,href,icon,status,parent_id,ctime,utime FROM menu WHERE menu_id IN (?,?,?,?,?,?,?,?,?,?,?,?,?,?,?,?,?,?,?,?) 
time=2019-03-13T21:00:22.407+0800`appName=oms`hostName=docker-20`logLevel=DEBUG`==> Parameters: 1(Long), 7(Long), 8(Long), 2(Long), 3(Long), 5(Long), 13(Long), 14(Long), 15(Long), 16(Long), 17(Long), 18(Long), 19(Long), 20(Long), 21(Long), 26(Long), 22(Long), 23(Long), 24(Long), 25(Long)
time=2019-03-13T21:00:22.413+0800`appName=oms`hostName=docker-20`logLevel=DEBUG`<==      Total: 20
time=2019-03-13T21:00:26.054+0800`appName=oms`hostName=docker-20`logLevel=DEBUG`==>  Preparing: SELECT COUNT(1) FROM college WHERE operator_id = ? 
time=2019-03-13T21:00:26.055+0800`appName=oms`hostName=docker-20`logLevel=DEBUG`==> Parameters: 15207312(Long)
time=2019-03-13T21:00:26.059+0800`appName=oms`hostName=docker-20`logLevel=DEBUG`==>  Preparing: SELECT college_id AS collegeId,college_name AS collegeName,operator_id AS operatorId,ctime,utime FROM college WHERE operator_id = ? LIMIT 0,20 
time=2019-03-13T21:00:26.059+0800`appName=oms`hostName=docker-20`logLevel=DEBUG`==> Parameters: 15207312(Long)
time=2019-03-13T21:00:26.062+0800`appName=oms`hostName=docker-20`logLevel=DEBUG`<==      Total: 1
time=2019-03-13T21:00:26.064+0800`appName=oms`hostName=docker-20`logLevel=DEBUG`==>  Preparing: SELECT operator_id AS operatorId,operator_name AS operatorName,operator_status AS operatorStatus,deleted,mobile,pwd,role_id AS roleId,ctime,utime FROM operator WHERE operator_id IN (?) 
time=2019-03-13T21:00:26.065+0800`appName=oms`hostName=docker-20`logLevel=DEBUG`==> Parameters: 15207312(Long)
time=2019-03-13T21:00:26.067+0800`appName=oms`hostName=docker-20`logLevel=DEBUG`<==      Total: 1
time=2019-03-13T21:00:41.326+0800`appName=oms`hostName=docker-20`logLevel=DEBUG`==>  Preparing: SELECT operator_id AS operatorId,operator_name AS operatorName,operator_status AS operatorStatus,deleted,mobile,pwd,role_id AS roleId,ctime,utime FROM operator WHERE operator_name = ? 
time=2019-03-13T21:00:41.328+0800`appName=oms`hostName=docker-20`logLevel=DEBUG`==> Parameters: zhaoyu(String)
time=2019-03-13T21:00:41.330+0800`appName=oms`hostName=docker-20`logLevel=DEBUG`<==      Total: 0
time=2019-03-13T21:00:53.352+0800`appName=oms`hostName=docker-20`logLevel=DEBUG`==>  Preparing: SELECT operator_id AS operatorId,operator_name AS operatorName,operator_status AS operatorStatus,deleted,mobile,pwd,role_id AS roleId,ctime,utime FROM operator WHERE operator_name = ? 
time=2019-03-13T21:00:53.352+0800`appName=oms`hostName=docker-20`logLevel=DEBUG`==> Parameters: zy(String)
time=2019-03-13T21:00:53.355+0800`appName=oms`hostName=docker-20`logLevel=DEBUG`<==      Total: 1
time=2019-03-13T21:00:53.358+0800`appName=oms`hostName=docker-20`logLevel=DEBUG`==>  Preparing: SELECT college_id AS collegeId,college_name AS collegeName,operator_id AS operatorId,ctime,utime FROM college WHERE college_name = ? AND college_id <> ? 
time=2019-03-13T21:00:53.359+0800`appName=oms`hostName=docker-20`logLevel=DEBUG`==> Parameters: 软件学院(String), 21(Long)
time=2019-03-13T21:00:53.364+0800`appName=oms`hostName=docker-20`logLevel=DEBUG`<==      Total: 1
time=2019-03-13T21:01:08.608+0800`appName=oms`hostName=docker-20`logLevel=DEBUG`==>  Preparing: SELECT operator_id AS operatorId,operator_name AS operatorName,operator_status AS operatorStatus,deleted,mobile,pwd,role_id AS roleId,ctime,utime FROM operator WHERE operator_name = ? 
time=2019-03-13T21:01:08.609+0800`appName=oms`hostName=docker-20`logLevel=DEBUG`==> Parameters: zy(String)
time=2019-03-13T21:01:08.613+0800`appName=oms`hostName=docker-20`logLevel=DEBUG`<==      Total: 1
time=2019-03-13T21:01:08.615+0800`appName=oms`hostName=docker-20`logLevel=DEBUG`==>  Preparing: SELECT college_id AS collegeId,college_name AS collegeName,operator_id AS operatorId,ctime,utime FROM college WHERE college_name = ? AND college_id <> ? 
time=2019-03-13T21:01:08.616+0800`appName=oms`hostName=docker-20`logLevel=DEBUG`==> Parameters: 信工学院(String), 21(Long)
time=2019-03-13T21:01:08.618+0800`appName=oms`hostName=docker-20`logLevel=DEBUG`<==      Total: 0
time=2019-03-13T21:01:08.621+0800`appName=oms`hostName=docker-20`logLevel=DEBUG`==>  Preparing: UPDATE college SET college_name=?,operator_id=?,utime=? WHERE college_id=? 
time=2019-03-13T21:01:08.622+0800`appName=oms`hostName=docker-20`logLevel=DEBUG`==> Parameters: 信工学院(String), 15207310(Long), 1552482068620(Long), 21(Long)
time=2019-03-13T21:01:08.623+0800`appName=oms`hostName=docker-20`logLevel=DEBUG`<==    Updates: 0
time=2019-03-13T21:01:08.626+0800`appName=oms`hostName=docker-20`logLevel=DEBUG`==>  Preparing: INSERT INTO college ( college_id,college_name,operator_id,ctime,utime ) VALUES ( ?,?,?,?,? ) 
time=2019-03-13T21:01:08.628+0800`appName=oms`hostName=docker-20`logLevel=DEBUG`==> Parameters: 21(Long), 信工学院(String), 15207310(Long), 1552482068624(Long), 1552482068620(Long)
time=2019-03-13T21:01:08.637+0800`appName=oms`hostName=docker-20`logLevel=DEBUG`<==    Updates: 1
time=2019-03-13T21:01:08.675+0800`appName=oms`hostName=docker-20`logLevel=DEBUG`==>  Preparing: SELECT COUNT(1) FROM college WHERE operator_id = ? 
time=2019-03-13T21:01:08.675+0800`appName=oms`hostName=docker-20`logLevel=DEBUG`==> Parameters: 15207312(Long)
time=2019-03-13T21:01:08.678+0800`appName=oms`hostName=docker-20`logLevel=DEBUG`==>  Preparing: SELECT college_id AS collegeId,college_name AS collegeName,operator_id AS operatorId,ctime,utime FROM college WHERE operator_id = ? LIMIT 0,20 
time=2019-03-13T21:01:08.678+0800`appName=oms`hostName=docker-20`logLevel=DEBUG`==> Parameters: 15207312(Long)
time=2019-03-13T21:01:08.680+0800`appName=oms`hostName=docker-20`logLevel=DEBUG`<==      Total: 1
time=2019-03-13T21:01:08.682+0800`appName=oms`hostName=docker-20`logLevel=DEBUG`==>  Preparing: SELECT operator_id AS operatorId,operator_name AS operatorName,operator_status AS operatorStatus,deleted,mobile,pwd,role_id AS roleId,ctime,utime FROM operator WHERE operator_id IN (?) 
time=2019-03-13T21:01:08.683+0800`appName=oms`hostName=docker-20`logLevel=DEBUG`==> Parameters: 15207312(Long)
time=2019-03-13T21:01:08.689+0800`appName=oms`hostName=docker-20`logLevel=DEBUG`<==      Total: 1
time=2019-03-13T21:01:29.493+0800`appName=oms`hostName=docker-20`logLevel=DEBUG`==>  Preparing: SELECT relation_id AS relationId,operator_id AS operatorId,role_id AS roleId,deleted,ctime,utime FROM operator_role_relation WHERE operator_id = ? 
time=2019-03-13T21:01:29.494+0800`appName=oms`hostName=docker-20`logLevel=DEBUG`==> Parameters: 15207312(Long)
time=2019-03-13T21:01:29.496+0800`appName=oms`hostName=docker-20`logLevel=DEBUG`<==      Total: 1
time=2019-03-13T21:01:29.498+0800`appName=oms`hostName=docker-20`logLevel=DEBUG`==>  Preparing: SELECT relation_id AS relationId,role_id AS roleId,menu_id AS menuId,status,ctime,utime FROM role_menu_relation WHERE role_id = ? 
time=2019-03-13T21:01:29.498+0800`appName=oms`hostName=docker-20`logLevel=DEBUG`==> Parameters: 1(Long)
time=2019-03-13T21:01:29.502+0800`appName=oms`hostName=docker-20`logLevel=DEBUG`<==      Total: 20
time=2019-03-13T21:01:29.507+0800`appName=oms`hostName=docker-20`logLevel=DEBUG`==>  Preparing: SELECT menu_id AS menuId,title,href,icon,status,parent_id,ctime,utime FROM menu WHERE menu_id IN (?,?,?,?,?,?,?,?,?,?,?,?,?,?,?,?,?,?,?,?) 
time=2019-03-13T21:01:29.508+0800`appName=oms`hostName=docker-20`logLevel=DEBUG`==> Parameters: 1(Long), 7(Long), 8(Long), 2(Long), 3(Long), 5(Long), 13(Long), 14(Long), 15(Long), 16(Long), 17(Long), 18(Long), 19(Long), 20(Long), 21(Long), 26(Long), 22(Long), 23(Long), 24(Long), 25(Long)
time=2019-03-13T21:01:29.513+0800`appName=oms`hostName=docker-20`logLevel=DEBUG`<==      Total: 20
time=2019-03-13T21:01:29.869+0800`appName=oms`hostName=docker-20`logLevel=DEBUG`==>  Preparing: SELECT COUNT(1) FROM college WHERE operator_id = ? 
time=2019-03-13T21:01:29.870+0800`appName=oms`hostName=docker-20`logLevel=DEBUG`==> Parameters: 15207312(Long)
time=2019-03-13T21:01:29.872+0800`appName=oms`hostName=docker-20`logLevel=DEBUG`==>  Preparing: SELECT college_id AS collegeId,college_name AS collegeName,operator_id AS operatorId,ctime,utime FROM college WHERE operator_id = ? LIMIT 0,20 
time=2019-03-13T21:01:29.872+0800`appName=oms`hostName=docker-20`logLevel=DEBUG`==> Parameters: 15207312(Long)
time=2019-03-13T21:01:29.874+0800`appName=oms`hostName=docker-20`logLevel=DEBUG`<==      Total: 1
time=2019-03-13T21:01:29.877+0800`appName=oms`hostName=docker-20`logLevel=DEBUG`==>  Preparing: SELECT operator_id AS operatorId,operator_name AS operatorName,operator_status AS operatorStatus,deleted,mobile,pwd,role_id AS roleId,ctime,utime FROM operator WHERE operator_id IN (?) 
time=2019-03-13T21:01:29.878+0800`appName=oms`hostName=docker-20`logLevel=DEBUG`==> Parameters: 15207312(Long)
time=2019-03-13T21:01:29.879+0800`appName=oms`hostName=docker-20`logLevel=DEBUG`<==      Total: 1
time=2019-03-13T21:08:24.146+0800`appName=oms`hostName=docker-20`logLevel=DEBUG`==>  Preparing: SELECT relation_id AS relationId,operator_id AS operatorId,role_id AS roleId,deleted,ctime,utime FROM operator_role_relation WHERE operator_id = ? 
time=2019-03-13T21:08:24.212+0800`appName=oms`hostName=docker-20`logLevel=DEBUG`==> Parameters: 15207312(Long)
time=2019-03-13T21:08:24.245+0800`appName=oms`hostName=docker-20`logLevel=DEBUG`<==      Total: 1
time=2019-03-13T21:08:24.260+0800`appName=oms`hostName=docker-20`logLevel=DEBUG`==>  Preparing: SELECT relation_id AS relationId,role_id AS roleId,menu_id AS menuId,status,ctime,utime FROM role_menu_relation WHERE role_id = ? 
time=2019-03-13T21:08:24.261+0800`appName=oms`hostName=docker-20`logLevel=DEBUG`==> Parameters: 1(Long)
time=2019-03-13T21:08:24.273+0800`appName=oms`hostName=docker-20`logLevel=DEBUG`<==      Total: 20
time=2019-03-13T21:08:24.292+0800`appName=oms`hostName=docker-20`logLevel=DEBUG`==>  Preparing: SELECT menu_id AS menuId,title,href,icon,status,parent_id,ctime,utime FROM menu WHERE menu_id IN (?,?,?,?,?,?,?,?,?,?,?,?,?,?,?,?,?,?,?,?) 
time=2019-03-13T21:08:24.295+0800`appName=oms`hostName=docker-20`logLevel=DEBUG`==> Parameters: 1(Long), 7(Long), 8(Long), 2(Long), 3(Long), 5(Long), 13(Long), 14(Long), 15(Long), 16(Long), 17(Long), 18(Long), 19(Long), 20(Long), 21(Long), 26(Long), 22(Long), 23(Long), 24(Long), 25(Long)
time=2019-03-13T21:08:24.305+0800`appName=oms`hostName=docker-20`logLevel=DEBUG`<==      Total: 20
time=2019-03-13T21:08:25.070+0800`appName=oms`hostName=docker-20`logLevel=DEBUG`==>  Preparing: SELECT COUNT(1) FROM college 
time=2019-03-13T21:08:25.070+0800`appName=oms`hostName=docker-20`logLevel=DEBUG`==> Parameters: 
time=2019-03-13T21:08:25.075+0800`appName=oms`hostName=docker-20`logLevel=DEBUG`==>  Preparing: SELECT college_id AS collegeId,college_name AS collegeName,operator_id AS operatorId,ctime,utime FROM college LIMIT 0,20 
time=2019-03-13T21:08:25.105+0800`appName=oms`hostName=docker-20`logLevel=DEBUG`==> Parameters: 
time=2019-03-13T21:08:25.108+0800`appName=oms`hostName=docker-20`logLevel=DEBUG`<==      Total: 2
time=2019-03-13T21:08:25.117+0800`appName=oms`hostName=docker-20`logLevel=DEBUG`==>  Preparing: SELECT operator_id AS operatorId,operator_name AS operatorName,operator_status AS operatorStatus,deleted,mobile,pwd,role_id AS roleId,ctime,utime FROM operator WHERE operator_id IN (?,?) 
time=2019-03-13T21:08:25.118+0800`appName=oms`hostName=docker-20`logLevel=DEBUG`==> Parameters: 15207312(Long), 15207310(Long)
time=2019-03-13T21:08:25.120+0800`appName=oms`hostName=docker-20`logLevel=DEBUG`<==      Total: 2
time=2019-03-13T21:12:23.126+0800`appName=oms`hostName=docker-20`logLevel=DEBUG`==>  Preparing: SELECT relation_id AS relationId,operator_id AS operatorId,role_id AS roleId,deleted,ctime,utime FROM operator_role_relation WHERE operator_id = ? 
time=2019-03-13T21:12:23.197+0800`appName=oms`hostName=docker-20`logLevel=DEBUG`==> Parameters: 15207312(Long)
time=2019-03-13T21:12:23.229+0800`appName=oms`hostName=docker-20`logLevel=DEBUG`<==      Total: 1
time=2019-03-13T21:12:23.248+0800`appName=oms`hostName=docker-20`logLevel=DEBUG`==>  Preparing: SELECT relation_id AS relationId,role_id AS roleId,menu_id AS menuId,status,ctime,utime FROM role_menu_relation WHERE role_id = ? 
time=2019-03-13T21:12:23.249+0800`appName=oms`hostName=docker-20`logLevel=DEBUG`==> Parameters: 1(Long)
time=2019-03-13T21:12:23.260+0800`appName=oms`hostName=docker-20`logLevel=DEBUG`<==      Total: 20
time=2019-03-13T21:12:23.287+0800`appName=oms`hostName=docker-20`logLevel=DEBUG`==>  Preparing: SELECT menu_id AS menuId,title,href,icon,status,parent_id,ctime,utime FROM menu WHERE menu_id IN (?,?,?,?,?,?,?,?,?,?,?,?,?,?,?,?,?,?,?,?) 
time=2019-03-13T21:12:23.290+0800`appName=oms`hostName=docker-20`logLevel=DEBUG`==> Parameters: 1(Long), 7(Long), 8(Long), 2(Long), 3(Long), 5(Long), 13(Long), 14(Long), 15(Long), 16(Long), 17(Long), 18(Long), 19(Long), 20(Long), 21(Long), 26(Long), 22(Long), 23(Long), 24(Long), 25(Long)
time=2019-03-13T21:12:23.303+0800`appName=oms`hostName=docker-20`logLevel=DEBUG`<==      Total: 20
time=2019-03-13T21:12:24.126+0800`appName=oms`hostName=docker-20`logLevel=DEBUG`==>  Preparing: SELECT COUNT(1) FROM college 
time=2019-03-13T21:12:24.126+0800`appName=oms`hostName=docker-20`logLevel=DEBUG`==> Parameters: 
time=2019-03-13T21:12:24.132+0800`appName=oms`hostName=docker-20`logLevel=DEBUG`==>  Preparing: SELECT college_id AS collegeId,college_name AS collegeName,operator_id AS operatorId,ctime,utime FROM college LIMIT 0,20 
time=2019-03-13T21:12:24.132+0800`appName=oms`hostName=docker-20`logLevel=DEBUG`==> Parameters: 
time=2019-03-13T21:12:24.136+0800`appName=oms`hostName=docker-20`logLevel=DEBUG`<==      Total: 2
time=2019-03-13T21:12:24.148+0800`appName=oms`hostName=docker-20`logLevel=DEBUG`==>  Preparing: SELECT operator_id AS operatorId,operator_name AS operatorName,operator_status AS operatorStatus,deleted,mobile,pwd,role_id AS roleId,ctime,utime FROM operator WHERE operator_id IN (?,?) 
time=2019-03-13T21:12:24.149+0800`appName=oms`hostName=docker-20`logLevel=DEBUG`==> Parameters: 15207312(Long), 15207310(Long)
time=2019-03-13T21:12:24.153+0800`appName=oms`hostName=docker-20`logLevel=DEBUG`<==      Total: 2
time=2019-03-13T21:12:27.490+0800`appName=oms`hostName=docker-20`logLevel=DEBUG`==>  Preparing: SELECT COUNT(1) FROM college 
time=2019-03-13T21:12:27.490+0800`appName=oms`hostName=docker-20`logLevel=DEBUG`==> Parameters: 
time=2019-03-13T21:12:27.492+0800`appName=oms`hostName=docker-20`logLevel=DEBUG`==>  Preparing: SELECT college_id AS collegeId,college_name AS collegeName,operator_id AS operatorId,ctime,utime FROM college LIMIT 0,20 
time=2019-03-13T21:12:27.493+0800`appName=oms`hostName=docker-20`logLevel=DEBUG`==> Parameters: 
time=2019-03-13T21:12:27.496+0800`appName=oms`hostName=docker-20`logLevel=DEBUG`<==      Total: 2
time=2019-03-13T21:12:27.498+0800`appName=oms`hostName=docker-20`logLevel=DEBUG`==>  Preparing: SELECT operator_id AS operatorId,operator_name AS operatorName,operator_status AS operatorStatus,deleted,mobile,pwd,role_id AS roleId,ctime,utime FROM operator WHERE operator_id IN (?,?) 
time=2019-03-13T21:12:27.499+0800`appName=oms`hostName=docker-20`logLevel=DEBUG`==> Parameters: 15207312(Long), 15207310(Long)
time=2019-03-13T21:12:27.503+0800`appName=oms`hostName=docker-20`logLevel=DEBUG`<==      Total: 2
time=2019-03-13T21:12:37.553+0800`appName=oms`hostName=docker-20`logLevel=DEBUG`==>  Preparing: SELECT operator_id AS operatorId,operator_name AS operatorName,operator_status AS operatorStatus,deleted,mobile,pwd,role_id AS roleId,ctime,utime FROM operator WHERE operator_name = ? 
time=2019-03-13T21:12:37.554+0800`appName=oms`hostName=docker-20`logLevel=DEBUG`==> Parameters: yz(String)
time=2019-03-13T21:12:37.556+0800`appName=oms`hostName=docker-20`logLevel=DEBUG`<==      Total: 1
time=2019-03-13T21:12:37.558+0800`appName=oms`hostName=docker-20`logLevel=DEBUG`==>  Preparing: SELECT college_id AS collegeId,college_name AS collegeName,operator_id AS operatorId,ctime,utime FROM college WHERE college_name = ? AND college_id <> ? 
time=2019-03-13T21:12:37.559+0800`appName=oms`hostName=docker-20`logLevel=DEBUG`==> Parameters: 软件学院1(String), 20(Long)
time=2019-03-13T21:12:37.562+0800`appName=oms`hostName=docker-20`logLevel=DEBUG`<==      Total: 0
time=2019-03-13T21:12:37.571+0800`appName=oms`hostName=docker-20`logLevel=DEBUG`==>  Preparing: UPDATE college SET college_name=?,operator_id=?,utime=? WHERE college_id=? 
time=2019-03-13T21:12:37.572+0800`appName=oms`hostName=docker-20`logLevel=DEBUG`==> Parameters: 软件学院1(String), 15207312(Long), 1552482757570(Long), 20(Long)
time=2019-03-13T21:12:37.593+0800`appName=oms`hostName=docker-20`logLevel=DEBUG`<==    Updates: 1
time=2019-03-13T21:12:37.642+0800`appName=oms`hostName=docker-20`logLevel=DEBUG`==>  Preparing: SELECT COUNT(1) FROM college 
time=2019-03-13T21:12:37.643+0800`appName=oms`hostName=docker-20`logLevel=DEBUG`==> Parameters: 
time=2019-03-13T21:12:37.645+0800`appName=oms`hostName=docker-20`logLevel=DEBUG`==>  Preparing: SELECT college_id AS collegeId,college_name AS collegeName,operator_id AS operatorId,ctime,utime FROM college LIMIT 0,20 
time=2019-03-13T21:12:37.646+0800`appName=oms`hostName=docker-20`logLevel=DEBUG`==> Parameters: 
time=2019-03-13T21:12:37.648+0800`appName=oms`hostName=docker-20`logLevel=DEBUG`<==      Total: 2
time=2019-03-13T21:12:37.650+0800`appName=oms`hostName=docker-20`logLevel=DEBUG`==>  Preparing: SELECT operator_id AS operatorId,operator_name AS operatorName,operator_status AS operatorStatus,deleted,mobile,pwd,role_id AS roleId,ctime,utime FROM operator WHERE operator_id IN (?,?) 
time=2019-03-13T21:12:37.651+0800`appName=oms`hostName=docker-20`logLevel=DEBUG`==> Parameters: 15207312(Long), 15207310(Long)
time=2019-03-13T21:12:37.654+0800`appName=oms`hostName=docker-20`logLevel=DEBUG`<==      Total: 2
time=2019-03-13T21:20:41.918+0800`appName=oms`hostName=docker-20`logLevel=DEBUG`==>  Preparing: SELECT relation_id AS relationId,operator_id AS operatorId,role_id AS roleId,deleted,ctime,utime FROM operator_role_relation WHERE operator_id = ? 
time=2019-03-13T21:20:41.985+0800`appName=oms`hostName=docker-20`logLevel=DEBUG`==> Parameters: 15207312(Long)
time=2019-03-13T21:20:42.017+0800`appName=oms`hostName=docker-20`logLevel=DEBUG`<==      Total: 1
time=2019-03-13T21:20:42.034+0800`appName=oms`hostName=docker-20`logLevel=DEBUG`==>  Preparing: SELECT relation_id AS relationId,role_id AS roleId,menu_id AS menuId,status,ctime,utime FROM role_menu_relation WHERE role_id = ? 
time=2019-03-13T21:20:42.036+0800`appName=oms`hostName=docker-20`logLevel=DEBUG`==> Parameters: 1(Long)
time=2019-03-13T21:20:42.048+0800`appName=oms`hostName=docker-20`logLevel=DEBUG`<==      Total: 20
time=2019-03-13T21:20:42.073+0800`appName=oms`hostName=docker-20`logLevel=DEBUG`==>  Preparing: SELECT menu_id AS menuId,title,href,icon,status,parent_id,ctime,utime FROM menu WHERE menu_id IN (?,?,?,?,?,?,?,?,?,?,?,?,?,?,?,?,?,?,?,?) 
time=2019-03-13T21:20:42.078+0800`appName=oms`hostName=docker-20`logLevel=DEBUG`==> Parameters: 1(Long), 7(Long), 8(Long), 2(Long), 3(Long), 5(Long), 13(Long), 14(Long), 15(Long), 16(Long), 17(Long), 18(Long), 19(Long), 20(Long), 21(Long), 26(Long), 22(Long), 23(Long), 24(Long), 25(Long)
time=2019-03-13T21:20:42.151+0800`appName=oms`hostName=docker-20`logLevel=DEBUG`<==      Total: 20
time=2019-03-13T21:20:42.856+0800`appName=oms`hostName=docker-20`logLevel=DEBUG`==>  Preparing: SELECT COUNT(1) FROM college 
time=2019-03-13T21:20:42.856+0800`appName=oms`hostName=docker-20`logLevel=DEBUG`==> Parameters: 
time=2019-03-13T21:20:42.861+0800`appName=oms`hostName=docker-20`logLevel=DEBUG`==>  Preparing: SELECT college_id AS collegeId,college_name AS collegeName,operator_id AS operatorId,ctime,utime FROM college LIMIT 0,20 
time=2019-03-13T21:20:42.861+0800`appName=oms`hostName=docker-20`logLevel=DEBUG`==> Parameters: 
time=2019-03-13T21:20:42.865+0800`appName=oms`hostName=docker-20`logLevel=DEBUG`<==      Total: 2
time=2019-03-13T21:20:42.876+0800`appName=oms`hostName=docker-20`logLevel=DEBUG`==>  Preparing: SELECT operator_id AS operatorId,operator_name AS operatorName,operator_status AS operatorStatus,deleted,mobile,pwd,role_id AS roleId,ctime,utime FROM operator WHERE operator_id IN (?,?) 
time=2019-03-13T21:20:42.877+0800`appName=oms`hostName=docker-20`logLevel=DEBUG`==> Parameters: 15207312(Long), 15207310(Long)
time=2019-03-13T21:20:42.879+0800`appName=oms`hostName=docker-20`logLevel=DEBUG`<==      Total: 2
time=2019-03-13T21:20:53.180+0800`appName=oms`hostName=docker-20`logLevel=DEBUG`==>  Preparing: SELECT COUNT(1) FROM college WHERE college_name LIKE ? 
time=2019-03-13T21:20:53.181+0800`appName=oms`hostName=docker-20`logLevel=DEBUG`==> Parameters: %软件%(String)
time=2019-03-13T21:20:53.183+0800`appName=oms`hostName=docker-20`logLevel=DEBUG`==>  Preparing: SELECT college_id AS collegeId,college_name AS collegeName,operator_id AS operatorId,ctime,utime FROM college WHERE college_name LIKE ? LIMIT 0,20 
time=2019-03-13T21:20:53.183+0800`appName=oms`hostName=docker-20`logLevel=DEBUG`==> Parameters: %软件%(String)
time=2019-03-13T21:20:53.185+0800`appName=oms`hostName=docker-20`logLevel=DEBUG`<==      Total: 1
time=2019-03-13T21:20:53.187+0800`appName=oms`hostName=docker-20`logLevel=DEBUG`==>  Preparing: SELECT operator_id AS operatorId,operator_name AS operatorName,operator_status AS operatorStatus,deleted,mobile,pwd,role_id AS roleId,ctime,utime FROM operator WHERE operator_id IN (?) 
time=2019-03-13T21:20:53.188+0800`appName=oms`hostName=docker-20`logLevel=DEBUG`==> Parameters: 15207312(Long)
time=2019-03-13T21:20:53.189+0800`appName=oms`hostName=docker-20`logLevel=DEBUG`<==      Total: 1
time=2019-03-13T21:20:57.401+0800`appName=oms`hostName=docker-20`logLevel=DEBUG`==>  Preparing: SELECT COUNT(1) FROM college WHERE college_id = ? 
time=2019-03-13T21:20:57.401+0800`appName=oms`hostName=docker-20`logLevel=DEBUG`==> Parameters: 21(Long)
time=2019-03-13T21:20:57.403+0800`appName=oms`hostName=docker-20`logLevel=DEBUG`==>  Preparing: SELECT college_id AS collegeId,college_name AS collegeName,operator_id AS operatorId,ctime,utime FROM college WHERE college_id = ? LIMIT 0,20 
time=2019-03-13T21:20:57.404+0800`appName=oms`hostName=docker-20`logLevel=DEBUG`==> Parameters: 21(Long)
time=2019-03-13T21:20:57.407+0800`appName=oms`hostName=docker-20`logLevel=DEBUG`<==      Total: 1
time=2019-03-13T21:20:57.410+0800`appName=oms`hostName=docker-20`logLevel=DEBUG`==>  Preparing: SELECT operator_id AS operatorId,operator_name AS operatorName,operator_status AS operatorStatus,deleted,mobile,pwd,role_id AS roleId,ctime,utime FROM operator WHERE operator_id IN (?) 
time=2019-03-13T21:20:57.411+0800`appName=oms`hostName=docker-20`logLevel=DEBUG`==> Parameters: 15207310(Long)
time=2019-03-13T21:20:57.413+0800`appName=oms`hostName=docker-20`logLevel=DEBUG`<==      Total: 1
time=2019-03-13T21:21:00.492+0800`appName=oms`hostName=docker-20`logLevel=DEBUG`==>  Preparing: SELECT COUNT(1) FROM college 
time=2019-03-13T21:21:00.493+0800`appName=oms`hostName=docker-20`logLevel=DEBUG`==> Parameters: 
time=2019-03-13T21:21:00.495+0800`appName=oms`hostName=docker-20`logLevel=DEBUG`==>  Preparing: SELECT college_id AS collegeId,college_name AS collegeName,operator_id AS operatorId,ctime,utime FROM college LIMIT 0,20 
time=2019-03-13T21:21:00.496+0800`appName=oms`hostName=docker-20`logLevel=DEBUG`==> Parameters: 
time=2019-03-13T21:21:00.498+0800`appName=oms`hostName=docker-20`logLevel=DEBUG`<==      Total: 2
time=2019-03-13T21:21:00.500+0800`appName=oms`hostName=docker-20`logLevel=DEBUG`==>  Preparing: SELECT operator_id AS operatorId,operator_name AS operatorName,operator_status AS operatorStatus,deleted,mobile,pwd,role_id AS roleId,ctime,utime FROM operator WHERE operator_id IN (?,?) 
time=2019-03-13T21:21:00.501+0800`appName=oms`hostName=docker-20`logLevel=DEBUG`==> Parameters: 15207312(Long), 15207310(Long)
time=2019-03-13T21:21:00.503+0800`appName=oms`hostName=docker-20`logLevel=DEBUG`<==      Total: 2
time=2019-03-13T21:43:07.370+0800`appName=oms`hostName=docker-20`logLevel=DEBUG`==>  Preparing: SELECT relation_id AS relationId,operator_id AS operatorId,role_id AS roleId,deleted,ctime,utime FROM operator_role_relation WHERE operator_id = ? 
time=2019-03-13T21:43:07.436+0800`appName=oms`hostName=docker-20`logLevel=DEBUG`==> Parameters: 15207312(Long)
time=2019-03-13T21:43:07.481+0800`appName=oms`hostName=docker-20`logLevel=DEBUG`<==      Total: 1
time=2019-03-13T21:43:07.496+0800`appName=oms`hostName=docker-20`logLevel=DEBUG`==>  Preparing: SELECT relation_id AS relationId,role_id AS roleId,menu_id AS menuId,status,ctime,utime FROM role_menu_relation WHERE role_id = ? 
time=2019-03-13T21:43:07.497+0800`appName=oms`hostName=docker-20`logLevel=DEBUG`==> Parameters: 1(Long)
time=2019-03-13T21:43:07.510+0800`appName=oms`hostName=docker-20`logLevel=DEBUG`<==      Total: 20
time=2019-03-13T21:43:07.608+0800`appName=oms`hostName=docker-20`logLevel=DEBUG`==>  Preparing: SELECT menu_id AS menuId,title,href,icon,status,parent_id,ctime,utime FROM menu WHERE menu_id IN (?,?,?,?,?,?,?,?,?,?,?,?,?,?,?,?,?,?,?,?) 
time=2019-03-13T21:43:07.618+0800`appName=oms`hostName=docker-20`logLevel=DEBUG`==> Parameters: 1(Long), 7(Long), 8(Long), 2(Long), 3(Long), 5(Long), 13(Long), 14(Long), 15(Long), 16(Long), 17(Long), 18(Long), 19(Long), 20(Long), 21(Long), 26(Long), 22(Long), 23(Long), 24(Long), 25(Long)
time=2019-03-13T21:43:07.635+0800`appName=oms`hostName=docker-20`logLevel=DEBUG`<==      Total: 20
time=2019-03-13T21:43:09.269+0800`appName=oms`hostName=docker-20`logLevel=DEBUG`==>  Preparing: SELECT COUNT(1) FROM college 
time=2019-03-13T21:43:09.270+0800`appName=oms`hostName=docker-20`logLevel=DEBUG`==> Parameters: 
time=2019-03-13T21:43:09.281+0800`appName=oms`hostName=docker-20`logLevel=DEBUG`==>  Preparing: SELECT college_id AS collegeId,college_name AS collegeName,operator_id AS operatorId,ctime,utime FROM college LIMIT 0,20 
time=2019-03-13T21:43:09.281+0800`appName=oms`hostName=docker-20`logLevel=DEBUG`==> Parameters: 
time=2019-03-13T21:43:09.284+0800`appName=oms`hostName=docker-20`logLevel=DEBUG`<==      Total: 2
time=2019-03-13T21:43:09.298+0800`appName=oms`hostName=docker-20`logLevel=DEBUG`==>  Preparing: SELECT operator_id AS operatorId,operator_name AS operatorName,operator_status AS operatorStatus,deleted,mobile,pwd,role_id AS roleId,ctime,utime FROM operator WHERE operator_id IN (?,?) 
time=2019-03-13T21:43:09.298+0800`appName=oms`hostName=docker-20`logLevel=DEBUG`==> Parameters: 15207312(Long), 15207310(Long)
time=2019-03-13T21:43:09.303+0800`appName=oms`hostName=docker-20`logLevel=DEBUG`<==      Total: 2
time=2019-03-13T21:44:12.144+0800`appName=oms`hostName=docker-20`logLevel=DEBUG`==>  Preparing: SELECT relation_id AS relationId,operator_id AS operatorId,role_id AS roleId,deleted,ctime,utime FROM operator_role_relation WHERE operator_id = ? 
time=2019-03-13T21:44:12.144+0800`appName=oms`hostName=docker-20`logLevel=DEBUG`==> Parameters: 15207312(Long)
time=2019-03-13T21:44:12.146+0800`appName=oms`hostName=docker-20`logLevel=DEBUG`<==      Total: 1
time=2019-03-13T21:44:12.150+0800`appName=oms`hostName=docker-20`logLevel=DEBUG`==>  Preparing: SELECT relation_id AS relationId,role_id AS roleId,menu_id AS menuId,status,ctime,utime FROM role_menu_relation WHERE role_id = ? 
time=2019-03-13T21:44:12.151+0800`appName=oms`hostName=docker-20`logLevel=DEBUG`==> Parameters: 1(Long)
time=2019-03-13T21:44:12.156+0800`appName=oms`hostName=docker-20`logLevel=DEBUG`<==      Total: 20
time=2019-03-13T21:44:12.161+0800`appName=oms`hostName=docker-20`logLevel=DEBUG`==>  Preparing: SELECT menu_id AS menuId,title,href,icon,status,parent_id,ctime,utime FROM menu WHERE menu_id IN (?,?,?,?,?,?,?,?,?,?,?,?,?,?,?,?,?,?,?,?) 
time=2019-03-13T21:44:12.162+0800`appName=oms`hostName=docker-20`logLevel=DEBUG`==> Parameters: 1(Long), 7(Long), 8(Long), 2(Long), 3(Long), 5(Long), 13(Long), 14(Long), 15(Long), 16(Long), 17(Long), 18(Long), 19(Long), 20(Long), 21(Long), 26(Long), 22(Long), 23(Long), 24(Long), 25(Long)
time=2019-03-13T21:44:12.170+0800`appName=oms`hostName=docker-20`logLevel=DEBUG`<==      Total: 20
time=2019-03-13T21:44:12.742+0800`appName=oms`hostName=docker-20`logLevel=DEBUG`==>  Preparing: SELECT COUNT(1) FROM college 
time=2019-03-13T21:44:12.743+0800`appName=oms`hostName=docker-20`logLevel=DEBUG`==> Parameters: 
time=2019-03-13T21:44:12.746+0800`appName=oms`hostName=docker-20`logLevel=DEBUG`==>  Preparing: SELECT college_id AS collegeId,college_name AS collegeName,operator_id AS operatorId,ctime,utime FROM college LIMIT 0,20 
time=2019-03-13T21:44:12.746+0800`appName=oms`hostName=docker-20`logLevel=DEBUG`==> Parameters: 
time=2019-03-13T21:44:12.748+0800`appName=oms`hostName=docker-20`logLevel=DEBUG`<==      Total: 2
time=2019-03-13T21:44:12.750+0800`appName=oms`hostName=docker-20`logLevel=DEBUG`==>  Preparing: SELECT operator_id AS operatorId,operator_name AS operatorName,operator_status AS operatorStatus,deleted,mobile,pwd,role_id AS roleId,ctime,utime FROM operator WHERE operator_id IN (?,?) 
time=2019-03-13T21:44:12.751+0800`appName=oms`hostName=docker-20`logLevel=DEBUG`==> Parameters: 15207312(Long), 15207310(Long)
time=2019-03-13T21:44:12.754+0800`appName=oms`hostName=docker-20`logLevel=DEBUG`<==      Total: 2
time=2019-03-13T21:44:37.103+0800`appName=oms`hostName=docker-20`logLevel=DEBUG`==>  Preparing: SELECT operator_id AS operatorId,operator_name AS operatorName,operator_status AS operatorStatus,deleted,mobile,pwd,role_id AS roleId,ctime,utime FROM operator WHERE operator_id=? 
time=2019-03-13T21:44:37.103+0800`appName=oms`hostName=docker-20`logLevel=DEBUG`==> Parameters: 15207312(Long)
time=2019-03-13T21:44:37.106+0800`appName=oms`hostName=docker-20`logLevel=DEBUG`<==      Total: 1
time=2019-03-13T21:44:37.150+0800`appName=oms`hostName=docker-20`logLevel=DEBUG`==>  Preparing: SELECT student_id AS studentId,token,ctime,utime FROM user_web_token WHERE student_id=? 
time=2019-03-13T21:44:37.151+0800`appName=oms`hostName=docker-20`logLevel=DEBUG`==> Parameters: 15207312(Long)
time=2019-03-13T21:44:37.156+0800`appName=oms`hostName=docker-20`logLevel=DEBUG`<==      Total: 1
time=2019-03-13T21:44:37.188+0800`appName=oms`hostName=docker-20`logLevel=DEBUG`==>  Preparing: UPDATE user_web_token SET token=?,utime=? WHERE student_id=? 
time=2019-03-13T21:44:37.189+0800`appName=oms`hostName=docker-20`logLevel=DEBUG`==> Parameters: 2cfbcde2-b4f1-4e61-8e47-00520694a90d(String), 1552484677187(Long), 15207312(Long)
time=2019-03-13T21:44:37.195+0800`appName=oms`hostName=docker-20`logLevel=DEBUG`<==    Updates: 1
time=2019-03-13T21:44:37.875+0800`appName=oms`hostName=docker-20`logLevel=DEBUG`==>  Preparing: SELECT relation_id AS relationId,operator_id AS operatorId,role_id AS roleId,deleted,ctime,utime FROM operator_role_relation WHERE operator_id = ? 
time=2019-03-13T21:44:37.877+0800`appName=oms`hostName=docker-20`logLevel=DEBUG`==> Parameters: 15207312(Long)
time=2019-03-13T21:44:37.879+0800`appName=oms`hostName=docker-20`logLevel=DEBUG`<==      Total: 1
time=2019-03-13T21:44:37.883+0800`appName=oms`hostName=docker-20`logLevel=DEBUG`==>  Preparing: SELECT relation_id AS relationId,role_id AS roleId,menu_id AS menuId,status,ctime,utime FROM role_menu_relation WHERE role_id = ? 
time=2019-03-13T21:44:37.883+0800`appName=oms`hostName=docker-20`logLevel=DEBUG`==> Parameters: 1(Long)
time=2019-03-13T21:44:37.888+0800`appName=oms`hostName=docker-20`logLevel=DEBUG`<==      Total: 20
time=2019-03-13T21:44:37.894+0800`appName=oms`hostName=docker-20`logLevel=DEBUG`==>  Preparing: SELECT menu_id AS menuId,title,href,icon,status,parent_id,ctime,utime FROM menu WHERE menu_id IN (?,?,?,?,?,?,?,?,?,?,?,?,?,?,?,?,?,?,?,?) 
time=2019-03-13T21:44:37.896+0800`appName=oms`hostName=docker-20`logLevel=DEBUG`==> Parameters: 1(Long), 7(Long), 8(Long), 2(Long), 3(Long), 5(Long), 13(Long), 14(Long), 15(Long), 16(Long), 17(Long), 18(Long), 19(Long), 20(Long), 21(Long), 26(Long), 22(Long), 23(Long), 24(Long), 25(Long)
time=2019-03-13T21:44:37.902+0800`appName=oms`hostName=docker-20`logLevel=DEBUG`<==      Total: 20
time=2019-03-13T21:44:39.940+0800`appName=oms`hostName=docker-20`logLevel=DEBUG`==>  Preparing: SELECT COUNT(1) FROM major WHERE 1 = 1 
time=2019-03-13T21:44:39.941+0800`appName=oms`hostName=docker-20`logLevel=DEBUG`==> Parameters: 
time=2019-03-13T21:44:39.943+0800`appName=oms`hostName=docker-20`logLevel=DEBUG`==>  Preparing: SELECT major_id AS majorId,major_name AS majorName,operator_id AS operatorId,college_id AS collegeId,ctime,utime FROM major WHERE 1=1 ORDER BY college_id ASC , major_id DESC LIMIT 0,20 
time=2019-03-13T21:44:39.944+0800`appName=oms`hostName=docker-20`logLevel=DEBUG`==> Parameters: 
time=2019-03-13T21:44:39.949+0800`appName=oms`hostName=docker-20`logLevel=DEBUG`<==      Total: 1
time=2019-03-13T21:44:39.953+0800`appName=oms`hostName=docker-20`logLevel=DEBUG`==>  Preparing: SELECT college_id AS collegeId,college_name AS collegeName,operator_id AS operatorId,ctime,utime FROM college WHERE college_id IN (?) 
time=2019-03-13T21:44:39.953+0800`appName=oms`hostName=docker-20`logLevel=DEBUG`==> Parameters: 20(Long)
time=2019-03-13T21:44:39.955+0800`appName=oms`hostName=docker-20`logLevel=DEBUG`<==      Total: 1
time=2019-03-13T21:44:39.966+0800`appName=oms`hostName=docker-20`logLevel=DEBUG`==>  Preparing: SELECT operator_id AS operatorId,operator_name AS operatorName,operator_status AS operatorStatus,deleted,mobile,pwd,role_id AS roleId,ctime,utime FROM operator WHERE operator_id IN (?) 
time=2019-03-13T21:44:39.966+0800`appName=oms`hostName=docker-20`logLevel=DEBUG`==> Parameters: 15207312(Long)
time=2019-03-13T21:44:39.968+0800`appName=oms`hostName=docker-20`logLevel=DEBUG`<==      Total: 1
time=2019-03-13T21:45:00.469+0800`appName=oms`hostName=docker-20`logLevel=DEBUG`==>  Preparing: SELECT relation_id AS relationId,operator_id AS operatorId,role_id AS roleId,deleted,ctime,utime FROM operator_role_relation WHERE operator_id = ? 
time=2019-03-13T21:45:00.469+0800`appName=oms`hostName=docker-20`logLevel=DEBUG`==> Parameters: 15207312(Long)
time=2019-03-13T21:45:00.471+0800`appName=oms`hostName=docker-20`logLevel=DEBUG`<==      Total: 1
time=2019-03-13T21:45:00.473+0800`appName=oms`hostName=docker-20`logLevel=DEBUG`==>  Preparing: SELECT relation_id AS relationId,role_id AS roleId,menu_id AS menuId,status,ctime,utime FROM role_menu_relation WHERE role_id = ? 
time=2019-03-13T21:45:00.474+0800`appName=oms`hostName=docker-20`logLevel=DEBUG`==> Parameters: 1(Long)
time=2019-03-13T21:45:00.478+0800`appName=oms`hostName=docker-20`logLevel=DEBUG`<==      Total: 20
time=2019-03-13T21:45:00.482+0800`appName=oms`hostName=docker-20`logLevel=DEBUG`==>  Preparing: SELECT menu_id AS menuId,title,href,icon,status,parent_id,ctime,utime FROM menu WHERE menu_id IN (?,?,?,?,?,?,?,?,?,?,?,?,?,?,?,?,?,?,?,?) 
time=2019-03-13T21:45:00.484+0800`appName=oms`hostName=docker-20`logLevel=DEBUG`==> Parameters: 1(Long), 7(Long), 8(Long), 2(Long), 3(Long), 5(Long), 13(Long), 14(Long), 15(Long), 16(Long), 17(Long), 18(Long), 19(Long), 20(Long), 21(Long), 26(Long), 22(Long), 23(Long), 24(Long), 25(Long)
time=2019-03-13T21:45:00.488+0800`appName=oms`hostName=docker-20`logLevel=DEBUG`<==      Total: 20
time=2019-03-13T21:45:00.799+0800`appName=oms`hostName=docker-20`logLevel=DEBUG`==>  Preparing: SELECT COUNT(1) FROM major WHERE 1 = 1 
time=2019-03-13T21:45:00.799+0800`appName=oms`hostName=docker-20`logLevel=DEBUG`==> Parameters: 
time=2019-03-13T21:45:00.806+0800`appName=oms`hostName=docker-20`logLevel=DEBUG`==>  Preparing: SELECT major_id AS majorId,major_name AS majorName,operator_id AS operatorId,college_id AS collegeId,ctime,utime FROM major WHERE 1=1 ORDER BY college_id ASC , major_id DESC LIMIT 0,20 
time=2019-03-13T21:45:00.807+0800`appName=oms`hostName=docker-20`logLevel=DEBUG`==> Parameters: 
time=2019-03-13T21:45:00.809+0800`appName=oms`hostName=docker-20`logLevel=DEBUG`<==      Total: 1
time=2019-03-13T21:45:00.811+0800`appName=oms`hostName=docker-20`logLevel=DEBUG`==>  Preparing: SELECT college_id AS collegeId,college_name AS collegeName,operator_id AS operatorId,ctime,utime FROM college WHERE college_id IN (?) 
time=2019-03-13T21:45:00.812+0800`appName=oms`hostName=docker-20`logLevel=DEBUG`==> Parameters: 20(Long)
time=2019-03-13T21:45:00.815+0800`appName=oms`hostName=docker-20`logLevel=DEBUG`<==      Total: 1
time=2019-03-13T21:45:00.818+0800`appName=oms`hostName=docker-20`logLevel=DEBUG`==>  Preparing: SELECT operator_id AS operatorId,operator_name AS operatorName,operator_status AS operatorStatus,deleted,mobile,pwd,role_id AS roleId,ctime,utime FROM operator WHERE operator_id IN (?) 
time=2019-03-13T21:45:00.818+0800`appName=oms`hostName=docker-20`logLevel=DEBUG`==> Parameters: 15207312(Long)
time=2019-03-13T21:45:00.820+0800`appName=oms`hostName=docker-20`logLevel=DEBUG`<==      Total: 1
time=2019-03-13T21:45:03.028+0800`appName=oms`hostName=docker-20`logLevel=DEBUG`==>  Preparing: SELECT relation_id AS relationId,operator_id AS operatorId,role_id AS roleId,deleted,ctime,utime FROM operator_role_relation WHERE operator_id = ? 
time=2019-03-13T21:45:03.029+0800`appName=oms`hostName=docker-20`logLevel=DEBUG`==> Parameters: 15207312(Long)
time=2019-03-13T21:45:03.030+0800`appName=oms`hostName=docker-20`logLevel=DEBUG`<==      Total: 1
time=2019-03-13T21:45:03.033+0800`appName=oms`hostName=docker-20`logLevel=DEBUG`==>  Preparing: SELECT relation_id AS relationId,role_id AS roleId,menu_id AS menuId,status,ctime,utime FROM role_menu_relation WHERE role_id = ? 
time=2019-03-13T21:45:03.034+0800`appName=oms`hostName=docker-20`logLevel=DEBUG`==> Parameters: 1(Long)
time=2019-03-13T21:45:03.037+0800`appName=oms`hostName=docker-20`logLevel=DEBUG`<==      Total: 20
time=2019-03-13T21:45:03.041+0800`appName=oms`hostName=docker-20`logLevel=DEBUG`==>  Preparing: SELECT menu_id AS menuId,title,href,icon,status,parent_id,ctime,utime FROM menu WHERE menu_id IN (?,?,?,?,?,?,?,?,?,?,?,?,?,?,?,?,?,?,?,?) 
time=2019-03-13T21:45:03.042+0800`appName=oms`hostName=docker-20`logLevel=DEBUG`==> Parameters: 1(Long), 7(Long), 8(Long), 2(Long), 3(Long), 5(Long), 13(Long), 14(Long), 15(Long), 16(Long), 17(Long), 18(Long), 19(Long), 20(Long), 21(Long), 26(Long), 22(Long), 23(Long), 24(Long), 25(Long)
time=2019-03-13T21:45:03.046+0800`appName=oms`hostName=docker-20`logLevel=DEBUG`<==      Total: 20
time=2019-03-13T21:45:03.261+0800`appName=oms`hostName=docker-20`logLevel=DEBUG`==>  Preparing: SELECT COUNT(1) FROM major WHERE 1 = 1 
time=2019-03-13T21:45:03.262+0800`appName=oms`hostName=docker-20`logLevel=DEBUG`==> Parameters: 
time=2019-03-13T21:45:03.267+0800`appName=oms`hostName=docker-20`logLevel=DEBUG`==>  Preparing: SELECT major_id AS majorId,major_name AS majorName,operator_id AS operatorId,college_id AS collegeId,ctime,utime FROM major WHERE 1=1 ORDER BY college_id ASC , major_id DESC LIMIT 0,20 
time=2019-03-13T21:45:03.268+0800`appName=oms`hostName=docker-20`logLevel=DEBUG`==> Parameters: 
time=2019-03-13T21:45:03.270+0800`appName=oms`hostName=docker-20`logLevel=DEBUG`<==      Total: 1
time=2019-03-13T21:45:03.272+0800`appName=oms`hostName=docker-20`logLevel=DEBUG`==>  Preparing: SELECT college_id AS collegeId,college_name AS collegeName,operator_id AS operatorId,ctime,utime FROM college WHERE college_id IN (?) 
time=2019-03-13T21:45:03.273+0800`appName=oms`hostName=docker-20`logLevel=DEBUG`==> Parameters: 20(Long)
time=2019-03-13T21:45:03.274+0800`appName=oms`hostName=docker-20`logLevel=DEBUG`<==      Total: 1
time=2019-03-13T21:45:03.279+0800`appName=oms`hostName=docker-20`logLevel=DEBUG`==>  Preparing: SELECT operator_id AS operatorId,operator_name AS operatorName,operator_status AS operatorStatus,deleted,mobile,pwd,role_id AS roleId,ctime,utime FROM operator WHERE operator_id IN (?) 
time=2019-03-13T21:45:03.280+0800`appName=oms`hostName=docker-20`logLevel=DEBUG`==> Parameters: 15207312(Long)
time=2019-03-13T21:45:03.282+0800`appName=oms`hostName=docker-20`logLevel=DEBUG`<==      Total: 1
time=2019-03-13T21:45:18.152+0800`appName=oms`hostName=docker-20`logLevel=DEBUG`==>  Preparing: SELECT relation_id AS relationId,operator_id AS operatorId,role_id AS roleId,deleted,ctime,utime FROM operator_role_relation WHERE operator_id = ? 
time=2019-03-13T21:45:18.153+0800`appName=oms`hostName=docker-20`logLevel=DEBUG`==> Parameters: 15207312(Long)
time=2019-03-13T21:45:18.154+0800`appName=oms`hostName=docker-20`logLevel=DEBUG`<==      Total: 1
time=2019-03-13T21:45:18.156+0800`appName=oms`hostName=docker-20`logLevel=DEBUG`==>  Preparing: SELECT relation_id AS relationId,role_id AS roleId,menu_id AS menuId,status,ctime,utime FROM role_menu_relation WHERE role_id = ? 
time=2019-03-13T21:45:18.156+0800`appName=oms`hostName=docker-20`logLevel=DEBUG`==> Parameters: 1(Long)
time=2019-03-13T21:45:18.158+0800`appName=oms`hostName=docker-20`logLevel=DEBUG`<==      Total: 20
time=2019-03-13T21:45:18.164+0800`appName=oms`hostName=docker-20`logLevel=DEBUG`==>  Preparing: SELECT menu_id AS menuId,title,href,icon,status,parent_id,ctime,utime FROM menu WHERE menu_id IN (?,?,?,?,?,?,?,?,?,?,?,?,?,?,?,?,?,?,?,?) 
time=2019-03-13T21:45:18.165+0800`appName=oms`hostName=docker-20`logLevel=DEBUG`==> Parameters: 1(Long), 7(Long), 8(Long), 2(Long), 3(Long), 5(Long), 13(Long), 14(Long), 15(Long), 16(Long), 17(Long), 18(Long), 19(Long), 20(Long), 21(Long), 26(Long), 22(Long), 23(Long), 24(Long), 25(Long)
time=2019-03-13T21:45:18.168+0800`appName=oms`hostName=docker-20`logLevel=DEBUG`<==      Total: 20
time=2019-03-13T21:45:20.796+0800`appName=oms`hostName=docker-20`logLevel=DEBUG`==>  Preparing: SELECT COUNT(1) FROM major WHERE 1 = 1 
time=2019-03-13T21:45:20.798+0800`appName=oms`hostName=docker-20`logLevel=DEBUG`==> Parameters: 
time=2019-03-13T21:45:20.807+0800`appName=oms`hostName=docker-20`logLevel=DEBUG`==>  Preparing: SELECT major_id AS majorId,major_name AS majorName,operator_id AS operatorId,college_id AS collegeId,ctime,utime FROM major WHERE 1=1 ORDER BY college_id ASC , major_id DESC LIMIT 0,20 
time=2019-03-13T21:45:20.808+0800`appName=oms`hostName=docker-20`logLevel=DEBUG`==> Parameters: 
time=2019-03-13T21:45:20.816+0800`appName=oms`hostName=docker-20`logLevel=DEBUG`<==      Total: 1
time=2019-03-13T21:45:53.172+0800`appName=oms`hostName=docker-20`logLevel=DEBUG`==>  Preparing: SELECT college_id AS collegeId,college_name AS collegeName,operator_id AS operatorId,ctime,utime FROM college WHERE college_id IN (?) 
time=2019-03-13T21:45:53.173+0800`appName=oms`hostName=docker-20`logLevel=DEBUG`==> Parameters: 20(Long)
time=2019-03-13T21:45:53.177+0800`appName=oms`hostName=docker-20`logLevel=DEBUG`<==      Total: 1
time=2019-03-13T21:45:53.262+0800`appName=oms`hostName=docker-20`logLevel=DEBUG`==>  Preparing: SELECT operator_id AS operatorId,operator_name AS operatorName,operator_status AS operatorStatus,deleted,mobile,pwd,role_id AS roleId,ctime,utime FROM operator WHERE operator_id IN (?) 
time=2019-03-13T21:45:53.262+0800`appName=oms`hostName=docker-20`logLevel=DEBUG`==> Parameters: 15207312(Long)
time=2019-03-13T21:45:53.264+0800`appName=oms`hostName=docker-20`logLevel=DEBUG`<==      Total: 1
time=2019-03-13T21:48:11.804+0800`appName=oms`hostName=docker-20`logLevel=DEBUG`==>  Preparing: SELECT relation_id AS relationId,operator_id AS operatorId,role_id AS roleId,deleted,ctime,utime FROM operator_role_relation WHERE operator_id = ? 
time=2019-03-13T21:48:11.843+0800`appName=oms`hostName=docker-20`logLevel=DEBUG`==> Parameters: 15207312(Long)
time=2019-03-13T21:48:11.870+0800`appName=oms`hostName=docker-20`logLevel=DEBUG`<==      Total: 1
time=2019-03-13T21:48:11.885+0800`appName=oms`hostName=docker-20`logLevel=DEBUG`==>  Preparing: SELECT relation_id AS relationId,role_id AS roleId,menu_id AS menuId,status,ctime,utime FROM role_menu_relation WHERE role_id = ? 
time=2019-03-13T21:48:11.885+0800`appName=oms`hostName=docker-20`logLevel=DEBUG`==> Parameters: 1(Long)
time=2019-03-13T21:48:11.895+0800`appName=oms`hostName=docker-20`logLevel=DEBUG`<==      Total: 20
time=2019-03-13T21:48:11.914+0800`appName=oms`hostName=docker-20`logLevel=DEBUG`==>  Preparing: SELECT menu_id AS menuId,title,href,icon,status,parent_id,ctime,utime FROM menu WHERE menu_id IN (?,?,?,?,?,?,?,?,?,?,?,?,?,?,?,?,?,?,?,?) 
time=2019-03-13T21:48:11.918+0800`appName=oms`hostName=docker-20`logLevel=DEBUG`==> Parameters: 1(Long), 7(Long), 8(Long), 2(Long), 3(Long), 5(Long), 13(Long), 14(Long), 15(Long), 16(Long), 17(Long), 18(Long), 19(Long), 20(Long), 21(Long), 26(Long), 22(Long), 23(Long), 24(Long), 25(Long)
time=2019-03-13T21:48:11.927+0800`appName=oms`hostName=docker-20`logLevel=DEBUG`<==      Total: 20
time=2019-03-13T21:48:19.354+0800`appName=oms`hostName=docker-20`logLevel=DEBUG`==>  Preparing: SELECT COUNT(1) FROM major WHERE operator_id = ? 
time=2019-03-13T21:48:19.356+0800`appName=oms`hostName=docker-20`logLevel=DEBUG`==> Parameters: 15207312(Long)
time=2019-03-13T21:48:19.375+0800`appName=oms`hostName=docker-20`logLevel=DEBUG`==>  Preparing: SELECT major_id AS majorId,major_name AS majorName,operator_id AS operatorId,college_id AS collegeId,ctime,utime FROM major WHERE operator_id = ? ORDER BY college_id ASC , major_id DESC LIMIT 0,20 
time=2019-03-13T21:48:19.377+0800`appName=oms`hostName=docker-20`logLevel=DEBUG`==> Parameters: 15207312(Long)
time=2019-03-13T21:48:19.388+0800`appName=oms`hostName=docker-20`logLevel=DEBUG`<==      Total: 1
time=2019-03-13T21:48:44.914+0800`appName=oms`hostName=docker-20`logLevel=DEBUG`==>  Preparing: SELECT college_id AS collegeId,college_name AS collegeName,operator_id AS operatorId,ctime,utime FROM college WHERE college_id IN (?) 
time=2019-03-13T21:48:44.914+0800`appName=oms`hostName=docker-20`logLevel=DEBUG`==> Parameters: 20(Long)
time=2019-03-13T21:48:44.916+0800`appName=oms`hostName=docker-20`logLevel=DEBUG`<==      Total: 1
time=2019-03-13T21:48:44.946+0800`appName=oms`hostName=docker-20`logLevel=DEBUG`==>  Preparing: SELECT operator_id AS operatorId,operator_name AS operatorName,operator_status AS operatorStatus,deleted,mobile,pwd,role_id AS roleId,ctime,utime FROM operator WHERE operator_id IN (?) 
time=2019-03-13T21:48:44.947+0800`appName=oms`hostName=docker-20`logLevel=DEBUG`==> Parameters: 15207312(Long)
time=2019-03-13T21:48:44.948+0800`appName=oms`hostName=docker-20`logLevel=DEBUG`<==      Total: 1
time=2019-03-13T21:48:47.159+0800`appName=oms`hostName=docker-20`logLevel=DEBUG`==>  Preparing: SELECT relation_id AS relationId,operator_id AS operatorId,role_id AS roleId,deleted,ctime,utime FROM operator_role_relation WHERE operator_id = ? 
time=2019-03-13T21:48:47.160+0800`appName=oms`hostName=docker-20`logLevel=DEBUG`==> Parameters: 15207312(Long)
time=2019-03-13T21:48:47.163+0800`appName=oms`hostName=docker-20`logLevel=DEBUG`<==      Total: 1
time=2019-03-13T21:48:47.166+0800`appName=oms`hostName=docker-20`logLevel=DEBUG`==>  Preparing: SELECT relation_id AS relationId,role_id AS roleId,menu_id AS menuId,status,ctime,utime FROM role_menu_relation WHERE role_id = ? 
time=2019-03-13T21:48:47.167+0800`appName=oms`hostName=docker-20`logLevel=DEBUG`==> Parameters: 1(Long)
time=2019-03-13T21:48:47.171+0800`appName=oms`hostName=docker-20`logLevel=DEBUG`<==      Total: 20
time=2019-03-13T21:48:47.178+0800`appName=oms`hostName=docker-20`logLevel=DEBUG`==>  Preparing: SELECT menu_id AS menuId,title,href,icon,status,parent_id,ctime,utime FROM menu WHERE menu_id IN (?,?,?,?,?,?,?,?,?,?,?,?,?,?,?,?,?,?,?,?) 
time=2019-03-13T21:48:47.180+0800`appName=oms`hostName=docker-20`logLevel=DEBUG`==> Parameters: 1(Long), 7(Long), 8(Long), 2(Long), 3(Long), 5(Long), 13(Long), 14(Long), 15(Long), 16(Long), 17(Long), 18(Long), 19(Long), 20(Long), 21(Long), 26(Long), 22(Long), 23(Long), 24(Long), 25(Long)
time=2019-03-13T21:48:47.185+0800`appName=oms`hostName=docker-20`logLevel=DEBUG`<==      Total: 20
time=2019-03-13T21:48:49.573+0800`appName=oms`hostName=docker-20`logLevel=DEBUG`==>  Preparing: SELECT COUNT(1) FROM major WHERE operator_id = ? 
time=2019-03-13T21:48:49.575+0800`appName=oms`hostName=docker-20`logLevel=DEBUG`==> Parameters: 15207312(Long)
time=2019-03-13T21:48:49.577+0800`appName=oms`hostName=docker-20`logLevel=DEBUG`==>  Preparing: SELECT major_id AS majorId,major_name AS majorName,operator_id AS operatorId,college_id AS collegeId,ctime,utime FROM major WHERE operator_id = ? ORDER BY college_id ASC , major_id DESC 
time=2019-03-13T21:48:49.580+0800`appName=oms`hostName=docker-20`logLevel=DEBUG`==> Parameters: 15207312(Long)
time=2019-03-13T21:48:49.583+0800`appName=oms`hostName=docker-20`logLevel=DEBUG`<==      Total: 0
time=2019-03-13T21:50:45.571+0800`appName=oms`hostName=docker-20`logLevel=DEBUG`==>  Preparing: SELECT relation_id AS relationId,operator_id AS operatorId,role_id AS roleId,deleted,ctime,utime FROM operator_role_relation WHERE operator_id = ? 
time=2019-03-13T21:50:45.572+0800`appName=oms`hostName=docker-20`logLevel=DEBUG`==> Parameters: 15207312(Long)
time=2019-03-13T21:50:45.574+0800`appName=oms`hostName=docker-20`logLevel=DEBUG`<==      Total: 1
time=2019-03-13T21:50:45.576+0800`appName=oms`hostName=docker-20`logLevel=DEBUG`==>  Preparing: SELECT relation_id AS relationId,role_id AS roleId,menu_id AS menuId,status,ctime,utime FROM role_menu_relation WHERE role_id = ? 
time=2019-03-13T21:50:45.576+0800`appName=oms`hostName=docker-20`logLevel=DEBUG`==> Parameters: 1(Long)
time=2019-03-13T21:50:45.580+0800`appName=oms`hostName=docker-20`logLevel=DEBUG`<==      Total: 20
time=2019-03-13T21:50:45.585+0800`appName=oms`hostName=docker-20`logLevel=DEBUG`==>  Preparing: SELECT menu_id AS menuId,title,href,icon,status,parent_id,ctime,utime FROM menu WHERE menu_id IN (?,?,?,?,?,?,?,?,?,?,?,?,?,?,?,?,?,?,?,?) 
time=2019-03-13T21:50:45.587+0800`appName=oms`hostName=docker-20`logLevel=DEBUG`==> Parameters: 1(Long), 7(Long), 8(Long), 2(Long), 3(Long), 5(Long), 13(Long), 14(Long), 15(Long), 16(Long), 17(Long), 18(Long), 19(Long), 20(Long), 21(Long), 26(Long), 22(Long), 23(Long), 24(Long), 25(Long)
time=2019-03-13T21:50:45.591+0800`appName=oms`hostName=docker-20`logLevel=DEBUG`<==      Total: 20
time=2019-03-13T21:50:45.899+0800`appName=oms`hostName=docker-20`logLevel=DEBUG`==>  Preparing: SELECT COUNT(1) FROM major WHERE operator_id = ? 
time=2019-03-13T21:50:45.902+0800`appName=oms`hostName=docker-20`logLevel=DEBUG`==> Parameters: 15207312(Long)
time=2019-03-13T21:50:45.907+0800`appName=oms`hostName=docker-20`logLevel=DEBUG`==>  Preparing: SELECT major_id AS majorId,major_name AS majorName,operator_id AS operatorId,college_id AS collegeId,ctime,utime FROM major WHERE operator_id = ? ORDER BY college_id ASC , major_id DESC LIMIT 0,20 
time=2019-03-13T21:50:45.908+0800`appName=oms`hostName=docker-20`logLevel=DEBUG`==> Parameters: 15207312(Long)
time=2019-03-13T21:50:45.910+0800`appName=oms`hostName=docker-20`logLevel=DEBUG`<==      Total: 1
time=2019-03-13T21:50:45.913+0800`appName=oms`hostName=docker-20`logLevel=DEBUG`==>  Preparing: SELECT college_id AS collegeId,college_name AS collegeName,operator_id AS operatorId,ctime,utime FROM college WHERE college_id IN (?) 
time=2019-03-13T21:50:45.914+0800`appName=oms`hostName=docker-20`logLevel=DEBUG`==> Parameters: 20(Long)
time=2019-03-13T21:50:45.917+0800`appName=oms`hostName=docker-20`logLevel=DEBUG`<==      Total: 1
time=2019-03-13T21:50:45.922+0800`appName=oms`hostName=docker-20`logLevel=DEBUG`==>  Preparing: SELECT operator_id AS operatorId,operator_name AS operatorName,operator_status AS operatorStatus,deleted,mobile,pwd,role_id AS roleId,ctime,utime FROM operator WHERE operator_id IN (?) 
time=2019-03-13T21:50:45.926+0800`appName=oms`hostName=docker-20`logLevel=DEBUG`==> Parameters: 15207312(Long)
time=2019-03-13T21:50:45.930+0800`appName=oms`hostName=docker-20`logLevel=DEBUG`<==      Total: 1
