time=2019-02-09T12:30:56.303+0800`appName=graduation`hostName=localhost`logLevel=DEBUG`==>  Preparing: SELECT relation_id AS relationId,role_id AS roleId,menu_id AS menuId,status,ctime,utime FROM role_menu_relation WHERE role_id = ? 
time=2019-02-09T12:30:56.355+0800`appName=graduation`hostName=localhost`logLevel=DEBUG`==> Parameters: 1(Long)
time=2019-02-09T12:30:56.399+0800`appName=graduation`hostName=localhost`logLevel=DEBUG`<==      Total: 7
time=2019-02-09T12:30:56.439+0800`appName=graduation`hostName=localhost`logLevel=DEBUG`==>  Preparing: SELECT menu_id AS menuId,title,href,icon,status,parent_id,ctime,utime FROM menu WHERE menu_id IN (?,?,?,?,?,?,?) 
time=2019-02-09T12:30:56.443+0800`appName=graduation`hostName=localhost`logLevel=DEBUG`==> Parameters: 2(Long), 3(Long), 4(Long), 5(Long), 1(Long), 7(Long), 8(Long)
time=2019-02-09T12:30:56.463+0800`appName=graduation`hostName=localhost`logLevel=DEBUG`<==      Total: 7
time=2019-02-09T12:31:03.972+0800`appName=graduation`hostName=localhost`logLevel=DEBUG`==>  Preparing: SELECT role_id AS roleId,role_name AS roleName,remark,deleted,ctime,utime FROM role 
time=2019-02-09T12:31:03.972+0800`appName=graduation`hostName=localhost`logLevel=DEBUG`==> Parameters: 
time=2019-02-09T12:31:03.984+0800`appName=graduation`hostName=localhost`logLevel=DEBUG`<==      Total: 5
time=2019-02-09T12:31:04.068+0800`appName=graduation`hostName=localhost`logLevel=DEBUG`==>  Preparing: SELECT COUNT(1) FROM operator 
time=2019-02-09T12:31:04.068+0800`appName=graduation`hostName=localhost`logLevel=DEBUG`==> Parameters: 
time=2019-02-09T12:31:04.076+0800`appName=graduation`hostName=localhost`logLevel=DEBUG`==>  Preparing: SELECT operator_id AS operatorId,operator_name AS operatorName,operator_status AS operatorStatus,deleted,mobile,pwd,role_id AS roleId,ctime,utime FROM operator LIMIT 0,10 
time=2019-02-09T12:31:04.076+0800`appName=graduation`hostName=localhost`logLevel=DEBUG`==> Parameters: 
time=2019-02-09T12:31:04.084+0800`appName=graduation`hostName=localhost`logLevel=DEBUG`<==      Total: 2
time=2019-02-09T12:31:04.088+0800`appName=graduation`hostName=localhost`logLevel=DEBUG`==>  Preparing: SELECT role_id AS roleId,role_name AS roleName,remark,deleted,ctime,utime FROM role WHERE role_id IN (?,?) 
time=2019-02-09T12:31:04.088+0800`appName=graduation`hostName=localhost`logLevel=DEBUG`==> Parameters: 17(Long), 9(Long)
time=2019-02-09T12:31:04.092+0800`appName=graduation`hostName=localhost`logLevel=DEBUG`<==      Total: 2
time=2019-02-09T12:31:15.038+0800`appName=graduation`hostName=localhost`logLevel=DEBUG`==>  Preparing: SELECT role_id AS roleId,role_name AS roleName,remark,deleted,ctime,utime FROM role 
time=2019-02-09T12:31:15.038+0800`appName=graduation`hostName=localhost`logLevel=DEBUG`==> Parameters: 
time=2019-02-09T12:31:15.038+0800`appName=graduation`hostName=localhost`logLevel=DEBUG`<==      Total: 5
time=2019-02-09T12:31:29.199+0800`appName=graduation`hostName=localhost`logLevel=DEBUG`==>  Preparing: SELECT COUNT(1) FROM operator WHERE operator_name = ? 
time=2019-02-09T12:31:29.199+0800`appName=graduation`hostName=localhost`logLevel=DEBUG`==> Parameters: 学院(String)
time=2019-02-09T12:31:29.203+0800`appName=graduation`hostName=localhost`logLevel=DEBUG`==>  Preparing: SELECT operator_id AS operatorId,operator_name AS operatorName,operator_status AS operatorStatus,deleted,mobile,pwd,role_id AS roleId,ctime,utime FROM operator WHERE operator_name = ? 
time=2019-02-09T12:31:29.203+0800`appName=graduation`hostName=localhost`logLevel=DEBUG`==> Parameters: 学院(String)
time=2019-02-09T12:31:29.207+0800`appName=graduation`hostName=localhost`logLevel=DEBUG`<==      Total: 0
time=2019-02-09T12:31:35.622+0800`appName=graduation`hostName=localhost`logLevel=DEBUG`==>  Preparing: SELECT COUNT(1) FROM operator 
time=2019-02-09T12:31:35.622+0800`appName=graduation`hostName=localhost`logLevel=DEBUG`==> Parameters: 
time=2019-02-09T12:31:35.626+0800`appName=graduation`hostName=localhost`logLevel=DEBUG`==>  Preparing: SELECT operator_id AS operatorId,operator_name AS operatorName,operator_status AS operatorStatus,deleted,mobile,pwd,role_id AS roleId,ctime,utime FROM operator LIMIT 0,10 
time=2019-02-09T12:31:35.626+0800`appName=graduation`hostName=localhost`logLevel=DEBUG`==> Parameters: 
time=2019-02-09T12:31:35.630+0800`appName=graduation`hostName=localhost`logLevel=DEBUG`<==      Total: 2
time=2019-02-09T12:31:35.630+0800`appName=graduation`hostName=localhost`logLevel=DEBUG`==>  Preparing: SELECT role_id AS roleId,role_name AS roleName,remark,deleted,ctime,utime FROM role WHERE role_id IN (?,?) 
time=2019-02-09T12:31:35.634+0800`appName=graduation`hostName=localhost`logLevel=DEBUG`==> Parameters: 17(Long), 9(Long)
time=2019-02-09T12:31:35.634+0800`appName=graduation`hostName=localhost`logLevel=DEBUG`<==      Total: 2
time=2019-02-09T12:31:38.290+0800`appName=graduation`hostName=localhost`logLevel=DEBUG`==>  Preparing: SELECT COUNT(1) FROM operator 
time=2019-02-09T12:31:38.290+0800`appName=graduation`hostName=localhost`logLevel=DEBUG`==> Parameters: 
time=2019-02-09T12:31:38.290+0800`appName=graduation`hostName=localhost`logLevel=DEBUG`==>  Preparing: SELECT operator_id AS operatorId,operator_name AS operatorName,operator_status AS operatorStatus,deleted,mobile,pwd,role_id AS roleId,ctime,utime FROM operator LIMIT 0,10 
time=2019-02-09T12:31:38.294+0800`appName=graduation`hostName=localhost`logLevel=DEBUG`==> Parameters: 
time=2019-02-09T12:31:38.298+0800`appName=graduation`hostName=localhost`logLevel=DEBUG`<==      Total: 2
time=2019-02-09T12:31:38.302+0800`appName=graduation`hostName=localhost`logLevel=DEBUG`==>  Preparing: SELECT role_id AS roleId,role_name AS roleName,remark,deleted,ctime,utime FROM role WHERE role_id IN (?,?) 
time=2019-02-09T12:31:38.302+0800`appName=graduation`hostName=localhost`logLevel=DEBUG`==> Parameters: 17(Long), 9(Long)
time=2019-02-09T12:31:38.306+0800`appName=graduation`hostName=localhost`logLevel=DEBUG`<==      Total: 2
time=2019-02-09T12:31:41.866+0800`appName=graduation`hostName=localhost`logLevel=DEBUG`==>  Preparing: SELECT relation_id AS relationId,role_id AS roleId,menu_id AS menuId,status,ctime,utime FROM role_menu_relation WHERE role_id = ? 
time=2019-02-09T12:31:41.870+0800`appName=graduation`hostName=localhost`logLevel=DEBUG`==> Parameters: 1(Long)
time=2019-02-09T12:31:41.874+0800`appName=graduation`hostName=localhost`logLevel=DEBUG`<==      Total: 7
time=2019-02-09T12:31:41.882+0800`appName=graduation`hostName=localhost`logLevel=DEBUG`==>  Preparing: SELECT menu_id AS menuId,title,href,icon,status,parent_id,ctime,utime FROM menu WHERE menu_id IN (?,?,?,?,?,?,?) 
time=2019-02-09T12:31:41.882+0800`appName=graduation`hostName=localhost`logLevel=DEBUG`==> Parameters: 2(Long), 3(Long), 4(Long), 5(Long), 1(Long), 7(Long), 8(Long)
time=2019-02-09T12:31:41.886+0800`appName=graduation`hostName=localhost`logLevel=DEBUG`<==      Total: 7
time=2019-02-09T12:31:42.090+0800`appName=graduation`hostName=localhost`logLevel=DEBUG`==>  Preparing: SELECT role_id AS roleId,role_name AS roleName,remark,deleted,ctime,utime FROM role 
time=2019-02-09T12:31:42.090+0800`appName=graduation`hostName=localhost`logLevel=DEBUG`==> Parameters: 
time=2019-02-09T12:31:42.094+0800`appName=graduation`hostName=localhost`logLevel=DEBUG`<==      Total: 5
time=2019-02-09T12:31:42.110+0800`appName=graduation`hostName=localhost`logLevel=DEBUG`==>  Preparing: SELECT COUNT(1) FROM operator 
time=2019-02-09T12:31:42.110+0800`appName=graduation`hostName=localhost`logLevel=DEBUG`==> Parameters: 
time=2019-02-09T12:31:42.114+0800`appName=graduation`hostName=localhost`logLevel=DEBUG`==>  Preparing: SELECT operator_id AS operatorId,operator_name AS operatorName,operator_status AS operatorStatus,deleted,mobile,pwd,role_id AS roleId,ctime,utime FROM operator LIMIT 0,10 
time=2019-02-09T12:31:42.114+0800`appName=graduation`hostName=localhost`logLevel=DEBUG`==> Parameters: 
time=2019-02-09T12:31:42.122+0800`appName=graduation`hostName=localhost`logLevel=DEBUG`<==      Total: 2
time=2019-02-09T12:31:42.126+0800`appName=graduation`hostName=localhost`logLevel=DEBUG`==>  Preparing: SELECT role_id AS roleId,role_name AS roleName,remark,deleted,ctime,utime FROM role WHERE role_id IN (?,?) 
time=2019-02-09T12:31:42.130+0800`appName=graduation`hostName=localhost`logLevel=DEBUG`==> Parameters: 17(Long), 9(Long)
time=2019-02-09T12:31:42.138+0800`appName=graduation`hostName=localhost`logLevel=DEBUG`<==      Total: 2
time=2019-02-09T12:31:42.174+0800`appName=graduation`hostName=localhost`logLevel=DEBUG`==>  Preparing: SELECT role_id AS roleId,role_name AS roleName,remark,deleted,ctime,utime FROM role 
time=2019-02-09T12:31:42.178+0800`appName=graduation`hostName=localhost`logLevel=DEBUG`==> Parameters: 
time=2019-02-09T12:31:42.182+0800`appName=graduation`hostName=localhost`logLevel=DEBUG`<==      Total: 5
time=2019-02-09T12:35:00.232+0800`appName=graduation`hostName=localhost`logLevel=DEBUG`==>  Preparing: SELECT relation_id AS relationId,role_id AS roleId,menu_id AS menuId,status,ctime,utime FROM role_menu_relation WHERE role_id = ? 
time=2019-02-09T12:35:00.268+0800`appName=graduation`hostName=localhost`logLevel=DEBUG`==> Parameters: 1(Long)
time=2019-02-09T12:35:00.292+0800`appName=graduation`hostName=localhost`logLevel=DEBUG`<==      Total: 7
time=2019-02-09T12:35:00.312+0800`appName=graduation`hostName=localhost`logLevel=DEBUG`==>  Preparing: SELECT menu_id AS menuId,title,href,icon,status,parent_id,ctime,utime FROM menu WHERE menu_id IN (?,?,?,?,?,?,?) 
time=2019-02-09T12:35:00.312+0800`appName=graduation`hostName=localhost`logLevel=DEBUG`==> Parameters: 2(Long), 3(Long), 4(Long), 5(Long), 1(Long), 7(Long), 8(Long)
time=2019-02-09T12:35:00.316+0800`appName=graduation`hostName=localhost`logLevel=DEBUG`<==      Total: 7
time=2019-02-09T12:35:01.388+0800`appName=graduation`hostName=localhost`logLevel=DEBUG`==>  Preparing: SELECT role_id AS roleId,role_name AS roleName,remark,deleted,ctime,utime FROM role 
time=2019-02-09T12:35:01.388+0800`appName=graduation`hostName=localhost`logLevel=DEBUG`==> Parameters: 
time=2019-02-09T12:35:01.400+0800`appName=graduation`hostName=localhost`logLevel=DEBUG`<==      Total: 5
time=2019-02-09T12:35:01.404+0800`appName=graduation`hostName=localhost`logLevel=DEBUG`==>  Preparing: SELECT role_id AS roleId,role_name AS roleName,remark,deleted,ctime,utime FROM role 
time=2019-02-09T12:35:01.408+0800`appName=graduation`hostName=localhost`logLevel=DEBUG`==> Parameters: 
time=2019-02-09T12:35:01.416+0800`appName=graduation`hostName=localhost`logLevel=DEBUG`<==      Total: 5
time=2019-02-09T12:35:01.480+0800`appName=graduation`hostName=localhost`logLevel=DEBUG`==>  Preparing: SELECT COUNT(1) FROM operator 
time=2019-02-09T12:35:01.480+0800`appName=graduation`hostName=localhost`logLevel=DEBUG`==> Parameters: 
time=2019-02-09T12:35:01.484+0800`appName=graduation`hostName=localhost`logLevel=DEBUG`==>  Preparing: SELECT operator_id AS operatorId,operator_name AS operatorName,operator_status AS operatorStatus,deleted,mobile,pwd,role_id AS roleId,ctime,utime FROM operator LIMIT 0,10 
time=2019-02-09T12:35:01.488+0800`appName=graduation`hostName=localhost`logLevel=DEBUG`==> Parameters: 
time=2019-02-09T12:35:01.488+0800`appName=graduation`hostName=localhost`logLevel=DEBUG`<==      Total: 2
time=2019-02-09T12:35:01.492+0800`appName=graduation`hostName=localhost`logLevel=DEBUG`==>  Preparing: SELECT role_id AS roleId,role_name AS roleName,remark,deleted,ctime,utime FROM role WHERE role_id IN (?,?) 
time=2019-02-09T12:35:01.492+0800`appName=graduation`hostName=localhost`logLevel=DEBUG`==> Parameters: 17(Long), 9(Long)
time=2019-02-09T12:35:01.496+0800`appName=graduation`hostName=localhost`logLevel=DEBUG`<==      Total: 2
time=2019-02-09T12:35:10.170+0800`appName=graduation`hostName=localhost`logLevel=DEBUG`==>  Preparing: SELECT COUNT(1) FROM operator WHERE operator_name = ? 
time=2019-02-09T12:35:10.170+0800`appName=graduation`hostName=localhost`logLevel=DEBUG`==> Parameters: 学院(String)
time=2019-02-09T12:35:10.174+0800`appName=graduation`hostName=localhost`logLevel=DEBUG`==>  Preparing: SELECT operator_id AS operatorId,operator_name AS operatorName,operator_status AS operatorStatus,deleted,mobile,pwd,role_id AS roleId,ctime,utime FROM operator WHERE operator_name = ? 
time=2019-02-09T12:35:10.174+0800`appName=graduation`hostName=localhost`logLevel=DEBUG`==> Parameters: 学院(String)
time=2019-02-09T12:35:10.178+0800`appName=graduation`hostName=localhost`logLevel=DEBUG`<==      Total: 0
time=2019-02-09T12:36:17.391+0800`appName=graduation`hostName=localhost`logLevel=DEBUG`==>  Preparing: SELECT COUNT(1) FROM operator 
time=2019-02-09T12:36:17.400+0800`appName=graduation`hostName=localhost`logLevel=DEBUG`==> Parameters: 
time=2019-02-09T12:36:17.400+0800`appName=graduation`hostName=localhost`logLevel=DEBUG`==>  Preparing: SELECT operator_id AS operatorId,operator_name AS operatorName,operator_status AS operatorStatus,deleted,mobile,pwd,role_id AS roleId,ctime,utime FROM operator LIMIT 0,10 
time=2019-02-09T12:36:17.400+0800`appName=graduation`hostName=localhost`logLevel=DEBUG`==> Parameters: 
time=2019-02-09T12:36:17.400+0800`appName=graduation`hostName=localhost`logLevel=DEBUG`<==      Total: 2
time=2019-02-09T12:36:17.410+0800`appName=graduation`hostName=localhost`logLevel=DEBUG`==>  Preparing: SELECT role_id AS roleId,role_name AS roleName,remark,deleted,ctime,utime FROM role WHERE role_id IN (?,?) 
time=2019-02-09T12:36:17.410+0800`appName=graduation`hostName=localhost`logLevel=DEBUG`==> Parameters: 17(Long), 9(Long)
time=2019-02-09T12:36:17.410+0800`appName=graduation`hostName=localhost`logLevel=DEBUG`<==      Total: 2
time=2019-02-09T12:36:35.185+0800`appName=graduation`hostName=localhost`logLevel=DEBUG`==>  Preparing: SELECT COUNT(1) FROM operator WHERE operator_name = ? 
time=2019-02-09T12:36:35.185+0800`appName=graduation`hostName=localhost`logLevel=DEBUG`==> Parameters: 学院(String)
time=2019-02-09T12:36:35.195+0800`appName=graduation`hostName=localhost`logLevel=DEBUG`==>  Preparing: SELECT operator_id AS operatorId,operator_name AS operatorName,operator_status AS operatorStatus,deleted,mobile,pwd,role_id AS roleId,ctime,utime FROM operator WHERE operator_name = ? 
time=2019-02-09T12:36:35.195+0800`appName=graduation`hostName=localhost`logLevel=DEBUG`==> Parameters: 学院(String)
time=2019-02-09T12:36:35.195+0800`appName=graduation`hostName=localhost`logLevel=DEBUG`<==      Total: 0
time=2019-02-09T12:37:16.955+0800`appName=graduation`hostName=localhost`logLevel=DEBUG`==>  Preparing: SELECT COUNT(1) FROM operator 
time=2019-02-09T12:37:16.955+0800`appName=graduation`hostName=localhost`logLevel=DEBUG`==> Parameters: 
time=2019-02-09T12:37:16.955+0800`appName=graduation`hostName=localhost`logLevel=DEBUG`==>  Preparing: SELECT operator_id AS operatorId,operator_name AS operatorName,operator_status AS operatorStatus,deleted,mobile,pwd,role_id AS roleId,ctime,utime FROM operator LIMIT 0,10 
time=2019-02-09T12:37:16.955+0800`appName=graduation`hostName=localhost`logLevel=DEBUG`==> Parameters: 
time=2019-02-09T12:37:16.965+0800`appName=graduation`hostName=localhost`logLevel=DEBUG`<==      Total: 2
time=2019-02-09T12:37:16.965+0800`appName=graduation`hostName=localhost`logLevel=DEBUG`==>  Preparing: SELECT role_id AS roleId,role_name AS roleName,remark,deleted,ctime,utime FROM role WHERE role_id IN (?,?) 
time=2019-02-09T12:37:16.965+0800`appName=graduation`hostName=localhost`logLevel=DEBUG`==> Parameters: 17(Long), 9(Long)
time=2019-02-09T12:37:16.975+0800`appName=graduation`hostName=localhost`logLevel=DEBUG`<==      Total: 2
time=2019-02-09T12:37:49.007+0800`appName=graduation`hostName=localhost`logLevel=DEBUG`==>  Preparing: SELECT COUNT(1) FROM operator WHERE operator_name = ? 
time=2019-02-09T12:37:49.007+0800`appName=graduation`hostName=localhost`logLevel=DEBUG`==> Parameters: 学院(String)
time=2019-02-09T12:37:49.007+0800`appName=graduation`hostName=localhost`logLevel=DEBUG`==>  Preparing: SELECT operator_id AS operatorId,operator_name AS operatorName,operator_status AS operatorStatus,deleted,mobile,pwd,role_id AS roleId,ctime,utime FROM operator WHERE operator_name = ? 
time=2019-02-09T12:37:49.007+0800`appName=graduation`hostName=localhost`logLevel=DEBUG`==> Parameters: 学院(String)
time=2019-02-09T12:37:49.007+0800`appName=graduation`hostName=localhost`logLevel=DEBUG`<==      Total: 0
time=2019-02-09T12:40:41.407+0800`appName=graduation`hostName=localhost`logLevel=DEBUG`==>  Preparing: SELECT COUNT(1) FROM operator 
time=2019-02-09T12:40:41.407+0800`appName=graduation`hostName=localhost`logLevel=DEBUG`==> Parameters: 
time=2019-02-09T12:40:41.410+0800`appName=graduation`hostName=localhost`logLevel=DEBUG`==>  Preparing: SELECT operator_id AS operatorId,operator_name AS operatorName,operator_status AS operatorStatus,deleted,mobile,pwd,role_id AS roleId,ctime,utime FROM operator LIMIT 0,10 
time=2019-02-09T12:40:41.410+0800`appName=graduation`hostName=localhost`logLevel=DEBUG`==> Parameters: 
time=2019-02-09T12:40:41.414+0800`appName=graduation`hostName=localhost`logLevel=DEBUG`<==      Total: 2
time=2019-02-09T12:40:41.418+0800`appName=graduation`hostName=localhost`logLevel=DEBUG`==>  Preparing: SELECT role_id AS roleId,role_name AS roleName,remark,deleted,ctime,utime FROM role WHERE role_id IN (?,?) 
time=2019-02-09T12:40:41.419+0800`appName=graduation`hostName=localhost`logLevel=DEBUG`==> Parameters: 17(Long), 9(Long)
time=2019-02-09T12:40:41.424+0800`appName=graduation`hostName=localhost`logLevel=DEBUG`<==      Total: 2
time=2019-02-09T12:40:53.093+0800`appName=graduation`hostName=localhost`logLevel=DEBUG`==>  Preparing: SELECT COUNT(1) FROM operator WHERE operator_name = ? 
time=2019-02-09T12:40:53.094+0800`appName=graduation`hostName=localhost`logLevel=DEBUG`==> Parameters: zy(String)
time=2019-02-09T12:40:53.098+0800`appName=graduation`hostName=localhost`logLevel=DEBUG`==>  Preparing: SELECT operator_id AS operatorId,operator_name AS operatorName,operator_status AS operatorStatus,deleted,mobile,pwd,role_id AS roleId,ctime,utime FROM operator WHERE operator_name = ? LIMIT 0,10 
time=2019-02-09T12:40:53.100+0800`appName=graduation`hostName=localhost`logLevel=DEBUG`==> Parameters: zy(String)
time=2019-02-09T12:40:53.105+0800`appName=graduation`hostName=localhost`logLevel=DEBUG`<==      Total: 1
time=2019-02-09T12:40:53.109+0800`appName=graduation`hostName=localhost`logLevel=DEBUG`==>  Preparing: SELECT role_id AS roleId,role_name AS roleName,remark,deleted,ctime,utime FROM role WHERE role_id IN (?) 
time=2019-02-09T12:40:53.110+0800`appName=graduation`hostName=localhost`logLevel=DEBUG`==> Parameters: 17(Long)
time=2019-02-09T12:40:53.114+0800`appName=graduation`hostName=localhost`logLevel=DEBUG`<==      Total: 1
time=2019-02-09T12:40:55.768+0800`appName=graduation`hostName=localhost`logLevel=DEBUG`==>  Preparing: SELECT COUNT(1) FROM operator 
time=2019-02-09T12:40:55.769+0800`appName=graduation`hostName=localhost`logLevel=DEBUG`==> Parameters: 
time=2019-02-09T12:40:55.772+0800`appName=graduation`hostName=localhost`logLevel=DEBUG`==>  Preparing: SELECT operator_id AS operatorId,operator_name AS operatorName,operator_status AS operatorStatus,deleted,mobile,pwd,role_id AS roleId,ctime,utime FROM operator LIMIT 0,10 
time=2019-02-09T12:40:55.772+0800`appName=graduation`hostName=localhost`logLevel=DEBUG`==> Parameters: 
time=2019-02-09T12:40:55.775+0800`appName=graduation`hostName=localhost`logLevel=DEBUG`<==      Total: 2
time=2019-02-09T12:40:55.778+0800`appName=graduation`hostName=localhost`logLevel=DEBUG`==>  Preparing: SELECT role_id AS roleId,role_name AS roleName,remark,deleted,ctime,utime FROM role WHERE role_id IN (?,?) 
time=2019-02-09T12:40:55.779+0800`appName=graduation`hostName=localhost`logLevel=DEBUG`==> Parameters: 17(Long), 9(Long)
time=2019-02-09T12:40:55.786+0800`appName=graduation`hostName=localhost`logLevel=DEBUG`<==      Total: 2
time=2019-02-09T12:40:59.666+0800`appName=graduation`hostName=localhost`logLevel=DEBUG`==>  Preparing: SELECT relation_id AS relationId,role_id AS roleId,menu_id AS menuId,status,ctime,utime FROM role_menu_relation WHERE role_id = ? 
time=2019-02-09T12:40:59.666+0800`appName=graduation`hostName=localhost`logLevel=DEBUG`==> Parameters: 1(Long)
time=2019-02-09T12:40:59.671+0800`appName=graduation`hostName=localhost`logLevel=DEBUG`<==      Total: 7
time=2019-02-09T12:40:59.675+0800`appName=graduation`hostName=localhost`logLevel=DEBUG`==>  Preparing: SELECT menu_id AS menuId,title,href,icon,status,parent_id,ctime,utime FROM menu WHERE menu_id IN (?,?,?,?,?,?,?) 
time=2019-02-09T12:40:59.676+0800`appName=graduation`hostName=localhost`logLevel=DEBUG`==> Parameters: 2(Long), 3(Long), 4(Long), 5(Long), 1(Long), 7(Long), 8(Long)
time=2019-02-09T12:40:59.681+0800`appName=graduation`hostName=localhost`logLevel=DEBUG`<==      Total: 7
time=2019-02-09T12:41:00.456+0800`appName=graduation`hostName=localhost`logLevel=DEBUG`==>  Preparing: SELECT role_id AS roleId,role_name AS roleName,remark,deleted,ctime,utime FROM role 
time=2019-02-09T12:41:00.456+0800`appName=graduation`hostName=localhost`logLevel=DEBUG`==> Parameters: 
time=2019-02-09T12:41:00.460+0800`appName=graduation`hostName=localhost`logLevel=DEBUG`<==      Total: 5
time=2019-02-09T12:41:00.520+0800`appName=graduation`hostName=localhost`logLevel=DEBUG`==>  Preparing: SELECT COUNT(1) FROM operator 
time=2019-02-09T12:41:00.521+0800`appName=graduation`hostName=localhost`logLevel=DEBUG`==> Parameters: 
time=2019-02-09T12:41:00.524+0800`appName=graduation`hostName=localhost`logLevel=DEBUG`==>  Preparing: SELECT operator_id AS operatorId,operator_name AS operatorName,operator_status AS operatorStatus,deleted,mobile,pwd,role_id AS roleId,ctime,utime FROM operator LIMIT 0,10 
time=2019-02-09T12:41:00.524+0800`appName=graduation`hostName=localhost`logLevel=DEBUG`==> Parameters: 
time=2019-02-09T12:41:00.527+0800`appName=graduation`hostName=localhost`logLevel=DEBUG`<==      Total: 2
time=2019-02-09T12:41:00.530+0800`appName=graduation`hostName=localhost`logLevel=DEBUG`==>  Preparing: SELECT role_id AS roleId,role_name AS roleName,remark,deleted,ctime,utime FROM role WHERE role_id IN (?,?) 
time=2019-02-09T12:41:00.530+0800`appName=graduation`hostName=localhost`logLevel=DEBUG`==> Parameters: 17(Long), 9(Long)
time=2019-02-09T12:41:00.533+0800`appName=graduation`hostName=localhost`logLevel=DEBUG`<==      Total: 2
time=2019-02-09T12:41:00.610+0800`appName=graduation`hostName=localhost`logLevel=DEBUG`==>  Preparing: SELECT role_id AS roleId,role_name AS roleName,remark,deleted,ctime,utime FROM role 
time=2019-02-09T12:41:00.611+0800`appName=graduation`hostName=localhost`logLevel=DEBUG`==> Parameters: 
time=2019-02-09T12:41:00.615+0800`appName=graduation`hostName=localhost`logLevel=DEBUG`<==      Total: 5
time=2019-02-09T12:48:48.578+0800`appName=graduation`hostName=localhost`logLevel=DEBUG`==>  Preparing: SELECT relation_id AS relationId,role_id AS roleId,menu_id AS menuId,status,ctime,utime FROM role_menu_relation WHERE role_id = ? 
time=2019-02-09T12:48:48.642+0800`appName=graduation`hostName=localhost`logLevel=DEBUG`==> Parameters: 1(Long)
time=2019-02-09T12:48:48.673+0800`appName=graduation`hostName=localhost`logLevel=DEBUG`<==      Total: 7
time=2019-02-09T12:48:48.694+0800`appName=graduation`hostName=localhost`logLevel=DEBUG`==>  Preparing: SELECT menu_id AS menuId,title,href,icon,status,parent_id,ctime,utime FROM menu WHERE menu_id IN (?,?,?,?,?,?,?) 
time=2019-02-09T12:48:48.695+0800`appName=graduation`hostName=localhost`logLevel=DEBUG`==> Parameters: 2(Long), 3(Long), 4(Long), 5(Long), 1(Long), 7(Long), 8(Long)
time=2019-02-09T12:48:48.703+0800`appName=graduation`hostName=localhost`logLevel=DEBUG`<==      Total: 7
time=2019-02-09T12:49:01.159+0800`appName=graduation`hostName=localhost`logLevel=DEBUG`==>  Preparing: SELECT relation_id AS relationId,role_id AS roleId,menu_id AS menuId,status,ctime,utime FROM role_menu_relation WHERE role_id = ? 
time=2019-02-09T12:49:01.161+0800`appName=graduation`hostName=localhost`logLevel=DEBUG`==> Parameters: 1(Long)
time=2019-02-09T12:49:01.169+0800`appName=graduation`hostName=localhost`logLevel=DEBUG`<==      Total: 7
time=2019-02-09T12:49:01.173+0800`appName=graduation`hostName=localhost`logLevel=DEBUG`==>  Preparing: SELECT menu_id AS menuId,title,href,icon,status,parent_id,ctime,utime FROM menu WHERE menu_id IN (?,?,?,?,?,?,?) 
time=2019-02-09T12:49:01.175+0800`appName=graduation`hostName=localhost`logLevel=DEBUG`==> Parameters: 2(Long), 3(Long), 4(Long), 5(Long), 1(Long), 7(Long), 8(Long)
time=2019-02-09T12:49:01.180+0800`appName=graduation`hostName=localhost`logLevel=DEBUG`<==      Total: 7
time=2019-02-09T12:51:56.253+0800`appName=graduation`hostName=localhost`logLevel=DEBUG`==>  Preparing: SELECT relation_id AS relationId,role_id AS roleId,menu_id AS menuId,status,ctime,utime FROM role_menu_relation WHERE role_id = ? 
time=2019-02-09T12:51:56.305+0800`appName=graduation`hostName=localhost`logLevel=DEBUG`==> Parameters: 1(Long)
time=2019-02-09T12:51:56.338+0800`appName=graduation`hostName=localhost`logLevel=DEBUG`<==      Total: 7
time=2019-02-09T12:51:56.365+0800`appName=graduation`hostName=localhost`logLevel=DEBUG`==>  Preparing: SELECT menu_id AS menuId,title,href,icon,status,parent_id,ctime,utime FROM menu WHERE menu_id IN (?,?,?,?,?,?,?) 
time=2019-02-09T12:51:56.368+0800`appName=graduation`hostName=localhost`logLevel=DEBUG`==> Parameters: 2(Long), 3(Long), 4(Long), 5(Long), 1(Long), 7(Long), 8(Long)
time=2019-02-09T12:51:56.374+0800`appName=graduation`hostName=localhost`logLevel=DEBUG`<==      Total: 7
time=2019-02-09T12:52:09.874+0800`appName=graduation`hostName=localhost`logLevel=DEBUG`==>  Preparing: SELECT relation_id AS relationId,role_id AS roleId,menu_id AS menuId,status,ctime,utime FROM role_menu_relation WHERE role_id = ? 
time=2019-02-09T12:52:09.875+0800`appName=graduation`hostName=localhost`logLevel=DEBUG`==> Parameters: 1(Long)
time=2019-02-09T12:52:09.883+0800`appName=graduation`hostName=localhost`logLevel=DEBUG`<==      Total: 7
time=2019-02-09T12:52:09.887+0800`appName=graduation`hostName=localhost`logLevel=DEBUG`==>  Preparing: SELECT menu_id AS menuId,title,href,icon,status,parent_id,ctime,utime FROM menu WHERE menu_id IN (?,?,?,?,?,?,?) 
time=2019-02-09T12:52:09.888+0800`appName=graduation`hostName=localhost`logLevel=DEBUG`==> Parameters: 2(Long), 3(Long), 4(Long), 5(Long), 1(Long), 7(Long), 8(Long)
time=2019-02-09T12:52:09.893+0800`appName=graduation`hostName=localhost`logLevel=DEBUG`<==      Total: 7
time=2019-02-09T12:55:43.766+0800`appName=graduation`hostName=localhost`logLevel=DEBUG`==>  Preparing: SELECT COUNT(1) FROM operator_role_relation 
time=2019-02-09T12:55:43.767+0800`appName=graduation`hostName=localhost`logLevel=DEBUG`==> Parameters: 
time=2019-02-09T12:55:43.778+0800`appName=graduation`hostName=localhost`logLevel=DEBUG`==>  Preparing: SELECT relation_id AS relationId,operator_id AS operatorId,role_id AS roleId,deleted,ctime,utime FROM operator_role_relation LIMIT 0,10 
time=2019-02-09T12:55:43.778+0800`appName=graduation`hostName=localhost`logLevel=DEBUG`==> Parameters: 
time=2019-02-09T12:55:43.782+0800`appName=graduation`hostName=localhost`logLevel=DEBUG`<==      Total: 2
time=2019-02-09T12:55:43.796+0800`appName=graduation`hostName=localhost`logLevel=DEBUG`==>  Preparing: SELECT role_id AS roleId,role_name AS roleName,remark,deleted,ctime,utime FROM role WHERE role_id IN (?,?) 
time=2019-02-09T12:55:43.797+0800`appName=graduation`hostName=localhost`logLevel=DEBUG`==> Parameters: 9(Long), 17(Long)
time=2019-02-09T12:55:43.800+0800`appName=graduation`hostName=localhost`logLevel=DEBUG`<==      Total: 2
time=2019-02-09T12:55:43.819+0800`appName=graduation`hostName=localhost`logLevel=DEBUG`==>  Preparing: SELECT operator_id AS operatorId,operator_name AS operatorName,operator_status AS operatorStatus,deleted,mobile,pwd,role_id AS roleId,ctime,utime FROM operator WHERE operator_id IN (?,?) 
time=2019-02-09T12:55:43.819+0800`appName=graduation`hostName=localhost`logLevel=DEBUG`==> Parameters: 15207312(Long), 15207310(Long)
time=2019-02-09T12:55:43.824+0800`appName=graduation`hostName=localhost`logLevel=DEBUG`<==      Total: 2
time=2019-02-09T12:55:52.796+0800`appName=graduation`hostName=localhost`logLevel=DEBUG`==>  Preparing: SELECT COUNT(1) FROM operator_role_relation 
time=2019-02-09T12:55:52.797+0800`appName=graduation`hostName=localhost`logLevel=DEBUG`==> Parameters: 
time=2019-02-09T12:55:52.800+0800`appName=graduation`hostName=localhost`logLevel=DEBUG`==>  Preparing: SELECT relation_id AS relationId,operator_id AS operatorId,role_id AS roleId,deleted,ctime,utime FROM operator_role_relation LIMIT 0,10 
time=2019-02-09T12:55:52.801+0800`appName=graduation`hostName=localhost`logLevel=DEBUG`==> Parameters: 
time=2019-02-09T12:55:52.804+0800`appName=graduation`hostName=localhost`logLevel=DEBUG`<==      Total: 2
time=2019-02-09T12:55:52.806+0800`appName=graduation`hostName=localhost`logLevel=DEBUG`==>  Preparing: SELECT role_id AS roleId,role_name AS roleName,remark,deleted,ctime,utime FROM role WHERE role_id IN (?,?) 
time=2019-02-09T12:55:52.807+0800`appName=graduation`hostName=localhost`logLevel=DEBUG`==> Parameters: 9(Long), 17(Long)
time=2019-02-09T12:55:52.811+0800`appName=graduation`hostName=localhost`logLevel=DEBUG`<==      Total: 2
time=2019-02-09T12:55:52.813+0800`appName=graduation`hostName=localhost`logLevel=DEBUG`==>  Preparing: SELECT operator_id AS operatorId,operator_name AS operatorName,operator_status AS operatorStatus,deleted,mobile,pwd,role_id AS roleId,ctime,utime FROM operator WHERE operator_id IN (?,?) 
time=2019-02-09T12:55:52.814+0800`appName=graduation`hostName=localhost`logLevel=DEBUG`==> Parameters: 15207312(Long), 15207310(Long)
time=2019-02-09T12:55:52.816+0800`appName=graduation`hostName=localhost`logLevel=DEBUG`<==      Total: 2
time=2019-02-09T12:55:53.537+0800`appName=graduation`hostName=localhost`logLevel=DEBUG`==>  Preparing: SELECT COUNT(1) FROM operator_role_relation 
time=2019-02-09T12:55:53.537+0800`appName=graduation`hostName=localhost`logLevel=DEBUG`==> Parameters: 
time=2019-02-09T12:55:53.540+0800`appName=graduation`hostName=localhost`logLevel=DEBUG`==>  Preparing: SELECT relation_id AS relationId,operator_id AS operatorId,role_id AS roleId,deleted,ctime,utime FROM operator_role_relation LIMIT 0,10 
time=2019-02-09T12:55:53.540+0800`appName=graduation`hostName=localhost`logLevel=DEBUG`==> Parameters: 
time=2019-02-09T12:55:53.544+0800`appName=graduation`hostName=localhost`logLevel=DEBUG`<==      Total: 2
time=2019-02-09T12:55:53.547+0800`appName=graduation`hostName=localhost`logLevel=DEBUG`==>  Preparing: SELECT role_id AS roleId,role_name AS roleName,remark,deleted,ctime,utime FROM role WHERE role_id IN (?,?) 
time=2019-02-09T12:55:53.548+0800`appName=graduation`hostName=localhost`logLevel=DEBUG`==> Parameters: 9(Long), 17(Long)
time=2019-02-09T12:55:53.551+0800`appName=graduation`hostName=localhost`logLevel=DEBUG`<==      Total: 2
time=2019-02-09T12:55:53.553+0800`appName=graduation`hostName=localhost`logLevel=DEBUG`==>  Preparing: SELECT operator_id AS operatorId,operator_name AS operatorName,operator_status AS operatorStatus,deleted,mobile,pwd,role_id AS roleId,ctime,utime FROM operator WHERE operator_id IN (?,?) 
time=2019-02-09T12:55:53.554+0800`appName=graduation`hostName=localhost`logLevel=DEBUG`==> Parameters: 15207312(Long), 15207310(Long)
time=2019-02-09T12:55:53.557+0800`appName=graduation`hostName=localhost`logLevel=DEBUG`<==      Total: 2
time=2019-02-09T12:55:54.151+0800`appName=graduation`hostName=localhost`logLevel=DEBUG`==>  Preparing: SELECT COUNT(1) FROM operator_role_relation 
time=2019-02-09T12:55:54.152+0800`appName=graduation`hostName=localhost`logLevel=DEBUG`==> Parameters: 
time=2019-02-09T12:55:54.156+0800`appName=graduation`hostName=localhost`logLevel=DEBUG`==>  Preparing: SELECT relation_id AS relationId,operator_id AS operatorId,role_id AS roleId,deleted,ctime,utime FROM operator_role_relation LIMIT 0,10 
time=2019-02-09T12:55:54.157+0800`appName=graduation`hostName=localhost`logLevel=DEBUG`==> Parameters: 
time=2019-02-09T12:55:54.161+0800`appName=graduation`hostName=localhost`logLevel=DEBUG`<==      Total: 2
time=2019-02-09T12:55:54.164+0800`appName=graduation`hostName=localhost`logLevel=DEBUG`==>  Preparing: SELECT role_id AS roleId,role_name AS roleName,remark,deleted,ctime,utime FROM role WHERE role_id IN (?,?) 
time=2019-02-09T12:55:54.165+0800`appName=graduation`hostName=localhost`logLevel=DEBUG`==> Parameters: 9(Long), 17(Long)
time=2019-02-09T12:55:54.167+0800`appName=graduation`hostName=localhost`logLevel=DEBUG`<==      Total: 2
time=2019-02-09T12:55:54.172+0800`appName=graduation`hostName=localhost`logLevel=DEBUG`==>  Preparing: SELECT operator_id AS operatorId,operator_name AS operatorName,operator_status AS operatorStatus,deleted,mobile,pwd,role_id AS roleId,ctime,utime FROM operator WHERE operator_id IN (?,?) 
time=2019-02-09T12:55:54.174+0800`appName=graduation`hostName=localhost`logLevel=DEBUG`==> Parameters: 15207312(Long), 15207310(Long)
time=2019-02-09T12:55:54.181+0800`appName=graduation`hostName=localhost`logLevel=DEBUG`<==      Total: 2
time=2019-02-09T12:55:54.799+0800`appName=graduation`hostName=localhost`logLevel=DEBUG`==>  Preparing: SELECT COUNT(1) FROM operator_role_relation 
time=2019-02-09T12:55:54.800+0800`appName=graduation`hostName=localhost`logLevel=DEBUG`==> Parameters: 
time=2019-02-09T12:55:54.803+0800`appName=graduation`hostName=localhost`logLevel=DEBUG`==>  Preparing: SELECT relation_id AS relationId,operator_id AS operatorId,role_id AS roleId,deleted,ctime,utime FROM operator_role_relation LIMIT 0,10 
time=2019-02-09T12:55:54.803+0800`appName=graduation`hostName=localhost`logLevel=DEBUG`==> Parameters: 
time=2019-02-09T12:55:54.805+0800`appName=graduation`hostName=localhost`logLevel=DEBUG`<==      Total: 2
time=2019-02-09T12:55:54.808+0800`appName=graduation`hostName=localhost`logLevel=DEBUG`==>  Preparing: SELECT role_id AS roleId,role_name AS roleName,remark,deleted,ctime,utime FROM role WHERE role_id IN (?,?) 
time=2019-02-09T12:55:54.808+0800`appName=graduation`hostName=localhost`logLevel=DEBUG`==> Parameters: 9(Long), 17(Long)
time=2019-02-09T12:55:54.812+0800`appName=graduation`hostName=localhost`logLevel=DEBUG`<==      Total: 2
time=2019-02-09T12:55:54.813+0800`appName=graduation`hostName=localhost`logLevel=DEBUG`==>  Preparing: SELECT operator_id AS operatorId,operator_name AS operatorName,operator_status AS operatorStatus,deleted,mobile,pwd,role_id AS roleId,ctime,utime FROM operator WHERE operator_id IN (?,?) 
time=2019-02-09T12:55:54.814+0800`appName=graduation`hostName=localhost`logLevel=DEBUG`==> Parameters: 15207312(Long), 15207310(Long)
time=2019-02-09T12:55:54.817+0800`appName=graduation`hostName=localhost`logLevel=DEBUG`<==      Total: 2
time=2019-02-09T12:55:55.403+0800`appName=graduation`hostName=localhost`logLevel=DEBUG`==>  Preparing: SELECT COUNT(1) FROM operator_role_relation 
time=2019-02-09T12:55:55.404+0800`appName=graduation`hostName=localhost`logLevel=DEBUG`==> Parameters: 
time=2019-02-09T12:55:55.407+0800`appName=graduation`hostName=localhost`logLevel=DEBUG`==>  Preparing: SELECT relation_id AS relationId,operator_id AS operatorId,role_id AS roleId,deleted,ctime,utime FROM operator_role_relation LIMIT 0,10 
time=2019-02-09T12:55:55.408+0800`appName=graduation`hostName=localhost`logLevel=DEBUG`==> Parameters: 
time=2019-02-09T12:55:55.411+0800`appName=graduation`hostName=localhost`logLevel=DEBUG`<==      Total: 2
time=2019-02-09T12:55:55.413+0800`appName=graduation`hostName=localhost`logLevel=DEBUG`==>  Preparing: SELECT role_id AS roleId,role_name AS roleName,remark,deleted,ctime,utime FROM role WHERE role_id IN (?,?) 
time=2019-02-09T12:55:55.414+0800`appName=graduation`hostName=localhost`logLevel=DEBUG`==> Parameters: 9(Long), 17(Long)
time=2019-02-09T12:55:55.416+0800`appName=graduation`hostName=localhost`logLevel=DEBUG`<==      Total: 2
time=2019-02-09T12:55:55.419+0800`appName=graduation`hostName=localhost`logLevel=DEBUG`==>  Preparing: SELECT operator_id AS operatorId,operator_name AS operatorName,operator_status AS operatorStatus,deleted,mobile,pwd,role_id AS roleId,ctime,utime FROM operator WHERE operator_id IN (?,?) 
time=2019-02-09T12:55:55.419+0800`appName=graduation`hostName=localhost`logLevel=DEBUG`==> Parameters: 15207312(Long), 15207310(Long)
time=2019-02-09T12:55:55.424+0800`appName=graduation`hostName=localhost`logLevel=DEBUG`<==      Total: 2
time=2019-02-09T12:55:55.968+0800`appName=graduation`hostName=localhost`logLevel=DEBUG`==>  Preparing: SELECT COUNT(1) FROM operator_role_relation 
time=2019-02-09T12:55:55.968+0800`appName=graduation`hostName=localhost`logLevel=DEBUG`==> Parameters: 
time=2019-02-09T12:55:55.972+0800`appName=graduation`hostName=localhost`logLevel=DEBUG`==>  Preparing: SELECT relation_id AS relationId,operator_id AS operatorId,role_id AS roleId,deleted,ctime,utime FROM operator_role_relation LIMIT 0,10 
time=2019-02-09T12:55:55.973+0800`appName=graduation`hostName=localhost`logLevel=DEBUG`==> Parameters: 
time=2019-02-09T12:55:55.975+0800`appName=graduation`hostName=localhost`logLevel=DEBUG`<==      Total: 2
time=2019-02-09T12:55:55.980+0800`appName=graduation`hostName=localhost`logLevel=DEBUG`==>  Preparing: SELECT role_id AS roleId,role_name AS roleName,remark,deleted,ctime,utime FROM role WHERE role_id IN (?,?) 
time=2019-02-09T12:55:55.981+0800`appName=graduation`hostName=localhost`logLevel=DEBUG`==> Parameters: 9(Long), 17(Long)
time=2019-02-09T12:55:55.983+0800`appName=graduation`hostName=localhost`logLevel=DEBUG`<==      Total: 2
time=2019-02-09T12:55:55.985+0800`appName=graduation`hostName=localhost`logLevel=DEBUG`==>  Preparing: SELECT operator_id AS operatorId,operator_name AS operatorName,operator_status AS operatorStatus,deleted,mobile,pwd,role_id AS roleId,ctime,utime FROM operator WHERE operator_id IN (?,?) 
time=2019-02-09T12:55:55.985+0800`appName=graduation`hostName=localhost`logLevel=DEBUG`==> Parameters: 15207312(Long), 15207310(Long)
time=2019-02-09T12:55:55.992+0800`appName=graduation`hostName=localhost`logLevel=DEBUG`<==      Total: 2
time=2019-02-09T12:55:56.551+0800`appName=graduation`hostName=localhost`logLevel=DEBUG`==>  Preparing: SELECT COUNT(1) FROM operator_role_relation 
time=2019-02-09T12:55:56.552+0800`appName=graduation`hostName=localhost`logLevel=DEBUG`==> Parameters: 
time=2019-02-09T12:55:56.554+0800`appName=graduation`hostName=localhost`logLevel=DEBUG`==>  Preparing: SELECT relation_id AS relationId,operator_id AS operatorId,role_id AS roleId,deleted,ctime,utime FROM operator_role_relation LIMIT 0,10 
time=2019-02-09T12:55:56.554+0800`appName=graduation`hostName=localhost`logLevel=DEBUG`==> Parameters: 
time=2019-02-09T12:55:56.558+0800`appName=graduation`hostName=localhost`logLevel=DEBUG`<==      Total: 2
time=2019-02-09T12:55:56.560+0800`appName=graduation`hostName=localhost`logLevel=DEBUG`==>  Preparing: SELECT role_id AS roleId,role_name AS roleName,remark,deleted,ctime,utime FROM role WHERE role_id IN (?,?) 
time=2019-02-09T12:55:56.561+0800`appName=graduation`hostName=localhost`logLevel=DEBUG`==> Parameters: 9(Long), 17(Long)
time=2019-02-09T12:55:56.564+0800`appName=graduation`hostName=localhost`logLevel=DEBUG`<==      Total: 2
time=2019-02-09T12:55:56.566+0800`appName=graduation`hostName=localhost`logLevel=DEBUG`==>  Preparing: SELECT operator_id AS operatorId,operator_name AS operatorName,operator_status AS operatorStatus,deleted,mobile,pwd,role_id AS roleId,ctime,utime FROM operator WHERE operator_id IN (?,?) 
time=2019-02-09T12:55:56.567+0800`appName=graduation`hostName=localhost`logLevel=DEBUG`==> Parameters: 15207312(Long), 15207310(Long)
time=2019-02-09T12:55:56.571+0800`appName=graduation`hostName=localhost`logLevel=DEBUG`<==      Total: 2
time=2019-02-09T12:56:00.622+0800`appName=graduation`hostName=localhost`logLevel=DEBUG`==>  Preparing: SELECT role_id AS roleId,role_name AS roleName,remark,deleted,ctime,utime FROM role 
time=2019-02-09T12:56:00.622+0800`appName=graduation`hostName=localhost`logLevel=DEBUG`==> Parameters: 
time=2019-02-09T12:56:00.624+0800`appName=graduation`hostName=localhost`logLevel=DEBUG`<==      Total: 5
time=2019-02-09T13:04:05.589+0800`appName=graduation`hostName=localhost`logLevel=DEBUG`==>  Preparing: SELECT relation_id AS relationId,role_id AS roleId,menu_id AS menuId,status,ctime,utime FROM role_menu_relation WHERE role_id = ? 
time=2019-02-09T13:04:05.624+0800`appName=graduation`hostName=localhost`logLevel=DEBUG`==> Parameters: 1(Long)
time=2019-02-09T13:04:05.650+0800`appName=graduation`hostName=localhost`logLevel=DEBUG`<==      Total: 7
time=2019-02-09T13:04:05.669+0800`appName=graduation`hostName=localhost`logLevel=DEBUG`==>  Preparing: SELECT menu_id AS menuId,title,href,icon,status,parent_id,ctime,utime FROM menu WHERE menu_id IN (?,?,?,?,?,?,?) 
time=2019-02-09T13:04:05.670+0800`appName=graduation`hostName=localhost`logLevel=DEBUG`==> Parameters: 2(Long), 3(Long), 4(Long), 5(Long), 1(Long), 7(Long), 8(Long)
time=2019-02-09T13:04:05.675+0800`appName=graduation`hostName=localhost`logLevel=DEBUG`<==      Total: 7
time=2019-02-09T13:04:22.809+0800`appName=graduation`hostName=localhost`logLevel=DEBUG`==>  Preparing: SELECT relation_id AS relationId,role_id AS roleId,menu_id AS menuId,status,ctime,utime FROM role_menu_relation WHERE role_id = ? 
time=2019-02-09T13:04:22.810+0800`appName=graduation`hostName=localhost`logLevel=DEBUG`==> Parameters: 1(Long)
time=2019-02-09T13:04:22.816+0800`appName=graduation`hostName=localhost`logLevel=DEBUG`<==      Total: 7
time=2019-02-09T13:04:22.819+0800`appName=graduation`hostName=localhost`logLevel=DEBUG`==>  Preparing: SELECT menu_id AS menuId,title,href,icon,status,parent_id,ctime,utime FROM menu WHERE menu_id IN (?,?,?,?,?,?,?) 
time=2019-02-09T13:04:22.821+0800`appName=graduation`hostName=localhost`logLevel=DEBUG`==> Parameters: 2(Long), 3(Long), 4(Long), 5(Long), 1(Long), 7(Long), 8(Long)
time=2019-02-09T13:04:22.826+0800`appName=graduation`hostName=localhost`logLevel=DEBUG`<==      Total: 7
time=2019-02-09T13:04:28.120+0800`appName=graduation`hostName=localhost`logLevel=DEBUG`==>  Preparing: SELECT role_id AS roleId,role_name AS roleName,remark,deleted,ctime,utime FROM role 
time=2019-02-09T13:04:28.120+0800`appName=graduation`hostName=localhost`logLevel=DEBUG`==> Parameters: 
time=2019-02-09T13:04:28.124+0800`appName=graduation`hostName=localhost`logLevel=DEBUG`<==      Total: 5
time=2019-02-09T13:04:28.204+0800`appName=graduation`hostName=localhost`logLevel=DEBUG`==>  Preparing: SELECT COUNT(1) FROM operator 
time=2019-02-09T13:04:28.205+0800`appName=graduation`hostName=localhost`logLevel=DEBUG`==> Parameters: 
time=2019-02-09T13:04:28.212+0800`appName=graduation`hostName=localhost`logLevel=DEBUG`==>  Preparing: SELECT operator_id AS operatorId,operator_name AS operatorName,operator_status AS operatorStatus,deleted,mobile,pwd,role_id AS roleId,ctime,utime FROM operator LIMIT 0,10 
time=2019-02-09T13:04:28.213+0800`appName=graduation`hostName=localhost`logLevel=DEBUG`==> Parameters: 
time=2019-02-09T13:04:28.215+0800`appName=graduation`hostName=localhost`logLevel=DEBUG`<==      Total: 2
time=2019-02-09T13:04:28.219+0800`appName=graduation`hostName=localhost`logLevel=DEBUG`==>  Preparing: SELECT role_id AS roleId,role_name AS roleName,remark,deleted,ctime,utime FROM role WHERE role_id IN (?,?) 
time=2019-02-09T13:04:28.219+0800`appName=graduation`hostName=localhost`logLevel=DEBUG`==> Parameters: 17(Long), 9(Long)
time=2019-02-09T13:04:28.222+0800`appName=graduation`hostName=localhost`logLevel=DEBUG`<==      Total: 2
time=2019-02-09T13:05:31.442+0800`appName=graduation`hostName=localhost`logLevel=DEBUG`==>  Preparing: SELECT role_id AS roleId,role_name AS roleName,remark,deleted,ctime,utime FROM role 
time=2019-02-09T13:05:31.442+0800`appName=graduation`hostName=localhost`logLevel=DEBUG`==> Parameters: 
time=2019-02-09T13:05:31.445+0800`appName=graduation`hostName=localhost`logLevel=DEBUG`<==      Total: 5
time=2019-02-09T16:59:24.663+0800`appName=graduation`hostName=localhost`logLevel=DEBUG`==>  Preparing: SELECT relation_id AS relationId,role_id AS roleId,menu_id AS menuId,status,ctime,utime FROM role_menu_relation WHERE role_id = ? 
time=2019-02-09T16:59:24.728+0800`appName=graduation`hostName=localhost`logLevel=DEBUG`==> Parameters: 1(Long)
time=2019-02-09T16:59:24.784+0800`appName=graduation`hostName=localhost`logLevel=DEBUG`<==      Total: 7
time=2019-02-09T16:59:24.802+0800`appName=graduation`hostName=localhost`logLevel=DEBUG`==>  Preparing: SELECT menu_id AS menuId,title,href,icon,status,parent_id,ctime,utime FROM menu WHERE menu_id IN (?,?,?,?,?,?,?) 
time=2019-02-09T16:59:24.804+0800`appName=graduation`hostName=localhost`logLevel=DEBUG`==> Parameters: 2(Long), 3(Long), 4(Long), 5(Long), 1(Long), 7(Long), 8(Long)
time=2019-02-09T16:59:24.814+0800`appName=graduation`hostName=localhost`logLevel=DEBUG`<==      Total: 7
time=2019-02-09T16:59:25.912+0800`appName=graduation`hostName=localhost`logLevel=DEBUG`==>  Preparing: SELECT role_id AS roleId,role_name AS roleName,remark,deleted,ctime,utime FROM role 
time=2019-02-09T16:59:25.913+0800`appName=graduation`hostName=localhost`logLevel=DEBUG`==>  Preparing: SELECT role_id AS roleId,role_name AS roleName,remark,deleted,ctime,utime FROM role 
time=2019-02-09T16:59:25.914+0800`appName=graduation`hostName=localhost`logLevel=DEBUG`==> Parameters: 
time=2019-02-09T16:59:25.915+0800`appName=graduation`hostName=localhost`logLevel=DEBUG`==> Parameters: 
time=2019-02-09T16:59:25.922+0800`appName=graduation`hostName=localhost`logLevel=DEBUG`<==      Total: 5
time=2019-02-09T16:59:25.922+0800`appName=graduation`hostName=localhost`logLevel=DEBUG`<==      Total: 5
time=2019-02-09T16:59:25.999+0800`appName=graduation`hostName=localhost`logLevel=DEBUG`==>  Preparing: SELECT COUNT(1) FROM menu 
time=2019-02-09T16:59:26.000+0800`appName=graduation`hostName=localhost`logLevel=DEBUG`==> Parameters: 
time=2019-02-09T16:59:26.011+0800`appName=graduation`hostName=localhost`logLevel=DEBUG`==>  Preparing: SELECT menu_id AS menuId,title,href,icon,status,parent_id,ctime,utime FROM menu LIMIT 0,10 
time=2019-02-09T16:59:26.011+0800`appName=graduation`hostName=localhost`logLevel=DEBUG`==> Parameters: 
time=2019-02-09T16:59:26.016+0800`appName=graduation`hostName=localhost`logLevel=DEBUG`<==      Total: 8
time=2019-02-09T17:01:41.732+0800`appName=graduation`hostName=localhost`logLevel=DEBUG`==>  Preparing: SELECT relation_id AS relationId,role_id AS roleId,menu_id AS menuId,status,ctime,utime FROM role_menu_relation WHERE role_id = ? 
time=2019-02-09T17:01:41.766+0800`appName=graduation`hostName=localhost`logLevel=DEBUG`==> Parameters: 1(Long)
time=2019-02-09T17:01:41.796+0800`appName=graduation`hostName=localhost`logLevel=DEBUG`<==      Total: 7
time=2019-02-09T17:01:41.813+0800`appName=graduation`hostName=localhost`logLevel=DEBUG`==>  Preparing: SELECT menu_id AS menuId,title,href,icon,status,parent_id,ctime,utime FROM menu WHERE menu_id IN (?,?,?,?,?,?,?) 
time=2019-02-09T17:01:41.814+0800`appName=graduation`hostName=localhost`logLevel=DEBUG`==> Parameters: 2(Long), 3(Long), 4(Long), 5(Long), 1(Long), 7(Long), 8(Long)
time=2019-02-09T17:01:41.820+0800`appName=graduation`hostName=localhost`logLevel=DEBUG`<==      Total: 7
time=2019-02-09T17:01:42.401+0800`appName=graduation`hostName=localhost`logLevel=DEBUG`==>  Preparing: SELECT role_id AS roleId,role_name AS roleName,remark,deleted,ctime,utime FROM role 
time=2019-02-09T17:01:42.401+0800`appName=graduation`hostName=localhost`logLevel=DEBUG`==>  Preparing: SELECT role_id AS roleId,role_name AS roleName,remark,deleted,ctime,utime FROM role 
time=2019-02-09T17:01:42.403+0800`appName=graduation`hostName=localhost`logLevel=DEBUG`==> Parameters: 
time=2019-02-09T17:01:42.403+0800`appName=graduation`hostName=localhost`logLevel=DEBUG`==> Parameters: 
time=2019-02-09T17:01:42.408+0800`appName=graduation`hostName=localhost`logLevel=DEBUG`<==      Total: 5
time=2019-02-09T17:01:42.413+0800`appName=graduation`hostName=localhost`logLevel=DEBUG`<==      Total: 5
time=2019-02-09T17:01:42.470+0800`appName=graduation`hostName=localhost`logLevel=DEBUG`==>  Preparing: SELECT COUNT(1) FROM menu 
time=2019-02-09T17:01:42.471+0800`appName=graduation`hostName=localhost`logLevel=DEBUG`==> Parameters: 
time=2019-02-09T17:01:42.478+0800`appName=graduation`hostName=localhost`logLevel=DEBUG`==>  Preparing: SELECT menu_id AS menuId,title,href,icon,status,parent_id,ctime,utime FROM menu LIMIT 0,10 
time=2019-02-09T17:01:42.479+0800`appName=graduation`hostName=localhost`logLevel=DEBUG`==> Parameters: 
time=2019-02-09T17:01:42.484+0800`appName=graduation`hostName=localhost`logLevel=DEBUG`<==      Total: 8
time=2019-02-09T17:03:13.500+0800`appName=graduation`hostName=localhost`logLevel=DEBUG`==>  Preparing: SELECT relation_id AS relationId,role_id AS roleId,menu_id AS menuId,status,ctime,utime FROM role_menu_relation WHERE role_id = ? 
time=2019-02-09T17:03:13.533+0800`appName=graduation`hostName=localhost`logLevel=DEBUG`==> Parameters: 1(Long)
time=2019-02-09T17:03:13.558+0800`appName=graduation`hostName=localhost`logLevel=DEBUG`<==      Total: 7
time=2019-02-09T17:03:13.626+0800`appName=graduation`hostName=localhost`logLevel=DEBUG`==>  Preparing: SELECT menu_id AS menuId,title,href,icon,status,parent_id,ctime,utime FROM menu WHERE menu_id IN (?,?,?,?,?,?,?) 
time=2019-02-09T17:03:13.628+0800`appName=graduation`hostName=localhost`logLevel=DEBUG`==> Parameters: 2(Long), 3(Long), 4(Long), 5(Long), 1(Long), 7(Long), 8(Long)
time=2019-02-09T17:03:13.633+0800`appName=graduation`hostName=localhost`logLevel=DEBUG`<==      Total: 7
time=2019-02-09T17:03:14.222+0800`appName=graduation`hostName=localhost`logLevel=DEBUG`==>  Preparing: SELECT role_id AS roleId,role_name AS roleName,remark,deleted,ctime,utime FROM role 
time=2019-02-09T17:03:14.222+0800`appName=graduation`hostName=localhost`logLevel=DEBUG`==>  Preparing: SELECT role_id AS roleId,role_name AS roleName,remark,deleted,ctime,utime FROM role 
time=2019-02-09T17:03:14.223+0800`appName=graduation`hostName=localhost`logLevel=DEBUG`==> Parameters: 
time=2019-02-09T17:03:14.223+0800`appName=graduation`hostName=localhost`logLevel=DEBUG`==> Parameters: 
time=2019-02-09T17:03:14.228+0800`appName=graduation`hostName=localhost`logLevel=DEBUG`<==      Total: 5
time=2019-02-09T17:03:14.228+0800`appName=graduation`hostName=localhost`logLevel=DEBUG`<==      Total: 5
time=2019-02-09T17:03:14.291+0800`appName=graduation`hostName=localhost`logLevel=DEBUG`==>  Preparing: SELECT COUNT(1) FROM menu 
time=2019-02-09T17:03:14.292+0800`appName=graduation`hostName=localhost`logLevel=DEBUG`==> Parameters: 
time=2019-02-09T17:03:14.299+0800`appName=graduation`hostName=localhost`logLevel=DEBUG`==>  Preparing: SELECT menu_id AS menuId,title,href,icon,status,parent_id,ctime,utime FROM menu LIMIT 0,10 
time=2019-02-09T17:03:14.300+0800`appName=graduation`hostName=localhost`logLevel=DEBUG`==> Parameters: 
time=2019-02-09T17:03:14.305+0800`appName=graduation`hostName=localhost`logLevel=DEBUG`<==      Total: 8
time=2019-02-09T17:38:40.468+0800`appName=graduation`hostName=localhost`logLevel=DEBUG`==>  Preparing: SELECT relation_id AS relationId,role_id AS roleId,menu_id AS menuId,status,ctime,utime FROM role_menu_relation WHERE role_id = ? 
time=2019-02-09T17:38:40.501+0800`appName=graduation`hostName=localhost`logLevel=DEBUG`==> Parameters: 1(Long)
time=2019-02-09T17:38:40.533+0800`appName=graduation`hostName=localhost`logLevel=DEBUG`<==      Total: 7
time=2019-02-09T17:38:40.550+0800`appName=graduation`hostName=localhost`logLevel=DEBUG`==>  Preparing: SELECT menu_id AS menuId,title,href,icon,status,parent_id,ctime,utime FROM menu WHERE menu_id IN (?,?,?,?,?,?,?) 
time=2019-02-09T17:38:40.551+0800`appName=graduation`hostName=localhost`logLevel=DEBUG`==> Parameters: 2(Long), 3(Long), 4(Long), 5(Long), 1(Long), 7(Long), 8(Long)
time=2019-02-09T17:38:40.558+0800`appName=graduation`hostName=localhost`logLevel=DEBUG`<==      Total: 7
time=2019-02-09T17:38:41.141+0800`appName=graduation`hostName=localhost`logLevel=DEBUG`==>  Preparing: SELECT role_id AS roleId,role_name AS roleName,remark,deleted,ctime,utime FROM role 
time=2019-02-09T17:38:41.142+0800`appName=graduation`hostName=localhost`logLevel=DEBUG`==>  Preparing: SELECT role_id AS roleId,role_name AS roleName,remark,deleted,ctime,utime FROM role 
time=2019-02-09T17:38:41.143+0800`appName=graduation`hostName=localhost`logLevel=DEBUG`==> Parameters: 
time=2019-02-09T17:38:41.144+0800`appName=graduation`hostName=localhost`logLevel=DEBUG`==> Parameters: 
time=2019-02-09T17:38:41.149+0800`appName=graduation`hostName=localhost`logLevel=DEBUG`<==      Total: 5
time=2019-02-09T17:38:41.149+0800`appName=graduation`hostName=localhost`logLevel=DEBUG`<==      Total: 5
time=2019-02-09T17:38:41.212+0800`appName=graduation`hostName=localhost`logLevel=DEBUG`==>  Preparing: SELECT COUNT(1) FROM menu 
time=2019-02-09T17:38:41.213+0800`appName=graduation`hostName=localhost`logLevel=DEBUG`==> Parameters: 
time=2019-02-09T17:38:41.219+0800`appName=graduation`hostName=localhost`logLevel=DEBUG`==>  Preparing: SELECT menu_id AS menuId,title,href,icon,status,parent_id,ctime,utime FROM menu LIMIT 0,10 
time=2019-02-09T17:38:41.220+0800`appName=graduation`hostName=localhost`logLevel=DEBUG`==> Parameters: 
time=2019-02-09T17:38:41.224+0800`appName=graduation`hostName=localhost`logLevel=DEBUG`<==      Total: 8
time=2019-02-09T18:07:23.145+0800`appName=graduation`hostName=localhost`logLevel=DEBUG`==>  Preparing: SELECT relation_id AS relationId,role_id AS roleId,menu_id AS menuId,status,ctime,utime FROM role_menu_relation WHERE role_id = ? 
time=2019-02-09T18:07:23.176+0800`appName=graduation`hostName=localhost`logLevel=DEBUG`==> Parameters: 1(Long)
time=2019-02-09T18:07:23.204+0800`appName=graduation`hostName=localhost`logLevel=DEBUG`<==      Total: 7
time=2019-02-09T18:07:23.220+0800`appName=graduation`hostName=localhost`logLevel=DEBUG`==>  Preparing: SELECT menu_id AS menuId,title,href,icon,status,parent_id,ctime,utime FROM menu WHERE menu_id IN (?,?,?,?,?,?,?) 
time=2019-02-09T18:07:23.221+0800`appName=graduation`hostName=localhost`logLevel=DEBUG`==> Parameters: 2(Long), 3(Long), 4(Long), 5(Long), 1(Long), 7(Long), 8(Long)
time=2019-02-09T18:07:23.227+0800`appName=graduation`hostName=localhost`logLevel=DEBUG`<==      Total: 7
time=2019-02-09T18:07:23.870+0800`appName=graduation`hostName=localhost`logLevel=DEBUG`==>  Preparing: SELECT role_id AS roleId,role_name AS roleName,remark,deleted,ctime,utime FROM role 
time=2019-02-09T18:07:23.873+0800`appName=graduation`hostName=localhost`logLevel=DEBUG`==> Parameters: 
time=2019-02-09T18:07:23.875+0800`appName=graduation`hostName=localhost`logLevel=DEBUG`==>  Preparing: SELECT role_id AS roleId,role_name AS roleName,remark,deleted,ctime,utime FROM role 
time=2019-02-09T18:07:23.881+0800`appName=graduation`hostName=localhost`logLevel=DEBUG`<==      Total: 5
time=2019-02-09T18:07:23.879+0800`appName=graduation`hostName=localhost`logLevel=DEBUG`==> Parameters: 
time=2019-02-09T18:07:23.886+0800`appName=graduation`hostName=localhost`logLevel=DEBUG`<==      Total: 5
time=2019-02-09T18:07:23.944+0800`appName=graduation`hostName=localhost`logLevel=DEBUG`==>  Preparing: SELECT COUNT(1) FROM menu 
time=2019-02-09T18:07:23.945+0800`appName=graduation`hostName=localhost`logLevel=DEBUG`==> Parameters: 
time=2019-02-09T18:07:23.953+0800`appName=graduation`hostName=localhost`logLevel=DEBUG`==>  Preparing: SELECT menu_id AS menuId,title,href,icon,status,parent_id,ctime,utime FROM menu LIMIT 0,10 
time=2019-02-09T18:07:23.953+0800`appName=graduation`hostName=localhost`logLevel=DEBUG`==> Parameters: 
time=2019-02-09T18:07:23.957+0800`appName=graduation`hostName=localhost`logLevel=DEBUG`<==      Total: 8
time=2019-02-09T19:56:55.415+0800`appName=graduation`hostName=localhost`logLevel=DEBUG`==>  Preparing: SELECT relation_id AS relationId,role_id AS roleId,menu_id AS menuId,status,ctime,utime FROM role_menu_relation WHERE role_id = ? 
time=2019-02-09T19:56:55.472+0800`appName=graduation`hostName=localhost`logLevel=DEBUG`==> Parameters: 1(Long)
time=2019-02-09T19:56:55.502+0800`appName=graduation`hostName=localhost`logLevel=DEBUG`<==      Total: 7
time=2019-02-09T19:56:55.550+0800`appName=graduation`hostName=localhost`logLevel=DEBUG`==>  Preparing: SELECT menu_id AS menuId,title,href,icon,status,parent_id,ctime,utime FROM menu WHERE menu_id IN (?,?,?,?,?,?,?) 
time=2019-02-09T19:56:55.551+0800`appName=graduation`hostName=localhost`logLevel=DEBUG`==> Parameters: 2(Long), 3(Long), 4(Long), 5(Long), 1(Long), 7(Long), 8(Long)
time=2019-02-09T19:56:55.561+0800`appName=graduation`hostName=localhost`logLevel=DEBUG`<==      Total: 7
time=2019-02-09T19:56:56.375+0800`appName=graduation`hostName=localhost`logLevel=DEBUG`==>  Preparing: SELECT menu_id AS menuId,title,href,icon,status,parent_id,ctime,utime FROM menu WHERE parent_id = ? 
time=2019-02-09T19:56:56.376+0800`appName=graduation`hostName=localhost`logLevel=DEBUG`==> Parameters: 0(Integer)
time=2019-02-09T19:56:56.381+0800`appName=graduation`hostName=localhost`logLevel=DEBUG`<==      Total: 3
time=2019-02-09T19:56:56.391+0800`appName=graduation`hostName=localhost`logLevel=DEBUG`==>  Preparing: SELECT role_id AS roleId,role_name AS roleName,remark,deleted,ctime,utime FROM role 
time=2019-02-09T19:56:56.392+0800`appName=graduation`hostName=localhost`logLevel=DEBUG`==> Parameters: 
time=2019-02-09T19:56:56.406+0800`appName=graduation`hostName=localhost`logLevel=DEBUG`<==      Total: 5
time=2019-02-09T19:56:56.483+0800`appName=graduation`hostName=localhost`logLevel=DEBUG`==>  Preparing: SELECT COUNT(1) FROM menu 
time=2019-02-09T19:56:56.484+0800`appName=graduation`hostName=localhost`logLevel=DEBUG`==> Parameters: 
time=2019-02-09T19:56:56.492+0800`appName=graduation`hostName=localhost`logLevel=DEBUG`==>  Preparing: SELECT menu_id AS menuId,title,href,icon,status,parent_id,ctime,utime FROM menu LIMIT 0,10 
time=2019-02-09T19:56:56.492+0800`appName=graduation`hostName=localhost`logLevel=DEBUG`==> Parameters: 
time=2019-02-09T19:56:56.498+0800`appName=graduation`hostName=localhost`logLevel=DEBUG`<==      Total: 8
time=2019-02-09T19:57:02.759+0800`appName=graduation`hostName=localhost`logLevel=DEBUG`==>  Preparing: SELECT menu_id AS menuId,title,href,icon,status,parent_id,ctime,utime FROM menu WHERE parent_id = ? 
time=2019-02-09T19:57:02.760+0800`appName=graduation`hostName=localhost`logLevel=DEBUG`==> Parameters: 0(Integer)
time=2019-02-09T19:57:02.763+0800`appName=graduation`hostName=localhost`logLevel=DEBUG`<==      Total: 3
time=2019-02-09T19:57:02.778+0800`appName=graduation`hostName=localhost`logLevel=DEBUG`==>  Preparing: SELECT COUNT(1) FROM menu 
time=2019-02-09T19:57:02.779+0800`appName=graduation`hostName=localhost`logLevel=DEBUG`==> Parameters: 
time=2019-02-09T19:57:02.782+0800`appName=graduation`hostName=localhost`logLevel=DEBUG`==>  Preparing: SELECT menu_id AS menuId,title,href,icon,status,parent_id,ctime,utime FROM menu LIMIT 0,10 
time=2019-02-09T19:57:02.783+0800`appName=graduation`hostName=localhost`logLevel=DEBUG`==> Parameters: 
time=2019-02-09T19:57:02.787+0800`appName=graduation`hostName=localhost`logLevel=DEBUG`<==      Total: 8
time=2019-02-09T19:58:23.074+0800`appName=graduation`hostName=localhost`logLevel=DEBUG`==>  Preparing: SELECT relation_id AS relationId,role_id AS roleId,menu_id AS menuId,status,ctime,utime FROM role_menu_relation WHERE role_id = ? 
time=2019-02-09T19:58:23.075+0800`appName=graduation`hostName=localhost`logLevel=DEBUG`==> Parameters: 1(Long)
time=2019-02-09T19:58:23.079+0800`appName=graduation`hostName=localhost`logLevel=DEBUG`<==      Total: 7
time=2019-02-09T19:58:23.083+0800`appName=graduation`hostName=localhost`logLevel=DEBUG`==>  Preparing: SELECT menu_id AS menuId,title,href,icon,status,parent_id,ctime,utime FROM menu WHERE menu_id IN (?,?,?,?,?,?,?) 
time=2019-02-09T19:58:23.085+0800`appName=graduation`hostName=localhost`logLevel=DEBUG`==> Parameters: 2(Long), 3(Long), 4(Long), 5(Long), 1(Long), 7(Long), 8(Long)
time=2019-02-09T19:58:23.090+0800`appName=graduation`hostName=localhost`logLevel=DEBUG`<==      Total: 7
time=2019-02-09T19:58:23.583+0800`appName=graduation`hostName=localhost`logLevel=DEBUG`==>  Preparing: SELECT menu_id AS menuId,title,href,icon,status,parent_id,ctime,utime FROM menu WHERE parent_id = ? 
time=2019-02-09T19:58:23.584+0800`appName=graduation`hostName=localhost`logLevel=DEBUG`==> Parameters: 0(Integer)
time=2019-02-09T19:58:23.589+0800`appName=graduation`hostName=localhost`logLevel=DEBUG`<==      Total: 3
time=2019-02-09T19:58:23.641+0800`appName=graduation`hostName=localhost`logLevel=DEBUG`==>  Preparing: SELECT COUNT(1) FROM menu 
time=2019-02-09T19:58:23.642+0800`appName=graduation`hostName=localhost`logLevel=DEBUG`==> Parameters: 
time=2019-02-09T19:58:23.646+0800`appName=graduation`hostName=localhost`logLevel=DEBUG`==>  Preparing: SELECT menu_id AS menuId,title,href,icon,status,parent_id,ctime,utime FROM menu LIMIT 0,10 
time=2019-02-09T19:58:23.647+0800`appName=graduation`hostName=localhost`logLevel=DEBUG`==> Parameters: 
time=2019-02-09T19:58:23.651+0800`appName=graduation`hostName=localhost`logLevel=DEBUG`<==      Total: 8
time=2019-02-09T19:59:37.203+0800`appName=graduation`hostName=localhost`logLevel=DEBUG`==>  Preparing: SELECT relation_id AS relationId,role_id AS roleId,menu_id AS menuId,status,ctime,utime FROM role_menu_relation WHERE role_id = ? 
time=2019-02-09T19:59:37.236+0800`appName=graduation`hostName=localhost`logLevel=DEBUG`==> Parameters: 1(Long)
time=2019-02-09T19:59:37.262+0800`appName=graduation`hostName=localhost`logLevel=DEBUG`<==      Total: 7
time=2019-02-09T19:59:37.281+0800`appName=graduation`hostName=localhost`logLevel=DEBUG`==>  Preparing: SELECT menu_id AS menuId,title,href,icon,status,parent_id,ctime,utime FROM menu WHERE menu_id IN (?,?,?,?,?,?,?) 
time=2019-02-09T19:59:37.283+0800`appName=graduation`hostName=localhost`logLevel=DEBUG`==> Parameters: 2(Long), 3(Long), 4(Long), 5(Long), 1(Long), 7(Long), 8(Long)
time=2019-02-09T19:59:37.288+0800`appName=graduation`hostName=localhost`logLevel=DEBUG`<==      Total: 7
time=2019-02-09T19:59:38.102+0800`appName=graduation`hostName=localhost`logLevel=DEBUG`==>  Preparing: SELECT menu_id AS menuId,title,href,icon,status,parent_id,ctime,utime FROM menu WHERE parent_id = ? 
time=2019-02-09T19:59:38.103+0800`appName=graduation`hostName=localhost`logLevel=DEBUG`==> Parameters: 0(Integer)
time=2019-02-09T19:59:38.108+0800`appName=graduation`hostName=localhost`logLevel=DEBUG`<==      Total: 3
time=2019-02-09T19:59:38.169+0800`appName=graduation`hostName=localhost`logLevel=DEBUG`==>  Preparing: SELECT COUNT(1) FROM menu 
time=2019-02-09T19:59:38.169+0800`appName=graduation`hostName=localhost`logLevel=DEBUG`==> Parameters: 
time=2019-02-09T19:59:38.174+0800`appName=graduation`hostName=localhost`logLevel=DEBUG`==>  Preparing: SELECT menu_id AS menuId,title,href,icon,status,parent_id,ctime,utime FROM menu LIMIT 0,10 
time=2019-02-09T19:59:38.175+0800`appName=graduation`hostName=localhost`logLevel=DEBUG`==> Parameters: 
time=2019-02-09T19:59:38.181+0800`appName=graduation`hostName=localhost`logLevel=DEBUG`<==      Total: 8
time=2019-02-09T20:03:53.049+0800`appName=graduation`hostName=localhost`logLevel=DEBUG`==>  Preparing: SELECT relation_id AS relationId,role_id AS roleId,menu_id AS menuId,status,ctime,utime FROM role_menu_relation WHERE role_id = ? 
time=2019-02-09T20:03:53.083+0800`appName=graduation`hostName=localhost`logLevel=DEBUG`==> Parameters: 1(Long)
time=2019-02-09T20:03:53.110+0800`appName=graduation`hostName=localhost`logLevel=DEBUG`<==      Total: 7
time=2019-02-09T20:03:53.127+0800`appName=graduation`hostName=localhost`logLevel=DEBUG`==>  Preparing: SELECT menu_id AS menuId,title,href,icon,status,parent_id,ctime,utime FROM menu WHERE menu_id IN (?,?,?,?,?,?,?) 
time=2019-02-09T20:03:53.129+0800`appName=graduation`hostName=localhost`logLevel=DEBUG`==> Parameters: 2(Long), 3(Long), 4(Long), 5(Long), 1(Long), 7(Long), 8(Long)
time=2019-02-09T20:03:53.134+0800`appName=graduation`hostName=localhost`logLevel=DEBUG`<==      Total: 7
time=2019-02-09T20:03:53.651+0800`appName=graduation`hostName=localhost`logLevel=DEBUG`==>  Preparing: SELECT menu_id AS menuId,title,href,icon,status,parent_id,ctime,utime FROM menu WHERE parent_id = ? 
time=2019-02-09T20:03:53.653+0800`appName=graduation`hostName=localhost`logLevel=DEBUG`==> Parameters: 0(Integer)
time=2019-02-09T20:03:53.658+0800`appName=graduation`hostName=localhost`logLevel=DEBUG`<==      Total: 3
time=2019-02-09T20:03:53.716+0800`appName=graduation`hostName=localhost`logLevel=DEBUG`==>  Preparing: SELECT COUNT(1) FROM menu 
time=2019-02-09T20:03:53.717+0800`appName=graduation`hostName=localhost`logLevel=DEBUG`==> Parameters: 
time=2019-02-09T20:03:53.722+0800`appName=graduation`hostName=localhost`logLevel=DEBUG`==>  Preparing: SELECT menu_id AS menuId,title,href,icon,status,parent_id,ctime,utime FROM menu LIMIT 0,10 
time=2019-02-09T20:03:53.723+0800`appName=graduation`hostName=localhost`logLevel=DEBUG`==> Parameters: 
time=2019-02-09T20:03:53.729+0800`appName=graduation`hostName=localhost`logLevel=DEBUG`<==      Total: 8
time=2019-02-09T20:08:55.852+0800`appName=graduation`hostName=localhost`logLevel=DEBUG`==>  Preparing: SELECT relation_id AS relationId,role_id AS roleId,menu_id AS menuId,status,ctime,utime FROM role_menu_relation WHERE role_id = ? 
time=2019-02-09T20:08:55.889+0800`appName=graduation`hostName=localhost`logLevel=DEBUG`==> Parameters: 1(Long)
time=2019-02-09T20:08:55.918+0800`appName=graduation`hostName=localhost`logLevel=DEBUG`<==      Total: 7
time=2019-02-09T20:08:55.937+0800`appName=graduation`hostName=localhost`logLevel=DEBUG`==>  Preparing: SELECT menu_id AS menuId,title,href,icon,status,parent_id,ctime,utime FROM menu WHERE menu_id IN (?,?,?,?,?,?,?) 
time=2019-02-09T20:08:55.939+0800`appName=graduation`hostName=localhost`logLevel=DEBUG`==> Parameters: 2(Long), 3(Long), 4(Long), 5(Long), 1(Long), 7(Long), 8(Long)
time=2019-02-09T20:08:55.946+0800`appName=graduation`hostName=localhost`logLevel=DEBUG`<==      Total: 7
time=2019-02-09T20:08:56.519+0800`appName=graduation`hostName=localhost`logLevel=DEBUG`==>  Preparing: SELECT menu_id AS menuId,title,href,icon,status,parent_id,ctime,utime FROM menu WHERE parent_id = ? 
time=2019-02-09T20:08:56.520+0800`appName=graduation`hostName=localhost`logLevel=DEBUG`==> Parameters: 0(Integer)
time=2019-02-09T20:08:56.524+0800`appName=graduation`hostName=localhost`logLevel=DEBUG`<==      Total: 3
time=2019-02-09T20:08:56.587+0800`appName=graduation`hostName=localhost`logLevel=DEBUG`==>  Preparing: SELECT COUNT(1) FROM menu 
time=2019-02-09T20:08:56.587+0800`appName=graduation`hostName=localhost`logLevel=DEBUG`==> Parameters: 
time=2019-02-09T20:08:56.592+0800`appName=graduation`hostName=localhost`logLevel=DEBUG`==>  Preparing: SELECT menu_id AS menuId,title,href,icon,status,parent_id,ctime,utime FROM menu LIMIT 0,10 
time=2019-02-09T20:08:56.592+0800`appName=graduation`hostName=localhost`logLevel=DEBUG`==> Parameters: 
time=2019-02-09T20:08:56.599+0800`appName=graduation`hostName=localhost`logLevel=DEBUG`<==      Total: 8
time=2019-02-09T20:09:18.277+0800`appName=graduation`hostName=localhost`logLevel=DEBUG`==>  Preparing: SELECT relation_id AS relationId,role_id AS roleId,menu_id AS menuId,status,ctime,utime FROM role_menu_relation WHERE role_id = ? 
time=2019-02-09T20:09:18.278+0800`appName=graduation`hostName=localhost`logLevel=DEBUG`==> Parameters: 1(Long)
time=2019-02-09T20:09:18.281+0800`appName=graduation`hostName=localhost`logLevel=DEBUG`<==      Total: 7
time=2019-02-09T20:09:18.284+0800`appName=graduation`hostName=localhost`logLevel=DEBUG`==>  Preparing: SELECT menu_id AS menuId,title,href,icon,status,parent_id,ctime,utime FROM menu WHERE menu_id IN (?,?,?,?,?,?,?) 
time=2019-02-09T20:09:18.286+0800`appName=graduation`hostName=localhost`logLevel=DEBUG`==> Parameters: 2(Long), 3(Long), 4(Long), 5(Long), 1(Long), 7(Long), 8(Long)
time=2019-02-09T20:09:18.291+0800`appName=graduation`hostName=localhost`logLevel=DEBUG`<==      Total: 7
time=2019-02-09T20:09:22.720+0800`appName=graduation`hostName=localhost`logLevel=DEBUG`==>  Preparing: SELECT menu_id AS menuId,title,href,icon,status,parent_id,ctime,utime FROM menu WHERE parent_id = ? 
time=2019-02-09T20:09:22.720+0800`appName=graduation`hostName=localhost`logLevel=DEBUG`==> Parameters: 0(Integer)
time=2019-02-09T20:09:22.723+0800`appName=graduation`hostName=localhost`logLevel=DEBUG`<==      Total: 3
time=2019-02-09T20:09:22.736+0800`appName=graduation`hostName=localhost`logLevel=DEBUG`==>  Preparing: SELECT COUNT(1) FROM menu 
time=2019-02-09T20:09:22.737+0800`appName=graduation`hostName=localhost`logLevel=DEBUG`==> Parameters: 
time=2019-02-09T20:09:22.740+0800`appName=graduation`hostName=localhost`logLevel=DEBUG`==>  Preparing: SELECT menu_id AS menuId,title,href,icon,status,parent_id,ctime,utime FROM menu LIMIT 0,10 
time=2019-02-09T20:09:22.741+0800`appName=graduation`hostName=localhost`logLevel=DEBUG`==> Parameters: 
time=2019-02-09T20:09:22.745+0800`appName=graduation`hostName=localhost`logLevel=DEBUG`<==      Total: 8
time=2019-02-09T20:11:57.283+0800`appName=graduation`hostName=localhost`logLevel=DEBUG`==>  Preparing: SELECT relation_id AS relationId,role_id AS roleId,menu_id AS menuId,status,ctime,utime FROM role_menu_relation WHERE role_id = ? 
time=2019-02-09T20:11:57.320+0800`appName=graduation`hostName=localhost`logLevel=DEBUG`==> Parameters: 1(Long)
time=2019-02-09T20:11:57.349+0800`appName=graduation`hostName=localhost`logLevel=DEBUG`<==      Total: 7
time=2019-02-09T20:11:57.366+0800`appName=graduation`hostName=localhost`logLevel=DEBUG`==>  Preparing: SELECT menu_id AS menuId,title,href,icon,status,parent_id,ctime,utime FROM menu WHERE menu_id IN (?,?,?,?,?,?,?) 
time=2019-02-09T20:11:57.367+0800`appName=graduation`hostName=localhost`logLevel=DEBUG`==> Parameters: 2(Long), 3(Long), 4(Long), 5(Long), 1(Long), 7(Long), 8(Long)
time=2019-02-09T20:11:57.375+0800`appName=graduation`hostName=localhost`logLevel=DEBUG`<==      Total: 7
time=2019-02-09T20:12:00.334+0800`appName=graduation`hostName=localhost`logLevel=DEBUG`==>  Preparing: SELECT menu_id AS menuId,title,href,icon,status,parent_id,ctime,utime FROM menu WHERE parent_id = ? 
time=2019-02-09T20:12:00.335+0800`appName=graduation`hostName=localhost`logLevel=DEBUG`==> Parameters: 0(Integer)
time=2019-02-09T20:12:00.340+0800`appName=graduation`hostName=localhost`logLevel=DEBUG`<==      Total: 3
time=2019-02-09T20:12:00.698+0800`appName=graduation`hostName=localhost`logLevel=DEBUG`==>  Preparing: SELECT COUNT(1) FROM menu 
time=2019-02-09T20:12:00.700+0800`appName=graduation`hostName=localhost`logLevel=DEBUG`==> Parameters: 
time=2019-02-09T20:12:00.707+0800`appName=graduation`hostName=localhost`logLevel=DEBUG`==>  Preparing: SELECT menu_id AS menuId,title,href,icon,status,parent_id,ctime,utime FROM menu LIMIT 0,10 
time=2019-02-09T20:12:00.707+0800`appName=graduation`hostName=localhost`logLevel=DEBUG`==> Parameters: 
time=2019-02-09T20:12:00.715+0800`appName=graduation`hostName=localhost`logLevel=DEBUG`<==      Total: 8
time=2019-02-09T20:12:30.903+0800`appName=graduation`hostName=localhost`logLevel=DEBUG`==>  Preparing: SELECT relation_id AS relationId,role_id AS roleId,menu_id AS menuId,status,ctime,utime FROM role_menu_relation WHERE role_id = ? 
time=2019-02-09T20:12:30.904+0800`appName=graduation`hostName=localhost`logLevel=DEBUG`==> Parameters: 1(Long)
time=2019-02-09T20:12:30.907+0800`appName=graduation`hostName=localhost`logLevel=DEBUG`<==      Total: 7
time=2019-02-09T20:12:30.910+0800`appName=graduation`hostName=localhost`logLevel=DEBUG`==>  Preparing: SELECT menu_id AS menuId,title,href,icon,status,parent_id,ctime,utime FROM menu WHERE menu_id IN (?,?,?,?,?,?,?) 
time=2019-02-09T20:12:30.912+0800`appName=graduation`hostName=localhost`logLevel=DEBUG`==> Parameters: 2(Long), 3(Long), 4(Long), 5(Long), 1(Long), 7(Long), 8(Long)
time=2019-02-09T20:12:30.916+0800`appName=graduation`hostName=localhost`logLevel=DEBUG`<==      Total: 7
time=2019-02-09T20:12:33.971+0800`appName=graduation`hostName=localhost`logLevel=DEBUG`==>  Preparing: SELECT menu_id AS menuId,title,href,icon,status,parent_id,ctime,utime FROM menu WHERE parent_id = ? 
time=2019-02-09T20:12:33.971+0800`appName=graduation`hostName=localhost`logLevel=DEBUG`==> Parameters: 0(Integer)
time=2019-02-09T20:12:33.974+0800`appName=graduation`hostName=localhost`logLevel=DEBUG`<==      Total: 3
time=2019-02-09T20:12:34.005+0800`appName=graduation`hostName=localhost`logLevel=DEBUG`==>  Preparing: SELECT COUNT(1) FROM menu 
time=2019-02-09T20:12:34.005+0800`appName=graduation`hostName=localhost`logLevel=DEBUG`==> Parameters: 
time=2019-02-09T20:12:34.010+0800`appName=graduation`hostName=localhost`logLevel=DEBUG`==>  Preparing: SELECT menu_id AS menuId,title,href,icon,status,parent_id,ctime,utime FROM menu LIMIT 0,10 
time=2019-02-09T20:12:34.010+0800`appName=graduation`hostName=localhost`logLevel=DEBUG`==> Parameters: 
time=2019-02-09T20:12:34.014+0800`appName=graduation`hostName=localhost`logLevel=DEBUG`<==      Total: 8
time=2019-02-09T20:13:42.799+0800`appName=graduation`hostName=localhost`logLevel=DEBUG`==>  Preparing: SELECT relation_id AS relationId,role_id AS roleId,menu_id AS menuId,status,ctime,utime FROM role_menu_relation WHERE role_id = ? 
time=2019-02-09T20:13:42.832+0800`appName=graduation`hostName=localhost`logLevel=DEBUG`==> Parameters: 1(Long)
time=2019-02-09T20:13:42.857+0800`appName=graduation`hostName=localhost`logLevel=DEBUG`<==      Total: 7
time=2019-02-09T20:13:42.875+0800`appName=graduation`hostName=localhost`logLevel=DEBUG`==>  Preparing: SELECT menu_id AS menuId,title,href,icon,status,parent_id,ctime,utime FROM menu WHERE menu_id IN (?,?,?,?,?,?,?) 
time=2019-02-09T20:13:42.876+0800`appName=graduation`hostName=localhost`logLevel=DEBUG`==> Parameters: 2(Long), 3(Long), 4(Long), 5(Long), 1(Long), 7(Long), 8(Long)
time=2019-02-09T20:13:42.880+0800`appName=graduation`hostName=localhost`logLevel=DEBUG`<==      Total: 7
time=2019-02-09T20:13:43.495+0800`appName=graduation`hostName=localhost`logLevel=DEBUG`==>  Preparing: SELECT menu_id AS menuId,title,href,icon,status,parent_id,ctime,utime FROM menu WHERE parent_id = ? 
time=2019-02-09T20:13:43.496+0800`appName=graduation`hostName=localhost`logLevel=DEBUG`==> Parameters: 0(Integer)
time=2019-02-09T20:13:43.500+0800`appName=graduation`hostName=localhost`logLevel=DEBUG`<==      Total: 3
time=2019-02-09T20:13:43.553+0800`appName=graduation`hostName=localhost`logLevel=DEBUG`==>  Preparing: SELECT COUNT(1) FROM menu 
time=2019-02-09T20:13:43.553+0800`appName=graduation`hostName=localhost`logLevel=DEBUG`==> Parameters: 
time=2019-02-09T20:13:43.558+0800`appName=graduation`hostName=localhost`logLevel=DEBUG`==>  Preparing: SELECT menu_id AS menuId,title,href,icon,status,parent_id,ctime,utime FROM menu LIMIT 0,10 
time=2019-02-09T20:13:43.559+0800`appName=graduation`hostName=localhost`logLevel=DEBUG`==> Parameters: 
time=2019-02-09T20:13:43.565+0800`appName=graduation`hostName=localhost`logLevel=DEBUG`<==      Total: 8
