time=2019-02-15T22:12:36.785+0800`appName=graduation`hostName=localhost`logLevel=DEBUG`==>  Preparing: SELECT menu_id AS menuId,title,href,icon,status,parent_id,ctime,utime FROM menu 
time=2019-02-15T22:12:36.806+0800`appName=graduation`hostName=localhost`logLevel=DEBUG`==> Parameters: 
time=2019-02-15T22:12:36.823+0800`appName=graduation`hostName=localhost`logLevel=DEBUG`<==      Total: 8
time=2019-02-15T22:12:36.829+0800`appName=graduation`hostName=localhost`logLevel=DEBUG`==>  Preparing: SELECT relation_id AS relationId,role_id AS roleId,menu_id AS menuId,status,ctime,utime FROM role_menu_relation WHERE role_id = ? 
time=2019-02-15T22:12:36.830+0800`appName=graduation`hostName=localhost`logLevel=DEBUG`==> Parameters: 9(Long)
time=2019-02-15T22:12:38.467+0800`appName=graduation`hostName=localhost`logLevel=DEBUG`<==      Total: 0
time=2019-02-15T22:12:52.923+0800`appName=graduation`hostName=localhost`logLevel=DEBUG`==>  Preparing: SELECT menu_id AS menuId,title,href,icon,status,parent_id,ctime,utime FROM menu 
time=2019-02-15T22:12:52.923+0800`appName=graduation`hostName=localhost`logLevel=DEBUG`==> Parameters: 
time=2019-02-15T22:12:52.926+0800`appName=graduation`hostName=localhost`logLevel=DEBUG`<==      Total: 8
time=2019-02-15T22:12:52.937+0800`appName=graduation`hostName=localhost`logLevel=DEBUG`==>  Preparing: SELECT relation_id AS relationId,role_id AS roleId,menu_id AS menuId,status,ctime,utime FROM role_menu_relation WHERE role_id = ? 
time=2019-02-15T22:12:52.937+0800`appName=graduation`hostName=localhost`logLevel=DEBUG`==> Parameters: 1(Long)
time=2019-02-15T22:12:52.940+0800`appName=graduation`hostName=localhost`logLevel=DEBUG`<==      Total: 7
time=2019-02-15T22:13:17.224+0800`appName=graduation`hostName=localhost`logLevel=DEBUG`==>  Preparing: SELECT menu_id AS menuId,title,href,icon,status,parent_id,ctime,utime FROM menu 
time=2019-02-15T22:13:17.224+0800`appName=graduation`hostName=localhost`logLevel=DEBUG`==> Parameters: 
time=2019-02-15T22:13:17.227+0800`appName=graduation`hostName=localhost`logLevel=DEBUG`<==      Total: 8
time=2019-02-15T22:13:17.229+0800`appName=graduation`hostName=localhost`logLevel=DEBUG`==>  Preparing: SELECT relation_id AS relationId,role_id AS roleId,menu_id AS menuId,status,ctime,utime FROM role_menu_relation WHERE role_id = ? 
time=2019-02-15T22:13:17.229+0800`appName=graduation`hostName=localhost`logLevel=DEBUG`==> Parameters: 9(Long)
time=2019-02-15T22:13:17.231+0800`appName=graduation`hostName=localhost`logLevel=DEBUG`<==      Total: 0
time=2019-02-15T22:17:05.700+0800`appName=graduation`hostName=localhost`logLevel=DEBUG`==>  Preparing: SELECT menu_id AS menuId,title,href,icon,status,parent_id,ctime,utime FROM menu 
time=2019-02-15T22:17:05.702+0800`appName=graduation`hostName=localhost`logLevel=DEBUG`==> Parameters: 
time=2019-02-15T22:17:05.709+0800`appName=graduation`hostName=localhost`logLevel=DEBUG`<==      Total: 8
time=2019-02-15T22:17:05.713+0800`appName=graduation`hostName=localhost`logLevel=DEBUG`==>  Preparing: SELECT relation_id AS relationId,role_id AS roleId,menu_id AS menuId,status,ctime,utime FROM role_menu_relation WHERE role_id = ? 
time=2019-02-15T22:17:05.714+0800`appName=graduation`hostName=localhost`logLevel=DEBUG`==> Parameters: 1(Long)
time=2019-02-15T22:17:05.718+0800`appName=graduation`hostName=localhost`logLevel=DEBUG`<==      Total: 7
time=2019-02-15T22:57:25.097+0800`appName=graduation`hostName=localhost`logLevel=DEBUG`==>  Preparing: SELECT menu_id AS menuId,title,href,icon,status,parent_id,ctime,utime FROM menu 
time=2019-02-15T22:57:25.100+0800`appName=graduation`hostName=localhost`logLevel=DEBUG`==> Parameters: 
time=2019-02-15T22:57:25.112+0800`appName=graduation`hostName=localhost`logLevel=DEBUG`<==      Total: 8
time=2019-02-15T22:57:25.115+0800`appName=graduation`hostName=localhost`logLevel=DEBUG`==>  Preparing: SELECT relation_id AS relationId,role_id AS roleId,menu_id AS menuId,status,ctime,utime FROM role_menu_relation WHERE role_id = ? 
time=2019-02-15T22:57:25.116+0800`appName=graduation`hostName=localhost`logLevel=DEBUG`==> Parameters: 1(Long)
time=2019-02-15T22:57:25.119+0800`appName=graduation`hostName=localhost`logLevel=DEBUG`<==      Total: 7
