time=2019-04-26T09:35:46.625+0800`appName=oms`hostName=docker-20`logLevel=DEBUG`==>  Preparing: SELECT operator_id AS operatorId,operator_name AS operatorName,operator_status AS operatorStatus,deleted,mobile,pwd,role_id AS roleId,ctime,utime FROM operator WHERE operator_id=? 
time=2019-04-26T09:35:46.708+0800`appName=oms`hostName=docker-20`logLevel=DEBUG`==> Parameters: 15207312(Long)
time=2019-04-26T09:35:46.768+0800`appName=oms`hostName=docker-20`logLevel=DEBUG`<==      Total: 1
time=2019-04-26T09:35:46.819+0800`appName=oms`hostName=docker-20`logLevel=DEBUG`==>  Preparing: SELECT student_id AS studentId,token,ctime,utime FROM user_web_token WHERE student_id=? 
time=2019-04-26T09:35:46.822+0800`appName=oms`hostName=docker-20`logLevel=DEBUG`==> Parameters: 15207312(Long)
time=2019-04-26T09:35:46.836+0800`appName=oms`hostName=docker-20`logLevel=DEBUG`<==      Total: 1
time=2019-04-26T09:35:46.945+0800`appName=oms`hostName=docker-20`logLevel=DEBUG`==>  Preparing: UPDATE user_web_token SET token=?,utime=? WHERE student_id=? 
time=2019-04-26T09:35:46.947+0800`appName=oms`hostName=docker-20`logLevel=DEBUG`==> Parameters: 7ac432f6-e426-481f-8063-6569bf9382c9(String), 1556242546944(Long), 15207312(Long)
time=2019-04-26T09:35:46.957+0800`appName=oms`hostName=docker-20`logLevel=DEBUG`<==    Updates: 1
time=2019-04-26T09:35:47.845+0800`appName=oms`hostName=docker-20`logLevel=DEBUG`==>  Preparing: SELECT relation_id AS relationId,operator_id AS operatorId,role_id AS roleId,deleted,ctime,utime FROM operator_role_relation WHERE operator_id = ? 
time=2019-04-26T09:35:47.846+0800`appName=oms`hostName=docker-20`logLevel=DEBUG`==> Parameters: 15207312(Long)
time=2019-04-26T09:35:47.855+0800`appName=oms`hostName=docker-20`logLevel=DEBUG`<==      Total: 1
time=2019-04-26T09:35:47.869+0800`appName=oms`hostName=docker-20`logLevel=DEBUG`==>  Preparing: SELECT relation_id AS relationId,role_id AS roleId,menu_id AS menuId,status,ctime,utime FROM role_menu_relation WHERE role_id = ? 
time=2019-04-26T09:35:47.870+0800`appName=oms`hostName=docker-20`logLevel=DEBUG`==> Parameters: 1(Long)
time=2019-04-26T09:35:47.881+0800`appName=oms`hostName=docker-20`logLevel=DEBUG`<==      Total: 22
time=2019-04-26T09:35:47.901+0800`appName=oms`hostName=docker-20`logLevel=DEBUG`==>  Preparing: SELECT menu_id AS menuId,title,href,icon,status,parent_id,ctime,utime FROM menu WHERE menu_id IN (?,?,?,?,?,?,?,?,?,?,?,?,?,?,?,?,?,?,?,?,?,?) 
time=2019-04-26T09:35:47.905+0800`appName=oms`hostName=docker-20`logLevel=DEBUG`==> Parameters: 1(Long), 7(Long), 8(Long), 2(Long), 3(Long), 5(Long), 13(Long), 14(Long), 15(Long), 16(Long), 27(Long), 17(Long), 18(Long), 19(Long), 20(Long), 21(Long), 26(Long), 22(Long), 23(Long), 28(Long), 24(Long), 25(Long)
time=2019-04-26T09:35:47.916+0800`appName=oms`hostName=docker-20`logLevel=DEBUG`<==      Total: 20
time=2019-04-26T09:35:51.307+0800`appName=oms`hostName=docker-20`logLevel=DEBUG`==>  Preparing: SELECT COUNT(1) FROM recruit_unit WHERE 1 = 1 
time=2019-04-26T09:35:51.308+0800`appName=oms`hostName=docker-20`logLevel=DEBUG`==> Parameters: 
time=2019-04-26T09:35:51.321+0800`appName=oms`hostName=docker-20`logLevel=DEBUG`==>  Preparing: SELECT unit_id AS unitId,unit_name AS unitName,industry,property,scale,unit_web AS unitWeb,contractor,mobile,direct,company_phone AS companyPhone,address,status,deleted,ctime,utime FROM recruit_unit WHERE 1=1 ORDER BY ctime DESC LIMIT 0,20 
time=2019-04-26T09:35:51.322+0800`appName=oms`hostName=docker-20`logLevel=DEBUG`==> Parameters: 
time=2019-04-26T09:35:51.328+0800`appName=oms`hostName=docker-20`logLevel=DEBUG`<==      Total: 4
time=2019-04-26T09:35:53.341+0800`appName=oms`hostName=docker-20`logLevel=DEBUG`==>  Preparing: SELECT unit_id AS unitId,unit_name AS unitName,industry,property,scale,unit_web AS unitWeb,contractor,mobile,direct,company_phone AS companyPhone,address,status,deleted,ctime,utime FROM recruit_unit WHERE deleted = ? AND status = ? 
time=2019-04-26T09:35:53.342+0800`appName=oms`hostName=docker-20`logLevel=DEBUG`==> Parameters: 1(Integer), 2(Integer)
time=2019-04-26T09:35:53.348+0800`appName=oms`hostName=docker-20`logLevel=DEBUG`<==      Total: 4
time=2019-04-26T09:35:53.365+0800`appName=oms`hostName=docker-20`logLevel=DEBUG`==>  Preparing: SELECT id AS id,dict_value AS dictValue,dictdata_name AS dictdataName,dictdata_value AS dictdataValue,is_fixed AS isFixed,is_cancel AS isCancel,parent_id AS parentId,ctime,utime FROM dictionary_data WHERE dict_value = ? 
time=2019-04-26T09:35:53.376+0800`appName=oms`hostName=docker-20`logLevel=DEBUG`==> Parameters: sl(String)
time=2019-04-26T09:35:53.385+0800`appName=oms`hostName=docker-20`logLevel=DEBUG`<==      Total: 10
time=2019-04-26T09:35:53.425+0800`appName=oms`hostName=docker-20`logLevel=DEBUG`==>  Preparing: SELECT COUNT(1) FROM recruit 
time=2019-04-26T09:35:53.425+0800`appName=oms`hostName=docker-20`logLevel=DEBUG`==> Parameters: 
time=2019-04-26T09:35:53.431+0800`appName=oms`hostName=docker-20`logLevel=DEBUG`==>  Preparing: SELECT recurit_id AS recuritId,title,salary,members,resumes,endTime,contractor,mobile,pos_name AS posName,pos_descript AS posDescript,welfare,work_place AS workPlace,unit_id AS unitId,email,status,deleted,ctime,utime FROM recruit LIMIT 0,10 
time=2019-04-26T09:35:53.432+0800`appName=oms`hostName=docker-20`logLevel=DEBUG`==> Parameters: 
time=2019-04-26T09:35:53.439+0800`appName=oms`hostName=docker-20`logLevel=DEBUG`<==      Total: 10
time=2019-04-26T09:35:53.443+0800`appName=oms`hostName=docker-20`logLevel=DEBUG`==>  Preparing: SELECT unit_id AS unitId,unit_name AS unitName,industry,property,scale,unit_web AS unitWeb,contractor,mobile,direct,company_phone AS companyPhone,address,status,deleted,ctime,utime FROM recruit_unit WHERE unit_id IN (?,?) 
time=2019-04-26T09:35:53.444+0800`appName=oms`hostName=docker-20`logLevel=DEBUG`==> Parameters: 2(Long), 12(Long)
time=2019-04-26T09:35:53.447+0800`appName=oms`hostName=docker-20`logLevel=DEBUG`<==      Total: 2
time=2019-04-26T09:46:59.974+0800`appName=oms`hostName=docker-20`logLevel=DEBUG`==>  Preparing: SELECT relation_id AS relationId,operator_id AS operatorId,role_id AS roleId,deleted,ctime,utime FROM operator_role_relation WHERE operator_id = ? 
time=2019-04-26T09:47:00.034+0800`appName=oms`hostName=docker-20`logLevel=DEBUG`==> Parameters: 15207312(Long)
time=2019-04-26T09:47:00.077+0800`appName=oms`hostName=docker-20`logLevel=DEBUG`<==      Total: 1
time=2019-04-26T09:47:00.114+0800`appName=oms`hostName=docker-20`logLevel=DEBUG`==>  Preparing: SELECT relation_id AS relationId,role_id AS roleId,menu_id AS menuId,status,ctime,utime FROM role_menu_relation WHERE role_id = ? 
time=2019-04-26T09:47:00.115+0800`appName=oms`hostName=docker-20`logLevel=DEBUG`==> Parameters: 1(Long)
time=2019-04-26T09:47:00.129+0800`appName=oms`hostName=docker-20`logLevel=DEBUG`<==      Total: 22
time=2019-04-26T09:47:00.160+0800`appName=oms`hostName=docker-20`logLevel=DEBUG`==>  Preparing: SELECT menu_id AS menuId,title,href,icon,status,parent_id,ctime,utime FROM menu WHERE menu_id IN (?,?,?,?,?,?,?,?,?,?,?,?,?,?,?,?,?,?,?,?,?,?) 
time=2019-04-26T09:47:00.164+0800`appName=oms`hostName=docker-20`logLevel=DEBUG`==> Parameters: 1(Long), 7(Long), 8(Long), 2(Long), 3(Long), 5(Long), 13(Long), 14(Long), 15(Long), 16(Long), 27(Long), 17(Long), 18(Long), 19(Long), 20(Long), 21(Long), 26(Long), 22(Long), 23(Long), 28(Long), 24(Long), 25(Long)
time=2019-04-26T09:47:00.180+0800`appName=oms`hostName=docker-20`logLevel=DEBUG`<==      Total: 20
time=2019-04-26T09:47:01.405+0800`appName=oms`hostName=docker-20`logLevel=DEBUG`==>  Preparing: SELECT unit_id AS unitId,unit_name AS unitName,industry,property,scale,unit_web AS unitWeb,contractor,mobile,direct,company_phone AS companyPhone,address,status,deleted,ctime,utime FROM recruit_unit WHERE deleted = ? AND status = ? 
time=2019-04-26T09:47:01.407+0800`appName=oms`hostName=docker-20`logLevel=DEBUG`==> Parameters: 1(Integer), 2(Integer)
time=2019-04-26T09:47:01.415+0800`appName=oms`hostName=docker-20`logLevel=DEBUG`<==      Total: 4
time=2019-04-26T09:47:01.489+0800`appName=oms`hostName=docker-20`logLevel=DEBUG`==>  Preparing: SELECT id AS id,dict_value AS dictValue,dictdata_name AS dictdataName,dictdata_value AS dictdataValue,is_fixed AS isFixed,is_cancel AS isCancel,parent_id AS parentId,ctime,utime FROM dictionary_data WHERE dict_value = ? 
time=2019-04-26T09:47:01.490+0800`appName=oms`hostName=docker-20`logLevel=DEBUG`==> Parameters: sl(String)
time=2019-04-26T09:47:01.496+0800`appName=oms`hostName=docker-20`logLevel=DEBUG`<==      Total: 10
time=2019-04-26T09:47:01.565+0800`appName=oms`hostName=docker-20`logLevel=DEBUG`==>  Preparing: SELECT COUNT(1) FROM recruit 
time=2019-04-26T09:47:01.566+0800`appName=oms`hostName=docker-20`logLevel=DEBUG`==> Parameters: 
time=2019-04-26T09:47:01.577+0800`appName=oms`hostName=docker-20`logLevel=DEBUG`==>  Preparing: SELECT recurit_id AS recuritId,title,salary,members,resumes,endTime,contractor,mobile,pos_name AS posName,pos_descript AS posDescript,welfare,work_place AS workPlace,unit_id AS unitId,email,status,deleted,ctime,utime FROM recruit LIMIT 0,10 
time=2019-04-26T09:47:01.578+0800`appName=oms`hostName=docker-20`logLevel=DEBUG`==> Parameters: 
time=2019-04-26T09:47:01.585+0800`appName=oms`hostName=docker-20`logLevel=DEBUG`<==      Total: 10
time=2019-04-26T09:47:01.589+0800`appName=oms`hostName=docker-20`logLevel=DEBUG`==>  Preparing: SELECT unit_id AS unitId,unit_name AS unitName,industry,property,scale,unit_web AS unitWeb,contractor,mobile,direct,company_phone AS companyPhone,address,status,deleted,ctime,utime FROM recruit_unit WHERE unit_id IN (?,?) 
time=2019-04-26T09:47:01.590+0800`appName=oms`hostName=docker-20`logLevel=DEBUG`==> Parameters: 2(Long), 12(Long)
time=2019-04-26T09:47:01.593+0800`appName=oms`hostName=docker-20`logLevel=DEBUG`<==      Total: 2
time=2019-04-26T09:47:28.516+0800`appName=oms`hostName=docker-20`logLevel=DEBUG`==>  Preparing: SELECT operator_id AS operatorId,operator_name AS operatorName,operator_status AS operatorStatus,deleted,mobile,pwd,role_id AS roleId,ctime,utime FROM operator WHERE operator_id=? 
time=2019-04-26T09:47:28.517+0800`appName=oms`hostName=docker-20`logLevel=DEBUG`==> Parameters: 15207312(Long)
time=2019-04-26T09:47:28.522+0800`appName=oms`hostName=docker-20`logLevel=DEBUG`<==      Total: 1
time=2019-04-26T09:47:28.580+0800`appName=oms`hostName=docker-20`logLevel=DEBUG`==>  Preparing: SELECT student_id AS studentId,token,ctime,utime FROM user_web_token WHERE student_id=? 
time=2019-04-26T09:47:28.581+0800`appName=oms`hostName=docker-20`logLevel=DEBUG`==> Parameters: 15207312(Long)
time=2019-04-26T09:47:28.586+0800`appName=oms`hostName=docker-20`logLevel=DEBUG`<==      Total: 1
time=2019-04-26T09:47:29.252+0800`appName=oms`hostName=docker-20`logLevel=DEBUG`==>  Preparing: UPDATE user_web_token SET token=?,utime=? WHERE student_id=? 
time=2019-04-26T09:47:29.253+0800`appName=oms`hostName=docker-20`logLevel=DEBUG`==> Parameters: e5bd4d2c-3622-436c-90b5-cf906b606cf4(String), 1556243249250(Long), 15207312(Long)
time=2019-04-26T09:47:29.258+0800`appName=oms`hostName=docker-20`logLevel=DEBUG`<==    Updates: 1
time=2019-04-26T09:47:29.775+0800`appName=oms`hostName=docker-20`logLevel=DEBUG`==>  Preparing: SELECT relation_id AS relationId,operator_id AS operatorId,role_id AS roleId,deleted,ctime,utime FROM operator_role_relation WHERE operator_id = ? 
time=2019-04-26T09:47:29.776+0800`appName=oms`hostName=docker-20`logLevel=DEBUG`==> Parameters: 15207312(Long)
time=2019-04-26T09:47:29.779+0800`appName=oms`hostName=docker-20`logLevel=DEBUG`<==      Total: 1
time=2019-04-26T09:47:29.781+0800`appName=oms`hostName=docker-20`logLevel=DEBUG`==>  Preparing: SELECT relation_id AS relationId,role_id AS roleId,menu_id AS menuId,status,ctime,utime FROM role_menu_relation WHERE role_id = ? 
time=2019-04-26T09:47:29.782+0800`appName=oms`hostName=docker-20`logLevel=DEBUG`==> Parameters: 1(Long)
time=2019-04-26T09:47:29.786+0800`appName=oms`hostName=docker-20`logLevel=DEBUG`<==      Total: 22
time=2019-04-26T09:47:29.791+0800`appName=oms`hostName=docker-20`logLevel=DEBUG`==>  Preparing: SELECT menu_id AS menuId,title,href,icon,status,parent_id,ctime,utime FROM menu WHERE menu_id IN (?,?,?,?,?,?,?,?,?,?,?,?,?,?,?,?,?,?,?,?,?,?) 
time=2019-04-26T09:47:29.793+0800`appName=oms`hostName=docker-20`logLevel=DEBUG`==> Parameters: 1(Long), 7(Long), 8(Long), 2(Long), 3(Long), 5(Long), 13(Long), 14(Long), 15(Long), 16(Long), 27(Long), 17(Long), 18(Long), 19(Long), 20(Long), 21(Long), 26(Long), 22(Long), 23(Long), 28(Long), 24(Long), 25(Long)
time=2019-04-26T09:47:29.798+0800`appName=oms`hostName=docker-20`logLevel=DEBUG`<==      Total: 20
time=2019-04-26T09:47:36.368+0800`appName=oms`hostName=docker-20`logLevel=DEBUG`==>  Preparing: SELECT unit_id AS unitId,unit_name AS unitName,industry,property,scale,unit_web AS unitWeb,contractor,mobile,direct,company_phone AS companyPhone,address,status,deleted,ctime,utime FROM recruit_unit WHERE deleted = ? AND status = ? 
time=2019-04-26T09:47:36.370+0800`appName=oms`hostName=docker-20`logLevel=DEBUG`==> Parameters: 1(Integer), 2(Integer)
time=2019-04-26T09:47:36.373+0800`appName=oms`hostName=docker-20`logLevel=DEBUG`<==      Total: 4
time=2019-04-26T09:47:36.391+0800`appName=oms`hostName=docker-20`logLevel=DEBUG`==>  Preparing: SELECT id AS id,dict_value AS dictValue,dictdata_name AS dictdataName,dictdata_value AS dictdataValue,is_fixed AS isFixed,is_cancel AS isCancel,parent_id AS parentId,ctime,utime FROM dictionary_data WHERE dict_value = ? 
time=2019-04-26T09:47:36.393+0800`appName=oms`hostName=docker-20`logLevel=DEBUG`==> Parameters: sl(String)
time=2019-04-26T09:47:36.400+0800`appName=oms`hostName=docker-20`logLevel=DEBUG`<==      Total: 10
time=2019-04-26T09:47:36.467+0800`appName=oms`hostName=docker-20`logLevel=DEBUG`==>  Preparing: SELECT COUNT(1) FROM recruit 
time=2019-04-26T09:47:36.467+0800`appName=oms`hostName=docker-20`logLevel=DEBUG`==> Parameters: 
time=2019-04-26T09:47:36.471+0800`appName=oms`hostName=docker-20`logLevel=DEBUG`==>  Preparing: SELECT recurit_id AS recuritId,title,salary,members,resumes,endTime,contractor,mobile,pos_name AS posName,pos_descript AS posDescript,welfare,work_place AS workPlace,unit_id AS unitId,email,status,deleted,ctime,utime FROM recruit LIMIT 0,10 
time=2019-04-26T09:47:36.472+0800`appName=oms`hostName=docker-20`logLevel=DEBUG`==> Parameters: 
time=2019-04-26T09:47:36.482+0800`appName=oms`hostName=docker-20`logLevel=DEBUG`<==      Total: 10
time=2019-04-26T09:47:36.485+0800`appName=oms`hostName=docker-20`logLevel=DEBUG`==>  Preparing: SELECT unit_id AS unitId,unit_name AS unitName,industry,property,scale,unit_web AS unitWeb,contractor,mobile,direct,company_phone AS companyPhone,address,status,deleted,ctime,utime FROM recruit_unit WHERE unit_id IN (?,?) 
time=2019-04-26T09:47:36.486+0800`appName=oms`hostName=docker-20`logLevel=DEBUG`==> Parameters: 2(Long), 12(Long)
time=2019-04-26T09:47:36.490+0800`appName=oms`hostName=docker-20`logLevel=DEBUG`<==      Total: 2
time=2019-04-26T09:49:07.103+0800`appName=oms`hostName=docker-20`logLevel=DEBUG`==>  Preparing: SELECT relation_id AS relationId,operator_id AS operatorId,role_id AS roleId,deleted,ctime,utime FROM operator_role_relation WHERE operator_id = ? 
time=2019-04-26T09:49:07.142+0800`appName=oms`hostName=docker-20`logLevel=DEBUG`==> Parameters: 15207312(Long)
time=2019-04-26T09:49:07.166+0800`appName=oms`hostName=docker-20`logLevel=DEBUG`<==      Total: 1
time=2019-04-26T09:49:07.179+0800`appName=oms`hostName=docker-20`logLevel=DEBUG`==>  Preparing: SELECT relation_id AS relationId,role_id AS roleId,menu_id AS menuId,status,ctime,utime FROM role_menu_relation WHERE role_id = ? 
time=2019-04-26T09:49:07.179+0800`appName=oms`hostName=docker-20`logLevel=DEBUG`==> Parameters: 1(Long)
time=2019-04-26T09:49:07.190+0800`appName=oms`hostName=docker-20`logLevel=DEBUG`<==      Total: 22
time=2019-04-26T09:49:07.207+0800`appName=oms`hostName=docker-20`logLevel=DEBUG`==>  Preparing: SELECT menu_id AS menuId,title,href,icon,status,parent_id,ctime,utime FROM menu WHERE menu_id IN (?,?,?,?,?,?,?,?,?,?,?,?,?,?,?,?,?,?,?,?,?,?) 
time=2019-04-26T09:49:07.210+0800`appName=oms`hostName=docker-20`logLevel=DEBUG`==> Parameters: 1(Long), 7(Long), 8(Long), 2(Long), 3(Long), 5(Long), 13(Long), 14(Long), 15(Long), 16(Long), 27(Long), 17(Long), 18(Long), 19(Long), 20(Long), 21(Long), 26(Long), 22(Long), 23(Long), 28(Long), 24(Long), 25(Long)
time=2019-04-26T09:49:07.221+0800`appName=oms`hostName=docker-20`logLevel=DEBUG`<==      Total: 20
time=2019-04-26T09:49:08.136+0800`appName=oms`hostName=docker-20`logLevel=DEBUG`==>  Preparing: SELECT unit_id AS unitId,unit_name AS unitName,industry,property,scale,unit_web AS unitWeb,contractor,mobile,direct,company_phone AS companyPhone,address,status,deleted,ctime,utime FROM recruit_unit WHERE deleted = ? AND status = ? 
time=2019-04-26T09:49:08.137+0800`appName=oms`hostName=docker-20`logLevel=DEBUG`==> Parameters: 1(Integer), 2(Integer)
time=2019-04-26T09:49:08.141+0800`appName=oms`hostName=docker-20`logLevel=DEBUG`<==      Total: 4
time=2019-04-26T09:49:08.171+0800`appName=oms`hostName=docker-20`logLevel=DEBUG`==>  Preparing: SELECT id AS id,dict_value AS dictValue,dictdata_name AS dictdataName,dictdata_value AS dictdataValue,is_fixed AS isFixed,is_cancel AS isCancel,parent_id AS parentId,ctime,utime FROM dictionary_data WHERE dict_value = ? 
time=2019-04-26T09:49:08.173+0800`appName=oms`hostName=docker-20`logLevel=DEBUG`==> Parameters: sl(String)
time=2019-04-26T09:49:08.177+0800`appName=oms`hostName=docker-20`logLevel=DEBUG`<==      Total: 10
time=2019-04-26T09:49:08.331+0800`appName=oms`hostName=docker-20`logLevel=DEBUG`==>  Preparing: SELECT COUNT(1) FROM recruit 
time=2019-04-26T09:49:08.333+0800`appName=oms`hostName=docker-20`logLevel=DEBUG`==> Parameters: 
time=2019-04-26T09:49:08.342+0800`appName=oms`hostName=docker-20`logLevel=DEBUG`==>  Preparing: SELECT recurit_id AS recuritId,title,salary,members,resumes,endTime,contractor,mobile,pos_name AS posName,pos_descript AS posDescript,welfare,work_place AS workPlace,unit_id AS unitId,email,status,deleted,ctime,utime FROM recruit LIMIT 0,10 
time=2019-04-26T09:49:08.344+0800`appName=oms`hostName=docker-20`logLevel=DEBUG`==> Parameters: 
time=2019-04-26T09:49:08.350+0800`appName=oms`hostName=docker-20`logLevel=DEBUG`<==      Total: 10
time=2019-04-26T09:49:08.354+0800`appName=oms`hostName=docker-20`logLevel=DEBUG`==>  Preparing: SELECT unit_id AS unitId,unit_name AS unitName,industry,property,scale,unit_web AS unitWeb,contractor,mobile,direct,company_phone AS companyPhone,address,status,deleted,ctime,utime FROM recruit_unit WHERE unit_id IN (?,?) 
time=2019-04-26T09:49:08.354+0800`appName=oms`hostName=docker-20`logLevel=DEBUG`==> Parameters: 2(Long), 12(Long)
time=2019-04-26T09:49:08.357+0800`appName=oms`hostName=docker-20`logLevel=DEBUG`<==      Total: 2
time=2019-04-26T09:51:13.257+0800`appName=oms`hostName=docker-20`logLevel=DEBUG`==>  Preparing: SELECT relation_id AS relationId,operator_id AS operatorId,role_id AS roleId,deleted,ctime,utime FROM operator_role_relation WHERE operator_id = ? 
time=2019-04-26T09:51:13.299+0800`appName=oms`hostName=docker-20`logLevel=DEBUG`==> Parameters: 15207312(Long)
time=2019-04-26T09:51:13.330+0800`appName=oms`hostName=docker-20`logLevel=DEBUG`<==      Total: 1
time=2019-04-26T09:51:13.344+0800`appName=oms`hostName=docker-20`logLevel=DEBUG`==>  Preparing: SELECT relation_id AS relationId,role_id AS roleId,menu_id AS menuId,status,ctime,utime FROM role_menu_relation WHERE role_id = ? 
time=2019-04-26T09:51:13.345+0800`appName=oms`hostName=docker-20`logLevel=DEBUG`==> Parameters: 1(Long)
time=2019-04-26T09:51:13.355+0800`appName=oms`hostName=docker-20`logLevel=DEBUG`<==      Total: 22
time=2019-04-26T09:51:13.380+0800`appName=oms`hostName=docker-20`logLevel=DEBUG`==>  Preparing: SELECT menu_id AS menuId,title,href,icon,status,parent_id,ctime,utime FROM menu WHERE menu_id IN (?,?,?,?,?,?,?,?,?,?,?,?,?,?,?,?,?,?,?,?,?,?) 
time=2019-04-26T09:51:13.383+0800`appName=oms`hostName=docker-20`logLevel=DEBUG`==> Parameters: 1(Long), 7(Long), 8(Long), 2(Long), 3(Long), 5(Long), 13(Long), 14(Long), 15(Long), 16(Long), 27(Long), 17(Long), 18(Long), 19(Long), 20(Long), 21(Long), 26(Long), 22(Long), 23(Long), 28(Long), 24(Long), 25(Long)
time=2019-04-26T09:51:13.399+0800`appName=oms`hostName=docker-20`logLevel=DEBUG`<==      Total: 20
time=2019-04-26T09:51:14.172+0800`appName=oms`hostName=docker-20`logLevel=DEBUG`==>  Preparing: SELECT unit_id AS unitId,unit_name AS unitName,industry,property,scale,unit_web AS unitWeb,contractor,mobile,direct,company_phone AS companyPhone,address,status,deleted,ctime,utime FROM recruit_unit WHERE deleted = ? AND status = ? 
time=2019-04-26T09:51:14.173+0800`appName=oms`hostName=docker-20`logLevel=DEBUG`==> Parameters: 1(Integer), 2(Integer)
time=2019-04-26T09:51:14.177+0800`appName=oms`hostName=docker-20`logLevel=DEBUG`<==      Total: 4
time=2019-04-26T09:51:14.207+0800`appName=oms`hostName=docker-20`logLevel=DEBUG`==>  Preparing: SELECT id AS id,dict_value AS dictValue,dictdata_name AS dictdataName,dictdata_value AS dictdataValue,is_fixed AS isFixed,is_cancel AS isCancel,parent_id AS parentId,ctime,utime FROM dictionary_data WHERE dict_value = ? 
time=2019-04-26T09:51:14.208+0800`appName=oms`hostName=docker-20`logLevel=DEBUG`==> Parameters: sl(String)
time=2019-04-26T09:51:14.213+0800`appName=oms`hostName=docker-20`logLevel=DEBUG`<==      Total: 10
time=2019-04-26T09:51:14.365+0800`appName=oms`hostName=docker-20`logLevel=DEBUG`==>  Preparing: SELECT COUNT(1) FROM recruit 
time=2019-04-26T09:51:14.365+0800`appName=oms`hostName=docker-20`logLevel=DEBUG`==> Parameters: 
time=2019-04-26T09:51:14.378+0800`appName=oms`hostName=docker-20`logLevel=DEBUG`==>  Preparing: SELECT recurit_id AS recuritId,title,salary,members,resumes,endTime,contractor,mobile,pos_name AS posName,pos_descript AS posDescript,welfare,work_place AS workPlace,unit_id AS unitId,email,status,deleted,ctime,utime FROM recruit LIMIT 0,10 
time=2019-04-26T09:51:14.378+0800`appName=oms`hostName=docker-20`logLevel=DEBUG`==> Parameters: 
time=2019-04-26T09:51:14.384+0800`appName=oms`hostName=docker-20`logLevel=DEBUG`<==      Total: 10
time=2019-04-26T09:51:14.387+0800`appName=oms`hostName=docker-20`logLevel=DEBUG`==>  Preparing: SELECT unit_id AS unitId,unit_name AS unitName,industry,property,scale,unit_web AS unitWeb,contractor,mobile,direct,company_phone AS companyPhone,address,status,deleted,ctime,utime FROM recruit_unit WHERE unit_id IN (?,?) 
time=2019-04-26T09:51:14.388+0800`appName=oms`hostName=docker-20`logLevel=DEBUG`==> Parameters: 2(Long), 12(Long)
time=2019-04-26T09:51:14.391+0800`appName=oms`hostName=docker-20`logLevel=DEBUG`<==      Total: 2
time=2019-04-26T09:52:07.376+0800`appName=oms`hostName=docker-20`logLevel=DEBUG`==>  Preparing: SELECT relation_id AS relationId,operator_id AS operatorId,role_id AS roleId,deleted,ctime,utime FROM operator_role_relation WHERE operator_id = ? 
time=2019-04-26T09:52:07.426+0800`appName=oms`hostName=docker-20`logLevel=DEBUG`==> Parameters: 15207312(Long)
time=2019-04-26T09:52:07.457+0800`appName=oms`hostName=docker-20`logLevel=DEBUG`<==      Total: 1
time=2019-04-26T09:52:07.474+0800`appName=oms`hostName=docker-20`logLevel=DEBUG`==>  Preparing: SELECT relation_id AS relationId,role_id AS roleId,menu_id AS menuId,status,ctime,utime FROM role_menu_relation WHERE role_id = ? 
time=2019-04-26T09:52:07.474+0800`appName=oms`hostName=docker-20`logLevel=DEBUG`==> Parameters: 1(Long)
time=2019-04-26T09:52:07.487+0800`appName=oms`hostName=docker-20`logLevel=DEBUG`<==      Total: 22
time=2019-04-26T09:52:07.507+0800`appName=oms`hostName=docker-20`logLevel=DEBUG`==>  Preparing: SELECT menu_id AS menuId,title,href,icon,status,parent_id,ctime,utime FROM menu WHERE menu_id IN (?,?,?,?,?,?,?,?,?,?,?,?,?,?,?,?,?,?,?,?,?,?) 
time=2019-04-26T09:52:07.510+0800`appName=oms`hostName=docker-20`logLevel=DEBUG`==> Parameters: 1(Long), 7(Long), 8(Long), 2(Long), 3(Long), 5(Long), 13(Long), 14(Long), 15(Long), 16(Long), 27(Long), 17(Long), 18(Long), 19(Long), 20(Long), 21(Long), 26(Long), 22(Long), 23(Long), 28(Long), 24(Long), 25(Long)
time=2019-04-26T09:52:07.519+0800`appName=oms`hostName=docker-20`logLevel=DEBUG`<==      Total: 20
time=2019-04-26T09:52:08.186+0800`appName=oms`hostName=docker-20`logLevel=DEBUG`==>  Preparing: SELECT unit_id AS unitId,unit_name AS unitName,industry,property,scale,unit_web AS unitWeb,contractor,mobile,direct,company_phone AS companyPhone,address,status,deleted,ctime,utime FROM recruit_unit WHERE deleted = ? AND status = ? 
time=2019-04-26T09:52:08.187+0800`appName=oms`hostName=docker-20`logLevel=DEBUG`==> Parameters: 1(Integer), 2(Integer)
time=2019-04-26T09:52:08.190+0800`appName=oms`hostName=docker-20`logLevel=DEBUG`<==      Total: 4
time=2019-04-26T09:52:08.247+0800`appName=oms`hostName=docker-20`logLevel=DEBUG`==>  Preparing: SELECT id AS id,dict_value AS dictValue,dictdata_name AS dictdataName,dictdata_value AS dictdataValue,is_fixed AS isFixed,is_cancel AS isCancel,parent_id AS parentId,ctime,utime FROM dictionary_data WHERE dict_value = ? 
time=2019-04-26T09:52:08.248+0800`appName=oms`hostName=docker-20`logLevel=DEBUG`==> Parameters: sl(String)
time=2019-04-26T09:52:08.254+0800`appName=oms`hostName=docker-20`logLevel=DEBUG`<==      Total: 10
time=2019-04-26T09:52:08.374+0800`appName=oms`hostName=docker-20`logLevel=DEBUG`==>  Preparing: SELECT COUNT(1) FROM recruit 
time=2019-04-26T09:52:08.375+0800`appName=oms`hostName=docker-20`logLevel=DEBUG`==> Parameters: 
time=2019-04-26T09:52:08.381+0800`appName=oms`hostName=docker-20`logLevel=DEBUG`==>  Preparing: SELECT recurit_id AS recuritId,title,salary,members,resumes,endTime,contractor,mobile,pos_name AS posName,pos_descript AS posDescript,welfare,work_place AS workPlace,unit_id AS unitId,email,status,deleted,ctime,utime FROM recruit LIMIT 0,10 
time=2019-04-26T09:52:08.381+0800`appName=oms`hostName=docker-20`logLevel=DEBUG`==> Parameters: 
time=2019-04-26T09:52:08.387+0800`appName=oms`hostName=docker-20`logLevel=DEBUG`<==      Total: 10
time=2019-04-26T09:52:08.390+0800`appName=oms`hostName=docker-20`logLevel=DEBUG`==>  Preparing: SELECT unit_id AS unitId,unit_name AS unitName,industry,property,scale,unit_web AS unitWeb,contractor,mobile,direct,company_phone AS companyPhone,address,status,deleted,ctime,utime FROM recruit_unit WHERE unit_id IN (?,?) 
time=2019-04-26T09:52:08.391+0800`appName=oms`hostName=docker-20`logLevel=DEBUG`==> Parameters: 2(Long), 12(Long)
time=2019-04-26T09:52:08.394+0800`appName=oms`hostName=docker-20`logLevel=DEBUG`<==      Total: 2
time=2019-04-26T09:54:17.983+0800`appName=oms`hostName=docker-20`logLevel=DEBUG`==>  Preparing: SELECT relation_id AS relationId,operator_id AS operatorId,role_id AS roleId,deleted,ctime,utime FROM operator_role_relation WHERE operator_id = ? 
time=2019-04-26T09:54:18.054+0800`appName=oms`hostName=docker-20`logLevel=DEBUG`==> Parameters: 15207312(Long)
time=2019-04-26T09:54:18.090+0800`appName=oms`hostName=docker-20`logLevel=DEBUG`<==      Total: 1
time=2019-04-26T09:54:18.106+0800`appName=oms`hostName=docker-20`logLevel=DEBUG`==>  Preparing: SELECT relation_id AS relationId,role_id AS roleId,menu_id AS menuId,status,ctime,utime FROM role_menu_relation WHERE role_id = ? 
time=2019-04-26T09:54:18.106+0800`appName=oms`hostName=docker-20`logLevel=DEBUG`==> Parameters: 1(Long)
time=2019-04-26T09:54:18.117+0800`appName=oms`hostName=docker-20`logLevel=DEBUG`<==      Total: 22
time=2019-04-26T09:54:18.137+0800`appName=oms`hostName=docker-20`logLevel=DEBUG`==>  Preparing: SELECT menu_id AS menuId,title,href,icon,status,parent_id,ctime,utime FROM menu WHERE menu_id IN (?,?,?,?,?,?,?,?,?,?,?,?,?,?,?,?,?,?,?,?,?,?) 
time=2019-04-26T09:54:18.141+0800`appName=oms`hostName=docker-20`logLevel=DEBUG`==> Parameters: 1(Long), 7(Long), 8(Long), 2(Long), 3(Long), 5(Long), 13(Long), 14(Long), 15(Long), 16(Long), 27(Long), 17(Long), 18(Long), 19(Long), 20(Long), 21(Long), 26(Long), 22(Long), 23(Long), 28(Long), 24(Long), 25(Long)
time=2019-04-26T09:54:18.149+0800`appName=oms`hostName=docker-20`logLevel=DEBUG`<==      Total: 20
time=2019-04-26T09:54:18.937+0800`appName=oms`hostName=docker-20`logLevel=DEBUG`==>  Preparing: SELECT unit_id AS unitId,unit_name AS unitName,industry,property,scale,unit_web AS unitWeb,contractor,mobile,direct,company_phone AS companyPhone,address,status,deleted,ctime,utime FROM recruit_unit WHERE deleted = ? AND status = ? 
time=2019-04-26T09:54:18.938+0800`appName=oms`hostName=docker-20`logLevel=DEBUG`==> Parameters: 1(Integer), 2(Integer)
time=2019-04-26T09:54:18.942+0800`appName=oms`hostName=docker-20`logLevel=DEBUG`<==      Total: 4
time=2019-04-26T09:54:18.983+0800`appName=oms`hostName=docker-20`logLevel=DEBUG`==>  Preparing: SELECT id AS id,dict_value AS dictValue,dictdata_name AS dictdataName,dictdata_value AS dictdataValue,is_fixed AS isFixed,is_cancel AS isCancel,parent_id AS parentId,ctime,utime FROM dictionary_data WHERE dict_value = ? 
time=2019-04-26T09:54:18.984+0800`appName=oms`hostName=docker-20`logLevel=DEBUG`==> Parameters: sl(String)
time=2019-04-26T09:54:18.989+0800`appName=oms`hostName=docker-20`logLevel=DEBUG`<==      Total: 10
time=2019-04-26T09:54:19.109+0800`appName=oms`hostName=docker-20`logLevel=DEBUG`==>  Preparing: SELECT COUNT(1) FROM recruit 
time=2019-04-26T09:54:19.110+0800`appName=oms`hostName=docker-20`logLevel=DEBUG`==> Parameters: 
time=2019-04-26T09:54:19.120+0800`appName=oms`hostName=docker-20`logLevel=DEBUG`==>  Preparing: SELECT recurit_id AS recuritId,title,salary,members,resumes,endTime,contractor,mobile,pos_name AS posName,pos_descript AS posDescript,welfare,work_place AS workPlace,unit_id AS unitId,email,status,deleted,ctime,utime FROM recruit LIMIT 0,10 
time=2019-04-26T09:54:19.120+0800`appName=oms`hostName=docker-20`logLevel=DEBUG`==> Parameters: 
time=2019-04-26T09:54:19.127+0800`appName=oms`hostName=docker-20`logLevel=DEBUG`<==      Total: 10
time=2019-04-26T09:54:19.131+0800`appName=oms`hostName=docker-20`logLevel=DEBUG`==>  Preparing: SELECT unit_id AS unitId,unit_name AS unitName,industry,property,scale,unit_web AS unitWeb,contractor,mobile,direct,company_phone AS companyPhone,address,status,deleted,ctime,utime FROM recruit_unit WHERE unit_id IN (?,?) 
time=2019-04-26T09:54:19.131+0800`appName=oms`hostName=docker-20`logLevel=DEBUG`==> Parameters: 2(Long), 12(Long)
time=2019-04-26T09:54:19.135+0800`appName=oms`hostName=docker-20`logLevel=DEBUG`<==      Total: 2
time=2019-04-26T09:58:47.397+0800`appName=oms`hostName=docker-20`logLevel=DEBUG`==>  Preparing: SELECT relation_id AS relationId,operator_id AS operatorId,role_id AS roleId,deleted,ctime,utime FROM operator_role_relation WHERE operator_id = ? 
time=2019-04-26T09:58:47.476+0800`appName=oms`hostName=docker-20`logLevel=DEBUG`==> Parameters: 15207312(Long)
time=2019-04-26T09:58:47.507+0800`appName=oms`hostName=docker-20`logLevel=DEBUG`<==      Total: 1
time=2019-04-26T09:58:47.525+0800`appName=oms`hostName=docker-20`logLevel=DEBUG`==>  Preparing: SELECT relation_id AS relationId,role_id AS roleId,menu_id AS menuId,status,ctime,utime FROM role_menu_relation WHERE role_id = ? 
time=2019-04-26T09:58:47.525+0800`appName=oms`hostName=docker-20`logLevel=DEBUG`==> Parameters: 1(Long)
time=2019-04-26T09:58:47.538+0800`appName=oms`hostName=docker-20`logLevel=DEBUG`<==      Total: 22
time=2019-04-26T09:58:47.568+0800`appName=oms`hostName=docker-20`logLevel=DEBUG`==>  Preparing: SELECT menu_id AS menuId,title,href,icon,status,parent_id,ctime,utime FROM menu WHERE menu_id IN (?,?,?,?,?,?,?,?,?,?,?,?,?,?,?,?,?,?,?,?,?,?) 
time=2019-04-26T09:58:47.573+0800`appName=oms`hostName=docker-20`logLevel=DEBUG`==> Parameters: 1(Long), 7(Long), 8(Long), 2(Long), 3(Long), 5(Long), 13(Long), 14(Long), 15(Long), 16(Long), 27(Long), 17(Long), 18(Long), 19(Long), 20(Long), 21(Long), 26(Long), 22(Long), 23(Long), 28(Long), 24(Long), 25(Long)
time=2019-04-26T09:58:47.585+0800`appName=oms`hostName=docker-20`logLevel=DEBUG`<==      Total: 20
time=2019-04-26T09:58:48.590+0800`appName=oms`hostName=docker-20`logLevel=DEBUG`==>  Preparing: SELECT unit_id AS unitId,unit_name AS unitName,industry,property,scale,unit_web AS unitWeb,contractor,mobile,direct,company_phone AS companyPhone,address,status,deleted,ctime,utime FROM recruit_unit WHERE deleted = ? AND status = ? 
time=2019-04-26T09:58:48.590+0800`appName=oms`hostName=docker-20`logLevel=DEBUG`==> Parameters: 1(Integer), 2(Integer)
time=2019-04-26T09:58:48.595+0800`appName=oms`hostName=docker-20`logLevel=DEBUG`<==      Total: 4
time=2019-04-26T09:58:48.689+0800`appName=oms`hostName=docker-20`logLevel=DEBUG`==>  Preparing: SELECT id AS id,dict_value AS dictValue,dictdata_name AS dictdataName,dictdata_value AS dictdataValue,is_fixed AS isFixed,is_cancel AS isCancel,parent_id AS parentId,ctime,utime FROM dictionary_data WHERE dict_value = ? 
time=2019-04-26T09:58:48.690+0800`appName=oms`hostName=docker-20`logLevel=DEBUG`==> Parameters: sl(String)
time=2019-04-26T09:58:48.696+0800`appName=oms`hostName=docker-20`logLevel=DEBUG`<==      Total: 10
time=2019-04-26T09:58:48.843+0800`appName=oms`hostName=docker-20`logLevel=DEBUG`==>  Preparing: SELECT COUNT(1) FROM recruit 
time=2019-04-26T09:58:48.844+0800`appName=oms`hostName=docker-20`logLevel=DEBUG`==> Parameters: 
time=2019-04-26T09:58:48.854+0800`appName=oms`hostName=docker-20`logLevel=DEBUG`==>  Preparing: SELECT recurit_id AS recuritId,title,salary,members,resumes,endTime,contractor,mobile,pos_name AS posName,pos_descript AS posDescript,welfare,work_place AS workPlace,unit_id AS unitId,email,status,deleted,ctime,utime FROM recruit LIMIT 0,10 
time=2019-04-26T09:58:48.855+0800`appName=oms`hostName=docker-20`logLevel=DEBUG`==> Parameters: 
time=2019-04-26T09:58:48.863+0800`appName=oms`hostName=docker-20`logLevel=DEBUG`<==      Total: 10
time=2019-04-26T09:58:48.868+0800`appName=oms`hostName=docker-20`logLevel=DEBUG`==>  Preparing: SELECT unit_id AS unitId,unit_name AS unitName,industry,property,scale,unit_web AS unitWeb,contractor,mobile,direct,company_phone AS companyPhone,address,status,deleted,ctime,utime FROM recruit_unit WHERE unit_id IN (?,?) 
time=2019-04-26T09:58:48.870+0800`appName=oms`hostName=docker-20`logLevel=DEBUG`==> Parameters: 2(Long), 12(Long)
time=2019-04-26T09:58:48.874+0800`appName=oms`hostName=docker-20`logLevel=DEBUG`<==      Total: 2
time=2019-04-26T10:02:48.070+0800`appName=oms`hostName=docker-20`logLevel=DEBUG`==>  Preparing: SELECT relation_id AS relationId,operator_id AS operatorId,role_id AS roleId,deleted,ctime,utime FROM operator_role_relation WHERE operator_id = ? 
time=2019-04-26T10:02:48.163+0800`appName=oms`hostName=docker-20`logLevel=DEBUG`==> Parameters: 15207312(Long)
time=2019-04-26T10:02:48.205+0800`appName=oms`hostName=docker-20`logLevel=DEBUG`<==      Total: 1
time=2019-04-26T10:02:48.236+0800`appName=oms`hostName=docker-20`logLevel=DEBUG`==>  Preparing: SELECT relation_id AS relationId,role_id AS roleId,menu_id AS menuId,status,ctime,utime FROM role_menu_relation WHERE role_id = ? 
time=2019-04-26T10:02:48.237+0800`appName=oms`hostName=docker-20`logLevel=DEBUG`==> Parameters: 1(Long)
time=2019-04-26T10:02:48.271+0800`appName=oms`hostName=docker-20`logLevel=DEBUG`<==      Total: 22
time=2019-04-26T10:02:48.315+0800`appName=oms`hostName=docker-20`logLevel=DEBUG`==>  Preparing: SELECT menu_id AS menuId,title,href,icon,status,parent_id,ctime,utime FROM menu WHERE menu_id IN (?,?,?,?,?,?,?,?,?,?,?,?,?,?,?,?,?,?,?,?,?,?) 
time=2019-04-26T10:02:48.323+0800`appName=oms`hostName=docker-20`logLevel=DEBUG`==> Parameters: 1(Long), 7(Long), 8(Long), 2(Long), 3(Long), 5(Long), 13(Long), 14(Long), 15(Long), 16(Long), 27(Long), 17(Long), 18(Long), 19(Long), 20(Long), 21(Long), 26(Long), 22(Long), 23(Long), 28(Long), 24(Long), 25(Long)
time=2019-04-26T10:02:48.339+0800`appName=oms`hostName=docker-20`logLevel=DEBUG`<==      Total: 20
time=2019-04-26T10:02:49.223+0800`appName=oms`hostName=docker-20`logLevel=DEBUG`==>  Preparing: SELECT unit_id AS unitId,unit_name AS unitName,industry,property,scale,unit_web AS unitWeb,contractor,mobile,direct,company_phone AS companyPhone,address,status,deleted,ctime,utime FROM recruit_unit WHERE deleted = ? AND status = ? 
time=2019-04-26T10:02:49.224+0800`appName=oms`hostName=docker-20`logLevel=DEBUG`==> Parameters: 1(Integer), 2(Integer)
time=2019-04-26T10:02:49.232+0800`appName=oms`hostName=docker-20`logLevel=DEBUG`<==      Total: 4
time=2019-04-26T10:02:49.388+0800`appName=oms`hostName=docker-20`logLevel=DEBUG`==>  Preparing: SELECT id AS id,dict_value AS dictValue,dictdata_name AS dictdataName,dictdata_value AS dictdataValue,is_fixed AS isFixed,is_cancel AS isCancel,parent_id AS parentId,ctime,utime FROM dictionary_data WHERE dict_value = ? 
time=2019-04-26T10:02:49.391+0800`appName=oms`hostName=docker-20`logLevel=DEBUG`==> Parameters: sl(String)
time=2019-04-26T10:02:49.401+0800`appName=oms`hostName=docker-20`logLevel=DEBUG`<==      Total: 10
time=2019-04-26T10:02:49.507+0800`appName=oms`hostName=docker-20`logLevel=DEBUG`==>  Preparing: SELECT COUNT(1) FROM recruit 
time=2019-04-26T10:02:49.508+0800`appName=oms`hostName=docker-20`logLevel=DEBUG`==> Parameters: 
time=2019-04-26T10:02:49.517+0800`appName=oms`hostName=docker-20`logLevel=DEBUG`==>  Preparing: SELECT recurit_id AS recuritId,title,salary,members,resumes,endTime,contractor,mobile,pos_name AS posName,pos_descript AS posDescript,welfare,work_place AS workPlace,unit_id AS unitId,email,status,deleted,ctime,utime FROM recruit LIMIT 0,10 
time=2019-04-26T10:02:49.518+0800`appName=oms`hostName=docker-20`logLevel=DEBUG`==> Parameters: 
time=2019-04-26T10:02:49.524+0800`appName=oms`hostName=docker-20`logLevel=DEBUG`<==      Total: 10
time=2019-04-26T10:02:49.530+0800`appName=oms`hostName=docker-20`logLevel=DEBUG`==>  Preparing: SELECT unit_id AS unitId,unit_name AS unitName,industry,property,scale,unit_web AS unitWeb,contractor,mobile,direct,company_phone AS companyPhone,address,status,deleted,ctime,utime FROM recruit_unit WHERE unit_id IN (?,?) 
time=2019-04-26T10:02:49.531+0800`appName=oms`hostName=docker-20`logLevel=DEBUG`==> Parameters: 2(Long), 12(Long)
time=2019-04-26T10:02:49.534+0800`appName=oms`hostName=docker-20`logLevel=DEBUG`<==      Total: 2
time=2019-04-26T10:03:14.899+0800`appName=oms`hostName=docker-20`logLevel=DEBUG`==>  Preparing: SELECT operator_id AS operatorId,operator_name AS operatorName,operator_status AS operatorStatus,deleted,mobile,pwd,role_id AS roleId,ctime,utime FROM operator WHERE operator_id=? 
time=2019-04-26T10:03:14.901+0800`appName=oms`hostName=docker-20`logLevel=DEBUG`==> Parameters: 15207312(Long)
time=2019-04-26T10:03:14.909+0800`appName=oms`hostName=docker-20`logLevel=DEBUG`<==      Total: 1
time=2019-04-26T10:03:15.529+0800`appName=oms`hostName=docker-20`logLevel=DEBUG`==>  Preparing: SELECT student_id AS studentId,token,ctime,utime FROM user_web_token WHERE student_id=? 
time=2019-04-26T10:03:15.529+0800`appName=oms`hostName=docker-20`logLevel=DEBUG`==> Parameters: 15207312(Long)
time=2019-04-26T10:03:15.535+0800`appName=oms`hostName=docker-20`logLevel=DEBUG`<==      Total: 1
time=2019-04-26T10:03:15.574+0800`appName=oms`hostName=docker-20`logLevel=DEBUG`==>  Preparing: UPDATE user_web_token SET token=?,utime=? WHERE student_id=? 
time=2019-04-26T10:03:15.576+0800`appName=oms`hostName=docker-20`logLevel=DEBUG`==> Parameters: eed4a25e-7041-4762-99d1-349de1302142(String), 1556244195571(Long), 15207312(Long)
time=2019-04-26T10:03:15.580+0800`appName=oms`hostName=docker-20`logLevel=DEBUG`<==    Updates: 1
time=2019-04-26T10:03:16.066+0800`appName=oms`hostName=docker-20`logLevel=DEBUG`==>  Preparing: SELECT relation_id AS relationId,operator_id AS operatorId,role_id AS roleId,deleted,ctime,utime FROM operator_role_relation WHERE operator_id = ? 
time=2019-04-26T10:03:16.067+0800`appName=oms`hostName=docker-20`logLevel=DEBUG`==> Parameters: 15207312(Long)
time=2019-04-26T10:03:16.069+0800`appName=oms`hostName=docker-20`logLevel=DEBUG`<==      Total: 1
time=2019-04-26T10:03:16.071+0800`appName=oms`hostName=docker-20`logLevel=DEBUG`==>  Preparing: SELECT relation_id AS relationId,role_id AS roleId,menu_id AS menuId,status,ctime,utime FROM role_menu_relation WHERE role_id = ? 
time=2019-04-26T10:03:16.072+0800`appName=oms`hostName=docker-20`logLevel=DEBUG`==> Parameters: 1(Long)
time=2019-04-26T10:03:16.076+0800`appName=oms`hostName=docker-20`logLevel=DEBUG`<==      Total: 22
time=2019-04-26T10:03:16.081+0800`appName=oms`hostName=docker-20`logLevel=DEBUG`==>  Preparing: SELECT menu_id AS menuId,title,href,icon,status,parent_id,ctime,utime FROM menu WHERE menu_id IN (?,?,?,?,?,?,?,?,?,?,?,?,?,?,?,?,?,?,?,?,?,?) 
time=2019-04-26T10:03:16.082+0800`appName=oms`hostName=docker-20`logLevel=DEBUG`==> Parameters: 1(Long), 7(Long), 8(Long), 2(Long), 3(Long), 5(Long), 13(Long), 14(Long), 15(Long), 16(Long), 27(Long), 17(Long), 18(Long), 19(Long), 20(Long), 21(Long), 26(Long), 22(Long), 23(Long), 28(Long), 24(Long), 25(Long)
time=2019-04-26T10:03:16.087+0800`appName=oms`hostName=docker-20`logLevel=DEBUG`<==      Total: 20
time=2019-04-26T10:03:19.677+0800`appName=oms`hostName=docker-20`logLevel=DEBUG`==>  Preparing: SELECT unit_id AS unitId,unit_name AS unitName,industry,property,scale,unit_web AS unitWeb,contractor,mobile,direct,company_phone AS companyPhone,address,status,deleted,ctime,utime FROM recruit_unit WHERE deleted = ? AND status = ? 
time=2019-04-26T10:03:19.678+0800`appName=oms`hostName=docker-20`logLevel=DEBUG`==> Parameters: 1(Integer), 2(Integer)
time=2019-04-26T10:03:19.682+0800`appName=oms`hostName=docker-20`logLevel=DEBUG`<==      Total: 4
time=2019-04-26T10:03:19.691+0800`appName=oms`hostName=docker-20`logLevel=DEBUG`==>  Preparing: SELECT id AS id,dict_value AS dictValue,dictdata_name AS dictdataName,dictdata_value AS dictdataValue,is_fixed AS isFixed,is_cancel AS isCancel,parent_id AS parentId,ctime,utime FROM dictionary_data WHERE dict_value = ? 
time=2019-04-26T10:03:19.693+0800`appName=oms`hostName=docker-20`logLevel=DEBUG`==> Parameters: sl(String)
time=2019-04-26T10:03:19.700+0800`appName=oms`hostName=docker-20`logLevel=DEBUG`<==      Total: 10
time=2019-04-26T10:03:19.757+0800`appName=oms`hostName=docker-20`logLevel=DEBUG`==>  Preparing: SELECT COUNT(1) FROM recruit 
time=2019-04-26T10:03:19.759+0800`appName=oms`hostName=docker-20`logLevel=DEBUG`==> Parameters: 
time=2019-04-26T10:03:19.762+0800`appName=oms`hostName=docker-20`logLevel=DEBUG`==>  Preparing: SELECT recurit_id AS recuritId,title,salary,members,resumes,endTime,contractor,mobile,pos_name AS posName,pos_descript AS posDescript,welfare,work_place AS workPlace,unit_id AS unitId,email,status,deleted,ctime,utime FROM recruit LIMIT 0,10 
time=2019-04-26T10:03:19.763+0800`appName=oms`hostName=docker-20`logLevel=DEBUG`==> Parameters: 
time=2019-04-26T10:03:19.773+0800`appName=oms`hostName=docker-20`logLevel=DEBUG`<==      Total: 10
time=2019-04-26T10:03:19.777+0800`appName=oms`hostName=docker-20`logLevel=DEBUG`==>  Preparing: SELECT unit_id AS unitId,unit_name AS unitName,industry,property,scale,unit_web AS unitWeb,contractor,mobile,direct,company_phone AS companyPhone,address,status,deleted,ctime,utime FROM recruit_unit WHERE unit_id IN (?,?) 
time=2019-04-26T10:03:19.778+0800`appName=oms`hostName=docker-20`logLevel=DEBUG`==> Parameters: 2(Long), 12(Long)
time=2019-04-26T10:03:19.783+0800`appName=oms`hostName=docker-20`logLevel=DEBUG`<==      Total: 2
time=2019-04-26T10:05:54.471+0800`appName=oms`hostName=docker-20`logLevel=DEBUG`==>  Preparing: SELECT relation_id AS relationId,operator_id AS operatorId,role_id AS roleId,deleted,ctime,utime FROM operator_role_relation WHERE operator_id = ? 
time=2019-04-26T10:05:54.522+0800`appName=oms`hostName=docker-20`logLevel=DEBUG`==> Parameters: 15207312(Long)
time=2019-04-26T10:05:54.556+0800`appName=oms`hostName=docker-20`logLevel=DEBUG`<==      Total: 1
time=2019-04-26T10:05:54.573+0800`appName=oms`hostName=docker-20`logLevel=DEBUG`==>  Preparing: SELECT relation_id AS relationId,role_id AS roleId,menu_id AS menuId,status,ctime,utime FROM role_menu_relation WHERE role_id = ? 
time=2019-04-26T10:05:54.573+0800`appName=oms`hostName=docker-20`logLevel=DEBUG`==> Parameters: 1(Long)
time=2019-04-26T10:05:54.587+0800`appName=oms`hostName=docker-20`logLevel=DEBUG`<==      Total: 22
time=2019-04-26T10:05:54.609+0800`appName=oms`hostName=docker-20`logLevel=DEBUG`==>  Preparing: SELECT menu_id AS menuId,title,href,icon,status,parent_id,ctime,utime FROM menu WHERE menu_id IN (?,?,?,?,?,?,?,?,?,?,?,?,?,?,?,?,?,?,?,?,?,?) 
time=2019-04-26T10:05:54.616+0800`appName=oms`hostName=docker-20`logLevel=DEBUG`==> Parameters: 1(Long), 7(Long), 8(Long), 2(Long), 3(Long), 5(Long), 13(Long), 14(Long), 15(Long), 16(Long), 27(Long), 17(Long), 18(Long), 19(Long), 20(Long), 21(Long), 26(Long), 22(Long), 23(Long), 28(Long), 24(Long), 25(Long)
time=2019-04-26T10:05:54.629+0800`appName=oms`hostName=docker-20`logLevel=DEBUG`<==      Total: 20
time=2019-04-26T10:05:55.529+0800`appName=oms`hostName=docker-20`logLevel=DEBUG`==>  Preparing: SELECT unit_id AS unitId,unit_name AS unitName,industry,property,scale,unit_web AS unitWeb,contractor,mobile,direct,company_phone AS companyPhone,address,status,deleted,ctime,utime FROM recruit_unit WHERE deleted = ? AND status = ? 
time=2019-04-26T10:05:55.530+0800`appName=oms`hostName=docker-20`logLevel=DEBUG`==> Parameters: 1(Integer), 2(Integer)
time=2019-04-26T10:05:55.534+0800`appName=oms`hostName=docker-20`logLevel=DEBUG`<==      Total: 4
time=2019-04-26T10:05:55.562+0800`appName=oms`hostName=docker-20`logLevel=DEBUG`==>  Preparing: SELECT id AS id,dict_value AS dictValue,dictdata_name AS dictdataName,dictdata_value AS dictdataValue,is_fixed AS isFixed,is_cancel AS isCancel,parent_id AS parentId,ctime,utime FROM dictionary_data WHERE dict_value = ? 
time=2019-04-26T10:05:55.563+0800`appName=oms`hostName=docker-20`logLevel=DEBUG`==> Parameters: sl(String)
time=2019-04-26T10:05:55.568+0800`appName=oms`hostName=docker-20`logLevel=DEBUG`<==      Total: 10
time=2019-04-26T10:05:55.740+0800`appName=oms`hostName=docker-20`logLevel=DEBUG`==>  Preparing: SELECT COUNT(1) FROM recruit 
time=2019-04-26T10:05:55.740+0800`appName=oms`hostName=docker-20`logLevel=DEBUG`==> Parameters: 
time=2019-04-26T10:05:55.747+0800`appName=oms`hostName=docker-20`logLevel=DEBUG`==>  Preparing: SELECT recurit_id AS recuritId,title,salary,members,resumes,endTime,contractor,mobile,pos_name AS posName,pos_descript AS posDescript,welfare,work_place AS workPlace,unit_id AS unitId,email,status,deleted,ctime,utime FROM recruit LIMIT 0,10 
time=2019-04-26T10:05:55.747+0800`appName=oms`hostName=docker-20`logLevel=DEBUG`==> Parameters: 
time=2019-04-26T10:05:55.753+0800`appName=oms`hostName=docker-20`logLevel=DEBUG`<==      Total: 10
time=2019-04-26T10:05:55.756+0800`appName=oms`hostName=docker-20`logLevel=DEBUG`==>  Preparing: SELECT unit_id AS unitId,unit_name AS unitName,industry,property,scale,unit_web AS unitWeb,contractor,mobile,direct,company_phone AS companyPhone,address,status,deleted,ctime,utime FROM recruit_unit WHERE unit_id IN (?,?) 
time=2019-04-26T10:05:55.757+0800`appName=oms`hostName=docker-20`logLevel=DEBUG`==> Parameters: 2(Long), 12(Long)
time=2019-04-26T10:05:55.762+0800`appName=oms`hostName=docker-20`logLevel=DEBUG`<==      Total: 2
time=2019-04-26T10:09:14.382+0800`appName=oms`hostName=docker-20`logLevel=DEBUG`==>  Preparing: SELECT relation_id AS relationId,operator_id AS operatorId,role_id AS roleId,deleted,ctime,utime FROM operator_role_relation WHERE operator_id = ? 
time=2019-04-26T10:09:14.473+0800`appName=oms`hostName=docker-20`logLevel=DEBUG`==> Parameters: 15207312(Long)
time=2019-04-26T10:09:14.514+0800`appName=oms`hostName=docker-20`logLevel=DEBUG`<==      Total: 1
time=2019-04-26T10:09:14.534+0800`appName=oms`hostName=docker-20`logLevel=DEBUG`==>  Preparing: SELECT relation_id AS relationId,role_id AS roleId,menu_id AS menuId,status,ctime,utime FROM role_menu_relation WHERE role_id = ? 
time=2019-04-26T10:09:14.535+0800`appName=oms`hostName=docker-20`logLevel=DEBUG`==> Parameters: 1(Long)
time=2019-04-26T10:09:14.548+0800`appName=oms`hostName=docker-20`logLevel=DEBUG`<==      Total: 22
time=2019-04-26T10:09:14.577+0800`appName=oms`hostName=docker-20`logLevel=DEBUG`==>  Preparing: SELECT menu_id AS menuId,title,href,icon,status,parent_id,ctime,utime FROM menu WHERE menu_id IN (?,?,?,?,?,?,?,?,?,?,?,?,?,?,?,?,?,?,?,?,?,?) 
time=2019-04-26T10:09:14.581+0800`appName=oms`hostName=docker-20`logLevel=DEBUG`==> Parameters: 1(Long), 7(Long), 8(Long), 2(Long), 3(Long), 5(Long), 13(Long), 14(Long), 15(Long), 16(Long), 27(Long), 17(Long), 18(Long), 19(Long), 20(Long), 21(Long), 26(Long), 22(Long), 23(Long), 28(Long), 24(Long), 25(Long)
time=2019-04-26T10:09:14.595+0800`appName=oms`hostName=docker-20`logLevel=DEBUG`<==      Total: 20
time=2019-04-26T10:09:16.405+0800`appName=oms`hostName=docker-20`logLevel=DEBUG`==>  Preparing: SELECT unit_id AS unitId,unit_name AS unitName,industry,property,scale,unit_web AS unitWeb,contractor,mobile,direct,company_phone AS companyPhone,address,status,deleted,ctime,utime FROM recruit_unit WHERE deleted = ? AND status = ? 
time=2019-04-26T10:09:16.406+0800`appName=oms`hostName=docker-20`logLevel=DEBUG`==> Parameters: 1(Integer), 2(Integer)
time=2019-04-26T10:09:16.420+0800`appName=oms`hostName=docker-20`logLevel=DEBUG`<==      Total: 4
time=2019-04-26T10:09:16.537+0800`appName=oms`hostName=docker-20`logLevel=DEBUG`==>  Preparing: SELECT id AS id,dict_value AS dictValue,dictdata_name AS dictdataName,dictdata_value AS dictdataValue,is_fixed AS isFixed,is_cancel AS isCancel,parent_id AS parentId,ctime,utime FROM dictionary_data WHERE dict_value = ? 
time=2019-04-26T10:09:16.538+0800`appName=oms`hostName=docker-20`logLevel=DEBUG`==> Parameters: sl(String)
time=2019-04-26T10:09:16.543+0800`appName=oms`hostName=docker-20`logLevel=DEBUG`<==      Total: 10
time=2019-04-26T10:09:16.706+0800`appName=oms`hostName=docker-20`logLevel=DEBUG`==>  Preparing: SELECT COUNT(1) FROM recruit 
time=2019-04-26T10:09:16.707+0800`appName=oms`hostName=docker-20`logLevel=DEBUG`==> Parameters: 
time=2019-04-26T10:09:16.719+0800`appName=oms`hostName=docker-20`logLevel=DEBUG`==>  Preparing: SELECT recurit_id AS recuritId,title,salary,members,resumes,endTime,contractor,mobile,pos_name AS posName,pos_descript AS posDescript,welfare,work_place AS workPlace,unit_id AS unitId,email,status,deleted,ctime,utime FROM recruit LIMIT 0,10 
time=2019-04-26T10:09:16.720+0800`appName=oms`hostName=docker-20`logLevel=DEBUG`==> Parameters: 
time=2019-04-26T10:09:16.728+0800`appName=oms`hostName=docker-20`logLevel=DEBUG`<==      Total: 10
time=2019-04-26T10:09:16.731+0800`appName=oms`hostName=docker-20`logLevel=DEBUG`==>  Preparing: SELECT unit_id AS unitId,unit_name AS unitName,industry,property,scale,unit_web AS unitWeb,contractor,mobile,direct,company_phone AS companyPhone,address,status,deleted,ctime,utime FROM recruit_unit WHERE unit_id IN (?,?) 
time=2019-04-26T10:09:16.732+0800`appName=oms`hostName=docker-20`logLevel=DEBUG`==> Parameters: 2(Long), 12(Long)
time=2019-04-26T10:09:16.736+0800`appName=oms`hostName=docker-20`logLevel=DEBUG`<==      Total: 2
time=2019-04-26T10:11:11.520+0800`appName=oms`hostName=docker-20`logLevel=DEBUG`==>  Preparing: SELECT relation_id AS relationId,operator_id AS operatorId,role_id AS roleId,deleted,ctime,utime FROM operator_role_relation WHERE operator_id = ? 
time=2019-04-26T10:11:11.582+0800`appName=oms`hostName=docker-20`logLevel=DEBUG`==> Parameters: 15207312(Long)
time=2019-04-26T10:11:11.607+0800`appName=oms`hostName=docker-20`logLevel=DEBUG`<==      Total: 1
time=2019-04-26T10:11:11.622+0800`appName=oms`hostName=docker-20`logLevel=DEBUG`==>  Preparing: SELECT relation_id AS relationId,role_id AS roleId,menu_id AS menuId,status,ctime,utime FROM role_menu_relation WHERE role_id = ? 
time=2019-04-26T10:11:11.623+0800`appName=oms`hostName=docker-20`logLevel=DEBUG`==> Parameters: 1(Long)
time=2019-04-26T10:11:11.634+0800`appName=oms`hostName=docker-20`logLevel=DEBUG`<==      Total: 22
time=2019-04-26T10:11:11.654+0800`appName=oms`hostName=docker-20`logLevel=DEBUG`==>  Preparing: SELECT menu_id AS menuId,title,href,icon,status,parent_id,ctime,utime FROM menu WHERE menu_id IN (?,?,?,?,?,?,?,?,?,?,?,?,?,?,?,?,?,?,?,?,?,?) 
time=2019-04-26T10:11:11.657+0800`appName=oms`hostName=docker-20`logLevel=DEBUG`==> Parameters: 1(Long), 7(Long), 8(Long), 2(Long), 3(Long), 5(Long), 13(Long), 14(Long), 15(Long), 16(Long), 27(Long), 17(Long), 18(Long), 19(Long), 20(Long), 21(Long), 26(Long), 22(Long), 23(Long), 28(Long), 24(Long), 25(Long)
time=2019-04-26T10:11:11.668+0800`appName=oms`hostName=docker-20`logLevel=DEBUG`<==      Total: 20
time=2019-04-26T10:11:12.255+0800`appName=oms`hostName=docker-20`logLevel=DEBUG`==>  Preparing: SELECT unit_id AS unitId,unit_name AS unitName,industry,property,scale,unit_web AS unitWeb,contractor,mobile,direct,company_phone AS companyPhone,address,status,deleted,ctime,utime FROM recruit_unit WHERE deleted = ? AND status = ? 
time=2019-04-26T10:11:12.274+0800`appName=oms`hostName=docker-20`logLevel=DEBUG`==> Parameters: 1(Integer), 2(Integer)
time=2019-04-26T10:11:12.278+0800`appName=oms`hostName=docker-20`logLevel=DEBUG`<==      Total: 4
time=2019-04-26T10:11:12.328+0800`appName=oms`hostName=docker-20`logLevel=DEBUG`==>  Preparing: SELECT id AS id,dict_value AS dictValue,dictdata_name AS dictdataName,dictdata_value AS dictdataValue,is_fixed AS isFixed,is_cancel AS isCancel,parent_id AS parentId,ctime,utime FROM dictionary_data WHERE dict_value = ? 
time=2019-04-26T10:11:12.329+0800`appName=oms`hostName=docker-20`logLevel=DEBUG`==> Parameters: sl(String)
time=2019-04-26T10:11:12.336+0800`appName=oms`hostName=docker-20`logLevel=DEBUG`<==      Total: 10
time=2019-04-26T10:11:12.463+0800`appName=oms`hostName=docker-20`logLevel=DEBUG`==>  Preparing: SELECT COUNT(1) FROM recruit 
time=2019-04-26T10:11:12.464+0800`appName=oms`hostName=docker-20`logLevel=DEBUG`==> Parameters: 
time=2019-04-26T10:11:12.471+0800`appName=oms`hostName=docker-20`logLevel=DEBUG`==>  Preparing: SELECT recurit_id AS recuritId,title,salary,members,resumes,endTime,contractor,mobile,pos_name AS posName,pos_descript AS posDescript,welfare,work_place AS workPlace,unit_id AS unitId,email,status,deleted,ctime,utime FROM recruit LIMIT 0,10 
time=2019-04-26T10:11:12.472+0800`appName=oms`hostName=docker-20`logLevel=DEBUG`==> Parameters: 
time=2019-04-26T10:11:12.478+0800`appName=oms`hostName=docker-20`logLevel=DEBUG`<==      Total: 10
time=2019-04-26T10:11:12.481+0800`appName=oms`hostName=docker-20`logLevel=DEBUG`==>  Preparing: SELECT unit_id AS unitId,unit_name AS unitName,industry,property,scale,unit_web AS unitWeb,contractor,mobile,direct,company_phone AS companyPhone,address,status,deleted,ctime,utime FROM recruit_unit WHERE unit_id IN (?,?) 
time=2019-04-26T10:11:12.482+0800`appName=oms`hostName=docker-20`logLevel=DEBUG`==> Parameters: 2(Long), 12(Long)
time=2019-04-26T10:11:12.485+0800`appName=oms`hostName=docker-20`logLevel=DEBUG`<==      Total: 2
