time=2019-03-16T09:51:07.354+0800`appName=oms`hostName=docker-20`logLevel=DEBUG`==>  Preparing: SELECT operator_id AS operatorId,operator_name AS operatorName,operator_status AS operatorStatus,deleted,mobile,pwd,role_id AS roleId,ctime,utime FROM operator WHERE operator_id=? 
time=2019-03-16T09:51:07.446+0800`appName=oms`hostName=docker-20`logLevel=DEBUG`==> Parameters: 15207312(Long)
time=2019-03-16T09:51:07.488+0800`appName=oms`hostName=docker-20`logLevel=DEBUG`<==      Total: 1
time=2019-03-16T09:51:07.527+0800`appName=oms`hostName=docker-20`logLevel=DEBUG`==>  Preparing: SELECT student_id AS studentId,token,ctime,utime FROM user_web_token WHERE student_id=? 
time=2019-03-16T09:51:07.528+0800`appName=oms`hostName=docker-20`logLevel=DEBUG`==> Parameters: 15207312(Long)
time=2019-03-16T09:51:07.548+0800`appName=oms`hostName=docker-20`logLevel=DEBUG`<==      Total: 1
time=2019-03-16T09:51:07.709+0800`appName=oms`hostName=docker-20`logLevel=DEBUG`==>  Preparing: UPDATE user_web_token SET token=?,utime=? WHERE student_id=? 
time=2019-03-16T09:51:07.713+0800`appName=oms`hostName=docker-20`logLevel=DEBUG`==> Parameters: a891caf5-f731-480d-a1c1-1a81267d4755(String), 1552701067701(Long), 15207312(Long)
time=2019-03-16T09:51:07.716+0800`appName=oms`hostName=docker-20`logLevel=DEBUG`<==    Updates: 1
time=2019-03-16T09:51:08.758+0800`appName=oms`hostName=docker-20`logLevel=DEBUG`==>  Preparing: SELECT relation_id AS relationId,operator_id AS operatorId,role_id AS roleId,deleted,ctime,utime FROM operator_role_relation WHERE operator_id = ? 
time=2019-03-16T09:51:08.758+0800`appName=oms`hostName=docker-20`logLevel=DEBUG`==> Parameters: 15207312(Long)
time=2019-03-16T09:51:08.764+0800`appName=oms`hostName=docker-20`logLevel=DEBUG`<==      Total: 1
time=2019-03-16T09:51:08.777+0800`appName=oms`hostName=docker-20`logLevel=DEBUG`==>  Preparing: SELECT relation_id AS relationId,role_id AS roleId,menu_id AS menuId,status,ctime,utime FROM role_menu_relation WHERE role_id = ? 
time=2019-03-16T09:51:08.777+0800`appName=oms`hostName=docker-20`logLevel=DEBUG`==> Parameters: 1(Long)
time=2019-03-16T09:51:08.789+0800`appName=oms`hostName=docker-20`logLevel=DEBUG`<==      Total: 20
time=2019-03-16T09:51:08.813+0800`appName=oms`hostName=docker-20`logLevel=DEBUG`==>  Preparing: SELECT menu_id AS menuId,title,href,icon,status,parent_id,ctime,utime FROM menu WHERE menu_id IN (?,?,?,?,?,?,?,?,?,?,?,?,?,?,?,?,?,?,?,?) 
time=2019-03-16T09:51:08.816+0800`appName=oms`hostName=docker-20`logLevel=DEBUG`==> Parameters: 1(Long), 7(Long), 8(Long), 2(Long), 3(Long), 5(Long), 13(Long), 14(Long), 15(Long), 16(Long), 17(Long), 18(Long), 19(Long), 20(Long), 21(Long), 26(Long), 22(Long), 23(Long), 24(Long), 25(Long)
time=2019-03-16T09:51:08.828+0800`appName=oms`hostName=docker-20`logLevel=DEBUG`<==      Total: 20
time=2019-03-16T09:51:12.584+0800`appName=oms`hostName=docker-20`logLevel=DEBUG`==>  Preparing: SELECT COUNT(1) FROM donation WHERE deleted = ? 
time=2019-03-16T09:51:12.584+0800`appName=oms`hostName=docker-20`logLevel=DEBUG`==> Parameters: 1(Integer)
time=2019-03-16T09:51:12.588+0800`appName=oms`hostName=docker-20`logLevel=DEBUG`==>  Preparing: SELECT donation_id AS donationId,donation_uid AS donationUid,donation_name AS donationName,donation_mobile AS donationMobile,goods_name AS goodsName,amount,donation_object AS donationObject,object_name AS objectName,unit_name AS unitName,handle_uid AS handleUid,status,deleted,ctime,utime FROM donation WHERE deleted = ? 
time=2019-03-16T09:51:12.589+0800`appName=oms`hostName=docker-20`logLevel=DEBUG`==> Parameters: 1(Integer)
time=2019-03-16T09:51:12.591+0800`appName=oms`hostName=docker-20`logLevel=DEBUG`<==      Total: 0
time=2019-03-16T09:51:20.435+0800`appName=oms`hostName=docker-20`logLevel=DEBUG`==>  Preparing: SELECT COUNT(1) FROM activity 
time=2019-03-16T09:51:20.436+0800`appName=oms`hostName=docker-20`logLevel=DEBUG`==> Parameters: 
time=2019-03-16T09:51:20.446+0800`appName=oms`hostName=docker-20`logLevel=DEBUG`==>  Preparing: SELECT activity_id AS activityId,activity_name AS activityName,activity_addr AS activityAddr,start_time AS startTime,end_time AS endTime,activity_desc AS activityDesc,activity_number AS activityNumber,sign_number AS signNumber,interests,leader_name AS leaderName,leader_mobile AS leaderMobile,status,creator,ctime,utime FROM activity LIMIT 0,10 
time=2019-03-16T09:51:20.447+0800`appName=oms`hostName=docker-20`logLevel=DEBUG`==> Parameters: 
time=2019-03-16T09:51:20.449+0800`appName=oms`hostName=docker-20`logLevel=DEBUG`<==      Total: 1
time=2019-03-16T09:52:20.595+0800`appName=oms`hostName=docker-20`logLevel=DEBUG`==>  Preparing: SELECT relation_id AS relationId,operator_id AS operatorId,role_id AS roleId,deleted,ctime,utime FROM operator_role_relation WHERE operator_id = ? 
time=2019-03-16T09:52:20.657+0800`appName=oms`hostName=docker-20`logLevel=DEBUG`==> Parameters: 15207312(Long)
time=2019-03-16T09:52:20.683+0800`appName=oms`hostName=docker-20`logLevel=DEBUG`<==      Total: 1
time=2019-03-16T09:52:20.697+0800`appName=oms`hostName=docker-20`logLevel=DEBUG`==>  Preparing: SELECT relation_id AS relationId,role_id AS roleId,menu_id AS menuId,status,ctime,utime FROM role_menu_relation WHERE role_id = ? 
time=2019-03-16T09:52:20.697+0800`appName=oms`hostName=docker-20`logLevel=DEBUG`==> Parameters: 1(Long)
time=2019-03-16T09:52:20.708+0800`appName=oms`hostName=docker-20`logLevel=DEBUG`<==      Total: 20
time=2019-03-16T09:52:20.725+0800`appName=oms`hostName=docker-20`logLevel=DEBUG`==>  Preparing: SELECT menu_id AS menuId,title,href,icon,status,parent_id,ctime,utime FROM menu WHERE menu_id IN (?,?,?,?,?,?,?,?,?,?,?,?,?,?,?,?,?,?,?,?) 
time=2019-03-16T09:52:20.727+0800`appName=oms`hostName=docker-20`logLevel=DEBUG`==> Parameters: 1(Long), 7(Long), 8(Long), 2(Long), 3(Long), 5(Long), 13(Long), 14(Long), 15(Long), 16(Long), 17(Long), 18(Long), 19(Long), 20(Long), 21(Long), 26(Long), 22(Long), 23(Long), 24(Long), 25(Long)
time=2019-03-16T09:52:20.736+0800`appName=oms`hostName=docker-20`logLevel=DEBUG`<==      Total: 20
time=2019-03-16T09:52:21.277+0800`appName=oms`hostName=docker-20`logLevel=DEBUG`==>  Preparing: SELECT COUNT(1) FROM activity 
time=2019-03-16T09:52:21.278+0800`appName=oms`hostName=docker-20`logLevel=DEBUG`==> Parameters: 
time=2019-03-16T09:52:21.283+0800`appName=oms`hostName=docker-20`logLevel=DEBUG`==>  Preparing: SELECT COUNT(1) FROM donation WHERE deleted = ? 
time=2019-03-16T09:52:21.284+0800`appName=oms`hostName=docker-20`logLevel=DEBUG`==> Parameters: 1(Integer)
time=2019-03-16T09:52:21.284+0800`appName=oms`hostName=docker-20`logLevel=DEBUG`==>  Preparing: SELECT activity_id AS activityId,activity_name AS activityName,activity_addr AS activityAddr,start_time AS startTime,end_time AS endTime,activity_desc AS activityDesc,activity_number AS activityNumber,sign_number AS signNumber,interests,leader_name AS leaderName,leader_mobile AS leaderMobile,status,creator,ctime,utime FROM activity LIMIT 0,10 
time=2019-03-16T09:52:21.284+0800`appName=oms`hostName=docker-20`logLevel=DEBUG`==> Parameters: 
time=2019-03-16T09:52:21.286+0800`appName=oms`hostName=docker-20`logLevel=DEBUG`==>  Preparing: SELECT donation_id AS donationId,donation_uid AS donationUid,donation_name AS donationName,donation_mobile AS donationMobile,goods_name AS goodsName,amount,donation_object AS donationObject,object_name AS objectName,unit_name AS unitName,handle_uid AS handleUid,status,deleted,ctime,utime FROM donation WHERE deleted = ? 
time=2019-03-16T09:52:21.286+0800`appName=oms`hostName=docker-20`logLevel=DEBUG`==> Parameters: 1(Integer)
time=2019-03-16T09:52:21.287+0800`appName=oms`hostName=docker-20`logLevel=DEBUG`<==      Total: 1
time=2019-03-16T09:52:21.287+0800`appName=oms`hostName=docker-20`logLevel=DEBUG`<==      Total: 0
time=2019-03-16T09:52:44.623+0800`appName=oms`hostName=docker-20`logLevel=DEBUG`==>  Preparing: SELECT operator_id AS operatorId,operator_name AS operatorName,operator_status AS operatorStatus,deleted,mobile,pwd,role_id AS roleId,ctime,utime FROM operator WHERE operator_id=? 
time=2019-03-16T09:52:44.625+0800`appName=oms`hostName=docker-20`logLevel=DEBUG`==> Parameters: 15207312(Long)
time=2019-03-16T09:52:44.631+0800`appName=oms`hostName=docker-20`logLevel=DEBUG`<==      Total: 1
time=2019-03-16T09:52:44.699+0800`appName=oms`hostName=docker-20`logLevel=DEBUG`==>  Preparing: SELECT student_id AS studentId,token,ctime,utime FROM user_web_token WHERE student_id=? 
time=2019-03-16T09:52:44.702+0800`appName=oms`hostName=docker-20`logLevel=DEBUG`==> Parameters: 15207312(Long)
time=2019-03-16T09:52:44.705+0800`appName=oms`hostName=docker-20`logLevel=DEBUG`<==      Total: 1
time=2019-03-16T09:52:44.751+0800`appName=oms`hostName=docker-20`logLevel=DEBUG`==>  Preparing: UPDATE user_web_token SET token=?,utime=? WHERE student_id=? 
time=2019-03-16T09:52:44.756+0800`appName=oms`hostName=docker-20`logLevel=DEBUG`==> Parameters: 435a89e1-f707-42d9-8abd-600013875784(String), 1552701164748(Long), 15207312(Long)
time=2019-03-16T09:52:44.759+0800`appName=oms`hostName=docker-20`logLevel=DEBUG`<==    Updates: 1
time=2019-03-16T09:52:44.982+0800`appName=oms`hostName=docker-20`logLevel=DEBUG`==>  Preparing: SELECT relation_id AS relationId,operator_id AS operatorId,role_id AS roleId,deleted,ctime,utime FROM operator_role_relation WHERE operator_id = ? 
time=2019-03-16T09:52:44.983+0800`appName=oms`hostName=docker-20`logLevel=DEBUG`==> Parameters: 15207312(Long)
time=2019-03-16T09:52:44.985+0800`appName=oms`hostName=docker-20`logLevel=DEBUG`<==      Total: 1
time=2019-03-16T09:52:44.988+0800`appName=oms`hostName=docker-20`logLevel=DEBUG`==>  Preparing: SELECT relation_id AS relationId,role_id AS roleId,menu_id AS menuId,status,ctime,utime FROM role_menu_relation WHERE role_id = ? 
time=2019-03-16T09:52:44.989+0800`appName=oms`hostName=docker-20`logLevel=DEBUG`==> Parameters: 1(Long)
time=2019-03-16T09:52:44.994+0800`appName=oms`hostName=docker-20`logLevel=DEBUG`<==      Total: 20
time=2019-03-16T09:52:44.998+0800`appName=oms`hostName=docker-20`logLevel=DEBUG`==>  Preparing: SELECT menu_id AS menuId,title,href,icon,status,parent_id,ctime,utime FROM menu WHERE menu_id IN (?,?,?,?,?,?,?,?,?,?,?,?,?,?,?,?,?,?,?,?) 
time=2019-03-16T09:52:45.000+0800`appName=oms`hostName=docker-20`logLevel=DEBUG`==> Parameters: 1(Long), 7(Long), 8(Long), 2(Long), 3(Long), 5(Long), 13(Long), 14(Long), 15(Long), 16(Long), 17(Long), 18(Long), 19(Long), 20(Long), 21(Long), 26(Long), 22(Long), 23(Long), 24(Long), 25(Long)
time=2019-03-16T09:52:45.008+0800`appName=oms`hostName=docker-20`logLevel=DEBUG`<==      Total: 20
time=2019-03-16T09:52:48.126+0800`appName=oms`hostName=docker-20`logLevel=DEBUG`==>  Preparing: SELECT COUNT(1) FROM activity 
time=2019-03-16T09:52:48.126+0800`appName=oms`hostName=docker-20`logLevel=DEBUG`==> Parameters: 
time=2019-03-16T09:52:48.129+0800`appName=oms`hostName=docker-20`logLevel=DEBUG`==>  Preparing: SELECT activity_id AS activityId,activity_name AS activityName,activity_addr AS activityAddr,start_time AS startTime,end_time AS endTime,activity_desc AS activityDesc,activity_number AS activityNumber,sign_number AS signNumber,interests,leader_name AS leaderName,leader_mobile AS leaderMobile,status,creator,ctime,utime FROM activity LIMIT 0,10 
time=2019-03-16T09:52:48.129+0800`appName=oms`hostName=docker-20`logLevel=DEBUG`==> Parameters: 
time=2019-03-16T09:52:48.131+0800`appName=oms`hostName=docker-20`logLevel=DEBUG`<==      Total: 1
time=2019-03-16T09:53:52.238+0800`appName=oms`hostName=docker-20`logLevel=DEBUG`==>  Preparing: SELECT operator_id AS operatorId,operator_name AS operatorName,operator_status AS operatorStatus,deleted,mobile,pwd,role_id AS roleId,ctime,utime FROM operator WHERE operator_id=? 
time=2019-03-16T09:53:52.239+0800`appName=oms`hostName=docker-20`logLevel=DEBUG`==> Parameters: 15207312(Long)
time=2019-03-16T09:53:52.242+0800`appName=oms`hostName=docker-20`logLevel=DEBUG`<==      Total: 1
time=2019-03-16T09:53:52.244+0800`appName=oms`hostName=docker-20`logLevel=DEBUG`==>  Preparing: SELECT student_id AS studentId,token,ctime,utime FROM user_web_token WHERE student_id=? 
time=2019-03-16T09:53:52.245+0800`appName=oms`hostName=docker-20`logLevel=DEBUG`==> Parameters: 15207312(Long)
time=2019-03-16T09:53:52.249+0800`appName=oms`hostName=docker-20`logLevel=DEBUG`<==      Total: 1
time=2019-03-16T09:53:52.255+0800`appName=oms`hostName=docker-20`logLevel=DEBUG`==>  Preparing: UPDATE user_web_token SET token=?,utime=? WHERE student_id=? 
time=2019-03-16T09:53:52.256+0800`appName=oms`hostName=docker-20`logLevel=DEBUG`==> Parameters: 7b9051a9-b915-45a0-9579-255c99185dbb(String), 1552701232253(Long), 15207312(Long)
time=2019-03-16T09:53:52.258+0800`appName=oms`hostName=docker-20`logLevel=DEBUG`<==    Updates: 1
time=2019-03-16T09:53:52.790+0800`appName=oms`hostName=docker-20`logLevel=DEBUG`==>  Preparing: SELECT relation_id AS relationId,operator_id AS operatorId,role_id AS roleId,deleted,ctime,utime FROM operator_role_relation WHERE operator_id = ? 
time=2019-03-16T09:53:52.791+0800`appName=oms`hostName=docker-20`logLevel=DEBUG`==> Parameters: 15207312(Long)
time=2019-03-16T09:53:52.794+0800`appName=oms`hostName=docker-20`logLevel=DEBUG`<==      Total: 1
time=2019-03-16T09:53:52.797+0800`appName=oms`hostName=docker-20`logLevel=DEBUG`==>  Preparing: SELECT relation_id AS relationId,role_id AS roleId,menu_id AS menuId,status,ctime,utime FROM role_menu_relation WHERE role_id = ? 
time=2019-03-16T09:53:52.798+0800`appName=oms`hostName=docker-20`logLevel=DEBUG`==> Parameters: 1(Long)
time=2019-03-16T09:53:52.801+0800`appName=oms`hostName=docker-20`logLevel=DEBUG`<==      Total: 20
time=2019-03-16T09:53:52.806+0800`appName=oms`hostName=docker-20`logLevel=DEBUG`==>  Preparing: SELECT menu_id AS menuId,title,href,icon,status,parent_id,ctime,utime FROM menu WHERE menu_id IN (?,?,?,?,?,?,?,?,?,?,?,?,?,?,?,?,?,?,?,?) 
time=2019-03-16T09:53:52.807+0800`appName=oms`hostName=docker-20`logLevel=DEBUG`==> Parameters: 1(Long), 7(Long), 8(Long), 2(Long), 3(Long), 5(Long), 13(Long), 14(Long), 15(Long), 16(Long), 17(Long), 18(Long), 19(Long), 20(Long), 21(Long), 26(Long), 22(Long), 23(Long), 24(Long), 25(Long)
time=2019-03-16T09:53:52.813+0800`appName=oms`hostName=docker-20`logLevel=DEBUG`<==      Total: 20
time=2019-03-16T09:53:55.591+0800`appName=oms`hostName=docker-20`logLevel=DEBUG`==>  Preparing: SELECT COUNT(1) FROM activity 
time=2019-03-16T09:53:55.591+0800`appName=oms`hostName=docker-20`logLevel=DEBUG`==> Parameters: 
time=2019-03-16T09:53:55.593+0800`appName=oms`hostName=docker-20`logLevel=DEBUG`==>  Preparing: SELECT activity_id AS activityId,activity_name AS activityName,activity_addr AS activityAddr,start_time AS startTime,end_time AS endTime,activity_desc AS activityDesc,activity_number AS activityNumber,sign_number AS signNumber,interests,leader_name AS leaderName,leader_mobile AS leaderMobile,status,creator,ctime,utime FROM activity LIMIT 0,10 
time=2019-03-16T09:53:55.594+0800`appName=oms`hostName=docker-20`logLevel=DEBUG`==> Parameters: 
time=2019-03-16T09:53:55.597+0800`appName=oms`hostName=docker-20`logLevel=DEBUG`<==      Total: 1
time=2019-03-16T09:54:42.046+0800`appName=oms`hostName=docker-20`logLevel=DEBUG`==>  Preparing: SELECT relation_id AS relationId,operator_id AS operatorId,role_id AS roleId,deleted,ctime,utime FROM operator_role_relation WHERE operator_id = ? 
time=2019-03-16T09:54:42.083+0800`appName=oms`hostName=docker-20`logLevel=DEBUG`==> Parameters: 15207312(Long)
time=2019-03-16T09:54:42.108+0800`appName=oms`hostName=docker-20`logLevel=DEBUG`<==      Total: 1
time=2019-03-16T09:54:42.123+0800`appName=oms`hostName=docker-20`logLevel=DEBUG`==>  Preparing: SELECT relation_id AS relationId,role_id AS roleId,menu_id AS menuId,status,ctime,utime FROM role_menu_relation WHERE role_id = ? 
time=2019-03-16T09:54:42.123+0800`appName=oms`hostName=docker-20`logLevel=DEBUG`==> Parameters: 1(Long)
time=2019-03-16T09:54:42.132+0800`appName=oms`hostName=docker-20`logLevel=DEBUG`<==      Total: 20
time=2019-03-16T09:54:42.152+0800`appName=oms`hostName=docker-20`logLevel=DEBUG`==>  Preparing: SELECT menu_id AS menuId,title,href,icon,status,parent_id,ctime,utime FROM menu WHERE menu_id IN (?,?,?,?,?,?,?,?,?,?,?,?,?,?,?,?,?,?,?,?) 
time=2019-03-16T09:54:42.154+0800`appName=oms`hostName=docker-20`logLevel=DEBUG`==> Parameters: 1(Long), 7(Long), 8(Long), 2(Long), 3(Long), 5(Long), 13(Long), 14(Long), 15(Long), 16(Long), 17(Long), 18(Long), 19(Long), 20(Long), 21(Long), 26(Long), 22(Long), 23(Long), 24(Long), 25(Long)
time=2019-03-16T09:54:42.163+0800`appName=oms`hostName=docker-20`logLevel=DEBUG`<==      Total: 20
time=2019-03-16T09:54:43.039+0800`appName=oms`hostName=docker-20`logLevel=DEBUG`==>  Preparing: SELECT COUNT(1) FROM activity 
time=2019-03-16T09:54:43.041+0800`appName=oms`hostName=docker-20`logLevel=DEBUG`==> Parameters: 
time=2019-03-16T09:54:43.046+0800`appName=oms`hostName=docker-20`logLevel=DEBUG`==>  Preparing: SELECT activity_id AS activityId,activity_name AS activityName,activity_addr AS activityAddr,start_time AS startTime,end_time AS endTime,activity_desc AS activityDesc,activity_number AS activityNumber,sign_number AS signNumber,interests,leader_name AS leaderName,leader_mobile AS leaderMobile,status,creator,ctime,utime FROM activity LIMIT 0,10 
time=2019-03-16T09:54:43.047+0800`appName=oms`hostName=docker-20`logLevel=DEBUG`==> Parameters: 
time=2019-03-16T09:54:43.049+0800`appName=oms`hostName=docker-20`logLevel=DEBUG`<==      Total: 1
time=2019-03-16T09:56:56.082+0800`appName=oms`hostName=docker-20`logLevel=DEBUG`==>  Preparing: SELECT operator_id AS operatorId,operator_name AS operatorName,operator_status AS operatorStatus,deleted,mobile,pwd,role_id AS roleId,ctime,utime FROM operator WHERE operator_id=? 
time=2019-03-16T09:56:56.083+0800`appName=oms`hostName=docker-20`logLevel=DEBUG`==> Parameters: 15207312(Long)
time=2019-03-16T09:56:56.085+0800`appName=oms`hostName=docker-20`logLevel=DEBUG`<==      Total: 1
time=2019-03-16T09:56:56.135+0800`appName=oms`hostName=docker-20`logLevel=DEBUG`==>  Preparing: SELECT student_id AS studentId,token,ctime,utime FROM user_web_token WHERE student_id=? 
time=2019-03-16T09:56:56.136+0800`appName=oms`hostName=docker-20`logLevel=DEBUG`==> Parameters: 15207312(Long)
time=2019-03-16T09:56:56.138+0800`appName=oms`hostName=docker-20`logLevel=DEBUG`<==      Total: 1
time=2019-03-16T09:56:56.171+0800`appName=oms`hostName=docker-20`logLevel=DEBUG`==>  Preparing: UPDATE user_web_token SET token=?,utime=? WHERE student_id=? 
time=2019-03-16T09:56:56.172+0800`appName=oms`hostName=docker-20`logLevel=DEBUG`==> Parameters: 5c77f47a-c2e5-4ebc-b193-78da96eb31b8(String), 1552701416169(Long), 15207312(Long)
time=2019-03-16T09:56:56.173+0800`appName=oms`hostName=docker-20`logLevel=DEBUG`<==    Updates: 1
time=2019-03-16T09:56:56.434+0800`appName=oms`hostName=docker-20`logLevel=DEBUG`==>  Preparing: SELECT relation_id AS relationId,operator_id AS operatorId,role_id AS roleId,deleted,ctime,utime FROM operator_role_relation WHERE operator_id = ? 
time=2019-03-16T09:56:56.434+0800`appName=oms`hostName=docker-20`logLevel=DEBUG`==> Parameters: 15207312(Long)
time=2019-03-16T09:56:56.436+0800`appName=oms`hostName=docker-20`logLevel=DEBUG`<==      Total: 1
time=2019-03-16T09:56:56.437+0800`appName=oms`hostName=docker-20`logLevel=DEBUG`==>  Preparing: SELECT relation_id AS relationId,role_id AS roleId,menu_id AS menuId,status,ctime,utime FROM role_menu_relation WHERE role_id = ? 
time=2019-03-16T09:56:56.438+0800`appName=oms`hostName=docker-20`logLevel=DEBUG`==> Parameters: 1(Long)
time=2019-03-16T09:56:56.443+0800`appName=oms`hostName=docker-20`logLevel=DEBUG`<==      Total: 20
time=2019-03-16T09:56:56.451+0800`appName=oms`hostName=docker-20`logLevel=DEBUG`==>  Preparing: SELECT menu_id AS menuId,title,href,icon,status,parent_id,ctime,utime FROM menu WHERE menu_id IN (?,?,?,?,?,?,?,?,?,?,?,?,?,?,?,?,?,?,?,?) 
time=2019-03-16T09:56:56.452+0800`appName=oms`hostName=docker-20`logLevel=DEBUG`==> Parameters: 1(Long), 7(Long), 8(Long), 2(Long), 3(Long), 5(Long), 13(Long), 14(Long), 15(Long), 16(Long), 17(Long), 18(Long), 19(Long), 20(Long), 21(Long), 26(Long), 22(Long), 23(Long), 24(Long), 25(Long)
time=2019-03-16T09:56:56.456+0800`appName=oms`hostName=docker-20`logLevel=DEBUG`<==      Total: 20
time=2019-03-16T09:56:56.730+0800`appName=oms`hostName=docker-20`logLevel=DEBUG`==>  Preparing: SELECT COUNT(1) FROM activity 
time=2019-03-16T09:56:56.731+0800`appName=oms`hostName=docker-20`logLevel=DEBUG`==> Parameters: 
time=2019-03-16T09:56:56.734+0800`appName=oms`hostName=docker-20`logLevel=DEBUG`==>  Preparing: SELECT activity_id AS activityId,activity_name AS activityName,activity_addr AS activityAddr,start_time AS startTime,end_time AS endTime,activity_desc AS activityDesc,activity_number AS activityNumber,sign_number AS signNumber,interests,leader_name AS leaderName,leader_mobile AS leaderMobile,status,creator,ctime,utime FROM activity LIMIT 0,10 
time=2019-03-16T09:56:56.735+0800`appName=oms`hostName=docker-20`logLevel=DEBUG`==> Parameters: 
time=2019-03-16T09:56:56.738+0800`appName=oms`hostName=docker-20`logLevel=DEBUG`<==      Total: 1
time=2019-03-16T09:57:57.627+0800`appName=oms`hostName=docker-20`logLevel=DEBUG`==>  Preparing: SELECT relation_id AS relationId,operator_id AS operatorId,role_id AS roleId,deleted,ctime,utime FROM operator_role_relation WHERE operator_id = ? 
time=2019-03-16T09:57:57.661+0800`appName=oms`hostName=docker-20`logLevel=DEBUG`==> Parameters: 15207312(Long)
time=2019-03-16T09:57:57.685+0800`appName=oms`hostName=docker-20`logLevel=DEBUG`<==      Total: 1
time=2019-03-16T09:57:57.697+0800`appName=oms`hostName=docker-20`logLevel=DEBUG`==>  Preparing: SELECT relation_id AS relationId,role_id AS roleId,menu_id AS menuId,status,ctime,utime FROM role_menu_relation WHERE role_id = ? 
time=2019-03-16T09:57:57.697+0800`appName=oms`hostName=docker-20`logLevel=DEBUG`==> Parameters: 1(Long)
time=2019-03-16T09:57:57.705+0800`appName=oms`hostName=docker-20`logLevel=DEBUG`<==      Total: 20
time=2019-03-16T09:57:57.725+0800`appName=oms`hostName=docker-20`logLevel=DEBUG`==>  Preparing: SELECT menu_id AS menuId,title,href,icon,status,parent_id,ctime,utime FROM menu WHERE menu_id IN (?,?,?,?,?,?,?,?,?,?,?,?,?,?,?,?,?,?,?,?) 
time=2019-03-16T09:57:57.727+0800`appName=oms`hostName=docker-20`logLevel=DEBUG`==> Parameters: 1(Long), 7(Long), 8(Long), 2(Long), 3(Long), 5(Long), 13(Long), 14(Long), 15(Long), 16(Long), 17(Long), 18(Long), 19(Long), 20(Long), 21(Long), 26(Long), 22(Long), 23(Long), 24(Long), 25(Long)
time=2019-03-16T09:57:57.736+0800`appName=oms`hostName=docker-20`logLevel=DEBUG`<==      Total: 20
time=2019-03-16T09:57:58.161+0800`appName=oms`hostName=docker-20`logLevel=DEBUG`==>  Preparing: SELECT COUNT(1) FROM activity 
time=2019-03-16T09:57:58.162+0800`appName=oms`hostName=docker-20`logLevel=DEBUG`==> Parameters: 
time=2019-03-16T09:57:58.167+0800`appName=oms`hostName=docker-20`logLevel=DEBUG`==>  Preparing: SELECT activity_id AS activityId,activity_name AS activityName,activity_addr AS activityAddr,start_time AS startTime,end_time AS endTime,activity_desc AS activityDesc,activity_number AS activityNumber,sign_number AS signNumber,interests,leader_name AS leaderName,leader_mobile AS leaderMobile,status,creator,ctime,utime FROM activity LIMIT 0,10 
time=2019-03-16T09:57:58.168+0800`appName=oms`hostName=docker-20`logLevel=DEBUG`==> Parameters: 
time=2019-03-16T09:57:58.170+0800`appName=oms`hostName=docker-20`logLevel=DEBUG`<==      Total: 1
time=2019-03-16T09:58:02.317+0800`appName=oms`hostName=docker-20`logLevel=DEBUG`==>  Preparing: SELECT COUNT(1) FROM activity 
time=2019-03-16T09:58:02.319+0800`appName=oms`hostName=docker-20`logLevel=DEBUG`==> Parameters: 
time=2019-03-16T09:58:02.320+0800`appName=oms`hostName=docker-20`logLevel=DEBUG`==>  Preparing: SELECT activity_id AS activityId,activity_name AS activityName,activity_addr AS activityAddr,start_time AS startTime,end_time AS endTime,activity_desc AS activityDesc,activity_number AS activityNumber,sign_number AS signNumber,interests,leader_name AS leaderName,leader_mobile AS leaderMobile,status,creator,ctime,utime FROM activity LIMIT 0,10 
time=2019-03-16T09:58:02.320+0800`appName=oms`hostName=docker-20`logLevel=DEBUG`==> Parameters: 
time=2019-03-16T09:58:02.323+0800`appName=oms`hostName=docker-20`logLevel=DEBUG`<==      Total: 1
time=2019-03-16T09:58:05.601+0800`appName=oms`hostName=docker-20`logLevel=DEBUG`==>  Preparing: SELECT COUNT(1) FROM donation WHERE deleted = ? 
time=2019-03-16T09:58:05.602+0800`appName=oms`hostName=docker-20`logLevel=DEBUG`==> Parameters: 1(Integer)
time=2019-03-16T09:58:05.605+0800`appName=oms`hostName=docker-20`logLevel=DEBUG`==>  Preparing: SELECT donation_id AS donationId,donation_uid AS donationUid,donation_name AS donationName,donation_mobile AS donationMobile,goods_name AS goodsName,amount,donation_object AS donationObject,object_name AS objectName,unit_name AS unitName,handle_uid AS handleUid,status,deleted,ctime,utime FROM donation WHERE deleted = ? 
time=2019-03-16T09:58:05.606+0800`appName=oms`hostName=docker-20`logLevel=DEBUG`==> Parameters: 1(Integer)
time=2019-03-16T09:58:05.608+0800`appName=oms`hostName=docker-20`logLevel=DEBUG`<==      Total: 0
time=2019-03-16T10:05:18.536+0800`appName=oms`hostName=docker-20`logLevel=DEBUG`==>  Preparing: SELECT relation_id AS relationId,operator_id AS operatorId,role_id AS roleId,deleted,ctime,utime FROM operator_role_relation WHERE operator_id = ? 
time=2019-03-16T10:05:18.589+0800`appName=oms`hostName=docker-20`logLevel=DEBUG`==> Parameters: 15207312(Long)
time=2019-03-16T10:05:18.623+0800`appName=oms`hostName=docker-20`logLevel=DEBUG`<==      Total: 1
time=2019-03-16T10:05:18.637+0800`appName=oms`hostName=docker-20`logLevel=DEBUG`==>  Preparing: SELECT relation_id AS relationId,role_id AS roleId,menu_id AS menuId,status,ctime,utime FROM role_menu_relation WHERE role_id = ? 
time=2019-03-16T10:05:18.637+0800`appName=oms`hostName=docker-20`logLevel=DEBUG`==> Parameters: 1(Long)
time=2019-03-16T10:05:18.649+0800`appName=oms`hostName=docker-20`logLevel=DEBUG`<==      Total: 20
time=2019-03-16T10:05:18.670+0800`appName=oms`hostName=docker-20`logLevel=DEBUG`==>  Preparing: SELECT menu_id AS menuId,title,href,icon,status,parent_id,ctime,utime FROM menu WHERE menu_id IN (?,?,?,?,?,?,?,?,?,?,?,?,?,?,?,?,?,?,?,?) 
time=2019-03-16T10:05:18.674+0800`appName=oms`hostName=docker-20`logLevel=DEBUG`==> Parameters: 1(Long), 7(Long), 8(Long), 2(Long), 3(Long), 5(Long), 13(Long), 14(Long), 15(Long), 16(Long), 17(Long), 18(Long), 19(Long), 20(Long), 21(Long), 26(Long), 22(Long), 23(Long), 24(Long), 25(Long)
time=2019-03-16T10:05:18.683+0800`appName=oms`hostName=docker-20`logLevel=DEBUG`<==      Total: 20
time=2019-03-16T10:05:19.313+0800`appName=oms`hostName=docker-20`logLevel=DEBUG`==>  Preparing: SELECT COUNT(1) FROM activity 
time=2019-03-16T10:05:19.313+0800`appName=oms`hostName=docker-20`logLevel=DEBUG`==> Parameters: 
time=2019-03-16T10:05:19.318+0800`appName=oms`hostName=docker-20`logLevel=DEBUG`==>  Preparing: SELECT COUNT(1) FROM donation WHERE deleted = ? 
time=2019-03-16T10:05:19.320+0800`appName=oms`hostName=docker-20`logLevel=DEBUG`==> Parameters: 1(Integer)
time=2019-03-16T10:05:19.321+0800`appName=oms`hostName=docker-20`logLevel=DEBUG`==>  Preparing: SELECT activity_id AS activityId,activity_name AS activityName,activity_addr AS activityAddr,start_time AS startTime,end_time AS endTime,activity_desc AS activityDesc,activity_number AS activityNumber,sign_number AS signNumber,interests,leader_name AS leaderName,leader_mobile AS leaderMobile,status,creator,ctime,utime FROM activity LIMIT 0,10 
time=2019-03-16T10:05:19.322+0800`appName=oms`hostName=docker-20`logLevel=DEBUG`==> Parameters: 
time=2019-03-16T10:05:19.323+0800`appName=oms`hostName=docker-20`logLevel=DEBUG`==>  Preparing: SELECT donation_id AS donationId,donation_uid AS donationUid,donation_name AS donationName,donation_mobile AS donationMobile,goods_name AS goodsName,amount,donation_object AS donationObject,object_name AS objectName,unit_name AS unitName,handle_uid AS handleUid,status,deleted,ctime,utime FROM donation WHERE deleted = ? 
time=2019-03-16T10:05:19.324+0800`appName=oms`hostName=docker-20`logLevel=DEBUG`==> Parameters: 1(Integer)
time=2019-03-16T10:05:19.325+0800`appName=oms`hostName=docker-20`logLevel=DEBUG`<==      Total: 1
time=2019-03-16T10:05:19.325+0800`appName=oms`hostName=docker-20`logLevel=DEBUG`<==      Total: 0
time=2019-03-16T10:05:40.049+0800`appName=oms`hostName=docker-20`logLevel=DEBUG`==>  Preparing: SELECT operator_id AS operatorId,operator_name AS operatorName,operator_status AS operatorStatus,deleted,mobile,pwd,role_id AS roleId,ctime,utime FROM operator WHERE operator_id=? 
time=2019-03-16T10:05:40.082+0800`appName=oms`hostName=docker-20`logLevel=DEBUG`==> Parameters: 15207312(Long)
time=2019-03-16T10:05:40.085+0800`appName=oms`hostName=docker-20`logLevel=DEBUG`<==      Total: 1
time=2019-03-16T10:05:40.123+0800`appName=oms`hostName=docker-20`logLevel=DEBUG`==>  Preparing: SELECT student_id AS studentId,token,ctime,utime FROM user_web_token WHERE student_id=? 
time=2019-03-16T10:05:40.123+0800`appName=oms`hostName=docker-20`logLevel=DEBUG`==> Parameters: 15207312(Long)
time=2019-03-16T10:05:40.126+0800`appName=oms`hostName=docker-20`logLevel=DEBUG`<==      Total: 1
time=2019-03-16T10:05:40.155+0800`appName=oms`hostName=docker-20`logLevel=DEBUG`==>  Preparing: UPDATE user_web_token SET token=?,utime=? WHERE student_id=? 
time=2019-03-16T10:05:40.156+0800`appName=oms`hostName=docker-20`logLevel=DEBUG`==> Parameters: 1accffd1-54ff-44ec-ab99-fd5542f3a36b(String), 1552701940153(Long), 15207312(Long)
time=2019-03-16T10:05:40.159+0800`appName=oms`hostName=docker-20`logLevel=DEBUG`<==    Updates: 1
time=2019-03-16T10:05:40.426+0800`appName=oms`hostName=docker-20`logLevel=DEBUG`==>  Preparing: SELECT relation_id AS relationId,operator_id AS operatorId,role_id AS roleId,deleted,ctime,utime FROM operator_role_relation WHERE operator_id = ? 
time=2019-03-16T10:05:40.427+0800`appName=oms`hostName=docker-20`logLevel=DEBUG`==> Parameters: 15207312(Long)
time=2019-03-16T10:05:40.430+0800`appName=oms`hostName=docker-20`logLevel=DEBUG`<==      Total: 1
time=2019-03-16T10:05:40.434+0800`appName=oms`hostName=docker-20`logLevel=DEBUG`==>  Preparing: SELECT relation_id AS relationId,role_id AS roleId,menu_id AS menuId,status,ctime,utime FROM role_menu_relation WHERE role_id = ? 
time=2019-03-16T10:05:40.434+0800`appName=oms`hostName=docker-20`logLevel=DEBUG`==> Parameters: 1(Long)
time=2019-03-16T10:05:40.438+0800`appName=oms`hostName=docker-20`logLevel=DEBUG`<==      Total: 20
time=2019-03-16T10:05:40.443+0800`appName=oms`hostName=docker-20`logLevel=DEBUG`==>  Preparing: SELECT menu_id AS menuId,title,href,icon,status,parent_id,ctime,utime FROM menu WHERE menu_id IN (?,?,?,?,?,?,?,?,?,?,?,?,?,?,?,?,?,?,?,?) 
time=2019-03-16T10:05:40.446+0800`appName=oms`hostName=docker-20`logLevel=DEBUG`==> Parameters: 1(Long), 7(Long), 8(Long), 2(Long), 3(Long), 5(Long), 13(Long), 14(Long), 15(Long), 16(Long), 17(Long), 18(Long), 19(Long), 20(Long), 21(Long), 26(Long), 22(Long), 23(Long), 24(Long), 25(Long)
time=2019-03-16T10:05:40.450+0800`appName=oms`hostName=docker-20`logLevel=DEBUG`<==      Total: 20
time=2019-03-16T10:05:44.368+0800`appName=oms`hostName=docker-20`logLevel=DEBUG`==>  Preparing: SELECT COUNT(1) FROM donation WHERE deleted = ? 
time=2019-03-16T10:05:44.369+0800`appName=oms`hostName=docker-20`logLevel=DEBUG`==> Parameters: 1(Integer)
time=2019-03-16T10:05:44.370+0800`appName=oms`hostName=docker-20`logLevel=DEBUG`==>  Preparing: SELECT donation_id AS donationId,donation_uid AS donationUid,donation_name AS donationName,donation_mobile AS donationMobile,goods_name AS goodsName,amount,donation_object AS donationObject,object_name AS objectName,unit_name AS unitName,handle_uid AS handleUid,status,deleted,ctime,utime FROM donation WHERE deleted = ? 
time=2019-03-16T10:05:44.371+0800`appName=oms`hostName=docker-20`logLevel=DEBUG`==> Parameters: 1(Integer)
time=2019-03-16T10:05:44.373+0800`appName=oms`hostName=docker-20`logLevel=DEBUG`<==      Total: 0
time=2019-03-16T10:10:11.281+0800`appName=oms`hostName=docker-20`logLevel=DEBUG`==>  Preparing: SELECT relation_id AS relationId,operator_id AS operatorId,role_id AS roleId,deleted,ctime,utime FROM operator_role_relation WHERE operator_id = ? 
time=2019-03-16T10:10:11.341+0800`appName=oms`hostName=docker-20`logLevel=DEBUG`==> Parameters: 15207312(Long)
time=2019-03-16T10:10:11.365+0800`appName=oms`hostName=docker-20`logLevel=DEBUG`<==      Total: 1
time=2019-03-16T10:10:11.378+0800`appName=oms`hostName=docker-20`logLevel=DEBUG`==>  Preparing: SELECT relation_id AS relationId,role_id AS roleId,menu_id AS menuId,status,ctime,utime FROM role_menu_relation WHERE role_id = ? 
time=2019-03-16T10:10:11.379+0800`appName=oms`hostName=docker-20`logLevel=DEBUG`==> Parameters: 1(Long)
time=2019-03-16T10:10:11.387+0800`appName=oms`hostName=docker-20`logLevel=DEBUG`<==      Total: 20
time=2019-03-16T10:10:11.404+0800`appName=oms`hostName=docker-20`logLevel=DEBUG`==>  Preparing: SELECT menu_id AS menuId,title,href,icon,status,parent_id,ctime,utime FROM menu WHERE menu_id IN (?,?,?,?,?,?,?,?,?,?,?,?,?,?,?,?,?,?,?,?) 
time=2019-03-16T10:10:11.407+0800`appName=oms`hostName=docker-20`logLevel=DEBUG`==> Parameters: 1(Long), 7(Long), 8(Long), 2(Long), 3(Long), 5(Long), 13(Long), 14(Long), 15(Long), 16(Long), 17(Long), 18(Long), 19(Long), 20(Long), 21(Long), 26(Long), 22(Long), 23(Long), 24(Long), 25(Long)
time=2019-03-16T10:10:11.415+0800`appName=oms`hostName=docker-20`logLevel=DEBUG`<==      Total: 20
time=2019-03-16T10:10:11.915+0800`appName=oms`hostName=docker-20`logLevel=DEBUG`==>  Preparing: SELECT COUNT(1) FROM donation WHERE deleted = ? 
time=2019-03-16T10:10:11.916+0800`appName=oms`hostName=docker-20`logLevel=DEBUG`==> Parameters: 1(Integer)
time=2019-03-16T10:10:11.918+0800`appName=oms`hostName=docker-20`logLevel=DEBUG`==>  Preparing: SELECT donation_id AS donationId,donation_uid AS donationUid,donation_name AS donationName,donation_mobile AS donationMobile,goods_name AS goodsName,amount,donation_object AS donationObject,object_name AS objectName,unit_name AS unitName,handle_uid AS handleUid,status,deleted,ctime,utime FROM donation WHERE deleted = ? 
time=2019-03-16T10:10:11.919+0800`appName=oms`hostName=docker-20`logLevel=DEBUG`==> Parameters: 1(Integer)
time=2019-03-16T10:10:11.920+0800`appName=oms`hostName=docker-20`logLevel=DEBUG`<==      Total: 0
time=2019-03-16T10:11:01.822+0800`appName=oms`hostName=docker-20`logLevel=DEBUG`==>  Preparing: INSERT INTO donation ( donation_name,donation_mobile,goods_name,amount,donation_object,object_name,unit_name,ctime,utime ) VALUES ( ?,?,?,?,?,?,?,?,? ) 
time=2019-03-16T10:11:01.823+0800`appName=oms`hostName=docker-20`logLevel=DEBUG`==> Parameters: 赵宇(String), 15712341234(String), 陷阱(String), 100(Integer), 1(Integer), 南昌航空大学(String), 恒生电子股份有限公司(String), 1552702261821(Long), 1552702261821(Long)
time=2019-03-16T10:11:01.837+0800`appName=oms`hostName=docker-20`logLevel=DEBUG`<==    Updates: 1
time=2019-03-16T10:11:01.882+0800`appName=oms`hostName=docker-20`logLevel=DEBUG`==>  Preparing: SELECT COUNT(1) FROM donation WHERE deleted = ? 
time=2019-03-16T10:11:01.883+0800`appName=oms`hostName=docker-20`logLevel=DEBUG`==> Parameters: 1(Integer)
time=2019-03-16T10:11:01.888+0800`appName=oms`hostName=docker-20`logLevel=DEBUG`==>  Preparing: SELECT donation_id AS donationId,donation_uid AS donationUid,donation_name AS donationName,donation_mobile AS donationMobile,goods_name AS goodsName,amount,donation_object AS donationObject,object_name AS objectName,unit_name AS unitName,handle_uid AS handleUid,status,deleted,ctime,utime FROM donation WHERE deleted = ? LIMIT 0,10 
time=2019-03-16T10:11:01.889+0800`appName=oms`hostName=docker-20`logLevel=DEBUG`==> Parameters: 1(Integer)
time=2019-03-16T10:11:01.892+0800`appName=oms`hostName=docker-20`logLevel=DEBUG`<==      Total: 1
time=2019-03-16T10:11:01.906+0800`appName=oms`hostName=docker-20`logLevel=DEBUG`==>  Preparing: SELECT operator_id AS operatorId,operator_name AS operatorName,operator_status AS operatorStatus,deleted,mobile,pwd,role_id AS roleId,ctime,utime FROM operator WHERE operator_id IN (?) 
time=2019-03-16T10:11:01.907+0800`appName=oms`hostName=docker-20`logLevel=DEBUG`==> Parameters: null
time=2019-03-16T10:11:01.911+0800`appName=oms`hostName=docker-20`logLevel=DEBUG`<==      Total: 0
time=2019-03-16T10:18:14.210+0800`appName=oms`hostName=docker-20`logLevel=DEBUG`==>  Preparing: SELECT COUNT(1) FROM menu 
time=2019-03-16T10:18:14.207+0800`appName=oms`hostName=docker-20`logLevel=DEBUG`==>  Preparing: SELECT menu_id AS menuId,title,href,icon,status,parent_id,ctime,utime FROM menu WHERE parent_id = ? 
time=2019-03-16T10:18:14.214+0800`appName=oms`hostName=docker-20`logLevel=DEBUG`==> Parameters: 
time=2019-03-16T10:18:14.214+0800`appName=oms`hostName=docker-20`logLevel=DEBUG`==> Parameters: 0(Integer)
time=2019-03-16T10:18:14.222+0800`appName=oms`hostName=docker-20`logLevel=DEBUG`==>  Preparing: SELECT menu_id AS menuId,title,href,icon,status,parent_id,ctime,utime FROM menu LIMIT 0,10 
time=2019-03-16T10:18:14.222+0800`appName=oms`hostName=docker-20`logLevel=DEBUG`==> Parameters: 
time=2019-03-16T10:18:14.225+0800`appName=oms`hostName=docker-20`logLevel=DEBUG`<==      Total: 8
time=2019-03-16T10:18:14.226+0800`appName=oms`hostName=docker-20`logLevel=DEBUG`<==      Total: 10
time=2019-03-16T10:20:08.313+0800`appName=oms`hostName=docker-20`logLevel=DEBUG`==>  Preparing: SELECT relation_id AS relationId,operator_id AS operatorId,role_id AS roleId,deleted,ctime,utime FROM operator_role_relation WHERE operator_id = ? 
time=2019-03-16T10:20:08.381+0800`appName=oms`hostName=docker-20`logLevel=DEBUG`==> Parameters: 15207312(Long)
time=2019-03-16T10:20:08.415+0800`appName=oms`hostName=docker-20`logLevel=DEBUG`<==      Total: 1
time=2019-03-16T10:20:08.434+0800`appName=oms`hostName=docker-20`logLevel=DEBUG`==>  Preparing: SELECT relation_id AS relationId,role_id AS roleId,menu_id AS menuId,status,ctime,utime FROM role_menu_relation WHERE role_id = ? 
time=2019-03-16T10:20:08.434+0800`appName=oms`hostName=docker-20`logLevel=DEBUG`==> Parameters: 1(Long)
time=2019-03-16T10:20:08.454+0800`appName=oms`hostName=docker-20`logLevel=DEBUG`<==      Total: 20
time=2019-03-16T10:20:08.482+0800`appName=oms`hostName=docker-20`logLevel=DEBUG`==>  Preparing: SELECT menu_id AS menuId,title,href,icon,status,parent_id,ctime,utime FROM menu WHERE menu_id IN (?,?,?,?,?,?,?,?,?,?,?,?,?,?,?,?,?,?,?,?) 
time=2019-03-16T10:20:08.495+0800`appName=oms`hostName=docker-20`logLevel=DEBUG`==> Parameters: 1(Long), 7(Long), 8(Long), 2(Long), 3(Long), 5(Long), 13(Long), 14(Long), 15(Long), 16(Long), 17(Long), 18(Long), 19(Long), 20(Long), 21(Long), 26(Long), 22(Long), 23(Long), 24(Long), 25(Long)
time=2019-03-16T10:20:08.509+0800`appName=oms`hostName=docker-20`logLevel=DEBUG`<==      Total: 20
time=2019-03-16T10:20:10.243+0800`appName=oms`hostName=docker-20`logLevel=DEBUG`==>  Preparing: SELECT menu_id AS menuId,title,href,icon,status,parent_id,ctime,utime FROM menu WHERE parent_id = ? 
time=2019-03-16T10:20:10.244+0800`appName=oms`hostName=docker-20`logLevel=DEBUG`==> Parameters: 0(Integer)
time=2019-03-16T10:20:10.248+0800`appName=oms`hostName=docker-20`logLevel=DEBUG`<==      Total: 8
time=2019-03-16T10:20:10.391+0800`appName=oms`hostName=docker-20`logLevel=DEBUG`==>  Preparing: SELECT COUNT(1) FROM menu 
time=2019-03-16T10:20:10.392+0800`appName=oms`hostName=docker-20`logLevel=DEBUG`==> Parameters: 
time=2019-03-16T10:20:10.400+0800`appName=oms`hostName=docker-20`logLevel=DEBUG`==>  Preparing: SELECT COUNT(1) FROM donation WHERE deleted = ? 
time=2019-03-16T10:20:10.401+0800`appName=oms`hostName=docker-20`logLevel=DEBUG`==>  Preparing: SELECT menu_id AS menuId,title,href,icon,status,parent_id,ctime,utime FROM menu LIMIT 0,10 
time=2019-03-16T10:20:10.402+0800`appName=oms`hostName=docker-20`logLevel=DEBUG`==> Parameters: 1(Integer)
time=2019-03-16T10:20:10.402+0800`appName=oms`hostName=docker-20`logLevel=DEBUG`==> Parameters: 
time=2019-03-16T10:20:10.406+0800`appName=oms`hostName=docker-20`logLevel=DEBUG`<==      Total: 10
time=2019-03-16T10:20:10.408+0800`appName=oms`hostName=docker-20`logLevel=DEBUG`==>  Preparing: SELECT donation_id AS donationId,donation_uid AS donationUid,donation_name AS donationName,donation_mobile AS donationMobile,goods_name AS goodsName,amount,donation_object AS donationObject,object_name AS objectName,unit_name AS unitName,handle_uid AS handleUid,status,deleted,ctime,utime FROM donation WHERE deleted = ? LIMIT 0,10 
time=2019-03-16T10:20:10.409+0800`appName=oms`hostName=docker-20`logLevel=DEBUG`==> Parameters: 1(Integer)
time=2019-03-16T10:20:10.411+0800`appName=oms`hostName=docker-20`logLevel=DEBUG`<==      Total: 1
time=2019-03-16T10:20:10.427+0800`appName=oms`hostName=docker-20`logLevel=DEBUG`==>  Preparing: SELECT operator_id AS operatorId,operator_name AS operatorName,operator_status AS operatorStatus,deleted,mobile,pwd,role_id AS roleId,ctime,utime FROM operator WHERE operator_id IN (?) 
time=2019-03-16T10:20:10.428+0800`appName=oms`hostName=docker-20`logLevel=DEBUG`==> Parameters: null
time=2019-03-16T10:20:10.432+0800`appName=oms`hostName=docker-20`logLevel=DEBUG`<==      Total: 0
time=2019-03-16T10:20:18.143+0800`appName=oms`hostName=docker-20`logLevel=DEBUG`==>  Preparing: SELECT COUNT(1) FROM donation WHERE deleted = ? 
time=2019-03-16T10:20:18.144+0800`appName=oms`hostName=docker-20`logLevel=DEBUG`==> Parameters: 1(Integer)
time=2019-03-16T10:20:18.146+0800`appName=oms`hostName=docker-20`logLevel=DEBUG`==>  Preparing: SELECT donation_id AS donationId,donation_uid AS donationUid,donation_name AS donationName,donation_mobile AS donationMobile,goods_name AS goodsName,amount,donation_object AS donationObject,object_name AS objectName,unit_name AS unitName,handle_uid AS handleUid,status,deleted,ctime,utime FROM donation WHERE deleted = ? LIMIT 0,10 
time=2019-03-16T10:20:18.147+0800`appName=oms`hostName=docker-20`logLevel=DEBUG`==> Parameters: 1(Integer)
time=2019-03-16T10:20:18.150+0800`appName=oms`hostName=docker-20`logLevel=DEBUG`<==      Total: 1
time=2019-03-16T10:20:18.152+0800`appName=oms`hostName=docker-20`logLevel=DEBUG`==>  Preparing: SELECT operator_id AS operatorId,operator_name AS operatorName,operator_status AS operatorStatus,deleted,mobile,pwd,role_id AS roleId,ctime,utime FROM operator WHERE operator_id IN (?) 
time=2019-03-16T10:20:18.153+0800`appName=oms`hostName=docker-20`logLevel=DEBUG`==> Parameters: null
time=2019-03-16T10:20:18.154+0800`appName=oms`hostName=docker-20`logLevel=DEBUG`<==      Total: 0
time=2019-03-16T10:21:56.713+0800`appName=oms`hostName=docker-20`logLevel=DEBUG`==>  Preparing: SELECT relation_id AS relationId,operator_id AS operatorId,role_id AS roleId,deleted,ctime,utime FROM operator_role_relation WHERE operator_id = ? 
time=2019-03-16T10:21:56.751+0800`appName=oms`hostName=docker-20`logLevel=DEBUG`==> Parameters: 15207312(Long)
time=2019-03-16T10:21:56.779+0800`appName=oms`hostName=docker-20`logLevel=DEBUG`<==      Total: 1
time=2019-03-16T10:21:56.792+0800`appName=oms`hostName=docker-20`logLevel=DEBUG`==>  Preparing: SELECT relation_id AS relationId,role_id AS roleId,menu_id AS menuId,status,ctime,utime FROM role_menu_relation WHERE role_id = ? 
time=2019-03-16T10:21:56.792+0800`appName=oms`hostName=docker-20`logLevel=DEBUG`==> Parameters: 1(Long)
time=2019-03-16T10:21:56.801+0800`appName=oms`hostName=docker-20`logLevel=DEBUG`<==      Total: 20
time=2019-03-16T10:21:56.824+0800`appName=oms`hostName=docker-20`logLevel=DEBUG`==>  Preparing: SELECT menu_id AS menuId,title,href,icon,status,parent_id,ctime,utime FROM menu WHERE menu_id IN (?,?,?,?,?,?,?,?,?,?,?,?,?,?,?,?,?,?,?,?) 
time=2019-03-16T10:21:56.827+0800`appName=oms`hostName=docker-20`logLevel=DEBUG`==> Parameters: 1(Long), 7(Long), 8(Long), 2(Long), 3(Long), 5(Long), 13(Long), 14(Long), 15(Long), 16(Long), 17(Long), 18(Long), 19(Long), 20(Long), 21(Long), 26(Long), 22(Long), 23(Long), 24(Long), 25(Long)
time=2019-03-16T10:21:56.840+0800`appName=oms`hostName=docker-20`logLevel=DEBUG`<==      Total: 20
time=2019-03-16T10:21:57.870+0800`appName=oms`hostName=docker-20`logLevel=DEBUG`==>  Preparing: SELECT COUNT(1) FROM donation WHERE deleted = ? 
time=2019-03-16T10:21:57.871+0800`appName=oms`hostName=docker-20`logLevel=DEBUG`==> Parameters: 1(Integer)
time=2019-03-16T10:21:57.877+0800`appName=oms`hostName=docker-20`logLevel=DEBUG`==>  Preparing: SELECT donation_id AS donationId,donation_uid AS donationUid,donation_name AS donationName,donation_mobile AS donationMobile,goods_name AS goodsName,amount,donation_object AS donationObject,object_name AS objectName,unit_name AS unitName,handle_uid AS handleUid,status,deleted,ctime,utime FROM donation WHERE deleted = ? LIMIT 0,10 
time=2019-03-16T10:21:57.879+0800`appName=oms`hostName=docker-20`logLevel=DEBUG`==> Parameters: 1(Integer)
time=2019-03-16T10:21:57.882+0800`appName=oms`hostName=docker-20`logLevel=DEBUG`<==      Total: 1
time=2019-03-16T10:21:57.897+0800`appName=oms`hostName=docker-20`logLevel=DEBUG`==>  Preparing: SELECT operator_id AS operatorId,operator_name AS operatorName,operator_status AS operatorStatus,deleted,mobile,pwd,role_id AS roleId,ctime,utime FROM operator WHERE operator_id IN (?) 
time=2019-03-16T10:21:57.899+0800`appName=oms`hostName=docker-20`logLevel=DEBUG`==> Parameters: null
time=2019-03-16T10:21:57.901+0800`appName=oms`hostName=docker-20`logLevel=DEBUG`<==      Total: 0
time=2019-03-16T10:22:35.360+0800`appName=oms`hostName=docker-20`logLevel=DEBUG`==>  Preparing: SELECT relation_id AS relationId,operator_id AS operatorId,role_id AS roleId,deleted,ctime,utime FROM operator_role_relation WHERE operator_id = ? 
time=2019-03-16T10:22:35.407+0800`appName=oms`hostName=docker-20`logLevel=DEBUG`==> Parameters: 15207312(Long)
time=2019-03-16T10:22:35.483+0800`appName=oms`hostName=docker-20`logLevel=DEBUG`<==      Total: 1
time=2019-03-16T10:22:35.497+0800`appName=oms`hostName=docker-20`logLevel=DEBUG`==>  Preparing: SELECT relation_id AS relationId,role_id AS roleId,menu_id AS menuId,status,ctime,utime FROM role_menu_relation WHERE role_id = ? 
time=2019-03-16T10:22:35.498+0800`appName=oms`hostName=docker-20`logLevel=DEBUG`==> Parameters: 1(Long)
time=2019-03-16T10:22:35.514+0800`appName=oms`hostName=docker-20`logLevel=DEBUG`<==      Total: 20
time=2019-03-16T10:22:35.537+0800`appName=oms`hostName=docker-20`logLevel=DEBUG`==>  Preparing: SELECT menu_id AS menuId,title,href,icon,status,parent_id,ctime,utime FROM menu WHERE menu_id IN (?,?,?,?,?,?,?,?,?,?,?,?,?,?,?,?,?,?,?,?) 
time=2019-03-16T10:22:35.541+0800`appName=oms`hostName=docker-20`logLevel=DEBUG`==> Parameters: 1(Long), 7(Long), 8(Long), 2(Long), 3(Long), 5(Long), 13(Long), 14(Long), 15(Long), 16(Long), 17(Long), 18(Long), 19(Long), 20(Long), 21(Long), 26(Long), 22(Long), 23(Long), 24(Long), 25(Long)
time=2019-03-16T10:22:35.553+0800`appName=oms`hostName=docker-20`logLevel=DEBUG`<==      Total: 20
time=2019-03-16T10:22:36.423+0800`appName=oms`hostName=docker-20`logLevel=DEBUG`==>  Preparing: SELECT COUNT(1) FROM donation WHERE deleted = ? 
time=2019-03-16T10:22:36.423+0800`appName=oms`hostName=docker-20`logLevel=DEBUG`==> Parameters: 1(Integer)
time=2019-03-16T10:22:36.428+0800`appName=oms`hostName=docker-20`logLevel=DEBUG`==>  Preparing: SELECT donation_id AS donationId,donation_uid AS donationUid,donation_name AS donationName,donation_mobile AS donationMobile,goods_name AS goodsName,amount,donation_object AS donationObject,object_name AS objectName,unit_name AS unitName,handle_uid AS handleUid,status,deleted,ctime,utime FROM donation WHERE deleted = ? LIMIT 0,10 
time=2019-03-16T10:22:36.429+0800`appName=oms`hostName=docker-20`logLevel=DEBUG`==> Parameters: 1(Integer)
time=2019-03-16T10:22:36.432+0800`appName=oms`hostName=docker-20`logLevel=DEBUG`<==      Total: 1
time=2019-03-16T10:22:36.447+0800`appName=oms`hostName=docker-20`logLevel=DEBUG`==>  Preparing: SELECT operator_id AS operatorId,operator_name AS operatorName,operator_status AS operatorStatus,deleted,mobile,pwd,role_id AS roleId,ctime,utime FROM operator WHERE operator_id IN (?) 
time=2019-03-16T10:22:36.450+0800`appName=oms`hostName=docker-20`logLevel=DEBUG`==> Parameters: null
time=2019-03-16T10:22:36.451+0800`appName=oms`hostName=docker-20`logLevel=DEBUG`<==      Total: 0
time=2019-03-16T10:26:15.888+0800`appName=oms`hostName=docker-20`logLevel=DEBUG`==>  Preparing: SELECT relation_id AS relationId,operator_id AS operatorId,role_id AS roleId,deleted,ctime,utime FROM operator_role_relation WHERE operator_id = ? 
time=2019-03-16T10:26:15.925+0800`appName=oms`hostName=docker-20`logLevel=DEBUG`==> Parameters: 15207312(Long)
time=2019-03-16T10:26:15.952+0800`appName=oms`hostName=docker-20`logLevel=DEBUG`<==      Total: 1
time=2019-03-16T10:26:15.967+0800`appName=oms`hostName=docker-20`logLevel=DEBUG`==>  Preparing: SELECT relation_id AS relationId,role_id AS roleId,menu_id AS menuId,status,ctime,utime FROM role_menu_relation WHERE role_id = ? 
time=2019-03-16T10:26:15.968+0800`appName=oms`hostName=docker-20`logLevel=DEBUG`==> Parameters: 1(Long)
time=2019-03-16T10:26:15.977+0800`appName=oms`hostName=docker-20`logLevel=DEBUG`<==      Total: 20
time=2019-03-16T10:26:16.000+0800`appName=oms`hostName=docker-20`logLevel=DEBUG`==>  Preparing: SELECT menu_id AS menuId,title,href,icon,status,parent_id,ctime,utime FROM menu WHERE menu_id IN (?,?,?,?,?,?,?,?,?,?,?,?,?,?,?,?,?,?,?,?) 
time=2019-03-16T10:26:16.003+0800`appName=oms`hostName=docker-20`logLevel=DEBUG`==> Parameters: 1(Long), 7(Long), 8(Long), 2(Long), 3(Long), 5(Long), 13(Long), 14(Long), 15(Long), 16(Long), 17(Long), 18(Long), 19(Long), 20(Long), 21(Long), 26(Long), 22(Long), 23(Long), 24(Long), 25(Long)
time=2019-03-16T10:26:16.013+0800`appName=oms`hostName=docker-20`logLevel=DEBUG`<==      Total: 20
time=2019-03-16T10:26:16.931+0800`appName=oms`hostName=docker-20`logLevel=DEBUG`==>  Preparing: SELECT COUNT(1) FROM donation WHERE deleted = ? 
time=2019-03-16T10:26:16.932+0800`appName=oms`hostName=docker-20`logLevel=DEBUG`==> Parameters: 1(Integer)
time=2019-03-16T10:26:16.936+0800`appName=oms`hostName=docker-20`logLevel=DEBUG`==>  Preparing: SELECT donation_id AS donationId,donation_uid AS donationUid,donation_name AS donationName,donation_mobile AS donationMobile,goods_name AS goodsName,amount,donation_object AS donationObject,object_name AS objectName,unit_name AS unitName,handle_uid AS handleUid,status,deleted,ctime,utime FROM donation WHERE deleted = ? LIMIT 0,10 
time=2019-03-16T10:26:16.937+0800`appName=oms`hostName=docker-20`logLevel=DEBUG`==> Parameters: 1(Integer)
time=2019-03-16T10:26:16.940+0800`appName=oms`hostName=docker-20`logLevel=DEBUG`<==      Total: 1
time=2019-03-16T10:26:16.952+0800`appName=oms`hostName=docker-20`logLevel=DEBUG`==>  Preparing: SELECT operator_id AS operatorId,operator_name AS operatorName,operator_status AS operatorStatus,deleted,mobile,pwd,role_id AS roleId,ctime,utime FROM operator WHERE operator_id IN (?) 
time=2019-03-16T10:26:16.953+0800`appName=oms`hostName=docker-20`logLevel=DEBUG`==> Parameters: null
time=2019-03-16T10:26:16.954+0800`appName=oms`hostName=docker-20`logLevel=DEBUG`<==      Total: 0
time=2019-03-16T10:31:36.225+0800`appName=oms`hostName=docker-20`logLevel=DEBUG`==>  Preparing: SELECT relation_id AS relationId,operator_id AS operatorId,role_id AS roleId,deleted,ctime,utime FROM operator_role_relation WHERE operator_id = ? 
time=2019-03-16T10:31:36.288+0800`appName=oms`hostName=docker-20`logLevel=DEBUG`==> Parameters: 15207312(Long)
time=2019-03-16T10:31:36.319+0800`appName=oms`hostName=docker-20`logLevel=DEBUG`<==      Total: 1
time=2019-03-16T10:31:36.336+0800`appName=oms`hostName=docker-20`logLevel=DEBUG`==>  Preparing: SELECT relation_id AS relationId,role_id AS roleId,menu_id AS menuId,status,ctime,utime FROM role_menu_relation WHERE role_id = ? 
time=2019-03-16T10:31:36.337+0800`appName=oms`hostName=docker-20`logLevel=DEBUG`==> Parameters: 1(Long)
time=2019-03-16T10:31:36.349+0800`appName=oms`hostName=docker-20`logLevel=DEBUG`<==      Total: 20
time=2019-03-16T10:31:36.369+0800`appName=oms`hostName=docker-20`logLevel=DEBUG`==>  Preparing: SELECT menu_id AS menuId,title,href,icon,status,parent_id,ctime,utime FROM menu WHERE menu_id IN (?,?,?,?,?,?,?,?,?,?,?,?,?,?,?,?,?,?,?,?) 
time=2019-03-16T10:31:36.372+0800`appName=oms`hostName=docker-20`logLevel=DEBUG`==> Parameters: 1(Long), 7(Long), 8(Long), 2(Long), 3(Long), 5(Long), 13(Long), 14(Long), 15(Long), 16(Long), 17(Long), 18(Long), 19(Long), 20(Long), 21(Long), 26(Long), 22(Long), 23(Long), 24(Long), 25(Long)
time=2019-03-16T10:31:36.387+0800`appName=oms`hostName=docker-20`logLevel=DEBUG`<==      Total: 20
time=2019-03-16T10:31:37.384+0800`appName=oms`hostName=docker-20`logLevel=DEBUG`==>  Preparing: SELECT COUNT(1) FROM donation WHERE deleted = ? 
time=2019-03-16T10:31:37.385+0800`appName=oms`hostName=docker-20`logLevel=DEBUG`==> Parameters: 1(Integer)
time=2019-03-16T10:31:37.390+0800`appName=oms`hostName=docker-20`logLevel=DEBUG`==>  Preparing: SELECT donation_id AS donationId,donation_uid AS donationUid,donation_name AS donationName,donation_mobile AS donationMobile,goods_name AS goodsName,amount,donation_object AS donationObject,object_name AS objectName,unit_name AS unitName,handle_uid AS handleUid,status,deleted,ctime,utime FROM donation WHERE deleted = ? LIMIT 0,10 
time=2019-03-16T10:31:37.391+0800`appName=oms`hostName=docker-20`logLevel=DEBUG`==> Parameters: 1(Integer)
time=2019-03-16T10:31:37.394+0800`appName=oms`hostName=docker-20`logLevel=DEBUG`<==      Total: 1
time=2019-03-16T10:31:37.407+0800`appName=oms`hostName=docker-20`logLevel=DEBUG`==>  Preparing: SELECT operator_id AS operatorId,operator_name AS operatorName,operator_status AS operatorStatus,deleted,mobile,pwd,role_id AS roleId,ctime,utime FROM operator WHERE operator_id IN (?) 
time=2019-03-16T10:31:37.408+0800`appName=oms`hostName=docker-20`logLevel=DEBUG`==> Parameters: null
time=2019-03-16T10:31:37.410+0800`appName=oms`hostName=docker-20`logLevel=DEBUG`<==      Total: 0
time=2019-03-16T10:31:44.915+0800`appName=oms`hostName=docker-20`logLevel=DEBUG`==>  Preparing: SELECT donation_id AS donationId,donation_uid AS donationUid,donation_name AS donationName,donation_mobile AS donationMobile,goods_name AS goodsName,amount,donation_object AS donationObject,object_name AS objectName,unit_name AS unitName,handle_uid AS handleUid,status,deleted,ctime,utime FROM donation WHERE donation_id=? 
time=2019-03-16T10:31:44.915+0800`appName=oms`hostName=docker-20`logLevel=DEBUG`==> Parameters: null
time=2019-03-16T10:31:44.916+0800`appName=oms`hostName=docker-20`logLevel=DEBUG`<==      Total: 0
time=2019-03-16T10:32:21.907+0800`appName=oms`hostName=docker-20`logLevel=DEBUG`==>  Preparing: SELECT donation_id AS donationId,donation_uid AS donationUid,donation_name AS donationName,donation_mobile AS donationMobile,goods_name AS goodsName,amount,donation_object AS donationObject,object_name AS objectName,unit_name AS unitName,handle_uid AS handleUid,status,deleted,ctime,utime FROM donation WHERE donation_id=? 
time=2019-03-16T10:32:21.908+0800`appName=oms`hostName=docker-20`logLevel=DEBUG`==> Parameters: null
time=2019-03-16T10:32:21.910+0800`appName=oms`hostName=docker-20`logLevel=DEBUG`<==      Total: 0
time=2019-03-16T10:34:07.696+0800`appName=oms`hostName=docker-20`logLevel=DEBUG`==>  Preparing: SELECT relation_id AS relationId,operator_id AS operatorId,role_id AS roleId,deleted,ctime,utime FROM operator_role_relation WHERE operator_id = ? 
time=2019-03-16T10:34:07.771+0800`appName=oms`hostName=docker-20`logLevel=DEBUG`==> Parameters: 15207312(Long)
time=2019-03-16T10:34:07.798+0800`appName=oms`hostName=docker-20`logLevel=DEBUG`<==      Total: 1
time=2019-03-16T10:34:07.815+0800`appName=oms`hostName=docker-20`logLevel=DEBUG`==>  Preparing: SELECT relation_id AS relationId,role_id AS roleId,menu_id AS menuId,status,ctime,utime FROM role_menu_relation WHERE role_id = ? 
time=2019-03-16T10:34:07.816+0800`appName=oms`hostName=docker-20`logLevel=DEBUG`==> Parameters: 1(Long)
time=2019-03-16T10:34:07.828+0800`appName=oms`hostName=docker-20`logLevel=DEBUG`<==      Total: 20
time=2019-03-16T10:34:07.847+0800`appName=oms`hostName=docker-20`logLevel=DEBUG`==>  Preparing: SELECT menu_id AS menuId,title,href,icon,status,parent_id,ctime,utime FROM menu WHERE menu_id IN (?,?,?,?,?,?,?,?,?,?,?,?,?,?,?,?,?,?,?,?) 
time=2019-03-16T10:34:07.851+0800`appName=oms`hostName=docker-20`logLevel=DEBUG`==> Parameters: 1(Long), 7(Long), 8(Long), 2(Long), 3(Long), 5(Long), 13(Long), 14(Long), 15(Long), 16(Long), 17(Long), 18(Long), 19(Long), 20(Long), 21(Long), 26(Long), 22(Long), 23(Long), 24(Long), 25(Long)
time=2019-03-16T10:34:07.864+0800`appName=oms`hostName=docker-20`logLevel=DEBUG`<==      Total: 20
time=2019-03-16T10:34:08.977+0800`appName=oms`hostName=docker-20`logLevel=DEBUG`==>  Preparing: SELECT COUNT(1) FROM donation WHERE deleted = ? 
time=2019-03-16T10:34:08.978+0800`appName=oms`hostName=docker-20`logLevel=DEBUG`==> Parameters: 1(Integer)
time=2019-03-16T10:34:08.984+0800`appName=oms`hostName=docker-20`logLevel=DEBUG`==>  Preparing: SELECT donation_id AS donationId,donation_uid AS donationUid,donation_name AS donationName,donation_mobile AS donationMobile,goods_name AS goodsName,amount,donation_object AS donationObject,object_name AS objectName,unit_name AS unitName,handle_uid AS handleUid,status,deleted,ctime,utime FROM donation WHERE deleted = ? LIMIT 0,10 
time=2019-03-16T10:34:08.985+0800`appName=oms`hostName=docker-20`logLevel=DEBUG`==> Parameters: 1(Integer)
time=2019-03-16T10:34:08.988+0800`appName=oms`hostName=docker-20`logLevel=DEBUG`<==      Total: 1
time=2019-03-16T10:34:09.000+0800`appName=oms`hostName=docker-20`logLevel=DEBUG`==>  Preparing: SELECT operator_id AS operatorId,operator_name AS operatorName,operator_status AS operatorStatus,deleted,mobile,pwd,role_id AS roleId,ctime,utime FROM operator WHERE operator_id IN (?) 
time=2019-03-16T10:34:09.001+0800`appName=oms`hostName=docker-20`logLevel=DEBUG`==> Parameters: null
time=2019-03-16T10:34:09.003+0800`appName=oms`hostName=docker-20`logLevel=DEBUG`<==      Total: 0
time=2019-03-16T10:34:20.875+0800`appName=oms`hostName=docker-20`logLevel=DEBUG`==>  Preparing: SELECT donation_id AS donationId,donation_uid AS donationUid,donation_name AS donationName,donation_mobile AS donationMobile,goods_name AS goodsName,amount,donation_object AS donationObject,object_name AS objectName,unit_name AS unitName,handle_uid AS handleUid,status,deleted,ctime,utime FROM donation WHERE donation_id=? 
time=2019-03-16T10:34:20.876+0800`appName=oms`hostName=docker-20`logLevel=DEBUG`==> Parameters: 1(Long)
time=2019-03-16T10:34:20.880+0800`appName=oms`hostName=docker-20`logLevel=DEBUG`<==      Total: 1
time=2019-03-16T10:34:20.895+0800`appName=oms`hostName=docker-20`logLevel=DEBUG`==>  Preparing: UPDATE donation SET donation_name=?,donation_mobile=?,goods_name=?,amount=?,donation_object=?,object_name=?,unit_name=?,status=?,deleted=?,ctime=?,utime=? WHERE donation_id=? 
time=2019-03-16T10:34:20.897+0800`appName=oms`hostName=docker-20`logLevel=DEBUG`==> Parameters: 赵宇(String), 15712341234(String), 陷阱(String), 100(Integer), 1(Integer), 南昌航空大学(String), 恒生电子股份有限公司(String), 2(Integer), 1(Integer), 1552702261821(Long), 1552702261821(Long), 1(Long)
time=2019-03-16T10:34:20.908+0800`appName=oms`hostName=docker-20`logLevel=DEBUG`<==    Updates: 1
time=2019-03-16T10:34:24.208+0800`appName=oms`hostName=docker-20`logLevel=DEBUG`==>  Preparing: SELECT COUNT(1) FROM donation WHERE deleted = ? 
time=2019-03-16T10:34:24.209+0800`appName=oms`hostName=docker-20`logLevel=DEBUG`==> Parameters: 1(Integer)
time=2019-03-16T10:34:24.211+0800`appName=oms`hostName=docker-20`logLevel=DEBUG`==>  Preparing: SELECT donation_id AS donationId,donation_uid AS donationUid,donation_name AS donationName,donation_mobile AS donationMobile,goods_name AS goodsName,amount,donation_object AS donationObject,object_name AS objectName,unit_name AS unitName,handle_uid AS handleUid,status,deleted,ctime,utime FROM donation WHERE deleted = ? LIMIT 0,10 
time=2019-03-16T10:34:24.212+0800`appName=oms`hostName=docker-20`logLevel=DEBUG`==> Parameters: 1(Integer)
time=2019-03-16T10:34:24.214+0800`appName=oms`hostName=docker-20`logLevel=DEBUG`<==      Total: 1
time=2019-03-16T10:34:24.217+0800`appName=oms`hostName=docker-20`logLevel=DEBUG`==>  Preparing: SELECT operator_id AS operatorId,operator_name AS operatorName,operator_status AS operatorStatus,deleted,mobile,pwd,role_id AS roleId,ctime,utime FROM operator WHERE operator_id IN (?) 
time=2019-03-16T10:34:24.218+0800`appName=oms`hostName=docker-20`logLevel=DEBUG`==> Parameters: null
time=2019-03-16T10:34:24.219+0800`appName=oms`hostName=docker-20`logLevel=DEBUG`<==      Total: 0
time=2019-03-16T10:36:29.399+0800`appName=oms`hostName=docker-20`logLevel=DEBUG`==>  Preparing: SELECT relation_id AS relationId,operator_id AS operatorId,role_id AS roleId,deleted,ctime,utime FROM operator_role_relation WHERE operator_id = ? 
time=2019-03-16T10:36:29.462+0800`appName=oms`hostName=docker-20`logLevel=DEBUG`==> Parameters: 15207312(Long)
time=2019-03-16T10:36:29.491+0800`appName=oms`hostName=docker-20`logLevel=DEBUG`<==      Total: 1
time=2019-03-16T10:36:29.507+0800`appName=oms`hostName=docker-20`logLevel=DEBUG`==>  Preparing: SELECT relation_id AS relationId,role_id AS roleId,menu_id AS menuId,status,ctime,utime FROM role_menu_relation WHERE role_id = ? 
time=2019-03-16T10:36:29.508+0800`appName=oms`hostName=docker-20`logLevel=DEBUG`==> Parameters: 1(Long)
time=2019-03-16T10:36:29.519+0800`appName=oms`hostName=docker-20`logLevel=DEBUG`<==      Total: 20
time=2019-03-16T10:36:29.541+0800`appName=oms`hostName=docker-20`logLevel=DEBUG`==>  Preparing: SELECT menu_id AS menuId,title,href,icon,status,parent_id,ctime,utime FROM menu WHERE menu_id IN (?,?,?,?,?,?,?,?,?,?,?,?,?,?,?,?,?,?,?,?) 
time=2019-03-16T10:36:29.544+0800`appName=oms`hostName=docker-20`logLevel=DEBUG`==> Parameters: 1(Long), 7(Long), 8(Long), 2(Long), 3(Long), 5(Long), 13(Long), 14(Long), 15(Long), 16(Long), 17(Long), 18(Long), 19(Long), 20(Long), 21(Long), 26(Long), 22(Long), 23(Long), 24(Long), 25(Long)
time=2019-03-16T10:36:29.556+0800`appName=oms`hostName=docker-20`logLevel=DEBUG`<==      Total: 20
time=2019-03-16T10:36:30.540+0800`appName=oms`hostName=docker-20`logLevel=DEBUG`==>  Preparing: SELECT COUNT(1) FROM donation WHERE deleted = ? 
time=2019-03-16T10:36:30.541+0800`appName=oms`hostName=docker-20`logLevel=DEBUG`==> Parameters: 1(Integer)
time=2019-03-16T10:36:30.546+0800`appName=oms`hostName=docker-20`logLevel=DEBUG`==>  Preparing: SELECT donation_id AS donationId,donation_uid AS donationUid,donation_name AS donationName,donation_mobile AS donationMobile,goods_name AS goodsName,amount,donation_object AS donationObject,object_name AS objectName,unit_name AS unitName,handle_uid AS handleUid,status,deleted,ctime,utime FROM donation WHERE deleted = ? LIMIT 0,10 
time=2019-03-16T10:36:30.547+0800`appName=oms`hostName=docker-20`logLevel=DEBUG`==> Parameters: 1(Integer)
time=2019-03-16T10:36:30.549+0800`appName=oms`hostName=docker-20`logLevel=DEBUG`<==      Total: 1
time=2019-03-16T10:36:30.561+0800`appName=oms`hostName=docker-20`logLevel=DEBUG`==>  Preparing: SELECT operator_id AS operatorId,operator_name AS operatorName,operator_status AS operatorStatus,deleted,mobile,pwd,role_id AS roleId,ctime,utime FROM operator WHERE operator_id IN (?) 
time=2019-03-16T10:36:30.561+0800`appName=oms`hostName=docker-20`logLevel=DEBUG`==> Parameters: null
time=2019-03-16T10:36:30.562+0800`appName=oms`hostName=docker-20`logLevel=DEBUG`<==      Total: 0
time=2019-03-16T10:36:34.216+0800`appName=oms`hostName=docker-20`logLevel=DEBUG`==>  Preparing: SELECT donation_id AS donationId,donation_uid AS donationUid,donation_name AS donationName,donation_mobile AS donationMobile,goods_name AS goodsName,amount,donation_object AS donationObject,object_name AS objectName,unit_name AS unitName,handle_uid AS handleUid,status,deleted,ctime,utime FROM donation WHERE donation_id=? 
time=2019-03-16T10:36:34.216+0800`appName=oms`hostName=docker-20`logLevel=DEBUG`==> Parameters: 1(Long)
time=2019-03-16T10:36:34.218+0800`appName=oms`hostName=docker-20`logLevel=DEBUG`<==      Total: 1
time=2019-03-16T10:36:34.230+0800`appName=oms`hostName=docker-20`logLevel=DEBUG`==>  Preparing: UPDATE donation SET donation_name=?,donation_mobile=?,goods_name=?,amount=?,donation_object=?,object_name=?,unit_name=?,handle_uid=?,status=?,deleted=?,ctime=?,utime=? WHERE donation_id=? 
time=2019-03-16T10:36:34.231+0800`appName=oms`hostName=docker-20`logLevel=DEBUG`==> Parameters: 赵宇(String), 15712341234(String), 陷阱(String), 100(Integer), 1(Integer), 南昌航空大学(String), 恒生电子股份有限公司(String), 15207312(Long), 2(Integer), 1(Integer), 1552702261821(Long), 1552702261821(Long), 1(Long)
time=2019-03-16T10:36:34.238+0800`appName=oms`hostName=docker-20`logLevel=DEBUG`<==    Updates: 1
time=2019-03-16T10:36:35.559+0800`appName=oms`hostName=docker-20`logLevel=DEBUG`==>  Preparing: SELECT COUNT(1) FROM donation WHERE deleted = ? 
time=2019-03-16T10:36:35.560+0800`appName=oms`hostName=docker-20`logLevel=DEBUG`==> Parameters: 1(Integer)
time=2019-03-16T10:36:35.563+0800`appName=oms`hostName=docker-20`logLevel=DEBUG`==>  Preparing: SELECT donation_id AS donationId,donation_uid AS donationUid,donation_name AS donationName,donation_mobile AS donationMobile,goods_name AS goodsName,amount,donation_object AS donationObject,object_name AS objectName,unit_name AS unitName,handle_uid AS handleUid,status,deleted,ctime,utime FROM donation WHERE deleted = ? LIMIT 0,10 
time=2019-03-16T10:36:35.564+0800`appName=oms`hostName=docker-20`logLevel=DEBUG`==> Parameters: 1(Integer)
time=2019-03-16T10:36:35.566+0800`appName=oms`hostName=docker-20`logLevel=DEBUG`<==      Total: 1
time=2019-03-16T10:36:35.569+0800`appName=oms`hostName=docker-20`logLevel=DEBUG`==>  Preparing: SELECT operator_id AS operatorId,operator_name AS operatorName,operator_status AS operatorStatus,deleted,mobile,pwd,role_id AS roleId,ctime,utime FROM operator WHERE operator_id IN (?) 
time=2019-03-16T10:36:35.569+0800`appName=oms`hostName=docker-20`logLevel=DEBUG`==> Parameters: 15207312(Long)
time=2019-03-16T10:36:35.573+0800`appName=oms`hostName=docker-20`logLevel=DEBUG`<==      Total: 1
time=2019-03-16T14:14:21.080+0800`appName=oms`hostName=docker-20`logLevel=DEBUG`==>  Preparing: SELECT operator_id AS operatorId,operator_name AS operatorName,operator_status AS operatorStatus,deleted,mobile,pwd,role_id AS roleId,ctime,utime FROM operator WHERE operator_id=? 
time=2019-03-16T14:14:21.146+0800`appName=oms`hostName=docker-20`logLevel=DEBUG`==> Parameters: 15207312(Long)
time=2019-03-16T14:14:21.185+0800`appName=oms`hostName=docker-20`logLevel=DEBUG`<==      Total: 1
time=2019-03-16T14:14:21.227+0800`appName=oms`hostName=docker-20`logLevel=DEBUG`==>  Preparing: SELECT student_id AS studentId,token,ctime,utime FROM user_web_token WHERE student_id=? 
time=2019-03-16T14:14:21.228+0800`appName=oms`hostName=docker-20`logLevel=DEBUG`==> Parameters: 15207312(Long)
time=2019-03-16T14:14:21.238+0800`appName=oms`hostName=docker-20`logLevel=DEBUG`<==      Total: 1
time=2019-03-16T14:14:21.337+0800`appName=oms`hostName=docker-20`logLevel=DEBUG`==>  Preparing: UPDATE user_web_token SET token=?,utime=? WHERE student_id=? 
time=2019-03-16T14:14:21.338+0800`appName=oms`hostName=docker-20`logLevel=DEBUG`==> Parameters: 98ac654f-8f81-4f2c-a5d4-6dbeafba4ffb(String), 1552716861335(Long), 15207312(Long)
time=2019-03-16T14:14:21.342+0800`appName=oms`hostName=docker-20`logLevel=DEBUG`<==    Updates: 1
time=2019-03-16T14:14:22.243+0800`appName=oms`hostName=docker-20`logLevel=DEBUG`==>  Preparing: SELECT relation_id AS relationId,operator_id AS operatorId,role_id AS roleId,deleted,ctime,utime FROM operator_role_relation WHERE operator_id = ? 
time=2019-03-16T14:14:22.244+0800`appName=oms`hostName=docker-20`logLevel=DEBUG`==> Parameters: 15207312(Long)
time=2019-03-16T14:14:22.247+0800`appName=oms`hostName=docker-20`logLevel=DEBUG`<==      Total: 1
time=2019-03-16T14:14:22.260+0800`appName=oms`hostName=docker-20`logLevel=DEBUG`==>  Preparing: SELECT relation_id AS relationId,role_id AS roleId,menu_id AS menuId,status,ctime,utime FROM role_menu_relation WHERE role_id = ? 
time=2019-03-16T14:14:22.261+0800`appName=oms`hostName=docker-20`logLevel=DEBUG`==> Parameters: 1(Long)
time=2019-03-16T14:14:22.275+0800`appName=oms`hostName=docker-20`logLevel=DEBUG`<==      Total: 20
time=2019-03-16T14:14:22.300+0800`appName=oms`hostName=docker-20`logLevel=DEBUG`==>  Preparing: SELECT menu_id AS menuId,title,href,icon,status,parent_id,ctime,utime FROM menu WHERE menu_id IN (?,?,?,?,?,?,?,?,?,?,?,?,?,?,?,?,?,?,?,?) 
time=2019-03-16T14:14:22.306+0800`appName=oms`hostName=docker-20`logLevel=DEBUG`==> Parameters: 1(Long), 7(Long), 8(Long), 2(Long), 3(Long), 5(Long), 13(Long), 14(Long), 15(Long), 16(Long), 17(Long), 18(Long), 19(Long), 20(Long), 21(Long), 26(Long), 22(Long), 23(Long), 24(Long), 25(Long)
time=2019-03-16T14:14:22.342+0800`appName=oms`hostName=docker-20`logLevel=DEBUG`<==      Total: 20
time=2019-03-16T14:14:25.703+0800`appName=oms`hostName=docker-20`logLevel=DEBUG`==>  Preparing: SELECT COUNT(1) FROM donation WHERE deleted = ? 
time=2019-03-16T14:14:25.704+0800`appName=oms`hostName=docker-20`logLevel=DEBUG`==> Parameters: 1(Integer)
time=2019-03-16T14:14:25.710+0800`appName=oms`hostName=docker-20`logLevel=DEBUG`==>  Preparing: SELECT donation_id AS donationId,donation_uid AS donationUid,donation_name AS donationName,donation_mobile AS donationMobile,goods_name AS goodsName,amount,donation_object AS donationObject,object_name AS objectName,unit_name AS unitName,handle_uid AS handleUid,status,deleted,ctime,utime FROM donation WHERE deleted = ? LIMIT 0,10 
time=2019-03-16T14:14:25.711+0800`appName=oms`hostName=docker-20`logLevel=DEBUG`==> Parameters: 1(Integer)
time=2019-03-16T14:14:25.715+0800`appName=oms`hostName=docker-20`logLevel=DEBUG`<==      Total: 1
time=2019-03-16T14:14:25.720+0800`appName=oms`hostName=docker-20`logLevel=DEBUG`==>  Preparing: SELECT operator_id AS operatorId,operator_name AS operatorName,operator_status AS operatorStatus,deleted,mobile,pwd,role_id AS roleId,ctime,utime FROM operator WHERE operator_id IN (?) 
time=2019-03-16T14:14:25.721+0800`appName=oms`hostName=docker-20`logLevel=DEBUG`==> Parameters: 15207312(Long)
time=2019-03-16T14:14:25.722+0800`appName=oms`hostName=docker-20`logLevel=DEBUG`<==      Total: 1
time=2019-03-16T14:16:47.865+0800`appName=oms`hostName=docker-20`logLevel=DEBUG`==>  Preparing: SELECT relation_id AS relationId,operator_id AS operatorId,role_id AS roleId,deleted,ctime,utime FROM operator_role_relation WHERE operator_id = ? 
time=2019-03-16T14:16:47.980+0800`appName=oms`hostName=docker-20`logLevel=DEBUG`==> Parameters: 15207312(Long)
time=2019-03-16T14:16:48.007+0800`appName=oms`hostName=docker-20`logLevel=DEBUG`<==      Total: 1
time=2019-03-16T14:16:48.020+0800`appName=oms`hostName=docker-20`logLevel=DEBUG`==>  Preparing: SELECT relation_id AS relationId,role_id AS roleId,menu_id AS menuId,status,ctime,utime FROM role_menu_relation WHERE role_id = ? 
time=2019-03-16T14:16:48.021+0800`appName=oms`hostName=docker-20`logLevel=DEBUG`==> Parameters: 1(Long)
time=2019-03-16T14:16:48.031+0800`appName=oms`hostName=docker-20`logLevel=DEBUG`<==      Total: 20
time=2019-03-16T14:16:48.052+0800`appName=oms`hostName=docker-20`logLevel=DEBUG`==>  Preparing: SELECT menu_id AS menuId,title,href,icon,status,parent_id,ctime,utime FROM menu WHERE menu_id IN (?,?,?,?,?,?,?,?,?,?,?,?,?,?,?,?,?,?,?,?) 
time=2019-03-16T14:16:48.054+0800`appName=oms`hostName=docker-20`logLevel=DEBUG`==> Parameters: 1(Long), 7(Long), 8(Long), 2(Long), 3(Long), 5(Long), 13(Long), 14(Long), 15(Long), 16(Long), 17(Long), 18(Long), 19(Long), 20(Long), 21(Long), 26(Long), 22(Long), 23(Long), 24(Long), 25(Long)
time=2019-03-16T14:16:48.063+0800`appName=oms`hostName=docker-20`logLevel=DEBUG`<==      Total: 20
time=2019-03-16T14:16:48.646+0800`appName=oms`hostName=docker-20`logLevel=DEBUG`==>  Preparing: SELECT COUNT(1) FROM donation WHERE deleted = ? 
time=2019-03-16T14:16:48.646+0800`appName=oms`hostName=docker-20`logLevel=DEBUG`==> Parameters: 1(Integer)
time=2019-03-16T14:16:48.652+0800`appName=oms`hostName=docker-20`logLevel=DEBUG`==>  Preparing: SELECT donation_id AS donationId,donation_uid AS donationUid,donation_name AS donationName,donation_mobile AS donationMobile,goods_name AS goodsName,amount,donation_object AS donationObject,object_name AS objectName,unit_name AS unitName,handle_uid AS handleUid,status,deleted,ctime,utime FROM donation WHERE deleted = ? LIMIT 0,10 
time=2019-03-16T14:16:48.653+0800`appName=oms`hostName=docker-20`logLevel=DEBUG`==> Parameters: 1(Integer)
time=2019-03-16T14:16:48.656+0800`appName=oms`hostName=docker-20`logLevel=DEBUG`<==      Total: 1
time=2019-03-16T14:16:48.667+0800`appName=oms`hostName=docker-20`logLevel=DEBUG`==>  Preparing: SELECT operator_id AS operatorId,operator_name AS operatorName,operator_status AS operatorStatus,deleted,mobile,pwd,role_id AS roleId,ctime,utime FROM operator WHERE operator_id IN (?) 
time=2019-03-16T14:16:48.668+0800`appName=oms`hostName=docker-20`logLevel=DEBUG`==> Parameters: 15207312(Long)
time=2019-03-16T14:16:48.670+0800`appName=oms`hostName=docker-20`logLevel=DEBUG`<==      Total: 1
time=2019-03-16T14:18:49.579+0800`appName=oms`hostName=docker-20`logLevel=DEBUG`==>  Preparing: SELECT relation_id AS relationId,operator_id AS operatorId,role_id AS roleId,deleted,ctime,utime FROM operator_role_relation WHERE operator_id = ? 
time=2019-03-16T14:18:49.616+0800`appName=oms`hostName=docker-20`logLevel=DEBUG`==> Parameters: 15207312(Long)
time=2019-03-16T14:18:49.696+0800`appName=oms`hostName=docker-20`logLevel=DEBUG`<==      Total: 1
time=2019-03-16T14:18:49.713+0800`appName=oms`hostName=docker-20`logLevel=DEBUG`==>  Preparing: SELECT relation_id AS relationId,role_id AS roleId,menu_id AS menuId,status,ctime,utime FROM role_menu_relation WHERE role_id = ? 
time=2019-03-16T14:18:49.714+0800`appName=oms`hostName=docker-20`logLevel=DEBUG`==> Parameters: 1(Long)
time=2019-03-16T14:18:49.730+0800`appName=oms`hostName=docker-20`logLevel=DEBUG`<==      Total: 20
time=2019-03-16T14:18:49.756+0800`appName=oms`hostName=docker-20`logLevel=DEBUG`==>  Preparing: SELECT menu_id AS menuId,title,href,icon,status,parent_id,ctime,utime FROM menu WHERE menu_id IN (?,?,?,?,?,?,?,?,?,?,?,?,?,?,?,?,?,?,?,?) 
time=2019-03-16T14:18:49.759+0800`appName=oms`hostName=docker-20`logLevel=DEBUG`==> Parameters: 1(Long), 7(Long), 8(Long), 2(Long), 3(Long), 5(Long), 13(Long), 14(Long), 15(Long), 16(Long), 17(Long), 18(Long), 19(Long), 20(Long), 21(Long), 26(Long), 22(Long), 23(Long), 24(Long), 25(Long)
time=2019-03-16T14:18:49.769+0800`appName=oms`hostName=docker-20`logLevel=DEBUG`<==      Total: 20
time=2019-03-16T14:18:50.758+0800`appName=oms`hostName=docker-20`logLevel=DEBUG`==>  Preparing: SELECT COUNT(1) FROM donation WHERE deleted = ? 
time=2019-03-16T14:18:50.759+0800`appName=oms`hostName=docker-20`logLevel=DEBUG`==> Parameters: 1(Integer)
time=2019-03-16T14:18:50.770+0800`appName=oms`hostName=docker-20`logLevel=DEBUG`==>  Preparing: SELECT donation_id AS donationId,donation_uid AS donationUid,donation_name AS donationName,donation_mobile AS donationMobile,goods_name AS goodsName,amount,donation_object AS donationObject,object_name AS objectName,unit_name AS unitName,handle_uid AS handleUid,status,deleted,ctime,utime FROM donation WHERE deleted = ? LIMIT 0,10 
time=2019-03-16T14:18:50.771+0800`appName=oms`hostName=docker-20`logLevel=DEBUG`==> Parameters: 1(Integer)
time=2019-03-16T14:18:50.775+0800`appName=oms`hostName=docker-20`logLevel=DEBUG`<==      Total: 1
time=2019-03-16T14:18:50.789+0800`appName=oms`hostName=docker-20`logLevel=DEBUG`==>  Preparing: SELECT operator_id AS operatorId,operator_name AS operatorName,operator_status AS operatorStatus,deleted,mobile,pwd,role_id AS roleId,ctime,utime FROM operator WHERE operator_id IN (?) 
time=2019-03-16T14:18:50.790+0800`appName=oms`hostName=docker-20`logLevel=DEBUG`==> Parameters: 15207312(Long)
time=2019-03-16T14:18:50.792+0800`appName=oms`hostName=docker-20`logLevel=DEBUG`<==      Total: 1
time=2019-03-16T14:19:23.179+0800`appName=oms`hostName=docker-20`logLevel=DEBUG`==>  Preparing: SELECT relation_id AS relationId,operator_id AS operatorId,role_id AS roleId,deleted,ctime,utime FROM operator_role_relation WHERE operator_id = ? 
time=2019-03-16T14:19:23.180+0800`appName=oms`hostName=docker-20`logLevel=DEBUG`==> Parameters: 15207312(Long)
time=2019-03-16T14:19:23.182+0800`appName=oms`hostName=docker-20`logLevel=DEBUG`<==      Total: 1
time=2019-03-16T14:19:23.186+0800`appName=oms`hostName=docker-20`logLevel=DEBUG`==>  Preparing: SELECT relation_id AS relationId,role_id AS roleId,menu_id AS menuId,status,ctime,utime FROM role_menu_relation WHERE role_id = ? 
time=2019-03-16T14:19:23.187+0800`appName=oms`hostName=docker-20`logLevel=DEBUG`==> Parameters: 1(Long)
time=2019-03-16T14:19:23.193+0800`appName=oms`hostName=docker-20`logLevel=DEBUG`<==      Total: 20
time=2019-03-16T14:19:23.197+0800`appName=oms`hostName=docker-20`logLevel=DEBUG`==>  Preparing: SELECT menu_id AS menuId,title,href,icon,status,parent_id,ctime,utime FROM menu WHERE menu_id IN (?,?,?,?,?,?,?,?,?,?,?,?,?,?,?,?,?,?,?,?) 
time=2019-03-16T14:19:23.199+0800`appName=oms`hostName=docker-20`logLevel=DEBUG`==> Parameters: 1(Long), 7(Long), 8(Long), 2(Long), 3(Long), 5(Long), 13(Long), 14(Long), 15(Long), 16(Long), 17(Long), 18(Long), 19(Long), 20(Long), 21(Long), 26(Long), 22(Long), 23(Long), 24(Long), 25(Long)
time=2019-03-16T14:19:23.206+0800`appName=oms`hostName=docker-20`logLevel=DEBUG`<==      Total: 20
time=2019-03-16T14:19:23.668+0800`appName=oms`hostName=docker-20`logLevel=DEBUG`==>  Preparing: SELECT COUNT(1) FROM donation WHERE deleted = ? 
time=2019-03-16T14:19:23.669+0800`appName=oms`hostName=docker-20`logLevel=DEBUG`==> Parameters: 1(Integer)
time=2019-03-16T14:19:23.673+0800`appName=oms`hostName=docker-20`logLevel=DEBUG`==>  Preparing: SELECT donation_id AS donationId,donation_uid AS donationUid,donation_name AS donationName,donation_mobile AS donationMobile,goods_name AS goodsName,amount,donation_object AS donationObject,object_name AS objectName,unit_name AS unitName,handle_uid AS handleUid,status,deleted,ctime,utime FROM donation WHERE deleted = ? LIMIT 0,10 
time=2019-03-16T14:19:23.674+0800`appName=oms`hostName=docker-20`logLevel=DEBUG`==> Parameters: 1(Integer)
time=2019-03-16T14:19:23.676+0800`appName=oms`hostName=docker-20`logLevel=DEBUG`<==      Total: 1
time=2019-03-16T14:19:23.679+0800`appName=oms`hostName=docker-20`logLevel=DEBUG`==>  Preparing: SELECT operator_id AS operatorId,operator_name AS operatorName,operator_status AS operatorStatus,deleted,mobile,pwd,role_id AS roleId,ctime,utime FROM operator WHERE operator_id IN (?) 
time=2019-03-16T14:19:23.680+0800`appName=oms`hostName=docker-20`logLevel=DEBUG`==> Parameters: 15207312(Long)
time=2019-03-16T14:19:23.682+0800`appName=oms`hostName=docker-20`logLevel=DEBUG`<==      Total: 1
time=2019-03-16T14:20:28.479+0800`appName=oms`hostName=docker-20`logLevel=DEBUG`==>  Preparing: SELECT relation_id AS relationId,operator_id AS operatorId,role_id AS roleId,deleted,ctime,utime FROM operator_role_relation WHERE operator_id = ? 
time=2019-03-16T14:20:28.515+0800`appName=oms`hostName=docker-20`logLevel=DEBUG`==> Parameters: 15207312(Long)
time=2019-03-16T14:20:28.541+0800`appName=oms`hostName=docker-20`logLevel=DEBUG`<==      Total: 1
time=2019-03-16T14:20:28.555+0800`appName=oms`hostName=docker-20`logLevel=DEBUG`==>  Preparing: SELECT relation_id AS relationId,role_id AS roleId,menu_id AS menuId,status,ctime,utime FROM role_menu_relation WHERE role_id = ? 
time=2019-03-16T14:20:28.556+0800`appName=oms`hostName=docker-20`logLevel=DEBUG`==> Parameters: 1(Long)
time=2019-03-16T14:20:28.567+0800`appName=oms`hostName=docker-20`logLevel=DEBUG`<==      Total: 20
time=2019-03-16T14:20:28.587+0800`appName=oms`hostName=docker-20`logLevel=DEBUG`==>  Preparing: SELECT menu_id AS menuId,title,href,icon,status,parent_id,ctime,utime FROM menu WHERE menu_id IN (?,?,?,?,?,?,?,?,?,?,?,?,?,?,?,?,?,?,?,?) 
time=2019-03-16T14:20:28.590+0800`appName=oms`hostName=docker-20`logLevel=DEBUG`==> Parameters: 1(Long), 7(Long), 8(Long), 2(Long), 3(Long), 5(Long), 13(Long), 14(Long), 15(Long), 16(Long), 17(Long), 18(Long), 19(Long), 20(Long), 21(Long), 26(Long), 22(Long), 23(Long), 24(Long), 25(Long)
time=2019-03-16T14:20:28.601+0800`appName=oms`hostName=docker-20`logLevel=DEBUG`<==      Total: 20
time=2019-03-16T14:20:29.479+0800`appName=oms`hostName=docker-20`logLevel=DEBUG`==>  Preparing: SELECT COUNT(1) FROM donation WHERE deleted = ? 
time=2019-03-16T14:20:29.480+0800`appName=oms`hostName=docker-20`logLevel=DEBUG`==> Parameters: 1(Integer)
time=2019-03-16T14:20:29.485+0800`appName=oms`hostName=docker-20`logLevel=DEBUG`==>  Preparing: SELECT donation_id AS donationId,donation_uid AS donationUid,donation_name AS donationName,donation_mobile AS donationMobile,goods_name AS goodsName,amount,donation_object AS donationObject,object_name AS objectName,unit_name AS unitName,handle_uid AS handleUid,status,deleted,ctime,utime FROM donation WHERE deleted = ? LIMIT 0,10 
time=2019-03-16T14:20:29.486+0800`appName=oms`hostName=docker-20`logLevel=DEBUG`==> Parameters: 1(Integer)
time=2019-03-16T14:20:29.489+0800`appName=oms`hostName=docker-20`logLevel=DEBUG`<==      Total: 1
time=2019-03-16T14:20:29.501+0800`appName=oms`hostName=docker-20`logLevel=DEBUG`==>  Preparing: SELECT operator_id AS operatorId,operator_name AS operatorName,operator_status AS operatorStatus,deleted,mobile,pwd,role_id AS roleId,ctime,utime FROM operator WHERE operator_id IN (?) 
time=2019-03-16T14:20:29.501+0800`appName=oms`hostName=docker-20`logLevel=DEBUG`==> Parameters: 15207312(Long)
time=2019-03-16T14:20:29.504+0800`appName=oms`hostName=docker-20`logLevel=DEBUG`<==      Total: 1
time=2019-03-16T14:20:52.117+0800`appName=oms`hostName=docker-20`logLevel=DEBUG`==>  Preparing: SELECT operator_id AS operatorId,operator_name AS operatorName,operator_status AS operatorStatus,deleted,mobile,pwd,role_id AS roleId,ctime,utime FROM operator WHERE operator_id=? 
time=2019-03-16T14:20:52.118+0800`appName=oms`hostName=docker-20`logLevel=DEBUG`==> Parameters: 15207312(Long)
time=2019-03-16T14:20:52.123+0800`appName=oms`hostName=docker-20`logLevel=DEBUG`<==      Total: 1
time=2019-03-16T14:20:52.145+0800`appName=oms`hostName=docker-20`logLevel=DEBUG`==>  Preparing: SELECT student_id AS studentId,token,ctime,utime FROM user_web_token WHERE student_id=? 
time=2019-03-16T14:20:52.146+0800`appName=oms`hostName=docker-20`logLevel=DEBUG`==> Parameters: 15207312(Long)
time=2019-03-16T14:20:52.149+0800`appName=oms`hostName=docker-20`logLevel=DEBUG`<==      Total: 1
time=2019-03-16T14:20:52.180+0800`appName=oms`hostName=docker-20`logLevel=DEBUG`==>  Preparing: UPDATE user_web_token SET token=?,utime=? WHERE student_id=? 
time=2019-03-16T14:20:52.181+0800`appName=oms`hostName=docker-20`logLevel=DEBUG`==> Parameters: d593b44d-2a8c-4c6b-bdc8-38da7f445ff1(String), 1552717252179(Long), 15207312(Long)
time=2019-03-16T14:20:52.183+0800`appName=oms`hostName=docker-20`logLevel=DEBUG`<==    Updates: 1
time=2019-03-16T14:20:52.538+0800`appName=oms`hostName=docker-20`logLevel=DEBUG`==>  Preparing: SELECT relation_id AS relationId,operator_id AS operatorId,role_id AS roleId,deleted,ctime,utime FROM operator_role_relation WHERE operator_id = ? 
time=2019-03-16T14:20:52.539+0800`appName=oms`hostName=docker-20`logLevel=DEBUG`==> Parameters: 15207312(Long)
time=2019-03-16T14:20:52.545+0800`appName=oms`hostName=docker-20`logLevel=DEBUG`<==      Total: 1
time=2019-03-16T14:20:52.548+0800`appName=oms`hostName=docker-20`logLevel=DEBUG`==>  Preparing: SELECT relation_id AS relationId,role_id AS roleId,menu_id AS menuId,status,ctime,utime FROM role_menu_relation WHERE role_id = ? 
time=2019-03-16T14:20:52.549+0800`appName=oms`hostName=docker-20`logLevel=DEBUG`==> Parameters: 1(Long)
time=2019-03-16T14:20:52.554+0800`appName=oms`hostName=docker-20`logLevel=DEBUG`<==      Total: 20
time=2019-03-16T14:20:52.560+0800`appName=oms`hostName=docker-20`logLevel=DEBUG`==>  Preparing: SELECT menu_id AS menuId,title,href,icon,status,parent_id,ctime,utime FROM menu WHERE menu_id IN (?,?,?,?,?,?,?,?,?,?,?,?,?,?,?,?,?,?,?,?) 
time=2019-03-16T14:20:52.561+0800`appName=oms`hostName=docker-20`logLevel=DEBUG`==> Parameters: 1(Long), 7(Long), 8(Long), 2(Long), 3(Long), 5(Long), 13(Long), 14(Long), 15(Long), 16(Long), 17(Long), 18(Long), 19(Long), 20(Long), 21(Long), 26(Long), 22(Long), 23(Long), 24(Long), 25(Long)
time=2019-03-16T14:20:52.567+0800`appName=oms`hostName=docker-20`logLevel=DEBUG`<==      Total: 20
time=2019-03-16T14:20:56.863+0800`appName=oms`hostName=docker-20`logLevel=DEBUG`==>  Preparing: SELECT COUNT(1) FROM donation WHERE deleted = ? 
time=2019-03-16T14:20:56.864+0800`appName=oms`hostName=docker-20`logLevel=DEBUG`==> Parameters: 1(Integer)
time=2019-03-16T14:20:56.869+0800`appName=oms`hostName=docker-20`logLevel=DEBUG`==>  Preparing: SELECT donation_id AS donationId,donation_uid AS donationUid,donation_name AS donationName,donation_mobile AS donationMobile,goods_name AS goodsName,amount,donation_object AS donationObject,object_name AS objectName,unit_name AS unitName,handle_uid AS handleUid,status,deleted,ctime,utime FROM donation WHERE deleted = ? LIMIT 0,10 
time=2019-03-16T14:20:56.869+0800`appName=oms`hostName=docker-20`logLevel=DEBUG`==> Parameters: 1(Integer)
time=2019-03-16T14:20:56.872+0800`appName=oms`hostName=docker-20`logLevel=DEBUG`<==      Total: 1
time=2019-03-16T14:20:56.874+0800`appName=oms`hostName=docker-20`logLevel=DEBUG`==>  Preparing: SELECT operator_id AS operatorId,operator_name AS operatorName,operator_status AS operatorStatus,deleted,mobile,pwd,role_id AS roleId,ctime,utime FROM operator WHERE operator_id IN (?) 
time=2019-03-16T14:20:56.874+0800`appName=oms`hostName=docker-20`logLevel=DEBUG`==> Parameters: 15207312(Long)
time=2019-03-16T14:20:56.877+0800`appName=oms`hostName=docker-20`logLevel=DEBUG`<==      Total: 1
