time=2019-01-27T10:54:15.231+0800`appName=graduation`hostName=localhost`logLevel=DEBUG`==>  Preparing: SELECT relation_id AS relationId,role_id AS roleId,menu_id AS menuId,status,ctime,utime FROM role_menu_relation WHERE role_id = ? 
time=2019-01-27T10:54:15.319+0800`appName=graduation`hostName=localhost`logLevel=DEBUG`==> Parameters: 1(Long)
time=2019-01-27T10:54:15.375+0800`appName=graduation`hostName=localhost`logLevel=DEBUG`<==      Total: 4
time=2019-01-27T10:54:15.415+0800`appName=graduation`hostName=localhost`logLevel=DEBUG`==>  Preparing: SELECT menu_id AS menuId,title,href,icon,status,parent_id,ctime,utime FROM menu WHERE menu_id IN (?,?,?,?) 
time=2019-01-27T10:54:15.415+0800`appName=graduation`hostName=localhost`logLevel=DEBUG`==> Parameters: 2(Long), 3(Long), 4(Long), 5(Long)
time=2019-01-27T10:54:15.427+0800`appName=graduation`hostName=localhost`logLevel=DEBUG`<==      Total: 4
time=2019-01-27T10:54:22.323+0800`appName=graduation`hostName=localhost`logLevel=DEBUG`==>  Preparing: SELECT role_id AS roleId,role_name AS roleName,remark,deleted,ctime,utime FROM role 
time=2019-01-27T10:54:22.327+0800`appName=graduation`hostName=localhost`logLevel=DEBUG`==> Parameters: 
time=2019-01-27T10:54:22.327+0800`appName=graduation`hostName=localhost`logLevel=DEBUG`<==      Total: 1
time=2019-01-27T10:58:34.741+0800`appName=graduation`hostName=localhost`logLevel=DEBUG`==>  Preparing: SELECT relation_id AS relationId,role_id AS roleId,menu_id AS menuId,status,ctime,utime FROM role_menu_relation WHERE role_id = ? 
time=2019-01-27T10:58:34.741+0800`appName=graduation`hostName=localhost`logLevel=DEBUG`==> Parameters: 1(Long)
time=2019-01-27T10:58:34.745+0800`appName=graduation`hostName=localhost`logLevel=DEBUG`<==      Total: 4
time=2019-01-27T10:58:34.749+0800`appName=graduation`hostName=localhost`logLevel=DEBUG`==>  Preparing: SELECT menu_id AS menuId,title,href,icon,status,parent_id,ctime,utime FROM menu WHERE menu_id IN (?,?,?,?) 
time=2019-01-27T10:58:34.749+0800`appName=graduation`hostName=localhost`logLevel=DEBUG`==> Parameters: 2(Long), 3(Long), 4(Long), 5(Long)
time=2019-01-27T10:58:34.757+0800`appName=graduation`hostName=localhost`logLevel=DEBUG`<==      Total: 4
time=2019-01-27T10:58:35.490+0800`appName=graduation`hostName=localhost`logLevel=DEBUG`==>  Preparing: SELECT role_id AS roleId,role_name AS roleName,remark,deleted,ctime,utime FROM role 
time=2019-01-27T10:58:35.494+0800`appName=graduation`hostName=localhost`logLevel=DEBUG`==> Parameters: 
time=2019-01-27T10:58:35.494+0800`appName=graduation`hostName=localhost`logLevel=DEBUG`<==      Total: 1
time=2019-01-27T11:01:08.346+0800`appName=graduation`hostName=localhost`logLevel=DEBUG`==>  Preparing: SELECT relation_id AS relationId,role_id AS roleId,menu_id AS menuId,status,ctime,utime FROM role_menu_relation WHERE role_id = ? 
time=2019-01-27T11:01:08.382+0800`appName=graduation`hostName=localhost`logLevel=DEBUG`==> Parameters: 1(Long)
time=2019-01-27T11:01:08.414+0800`appName=graduation`hostName=localhost`logLevel=DEBUG`<==      Total: 4
time=2019-01-27T11:01:08.434+0800`appName=graduation`hostName=localhost`logLevel=DEBUG`==>  Preparing: SELECT menu_id AS menuId,title,href,icon,status,parent_id,ctime,utime FROM menu WHERE menu_id IN (?,?,?,?) 
time=2019-01-27T11:01:08.434+0800`appName=graduation`hostName=localhost`logLevel=DEBUG`==> Parameters: 2(Long), 3(Long), 4(Long), 5(Long)
time=2019-01-27T11:01:08.438+0800`appName=graduation`hostName=localhost`logLevel=DEBUG`<==      Total: 4
time=2019-01-27T11:01:09.969+0800`appName=graduation`hostName=localhost`logLevel=DEBUG`==>  Preparing: SELECT role_id AS roleId,role_name AS roleName,remark,deleted,ctime,utime FROM role 
time=2019-01-27T11:01:09.969+0800`appName=graduation`hostName=localhost`logLevel=DEBUG`==> Parameters: 
time=2019-01-27T11:01:09.969+0800`appName=graduation`hostName=localhost`logLevel=DEBUG`<==      Total: 1
time=2019-01-27T11:01:24.319+0800`appName=graduation`hostName=localhost`logLevel=DEBUG`==>  Preparing: SELECT relation_id AS relationId,role_id AS roleId,menu_id AS menuId,status,ctime,utime FROM role_menu_relation WHERE role_id = ? 
time=2019-01-27T11:01:24.323+0800`appName=graduation`hostName=localhost`logLevel=DEBUG`==> Parameters: 1(Long)
time=2019-01-27T11:01:24.327+0800`appName=graduation`hostName=localhost`logLevel=DEBUG`<==      Total: 4
time=2019-01-27T11:01:24.331+0800`appName=graduation`hostName=localhost`logLevel=DEBUG`==>  Preparing: SELECT menu_id AS menuId,title,href,icon,status,parent_id,ctime,utime FROM menu WHERE menu_id IN (?,?,?,?) 
time=2019-01-27T11:01:24.331+0800`appName=graduation`hostName=localhost`logLevel=DEBUG`==> Parameters: 2(Long), 3(Long), 4(Long), 5(Long)
time=2019-01-27T11:01:24.335+0800`appName=graduation`hostName=localhost`logLevel=DEBUG`<==      Total: 4
time=2019-01-27T11:01:36.111+0800`appName=graduation`hostName=localhost`logLevel=DEBUG`==>  Preparing: SELECT role_id AS roleId,role_name AS roleName,remark,deleted,ctime,utime FROM role 
time=2019-01-27T11:01:36.111+0800`appName=graduation`hostName=localhost`logLevel=DEBUG`==> Parameters: 
time=2019-01-27T11:01:36.115+0800`appName=graduation`hostName=localhost`logLevel=DEBUG`<==      Total: 1
time=2019-01-27T11:01:58.168+0800`appName=graduation`hostName=localhost`logLevel=DEBUG`==>  Preparing: INSERT INTO role ( role_name,ctime,utime ) VALUES ( ?,?,? ) 
time=2019-01-27T11:01:58.168+0800`appName=graduation`hostName=localhost`logLevel=DEBUG`==> Parameters: (String), 1548558118168(Long), 1548558118168(Long)
time=2019-01-27T11:01:58.192+0800`appName=graduation`hostName=localhost`logLevel=DEBUG`<==    Updates: 1
time=2019-01-27T11:02:08.422+0800`appName=graduation`hostName=localhost`logLevel=DEBUG`==>  Preparing: SELECT relation_id AS relationId,role_id AS roleId,menu_id AS menuId,status,ctime,utime FROM role_menu_relation WHERE role_id = ? 
time=2019-01-27T11:02:08.422+0800`appName=graduation`hostName=localhost`logLevel=DEBUG`==> Parameters: 1(Long)
time=2019-01-27T11:02:08.426+0800`appName=graduation`hostName=localhost`logLevel=DEBUG`<==      Total: 4
time=2019-01-27T11:02:08.430+0800`appName=graduation`hostName=localhost`logLevel=DEBUG`==>  Preparing: SELECT menu_id AS menuId,title,href,icon,status,parent_id,ctime,utime FROM menu WHERE menu_id IN (?,?,?,?) 
time=2019-01-27T11:02:08.430+0800`appName=graduation`hostName=localhost`logLevel=DEBUG`==> Parameters: 2(Long), 3(Long), 4(Long), 5(Long)
time=2019-01-27T11:02:08.434+0800`appName=graduation`hostName=localhost`logLevel=DEBUG`<==      Total: 4
time=2019-01-27T11:02:08.903+0800`appName=graduation`hostName=localhost`logLevel=DEBUG`==>  Preparing: SELECT role_id AS roleId,role_name AS roleName,remark,deleted,ctime,utime FROM role 
time=2019-01-27T11:02:08.903+0800`appName=graduation`hostName=localhost`logLevel=DEBUG`==> Parameters: 
time=2019-01-27T11:02:08.907+0800`appName=graduation`hostName=localhost`logLevel=DEBUG`<==      Total: 2
time=2019-01-27T11:05:53.897+0800`appName=graduation`hostName=localhost`logLevel=DEBUG`==>  Preparing: SELECT relation_id AS relationId,role_id AS roleId,menu_id AS menuId,status,ctime,utime FROM role_menu_relation WHERE role_id = ? 
time=2019-01-27T11:05:53.926+0800`appName=graduation`hostName=localhost`logLevel=DEBUG`==> Parameters: 1(Long)
time=2019-01-27T11:05:53.948+0800`appName=graduation`hostName=localhost`logLevel=DEBUG`<==      Total: 4
time=2019-01-27T11:05:53.964+0800`appName=graduation`hostName=localhost`logLevel=DEBUG`==>  Preparing: SELECT menu_id AS menuId,title,href,icon,status,parent_id,ctime,utime FROM menu WHERE menu_id IN (?,?,?,?) 
time=2019-01-27T11:05:53.964+0800`appName=graduation`hostName=localhost`logLevel=DEBUG`==> Parameters: 2(Long), 3(Long), 4(Long), 5(Long)
time=2019-01-27T11:05:53.968+0800`appName=graduation`hostName=localhost`logLevel=DEBUG`<==      Total: 4
time=2019-01-27T11:05:54.657+0800`appName=graduation`hostName=localhost`logLevel=DEBUG`==>  Preparing: SELECT role_id AS roleId,role_name AS roleName,remark,deleted,ctime,utime FROM role 
time=2019-01-27T11:05:54.658+0800`appName=graduation`hostName=localhost`logLevel=DEBUG`==> Parameters: 
time=2019-01-27T11:05:54.661+0800`appName=graduation`hostName=localhost`logLevel=DEBUG`<==      Total: 2
time=2019-01-27T11:06:08.060+0800`appName=graduation`hostName=localhost`logLevel=DEBUG`==>  Preparing: INSERT INTO role ( role_name,ctime,utime ) VALUES ( ?,?,? ) 
time=2019-01-27T11:06:08.060+0800`appName=graduation`hostName=localhost`logLevel=DEBUG`==> Parameters: (String), 1548558368060(Long), 1548558368060(Long)
time=2019-01-27T11:06:08.070+0800`appName=graduation`hostName=localhost`logLevel=DEBUG`<==    Updates: 1
time=2019-01-27T11:08:48.874+0800`appName=graduation`hostName=localhost`logLevel=DEBUG`==>  Preparing: SELECT relation_id AS relationId,role_id AS roleId,menu_id AS menuId,status,ctime,utime FROM role_menu_relation WHERE role_id = ? 
time=2019-01-27T11:08:48.907+0800`appName=graduation`hostName=localhost`logLevel=DEBUG`==> Parameters: 1(Long)
time=2019-01-27T11:08:48.934+0800`appName=graduation`hostName=localhost`logLevel=DEBUG`<==      Total: 4
time=2019-01-27T11:08:48.952+0800`appName=graduation`hostName=localhost`logLevel=DEBUG`==>  Preparing: SELECT menu_id AS menuId,title,href,icon,status,parent_id,ctime,utime FROM menu WHERE menu_id IN (?,?,?,?) 
time=2019-01-27T11:08:48.953+0800`appName=graduation`hostName=localhost`logLevel=DEBUG`==> Parameters: 2(Long), 3(Long), 4(Long), 5(Long)
time=2019-01-27T11:08:48.956+0800`appName=graduation`hostName=localhost`logLevel=DEBUG`<==      Total: 4
time=2019-01-27T11:08:49.677+0800`appName=graduation`hostName=localhost`logLevel=DEBUG`==>  Preparing: SELECT role_id AS roleId,role_name AS roleName,remark,deleted,ctime,utime FROM role 
time=2019-01-27T11:08:49.678+0800`appName=graduation`hostName=localhost`logLevel=DEBUG`==> Parameters: 
time=2019-01-27T11:08:49.681+0800`appName=graduation`hostName=localhost`logLevel=DEBUG`<==      Total: 3
time=2019-01-27T11:09:03.464+0800`appName=graduation`hostName=localhost`logLevel=DEBUG`==>  Preparing: INSERT INTO role ( role_name,ctime,utime ) VALUES ( ?,?,? ) 
time=2019-01-27T11:09:03.464+0800`appName=graduation`hostName=localhost`logLevel=DEBUG`==> Parameters: (String), 1548558543464(Long), 1548558543464(Long)
time=2019-01-27T11:09:03.464+0800`appName=graduation`hostName=localhost`logLevel=DEBUG`<==    Updates: 1
time=2019-01-27T11:09:10.755+0800`appName=graduation`hostName=localhost`logLevel=DEBUG`==>  Preparing: SELECT relation_id AS relationId,role_id AS roleId,menu_id AS menuId,status,ctime,utime FROM role_menu_relation WHERE role_id = ? 
time=2019-01-27T11:09:10.755+0800`appName=graduation`hostName=localhost`logLevel=DEBUG`==> Parameters: 1(Long)
time=2019-01-27T11:09:10.760+0800`appName=graduation`hostName=localhost`logLevel=DEBUG`<==      Total: 4
time=2019-01-27T11:09:10.763+0800`appName=graduation`hostName=localhost`logLevel=DEBUG`==>  Preparing: SELECT menu_id AS menuId,title,href,icon,status,parent_id,ctime,utime FROM menu WHERE menu_id IN (?,?,?,?) 
time=2019-01-27T11:09:10.764+0800`appName=graduation`hostName=localhost`logLevel=DEBUG`==> Parameters: 2(Long), 3(Long), 4(Long), 5(Long)
time=2019-01-27T11:09:10.768+0800`appName=graduation`hostName=localhost`logLevel=DEBUG`<==      Total: 4
time=2019-01-27T11:09:11.261+0800`appName=graduation`hostName=localhost`logLevel=DEBUG`==>  Preparing: SELECT role_id AS roleId,role_name AS roleName,remark,deleted,ctime,utime FROM role 
time=2019-01-27T11:09:11.262+0800`appName=graduation`hostName=localhost`logLevel=DEBUG`==> Parameters: 
time=2019-01-27T11:09:11.264+0800`appName=graduation`hostName=localhost`logLevel=DEBUG`<==      Total: 4
time=2019-01-27T11:10:49.631+0800`appName=graduation`hostName=localhost`logLevel=DEBUG`==>  Preparing: SELECT relation_id AS relationId,role_id AS roleId,menu_id AS menuId,status,ctime,utime FROM role_menu_relation WHERE role_id = ? 
time=2019-01-27T11:10:49.635+0800`appName=graduation`hostName=localhost`logLevel=DEBUG`==> Parameters: 1(Long)
time=2019-01-27T11:10:49.647+0800`appName=graduation`hostName=localhost`logLevel=DEBUG`<==      Total: 4
time=2019-01-27T11:10:49.655+0800`appName=graduation`hostName=localhost`logLevel=DEBUG`==>  Preparing: SELECT menu_id AS menuId,title,href,icon,status,parent_id,ctime,utime FROM menu WHERE menu_id IN (?,?,?,?) 
time=2019-01-27T11:10:49.687+0800`appName=graduation`hostName=localhost`logLevel=DEBUG`==> Parameters: 2(Long), 3(Long), 4(Long), 5(Long)
time=2019-01-27T11:10:49.691+0800`appName=graduation`hostName=localhost`logLevel=DEBUG`<==      Total: 4
time=2019-01-27T11:10:53.414+0800`appName=graduation`hostName=localhost`logLevel=DEBUG`==>  Preparing: SELECT relation_id AS relationId,role_id AS roleId,menu_id AS menuId,status,ctime,utime FROM role_menu_relation WHERE role_id = ? 
time=2019-01-27T11:10:53.414+0800`appName=graduation`hostName=localhost`logLevel=DEBUG`==> Parameters: 1(Long)
time=2019-01-27T11:10:53.418+0800`appName=graduation`hostName=localhost`logLevel=DEBUG`<==      Total: 4
time=2019-01-27T11:10:53.422+0800`appName=graduation`hostName=localhost`logLevel=DEBUG`==>  Preparing: SELECT menu_id AS menuId,title,href,icon,status,parent_id,ctime,utime FROM menu WHERE menu_id IN (?,?,?,?) 
time=2019-01-27T11:10:53.422+0800`appName=graduation`hostName=localhost`logLevel=DEBUG`==> Parameters: 2(Long), 3(Long), 4(Long), 5(Long)
time=2019-01-27T11:10:53.426+0800`appName=graduation`hostName=localhost`logLevel=DEBUG`<==      Total: 4
time=2019-01-27T11:10:55.949+0800`appName=graduation`hostName=localhost`logLevel=DEBUG`==>  Preparing: SELECT role_id AS roleId,role_name AS roleName,remark,deleted,ctime,utime FROM role 
time=2019-01-27T11:10:55.949+0800`appName=graduation`hostName=localhost`logLevel=DEBUG`==> Parameters: 
time=2019-01-27T11:10:55.959+0800`appName=graduation`hostName=localhost`logLevel=DEBUG`<==      Total: 4
time=2019-01-27T11:13:54.465+0800`appName=graduation`hostName=localhost`logLevel=DEBUG`==>  Preparing: SELECT relation_id AS relationId,role_id AS roleId,menu_id AS menuId,status,ctime,utime FROM role_menu_relation WHERE role_id = ? 
time=2019-01-27T11:13:54.536+0800`appName=graduation`hostName=localhost`logLevel=DEBUG`==> Parameters: 1(Long)
time=2019-01-27T11:13:54.572+0800`appName=graduation`hostName=localhost`logLevel=DEBUG`<==      Total: 4
time=2019-01-27T11:13:54.600+0800`appName=graduation`hostName=localhost`logLevel=DEBUG`==>  Preparing: SELECT menu_id AS menuId,title,href,icon,status,parent_id,ctime,utime FROM menu WHERE menu_id IN (?,?,?,?) 
time=2019-01-27T11:13:54.601+0800`appName=graduation`hostName=localhost`logLevel=DEBUG`==> Parameters: 2(Long), 3(Long), 4(Long), 5(Long)
time=2019-01-27T11:13:54.605+0800`appName=graduation`hostName=localhost`logLevel=DEBUG`<==      Total: 4
time=2019-01-27T11:13:55.496+0800`appName=graduation`hostName=localhost`logLevel=DEBUG`==>  Preparing: SELECT role_id AS roleId,role_name AS roleName,remark,deleted,ctime,utime FROM role 
time=2019-01-27T11:13:55.497+0800`appName=graduation`hostName=localhost`logLevel=DEBUG`==> Parameters: 
time=2019-01-27T11:13:55.500+0800`appName=graduation`hostName=localhost`logLevel=DEBUG`<==      Total: 4
time=2019-01-27T11:14:08.837+0800`appName=graduation`hostName=localhost`logLevel=DEBUG`==>  Preparing: SELECT relation_id AS relationId,role_id AS roleId,menu_id AS menuId,status,ctime,utime FROM role_menu_relation WHERE role_id = ? 
time=2019-01-27T11:14:08.838+0800`appName=graduation`hostName=localhost`logLevel=DEBUG`==> Parameters: 1(Long)
time=2019-01-27T11:14:08.843+0800`appName=graduation`hostName=localhost`logLevel=DEBUG`<==      Total: 4
time=2019-01-27T11:14:08.846+0800`appName=graduation`hostName=localhost`logLevel=DEBUG`==>  Preparing: SELECT menu_id AS menuId,title,href,icon,status,parent_id,ctime,utime FROM menu WHERE menu_id IN (?,?,?,?) 
time=2019-01-27T11:14:08.847+0800`appName=graduation`hostName=localhost`logLevel=DEBUG`==> Parameters: 2(Long), 3(Long), 4(Long), 5(Long)
time=2019-01-27T11:14:08.851+0800`appName=graduation`hostName=localhost`logLevel=DEBUG`<==      Total: 4
time=2019-01-27T11:14:10.283+0800`appName=graduation`hostName=localhost`logLevel=DEBUG`==>  Preparing: SELECT relation_id AS relationId,role_id AS roleId,menu_id AS menuId,status,ctime,utime FROM role_menu_relation WHERE role_id = ? 
time=2019-01-27T11:14:10.284+0800`appName=graduation`hostName=localhost`logLevel=DEBUG`==> Parameters: 1(Long)
time=2019-01-27T11:14:10.286+0800`appName=graduation`hostName=localhost`logLevel=DEBUG`<==      Total: 4
time=2019-01-27T11:14:10.289+0800`appName=graduation`hostName=localhost`logLevel=DEBUG`==>  Preparing: SELECT menu_id AS menuId,title,href,icon,status,parent_id,ctime,utime FROM menu WHERE menu_id IN (?,?,?,?) 
time=2019-01-27T11:14:10.290+0800`appName=graduation`hostName=localhost`logLevel=DEBUG`==> Parameters: 2(Long), 3(Long), 4(Long), 5(Long)
time=2019-01-27T11:14:10.292+0800`appName=graduation`hostName=localhost`logLevel=DEBUG`<==      Total: 4
time=2019-01-27T11:14:12.760+0800`appName=graduation`hostName=localhost`logLevel=DEBUG`==>  Preparing: SELECT role_id AS roleId,role_name AS roleName,remark,deleted,ctime,utime FROM role 
time=2019-01-27T11:14:12.760+0800`appName=graduation`hostName=localhost`logLevel=DEBUG`==> Parameters: 
time=2019-01-27T11:14:12.762+0800`appName=graduation`hostName=localhost`logLevel=DEBUG`<==      Total: 4
time=2019-01-27T13:16:17.215+0800`appName=graduation`hostName=localhost`logLevel=DEBUG`==>  Preparing: SELECT relation_id AS relationId,role_id AS roleId,menu_id AS menuId,status,ctime,utime FROM role_menu_relation WHERE role_id = ? 
time=2019-01-27T13:16:17.251+0800`appName=graduation`hostName=localhost`logLevel=DEBUG`==> Parameters: 1(Long)
time=2019-01-27T13:16:17.288+0800`appName=graduation`hostName=localhost`logLevel=DEBUG`<==      Total: 4
time=2019-01-27T13:16:17.306+0800`appName=graduation`hostName=localhost`logLevel=DEBUG`==>  Preparing: SELECT menu_id AS menuId,title,href,icon,status,parent_id,ctime,utime FROM menu WHERE menu_id IN (?,?,?,?) 
time=2019-01-27T13:16:17.307+0800`appName=graduation`hostName=localhost`logLevel=DEBUG`==> Parameters: 2(Long), 3(Long), 4(Long), 5(Long)
time=2019-01-27T13:16:17.312+0800`appName=graduation`hostName=localhost`logLevel=DEBUG`<==      Total: 4
time=2019-01-27T13:16:18.191+0800`appName=graduation`hostName=localhost`logLevel=DEBUG`==>  Preparing: SELECT role_id AS roleId,role_name AS roleName,remark,deleted,ctime,utime FROM role 
time=2019-01-27T13:16:18.192+0800`appName=graduation`hostName=localhost`logLevel=DEBUG`==> Parameters: 
time=2019-01-27T13:16:18.197+0800`appName=graduation`hostName=localhost`logLevel=DEBUG`<==      Total: 4
time=2019-01-27T13:16:55.131+0800`appName=graduation`hostName=localhost`logLevel=DEBUG`==>  Preparing: SELECT relation_id AS relationId,role_id AS roleId,menu_id AS menuId,status,ctime,utime FROM role_menu_relation WHERE role_id = ? 
time=2019-01-27T13:16:55.132+0800`appName=graduation`hostName=localhost`logLevel=DEBUG`==> Parameters: 1(Long)
time=2019-01-27T13:16:55.136+0800`appName=graduation`hostName=localhost`logLevel=DEBUG`<==      Total: 4
time=2019-01-27T13:16:55.139+0800`appName=graduation`hostName=localhost`logLevel=DEBUG`==>  Preparing: SELECT menu_id AS menuId,title,href,icon,status,parent_id,ctime,utime FROM menu WHERE menu_id IN (?,?,?,?) 
time=2019-01-27T13:16:55.140+0800`appName=graduation`hostName=localhost`logLevel=DEBUG`==> Parameters: 2(Long), 3(Long), 4(Long), 5(Long)
time=2019-01-27T13:16:55.145+0800`appName=graduation`hostName=localhost`logLevel=DEBUG`<==      Total: 4
time=2019-01-27T13:17:01.177+0800`appName=graduation`hostName=localhost`logLevel=DEBUG`==>  Preparing: SELECT role_id AS roleId,role_name AS roleName,remark,deleted,ctime,utime FROM role 
time=2019-01-27T13:17:01.178+0800`appName=graduation`hostName=localhost`logLevel=DEBUG`==> Parameters: 
time=2019-01-27T13:17:01.180+0800`appName=graduation`hostName=localhost`logLevel=DEBUG`<==      Total: 4
time=2019-01-27T13:21:35.144+0800`appName=graduation`hostName=localhost`logLevel=DEBUG`==>  Preparing: SELECT relation_id AS relationId,role_id AS roleId,menu_id AS menuId,status,ctime,utime FROM role_menu_relation WHERE role_id = ? 
time=2019-01-27T13:21:35.179+0800`appName=graduation`hostName=localhost`logLevel=DEBUG`==> Parameters: 1(Long)
time=2019-01-27T13:21:35.205+0800`appName=graduation`hostName=localhost`logLevel=DEBUG`<==      Total: 4
time=2019-01-27T13:21:35.222+0800`appName=graduation`hostName=localhost`logLevel=DEBUG`==>  Preparing: SELECT menu_id AS menuId,title,href,icon,status,parent_id,ctime,utime FROM menu WHERE menu_id IN (?,?,?,?) 
time=2019-01-27T13:21:35.223+0800`appName=graduation`hostName=localhost`logLevel=DEBUG`==> Parameters: 2(Long), 3(Long), 4(Long), 5(Long)
time=2019-01-27T13:21:35.227+0800`appName=graduation`hostName=localhost`logLevel=DEBUG`<==      Total: 4
time=2019-01-27T13:21:36.066+0800`appName=graduation`hostName=localhost`logLevel=DEBUG`==>  Preparing: SELECT role_id AS roleId,role_name AS roleName,remark,deleted,ctime,utime FROM role 
time=2019-01-27T13:21:36.067+0800`appName=graduation`hostName=localhost`logLevel=DEBUG`==> Parameters: 
time=2019-01-27T13:21:36.071+0800`appName=graduation`hostName=localhost`logLevel=DEBUG`<==      Total: 4
time=2019-01-27T13:21:45.841+0800`appName=graduation`hostName=localhost`logLevel=DEBUG`==>  Preparing: DELETE FROM role WHERE role_id=? 
time=2019-01-27T13:21:45.842+0800`appName=graduation`hostName=localhost`logLevel=DEBUG`==> Parameters: 2(Long)
time=2019-01-27T13:21:45.852+0800`appName=graduation`hostName=localhost`logLevel=DEBUG`<==    Updates: 1
time=2019-01-27T13:21:47.884+0800`appName=graduation`hostName=localhost`logLevel=DEBUG`==>  Preparing: DELETE FROM role WHERE role_id=? 
time=2019-01-27T13:21:47.885+0800`appName=graduation`hostName=localhost`logLevel=DEBUG`==> Parameters: 3(Long)
time=2019-01-27T13:21:47.891+0800`appName=graduation`hostName=localhost`logLevel=DEBUG`<==    Updates: 1
time=2019-01-27T13:21:49.943+0800`appName=graduation`hostName=localhost`logLevel=DEBUG`==>  Preparing: DELETE FROM role WHERE role_id=? 
time=2019-01-27T13:21:49.944+0800`appName=graduation`hostName=localhost`logLevel=DEBUG`==> Parameters: 4(Long)
time=2019-01-27T13:21:49.945+0800`appName=graduation`hostName=localhost`logLevel=DEBUG`<==    Updates: 1
time=2019-01-27T13:21:54.390+0800`appName=graduation`hostName=localhost`logLevel=DEBUG`==>  Preparing: SELECT relation_id AS relationId,role_id AS roleId,menu_id AS menuId,status,ctime,utime FROM role_menu_relation WHERE role_id = ? 
time=2019-01-27T13:21:54.391+0800`appName=graduation`hostName=localhost`logLevel=DEBUG`==> Parameters: 1(Long)
time=2019-01-27T13:21:54.395+0800`appName=graduation`hostName=localhost`logLevel=DEBUG`<==      Total: 4
time=2019-01-27T13:21:54.398+0800`appName=graduation`hostName=localhost`logLevel=DEBUG`==>  Preparing: SELECT menu_id AS menuId,title,href,icon,status,parent_id,ctime,utime FROM menu WHERE menu_id IN (?,?,?,?) 
time=2019-01-27T13:21:54.399+0800`appName=graduation`hostName=localhost`logLevel=DEBUG`==> Parameters: 2(Long), 3(Long), 4(Long), 5(Long)
time=2019-01-27T13:21:54.403+0800`appName=graduation`hostName=localhost`logLevel=DEBUG`<==      Total: 4
time=2019-01-27T13:21:54.863+0800`appName=graduation`hostName=localhost`logLevel=DEBUG`==>  Preparing: SELECT role_id AS roleId,role_name AS roleName,remark,deleted,ctime,utime FROM role 
time=2019-01-27T13:21:54.863+0800`appName=graduation`hostName=localhost`logLevel=DEBUG`==> Parameters: 
time=2019-01-27T13:21:54.865+0800`appName=graduation`hostName=localhost`logLevel=DEBUG`<==      Total: 1
time=2019-01-27T13:42:59.817+0800`appName=graduation`hostName=localhost`logLevel=DEBUG`==>  Preparing: SELECT relation_id AS relationId,role_id AS roleId,menu_id AS menuId,status,ctime,utime FROM role_menu_relation WHERE role_id = ? 
time=2019-01-27T13:42:59.872+0800`appName=graduation`hostName=localhost`logLevel=DEBUG`==> Parameters: 1(Long)
time=2019-01-27T13:42:59.898+0800`appName=graduation`hostName=localhost`logLevel=DEBUG`<==      Total: 4
time=2019-01-27T13:42:59.917+0800`appName=graduation`hostName=localhost`logLevel=DEBUG`==>  Preparing: SELECT menu_id AS menuId,title,href,icon,status,parent_id,ctime,utime FROM menu WHERE menu_id IN (?,?,?,?) 
time=2019-01-27T13:42:59.917+0800`appName=graduation`hostName=localhost`logLevel=DEBUG`==> Parameters: 2(Long), 3(Long), 4(Long), 5(Long)
time=2019-01-27T13:42:59.921+0800`appName=graduation`hostName=localhost`logLevel=DEBUG`<==      Total: 4
time=2019-01-27T13:43:00.763+0800`appName=graduation`hostName=localhost`logLevel=DEBUG`==>  Preparing: SELECT role_id AS roleId,role_name AS roleName,remark,deleted,ctime,utime FROM role 
time=2019-01-27T13:43:00.764+0800`appName=graduation`hostName=localhost`logLevel=DEBUG`==> Parameters: 
time=2019-01-27T13:43:00.766+0800`appName=graduation`hostName=localhost`logLevel=DEBUG`<==      Total: 1
time=2019-01-27T13:44:23.275+0800`appName=graduation`hostName=localhost`logLevel=DEBUG`==>  Preparing: SELECT relation_id AS relationId,role_id AS roleId,menu_id AS menuId,status,ctime,utime FROM role_menu_relation WHERE role_id = ? 
time=2019-01-27T13:44:23.308+0800`appName=graduation`hostName=localhost`logLevel=DEBUG`==> Parameters: 1(Long)
time=2019-01-27T13:44:23.336+0800`appName=graduation`hostName=localhost`logLevel=DEBUG`<==      Total: 4
time=2019-01-27T13:44:23.355+0800`appName=graduation`hostName=localhost`logLevel=DEBUG`==>  Preparing: SELECT menu_id AS menuId,title,href,icon,status,parent_id,ctime,utime FROM menu WHERE menu_id IN (?,?,?,?) 
time=2019-01-27T13:44:23.356+0800`appName=graduation`hostName=localhost`logLevel=DEBUG`==> Parameters: 2(Long), 3(Long), 4(Long), 5(Long)
time=2019-01-27T13:44:23.359+0800`appName=graduation`hostName=localhost`logLevel=DEBUG`<==      Total: 4
time=2019-01-27T13:44:24.108+0800`appName=graduation`hostName=localhost`logLevel=DEBUG`==>  Preparing: SELECT role_id AS roleId,role_name AS roleName,remark,deleted,ctime,utime FROM role 
time=2019-01-27T13:44:24.109+0800`appName=graduation`hostName=localhost`logLevel=DEBUG`==> Parameters: 
time=2019-01-27T13:44:24.111+0800`appName=graduation`hostName=localhost`logLevel=DEBUG`<==      Total: 1
time=2019-01-27T13:44:37.850+0800`appName=graduation`hostName=localhost`logLevel=DEBUG`==>  Preparing: SELECT relation_id AS relationId,role_id AS roleId,menu_id AS menuId,status,ctime,utime FROM role_menu_relation WHERE role_id = ? 
time=2019-01-27T13:44:37.850+0800`appName=graduation`hostName=localhost`logLevel=DEBUG`==> Parameters: 1(Long)
time=2019-01-27T13:44:37.854+0800`appName=graduation`hostName=localhost`logLevel=DEBUG`<==      Total: 4
time=2019-01-27T13:44:37.857+0800`appName=graduation`hostName=localhost`logLevel=DEBUG`==>  Preparing: SELECT menu_id AS menuId,title,href,icon,status,parent_id,ctime,utime FROM menu WHERE menu_id IN (?,?,?,?) 
time=2019-01-27T13:44:37.858+0800`appName=graduation`hostName=localhost`logLevel=DEBUG`==> Parameters: 2(Long), 3(Long), 4(Long), 5(Long)
time=2019-01-27T13:44:37.864+0800`appName=graduation`hostName=localhost`logLevel=DEBUG`<==      Total: 4
time=2019-01-27T13:44:55.078+0800`appName=graduation`hostName=localhost`logLevel=DEBUG`==>  Preparing: SELECT role_id AS roleId,role_name AS roleName,remark,deleted,ctime,utime FROM role 
time=2019-01-27T13:44:55.079+0800`appName=graduation`hostName=localhost`logLevel=DEBUG`==> Parameters: 
time=2019-01-27T13:44:55.081+0800`appName=graduation`hostName=localhost`logLevel=DEBUG`<==      Total: 1
time=2019-01-27T13:45:32.537+0800`appName=graduation`hostName=localhost`logLevel=DEBUG`==>  Preparing: SELECT relation_id AS relationId,role_id AS roleId,menu_id AS menuId,status,ctime,utime FROM role_menu_relation WHERE role_id = ? 
time=2019-01-27T13:45:32.538+0800`appName=graduation`hostName=localhost`logLevel=DEBUG`==> Parameters: 1(Long)
time=2019-01-27T13:45:32.541+0800`appName=graduation`hostName=localhost`logLevel=DEBUG`<==      Total: 4
time=2019-01-27T13:45:32.558+0800`appName=graduation`hostName=localhost`logLevel=DEBUG`==>  Preparing: SELECT menu_id AS menuId,title,href,icon,status,parent_id,ctime,utime FROM menu WHERE menu_id IN (?,?,?,?) 
time=2019-01-27T13:45:32.560+0800`appName=graduation`hostName=localhost`logLevel=DEBUG`==> Parameters: 2(Long), 3(Long), 4(Long), 5(Long)
time=2019-01-27T13:45:32.564+0800`appName=graduation`hostName=localhost`logLevel=DEBUG`<==      Total: 4
time=2019-01-27T13:45:33.031+0800`appName=graduation`hostName=localhost`logLevel=DEBUG`==>  Preparing: SELECT role_id AS roleId,role_name AS roleName,remark,deleted,ctime,utime FROM role 
time=2019-01-27T13:45:33.032+0800`appName=graduation`hostName=localhost`logLevel=DEBUG`==> Parameters: 
time=2019-01-27T13:45:33.039+0800`appName=graduation`hostName=localhost`logLevel=DEBUG`<==      Total: 1
time=2019-01-27T13:46:48.530+0800`appName=graduation`hostName=localhost`logLevel=DEBUG`==>  Preparing: SELECT relation_id AS relationId,role_id AS roleId,menu_id AS menuId,status,ctime,utime FROM role_menu_relation WHERE role_id = ? 
time=2019-01-27T13:46:48.532+0800`appName=graduation`hostName=localhost`logLevel=DEBUG`==> Parameters: 1(Long)
time=2019-01-27T13:46:48.537+0800`appName=graduation`hostName=localhost`logLevel=DEBUG`<==      Total: 4
time=2019-01-27T13:46:48.541+0800`appName=graduation`hostName=localhost`logLevel=DEBUG`==>  Preparing: SELECT menu_id AS menuId,title,href,icon,status,parent_id,ctime,utime FROM menu WHERE menu_id IN (?,?,?,?) 
time=2019-01-27T13:46:48.541+0800`appName=graduation`hostName=localhost`logLevel=DEBUG`==> Parameters: 2(Long), 3(Long), 4(Long), 5(Long)
time=2019-01-27T13:46:48.545+0800`appName=graduation`hostName=localhost`logLevel=DEBUG`<==      Total: 4
time=2019-01-27T13:46:51.492+0800`appName=graduation`hostName=localhost`logLevel=DEBUG`==>  Preparing: SELECT role_id AS roleId,role_name AS roleName,remark,deleted,ctime,utime FROM role 
time=2019-01-27T13:46:51.493+0800`appName=graduation`hostName=localhost`logLevel=DEBUG`==> Parameters: 
time=2019-01-27T13:46:51.494+0800`appName=graduation`hostName=localhost`logLevel=DEBUG`<==      Total: 1
time=2019-01-27T13:50:41.333+0800`appName=graduation`hostName=localhost`logLevel=DEBUG`==>  Preparing: SELECT relation_id AS relationId,role_id AS roleId,menu_id AS menuId,status,ctime,utime FROM role_menu_relation WHERE role_id = ? 
time=2019-01-27T13:50:41.365+0800`appName=graduation`hostName=localhost`logLevel=DEBUG`==> Parameters: 1(Long)
time=2019-01-27T13:50:41.389+0800`appName=graduation`hostName=localhost`logLevel=DEBUG`<==      Total: 4
time=2019-01-27T13:50:41.405+0800`appName=graduation`hostName=localhost`logLevel=DEBUG`==>  Preparing: SELECT menu_id AS menuId,title,href,icon,status,parent_id,ctime,utime FROM menu WHERE menu_id IN (?,?,?,?) 
time=2019-01-27T13:50:41.406+0800`appName=graduation`hostName=localhost`logLevel=DEBUG`==> Parameters: 2(Long), 3(Long), 4(Long), 5(Long)
time=2019-01-27T13:50:41.410+0800`appName=graduation`hostName=localhost`logLevel=DEBUG`<==      Total: 4
time=2019-01-27T13:50:42.305+0800`appName=graduation`hostName=localhost`logLevel=DEBUG`==>  Preparing: SELECT role_id AS roleId,role_name AS roleName,remark,deleted,ctime,utime FROM role 
time=2019-01-27T13:50:42.306+0800`appName=graduation`hostName=localhost`logLevel=DEBUG`==> Parameters: 
time=2019-01-27T13:50:42.308+0800`appName=graduation`hostName=localhost`logLevel=DEBUG`<==      Total: 1
time=2019-01-27T13:50:52.135+0800`appName=graduation`hostName=localhost`logLevel=DEBUG`==>  Preparing: SELECT relation_id AS relationId,role_id AS roleId,menu_id AS menuId,status,ctime,utime FROM role_menu_relation WHERE role_id = ? 
time=2019-01-27T13:50:52.136+0800`appName=graduation`hostName=localhost`logLevel=DEBUG`==> Parameters: 1(Long)
time=2019-01-27T13:50:52.140+0800`appName=graduation`hostName=localhost`logLevel=DEBUG`<==      Total: 4
time=2019-01-27T13:50:52.143+0800`appName=graduation`hostName=localhost`logLevel=DEBUG`==>  Preparing: SELECT menu_id AS menuId,title,href,icon,status,parent_id,ctime,utime FROM menu WHERE menu_id IN (?,?,?,?) 
time=2019-01-27T13:50:52.144+0800`appName=graduation`hostName=localhost`logLevel=DEBUG`==> Parameters: 2(Long), 3(Long), 4(Long), 5(Long)
time=2019-01-27T13:50:52.149+0800`appName=graduation`hostName=localhost`logLevel=DEBUG`<==      Total: 4
time=2019-01-27T13:52:09.207+0800`appName=graduation`hostName=localhost`logLevel=DEBUG`==>  Preparing: SELECT relation_id AS relationId,role_id AS roleId,menu_id AS menuId,status,ctime,utime FROM role_menu_relation WHERE role_id = ? 
time=2019-01-27T13:52:09.237+0800`appName=graduation`hostName=localhost`logLevel=DEBUG`==> Parameters: 1(Long)
time=2019-01-27T13:52:09.261+0800`appName=graduation`hostName=localhost`logLevel=DEBUG`<==      Total: 4
time=2019-01-27T13:52:09.276+0800`appName=graduation`hostName=localhost`logLevel=DEBUG`==>  Preparing: SELECT menu_id AS menuId,title,href,icon,status,parent_id,ctime,utime FROM menu WHERE menu_id IN (?,?,?,?) 
time=2019-01-27T13:52:09.277+0800`appName=graduation`hostName=localhost`logLevel=DEBUG`==> Parameters: 2(Long), 3(Long), 4(Long), 5(Long)
time=2019-01-27T13:52:09.280+0800`appName=graduation`hostName=localhost`logLevel=DEBUG`<==      Total: 4
time=2019-01-27T13:52:14.109+0800`appName=graduation`hostName=localhost`logLevel=DEBUG`==>  Preparing: SELECT role_id AS roleId,role_name AS roleName,remark,deleted,ctime,utime FROM role 
time=2019-01-27T13:52:14.111+0800`appName=graduation`hostName=localhost`logLevel=DEBUG`==> Parameters: 
time=2019-01-27T13:52:14.112+0800`appName=graduation`hostName=localhost`logLevel=DEBUG`<==      Total: 1
time=2019-01-27T14:00:15.645+0800`appName=graduation`hostName=localhost`logLevel=DEBUG`==>  Preparing: SELECT relation_id AS relationId,role_id AS roleId,menu_id AS menuId,status,ctime,utime FROM role_menu_relation WHERE role_id = ? 
time=2019-01-27T14:00:15.646+0800`appName=graduation`hostName=localhost`logLevel=DEBUG`==> Parameters: 1(Long)
time=2019-01-27T14:00:15.666+0800`appName=graduation`hostName=localhost`logLevel=DEBUG`<==      Total: 4
time=2019-01-27T14:00:15.671+0800`appName=graduation`hostName=localhost`logLevel=DEBUG`==>  Preparing: SELECT menu_id AS menuId,title,href,icon,status,parent_id,ctime,utime FROM menu WHERE menu_id IN (?,?,?,?) 
time=2019-01-27T14:00:15.673+0800`appName=graduation`hostName=localhost`logLevel=DEBUG`==> Parameters: 2(Long), 3(Long), 4(Long), 5(Long)
time=2019-01-27T14:00:15.681+0800`appName=graduation`hostName=localhost`logLevel=DEBUG`<==      Total: 4
time=2019-01-27T14:00:16.598+0800`appName=graduation`hostName=localhost`logLevel=DEBUG`==>  Preparing: SELECT role_id AS roleId,role_name AS roleName,remark,deleted,ctime,utime FROM role 
time=2019-01-27T14:00:16.598+0800`appName=graduation`hostName=localhost`logLevel=DEBUG`==> Parameters: 
time=2019-01-27T14:00:16.602+0800`appName=graduation`hostName=localhost`logLevel=DEBUG`<==      Total: 1
time=2019-01-27T14:01:03.721+0800`appName=graduation`hostName=localhost`logLevel=DEBUG`==>  Preparing: SELECT relation_id AS relationId,role_id AS roleId,menu_id AS menuId,status,ctime,utime FROM role_menu_relation WHERE role_id = ? 
time=2019-01-27T14:01:03.759+0800`appName=graduation`hostName=localhost`logLevel=DEBUG`==> Parameters: 1(Long)
time=2019-01-27T14:01:03.791+0800`appName=graduation`hostName=localhost`logLevel=DEBUG`<==      Total: 4
time=2019-01-27T14:01:03.811+0800`appName=graduation`hostName=localhost`logLevel=DEBUG`==>  Preparing: SELECT menu_id AS menuId,title,href,icon,status,parent_id,ctime,utime FROM menu WHERE menu_id IN (?,?,?,?) 
time=2019-01-27T14:01:03.812+0800`appName=graduation`hostName=localhost`logLevel=DEBUG`==> Parameters: 2(Long), 3(Long), 4(Long), 5(Long)
time=2019-01-27T14:01:03.818+0800`appName=graduation`hostName=localhost`logLevel=DEBUG`<==      Total: 4
time=2019-01-27T14:01:04.781+0800`appName=graduation`hostName=localhost`logLevel=DEBUG`==>  Preparing: SELECT role_id AS roleId,role_name AS roleName,remark,deleted,ctime,utime FROM role 
time=2019-01-27T14:01:04.782+0800`appName=graduation`hostName=localhost`logLevel=DEBUG`==> Parameters: 
time=2019-01-27T14:01:04.785+0800`appName=graduation`hostName=localhost`logLevel=DEBUG`<==      Total: 1
time=2019-01-27T14:12:44.313+0800`appName=graduation`hostName=localhost`logLevel=DEBUG`==>  Preparing: SELECT relation_id AS relationId,role_id AS roleId,menu_id AS menuId,status,ctime,utime FROM role_menu_relation WHERE role_id = ? 
time=2019-01-27T14:12:44.348+0800`appName=graduation`hostName=localhost`logLevel=DEBUG`==> Parameters: 1(Long)
time=2019-01-27T14:12:44.373+0800`appName=graduation`hostName=localhost`logLevel=DEBUG`<==      Total: 4
time=2019-01-27T14:12:44.390+0800`appName=graduation`hostName=localhost`logLevel=DEBUG`==>  Preparing: SELECT menu_id AS menuId,title,href,icon,status,parent_id,ctime,utime FROM menu WHERE menu_id IN (?,?,?,?) 
time=2019-01-27T14:12:44.391+0800`appName=graduation`hostName=localhost`logLevel=DEBUG`==> Parameters: 2(Long), 3(Long), 4(Long), 5(Long)
time=2019-01-27T14:12:44.394+0800`appName=graduation`hostName=localhost`logLevel=DEBUG`<==      Total: 4
time=2019-01-27T14:12:45.297+0800`appName=graduation`hostName=localhost`logLevel=DEBUG`==>  Preparing: SELECT role_id AS roleId,role_name AS roleName,remark,deleted,ctime,utime FROM role 
time=2019-01-27T14:12:45.298+0800`appName=graduation`hostName=localhost`logLevel=DEBUG`==> Parameters: 
time=2019-01-27T14:12:45.299+0800`appName=graduation`hostName=localhost`logLevel=DEBUG`<==      Total: 1
time=2019-01-27T14:15:06.288+0800`appName=graduation`hostName=localhost`logLevel=DEBUG`==>  Preparing: SELECT relation_id AS relationId,role_id AS roleId,menu_id AS menuId,status,ctime,utime FROM role_menu_relation WHERE role_id = ? 
time=2019-01-27T14:15:06.324+0800`appName=graduation`hostName=localhost`logLevel=DEBUG`==> Parameters: 1(Long)
time=2019-01-27T14:15:06.352+0800`appName=graduation`hostName=localhost`logLevel=DEBUG`<==      Total: 4
time=2019-01-27T14:15:06.369+0800`appName=graduation`hostName=localhost`logLevel=DEBUG`==>  Preparing: SELECT menu_id AS menuId,title,href,icon,status,parent_id,ctime,utime FROM menu WHERE menu_id IN (?,?,?,?) 
time=2019-01-27T14:15:06.371+0800`appName=graduation`hostName=localhost`logLevel=DEBUG`==> Parameters: 2(Long), 3(Long), 4(Long), 5(Long)
time=2019-01-27T14:15:06.375+0800`appName=graduation`hostName=localhost`logLevel=DEBUG`<==      Total: 4
time=2019-01-27T14:15:07.184+0800`appName=graduation`hostName=localhost`logLevel=DEBUG`==>  Preparing: SELECT role_id AS roleId,role_name AS roleName,remark,deleted,ctime,utime FROM role 
time=2019-01-27T14:15:07.185+0800`appName=graduation`hostName=localhost`logLevel=DEBUG`==> Parameters: 
time=2019-01-27T14:15:07.186+0800`appName=graduation`hostName=localhost`logLevel=DEBUG`<==      Total: 1
