time=2019-03-09T21:42:00.335+0800`appName=oms`hostName=docker-20`logLevel=DEBUG`==>  Preparing: SELECT operator_id AS operatorId,operator_name AS operatorName,operator_status AS operatorStatus,deleted,mobile,pwd,role_id AS roleId,ctime,utime FROM operator WHERE operator_id=? 
time=2019-03-09T21:42:00.449+0800`appName=oms`hostName=docker-20`logLevel=DEBUG`==> Parameters: 15207312(Long)
time=2019-03-09T21:42:00.510+0800`appName=oms`hostName=docker-20`logLevel=DEBUG`<==      Total: 1
time=2019-03-09T21:42:00.554+0800`appName=oms`hostName=docker-20`logLevel=DEBUG`==>  Preparing: SELECT student_id AS studentId,token,ctime,utime FROM user_web_token WHERE student_id=? 
time=2019-03-09T21:42:00.555+0800`appName=oms`hostName=docker-20`logLevel=DEBUG`==> Parameters: 15207312(Long)
time=2019-03-09T21:42:00.566+0800`appName=oms`hostName=docker-20`logLevel=DEBUG`<==      Total: 1
time=2019-03-09T21:42:00.686+0800`appName=oms`hostName=docker-20`logLevel=DEBUG`==>  Preparing: UPDATE user_web_token SET token=?,utime=? WHERE student_id=? 
time=2019-03-09T21:42:00.688+0800`appName=oms`hostName=docker-20`logLevel=DEBUG`==> Parameters: dd96b8bd-aba2-4ebf-b68d-4089dbe63837(String), 1552138920685(Long), 15207312(Long)
time=2019-03-09T21:42:00.699+0800`appName=oms`hostName=docker-20`logLevel=DEBUG`<==    Updates: 1
time=2019-03-09T21:42:01.566+0800`appName=oms`hostName=docker-20`logLevel=DEBUG`==>  Preparing: SELECT relation_id AS relationId,operator_id AS operatorId,role_id AS roleId,deleted,ctime,utime FROM operator_role_relation WHERE operator_id = ? 
time=2019-03-09T21:42:01.567+0800`appName=oms`hostName=docker-20`logLevel=DEBUG`==> Parameters: 15207312(Long)
time=2019-03-09T21:42:01.572+0800`appName=oms`hostName=docker-20`logLevel=DEBUG`<==      Total: 1
time=2019-03-09T21:42:01.587+0800`appName=oms`hostName=docker-20`logLevel=DEBUG`==>  Preparing: SELECT relation_id AS relationId,role_id AS roleId,menu_id AS menuId,status,ctime,utime FROM role_menu_relation WHERE role_id = ? 
time=2019-03-09T21:42:01.588+0800`appName=oms`hostName=docker-20`logLevel=DEBUG`==> Parameters: 1(Long)
time=2019-03-09T21:42:01.598+0800`appName=oms`hostName=docker-20`logLevel=DEBUG`<==      Total: 15
time=2019-03-09T21:42:01.619+0800`appName=oms`hostName=docker-20`logLevel=DEBUG`==>  Preparing: SELECT menu_id AS menuId,title,href,icon,status,parent_id,ctime,utime FROM menu WHERE menu_id IN (?,?,?,?,?,?,?,?,?,?,?,?,?,?,?) 
time=2019-03-09T21:42:01.623+0800`appName=oms`hostName=docker-20`logLevel=DEBUG`==> Parameters: 1(Long), 7(Long), 8(Long), 2(Long), 3(Long), 5(Long), 13(Long), 14(Long), 15(Long), 16(Long), 17(Long), 18(Long), 19(Long), 20(Long), 21(Long)
time=2019-03-09T21:42:01.632+0800`appName=oms`hostName=docker-20`logLevel=DEBUG`<==      Total: 15
time=2019-03-09T21:42:06.878+0800`appName=oms`hostName=docker-20`logLevel=DEBUG`==>  Preparing: SELECT role_id AS roleId,role_name AS roleName,remark,deleted,ctime,utime FROM role 
time=2019-03-09T21:42:06.878+0800`appName=oms`hostName=docker-20`logLevel=DEBUG`==> Parameters: 
time=2019-03-09T21:42:06.885+0800`appName=oms`hostName=docker-20`logLevel=DEBUG`<==      Total: 5
time=2019-03-09T21:42:07.004+0800`appName=oms`hostName=docker-20`logLevel=DEBUG`==>  Preparing: SELECT COUNT(1) FROM operator 
time=2019-03-09T21:42:07.004+0800`appName=oms`hostName=docker-20`logLevel=DEBUG`==> Parameters: 
time=2019-03-09T21:42:07.011+0800`appName=oms`hostName=docker-20`logLevel=DEBUG`==>  Preparing: SELECT operator_id AS operatorId,operator_name AS operatorName,operator_status AS operatorStatus,deleted,mobile,pwd,role_id AS roleId,ctime,utime FROM operator LIMIT 0,10 
time=2019-03-09T21:42:07.011+0800`appName=oms`hostName=docker-20`logLevel=DEBUG`==> Parameters: 
time=2019-03-09T21:42:07.014+0800`appName=oms`hostName=docker-20`logLevel=DEBUG`<==      Total: 2
time=2019-03-09T21:42:07.017+0800`appName=oms`hostName=docker-20`logLevel=DEBUG`==>  Preparing: SELECT role_id AS roleId,role_name AS roleName,remark,deleted,ctime,utime FROM role WHERE role_id IN (?,?) 
time=2019-03-09T21:42:07.018+0800`appName=oms`hostName=docker-20`logLevel=DEBUG`==> Parameters: 17(Long), 1(Long)
time=2019-03-09T21:42:07.020+0800`appName=oms`hostName=docker-20`logLevel=DEBUG`<==      Total: 2
time=2019-03-09T21:42:10.046+0800`appName=oms`hostName=docker-20`logLevel=DEBUG`==>  Preparing: SELECT menu_id AS menuId,title,href,icon,status,parent_id,ctime,utime FROM menu WHERE parent_id = ? 
time=2019-03-09T21:42:10.047+0800`appName=oms`hostName=docker-20`logLevel=DEBUG`==> Parameters: 0(Integer)
time=2019-03-09T21:42:10.052+0800`appName=oms`hostName=docker-20`logLevel=DEBUG`<==      Total: 6
time=2019-03-09T21:42:10.075+0800`appName=oms`hostName=docker-20`logLevel=DEBUG`==>  Preparing: SELECT COUNT(1) FROM menu 
time=2019-03-09T21:42:10.076+0800`appName=oms`hostName=docker-20`logLevel=DEBUG`==> Parameters: 
time=2019-03-09T21:42:10.078+0800`appName=oms`hostName=docker-20`logLevel=DEBUG`==>  Preparing: SELECT menu_id AS menuId,title,href,icon,status,parent_id,ctime,utime FROM menu LIMIT 0,10 
time=2019-03-09T21:42:10.079+0800`appName=oms`hostName=docker-20`logLevel=DEBUG`==> Parameters: 
time=2019-03-09T21:42:10.083+0800`appName=oms`hostName=docker-20`logLevel=DEBUG`<==      Total: 10
time=2019-03-09T21:42:24.496+0800`appName=oms`hostName=docker-20`logLevel=DEBUG`==>  Preparing: SELECT COUNT(1) FROM recruit_unit WHERE 1 = 1 
time=2019-03-09T21:42:24.497+0800`appName=oms`hostName=docker-20`logLevel=DEBUG`==> Parameters: 
time=2019-03-09T21:42:24.501+0800`appName=oms`hostName=docker-20`logLevel=DEBUG`==>  Preparing: SELECT unit_id AS unitId,unit_name AS unitName,industry,property,scale,unit_web AS unitWeb,contractor,mobile,direct,company_phone AS companyPhone,address,status,deleted,ctime,utime FROM recruit_unit WHERE 1=1 ORDER BY ctime DESC LIMIT 0,20 
time=2019-03-09T21:42:24.502+0800`appName=oms`hostName=docker-20`logLevel=DEBUG`==> Parameters: 
time=2019-03-09T21:42:24.510+0800`appName=oms`hostName=docker-20`logLevel=DEBUG`<==      Total: 2
time=2019-03-09T21:42:28.686+0800`appName=oms`hostName=docker-20`logLevel=DEBUG`==>  Preparing: SELECT unit_id AS unitId,unit_name AS unitName,industry,property,scale,unit_web AS unitWeb,contractor,mobile,direct,company_phone AS companyPhone,address,status,deleted,ctime,utime FROM recruit_unit WHERE deleted = ? AND status = ? 
time=2019-03-09T21:42:28.689+0800`appName=oms`hostName=docker-20`logLevel=DEBUG`==> Parameters: 1(Integer), 3(Integer)
time=2019-03-09T21:42:28.691+0800`appName=oms`hostName=docker-20`logLevel=DEBUG`<==      Total: 1
time=2019-03-09T21:42:32.988+0800`appName=oms`hostName=docker-20`logLevel=DEBUG`==>  Preparing: SELECT COUNT(1) FROM activity WHERE activity_name LIKE ? 
time=2019-03-09T21:42:32.989+0800`appName=oms`hostName=docker-20`logLevel=DEBUG`==> Parameters: %null%(String)
time=2019-03-09T21:42:32.992+0800`appName=oms`hostName=docker-20`logLevel=DEBUG`==>  Preparing: SELECT activity_id AS activityId,activity_name AS activityName,activity_addr AS activityAddr,start_time AS startTime,end_time AS endTime,activity_desc AS activityDesc,activity_number AS activityNumber,sign_number AS signNumber,interests,leader_name AS leaderName,leader_mobile AS leaderMobile,status,creator,ctime,utime FROM activity WHERE activity_name LIKE ? 
time=2019-03-09T21:42:32.993+0800`appName=oms`hostName=docker-20`logLevel=DEBUG`==> Parameters: %null%(String)
time=2019-03-09T21:42:32.996+0800`appName=oms`hostName=docker-20`logLevel=DEBUG`<==      Total: 0
