time=2019-01-05T19:17:48.315+0800`appName=graduation1`hostName=localhost`logLevel=DEBUG`==>  Preparing: SELECT operator_id AS operatorId,operator_name AS operatorName,operator_status AS operatorStatus,deleted,origin_type AS originType,mobile,pwd,ctime,utime FROM operator WHERE operator_id=? 
time=2019-01-05T19:17:48.391+0800`appName=graduation1`hostName=localhost`logLevel=DEBUG`==> Parameters: 15207311(Long)
time=2019-01-05T19:18:21.123+0800`appName=graduation1`hostName=localhost`logLevel=DEBUG`==>  Preparing: SELECT operator_id AS operatorId,operator_name AS operatorName,operator_status AS operatorStatus,deleted,origin_type AS originType,mobile,pwd,ctime,utime FROM operator WHERE operator_id=? 
time=2019-01-05T19:18:21.123+0800`appName=graduation1`hostName=localhost`logLevel=DEBUG`==> Parameters: 15207311(Long)
time=2019-01-05T19:19:53.378+0800`appName=graduation1`hostName=localhost`logLevel=DEBUG`==>  Preparing: SELECT operator_id AS operatorId,operator_name AS operatorName,operator_status AS operatorStatus,deleted,origin_type AS originType,mobile,pwd,ctime,utime FROM operator WHERE operator_id=? 
time=2019-01-05T19:19:53.418+0800`appName=graduation1`hostName=localhost`logLevel=DEBUG`==> Parameters: null
time=2019-01-05T19:21:25.643+0800`appName=graduation1`hostName=localhost`logLevel=DEBUG`==>  Preparing: SELECT operator_id AS operatorId,operator_name AS operatorName,operator_status AS operatorStatus,deleted,origin_type AS originType,mobile,pwd,ctime,utime FROM operator WHERE operator_id=? 
time=2019-01-05T19:21:25.667+0800`appName=graduation1`hostName=localhost`logLevel=DEBUG`==> Parameters: null
time=2019-01-05T19:22:40.954+0800`appName=graduation1`hostName=localhost`logLevel=DEBUG`==>  Preparing: SELECT operator_id AS operatorId,operator_name AS operatorName,operator_status AS operatorStatus,deleted,mobile,pwd,ctime,utime FROM operator WHERE operator_id=? 
time=2019-01-05T19:22:41.557+0800`appName=graduation1`hostName=localhost`logLevel=DEBUG`==> Parameters: 15207311(Long)
time=2019-01-05T19:22:41.965+0800`appName=graduation1`hostName=localhost`logLevel=DEBUG`<==      Total: 0
time=2019-01-05T19:22:56.652+0800`appName=graduation1`hostName=localhost`logLevel=DEBUG`==>  Preparing: SELECT operator_id AS operatorId,operator_name AS operatorName,operator_status AS operatorStatus,deleted,mobile,pwd,ctime,utime FROM operator WHERE operator_id=? 
time=2019-01-05T19:22:56.652+0800`appName=graduation1`hostName=localhost`logLevel=DEBUG`==> Parameters: 15207312(Long)
time=2019-01-05T19:22:56.656+0800`appName=graduation1`hostName=localhost`logLevel=DEBUG`<==      Total: 0
time=2019-01-05T19:23:30.925+0800`appName=graduation1`hostName=localhost`logLevel=DEBUG`==>  Preparing: SELECT operator_id AS operatorId,operator_name AS operatorName,operator_status AS operatorStatus,deleted,mobile,pwd,ctime,utime FROM operator WHERE operator_id=? 
time=2019-01-05T19:23:30.929+0800`appName=graduation1`hostName=localhost`logLevel=DEBUG`==> Parameters: 15207312(Long)
time=2019-01-05T19:23:30.937+0800`appName=graduation1`hostName=localhost`logLevel=DEBUG`<==      Total: 1
time=2019-01-05T19:25:17.396+0800`appName=graduation1`hostName=localhost`logLevel=DEBUG`==>  Preparing: SELECT operator_id AS operatorId,operator_name AS operatorName,operator_status AS operatorStatus,deleted,mobile,pwd,ctime,utime FROM operator WHERE operator_id=? 
time=2019-01-05T19:25:17.396+0800`appName=graduation1`hostName=localhost`logLevel=DEBUG`==> Parameters: 15207312(Long)
time=2019-01-05T19:25:17.400+0800`appName=graduation1`hostName=localhost`logLevel=DEBUG`<==      Total: 1
time=2019-01-05T19:25:38.966+0800`appName=graduation1`hostName=localhost`logLevel=DEBUG`==>  Preparing: SELECT operator_id AS operatorId,operator_name AS operatorName,operator_status AS operatorStatus,deleted,mobile,pwd,ctime,utime FROM operator WHERE operator_id=? 
time=2019-01-05T19:25:38.966+0800`appName=graduation1`hostName=localhost`logLevel=DEBUG`==> Parameters: 15207312(Long)
time=2019-01-05T19:25:38.970+0800`appName=graduation1`hostName=localhost`logLevel=DEBUG`<==      Total: 1
time=2019-01-05T19:28:49.749+0800`appName=graduation1`hostName=localhost`logLevel=DEBUG`==>  Preparing: SELECT operator_id AS operatorId,operator_name AS operatorName,operator_status AS operatorStatus,deleted,mobile,pwd,ctime,utime FROM operator WHERE operator_id=? 
time=2019-01-05T19:28:49.797+0800`appName=graduation1`hostName=localhost`logLevel=DEBUG`==> Parameters: 15207312(Long)
time=2019-01-05T19:28:49.832+0800`appName=graduation1`hostName=localhost`logLevel=DEBUG`<==      Total: 1
time=2019-01-05T19:30:05.746+0800`appName=graduation1`hostName=localhost`logLevel=DEBUG`==>  Preparing: SELECT operator_id AS operatorId,operator_name AS operatorName,operator_status AS operatorStatus,deleted,mobile,pwd,ctime,utime FROM operator WHERE operator_id=? 
time=2019-01-05T19:30:05.795+0800`appName=graduation1`hostName=localhost`logLevel=DEBUG`==> Parameters: 15207312(Long)
time=2019-01-05T19:30:05.828+0800`appName=graduation1`hostName=localhost`logLevel=DEBUG`<==      Total: 1
time=2019-01-05T19:30:55.377+0800`appName=graduation1`hostName=localhost`logLevel=DEBUG`==>  Preparing: SELECT operator_id AS operatorId,operator_name AS operatorName,operator_status AS operatorStatus,deleted,mobile,pwd,ctime,utime FROM operator WHERE operator_id=? 
time=2019-01-05T19:30:55.378+0800`appName=graduation1`hostName=localhost`logLevel=DEBUG`==> Parameters: 15207312(Long)
time=2019-01-05T19:30:55.382+0800`appName=graduation1`hostName=localhost`logLevel=DEBUG`<==      Total: 1
time=2019-01-05T19:30:55.393+0800`appName=graduation1`hostName=localhost`logLevel=DEBUG`==>  Preparing: SELECT student_id AS studentId,token,ctime,utime FROM user_web_token WHERE student_id=? 
time=2019-01-05T19:30:55.394+0800`appName=graduation1`hostName=localhost`logLevel=DEBUG`==> Parameters: 15207312(Long)
time=2019-01-05T19:30:55.401+0800`appName=graduation1`hostName=localhost`logLevel=DEBUG`<==      Total: 0
time=2019-01-05T19:30:55.497+0800`appName=graduation1`hostName=localhost`logLevel=DEBUG`==>  Preparing: UPDATE user_web_token SET token=?,utime=? WHERE student_id=? 
time=2019-01-05T19:30:55.498+0800`appName=graduation1`hostName=localhost`logLevel=DEBUG`==> Parameters: b9074481-b02d-43b9-ac32-d729ae70e52f(String), 1546687855492(Long), 15207312(Long)
time=2019-01-05T19:30:55.501+0800`appName=graduation1`hostName=localhost`logLevel=DEBUG`<==    Updates: 0
time=2019-01-05T19:30:55.506+0800`appName=graduation1`hostName=localhost`logLevel=DEBUG`==>  Preparing: INSERT INTO user_web_token ( student_id,token,ctime,utime ) VALUES ( ?,?,?,? ) 
time=2019-01-05T19:30:55.507+0800`appName=graduation1`hostName=localhost`logLevel=DEBUG`==> Parameters: 15207312(Long), b9074481-b02d-43b9-ac32-d729ae70e52f(String), 1546687855504(Long), 1546687855492(Long)
time=2019-01-05T19:30:55.511+0800`appName=graduation1`hostName=localhost`logLevel=DEBUG`<==    Updates: 1
time=2019-01-05T19:31:12.056+0800`appName=graduation1`hostName=localhost`logLevel=DEBUG`==>  Preparing: SELECT operator_id AS operatorId,operator_name AS operatorName,operator_status AS operatorStatus,deleted,mobile,pwd,ctime,utime FROM operator WHERE operator_id=? 
time=2019-01-05T19:31:12.056+0800`appName=graduation1`hostName=localhost`logLevel=DEBUG`==> Parameters: 15207312(Long)
time=2019-01-05T19:31:12.059+0800`appName=graduation1`hostName=localhost`logLevel=DEBUG`<==      Total: 1
time=2019-01-05T19:31:12.061+0800`appName=graduation1`hostName=localhost`logLevel=DEBUG`==>  Preparing: SELECT student_id AS studentId,token,ctime,utime FROM user_web_token WHERE student_id=? 
time=2019-01-05T19:31:12.063+0800`appName=graduation1`hostName=localhost`logLevel=DEBUG`==> Parameters: 15207312(Long)
time=2019-01-05T19:31:12.067+0800`appName=graduation1`hostName=localhost`logLevel=DEBUG`<==      Total: 1
time=2019-01-05T19:31:12.079+0800`appName=graduation1`hostName=localhost`logLevel=DEBUG`==>  Preparing: UPDATE user_web_token SET token=?,utime=? WHERE student_id=? 
time=2019-01-05T19:31:12.080+0800`appName=graduation1`hostName=localhost`logLevel=DEBUG`==> Parameters: 303fff50-dc8a-4e09-8fab-2ca41dea5635(String), 1546687872078(Long), 15207312(Long)
time=2019-01-05T19:31:12.081+0800`appName=graduation1`hostName=localhost`logLevel=DEBUG`<==    Updates: 1
time=2019-01-05T19:32:27.781+0800`appName=graduation1`hostName=localhost`logLevel=DEBUG`==>  Preparing: SELECT operator_id AS operatorId,operator_name AS operatorName,operator_status AS operatorStatus,deleted,mobile,pwd,ctime,utime FROM operator WHERE operator_id=? 
time=2019-01-05T19:32:27.901+0800`appName=graduation1`hostName=localhost`logLevel=DEBUG`==> Parameters: 15207312(Long)
time=2019-01-05T19:32:27.936+0800`appName=graduation1`hostName=localhost`logLevel=DEBUG`<==      Total: 1
time=2019-01-05T19:32:27.955+0800`appName=graduation1`hostName=localhost`logLevel=DEBUG`==>  Preparing: SELECT student_id AS studentId,token,ctime,utime FROM user_web_token WHERE student_id=? 
time=2019-01-05T19:32:27.956+0800`appName=graduation1`hostName=localhost`logLevel=DEBUG`==> Parameters: 15207312(Long)
time=2019-01-05T19:32:27.959+0800`appName=graduation1`hostName=localhost`logLevel=DEBUG`<==      Total: 1
time=2019-01-05T19:32:28.049+0800`appName=graduation1`hostName=localhost`logLevel=DEBUG`==>  Preparing: UPDATE user_web_token SET token=?,utime=? WHERE student_id=? 
time=2019-01-05T19:32:28.050+0800`appName=graduation1`hostName=localhost`logLevel=DEBUG`==> Parameters: a91667d9-4bf8-4444-9b60-db69870ba732(String), 1546687948048(Long), 15207312(Long)
time=2019-01-05T19:32:28.053+0800`appName=graduation1`hostName=localhost`logLevel=DEBUG`<==    Updates: 1
time=2019-01-05T19:34:43.750+0800`appName=graduation1`hostName=localhost`logLevel=DEBUG`==>  Preparing: SELECT operator_id AS operatorId,operator_name AS operatorName,operator_status AS operatorStatus,deleted,mobile,pwd,ctime,utime FROM operator WHERE operator_id=? 
time=2019-01-05T19:34:43.804+0800`appName=graduation1`hostName=localhost`logLevel=DEBUG`==> Parameters: 15207312(Long)
time=2019-01-05T19:34:43.836+0800`appName=graduation1`hostName=localhost`logLevel=DEBUG`<==      Total: 1
time=2019-01-05T19:34:43.852+0800`appName=graduation1`hostName=localhost`logLevel=DEBUG`==>  Preparing: SELECT student_id AS studentId,token,ctime,utime FROM user_web_token WHERE student_id=? 
time=2019-01-05T19:34:43.853+0800`appName=graduation1`hostName=localhost`logLevel=DEBUG`==> Parameters: 15207312(Long)
time=2019-01-05T19:34:43.855+0800`appName=graduation1`hostName=localhost`logLevel=DEBUG`<==      Total: 1
time=2019-01-05T19:34:43.967+0800`appName=graduation1`hostName=localhost`logLevel=DEBUG`==>  Preparing: UPDATE user_web_token SET token=?,utime=? WHERE student_id=? 
time=2019-01-05T19:34:43.969+0800`appName=graduation1`hostName=localhost`logLevel=DEBUG`==> Parameters: 466e3482-12c9-4a89-b9b4-c71ab8523815(String), 1546688083965(Long), 15207312(Long)
time=2019-01-05T19:34:43.973+0800`appName=graduation1`hostName=localhost`logLevel=DEBUG`<==    Updates: 1
time=2019-01-05T19:34:57.087+0800`appName=graduation1`hostName=localhost`logLevel=DEBUG`==>  Preparing: SELECT operator_id AS operatorId,operator_name AS operatorName,operator_status AS operatorStatus,deleted,mobile,pwd,ctime,utime FROM operator WHERE operator_id=? 
time=2019-01-05T19:34:57.088+0800`appName=graduation1`hostName=localhost`logLevel=DEBUG`==> Parameters: 15207312(Long)
time=2019-01-05T19:34:57.092+0800`appName=graduation1`hostName=localhost`logLevel=DEBUG`<==      Total: 1
time=2019-01-05T19:34:57.094+0800`appName=graduation1`hostName=localhost`logLevel=DEBUG`==>  Preparing: SELECT student_id AS studentId,token,ctime,utime FROM user_web_token WHERE student_id=? 
time=2019-01-05T19:34:57.095+0800`appName=graduation1`hostName=localhost`logLevel=DEBUG`==> Parameters: 15207312(Long)
time=2019-01-05T19:34:57.097+0800`appName=graduation1`hostName=localhost`logLevel=DEBUG`<==      Total: 1
time=2019-01-05T19:34:57.102+0800`appName=graduation1`hostName=localhost`logLevel=DEBUG`==>  Preparing: UPDATE user_web_token SET token=?,utime=? WHERE student_id=? 
time=2019-01-05T19:34:57.103+0800`appName=graduation1`hostName=localhost`logLevel=DEBUG`==> Parameters: 869c094e-f26a-4772-ba76-a7a6483e02d9(String), 1546688097101(Long), 15207312(Long)
time=2019-01-05T19:34:57.106+0800`appName=graduation1`hostName=localhost`logLevel=DEBUG`<==    Updates: 1
time=2019-01-05T19:36:13.857+0800`appName=graduation1`hostName=localhost`logLevel=DEBUG`==>  Preparing: SELECT operator_id AS operatorId,operator_name AS operatorName,operator_status AS operatorStatus,deleted,mobile,pwd,ctime,utime FROM operator WHERE operator_id=? 
time=2019-01-05T19:36:13.858+0800`appName=graduation1`hostName=localhost`logLevel=DEBUG`==> Parameters: 15207312(Long)
time=2019-01-05T19:36:13.861+0800`appName=graduation1`hostName=localhost`logLevel=DEBUG`<==      Total: 1
time=2019-01-05T19:36:13.863+0800`appName=graduation1`hostName=localhost`logLevel=DEBUG`==>  Preparing: SELECT student_id AS studentId,token,ctime,utime FROM user_web_token WHERE student_id=? 
time=2019-01-05T19:36:13.863+0800`appName=graduation1`hostName=localhost`logLevel=DEBUG`==> Parameters: 15207312(Long)
time=2019-01-05T19:36:13.867+0800`appName=graduation1`hostName=localhost`logLevel=DEBUG`<==      Total: 1
time=2019-01-05T19:36:13.874+0800`appName=graduation1`hostName=localhost`logLevel=DEBUG`==>  Preparing: UPDATE user_web_token SET token=?,utime=? WHERE student_id=? 
time=2019-01-05T19:36:13.875+0800`appName=graduation1`hostName=localhost`logLevel=DEBUG`==> Parameters: fb934185-9d5a-40a8-a562-14ae26e0dee1(String), 1546688173873(Long), 15207312(Long)
time=2019-01-05T19:36:13.876+0800`appName=graduation1`hostName=localhost`logLevel=DEBUG`<==    Updates: 1
time=2019-01-05T19:37:32.015+0800`appName=graduation1`hostName=localhost`logLevel=DEBUG`==>  Preparing: SELECT operator_id AS operatorId,operator_name AS operatorName,operator_status AS operatorStatus,deleted,mobile,pwd,ctime,utime FROM operator WHERE operator_id=? 
time=2019-01-05T19:37:32.063+0800`appName=graduation1`hostName=localhost`logLevel=DEBUG`==> Parameters: 15207312(Long)
time=2019-01-05T19:37:32.094+0800`appName=graduation1`hostName=localhost`logLevel=DEBUG`<==      Total: 1
time=2019-01-05T19:37:32.114+0800`appName=graduation1`hostName=localhost`logLevel=DEBUG`==>  Preparing: SELECT student_id AS studentId,token,ctime,utime FROM user_web_token WHERE student_id=? 
time=2019-01-05T19:37:32.115+0800`appName=graduation1`hostName=localhost`logLevel=DEBUG`==> Parameters: 15207312(Long)
time=2019-01-05T19:37:32.117+0800`appName=graduation1`hostName=localhost`logLevel=DEBUG`<==      Total: 1
time=2019-01-05T19:37:32.219+0800`appName=graduation1`hostName=localhost`logLevel=DEBUG`==>  Preparing: UPDATE user_web_token SET token=?,utime=? WHERE student_id=? 
time=2019-01-05T19:37:32.221+0800`appName=graduation1`hostName=localhost`logLevel=DEBUG`==> Parameters: 822d7879-191a-4680-9cf0-8870fc4a4ed2(String), 1546688252217(Long), 15207312(Long)
time=2019-01-05T19:37:32.224+0800`appName=graduation1`hostName=localhost`logLevel=DEBUG`<==    Updates: 1
