time=2019-02-26T14:45:29.673+0800`appName=graduation`hostName=localhost`logLevel=DEBUG`==>  Preparing: SELECT operator_id AS operatorId,operator_name AS operatorName,operator_status AS operatorStatus,deleted,mobile,pwd,role_id AS roleId,ctime,utime FROM operator WHERE operator_id=? 
time=2019-02-26T14:45:29.696+0800`appName=graduation`hostName=localhost`logLevel=DEBUG`==> Parameters: 15207312(Long)
time=2019-02-26T14:45:29.716+0800`appName=graduation`hostName=localhost`logLevel=DEBUG`<==      Total: 1
time=2019-02-26T14:45:29.781+0800`appName=graduation`hostName=localhost`logLevel=DEBUG`==>  Preparing: SELECT student_id AS studentId,token,ctime,utime FROM user_web_token WHERE student_id=? 
time=2019-02-26T14:45:29.782+0800`appName=graduation`hostName=localhost`logLevel=DEBUG`==> Parameters: 15207312(Long)
time=2019-02-26T14:45:29.788+0800`appName=graduation`hostName=localhost`logLevel=DEBUG`<==      Total: 1
time=2019-02-26T14:45:29.877+0800`appName=graduation`hostName=localhost`logLevel=DEBUG`==>  Preparing: UPDATE user_web_token SET token=?,utime=? WHERE student_id=? 
time=2019-02-26T14:45:29.881+0800`appName=graduation`hostName=localhost`logLevel=DEBUG`==> Parameters: a64ed545-5cbe-414c-a450-2a466a5f64d2(String), 1551163529874(Long), 15207312(Long)
time=2019-02-26T14:45:29.893+0800`appName=graduation`hostName=localhost`logLevel=DEBUG`<==    Updates: 1
time=2019-02-26T14:45:30.289+0800`appName=graduation`hostName=localhost`logLevel=DEBUG`==>  Preparing: SELECT relation_id AS relationId,operator_id AS operatorId,role_id AS roleId,deleted,ctime,utime FROM operator_role_relation WHERE operator_id = ? 
time=2019-02-26T14:45:30.290+0800`appName=graduation`hostName=localhost`logLevel=DEBUG`==> Parameters: 15207312(Long)
time=2019-02-26T14:45:30.293+0800`appName=graduation`hostName=localhost`logLevel=DEBUG`<==      Total: 1
time=2019-02-26T14:45:30.298+0800`appName=graduation`hostName=localhost`logLevel=DEBUG`==>  Preparing: SELECT relation_id AS relationId,role_id AS roleId,menu_id AS menuId,status,ctime,utime FROM role_menu_relation WHERE role_id = ? 
time=2019-02-26T14:45:30.298+0800`appName=graduation`hostName=localhost`logLevel=DEBUG`==> Parameters: 1(Long)
time=2019-02-26T14:45:30.301+0800`appName=graduation`hostName=localhost`logLevel=DEBUG`<==      Total: 13
time=2019-02-26T14:45:30.304+0800`appName=graduation`hostName=localhost`logLevel=DEBUG`==>  Preparing: SELECT menu_id AS menuId,title,href,icon,status,parent_id,ctime,utime FROM menu WHERE menu_id IN (?,?,?,?,?,?,?,?,?,?,?,?,?) 
time=2019-02-26T14:45:30.305+0800`appName=graduation`hostName=localhost`logLevel=DEBUG`==> Parameters: 1(Long), 7(Long), 8(Long), 2(Long), 3(Long), 5(Long), 13(Long), 14(Long), 15(Long), 16(Long), 17(Long), 18(Long), 19(Long)
time=2019-02-26T14:45:30.309+0800`appName=graduation`hostName=localhost`logLevel=DEBUG`<==      Total: 13
time=2019-02-26T14:45:30.613+0800`appName=graduation`hostName=localhost`logLevel=DEBUG`==>  Preparing: SELECT COUNT(1) FROM recruit_unit WHERE 1 = 1 
time=2019-02-26T14:45:30.614+0800`appName=graduation`hostName=localhost`logLevel=DEBUG`==> Parameters: 
time=2019-02-26T14:45:30.619+0800`appName=graduation`hostName=localhost`logLevel=DEBUG`==>  Preparing: SELECT unit_id AS unitId,unit_name AS unitName,industry,property,scale,unit_web AS unitWeb,contractor,mobile,direct,company_phone AS companyPhone,status,deleted,ctime,utime FROM recruit_unit WHERE 1=1 ORDER BY ctime DESC LIMIT 0,20 
time=2019-02-26T14:45:30.620+0800`appName=graduation`hostName=localhost`logLevel=DEBUG`==> Parameters: 
time=2019-02-26T14:45:30.621+0800`appName=graduation`hostName=localhost`logLevel=DEBUG`<==      Total: 1
time=2019-02-26T14:45:33.595+0800`appName=graduation`hostName=localhost`logLevel=DEBUG`==>  Preparing: SELECT role_id AS roleId,role_name AS roleName,remark,deleted,ctime,utime FROM role 
time=2019-02-26T14:45:33.596+0800`appName=graduation`hostName=localhost`logLevel=DEBUG`==> Parameters: 
time=2019-02-26T14:45:33.604+0800`appName=graduation`hostName=localhost`logLevel=DEBUG`<==      Total: 5
time=2019-02-26T14:45:33.613+0800`appName=graduation`hostName=localhost`logLevel=DEBUG`==>  Preparing: SELECT COUNT(1) FROM operator 
time=2019-02-26T14:45:33.614+0800`appName=graduation`hostName=localhost`logLevel=DEBUG`==> Parameters: 
time=2019-02-26T14:45:33.616+0800`appName=graduation`hostName=localhost`logLevel=DEBUG`==>  Preparing: SELECT operator_id AS operatorId,operator_name AS operatorName,operator_status AS operatorStatus,deleted,mobile,pwd,role_id AS roleId,ctime,utime FROM operator LIMIT 0,10 
time=2019-02-26T14:45:33.616+0800`appName=graduation`hostName=localhost`logLevel=DEBUG`==> Parameters: 
time=2019-02-26T14:45:33.618+0800`appName=graduation`hostName=localhost`logLevel=DEBUG`<==      Total: 2
time=2019-02-26T14:45:33.626+0800`appName=graduation`hostName=localhost`logLevel=DEBUG`==>  Preparing: SELECT role_id AS roleId,role_name AS roleName,remark,deleted,ctime,utime FROM role WHERE role_id IN (?,?) 
time=2019-02-26T14:45:33.628+0800`appName=graduation`hostName=localhost`logLevel=DEBUG`==> Parameters: 17(Long), 1(Long)
time=2019-02-26T14:45:33.630+0800`appName=graduation`hostName=localhost`logLevel=DEBUG`<==      Total: 2
time=2019-02-26T14:45:59.454+0800`appName=graduation`hostName=localhost`logLevel=DEBUG`==>  Preparing: SELECT menu_id AS menuId,title,href,icon,status,parent_id,ctime,utime FROM menu WHERE parent_id = ? 
time=2019-02-26T14:45:59.455+0800`appName=graduation`hostName=localhost`logLevel=DEBUG`==> Parameters: 0(Integer)
time=2019-02-26T14:45:59.457+0800`appName=graduation`hostName=localhost`logLevel=DEBUG`<==      Total: 5
time=2019-02-26T14:45:59.486+0800`appName=graduation`hostName=localhost`logLevel=DEBUG`==>  Preparing: SELECT COUNT(1) FROM menu 
time=2019-02-26T14:45:59.486+0800`appName=graduation`hostName=localhost`logLevel=DEBUG`==> Parameters: 
time=2019-02-26T14:45:59.488+0800`appName=graduation`hostName=localhost`logLevel=DEBUG`==>  Preparing: SELECT menu_id AS menuId,title,href,icon,status,parent_id,ctime,utime FROM menu LIMIT 0,10 
time=2019-02-26T14:45:59.488+0800`appName=graduation`hostName=localhost`logLevel=DEBUG`==> Parameters: 
time=2019-02-26T14:45:59.490+0800`appName=graduation`hostName=localhost`logLevel=DEBUG`<==      Total: 10
time=2019-02-26T14:46:40.972+0800`appName=graduation`hostName=localhost`logLevel=DEBUG`==>  Preparing: SELECT role_id AS roleId,role_name AS roleName,remark,deleted,ctime,utime FROM role 
time=2019-02-26T14:46:40.973+0800`appName=graduation`hostName=localhost`logLevel=DEBUG`==> Parameters: 
time=2019-02-26T14:46:40.975+0800`appName=graduation`hostName=localhost`logLevel=DEBUG`<==      Total: 5
time=2019-02-26T14:50:21.225+0800`appName=graduation`hostName=localhost`logLevel=DEBUG`==>  Preparing: SELECT relation_id AS relationId,operator_id AS operatorId,role_id AS roleId,deleted,ctime,utime FROM operator_role_relation WHERE operator_id = ? 
time=2019-02-26T14:50:21.306+0800`appName=graduation`hostName=localhost`logLevel=DEBUG`==> Parameters: 15207312(Long)
time=2019-02-26T14:50:21.328+0800`appName=graduation`hostName=localhost`logLevel=DEBUG`<==      Total: 1
time=2019-02-26T14:50:21.341+0800`appName=graduation`hostName=localhost`logLevel=DEBUG`==>  Preparing: SELECT relation_id AS relationId,role_id AS roleId,menu_id AS menuId,status,ctime,utime FROM role_menu_relation WHERE role_id = ? 
time=2019-02-26T14:50:21.342+0800`appName=graduation`hostName=localhost`logLevel=DEBUG`==> Parameters: 1(Long)
time=2019-02-26T14:50:21.347+0800`appName=graduation`hostName=localhost`logLevel=DEBUG`<==      Total: 13
time=2019-02-26T14:50:21.364+0800`appName=graduation`hostName=localhost`logLevel=DEBUG`==>  Preparing: SELECT menu_id AS menuId,title,href,icon,status,parent_id,ctime,utime FROM menu WHERE menu_id IN (?,?,?,?,?,?,?,?,?,?,?,?,?) 
time=2019-02-26T14:50:21.366+0800`appName=graduation`hostName=localhost`logLevel=DEBUG`==> Parameters: 1(Long), 7(Long), 8(Long), 2(Long), 3(Long), 5(Long), 13(Long), 14(Long), 15(Long), 16(Long), 17(Long), 18(Long), 19(Long)
time=2019-02-26T14:50:21.372+0800`appName=graduation`hostName=localhost`logLevel=DEBUG`<==      Total: 13
time=2019-02-26T14:50:21.917+0800`appName=graduation`hostName=localhost`logLevel=DEBUG`==>  Preparing: SELECT COUNT(1) FROM recruit_unit WHERE 1 = 1 
time=2019-02-26T14:50:21.918+0800`appName=graduation`hostName=localhost`logLevel=DEBUG`==> Parameters: 
time=2019-02-26T14:50:21.923+0800`appName=graduation`hostName=localhost`logLevel=DEBUG`==>  Preparing: SELECT unit_id AS unitId,unit_name AS unitName,industry,property,scale,unit_web AS unitWeb,contractor,mobile,direct,company_phone AS companyPhone,status,deleted,ctime,utime FROM recruit_unit WHERE 1=1 ORDER BY ctime DESC LIMIT 0,20 
time=2019-02-26T14:50:21.924+0800`appName=graduation`hostName=localhost`logLevel=DEBUG`==> Parameters: 
time=2019-02-26T14:50:21.927+0800`appName=graduation`hostName=localhost`logLevel=DEBUG`<==      Total: 1
time=2019-02-26T14:50:21.998+0800`appName=graduation`hostName=localhost`logLevel=DEBUG`==>  Preparing: SELECT role_id AS roleId,role_name AS roleName,remark,deleted,ctime,utime FROM role 
time=2019-02-26T14:50:21.999+0800`appName=graduation`hostName=localhost`logLevel=DEBUG`==> Parameters: 
time=2019-02-26T14:50:22.003+0800`appName=graduation`hostName=localhost`logLevel=DEBUG`<==      Total: 5
time=2019-02-26T14:50:22.004+0800`appName=graduation`hostName=localhost`logLevel=DEBUG`==>  Preparing: SELECT COUNT(1) FROM operator 
time=2019-02-26T14:50:22.005+0800`appName=graduation`hostName=localhost`logLevel=DEBUG`==> Parameters: 
time=2019-02-26T14:50:22.007+0800`appName=graduation`hostName=localhost`logLevel=DEBUG`==>  Preparing: SELECT operator_id AS operatorId,operator_name AS operatorName,operator_status AS operatorStatus,deleted,mobile,pwd,role_id AS roleId,ctime,utime FROM operator LIMIT 0,10 
time=2019-02-26T14:50:22.007+0800`appName=graduation`hostName=localhost`logLevel=DEBUG`==> Parameters: 
time=2019-02-26T14:50:22.009+0800`appName=graduation`hostName=localhost`logLevel=DEBUG`<==      Total: 2
time=2019-02-26T14:50:22.012+0800`appName=graduation`hostName=localhost`logLevel=DEBUG`==>  Preparing: SELECT role_id AS roleId,role_name AS roleName,remark,deleted,ctime,utime FROM role WHERE role_id IN (?,?) 
time=2019-02-26T14:50:22.016+0800`appName=graduation`hostName=localhost`logLevel=DEBUG`==> Parameters: 17(Long), 1(Long)
time=2019-02-26T14:50:22.022+0800`appName=graduation`hostName=localhost`logLevel=DEBUG`<==      Total: 2
time=2019-02-26T14:50:28.270+0800`appName=graduation`hostName=localhost`logLevel=DEBUG`==>  Preparing: SELECT COUNT(1) FROM recruit_unit WHERE 1 = 1 
time=2019-02-26T14:50:28.271+0800`appName=graduation`hostName=localhost`logLevel=DEBUG`==> Parameters: 
time=2019-02-26T14:50:28.272+0800`appName=graduation`hostName=localhost`logLevel=DEBUG`==>  Preparing: SELECT unit_id AS unitId,unit_name AS unitName,industry,property,scale,unit_web AS unitWeb,contractor,mobile,direct,company_phone AS companyPhone,status,deleted,ctime,utime FROM recruit_unit WHERE 1=1 ORDER BY ctime DESC LIMIT 0,20 
time=2019-02-26T14:50:28.273+0800`appName=graduation`hostName=localhost`logLevel=DEBUG`==> Parameters: 
time=2019-02-26T14:50:28.274+0800`appName=graduation`hostName=localhost`logLevel=DEBUG`<==      Total: 1
time=2019-02-26T14:50:46.956+0800`appName=graduation`hostName=localhost`logLevel=DEBUG`==>  Preparing: SELECT operator_id AS operatorId,operator_name AS operatorName,operator_status AS operatorStatus,deleted,mobile,pwd,role_id AS roleId,ctime,utime FROM operator WHERE operator_id=? 
time=2019-02-26T14:50:46.956+0800`appName=graduation`hostName=localhost`logLevel=DEBUG`==> Parameters: 15207312(Long)
time=2019-02-26T14:50:46.958+0800`appName=graduation`hostName=localhost`logLevel=DEBUG`<==      Total: 1
time=2019-02-26T14:50:46.971+0800`appName=graduation`hostName=localhost`logLevel=DEBUG`==>  Preparing: SELECT student_id AS studentId,token,ctime,utime FROM user_web_token WHERE student_id=? 
time=2019-02-26T14:50:46.971+0800`appName=graduation`hostName=localhost`logLevel=DEBUG`==> Parameters: 15207312(Long)
time=2019-02-26T14:50:46.973+0800`appName=graduation`hostName=localhost`logLevel=DEBUG`<==      Total: 1
time=2019-02-26T14:50:47.011+0800`appName=graduation`hostName=localhost`logLevel=DEBUG`==>  Preparing: UPDATE user_web_token SET token=?,utime=? WHERE student_id=? 
time=2019-02-26T14:50:47.012+0800`appName=graduation`hostName=localhost`logLevel=DEBUG`==> Parameters: 2fb50e34-30d6-4ca1-96cf-bb3c54b4e90c(String), 1551163847010(Long), 15207312(Long)
time=2019-02-26T14:50:47.018+0800`appName=graduation`hostName=localhost`logLevel=DEBUG`<==    Updates: 1
time=2019-02-26T14:50:47.418+0800`appName=graduation`hostName=localhost`logLevel=DEBUG`==>  Preparing: SELECT relation_id AS relationId,operator_id AS operatorId,role_id AS roleId,deleted,ctime,utime FROM operator_role_relation WHERE operator_id = ? 
time=2019-02-26T14:50:47.419+0800`appName=graduation`hostName=localhost`logLevel=DEBUG`==> Parameters: 15207312(Long)
time=2019-02-26T14:50:47.420+0800`appName=graduation`hostName=localhost`logLevel=DEBUG`<==      Total: 1
time=2019-02-26T14:50:47.421+0800`appName=graduation`hostName=localhost`logLevel=DEBUG`==>  Preparing: SELECT relation_id AS relationId,role_id AS roleId,menu_id AS menuId,status,ctime,utime FROM role_menu_relation WHERE role_id = ? 
time=2019-02-26T14:50:47.423+0800`appName=graduation`hostName=localhost`logLevel=DEBUG`==> Parameters: 1(Long)
time=2019-02-26T14:50:47.426+0800`appName=graduation`hostName=localhost`logLevel=DEBUG`<==      Total: 13
time=2019-02-26T14:50:47.430+0800`appName=graduation`hostName=localhost`logLevel=DEBUG`==>  Preparing: SELECT menu_id AS menuId,title,href,icon,status,parent_id,ctime,utime FROM menu WHERE menu_id IN (?,?,?,?,?,?,?,?,?,?,?,?,?) 
time=2019-02-26T14:50:47.431+0800`appName=graduation`hostName=localhost`logLevel=DEBUG`==> Parameters: 1(Long), 7(Long), 8(Long), 2(Long), 3(Long), 5(Long), 13(Long), 14(Long), 15(Long), 16(Long), 17(Long), 18(Long), 19(Long)
time=2019-02-26T14:50:47.435+0800`appName=graduation`hostName=localhost`logLevel=DEBUG`<==      Total: 13
time=2019-02-26T14:50:51.013+0800`appName=graduation`hostName=localhost`logLevel=DEBUG`==>  Preparing: SELECT role_id AS roleId,role_name AS roleName,remark,deleted,ctime,utime FROM role 
time=2019-02-26T14:50:51.013+0800`appName=graduation`hostName=localhost`logLevel=DEBUG`==> Parameters: 
time=2019-02-26T14:50:51.016+0800`appName=graduation`hostName=localhost`logLevel=DEBUG`<==      Total: 5
time=2019-02-26T14:50:51.034+0800`appName=graduation`hostName=localhost`logLevel=DEBUG`==>  Preparing: SELECT COUNT(1) FROM operator 
time=2019-02-26T14:50:51.035+0800`appName=graduation`hostName=localhost`logLevel=DEBUG`==> Parameters: 
time=2019-02-26T14:50:51.037+0800`appName=graduation`hostName=localhost`logLevel=DEBUG`==>  Preparing: SELECT operator_id AS operatorId,operator_name AS operatorName,operator_status AS operatorStatus,deleted,mobile,pwd,role_id AS roleId,ctime,utime FROM operator LIMIT 0,10 
time=2019-02-26T14:50:51.039+0800`appName=graduation`hostName=localhost`logLevel=DEBUG`==> Parameters: 
time=2019-02-26T14:50:51.041+0800`appName=graduation`hostName=localhost`logLevel=DEBUG`<==      Total: 2
time=2019-02-26T14:50:51.044+0800`appName=graduation`hostName=localhost`logLevel=DEBUG`==>  Preparing: SELECT role_id AS roleId,role_name AS roleName,remark,deleted,ctime,utime FROM role WHERE role_id IN (?,?) 
time=2019-02-26T14:50:51.045+0800`appName=graduation`hostName=localhost`logLevel=DEBUG`==> Parameters: 17(Long), 1(Long)
time=2019-02-26T14:50:51.049+0800`appName=graduation`hostName=localhost`logLevel=DEBUG`<==      Total: 2
time=2019-02-26T14:52:50.554+0800`appName=graduation`hostName=localhost`logLevel=DEBUG`==>  Preparing: SELECT relation_id AS relationId,operator_id AS operatorId,role_id AS roleId,deleted,ctime,utime FROM operator_role_relation WHERE operator_id = ? 
time=2019-02-26T14:52:50.586+0800`appName=graduation`hostName=localhost`logLevel=DEBUG`==> Parameters: 15207312(Long)
time=2019-02-26T14:52:50.612+0800`appName=graduation`hostName=localhost`logLevel=DEBUG`<==      Total: 1
time=2019-02-26T14:52:50.625+0800`appName=graduation`hostName=localhost`logLevel=DEBUG`==>  Preparing: SELECT relation_id AS relationId,role_id AS roleId,menu_id AS menuId,status,ctime,utime FROM role_menu_relation WHERE role_id = ? 
time=2019-02-26T14:52:50.626+0800`appName=graduation`hostName=localhost`logLevel=DEBUG`==> Parameters: 1(Long)
time=2019-02-26T14:52:50.631+0800`appName=graduation`hostName=localhost`logLevel=DEBUG`<==      Total: 13
time=2019-02-26T14:52:50.649+0800`appName=graduation`hostName=localhost`logLevel=DEBUG`==>  Preparing: SELECT menu_id AS menuId,title,href,icon,status,parent_id,ctime,utime FROM menu WHERE menu_id IN (?,?,?,?,?,?,?,?,?,?,?,?,?) 
time=2019-02-26T14:52:50.651+0800`appName=graduation`hostName=localhost`logLevel=DEBUG`==> Parameters: 1(Long), 7(Long), 8(Long), 2(Long), 3(Long), 5(Long), 13(Long), 14(Long), 15(Long), 16(Long), 17(Long), 18(Long), 19(Long)
time=2019-02-26T14:52:50.658+0800`appName=graduation`hostName=localhost`logLevel=DEBUG`<==      Total: 13
time=2019-02-26T14:52:51.242+0800`appName=graduation`hostName=localhost`logLevel=DEBUG`==>  Preparing: SELECT role_id AS roleId,role_name AS roleName,remark,deleted,ctime,utime FROM role 
time=2019-02-26T14:52:51.243+0800`appName=graduation`hostName=localhost`logLevel=DEBUG`==> Parameters: 
time=2019-02-26T14:52:51.247+0800`appName=graduation`hostName=localhost`logLevel=DEBUG`<==      Total: 5
time=2019-02-26T14:52:51.309+0800`appName=graduation`hostName=localhost`logLevel=DEBUG`==>  Preparing: SELECT COUNT(1) FROM operator 
time=2019-02-26T14:52:51.310+0800`appName=graduation`hostName=localhost`logLevel=DEBUG`==> Parameters: 
time=2019-02-26T14:52:51.316+0800`appName=graduation`hostName=localhost`logLevel=DEBUG`==>  Preparing: SELECT operator_id AS operatorId,operator_name AS operatorName,operator_status AS operatorStatus,deleted,mobile,pwd,role_id AS roleId,ctime,utime FROM operator LIMIT 0,10 
time=2019-02-26T14:52:51.317+0800`appName=graduation`hostName=localhost`logLevel=DEBUG`==> Parameters: 
time=2019-02-26T14:52:51.319+0800`appName=graduation`hostName=localhost`logLevel=DEBUG`<==      Total: 2
time=2019-02-26T14:52:51.322+0800`appName=graduation`hostName=localhost`logLevel=DEBUG`==>  Preparing: SELECT role_id AS roleId,role_name AS roleName,remark,deleted,ctime,utime FROM role WHERE role_id IN (?,?) 
time=2019-02-26T14:52:51.324+0800`appName=graduation`hostName=localhost`logLevel=DEBUG`==> Parameters: 17(Long), 1(Long)
time=2019-02-26T14:52:51.325+0800`appName=graduation`hostName=localhost`logLevel=DEBUG`<==      Total: 2
time=2019-02-26T14:56:19.382+0800`appName=graduation`hostName=localhost`logLevel=DEBUG`==>  Preparing: SELECT relation_id AS relationId,operator_id AS operatorId,role_id AS roleId,deleted,ctime,utime FROM operator_role_relation WHERE operator_id = ? 
time=2019-02-26T14:56:19.413+0800`appName=graduation`hostName=localhost`logLevel=DEBUG`==> Parameters: 15207312(Long)
time=2019-02-26T14:56:19.434+0800`appName=graduation`hostName=localhost`logLevel=DEBUG`<==      Total: 1
time=2019-02-26T14:56:19.448+0800`appName=graduation`hostName=localhost`logLevel=DEBUG`==>  Preparing: SELECT relation_id AS relationId,role_id AS roleId,menu_id AS menuId,status,ctime,utime FROM role_menu_relation WHERE role_id = ? 
time=2019-02-26T14:56:19.448+0800`appName=graduation`hostName=localhost`logLevel=DEBUG`==> Parameters: 1(Long)
time=2019-02-26T14:56:19.453+0800`appName=graduation`hostName=localhost`logLevel=DEBUG`<==      Total: 13
time=2019-02-26T14:56:19.469+0800`appName=graduation`hostName=localhost`logLevel=DEBUG`==>  Preparing: SELECT menu_id AS menuId,title,href,icon,status,parent_id,ctime,utime FROM menu WHERE menu_id IN (?,?,?,?,?,?,?,?,?,?,?,?,?) 
time=2019-02-26T14:56:19.471+0800`appName=graduation`hostName=localhost`logLevel=DEBUG`==> Parameters: 1(Long), 7(Long), 8(Long), 2(Long), 3(Long), 5(Long), 13(Long), 14(Long), 15(Long), 16(Long), 17(Long), 18(Long), 19(Long)
time=2019-02-26T14:56:19.478+0800`appName=graduation`hostName=localhost`logLevel=DEBUG`<==      Total: 13
time=2019-02-26T14:56:19.973+0800`appName=graduation`hostName=localhost`logLevel=DEBUG`==>  Preparing: SELECT role_id AS roleId,role_name AS roleName,remark,deleted,ctime,utime FROM role 
time=2019-02-26T14:56:19.973+0800`appName=graduation`hostName=localhost`logLevel=DEBUG`==> Parameters: 
time=2019-02-26T14:56:19.973+0800`appName=graduation`hostName=localhost`logLevel=DEBUG`<==      Total: 5
time=2019-02-26T14:56:20.036+0800`appName=graduation`hostName=localhost`logLevel=DEBUG`==>  Preparing: SELECT COUNT(1) FROM operator 
time=2019-02-26T14:56:20.037+0800`appName=graduation`hostName=localhost`logLevel=DEBUG`==> Parameters: 
time=2019-02-26T14:56:20.042+0800`appName=graduation`hostName=localhost`logLevel=DEBUG`==>  Preparing: SELECT operator_id AS operatorId,operator_name AS operatorName,operator_status AS operatorStatus,deleted,mobile,pwd,role_id AS roleId,ctime,utime FROM operator LIMIT 0,10 
time=2019-02-26T14:56:20.043+0800`appName=graduation`hostName=localhost`logLevel=DEBUG`==> Parameters: 
time=2019-02-26T14:56:20.045+0800`appName=graduation`hostName=localhost`logLevel=DEBUG`<==      Total: 2
time=2019-02-26T14:56:20.048+0800`appName=graduation`hostName=localhost`logLevel=DEBUG`==>  Preparing: SELECT role_id AS roleId,role_name AS roleName,remark,deleted,ctime,utime FROM role WHERE role_id IN (?,?) 
time=2019-02-26T14:56:20.049+0800`appName=graduation`hostName=localhost`logLevel=DEBUG`==> Parameters: 17(Long), 1(Long)
time=2019-02-26T14:56:20.051+0800`appName=graduation`hostName=localhost`logLevel=DEBUG`<==      Total: 2
time=2019-02-26T14:57:49.497+0800`appName=graduation`hostName=localhost`logLevel=DEBUG`==>  Preparing: SELECT relation_id AS relationId,operator_id AS operatorId,role_id AS roleId,deleted,ctime,utime FROM operator_role_relation WHERE operator_id = ? 
time=2019-02-26T14:57:49.527+0800`appName=graduation`hostName=localhost`logLevel=DEBUG`==> Parameters: 15207312(Long)
time=2019-02-26T14:57:49.549+0800`appName=graduation`hostName=localhost`logLevel=DEBUG`<==      Total: 1
time=2019-02-26T14:57:49.564+0800`appName=graduation`hostName=localhost`logLevel=DEBUG`==>  Preparing: SELECT relation_id AS relationId,role_id AS roleId,menu_id AS menuId,status,ctime,utime FROM role_menu_relation WHERE role_id = ? 
time=2019-02-26T14:57:49.565+0800`appName=graduation`hostName=localhost`logLevel=DEBUG`==> Parameters: 1(Long)
time=2019-02-26T14:57:49.570+0800`appName=graduation`hostName=localhost`logLevel=DEBUG`<==      Total: 13
time=2019-02-26T14:57:49.588+0800`appName=graduation`hostName=localhost`logLevel=DEBUG`==>  Preparing: SELECT menu_id AS menuId,title,href,icon,status,parent_id,ctime,utime FROM menu WHERE menu_id IN (?,?,?,?,?,?,?,?,?,?,?,?,?) 
time=2019-02-26T14:57:49.589+0800`appName=graduation`hostName=localhost`logLevel=DEBUG`==> Parameters: 1(Long), 7(Long), 8(Long), 2(Long), 3(Long), 5(Long), 13(Long), 14(Long), 15(Long), 16(Long), 17(Long), 18(Long), 19(Long)
time=2019-02-26T14:57:49.595+0800`appName=graduation`hostName=localhost`logLevel=DEBUG`<==      Total: 13
time=2019-02-26T14:57:50.005+0800`appName=graduation`hostName=localhost`logLevel=DEBUG`==>  Preparing: SELECT COUNT(1) FROM recruit_unit WHERE 1 = 1 
time=2019-02-26T14:57:50.005+0800`appName=graduation`hostName=localhost`logLevel=DEBUG`==> Parameters: 
time=2019-02-26T14:57:50.015+0800`appName=graduation`hostName=localhost`logLevel=DEBUG`==>  Preparing: SELECT unit_id AS unitId,unit_name AS unitName,industry,property,scale,unit_web AS unitWeb,contractor,mobile,direct,company_phone AS companyPhone,status,deleted,ctime,utime FROM recruit_unit WHERE 1=1 ORDER BY ctime DESC LIMIT 0,20 
time=2019-02-26T14:57:50.015+0800`appName=graduation`hostName=localhost`logLevel=DEBUG`==> Parameters: 
time=2019-02-26T14:57:50.015+0800`appName=graduation`hostName=localhost`logLevel=DEBUG`<==      Total: 1
time=2019-02-26T14:57:50.082+0800`appName=graduation`hostName=localhost`logLevel=DEBUG`==>  Preparing: SELECT role_id AS roleId,role_name AS roleName,remark,deleted,ctime,utime FROM role 
time=2019-02-26T14:57:50.083+0800`appName=graduation`hostName=localhost`logLevel=DEBUG`==> Parameters: 
time=2019-02-26T14:57:50.089+0800`appName=graduation`hostName=localhost`logLevel=DEBUG`<==      Total: 5
time=2019-02-26T15:02:14.353+0800`appName=graduation`hostName=localhost`logLevel=DEBUG`==>  Preparing: SELECT relation_id AS relationId,operator_id AS operatorId,role_id AS roleId,deleted,ctime,utime FROM operator_role_relation WHERE operator_id = ? 
time=2019-02-26T15:02:14.397+0800`appName=graduation`hostName=localhost`logLevel=DEBUG`==> Parameters: 15207312(Long)
time=2019-02-26T15:02:14.426+0800`appName=graduation`hostName=localhost`logLevel=DEBUG`<==      Total: 1
time=2019-02-26T15:02:14.444+0800`appName=graduation`hostName=localhost`logLevel=DEBUG`==>  Preparing: SELECT relation_id AS relationId,role_id AS roleId,menu_id AS menuId,status,ctime,utime FROM role_menu_relation WHERE role_id = ? 
time=2019-02-26T15:02:14.445+0800`appName=graduation`hostName=localhost`logLevel=DEBUG`==> Parameters: 1(Long)
time=2019-02-26T15:02:14.453+0800`appName=graduation`hostName=localhost`logLevel=DEBUG`<==      Total: 13
time=2019-02-26T15:02:14.478+0800`appName=graduation`hostName=localhost`logLevel=DEBUG`==>  Preparing: SELECT menu_id AS menuId,title,href,icon,status,parent_id,ctime,utime FROM menu WHERE menu_id IN (?,?,?,?,?,?,?,?,?,?,?,?,?) 
time=2019-02-26T15:02:14.481+0800`appName=graduation`hostName=localhost`logLevel=DEBUG`==> Parameters: 1(Long), 7(Long), 8(Long), 2(Long), 3(Long), 5(Long), 13(Long), 14(Long), 15(Long), 16(Long), 17(Long), 18(Long), 19(Long)
time=2019-02-26T15:02:14.489+0800`appName=graduation`hostName=localhost`logLevel=DEBUG`<==      Total: 13
time=2019-02-26T15:02:15.206+0800`appName=graduation`hostName=localhost`logLevel=DEBUG`==>  Preparing: SELECT COUNT(1) FROM recruit_unit WHERE 1 = 1 
time=2019-02-26T15:02:15.207+0800`appName=graduation`hostName=localhost`logLevel=DEBUG`==> Parameters: 
time=2019-02-26T15:02:15.214+0800`appName=graduation`hostName=localhost`logLevel=DEBUG`==>  Preparing: SELECT unit_id AS unitId,unit_name AS unitName,industry,property,scale,unit_web AS unitWeb,contractor,mobile,direct,company_phone AS companyPhone,status,deleted,ctime,utime FROM recruit_unit WHERE 1=1 ORDER BY ctime DESC LIMIT 0,20 
time=2019-02-26T15:02:15.215+0800`appName=graduation`hostName=localhost`logLevel=DEBUG`==> Parameters: 
time=2019-02-26T15:02:15.218+0800`appName=graduation`hostName=localhost`logLevel=DEBUG`<==      Total: 1
time=2019-02-26T15:03:17.709+0800`appName=graduation`hostName=localhost`logLevel=DEBUG`==>  Preparing: SELECT relation_id AS relationId,operator_id AS operatorId,role_id AS roleId,deleted,ctime,utime FROM operator_role_relation WHERE operator_id = ? 
time=2019-02-26T15:03:17.744+0800`appName=graduation`hostName=localhost`logLevel=DEBUG`==> Parameters: 15207312(Long)
time=2019-02-26T15:03:17.771+0800`appName=graduation`hostName=localhost`logLevel=DEBUG`<==      Total: 1
time=2019-02-26T15:03:17.786+0800`appName=graduation`hostName=localhost`logLevel=DEBUG`==>  Preparing: SELECT relation_id AS relationId,role_id AS roleId,menu_id AS menuId,status,ctime,utime FROM role_menu_relation WHERE role_id = ? 
time=2019-02-26T15:03:17.786+0800`appName=graduation`hostName=localhost`logLevel=DEBUG`==> Parameters: 1(Long)
time=2019-02-26T15:03:17.792+0800`appName=graduation`hostName=localhost`logLevel=DEBUG`<==      Total: 13
time=2019-02-26T15:03:17.810+0800`appName=graduation`hostName=localhost`logLevel=DEBUG`==>  Preparing: SELECT menu_id AS menuId,title,href,icon,status,parent_id,ctime,utime FROM menu WHERE menu_id IN (?,?,?,?,?,?,?,?,?,?,?,?,?) 
time=2019-02-26T15:03:17.812+0800`appName=graduation`hostName=localhost`logLevel=DEBUG`==> Parameters: 1(Long), 7(Long), 8(Long), 2(Long), 3(Long), 5(Long), 13(Long), 14(Long), 15(Long), 16(Long), 17(Long), 18(Long), 19(Long)
time=2019-02-26T15:03:17.820+0800`appName=graduation`hostName=localhost`logLevel=DEBUG`<==      Total: 13
time=2019-02-26T15:03:18.289+0800`appName=graduation`hostName=localhost`logLevel=DEBUG`==>  Preparing: SELECT COUNT(1) FROM recruit_unit WHERE 1 = 1 
time=2019-02-26T15:03:18.299+0800`appName=graduation`hostName=localhost`logLevel=DEBUG`==> Parameters: 
time=2019-02-26T15:03:18.299+0800`appName=graduation`hostName=localhost`logLevel=DEBUG`==>  Preparing: SELECT unit_id AS unitId,unit_name AS unitName,industry,property,scale,unit_web AS unitWeb,contractor,mobile,direct,company_phone AS companyPhone,status,deleted,ctime,utime FROM recruit_unit WHERE 1=1 ORDER BY ctime DESC LIMIT 0,20 
time=2019-02-26T15:03:18.299+0800`appName=graduation`hostName=localhost`logLevel=DEBUG`==> Parameters: 
time=2019-02-26T15:03:18.309+0800`appName=graduation`hostName=localhost`logLevel=DEBUG`<==      Total: 1
time=2019-02-26T15:04:04.636+0800`appName=graduation`hostName=localhost`logLevel=DEBUG`==>  Preparing: SELECT relation_id AS relationId,operator_id AS operatorId,role_id AS roleId,deleted,ctime,utime FROM operator_role_relation WHERE operator_id = ? 
time=2019-02-26T15:04:04.670+0800`appName=graduation`hostName=localhost`logLevel=DEBUG`==> Parameters: 15207312(Long)
time=2019-02-26T15:04:04.695+0800`appName=graduation`hostName=localhost`logLevel=DEBUG`<==      Total: 1
time=2019-02-26T15:04:04.708+0800`appName=graduation`hostName=localhost`logLevel=DEBUG`==>  Preparing: SELECT relation_id AS relationId,role_id AS roleId,menu_id AS menuId,status,ctime,utime FROM role_menu_relation WHERE role_id = ? 
time=2019-02-26T15:04:04.709+0800`appName=graduation`hostName=localhost`logLevel=DEBUG`==> Parameters: 1(Long)
time=2019-02-26T15:04:04.713+0800`appName=graduation`hostName=localhost`logLevel=DEBUG`<==      Total: 13
time=2019-02-26T15:04:04.731+0800`appName=graduation`hostName=localhost`logLevel=DEBUG`==>  Preparing: SELECT menu_id AS menuId,title,href,icon,status,parent_id,ctime,utime FROM menu WHERE menu_id IN (?,?,?,?,?,?,?,?,?,?,?,?,?) 
time=2019-02-26T15:04:04.733+0800`appName=graduation`hostName=localhost`logLevel=DEBUG`==> Parameters: 1(Long), 7(Long), 8(Long), 2(Long), 3(Long), 5(Long), 13(Long), 14(Long), 15(Long), 16(Long), 17(Long), 18(Long), 19(Long)
time=2019-02-26T15:04:04.740+0800`appName=graduation`hostName=localhost`logLevel=DEBUG`<==      Total: 13
time=2019-02-26T15:04:05.188+0800`appName=graduation`hostName=localhost`logLevel=DEBUG`==>  Preparing: SELECT COUNT(1) FROM recruit_unit WHERE 1 = 1 
time=2019-02-26T15:04:05.189+0800`appName=graduation`hostName=localhost`logLevel=DEBUG`==> Parameters: 
time=2019-02-26T15:04:05.194+0800`appName=graduation`hostName=localhost`logLevel=DEBUG`==>  Preparing: SELECT unit_id AS unitId,unit_name AS unitName,industry,property,scale,unit_web AS unitWeb,contractor,mobile,direct,company_phone AS companyPhone,status,deleted,ctime,utime FROM recruit_unit WHERE 1=1 ORDER BY ctime DESC LIMIT 0,20 
time=2019-02-26T15:04:05.194+0800`appName=graduation`hostName=localhost`logLevel=DEBUG`==> Parameters: 
time=2019-02-26T15:04:05.197+0800`appName=graduation`hostName=localhost`logLevel=DEBUG`<==      Total: 1
time=2019-02-26T15:04:54.878+0800`appName=graduation`hostName=localhost`logLevel=DEBUG`==>  Preparing: SELECT relation_id AS relationId,operator_id AS operatorId,role_id AS roleId,deleted,ctime,utime FROM operator_role_relation WHERE operator_id = ? 
time=2019-02-26T15:04:54.911+0800`appName=graduation`hostName=localhost`logLevel=DEBUG`==> Parameters: 15207312(Long)
time=2019-02-26T15:04:54.935+0800`appName=graduation`hostName=localhost`logLevel=DEBUG`<==      Total: 1
time=2019-02-26T15:04:54.949+0800`appName=graduation`hostName=localhost`logLevel=DEBUG`==>  Preparing: SELECT relation_id AS relationId,role_id AS roleId,menu_id AS menuId,status,ctime,utime FROM role_menu_relation WHERE role_id = ? 
time=2019-02-26T15:04:54.950+0800`appName=graduation`hostName=localhost`logLevel=DEBUG`==> Parameters: 1(Long)
time=2019-02-26T15:04:54.956+0800`appName=graduation`hostName=localhost`logLevel=DEBUG`<==      Total: 13
time=2019-02-26T15:04:54.973+0800`appName=graduation`hostName=localhost`logLevel=DEBUG`==>  Preparing: SELECT menu_id AS menuId,title,href,icon,status,parent_id,ctime,utime FROM menu WHERE menu_id IN (?,?,?,?,?,?,?,?,?,?,?,?,?) 
time=2019-02-26T15:04:54.975+0800`appName=graduation`hostName=localhost`logLevel=DEBUG`==> Parameters: 1(Long), 7(Long), 8(Long), 2(Long), 3(Long), 5(Long), 13(Long), 14(Long), 15(Long), 16(Long), 17(Long), 18(Long), 19(Long)
time=2019-02-26T15:04:54.982+0800`appName=graduation`hostName=localhost`logLevel=DEBUG`<==      Total: 13
time=2019-02-26T15:04:55.437+0800`appName=graduation`hostName=localhost`logLevel=DEBUG`==>  Preparing: SELECT COUNT(1) FROM recruit_unit WHERE 1 = 1 
time=2019-02-26T15:04:55.438+0800`appName=graduation`hostName=localhost`logLevel=DEBUG`==> Parameters: 
time=2019-02-26T15:04:55.443+0800`appName=graduation`hostName=localhost`logLevel=DEBUG`==>  Preparing: SELECT unit_id AS unitId,unit_name AS unitName,industry,property,scale,unit_web AS unitWeb,contractor,mobile,direct,company_phone AS companyPhone,status,deleted,ctime,utime FROM recruit_unit WHERE 1=1 ORDER BY ctime DESC LIMIT 0,20 
time=2019-02-26T15:04:55.444+0800`appName=graduation`hostName=localhost`logLevel=DEBUG`==> Parameters: 
time=2019-02-26T15:04:55.447+0800`appName=graduation`hostName=localhost`logLevel=DEBUG`<==      Total: 1
time=2019-02-26T15:05:39.820+0800`appName=graduation`hostName=localhost`logLevel=DEBUG`==>  Preparing: SELECT relation_id AS relationId,operator_id AS operatorId,role_id AS roleId,deleted,ctime,utime FROM operator_role_relation WHERE operator_id = ? 
time=2019-02-26T15:05:39.855+0800`appName=graduation`hostName=localhost`logLevel=DEBUG`==> Parameters: 15207312(Long)
time=2019-02-26T15:05:39.882+0800`appName=graduation`hostName=localhost`logLevel=DEBUG`<==      Total: 1
time=2019-02-26T15:05:39.896+0800`appName=graduation`hostName=localhost`logLevel=DEBUG`==>  Preparing: SELECT relation_id AS relationId,role_id AS roleId,menu_id AS menuId,status,ctime,utime FROM role_menu_relation WHERE role_id = ? 
time=2019-02-26T15:05:39.897+0800`appName=graduation`hostName=localhost`logLevel=DEBUG`==> Parameters: 1(Long)
time=2019-02-26T15:05:39.903+0800`appName=graduation`hostName=localhost`logLevel=DEBUG`<==      Total: 13
time=2019-02-26T15:05:39.922+0800`appName=graduation`hostName=localhost`logLevel=DEBUG`==>  Preparing: SELECT menu_id AS menuId,title,href,icon,status,parent_id,ctime,utime FROM menu WHERE menu_id IN (?,?,?,?,?,?,?,?,?,?,?,?,?) 
time=2019-02-26T15:05:39.924+0800`appName=graduation`hostName=localhost`logLevel=DEBUG`==> Parameters: 1(Long), 7(Long), 8(Long), 2(Long), 3(Long), 5(Long), 13(Long), 14(Long), 15(Long), 16(Long), 17(Long), 18(Long), 19(Long)
time=2019-02-26T15:05:39.931+0800`appName=graduation`hostName=localhost`logLevel=DEBUG`<==      Total: 13
time=2019-02-26T15:05:40.444+0800`appName=graduation`hostName=localhost`logLevel=DEBUG`==>  Preparing: SELECT COUNT(1) FROM recruit_unit WHERE 1 = 1 
time=2019-02-26T15:05:40.445+0800`appName=graduation`hostName=localhost`logLevel=DEBUG`==> Parameters: 
time=2019-02-26T15:05:40.450+0800`appName=graduation`hostName=localhost`logLevel=DEBUG`==>  Preparing: SELECT unit_id AS unitId,unit_name AS unitName,industry,property,scale,unit_web AS unitWeb,contractor,mobile,direct,company_phone AS companyPhone,status,deleted,ctime,utime FROM recruit_unit WHERE 1=1 ORDER BY ctime DESC LIMIT 0,20 
time=2019-02-26T15:05:40.451+0800`appName=graduation`hostName=localhost`logLevel=DEBUG`==> Parameters: 
time=2019-02-26T15:05:40.454+0800`appName=graduation`hostName=localhost`logLevel=DEBUG`<==      Total: 1
time=2019-02-26T15:08:41.099+0800`appName=graduation`hostName=localhost`logLevel=DEBUG`==>  Preparing: SELECT relation_id AS relationId,operator_id AS operatorId,role_id AS roleId,deleted,ctime,utime FROM operator_role_relation WHERE operator_id = ? 
time=2019-02-26T15:08:41.128+0800`appName=graduation`hostName=localhost`logLevel=DEBUG`==> Parameters: 15207312(Long)
time=2019-02-26T15:08:41.150+0800`appName=graduation`hostName=localhost`logLevel=DEBUG`<==      Total: 1
time=2019-02-26T15:08:41.162+0800`appName=graduation`hostName=localhost`logLevel=DEBUG`==>  Preparing: SELECT relation_id AS relationId,role_id AS roleId,menu_id AS menuId,status,ctime,utime FROM role_menu_relation WHERE role_id = ? 
time=2019-02-26T15:08:41.163+0800`appName=graduation`hostName=localhost`logLevel=DEBUG`==> Parameters: 1(Long)
time=2019-02-26T15:08:41.167+0800`appName=graduation`hostName=localhost`logLevel=DEBUG`<==      Total: 13
time=2019-02-26T15:08:41.183+0800`appName=graduation`hostName=localhost`logLevel=DEBUG`==>  Preparing: SELECT menu_id AS menuId,title,href,icon,status,parent_id,ctime,utime FROM menu WHERE menu_id IN (?,?,?,?,?,?,?,?,?,?,?,?,?) 
time=2019-02-26T15:08:41.184+0800`appName=graduation`hostName=localhost`logLevel=DEBUG`==> Parameters: 1(Long), 7(Long), 8(Long), 2(Long), 3(Long), 5(Long), 13(Long), 14(Long), 15(Long), 16(Long), 17(Long), 18(Long), 19(Long)
time=2019-02-26T15:08:41.190+0800`appName=graduation`hostName=localhost`logLevel=DEBUG`<==      Total: 13
time=2019-02-26T15:08:41.601+0800`appName=graduation`hostName=localhost`logLevel=DEBUG`==>  Preparing: SELECT COUNT(1) FROM recruit_unit WHERE 1 = 1 
time=2019-02-26T15:08:41.602+0800`appName=graduation`hostName=localhost`logLevel=DEBUG`==> Parameters: 
time=2019-02-26T15:08:41.606+0800`appName=graduation`hostName=localhost`logLevel=DEBUG`==>  Preparing: SELECT unit_id AS unitId,unit_name AS unitName,industry,property,scale,unit_web AS unitWeb,contractor,mobile,direct,company_phone AS companyPhone,status,deleted,ctime,utime FROM recruit_unit WHERE 1=1 ORDER BY ctime DESC LIMIT 0,20 
time=2019-02-26T15:08:41.607+0800`appName=graduation`hostName=localhost`logLevel=DEBUG`==> Parameters: 
time=2019-02-26T15:08:41.609+0800`appName=graduation`hostName=localhost`logLevel=DEBUG`<==      Total: 1
time=2019-02-26T15:15:44.874+0800`appName=graduation`hostName=localhost`logLevel=DEBUG`==>  Preparing: SELECT relation_id AS relationId,operator_id AS operatorId,role_id AS roleId,deleted,ctime,utime FROM operator_role_relation WHERE operator_id = ? 
time=2019-02-26T15:15:44.908+0800`appName=graduation`hostName=localhost`logLevel=DEBUG`==> Parameters: 15207312(Long)
time=2019-02-26T15:15:44.930+0800`appName=graduation`hostName=localhost`logLevel=DEBUG`<==      Total: 1
time=2019-02-26T15:15:44.942+0800`appName=graduation`hostName=localhost`logLevel=DEBUG`==>  Preparing: SELECT relation_id AS relationId,role_id AS roleId,menu_id AS menuId,status,ctime,utime FROM role_menu_relation WHERE role_id = ? 
time=2019-02-26T15:15:44.942+0800`appName=graduation`hostName=localhost`logLevel=DEBUG`==> Parameters: 1(Long)
time=2019-02-26T15:15:44.949+0800`appName=graduation`hostName=localhost`logLevel=DEBUG`<==      Total: 13
time=2019-02-26T15:15:44.965+0800`appName=graduation`hostName=localhost`logLevel=DEBUG`==>  Preparing: SELECT menu_id AS menuId,title,href,icon,status,parent_id,ctime,utime FROM menu WHERE menu_id IN (?,?,?,?,?,?,?,?,?,?,?,?,?) 
time=2019-02-26T15:15:44.967+0800`appName=graduation`hostName=localhost`logLevel=DEBUG`==> Parameters: 1(Long), 7(Long), 8(Long), 2(Long), 3(Long), 5(Long), 13(Long), 14(Long), 15(Long), 16(Long), 17(Long), 18(Long), 19(Long)
time=2019-02-26T15:15:44.973+0800`appName=graduation`hostName=localhost`logLevel=DEBUG`<==      Total: 13
time=2019-02-26T15:15:45.402+0800`appName=graduation`hostName=localhost`logLevel=DEBUG`==>  Preparing: SELECT COUNT(1) FROM recruit_unit WHERE 1 = 1 
time=2019-02-26T15:15:45.402+0800`appName=graduation`hostName=localhost`logLevel=DEBUG`==> Parameters: 
time=2019-02-26T15:15:45.412+0800`appName=graduation`hostName=localhost`logLevel=DEBUG`==>  Preparing: SELECT unit_id AS unitId,unit_name AS unitName,industry,property,scale,unit_web AS unitWeb,contractor,mobile,direct,company_phone AS companyPhone,status,deleted,ctime,utime FROM recruit_unit WHERE 1=1 ORDER BY ctime DESC LIMIT 0,20 
time=2019-02-26T15:15:45.412+0800`appName=graduation`hostName=localhost`logLevel=DEBUG`==> Parameters: 
time=2019-02-26T15:15:45.412+0800`appName=graduation`hostName=localhost`logLevel=DEBUG`<==      Total: 1
time=2019-02-26T15:17:48.220+0800`appName=graduation`hostName=localhost`logLevel=DEBUG`==>  Preparing: SELECT relation_id AS relationId,operator_id AS operatorId,role_id AS roleId,deleted,ctime,utime FROM operator_role_relation WHERE operator_id = ? 
time=2019-02-26T15:17:48.250+0800`appName=graduation`hostName=localhost`logLevel=DEBUG`==> Parameters: 15207312(Long)
time=2019-02-26T15:17:48.272+0800`appName=graduation`hostName=localhost`logLevel=DEBUG`<==      Total: 1
time=2019-02-26T15:17:48.286+0800`appName=graduation`hostName=localhost`logLevel=DEBUG`==>  Preparing: SELECT relation_id AS relationId,role_id AS roleId,menu_id AS menuId,status,ctime,utime FROM role_menu_relation WHERE role_id = ? 
time=2019-02-26T15:17:48.286+0800`appName=graduation`hostName=localhost`logLevel=DEBUG`==> Parameters: 1(Long)
time=2019-02-26T15:17:48.291+0800`appName=graduation`hostName=localhost`logLevel=DEBUG`<==      Total: 13
time=2019-02-26T15:17:48.306+0800`appName=graduation`hostName=localhost`logLevel=DEBUG`==>  Preparing: SELECT menu_id AS menuId,title,href,icon,status,parent_id,ctime,utime FROM menu WHERE menu_id IN (?,?,?,?,?,?,?,?,?,?,?,?,?) 
time=2019-02-26T15:17:48.308+0800`appName=graduation`hostName=localhost`logLevel=DEBUG`==> Parameters: 1(Long), 7(Long), 8(Long), 2(Long), 3(Long), 5(Long), 13(Long), 14(Long), 15(Long), 16(Long), 17(Long), 18(Long), 19(Long)
time=2019-02-26T15:17:48.314+0800`appName=graduation`hostName=localhost`logLevel=DEBUG`<==      Total: 13
time=2019-02-26T15:17:48.724+0800`appName=graduation`hostName=localhost`logLevel=DEBUG`==>  Preparing: SELECT COUNT(1) FROM recruit_unit WHERE 1 = 1 
time=2019-02-26T15:17:48.724+0800`appName=graduation`hostName=localhost`logLevel=DEBUG`==> Parameters: 
time=2019-02-26T15:17:48.724+0800`appName=graduation`hostName=localhost`logLevel=DEBUG`==>  Preparing: SELECT unit_id AS unitId,unit_name AS unitName,industry,property,scale,unit_web AS unitWeb,contractor,mobile,direct,company_phone AS companyPhone,status,deleted,ctime,utime FROM recruit_unit WHERE 1=1 ORDER BY ctime DESC LIMIT 0,20 
time=2019-02-26T15:17:48.724+0800`appName=graduation`hostName=localhost`logLevel=DEBUG`==> Parameters: 
time=2019-02-26T15:17:48.734+0800`appName=graduation`hostName=localhost`logLevel=DEBUG`<==      Total: 1
time=2019-02-26T15:19:40.394+0800`appName=graduation`hostName=localhost`logLevel=DEBUG`==>  Preparing: SELECT relation_id AS relationId,operator_id AS operatorId,role_id AS roleId,deleted,ctime,utime FROM operator_role_relation WHERE operator_id = ? 
time=2019-02-26T15:19:40.396+0800`appName=graduation`hostName=localhost`logLevel=DEBUG`==> Parameters: 15207312(Long)
time=2019-02-26T15:19:40.398+0800`appName=graduation`hostName=localhost`logLevel=DEBUG`<==      Total: 1
time=2019-02-26T15:19:40.400+0800`appName=graduation`hostName=localhost`logLevel=DEBUG`==>  Preparing: SELECT relation_id AS relationId,role_id AS roleId,menu_id AS menuId,status,ctime,utime FROM role_menu_relation WHERE role_id = ? 
time=2019-02-26T15:19:40.401+0800`appName=graduation`hostName=localhost`logLevel=DEBUG`==> Parameters: 1(Long)
time=2019-02-26T15:19:40.405+0800`appName=graduation`hostName=localhost`logLevel=DEBUG`<==      Total: 13
time=2019-02-26T15:19:40.409+0800`appName=graduation`hostName=localhost`logLevel=DEBUG`==>  Preparing: SELECT menu_id AS menuId,title,href,icon,status,parent_id,ctime,utime FROM menu WHERE menu_id IN (?,?,?,?,?,?,?,?,?,?,?,?,?) 
time=2019-02-26T15:19:40.411+0800`appName=graduation`hostName=localhost`logLevel=DEBUG`==> Parameters: 1(Long), 7(Long), 8(Long), 2(Long), 3(Long), 5(Long), 13(Long), 14(Long), 15(Long), 16(Long), 17(Long), 18(Long), 19(Long)
time=2019-02-26T15:19:40.417+0800`appName=graduation`hostName=localhost`logLevel=DEBUG`<==      Total: 13
time=2019-02-26T15:19:40.906+0800`appName=graduation`hostName=localhost`logLevel=DEBUG`==>  Preparing: SELECT COUNT(1) FROM recruit_unit WHERE 1 = 1 
time=2019-02-26T15:19:40.907+0800`appName=graduation`hostName=localhost`logLevel=DEBUG`==> Parameters: 
time=2019-02-26T15:19:40.911+0800`appName=graduation`hostName=localhost`logLevel=DEBUG`==>  Preparing: SELECT unit_id AS unitId,unit_name AS unitName,industry,property,scale,unit_web AS unitWeb,contractor,mobile,direct,company_phone AS companyPhone,status,deleted,ctime,utime FROM recruit_unit WHERE 1=1 ORDER BY ctime DESC LIMIT 0,20 
time=2019-02-26T15:19:40.912+0800`appName=graduation`hostName=localhost`logLevel=DEBUG`==> Parameters: 
time=2019-02-26T15:19:40.914+0800`appName=graduation`hostName=localhost`logLevel=DEBUG`<==      Total: 1
time=2019-02-26T15:27:08.317+0800`appName=graduation`hostName=localhost`logLevel=DEBUG`==>  Preparing: SELECT relation_id AS relationId,operator_id AS operatorId,role_id AS roleId,deleted,ctime,utime FROM operator_role_relation WHERE operator_id = ? 
time=2019-02-26T15:27:08.356+0800`appName=graduation`hostName=localhost`logLevel=DEBUG`==> Parameters: 15207312(Long)
time=2019-02-26T15:27:08.381+0800`appName=graduation`hostName=localhost`logLevel=DEBUG`<==      Total: 1
time=2019-02-26T15:27:08.396+0800`appName=graduation`hostName=localhost`logLevel=DEBUG`==>  Preparing: SELECT relation_id AS relationId,role_id AS roleId,menu_id AS menuId,status,ctime,utime FROM role_menu_relation WHERE role_id = ? 
time=2019-02-26T15:27:08.397+0800`appName=graduation`hostName=localhost`logLevel=DEBUG`==> Parameters: 1(Long)
time=2019-02-26T15:27:08.404+0800`appName=graduation`hostName=localhost`logLevel=DEBUG`<==      Total: 13
time=2019-02-26T15:27:08.424+0800`appName=graduation`hostName=localhost`logLevel=DEBUG`==>  Preparing: SELECT menu_id AS menuId,title,href,icon,status,parent_id,ctime,utime FROM menu WHERE menu_id IN (?,?,?,?,?,?,?,?,?,?,?,?,?) 
time=2019-02-26T15:27:08.426+0800`appName=graduation`hostName=localhost`logLevel=DEBUG`==> Parameters: 1(Long), 7(Long), 8(Long), 2(Long), 3(Long), 5(Long), 13(Long), 14(Long), 15(Long), 16(Long), 17(Long), 18(Long), 19(Long)
time=2019-02-26T15:27:08.433+0800`appName=graduation`hostName=localhost`logLevel=DEBUG`<==      Total: 13
time=2019-02-26T15:27:09.198+0800`appName=graduation`hostName=localhost`logLevel=DEBUG`==>  Preparing: SELECT COUNT(1) FROM recruit_unit WHERE 1 = 1 
time=2019-02-26T15:27:09.198+0800`appName=graduation`hostName=localhost`logLevel=DEBUG`==> Parameters: 
time=2019-02-26T15:27:09.203+0800`appName=graduation`hostName=localhost`logLevel=DEBUG`==>  Preparing: SELECT unit_id AS unitId,unit_name AS unitName,industry,property,scale,unit_web AS unitWeb,contractor,mobile,direct,company_phone AS companyPhone,status,deleted,ctime,utime FROM recruit_unit WHERE 1=1 ORDER BY ctime DESC LIMIT 0,20 
time=2019-02-26T15:27:09.204+0800`appName=graduation`hostName=localhost`logLevel=DEBUG`==> Parameters: 
time=2019-02-26T15:27:09.207+0800`appName=graduation`hostName=localhost`logLevel=DEBUG`<==      Total: 1
time=2019-02-26T15:27:25.080+0800`appName=graduation`hostName=localhost`logLevel=DEBUG`==>  Preparing: SELECT operator_id AS operatorId,operator_name AS operatorName,operator_status AS operatorStatus,deleted,mobile,pwd,role_id AS roleId,ctime,utime FROM operator WHERE operator_id=? 
time=2019-02-26T15:27:25.082+0800`appName=graduation`hostName=localhost`logLevel=DEBUG`==> Parameters: 15207312(Long)
time=2019-02-26T15:27:25.086+0800`appName=graduation`hostName=localhost`logLevel=DEBUG`<==      Total: 1
time=2019-02-26T15:27:25.099+0800`appName=graduation`hostName=localhost`logLevel=DEBUG`==>  Preparing: SELECT student_id AS studentId,token,ctime,utime FROM user_web_token WHERE student_id=? 
time=2019-02-26T15:27:25.100+0800`appName=graduation`hostName=localhost`logLevel=DEBUG`==> Parameters: 15207312(Long)
time=2019-02-26T15:27:25.103+0800`appName=graduation`hostName=localhost`logLevel=DEBUG`<==      Total: 1
time=2019-02-26T15:27:25.130+0800`appName=graduation`hostName=localhost`logLevel=DEBUG`==>  Preparing: UPDATE user_web_token SET token=?,utime=? WHERE student_id=? 
time=2019-02-26T15:27:25.130+0800`appName=graduation`hostName=localhost`logLevel=DEBUG`==> Parameters: 609e86f4-cdca-4dad-8ebb-8e07cdf6d20b(String), 1551166045129(Long), 15207312(Long)
time=2019-02-26T15:27:25.137+0800`appName=graduation`hostName=localhost`logLevel=DEBUG`<==    Updates: 1
time=2019-02-26T15:27:25.599+0800`appName=graduation`hostName=localhost`logLevel=DEBUG`==>  Preparing: SELECT relation_id AS relationId,operator_id AS operatorId,role_id AS roleId,deleted,ctime,utime FROM operator_role_relation WHERE operator_id = ? 
time=2019-02-26T15:27:25.600+0800`appName=graduation`hostName=localhost`logLevel=DEBUG`==> Parameters: 15207312(Long)
time=2019-02-26T15:27:25.602+0800`appName=graduation`hostName=localhost`logLevel=DEBUG`<==      Total: 1
time=2019-02-26T15:27:25.607+0800`appName=graduation`hostName=localhost`logLevel=DEBUG`==>  Preparing: SELECT relation_id AS relationId,role_id AS roleId,menu_id AS menuId,status,ctime,utime FROM role_menu_relation WHERE role_id = ? 
time=2019-02-26T15:27:25.608+0800`appName=graduation`hostName=localhost`logLevel=DEBUG`==> Parameters: 1(Long)
time=2019-02-26T15:27:25.612+0800`appName=graduation`hostName=localhost`logLevel=DEBUG`<==      Total: 13
time=2019-02-26T15:27:25.617+0800`appName=graduation`hostName=localhost`logLevel=DEBUG`==>  Preparing: SELECT menu_id AS menuId,title,href,icon,status,parent_id,ctime,utime FROM menu WHERE menu_id IN (?,?,?,?,?,?,?,?,?,?,?,?,?) 
time=2019-02-26T15:27:25.618+0800`appName=graduation`hostName=localhost`logLevel=DEBUG`==> Parameters: 1(Long), 7(Long), 8(Long), 2(Long), 3(Long), 5(Long), 13(Long), 14(Long), 15(Long), 16(Long), 17(Long), 18(Long), 19(Long)
time=2019-02-26T15:27:25.626+0800`appName=graduation`hostName=localhost`logLevel=DEBUG`<==      Total: 13
time=2019-02-26T15:27:30.544+0800`appName=graduation`hostName=localhost`logLevel=DEBUG`==>  Preparing: SELECT COUNT(1) FROM recruit_unit WHERE 1 = 1 
time=2019-02-26T15:27:30.544+0800`appName=graduation`hostName=localhost`logLevel=DEBUG`==> Parameters: 
time=2019-02-26T15:27:30.546+0800`appName=graduation`hostName=localhost`logLevel=DEBUG`==>  Preparing: SELECT unit_id AS unitId,unit_name AS unitName,industry,property,scale,unit_web AS unitWeb,contractor,mobile,direct,company_phone AS companyPhone,status,deleted,ctime,utime FROM recruit_unit WHERE 1=1 ORDER BY ctime DESC LIMIT 0,20 
time=2019-02-26T15:27:30.547+0800`appName=graduation`hostName=localhost`logLevel=DEBUG`==> Parameters: 
time=2019-02-26T15:27:30.550+0800`appName=graduation`hostName=localhost`logLevel=DEBUG`<==      Total: 1
time=2019-02-26T15:28:19.828+0800`appName=graduation`hostName=localhost`logLevel=DEBUG`==>  Preparing: SELECT relation_id AS relationId,operator_id AS operatorId,role_id AS roleId,deleted,ctime,utime FROM operator_role_relation WHERE operator_id = ? 
time=2019-02-26T15:28:19.873+0800`appName=graduation`hostName=localhost`logLevel=DEBUG`==> Parameters: 15207312(Long)
time=2019-02-26T15:28:19.898+0800`appName=graduation`hostName=localhost`logLevel=DEBUG`<==      Total: 1
time=2019-02-26T15:28:19.912+0800`appName=graduation`hostName=localhost`logLevel=DEBUG`==>  Preparing: SELECT relation_id AS relationId,role_id AS roleId,menu_id AS menuId,status,ctime,utime FROM role_menu_relation WHERE role_id = ? 
time=2019-02-26T15:28:19.913+0800`appName=graduation`hostName=localhost`logLevel=DEBUG`==> Parameters: 1(Long)
time=2019-02-26T15:28:19.919+0800`appName=graduation`hostName=localhost`logLevel=DEBUG`<==      Total: 13
time=2019-02-26T15:28:19.937+0800`appName=graduation`hostName=localhost`logLevel=DEBUG`==>  Preparing: SELECT menu_id AS menuId,title,href,icon,status,parent_id,ctime,utime FROM menu WHERE menu_id IN (?,?,?,?,?,?,?,?,?,?,?,?,?) 
time=2019-02-26T15:28:19.939+0800`appName=graduation`hostName=localhost`logLevel=DEBUG`==> Parameters: 1(Long), 7(Long), 8(Long), 2(Long), 3(Long), 5(Long), 13(Long), 14(Long), 15(Long), 16(Long), 17(Long), 18(Long), 19(Long)
time=2019-02-26T15:28:19.947+0800`appName=graduation`hostName=localhost`logLevel=DEBUG`<==      Total: 13
time=2019-02-26T15:28:20.761+0800`appName=graduation`hostName=localhost`logLevel=DEBUG`==>  Preparing: SELECT COUNT(1) FROM recruit_unit WHERE 1 = 1 
time=2019-02-26T15:28:20.762+0800`appName=graduation`hostName=localhost`logLevel=DEBUG`==> Parameters: 
time=2019-02-26T15:28:20.767+0800`appName=graduation`hostName=localhost`logLevel=DEBUG`==>  Preparing: SELECT unit_id AS unitId,unit_name AS unitName,industry,property,scale,unit_web AS unitWeb,contractor,mobile,direct,company_phone AS companyPhone,status,deleted,ctime,utime FROM recruit_unit WHERE 1=1 ORDER BY ctime DESC LIMIT 0,20 
time=2019-02-26T15:28:20.768+0800`appName=graduation`hostName=localhost`logLevel=DEBUG`==> Parameters: 
time=2019-02-26T15:28:20.771+0800`appName=graduation`hostName=localhost`logLevel=DEBUG`<==      Total: 1
time=2019-02-26T15:28:57.971+0800`appName=graduation`hostName=localhost`logLevel=DEBUG`==>  Preparing: SELECT relation_id AS relationId,operator_id AS operatorId,role_id AS roleId,deleted,ctime,utime FROM operator_role_relation WHERE operator_id = ? 
time=2019-02-26T15:28:58.010+0800`appName=graduation`hostName=localhost`logLevel=DEBUG`==> Parameters: 15207312(Long)
time=2019-02-26T15:28:58.036+0800`appName=graduation`hostName=localhost`logLevel=DEBUG`<==      Total: 1
time=2019-02-26T15:28:58.051+0800`appName=graduation`hostName=localhost`logLevel=DEBUG`==>  Preparing: SELECT relation_id AS relationId,role_id AS roleId,menu_id AS menuId,status,ctime,utime FROM role_menu_relation WHERE role_id = ? 
time=2019-02-26T15:28:58.052+0800`appName=graduation`hostName=localhost`logLevel=DEBUG`==> Parameters: 1(Long)
time=2019-02-26T15:28:58.058+0800`appName=graduation`hostName=localhost`logLevel=DEBUG`<==      Total: 13
time=2019-02-26T15:28:58.080+0800`appName=graduation`hostName=localhost`logLevel=DEBUG`==>  Preparing: SELECT menu_id AS menuId,title,href,icon,status,parent_id,ctime,utime FROM menu WHERE menu_id IN (?,?,?,?,?,?,?,?,?,?,?,?,?) 
time=2019-02-26T15:28:58.082+0800`appName=graduation`hostName=localhost`logLevel=DEBUG`==> Parameters: 1(Long), 7(Long), 8(Long), 2(Long), 3(Long), 5(Long), 13(Long), 14(Long), 15(Long), 16(Long), 17(Long), 18(Long), 19(Long)
time=2019-02-26T15:28:58.090+0800`appName=graduation`hostName=localhost`logLevel=DEBUG`<==      Total: 13
time=2019-02-26T15:28:58.918+0800`appName=graduation`hostName=localhost`logLevel=DEBUG`==>  Preparing: SELECT COUNT(1) FROM recruit_unit WHERE 1 = 1 
time=2019-02-26T15:28:58.918+0800`appName=graduation`hostName=localhost`logLevel=DEBUG`==> Parameters: 
time=2019-02-26T15:28:58.924+0800`appName=graduation`hostName=localhost`logLevel=DEBUG`==>  Preparing: SELECT unit_id AS unitId,unit_name AS unitName,industry,property,scale,unit_web AS unitWeb,contractor,mobile,direct,company_phone AS companyPhone,status,deleted,ctime,utime FROM recruit_unit WHERE 1=1 ORDER BY ctime DESC LIMIT 0,20 
time=2019-02-26T15:28:58.925+0800`appName=graduation`hostName=localhost`logLevel=DEBUG`==> Parameters: 
time=2019-02-26T15:28:58.928+0800`appName=graduation`hostName=localhost`logLevel=DEBUG`<==      Total: 1
time=2019-02-26T15:31:30.876+0800`appName=graduation`hostName=localhost`logLevel=DEBUG`==>  Preparing: SELECT relation_id AS relationId,operator_id AS operatorId,role_id AS roleId,deleted,ctime,utime FROM operator_role_relation WHERE operator_id = ? 
time=2019-02-26T15:31:30.915+0800`appName=graduation`hostName=localhost`logLevel=DEBUG`==> Parameters: 15207312(Long)
time=2019-02-26T15:31:30.939+0800`appName=graduation`hostName=localhost`logLevel=DEBUG`<==      Total: 1
time=2019-02-26T15:31:30.953+0800`appName=graduation`hostName=localhost`logLevel=DEBUG`==>  Preparing: SELECT relation_id AS relationId,role_id AS roleId,menu_id AS menuId,status,ctime,utime FROM role_menu_relation WHERE role_id = ? 
time=2019-02-26T15:31:30.954+0800`appName=graduation`hostName=localhost`logLevel=DEBUG`==> Parameters: 1(Long)
time=2019-02-26T15:31:30.967+0800`appName=graduation`hostName=localhost`logLevel=DEBUG`<==      Total: 13
time=2019-02-26T15:31:30.987+0800`appName=graduation`hostName=localhost`logLevel=DEBUG`==>  Preparing: SELECT menu_id AS menuId,title,href,icon,status,parent_id,ctime,utime FROM menu WHERE menu_id IN (?,?,?,?,?,?,?,?,?,?,?,?,?) 
time=2019-02-26T15:31:30.989+0800`appName=graduation`hostName=localhost`logLevel=DEBUG`==> Parameters: 1(Long), 7(Long), 8(Long), 2(Long), 3(Long), 5(Long), 13(Long), 14(Long), 15(Long), 16(Long), 17(Long), 18(Long), 19(Long)
time=2019-02-26T15:31:30.996+0800`appName=graduation`hostName=localhost`logLevel=DEBUG`<==      Total: 13
time=2019-02-26T15:31:31.769+0800`appName=graduation`hostName=localhost`logLevel=DEBUG`==>  Preparing: SELECT COUNT(1) FROM recruit_unit WHERE 1 = 1 
time=2019-02-26T15:31:31.769+0800`appName=graduation`hostName=localhost`logLevel=DEBUG`==> Parameters: 
time=2019-02-26T15:31:31.773+0800`appName=graduation`hostName=localhost`logLevel=DEBUG`==>  Preparing: SELECT unit_id AS unitId,unit_name AS unitName,industry,property,scale,unit_web AS unitWeb,contractor,mobile,direct,company_phone AS companyPhone,status,deleted,ctime,utime FROM recruit_unit WHERE 1=1 ORDER BY ctime DESC LIMIT 0,20 
time=2019-02-26T15:31:31.774+0800`appName=graduation`hostName=localhost`logLevel=DEBUG`==> Parameters: 
time=2019-02-26T15:31:31.777+0800`appName=graduation`hostName=localhost`logLevel=DEBUG`<==      Total: 1
time=2019-02-26T15:33:02.110+0800`appName=graduation`hostName=localhost`logLevel=DEBUG`==>  Preparing: SELECT relation_id AS relationId,operator_id AS operatorId,role_id AS roleId,deleted,ctime,utime FROM operator_role_relation WHERE operator_id = ? 
time=2019-02-26T15:33:02.143+0800`appName=graduation`hostName=localhost`logLevel=DEBUG`==> Parameters: 15207312(Long)
time=2019-02-26T15:33:02.166+0800`appName=graduation`hostName=localhost`logLevel=DEBUG`<==      Total: 1
time=2019-02-26T15:33:02.179+0800`appName=graduation`hostName=localhost`logLevel=DEBUG`==>  Preparing: SELECT relation_id AS relationId,role_id AS roleId,menu_id AS menuId,status,ctime,utime FROM role_menu_relation WHERE role_id = ? 
time=2019-02-26T15:33:02.180+0800`appName=graduation`hostName=localhost`logLevel=DEBUG`==> Parameters: 1(Long)
time=2019-02-26T15:33:02.185+0800`appName=graduation`hostName=localhost`logLevel=DEBUG`<==      Total: 13
time=2019-02-26T15:33:02.203+0800`appName=graduation`hostName=localhost`logLevel=DEBUG`==>  Preparing: SELECT menu_id AS menuId,title,href,icon,status,parent_id,ctime,utime FROM menu WHERE menu_id IN (?,?,?,?,?,?,?,?,?,?,?,?,?) 
time=2019-02-26T15:33:02.206+0800`appName=graduation`hostName=localhost`logLevel=DEBUG`==> Parameters: 1(Long), 7(Long), 8(Long), 2(Long), 3(Long), 5(Long), 13(Long), 14(Long), 15(Long), 16(Long), 17(Long), 18(Long), 19(Long)
time=2019-02-26T15:33:02.216+0800`appName=graduation`hostName=localhost`logLevel=DEBUG`<==      Total: 13
time=2019-02-26T15:33:02.984+0800`appName=graduation`hostName=localhost`logLevel=DEBUG`==>  Preparing: SELECT COUNT(1) FROM recruit_unit WHERE 1 = 1 
time=2019-02-26T15:33:02.984+0800`appName=graduation`hostName=localhost`logLevel=DEBUG`==> Parameters: 
time=2019-02-26T15:33:02.990+0800`appName=graduation`hostName=localhost`logLevel=DEBUG`==>  Preparing: SELECT unit_id AS unitId,unit_name AS unitName,industry,property,scale,unit_web AS unitWeb,contractor,mobile,direct,company_phone AS companyPhone,status,deleted,ctime,utime FROM recruit_unit WHERE 1=1 ORDER BY ctime DESC LIMIT 0,20 
time=2019-02-26T15:33:02.991+0800`appName=graduation`hostName=localhost`logLevel=DEBUG`==> Parameters: 
time=2019-02-26T15:33:02.994+0800`appName=graduation`hostName=localhost`logLevel=DEBUG`<==      Total: 1
time=2019-02-26T15:34:01.746+0800`appName=graduation`hostName=localhost`logLevel=DEBUG`==>  Preparing: SELECT relation_id AS relationId,operator_id AS operatorId,role_id AS roleId,deleted,ctime,utime FROM operator_role_relation WHERE operator_id = ? 
time=2019-02-26T15:34:01.781+0800`appName=graduation`hostName=localhost`logLevel=DEBUG`==> Parameters: 15207312(Long)
time=2019-02-26T15:34:01.807+0800`appName=graduation`hostName=localhost`logLevel=DEBUG`<==      Total: 1
time=2019-02-26T15:34:01.821+0800`appName=graduation`hostName=localhost`logLevel=DEBUG`==>  Preparing: SELECT relation_id AS relationId,role_id AS roleId,menu_id AS menuId,status,ctime,utime FROM role_menu_relation WHERE role_id = ? 
time=2019-02-26T15:34:01.821+0800`appName=graduation`hostName=localhost`logLevel=DEBUG`==> Parameters: 1(Long)
time=2019-02-26T15:34:01.827+0800`appName=graduation`hostName=localhost`logLevel=DEBUG`<==      Total: 13
time=2019-02-26T15:34:01.845+0800`appName=graduation`hostName=localhost`logLevel=DEBUG`==>  Preparing: SELECT menu_id AS menuId,title,href,icon,status,parent_id,ctime,utime FROM menu WHERE menu_id IN (?,?,?,?,?,?,?,?,?,?,?,?,?) 
time=2019-02-26T15:34:01.847+0800`appName=graduation`hostName=localhost`logLevel=DEBUG`==> Parameters: 1(Long), 7(Long), 8(Long), 2(Long), 3(Long), 5(Long), 13(Long), 14(Long), 15(Long), 16(Long), 17(Long), 18(Long), 19(Long)
time=2019-02-26T15:34:01.857+0800`appName=graduation`hostName=localhost`logLevel=DEBUG`<==      Total: 13
time=2019-02-26T15:34:02.649+0800`appName=graduation`hostName=localhost`logLevel=DEBUG`==>  Preparing: SELECT COUNT(1) FROM recruit_unit WHERE 1 = 1 
time=2019-02-26T15:34:02.650+0800`appName=graduation`hostName=localhost`logLevel=DEBUG`==> Parameters: 
time=2019-02-26T15:34:02.656+0800`appName=graduation`hostName=localhost`logLevel=DEBUG`==>  Preparing: SELECT unit_id AS unitId,unit_name AS unitName,industry,property,scale,unit_web AS unitWeb,contractor,mobile,direct,company_phone AS companyPhone,status,deleted,ctime,utime FROM recruit_unit WHERE 1=1 ORDER BY ctime DESC LIMIT 0,20 
time=2019-02-26T15:34:02.657+0800`appName=graduation`hostName=localhost`logLevel=DEBUG`==> Parameters: 
time=2019-02-26T15:34:02.660+0800`appName=graduation`hostName=localhost`logLevel=DEBUG`<==      Total: 1
time=2019-02-26T15:56:14.631+0800`appName=graduation`hostName=localhost`logLevel=DEBUG`==>  Preparing: SELECT relation_id AS relationId,operator_id AS operatorId,role_id AS roleId,deleted,ctime,utime FROM operator_role_relation WHERE operator_id = ? 
time=2019-02-26T15:56:14.691+0800`appName=graduation`hostName=localhost`logLevel=DEBUG`==> Parameters: 15207312(Long)
time=2019-02-26T15:56:14.741+0800`appName=graduation`hostName=localhost`logLevel=DEBUG`<==      Total: 1
time=2019-02-26T15:56:14.754+0800`appName=graduation`hostName=localhost`logLevel=DEBUG`==>  Preparing: SELECT relation_id AS relationId,role_id AS roleId,menu_id AS menuId,status,ctime,utime FROM role_menu_relation WHERE role_id = ? 
time=2019-02-26T15:56:14.755+0800`appName=graduation`hostName=localhost`logLevel=DEBUG`==> Parameters: 1(Long)
time=2019-02-26T15:56:14.761+0800`appName=graduation`hostName=localhost`logLevel=DEBUG`<==      Total: 13
time=2019-02-26T15:56:14.778+0800`appName=graduation`hostName=localhost`logLevel=DEBUG`==>  Preparing: SELECT menu_id AS menuId,title,href,icon,status,parent_id,ctime,utime FROM menu WHERE menu_id IN (?,?,?,?,?,?,?,?,?,?,?,?,?) 
time=2019-02-26T15:56:14.779+0800`appName=graduation`hostName=localhost`logLevel=DEBUG`==> Parameters: 1(Long), 7(Long), 8(Long), 2(Long), 3(Long), 5(Long), 13(Long), 14(Long), 15(Long), 16(Long), 17(Long), 18(Long), 19(Long)
time=2019-02-26T15:56:14.788+0800`appName=graduation`hostName=localhost`logLevel=DEBUG`<==      Total: 13
time=2019-02-26T15:56:15.311+0800`appName=graduation`hostName=localhost`logLevel=DEBUG`==>  Preparing: SELECT COUNT(1) FROM recruit_unit WHERE 1 = 1 
time=2019-02-26T15:56:15.311+0800`appName=graduation`hostName=localhost`logLevel=DEBUG`==> Parameters: 
time=2019-02-26T15:56:15.322+0800`appName=graduation`hostName=localhost`logLevel=DEBUG`==>  Preparing: SELECT unit_id AS unitId,unit_name AS unitName,industry,property,scale,unit_web AS unitWeb,contractor,mobile,direct,company_phone AS companyPhone,status,deleted,ctime,utime FROM recruit_unit WHERE 1=1 ORDER BY ctime DESC LIMIT 0,20 
time=2019-02-26T15:56:15.322+0800`appName=graduation`hostName=localhost`logLevel=DEBUG`==> Parameters: 
time=2019-02-26T15:56:15.322+0800`appName=graduation`hostName=localhost`logLevel=DEBUG`<==      Total: 1
time=2019-02-26T15:58:22.634+0800`appName=graduation`hostName=localhost`logLevel=DEBUG`==>  Preparing: SELECT relation_id AS relationId,operator_id AS operatorId,role_id AS roleId,deleted,ctime,utime FROM operator_role_relation WHERE operator_id = ? 
time=2019-02-26T15:58:22.666+0800`appName=graduation`hostName=localhost`logLevel=DEBUG`==> Parameters: 15207312(Long)
time=2019-02-26T15:58:22.688+0800`appName=graduation`hostName=localhost`logLevel=DEBUG`<==      Total: 1
time=2019-02-26T15:58:22.703+0800`appName=graduation`hostName=localhost`logLevel=DEBUG`==>  Preparing: SELECT relation_id AS relationId,role_id AS roleId,menu_id AS menuId,status,ctime,utime FROM role_menu_relation WHERE role_id = ? 
time=2019-02-26T15:58:22.703+0800`appName=graduation`hostName=localhost`logLevel=DEBUG`==> Parameters: 1(Long)
time=2019-02-26T15:58:22.708+0800`appName=graduation`hostName=localhost`logLevel=DEBUG`<==      Total: 13
time=2019-02-26T15:58:22.724+0800`appName=graduation`hostName=localhost`logLevel=DEBUG`==>  Preparing: SELECT menu_id AS menuId,title,href,icon,status,parent_id,ctime,utime FROM menu WHERE menu_id IN (?,?,?,?,?,?,?,?,?,?,?,?,?) 
time=2019-02-26T15:58:22.726+0800`appName=graduation`hostName=localhost`logLevel=DEBUG`==> Parameters: 1(Long), 7(Long), 8(Long), 2(Long), 3(Long), 5(Long), 13(Long), 14(Long), 15(Long), 16(Long), 17(Long), 18(Long), 19(Long)
time=2019-02-26T15:58:22.734+0800`appName=graduation`hostName=localhost`logLevel=DEBUG`<==      Total: 13
time=2019-02-26T15:58:23.208+0800`appName=graduation`hostName=localhost`logLevel=DEBUG`==>  Preparing: SELECT COUNT(1) FROM recruit_unit WHERE 1 = 1 
time=2019-02-26T15:58:23.208+0800`appName=graduation`hostName=localhost`logLevel=DEBUG`==> Parameters: 
time=2019-02-26T15:58:23.218+0800`appName=graduation`hostName=localhost`logLevel=DEBUG`==>  Preparing: SELECT unit_id AS unitId,unit_name AS unitName,industry,property,scale,unit_web AS unitWeb,contractor,mobile,direct,company_phone AS companyPhone,status,deleted,ctime,utime FROM recruit_unit WHERE 1=1 ORDER BY ctime DESC LIMIT 0,20 
time=2019-02-26T15:58:23.218+0800`appName=graduation`hostName=localhost`logLevel=DEBUG`==> Parameters: 
time=2019-02-26T15:58:23.218+0800`appName=graduation`hostName=localhost`logLevel=DEBUG`<==      Total: 1
time=2019-02-26T16:08:52.467+0800`appName=graduation`hostName=localhost`logLevel=DEBUG`==>  Preparing: SELECT relation_id AS relationId,operator_id AS operatorId,role_id AS roleId,deleted,ctime,utime FROM operator_role_relation WHERE operator_id = ? 
time=2019-02-26T16:08:52.498+0800`appName=graduation`hostName=localhost`logLevel=DEBUG`==> Parameters: 15207312(Long)
time=2019-02-26T16:08:52.523+0800`appName=graduation`hostName=localhost`logLevel=DEBUG`<==      Total: 1
time=2019-02-26T16:08:52.537+0800`appName=graduation`hostName=localhost`logLevel=DEBUG`==>  Preparing: SELECT relation_id AS relationId,role_id AS roleId,menu_id AS menuId,status,ctime,utime FROM role_menu_relation WHERE role_id = ? 
time=2019-02-26T16:08:52.537+0800`appName=graduation`hostName=localhost`logLevel=DEBUG`==> Parameters: 1(Long)
time=2019-02-26T16:08:52.543+0800`appName=graduation`hostName=localhost`logLevel=DEBUG`<==      Total: 13
time=2019-02-26T16:08:52.560+0800`appName=graduation`hostName=localhost`logLevel=DEBUG`==>  Preparing: SELECT menu_id AS menuId,title,href,icon,status,parent_id,ctime,utime FROM menu WHERE menu_id IN (?,?,?,?,?,?,?,?,?,?,?,?,?) 
time=2019-02-26T16:08:52.563+0800`appName=graduation`hostName=localhost`logLevel=DEBUG`==> Parameters: 1(Long), 7(Long), 8(Long), 2(Long), 3(Long), 5(Long), 13(Long), 14(Long), 15(Long), 16(Long), 17(Long), 18(Long), 19(Long)
time=2019-02-26T16:08:52.570+0800`appName=graduation`hostName=localhost`logLevel=DEBUG`<==      Total: 13
time=2019-02-26T16:08:53.107+0800`appName=graduation`hostName=localhost`logLevel=DEBUG`==>  Preparing: SELECT COUNT(1) FROM recruit_unit WHERE 1 = 1 
time=2019-02-26T16:08:53.107+0800`appName=graduation`hostName=localhost`logLevel=DEBUG`==> Parameters: 
time=2019-02-26T16:08:53.117+0800`appName=graduation`hostName=localhost`logLevel=DEBUG`==>  Preparing: SELECT unit_id AS unitId,unit_name AS unitName,industry,property,scale,unit_web AS unitWeb,contractor,mobile,direct,company_phone AS companyPhone,status,deleted,ctime,utime FROM recruit_unit WHERE 1=1 ORDER BY ctime DESC LIMIT 0,20 
time=2019-02-26T16:08:53.117+0800`appName=graduation`hostName=localhost`logLevel=DEBUG`==> Parameters: 
time=2019-02-26T16:08:53.117+0800`appName=graduation`hostName=localhost`logLevel=DEBUG`<==      Total: 1
time=2019-02-26T16:15:13.653+0800`appName=graduation`hostName=localhost`logLevel=DEBUG`==>  Preparing: SELECT relation_id AS relationId,operator_id AS operatorId,role_id AS roleId,deleted,ctime,utime FROM operator_role_relation WHERE operator_id = ? 
time=2019-02-26T16:15:13.683+0800`appName=graduation`hostName=localhost`logLevel=DEBUG`==> Parameters: 15207312(Long)
time=2019-02-26T16:15:13.707+0800`appName=graduation`hostName=localhost`logLevel=DEBUG`<==      Total: 1
time=2019-02-26T16:15:13.719+0800`appName=graduation`hostName=localhost`logLevel=DEBUG`==>  Preparing: SELECT relation_id AS relationId,role_id AS roleId,menu_id AS menuId,status,ctime,utime FROM role_menu_relation WHERE role_id = ? 
time=2019-02-26T16:15:13.721+0800`appName=graduation`hostName=localhost`logLevel=DEBUG`==> Parameters: 1(Long)
time=2019-02-26T16:15:13.725+0800`appName=graduation`hostName=localhost`logLevel=DEBUG`<==      Total: 13
time=2019-02-26T16:15:13.741+0800`appName=graduation`hostName=localhost`logLevel=DEBUG`==>  Preparing: SELECT menu_id AS menuId,title,href,icon,status,parent_id,ctime,utime FROM menu WHERE menu_id IN (?,?,?,?,?,?,?,?,?,?,?,?,?) 
time=2019-02-26T16:15:13.742+0800`appName=graduation`hostName=localhost`logLevel=DEBUG`==> Parameters: 1(Long), 7(Long), 8(Long), 2(Long), 3(Long), 5(Long), 13(Long), 14(Long), 15(Long), 16(Long), 17(Long), 18(Long), 19(Long)
time=2019-02-26T16:15:13.748+0800`appName=graduation`hostName=localhost`logLevel=DEBUG`<==      Total: 13
time=2019-02-26T16:15:14.266+0800`appName=graduation`hostName=localhost`logLevel=DEBUG`==>  Preparing: SELECT COUNT(1) FROM recruit_unit WHERE 1 = 1 
time=2019-02-26T16:15:14.266+0800`appName=graduation`hostName=localhost`logLevel=DEBUG`==> Parameters: 
time=2019-02-26T16:15:14.266+0800`appName=graduation`hostName=localhost`logLevel=DEBUG`==>  Preparing: SELECT unit_id AS unitId,unit_name AS unitName,industry,property,scale,unit_web AS unitWeb,contractor,mobile,direct,company_phone AS companyPhone,status,deleted,ctime,utime FROM recruit_unit WHERE 1=1 ORDER BY ctime DESC LIMIT 0,20 
time=2019-02-26T16:15:14.266+0800`appName=graduation`hostName=localhost`logLevel=DEBUG`==> Parameters: 
time=2019-02-26T16:15:14.276+0800`appName=graduation`hostName=localhost`logLevel=DEBUG`<==      Total: 1
time=2019-02-26T16:18:19.910+0800`appName=graduation`hostName=localhost`logLevel=DEBUG`==>  Preparing: SELECT relation_id AS relationId,operator_id AS operatorId,role_id AS roleId,deleted,ctime,utime FROM operator_role_relation WHERE operator_id = ? 
time=2019-02-26T16:18:19.941+0800`appName=graduation`hostName=localhost`logLevel=DEBUG`==> Parameters: 15207312(Long)
time=2019-02-26T16:18:19.964+0800`appName=graduation`hostName=localhost`logLevel=DEBUG`<==      Total: 1
time=2019-02-26T16:18:19.976+0800`appName=graduation`hostName=localhost`logLevel=DEBUG`==>  Preparing: SELECT relation_id AS relationId,role_id AS roleId,menu_id AS menuId,status,ctime,utime FROM role_menu_relation WHERE role_id = ? 
time=2019-02-26T16:18:19.977+0800`appName=graduation`hostName=localhost`logLevel=DEBUG`==> Parameters: 1(Long)
time=2019-02-26T16:18:19.982+0800`appName=graduation`hostName=localhost`logLevel=DEBUG`<==      Total: 13
time=2019-02-26T16:18:19.998+0800`appName=graduation`hostName=localhost`logLevel=DEBUG`==>  Preparing: SELECT menu_id AS menuId,title,href,icon,status,parent_id,ctime,utime FROM menu WHERE menu_id IN (?,?,?,?,?,?,?,?,?,?,?,?,?) 
time=2019-02-26T16:18:19.999+0800`appName=graduation`hostName=localhost`logLevel=DEBUG`==> Parameters: 1(Long), 7(Long), 8(Long), 2(Long), 3(Long), 5(Long), 13(Long), 14(Long), 15(Long), 16(Long), 17(Long), 18(Long), 19(Long)
time=2019-02-26T16:18:20.007+0800`appName=graduation`hostName=localhost`logLevel=DEBUG`<==      Total: 13
time=2019-02-26T16:18:20.434+0800`appName=graduation`hostName=localhost`logLevel=DEBUG`==>  Preparing: SELECT COUNT(1) FROM recruit_unit WHERE 1 = 1 
time=2019-02-26T16:18:20.434+0800`appName=graduation`hostName=localhost`logLevel=DEBUG`==> Parameters: 
time=2019-02-26T16:18:20.444+0800`appName=graduation`hostName=localhost`logLevel=DEBUG`==>  Preparing: SELECT unit_id AS unitId,unit_name AS unitName,industry,property,scale,unit_web AS unitWeb,contractor,mobile,direct,company_phone AS companyPhone,status,deleted,ctime,utime FROM recruit_unit WHERE 1=1 ORDER BY ctime DESC LIMIT 0,20 
time=2019-02-26T16:18:20.444+0800`appName=graduation`hostName=localhost`logLevel=DEBUG`==> Parameters: 
time=2019-02-26T16:18:20.444+0800`appName=graduation`hostName=localhost`logLevel=DEBUG`<==      Total: 1
time=2019-02-26T16:20:15.453+0800`appName=graduation`hostName=localhost`logLevel=DEBUG`==>  Preparing: SELECT operator_id AS operatorId,operator_name AS operatorName,operator_status AS operatorStatus,deleted,mobile,pwd,role_id AS roleId,ctime,utime FROM operator WHERE operator_id=? 
time=2019-02-26T16:20:15.456+0800`appName=graduation`hostName=localhost`logLevel=DEBUG`==> Parameters: 15207312(Long)
time=2019-02-26T16:20:15.462+0800`appName=graduation`hostName=localhost`logLevel=DEBUG`<==      Total: 1
time=2019-02-26T16:20:15.478+0800`appName=graduation`hostName=localhost`logLevel=DEBUG`==>  Preparing: SELECT student_id AS studentId,token,ctime,utime FROM user_web_token WHERE student_id=? 
time=2019-02-26T16:20:15.478+0800`appName=graduation`hostName=localhost`logLevel=DEBUG`==> Parameters: 15207312(Long)
time=2019-02-26T16:20:15.481+0800`appName=graduation`hostName=localhost`logLevel=DEBUG`<==      Total: 1
time=2019-02-26T16:20:15.532+0800`appName=graduation`hostName=localhost`logLevel=DEBUG`==>  Preparing: UPDATE user_web_token SET token=?,utime=? WHERE student_id=? 
time=2019-02-26T16:20:15.533+0800`appName=graduation`hostName=localhost`logLevel=DEBUG`==> Parameters: 60dbbe80-4529-4c30-9831-84d789746aee(String), 1551169215531(Long), 15207312(Long)
time=2019-02-26T16:20:15.543+0800`appName=graduation`hostName=localhost`logLevel=DEBUG`<==    Updates: 1
time=2019-02-26T16:20:16.076+0800`appName=graduation`hostName=localhost`logLevel=DEBUG`==>  Preparing: SELECT relation_id AS relationId,operator_id AS operatorId,role_id AS roleId,deleted,ctime,utime FROM operator_role_relation WHERE operator_id = ? 
time=2019-02-26T16:20:16.077+0800`appName=graduation`hostName=localhost`logLevel=DEBUG`==> Parameters: 15207312(Long)
time=2019-02-26T16:20:16.079+0800`appName=graduation`hostName=localhost`logLevel=DEBUG`<==      Total: 1
time=2019-02-26T16:20:16.081+0800`appName=graduation`hostName=localhost`logLevel=DEBUG`==>  Preparing: SELECT relation_id AS relationId,role_id AS roleId,menu_id AS menuId,status,ctime,utime FROM role_menu_relation WHERE role_id = ? 
time=2019-02-26T16:20:16.082+0800`appName=graduation`hostName=localhost`logLevel=DEBUG`==> Parameters: 1(Long)
time=2019-02-26T16:20:16.086+0800`appName=graduation`hostName=localhost`logLevel=DEBUG`<==      Total: 13
time=2019-02-26T16:20:16.090+0800`appName=graduation`hostName=localhost`logLevel=DEBUG`==>  Preparing: SELECT menu_id AS menuId,title,href,icon,status,parent_id,ctime,utime FROM menu WHERE menu_id IN (?,?,?,?,?,?,?,?,?,?,?,?,?) 
time=2019-02-26T16:20:16.092+0800`appName=graduation`hostName=localhost`logLevel=DEBUG`==> Parameters: 1(Long), 7(Long), 8(Long), 2(Long), 3(Long), 5(Long), 13(Long), 14(Long), 15(Long), 16(Long), 17(Long), 18(Long), 19(Long)
time=2019-02-26T16:20:16.097+0800`appName=graduation`hostName=localhost`logLevel=DEBUG`<==      Total: 13
time=2019-02-26T16:20:19.196+0800`appName=graduation`hostName=localhost`logLevel=DEBUG`==>  Preparing: SELECT COUNT(1) FROM recruit_unit WHERE 1 = 1 
time=2019-02-26T16:20:19.197+0800`appName=graduation`hostName=localhost`logLevel=DEBUG`==> Parameters: 
time=2019-02-26T16:20:19.198+0800`appName=graduation`hostName=localhost`logLevel=DEBUG`==>  Preparing: SELECT unit_id AS unitId,unit_name AS unitName,industry,property,scale,unit_web AS unitWeb,contractor,mobile,direct,company_phone AS companyPhone,status,deleted,ctime,utime FROM recruit_unit WHERE 1=1 ORDER BY ctime DESC LIMIT 0,20 
time=2019-02-26T16:20:19.199+0800`appName=graduation`hostName=localhost`logLevel=DEBUG`==> Parameters: 
time=2019-02-26T16:20:19.201+0800`appName=graduation`hostName=localhost`logLevel=DEBUG`<==      Total: 1
time=2019-02-26T16:30:41.503+0800`appName=graduation`hostName=localhost`logLevel=DEBUG`==>  Preparing: SELECT relation_id AS relationId,operator_id AS operatorId,role_id AS roleId,deleted,ctime,utime FROM operator_role_relation WHERE operator_id = ? 
time=2019-02-26T16:30:41.536+0800`appName=graduation`hostName=localhost`logLevel=DEBUG`==> Parameters: 15207312(Long)
time=2019-02-26T16:30:41.558+0800`appName=graduation`hostName=localhost`logLevel=DEBUG`<==      Total: 1
time=2019-02-26T16:30:41.570+0800`appName=graduation`hostName=localhost`logLevel=DEBUG`==>  Preparing: SELECT relation_id AS relationId,role_id AS roleId,menu_id AS menuId,status,ctime,utime FROM role_menu_relation WHERE role_id = ? 
time=2019-02-26T16:30:41.572+0800`appName=graduation`hostName=localhost`logLevel=DEBUG`==> Parameters: 1(Long)
time=2019-02-26T16:30:41.577+0800`appName=graduation`hostName=localhost`logLevel=DEBUG`<==      Total: 13
time=2019-02-26T16:30:41.595+0800`appName=graduation`hostName=localhost`logLevel=DEBUG`==>  Preparing: SELECT menu_id AS menuId,title,href,icon,status,parent_id,ctime,utime FROM menu WHERE menu_id IN (?,?,?,?,?,?,?,?,?,?,?,?,?) 
time=2019-02-26T16:30:41.597+0800`appName=graduation`hostName=localhost`logLevel=DEBUG`==> Parameters: 1(Long), 7(Long), 8(Long), 2(Long), 3(Long), 5(Long), 13(Long), 14(Long), 15(Long), 16(Long), 17(Long), 18(Long), 19(Long)
time=2019-02-26T16:30:41.603+0800`appName=graduation`hostName=localhost`logLevel=DEBUG`<==      Total: 13
time=2019-02-26T16:30:42.069+0800`appName=graduation`hostName=localhost`logLevel=DEBUG`==>  Preparing: SELECT COUNT(1) FROM recruit_unit WHERE 1 = 1 
time=2019-02-26T16:30:42.069+0800`appName=graduation`hostName=localhost`logLevel=DEBUG`==> Parameters: 
time=2019-02-26T16:30:42.084+0800`appName=graduation`hostName=localhost`logLevel=DEBUG`==>  Preparing: SELECT unit_id AS unitId,unit_name AS unitName,industry,property,scale,unit_web AS unitWeb,contractor,mobile,direct,company_phone AS companyPhone,status,deleted,ctime,utime FROM recruit_unit WHERE 1=1 ORDER BY ctime DESC LIMIT 0,20 
time=2019-02-26T16:30:42.084+0800`appName=graduation`hostName=localhost`logLevel=DEBUG`==> Parameters: 
time=2019-02-26T16:30:42.087+0800`appName=graduation`hostName=localhost`logLevel=DEBUG`<==      Total: 1
time=2019-02-26T16:34:46.030+0800`appName=graduation`hostName=localhost`logLevel=DEBUG`==>  Preparing: SELECT relation_id AS relationId,operator_id AS operatorId,role_id AS roleId,deleted,ctime,utime FROM operator_role_relation WHERE operator_id = ? 
time=2019-02-26T16:34:46.060+0800`appName=graduation`hostName=localhost`logLevel=DEBUG`==> Parameters: 15207312(Long)
time=2019-02-26T16:34:46.082+0800`appName=graduation`hostName=localhost`logLevel=DEBUG`<==      Total: 1
time=2019-02-26T16:34:46.095+0800`appName=graduation`hostName=localhost`logLevel=DEBUG`==>  Preparing: SELECT relation_id AS relationId,role_id AS roleId,menu_id AS menuId,status,ctime,utime FROM role_menu_relation WHERE role_id = ? 
time=2019-02-26T16:34:46.095+0800`appName=graduation`hostName=localhost`logLevel=DEBUG`==> Parameters: 1(Long)
time=2019-02-26T16:34:46.100+0800`appName=graduation`hostName=localhost`logLevel=DEBUG`<==      Total: 13
time=2019-02-26T16:34:46.116+0800`appName=graduation`hostName=localhost`logLevel=DEBUG`==>  Preparing: SELECT menu_id AS menuId,title,href,icon,status,parent_id,ctime,utime FROM menu WHERE menu_id IN (?,?,?,?,?,?,?,?,?,?,?,?,?) 
time=2019-02-26T16:34:46.118+0800`appName=graduation`hostName=localhost`logLevel=DEBUG`==> Parameters: 1(Long), 7(Long), 8(Long), 2(Long), 3(Long), 5(Long), 13(Long), 14(Long), 15(Long), 16(Long), 17(Long), 18(Long), 19(Long)
time=2019-02-26T16:34:46.124+0800`appName=graduation`hostName=localhost`logLevel=DEBUG`<==      Total: 13
time=2019-02-26T16:34:46.597+0800`appName=graduation`hostName=localhost`logLevel=DEBUG`==>  Preparing: SELECT COUNT(1) FROM recruit_unit WHERE 1 = 1 
time=2019-02-26T16:34:46.598+0800`appName=graduation`hostName=localhost`logLevel=DEBUG`==> Parameters: 
time=2019-02-26T16:34:46.602+0800`appName=graduation`hostName=localhost`logLevel=DEBUG`==>  Preparing: SELECT unit_id AS unitId,unit_name AS unitName,industry,property,scale,unit_web AS unitWeb,contractor,mobile,direct,company_phone AS companyPhone,status,deleted,ctime,utime FROM recruit_unit WHERE 1=1 ORDER BY ctime DESC LIMIT 0,20 
time=2019-02-26T16:34:46.603+0800`appName=graduation`hostName=localhost`logLevel=DEBUG`==> Parameters: 
time=2019-02-26T16:34:46.603+0800`appName=graduation`hostName=localhost`logLevel=DEBUG`<==      Total: 1
time=2019-02-26T16:37:01.680+0800`appName=graduation`hostName=localhost`logLevel=DEBUG`==>  Preparing: SELECT relation_id AS relationId,operator_id AS operatorId,role_id AS roleId,deleted,ctime,utime FROM operator_role_relation WHERE operator_id = ? 
time=2019-02-26T16:37:01.713+0800`appName=graduation`hostName=localhost`logLevel=DEBUG`==> Parameters: 15207312(Long)
time=2019-02-26T16:37:01.736+0800`appName=graduation`hostName=localhost`logLevel=DEBUG`<==      Total: 1
time=2019-02-26T16:37:01.749+0800`appName=graduation`hostName=localhost`logLevel=DEBUG`==>  Preparing: SELECT relation_id AS relationId,role_id AS roleId,menu_id AS menuId,status,ctime,utime FROM role_menu_relation WHERE role_id = ? 
time=2019-02-26T16:37:01.750+0800`appName=graduation`hostName=localhost`logLevel=DEBUG`==> Parameters: 1(Long)
time=2019-02-26T16:37:01.755+0800`appName=graduation`hostName=localhost`logLevel=DEBUG`<==      Total: 13
time=2019-02-26T16:37:01.772+0800`appName=graduation`hostName=localhost`logLevel=DEBUG`==>  Preparing: SELECT menu_id AS menuId,title,href,icon,status,parent_id,ctime,utime FROM menu WHERE menu_id IN (?,?,?,?,?,?,?,?,?,?,?,?,?) 
time=2019-02-26T16:37:01.774+0800`appName=graduation`hostName=localhost`logLevel=DEBUG`==> Parameters: 1(Long), 7(Long), 8(Long), 2(Long), 3(Long), 5(Long), 13(Long), 14(Long), 15(Long), 16(Long), 17(Long), 18(Long), 19(Long)
time=2019-02-26T16:37:01.781+0800`appName=graduation`hostName=localhost`logLevel=DEBUG`<==      Total: 13
time=2019-02-26T16:37:02.266+0800`appName=graduation`hostName=localhost`logLevel=DEBUG`==>  Preparing: SELECT COUNT(1) FROM recruit_unit WHERE 1 = 1 
time=2019-02-26T16:37:02.267+0800`appName=graduation`hostName=localhost`logLevel=DEBUG`==> Parameters: 
time=2019-02-26T16:37:02.272+0800`appName=graduation`hostName=localhost`logLevel=DEBUG`==>  Preparing: SELECT unit_id AS unitId,unit_name AS unitName,industry,property,scale,unit_web AS unitWeb,contractor,mobile,direct,company_phone AS companyPhone,status,deleted,ctime,utime FROM recruit_unit WHERE 1=1 ORDER BY ctime DESC LIMIT 0,20 
time=2019-02-26T16:37:02.272+0800`appName=graduation`hostName=localhost`logLevel=DEBUG`==> Parameters: 
time=2019-02-26T16:37:02.275+0800`appName=graduation`hostName=localhost`logLevel=DEBUG`<==      Total: 1
time=2019-02-26T16:40:28.821+0800`appName=graduation`hostName=localhost`logLevel=DEBUG`==>  Preparing: SELECT relation_id AS relationId,operator_id AS operatorId,role_id AS roleId,deleted,ctime,utime FROM operator_role_relation WHERE operator_id = ? 
time=2019-02-26T16:40:28.854+0800`appName=graduation`hostName=localhost`logLevel=DEBUG`==> Parameters: 15207312(Long)
time=2019-02-26T16:40:28.879+0800`appName=graduation`hostName=localhost`logLevel=DEBUG`<==      Total: 1
time=2019-02-26T16:40:28.891+0800`appName=graduation`hostName=localhost`logLevel=DEBUG`==>  Preparing: SELECT relation_id AS relationId,role_id AS roleId,menu_id AS menuId,status,ctime,utime FROM role_menu_relation WHERE role_id = ? 
time=2019-02-26T16:40:28.891+0800`appName=graduation`hostName=localhost`logLevel=DEBUG`==> Parameters: 1(Long)
time=2019-02-26T16:40:28.896+0800`appName=graduation`hostName=localhost`logLevel=DEBUG`<==      Total: 13
time=2019-02-26T16:40:28.911+0800`appName=graduation`hostName=localhost`logLevel=DEBUG`==>  Preparing: SELECT menu_id AS menuId,title,href,icon,status,parent_id,ctime,utime FROM menu WHERE menu_id IN (?,?,?,?,?,?,?,?,?,?,?,?,?) 
time=2019-02-26T16:40:28.913+0800`appName=graduation`hostName=localhost`logLevel=DEBUG`==> Parameters: 1(Long), 7(Long), 8(Long), 2(Long), 3(Long), 5(Long), 13(Long), 14(Long), 15(Long), 16(Long), 17(Long), 18(Long), 19(Long)
time=2019-02-26T16:40:28.919+0800`appName=graduation`hostName=localhost`logLevel=DEBUG`<==      Total: 13
time=2019-02-26T16:40:29.391+0800`appName=graduation`hostName=localhost`logLevel=DEBUG`==>  Preparing: SELECT COUNT(1) FROM recruit_unit WHERE 1 = 1 
time=2019-02-26T16:40:29.391+0800`appName=graduation`hostName=localhost`logLevel=DEBUG`==> Parameters: 
time=2019-02-26T16:40:29.391+0800`appName=graduation`hostName=localhost`logLevel=DEBUG`==>  Preparing: SELECT unit_id AS unitId,unit_name AS unitName,industry,property,scale,unit_web AS unitWeb,contractor,mobile,direct,company_phone AS companyPhone,status,deleted,ctime,utime FROM recruit_unit WHERE 1=1 ORDER BY ctime DESC LIMIT 0,20 
time=2019-02-26T16:40:29.391+0800`appName=graduation`hostName=localhost`logLevel=DEBUG`==> Parameters: 
time=2019-02-26T16:40:29.391+0800`appName=graduation`hostName=localhost`logLevel=DEBUG`<==      Total: 1
time=2019-02-26T16:43:00.187+0800`appName=graduation`hostName=localhost`logLevel=DEBUG`==>  Preparing: SELECT relation_id AS relationId,operator_id AS operatorId,role_id AS roleId,deleted,ctime,utime FROM operator_role_relation WHERE operator_id = ? 
time=2019-02-26T16:43:00.220+0800`appName=graduation`hostName=localhost`logLevel=DEBUG`==> Parameters: 15207312(Long)
time=2019-02-26T16:43:00.243+0800`appName=graduation`hostName=localhost`logLevel=DEBUG`<==      Total: 1
time=2019-02-26T16:43:00.255+0800`appName=graduation`hostName=localhost`logLevel=DEBUG`==>  Preparing: SELECT relation_id AS relationId,role_id AS roleId,menu_id AS menuId,status,ctime,utime FROM role_menu_relation WHERE role_id = ? 
time=2019-02-26T16:43:00.255+0800`appName=graduation`hostName=localhost`logLevel=DEBUG`==> Parameters: 1(Long)
time=2019-02-26T16:43:00.262+0800`appName=graduation`hostName=localhost`logLevel=DEBUG`<==      Total: 13
time=2019-02-26T16:43:00.280+0800`appName=graduation`hostName=localhost`logLevel=DEBUG`==>  Preparing: SELECT menu_id AS menuId,title,href,icon,status,parent_id,ctime,utime FROM menu WHERE menu_id IN (?,?,?,?,?,?,?,?,?,?,?,?,?) 
time=2019-02-26T16:43:00.282+0800`appName=graduation`hostName=localhost`logLevel=DEBUG`==> Parameters: 1(Long), 7(Long), 8(Long), 2(Long), 3(Long), 5(Long), 13(Long), 14(Long), 15(Long), 16(Long), 17(Long), 18(Long), 19(Long)
time=2019-02-26T16:43:00.288+0800`appName=graduation`hostName=localhost`logLevel=DEBUG`<==      Total: 13
time=2019-02-26T16:43:00.749+0800`appName=graduation`hostName=localhost`logLevel=DEBUG`==>  Preparing: SELECT COUNT(1) FROM recruit_unit WHERE 1 = 1 
time=2019-02-26T16:43:00.749+0800`appName=graduation`hostName=localhost`logLevel=DEBUG`==> Parameters: 
time=2019-02-26T16:43:00.749+0800`appName=graduation`hostName=localhost`logLevel=DEBUG`==>  Preparing: SELECT unit_id AS unitId,unit_name AS unitName,industry,property,scale,unit_web AS unitWeb,contractor,mobile,direct,company_phone AS companyPhone,status,deleted,ctime,utime FROM recruit_unit WHERE 1=1 ORDER BY ctime DESC LIMIT 0,20 
time=2019-02-26T16:43:00.749+0800`appName=graduation`hostName=localhost`logLevel=DEBUG`==> Parameters: 
time=2019-02-26T16:43:00.759+0800`appName=graduation`hostName=localhost`logLevel=DEBUG`<==      Total: 1
time=2019-02-26T16:48:59.950+0800`appName=graduation`hostName=localhost`logLevel=DEBUG`==>  Preparing: SELECT relation_id AS relationId,operator_id AS operatorId,role_id AS roleId,deleted,ctime,utime FROM operator_role_relation WHERE operator_id = ? 
time=2019-02-26T16:48:59.951+0800`appName=graduation`hostName=localhost`logLevel=DEBUG`==> Parameters: 15207312(Long)
time=2019-02-26T16:48:59.953+0800`appName=graduation`hostName=localhost`logLevel=DEBUG`<==      Total: 1
time=2019-02-26T16:48:59.955+0800`appName=graduation`hostName=localhost`logLevel=DEBUG`==>  Preparing: SELECT relation_id AS relationId,role_id AS roleId,menu_id AS menuId,status,ctime,utime FROM role_menu_relation WHERE role_id = ? 
time=2019-02-26T16:48:59.956+0800`appName=graduation`hostName=localhost`logLevel=DEBUG`==> Parameters: 1(Long)
time=2019-02-26T16:48:59.960+0800`appName=graduation`hostName=localhost`logLevel=DEBUG`<==      Total: 13
time=2019-02-26T16:48:59.966+0800`appName=graduation`hostName=localhost`logLevel=DEBUG`==>  Preparing: SELECT menu_id AS menuId,title,href,icon,status,parent_id,ctime,utime FROM menu WHERE menu_id IN (?,?,?,?,?,?,?,?,?,?,?,?,?) 
time=2019-02-26T16:48:59.968+0800`appName=graduation`hostName=localhost`logLevel=DEBUG`==> Parameters: 1(Long), 7(Long), 8(Long), 2(Long), 3(Long), 5(Long), 13(Long), 14(Long), 15(Long), 16(Long), 17(Long), 18(Long), 19(Long)
time=2019-02-26T16:48:59.973+0800`appName=graduation`hostName=localhost`logLevel=DEBUG`<==      Total: 13
time=2019-02-26T16:49:00.276+0800`appName=graduation`hostName=localhost`logLevel=DEBUG`==>  Preparing: SELECT COUNT(1) FROM recruit_unit WHERE 1 = 1 
time=2019-02-26T16:49:00.277+0800`appName=graduation`hostName=localhost`logLevel=DEBUG`==> Parameters: 
time=2019-02-26T16:49:00.280+0800`appName=graduation`hostName=localhost`logLevel=DEBUG`==>  Preparing: SELECT unit_id AS unitId,unit_name AS unitName,industry,property,scale,unit_web AS unitWeb,contractor,mobile,direct,company_phone AS companyPhone,status,deleted,ctime,utime FROM recruit_unit WHERE 1=1 ORDER BY ctime DESC LIMIT 0,20 
time=2019-02-26T16:49:00.281+0800`appName=graduation`hostName=localhost`logLevel=DEBUG`==> Parameters: 
time=2019-02-26T16:49:00.283+0800`appName=graduation`hostName=localhost`logLevel=DEBUG`<==      Total: 1
time=2019-02-26T17:04:02.243+0800`appName=graduation`hostName=localhost`logLevel=DEBUG`==>  Preparing: SELECT relation_id AS relationId,operator_id AS operatorId,role_id AS roleId,deleted,ctime,utime FROM operator_role_relation WHERE operator_id = ? 
time=2019-02-26T17:04:02.308+0800`appName=graduation`hostName=localhost`logLevel=DEBUG`==> Parameters: 15207312(Long)
time=2019-02-26T17:04:02.334+0800`appName=graduation`hostName=localhost`logLevel=DEBUG`<==      Total: 1
time=2019-02-26T17:04:02.347+0800`appName=graduation`hostName=localhost`logLevel=DEBUG`==>  Preparing: SELECT relation_id AS relationId,role_id AS roleId,menu_id AS menuId,status,ctime,utime FROM role_menu_relation WHERE role_id = ? 
time=2019-02-26T17:04:02.348+0800`appName=graduation`hostName=localhost`logLevel=DEBUG`==> Parameters: 1(Long)
time=2019-02-26T17:04:02.353+0800`appName=graduation`hostName=localhost`logLevel=DEBUG`<==      Total: 13
time=2019-02-26T17:04:02.371+0800`appName=graduation`hostName=localhost`logLevel=DEBUG`==>  Preparing: SELECT menu_id AS menuId,title,href,icon,status,parent_id,ctime,utime FROM menu WHERE menu_id IN (?,?,?,?,?,?,?,?,?,?,?,?,?) 
time=2019-02-26T17:04:02.372+0800`appName=graduation`hostName=localhost`logLevel=DEBUG`==> Parameters: 1(Long), 7(Long), 8(Long), 2(Long), 3(Long), 5(Long), 13(Long), 14(Long), 15(Long), 16(Long), 17(Long), 18(Long), 19(Long)
time=2019-02-26T17:04:02.378+0800`appName=graduation`hostName=localhost`logLevel=DEBUG`<==      Total: 13
time=2019-02-26T17:04:02.873+0800`appName=graduation`hostName=localhost`logLevel=DEBUG`==>  Preparing: SELECT COUNT(1) FROM recruit_unit WHERE 1 = 1 
time=2019-02-26T17:04:02.873+0800`appName=graduation`hostName=localhost`logLevel=DEBUG`==> Parameters: 
time=2019-02-26T17:04:02.883+0800`appName=graduation`hostName=localhost`logLevel=DEBUG`==>  Preparing: SELECT unit_id AS unitId,unit_name AS unitName,industry,property,scale,unit_web AS unitWeb,contractor,mobile,direct,company_phone AS companyPhone,status,deleted,ctime,utime FROM recruit_unit WHERE 1=1 ORDER BY ctime DESC LIMIT 0,20 
time=2019-02-26T17:04:02.883+0800`appName=graduation`hostName=localhost`logLevel=DEBUG`==> Parameters: 
time=2019-02-26T17:04:02.883+0800`appName=graduation`hostName=localhost`logLevel=DEBUG`<==      Total: 1
