time=2019-01-31T13:10:13.530+0800`appName=graduation`hostName=localhost`logLevel=DEBUG`==>  Preparing: SELECT relation_id AS relationId,role_id AS roleId,menu_id AS menuId,status,ctime,utime FROM role_menu_relation WHERE role_id = ? 
time=2019-01-31T13:10:13.578+0800`appName=graduation`hostName=localhost`logLevel=DEBUG`==> Parameters: 1(Long)
time=2019-01-31T13:10:13.603+0800`appName=graduation`hostName=localhost`logLevel=DEBUG`<==      Total: 4
time=2019-01-31T13:10:13.621+0800`appName=graduation`hostName=localhost`logLevel=DEBUG`==>  Preparing: SELECT menu_id AS menuId,title,href,icon,status,parent_id,ctime,utime FROM menu WHERE menu_id IN (?,?,?,?) 
time=2019-01-31T13:10:13.621+0800`appName=graduation`hostName=localhost`logLevel=DEBUG`==> Parameters: 2(Long), 3(Long), 4(Long), 5(Long)
time=2019-01-31T13:10:13.628+0800`appName=graduation`hostName=localhost`logLevel=DEBUG`<==      Total: 4
time=2019-01-31T13:10:14.211+0800`appName=graduation`hostName=localhost`logLevel=DEBUG`==>  Preparing: SELECT role_id AS roleId,role_name AS roleName,remark,deleted,ctime,utime FROM role 
time=2019-01-31T13:10:14.211+0800`appName=graduation`hostName=localhost`logLevel=DEBUG`==> Parameters: 
time=2019-01-31T13:10:14.211+0800`appName=graduation`hostName=localhost`logLevel=DEBUG`<==      Total: 3
time=2019-01-31T13:10:37.490+0800`appName=graduation`hostName=localhost`logLevel=DEBUG`==>  Preparing: SELECT relation_id AS relationId,role_id AS roleId,menu_id AS menuId,status,ctime,utime FROM role_menu_relation WHERE role_id = ? 
time=2019-01-31T13:10:37.491+0800`appName=graduation`hostName=localhost`logLevel=DEBUG`==> Parameters: 1(Long)
time=2019-01-31T13:10:37.494+0800`appName=graduation`hostName=localhost`logLevel=DEBUG`<==      Total: 4
time=2019-01-31T13:10:37.496+0800`appName=graduation`hostName=localhost`logLevel=DEBUG`==>  Preparing: SELECT menu_id AS menuId,title,href,icon,status,parent_id,ctime,utime FROM menu WHERE menu_id IN (?,?,?,?) 
time=2019-01-31T13:10:37.497+0800`appName=graduation`hostName=localhost`logLevel=DEBUG`==> Parameters: 2(Long), 3(Long), 4(Long), 5(Long)
time=2019-01-31T13:10:37.501+0800`appName=graduation`hostName=localhost`logLevel=DEBUG`<==      Total: 4
time=2019-01-31T13:10:42.024+0800`appName=graduation`hostName=localhost`logLevel=DEBUG`==>  Preparing: SELECT role_id AS roleId,role_name AS roleName,remark,deleted,ctime,utime FROM role 
time=2019-01-31T13:10:42.025+0800`appName=graduation`hostName=localhost`logLevel=DEBUG`==> Parameters: 
time=2019-01-31T13:10:42.027+0800`appName=graduation`hostName=localhost`logLevel=DEBUG`<==      Total: 3
time=2019-01-31T13:12:26.523+0800`appName=graduation`hostName=localhost`logLevel=DEBUG`==>  Preparing: SELECT relation_id AS relationId,role_id AS roleId,menu_id AS menuId,status,ctime,utime FROM role_menu_relation WHERE role_id = ? 
time=2019-01-31T13:12:26.553+0800`appName=graduation`hostName=localhost`logLevel=DEBUG`==> Parameters: 1(Long)
time=2019-01-31T13:12:26.579+0800`appName=graduation`hostName=localhost`logLevel=DEBUG`<==      Total: 4
time=2019-01-31T13:12:26.596+0800`appName=graduation`hostName=localhost`logLevel=DEBUG`==>  Preparing: SELECT menu_id AS menuId,title,href,icon,status,parent_id,ctime,utime FROM menu WHERE menu_id IN (?,?,?,?) 
time=2019-01-31T13:12:26.597+0800`appName=graduation`hostName=localhost`logLevel=DEBUG`==> Parameters: 2(Long), 3(Long), 4(Long), 5(Long)
time=2019-01-31T13:12:26.600+0800`appName=graduation`hostName=localhost`logLevel=DEBUG`<==      Total: 4
time=2019-01-31T13:12:27.442+0800`appName=graduation`hostName=localhost`logLevel=DEBUG`==>  Preparing: SELECT role_id AS roleId,role_name AS roleName,remark,deleted,ctime,utime FROM role 
time=2019-01-31T13:12:27.442+0800`appName=graduation`hostName=localhost`logLevel=DEBUG`==> Parameters: 
time=2019-01-31T13:12:27.458+0800`appName=graduation`hostName=localhost`logLevel=DEBUG`<==      Total: 3
time=2019-01-31T13:13:18.710+0800`appName=graduation`hostName=localhost`logLevel=DEBUG`==>  Preparing: SELECT relation_id AS relationId,role_id AS roleId,menu_id AS menuId,status,ctime,utime FROM role_menu_relation WHERE role_id = ? 
time=2019-01-31T13:13:18.712+0800`appName=graduation`hostName=localhost`logLevel=DEBUG`==> Parameters: 1(Long)
time=2019-01-31T13:13:18.716+0800`appName=graduation`hostName=localhost`logLevel=DEBUG`<==      Total: 4
time=2019-01-31T13:13:18.718+0800`appName=graduation`hostName=localhost`logLevel=DEBUG`==>  Preparing: SELECT menu_id AS menuId,title,href,icon,status,parent_id,ctime,utime FROM menu WHERE menu_id IN (?,?,?,?) 
time=2019-01-31T13:13:18.719+0800`appName=graduation`hostName=localhost`logLevel=DEBUG`==> Parameters: 2(Long), 3(Long), 4(Long), 5(Long)
time=2019-01-31T13:13:18.724+0800`appName=graduation`hostName=localhost`logLevel=DEBUG`<==      Total: 4
time=2019-01-31T13:13:21.429+0800`appName=graduation`hostName=localhost`logLevel=DEBUG`==>  Preparing: SELECT role_id AS roleId,role_name AS roleName,remark,deleted,ctime,utime FROM role 
time=2019-01-31T13:13:21.429+0800`appName=graduation`hostName=localhost`logLevel=DEBUG`==> Parameters: 
time=2019-01-31T13:13:21.431+0800`appName=graduation`hostName=localhost`logLevel=DEBUG`<==      Total: 3
time=2019-01-31T13:16:25.297+0800`appName=graduation`hostName=localhost`logLevel=DEBUG`==>  Preparing: SELECT relation_id AS relationId,role_id AS roleId,menu_id AS menuId,status,ctime,utime FROM role_menu_relation WHERE role_id = ? 
time=2019-01-31T13:16:25.334+0800`appName=graduation`hostName=localhost`logLevel=DEBUG`==> Parameters: 1(Long)
time=2019-01-31T13:16:25.366+0800`appName=graduation`hostName=localhost`logLevel=DEBUG`<==      Total: 4
time=2019-01-31T13:16:25.388+0800`appName=graduation`hostName=localhost`logLevel=DEBUG`==>  Preparing: SELECT menu_id AS menuId,title,href,icon,status,parent_id,ctime,utime FROM menu WHERE menu_id IN (?,?,?,?) 
time=2019-01-31T13:16:25.392+0800`appName=graduation`hostName=localhost`logLevel=DEBUG`==> Parameters: 2(Long), 3(Long), 4(Long), 5(Long)
time=2019-01-31T13:16:25.397+0800`appName=graduation`hostName=localhost`logLevel=DEBUG`<==      Total: 4
time=2019-01-31T13:16:26.300+0800`appName=graduation`hostName=localhost`logLevel=DEBUG`==>  Preparing: SELECT role_id AS roleId,role_name AS roleName,remark,deleted,ctime,utime FROM role 
time=2019-01-31T13:16:26.301+0800`appName=graduation`hostName=localhost`logLevel=DEBUG`==> Parameters: 
time=2019-01-31T13:16:26.304+0800`appName=graduation`hostName=localhost`logLevel=DEBUG`<==      Total: 3
time=2019-01-31T13:16:43.256+0800`appName=graduation`hostName=localhost`logLevel=DEBUG`==>  Preparing: SELECT relation_id AS relationId,role_id AS roleId,menu_id AS menuId,status,ctime,utime FROM role_menu_relation WHERE role_id = ? 
time=2019-01-31T13:16:43.258+0800`appName=graduation`hostName=localhost`logLevel=DEBUG`==> Parameters: 1(Long)
time=2019-01-31T13:16:43.261+0800`appName=graduation`hostName=localhost`logLevel=DEBUG`<==      Total: 4
time=2019-01-31T13:16:43.264+0800`appName=graduation`hostName=localhost`logLevel=DEBUG`==>  Preparing: SELECT menu_id AS menuId,title,href,icon,status,parent_id,ctime,utime FROM menu WHERE menu_id IN (?,?,?,?) 
time=2019-01-31T13:16:43.266+0800`appName=graduation`hostName=localhost`logLevel=DEBUG`==> Parameters: 2(Long), 3(Long), 4(Long), 5(Long)
time=2019-01-31T13:16:43.273+0800`appName=graduation`hostName=localhost`logLevel=DEBUG`<==      Total: 4
time=2019-01-31T13:16:45.708+0800`appName=graduation`hostName=localhost`logLevel=DEBUG`==>  Preparing: SELECT role_id AS roleId,role_name AS roleName,remark,deleted,ctime,utime FROM role 
time=2019-01-31T13:16:45.708+0800`appName=graduation`hostName=localhost`logLevel=DEBUG`==> Parameters: 
time=2019-01-31T13:16:45.710+0800`appName=graduation`hostName=localhost`logLevel=DEBUG`<==      Total: 3
time=2019-01-31T13:21:24.286+0800`appName=graduation`hostName=localhost`logLevel=DEBUG`==>  Preparing: SELECT relation_id AS relationId,role_id AS roleId,menu_id AS menuId,status,ctime,utime FROM role_menu_relation WHERE role_id = ? 
time=2019-01-31T13:21:24.317+0800`appName=graduation`hostName=localhost`logLevel=DEBUG`==> Parameters: 1(Long)
time=2019-01-31T13:21:24.339+0800`appName=graduation`hostName=localhost`logLevel=DEBUG`<==      Total: 4
time=2019-01-31T13:21:24.354+0800`appName=graduation`hostName=localhost`logLevel=DEBUG`==>  Preparing: SELECT menu_id AS menuId,title,href,icon,status,parent_id,ctime,utime FROM menu WHERE menu_id IN (?,?,?,?) 
time=2019-01-31T13:21:24.355+0800`appName=graduation`hostName=localhost`logLevel=DEBUG`==> Parameters: 2(Long), 3(Long), 4(Long), 5(Long)
time=2019-01-31T13:21:24.357+0800`appName=graduation`hostName=localhost`logLevel=DEBUG`<==      Total: 4
time=2019-01-31T13:21:24.985+0800`appName=graduation`hostName=localhost`logLevel=DEBUG`==>  Preparing: SELECT role_id AS roleId,role_name AS roleName,remark,deleted,ctime,utime FROM role 
time=2019-01-31T13:21:24.986+0800`appName=graduation`hostName=localhost`logLevel=DEBUG`==> Parameters: 
time=2019-01-31T13:21:24.989+0800`appName=graduation`hostName=localhost`logLevel=DEBUG`<==      Total: 3
time=2019-01-31T13:24:27.592+0800`appName=graduation`hostName=localhost`logLevel=DEBUG`==>  Preparing: SELECT relation_id AS relationId,role_id AS roleId,menu_id AS menuId,status,ctime,utime FROM role_menu_relation WHERE role_id = ? 
time=2019-01-31T13:24:27.624+0800`appName=graduation`hostName=localhost`logLevel=DEBUG`==> Parameters: 1(Long)
time=2019-01-31T13:24:27.651+0800`appName=graduation`hostName=localhost`logLevel=DEBUG`<==      Total: 4
time=2019-01-31T13:24:27.668+0800`appName=graduation`hostName=localhost`logLevel=DEBUG`==>  Preparing: SELECT menu_id AS menuId,title,href,icon,status,parent_id,ctime,utime FROM menu WHERE menu_id IN (?,?,?,?) 
time=2019-01-31T13:24:27.668+0800`appName=graduation`hostName=localhost`logLevel=DEBUG`==> Parameters: 2(Long), 3(Long), 4(Long), 5(Long)
time=2019-01-31T13:24:27.672+0800`appName=graduation`hostName=localhost`logLevel=DEBUG`<==      Total: 4
time=2019-01-31T13:24:28.505+0800`appName=graduation`hostName=localhost`logLevel=DEBUG`==>  Preparing: SELECT role_id AS roleId,role_name AS roleName,remark,deleted,ctime,utime FROM role 
time=2019-01-31T13:24:28.506+0800`appName=graduation`hostName=localhost`logLevel=DEBUG`==> Parameters: 
time=2019-01-31T13:24:28.510+0800`appName=graduation`hostName=localhost`logLevel=DEBUG`<==      Total: 3
time=2019-01-31T13:24:45.358+0800`appName=graduation`hostName=localhost`logLevel=DEBUG`==>  Preparing: SELECT relation_id AS relationId,role_id AS roleId,menu_id AS menuId,status,ctime,utime FROM role_menu_relation WHERE role_id = ? 
time=2019-01-31T13:24:45.359+0800`appName=graduation`hostName=localhost`logLevel=DEBUG`==> Parameters: 1(Long)
time=2019-01-31T13:24:45.364+0800`appName=graduation`hostName=localhost`logLevel=DEBUG`<==      Total: 4
time=2019-01-31T13:24:45.367+0800`appName=graduation`hostName=localhost`logLevel=DEBUG`==>  Preparing: SELECT menu_id AS menuId,title,href,icon,status,parent_id,ctime,utime FROM menu WHERE menu_id IN (?,?,?,?) 
time=2019-01-31T13:24:45.368+0800`appName=graduation`hostName=localhost`logLevel=DEBUG`==> Parameters: 2(Long), 3(Long), 4(Long), 5(Long)
time=2019-01-31T13:24:45.373+0800`appName=graduation`hostName=localhost`logLevel=DEBUG`<==      Total: 4
time=2019-01-31T13:24:48.215+0800`appName=graduation`hostName=localhost`logLevel=DEBUG`==>  Preparing: SELECT role_id AS roleId,role_name AS roleName,remark,deleted,ctime,utime FROM role 
time=2019-01-31T13:24:48.215+0800`appName=graduation`hostName=localhost`logLevel=DEBUG`==> Parameters: 
time=2019-01-31T13:24:48.218+0800`appName=graduation`hostName=localhost`logLevel=DEBUG`<==      Total: 3
time=2019-01-31T14:24:11.258+0800`appName=graduation`hostName=localhost`logLevel=DEBUG`==>  Preparing: SELECT relation_id AS relationId,role_id AS roleId,menu_id AS menuId,status,ctime,utime FROM role_menu_relation WHERE role_id = ? 
time=2019-01-31T14:24:11.290+0800`appName=graduation`hostName=localhost`logLevel=DEBUG`==> Parameters: 1(Long)
time=2019-01-31T14:24:11.315+0800`appName=graduation`hostName=localhost`logLevel=DEBUG`<==      Total: 4
time=2019-01-31T14:24:11.331+0800`appName=graduation`hostName=localhost`logLevel=DEBUG`==>  Preparing: SELECT menu_id AS menuId,title,href,icon,status,parent_id,ctime,utime FROM menu WHERE menu_id IN (?,?,?,?) 
time=2019-01-31T14:24:11.332+0800`appName=graduation`hostName=localhost`logLevel=DEBUG`==> Parameters: 2(Long), 3(Long), 4(Long), 5(Long)
time=2019-01-31T14:24:11.336+0800`appName=graduation`hostName=localhost`logLevel=DEBUG`<==      Total: 4
time=2019-01-31T14:24:12.120+0800`appName=graduation`hostName=localhost`logLevel=DEBUG`==>  Preparing: SELECT role_id AS roleId,role_name AS roleName,remark,deleted,ctime,utime FROM role 
time=2019-01-31T14:24:12.121+0800`appName=graduation`hostName=localhost`logLevel=DEBUG`==> Parameters: 
time=2019-01-31T14:24:12.125+0800`appName=graduation`hostName=localhost`logLevel=DEBUG`<==      Total: 3
time=2019-01-31T14:24:20.852+0800`appName=graduation`hostName=localhost`logLevel=DEBUG`==>  Preparing: SELECT role_id AS roleId,role_name AS roleName,remark,deleted,ctime,utime FROM role WHERE role_name = ? 
time=2019-01-31T14:24:20.853+0800`appName=graduation`hostName=localhost`logLevel=DEBUG`==> Parameters: aaa(String)
time=2019-01-31T14:24:20.854+0800`appName=graduation`hostName=localhost`logLevel=DEBUG`<==      Total: 0
time=2019-01-31T14:25:35.716+0800`appName=graduation`hostName=localhost`logLevel=DEBUG`==>  Preparing: SELECT relation_id AS relationId,role_id AS roleId,menu_id AS menuId,status,ctime,utime FROM role_menu_relation WHERE role_id = ? 
time=2019-01-31T14:25:35.718+0800`appName=graduation`hostName=localhost`logLevel=DEBUG`==> Parameters: 1(Long)
time=2019-01-31T14:25:35.723+0800`appName=graduation`hostName=localhost`logLevel=DEBUG`<==      Total: 4
time=2019-01-31T14:25:35.726+0800`appName=graduation`hostName=localhost`logLevel=DEBUG`==>  Preparing: SELECT menu_id AS menuId,title,href,icon,status,parent_id,ctime,utime FROM menu WHERE menu_id IN (?,?,?,?) 
time=2019-01-31T14:25:35.726+0800`appName=graduation`hostName=localhost`logLevel=DEBUG`==> Parameters: 2(Long), 3(Long), 4(Long), 5(Long)
time=2019-01-31T14:25:35.730+0800`appName=graduation`hostName=localhost`logLevel=DEBUG`<==      Total: 4
time=2019-01-31T14:25:36.235+0800`appName=graduation`hostName=localhost`logLevel=DEBUG`==>  Preparing: SELECT role_id AS roleId,role_name AS roleName,remark,deleted,ctime,utime FROM role 
time=2019-01-31T14:25:36.235+0800`appName=graduation`hostName=localhost`logLevel=DEBUG`==> Parameters: 
time=2019-01-31T14:25:36.238+0800`appName=graduation`hostName=localhost`logLevel=DEBUG`<==      Total: 3
time=2019-01-31T14:25:45.737+0800`appName=graduation`hostName=localhost`logLevel=DEBUG`==>  Preparing: SELECT role_id AS roleId,role_name AS roleName,remark,deleted,ctime,utime FROM role WHERE role_name = ? 
time=2019-01-31T14:25:45.738+0800`appName=graduation`hostName=localhost`logLevel=DEBUG`==> Parameters: aaa(String)
time=2019-01-31T14:25:45.740+0800`appName=graduation`hostName=localhost`logLevel=DEBUG`<==      Total: 0
time=2019-01-31T14:28:25.546+0800`appName=graduation`hostName=localhost`logLevel=DEBUG`==>  Preparing: SELECT relation_id AS relationId,role_id AS roleId,menu_id AS menuId,status,ctime,utime FROM role_menu_relation WHERE role_id = ? 
time=2019-01-31T14:28:25.574+0800`appName=graduation`hostName=localhost`logLevel=DEBUG`==> Parameters: 1(Long)
time=2019-01-31T14:28:25.595+0800`appName=graduation`hostName=localhost`logLevel=DEBUG`<==      Total: 4
time=2019-01-31T14:28:25.610+0800`appName=graduation`hostName=localhost`logLevel=DEBUG`==>  Preparing: SELECT menu_id AS menuId,title,href,icon,status,parent_id,ctime,utime FROM menu WHERE menu_id IN (?,?,?,?) 
time=2019-01-31T14:28:25.611+0800`appName=graduation`hostName=localhost`logLevel=DEBUG`==> Parameters: 2(Long), 3(Long), 4(Long), 5(Long)
time=2019-01-31T14:28:25.613+0800`appName=graduation`hostName=localhost`logLevel=DEBUG`<==      Total: 4
time=2019-01-31T14:28:26.409+0800`appName=graduation`hostName=localhost`logLevel=DEBUG`==>  Preparing: SELECT role_id AS roleId,role_name AS roleName,remark,deleted,ctime,utime FROM role 
time=2019-01-31T14:28:26.410+0800`appName=graduation`hostName=localhost`logLevel=DEBUG`==> Parameters: 
time=2019-01-31T14:28:26.413+0800`appName=graduation`hostName=localhost`logLevel=DEBUG`<==      Total: 3
time=2019-01-31T14:28:34.735+0800`appName=graduation`hostName=localhost`logLevel=DEBUG`==>  Preparing: SELECT role_id AS roleId,role_name AS roleName,remark,deleted,ctime,utime FROM role WHERE role_name = ? 
time=2019-01-31T14:28:34.736+0800`appName=graduation`hostName=localhost`logLevel=DEBUG`==> Parameters: a(String)
time=2019-01-31T14:28:34.738+0800`appName=graduation`hostName=localhost`logLevel=DEBUG`<==      Total: 0
time=2019-01-31T14:37:26.425+0800`appName=graduation`hostName=localhost`logLevel=DEBUG`==>  Preparing: SELECT relation_id AS relationId,role_id AS roleId,menu_id AS menuId,status,ctime,utime FROM role_menu_relation WHERE role_id = ? 
time=2019-01-31T14:37:26.458+0800`appName=graduation`hostName=localhost`logLevel=DEBUG`==> Parameters: 1(Long)
time=2019-01-31T14:37:26.484+0800`appName=graduation`hostName=localhost`logLevel=DEBUG`<==      Total: 4
time=2019-01-31T14:37:26.504+0800`appName=graduation`hostName=localhost`logLevel=DEBUG`==>  Preparing: SELECT menu_id AS menuId,title,href,icon,status,parent_id,ctime,utime FROM menu WHERE menu_id IN (?,?,?,?) 
time=2019-01-31T14:37:26.505+0800`appName=graduation`hostName=localhost`logLevel=DEBUG`==> Parameters: 2(Long), 3(Long), 4(Long), 5(Long)
time=2019-01-31T14:37:26.508+0800`appName=graduation`hostName=localhost`logLevel=DEBUG`<==      Total: 4
time=2019-01-31T14:37:27.291+0800`appName=graduation`hostName=localhost`logLevel=DEBUG`==>  Preparing: SELECT role_id AS roleId,role_name AS roleName,remark,deleted,ctime,utime FROM role 
time=2019-01-31T14:37:27.292+0800`appName=graduation`hostName=localhost`logLevel=DEBUG`==> Parameters: 
time=2019-01-31T14:37:27.295+0800`appName=graduation`hostName=localhost`logLevel=DEBUG`<==      Total: 3
time=2019-01-31T14:37:40.305+0800`appName=graduation`hostName=localhost`logLevel=DEBUG`==>  Preparing: SELECT role_id AS roleId,role_name AS roleName,remark,deleted,ctime,utime FROM role WHERE role_name = ? 
time=2019-01-31T14:37:40.306+0800`appName=graduation`hostName=localhost`logLevel=DEBUG`==> Parameters: aaa(String)
time=2019-01-31T14:37:40.309+0800`appName=graduation`hostName=localhost`logLevel=DEBUG`<==      Total: 0
time=2019-01-31T14:50:55.498+0800`appName=graduation`hostName=localhost`logLevel=DEBUG`==>  Preparing: SELECT relation_id AS relationId,role_id AS roleId,menu_id AS menuId,status,ctime,utime FROM role_menu_relation WHERE role_id = ? 
time=2019-01-31T14:50:55.498+0800`appName=graduation`hostName=localhost`logLevel=DEBUG`==> Parameters: 1(Long)
time=2019-01-31T14:50:55.518+0800`appName=graduation`hostName=localhost`logLevel=DEBUG`<==      Total: 4
time=2019-01-31T14:50:55.521+0800`appName=graduation`hostName=localhost`logLevel=DEBUG`==>  Preparing: SELECT menu_id AS menuId,title,href,icon,status,parent_id,ctime,utime FROM menu WHERE menu_id IN (?,?,?,?) 
time=2019-01-31T14:50:55.522+0800`appName=graduation`hostName=localhost`logLevel=DEBUG`==> Parameters: 2(Long), 3(Long), 4(Long), 5(Long)
time=2019-01-31T14:50:55.527+0800`appName=graduation`hostName=localhost`logLevel=DEBUG`<==      Total: 4
time=2019-01-31T14:50:55.980+0800`appName=graduation`hostName=localhost`logLevel=DEBUG`==>  Preparing: SELECT role_id AS roleId,role_name AS roleName,remark,deleted,ctime,utime FROM role 
time=2019-01-31T14:50:55.983+0800`appName=graduation`hostName=localhost`logLevel=DEBUG`==> Parameters: 
time=2019-01-31T14:50:55.987+0800`appName=graduation`hostName=localhost`logLevel=DEBUG`<==      Total: 3
time=2019-01-31T14:51:05.055+0800`appName=graduation`hostName=localhost`logLevel=DEBUG`==>  Preparing: INSERT INTO role ( role_name,deleted,ctime,utime ) VALUES ( ?,?,?,? ) 
time=2019-01-31T14:51:05.056+0800`appName=graduation`hostName=localhost`logLevel=DEBUG`==> Parameters: 管理员1(String), 0(Integer), 1548917465054(Long), 1548917465054(Long)
time=2019-01-31T14:51:05.074+0800`appName=graduation`hostName=localhost`logLevel=DEBUG`<==    Updates: 1
time=2019-01-31T14:51:11.225+0800`appName=graduation`hostName=localhost`logLevel=DEBUG`==>  Preparing: SELECT relation_id AS relationId,role_id AS roleId,menu_id AS menuId,status,ctime,utime FROM role_menu_relation WHERE role_id = ? 
time=2019-01-31T14:51:11.226+0800`appName=graduation`hostName=localhost`logLevel=DEBUG`==> Parameters: 1(Long)
time=2019-01-31T14:51:11.228+0800`appName=graduation`hostName=localhost`logLevel=DEBUG`<==      Total: 4
time=2019-01-31T14:51:11.231+0800`appName=graduation`hostName=localhost`logLevel=DEBUG`==>  Preparing: SELECT menu_id AS menuId,title,href,icon,status,parent_id,ctime,utime FROM menu WHERE menu_id IN (?,?,?,?) 
time=2019-01-31T14:51:11.233+0800`appName=graduation`hostName=localhost`logLevel=DEBUG`==> Parameters: 2(Long), 3(Long), 4(Long), 5(Long)
time=2019-01-31T14:51:11.235+0800`appName=graduation`hostName=localhost`logLevel=DEBUG`<==      Total: 4
time=2019-01-31T14:51:11.729+0800`appName=graduation`hostName=localhost`logLevel=DEBUG`==>  Preparing: SELECT role_id AS roleId,role_name AS roleName,remark,deleted,ctime,utime FROM role 
time=2019-01-31T14:51:11.730+0800`appName=graduation`hostName=localhost`logLevel=DEBUG`==> Parameters: 
time=2019-01-31T14:51:11.733+0800`appName=graduation`hostName=localhost`logLevel=DEBUG`<==      Total: 4
time=2019-01-31T14:51:31.342+0800`appName=graduation`hostName=localhost`logLevel=DEBUG`==>  Preparing: UPDATE role SET role_name=?,deleted=?,utime=? WHERE role_id=? 
time=2019-01-31T14:51:31.343+0800`appName=graduation`hostName=localhost`logLevel=DEBUG`==> Parameters: 管理员(String), 1(Integer), 1548917491338(Long), 9(Long)
time=2019-01-31T14:51:31.353+0800`appName=graduation`hostName=localhost`logLevel=DEBUG`<==    Updates: 1
time=2019-01-31T14:51:36.784+0800`appName=graduation`hostName=localhost`logLevel=DEBUG`==>  Preparing: SELECT relation_id AS relationId,role_id AS roleId,menu_id AS menuId,status,ctime,utime FROM role_menu_relation WHERE role_id = ? 
time=2019-01-31T14:51:36.786+0800`appName=graduation`hostName=localhost`logLevel=DEBUG`==> Parameters: 1(Long)
time=2019-01-31T14:51:36.792+0800`appName=graduation`hostName=localhost`logLevel=DEBUG`<==      Total: 4
time=2019-01-31T14:51:36.795+0800`appName=graduation`hostName=localhost`logLevel=DEBUG`==>  Preparing: SELECT menu_id AS menuId,title,href,icon,status,parent_id,ctime,utime FROM menu WHERE menu_id IN (?,?,?,?) 
time=2019-01-31T14:51:36.796+0800`appName=graduation`hostName=localhost`logLevel=DEBUG`==> Parameters: 2(Long), 3(Long), 4(Long), 5(Long)
time=2019-01-31T14:51:36.801+0800`appName=graduation`hostName=localhost`logLevel=DEBUG`<==      Total: 4
time=2019-01-31T14:51:37.212+0800`appName=graduation`hostName=localhost`logLevel=DEBUG`==>  Preparing: SELECT role_id AS roleId,role_name AS roleName,remark,deleted,ctime,utime FROM role 
time=2019-01-31T14:51:37.212+0800`appName=graduation`hostName=localhost`logLevel=DEBUG`==> Parameters: 
time=2019-01-31T14:51:37.214+0800`appName=graduation`hostName=localhost`logLevel=DEBUG`<==      Total: 4
time=2019-01-31T14:51:45.530+0800`appName=graduation`hostName=localhost`logLevel=DEBUG`==>  Preparing: SELECT role_id AS roleId,role_name AS roleName,remark,deleted,ctime,utime FROM role 
time=2019-01-31T14:51:45.532+0800`appName=graduation`hostName=localhost`logLevel=DEBUG`==> Parameters: 
time=2019-01-31T14:51:45.536+0800`appName=graduation`hostName=localhost`logLevel=DEBUG`<==      Total: 4
time=2019-01-31T14:53:07.007+0800`appName=graduation`hostName=localhost`logLevel=DEBUG`==>  Preparing: SELECT relation_id AS relationId,role_id AS roleId,menu_id AS menuId,status,ctime,utime FROM role_menu_relation WHERE role_id = ? 
time=2019-01-31T14:53:07.008+0800`appName=graduation`hostName=localhost`logLevel=DEBUG`==> Parameters: 1(Long)
time=2019-01-31T14:53:07.010+0800`appName=graduation`hostName=localhost`logLevel=DEBUG`<==      Total: 4
time=2019-01-31T14:53:07.015+0800`appName=graduation`hostName=localhost`logLevel=DEBUG`==>  Preparing: SELECT menu_id AS menuId,title,href,icon,status,parent_id,ctime,utime FROM menu WHERE menu_id IN (?,?,?,?) 
time=2019-01-31T14:53:07.016+0800`appName=graduation`hostName=localhost`logLevel=DEBUG`==> Parameters: 2(Long), 3(Long), 4(Long), 5(Long)
time=2019-01-31T14:53:07.023+0800`appName=graduation`hostName=localhost`logLevel=DEBUG`<==      Total: 4
time=2019-01-31T14:53:11.622+0800`appName=graduation`hostName=localhost`logLevel=DEBUG`==>  Preparing: SELECT role_id AS roleId,role_name AS roleName,remark,deleted,ctime,utime FROM role 
time=2019-01-31T14:53:11.622+0800`appName=graduation`hostName=localhost`logLevel=DEBUG`==> Parameters: 
time=2019-01-31T14:53:11.622+0800`appName=graduation`hostName=localhost`logLevel=DEBUG`<==      Total: 4
time=2019-01-31T14:53:32.067+0800`appName=graduation`hostName=localhost`logLevel=DEBUG`==>  Preparing: SELECT role_id AS roleId,role_name AS roleName,remark,deleted,ctime,utime FROM role 
time=2019-01-31T14:53:32.067+0800`appName=graduation`hostName=localhost`logLevel=DEBUG`==> Parameters: 
time=2019-01-31T14:53:32.067+0800`appName=graduation`hostName=localhost`logLevel=DEBUG`<==      Total: 4
time=2019-01-31T14:53:38.139+0800`appName=graduation`hostName=localhost`logLevel=DEBUG`==>  Preparing: SELECT relation_id AS relationId,role_id AS roleId,menu_id AS menuId,status,ctime,utime FROM role_menu_relation WHERE role_id = ? 
time=2019-01-31T14:53:38.139+0800`appName=graduation`hostName=localhost`logLevel=DEBUG`==> Parameters: 1(Long)
time=2019-01-31T14:53:38.141+0800`appName=graduation`hostName=localhost`logLevel=DEBUG`<==      Total: 4
time=2019-01-31T14:53:38.143+0800`appName=graduation`hostName=localhost`logLevel=DEBUG`==>  Preparing: SELECT menu_id AS menuId,title,href,icon,status,parent_id,ctime,utime FROM menu WHERE menu_id IN (?,?,?,?) 
time=2019-01-31T14:53:38.144+0800`appName=graduation`hostName=localhost`logLevel=DEBUG`==> Parameters: 2(Long), 3(Long), 4(Long), 5(Long)
time=2019-01-31T14:53:38.146+0800`appName=graduation`hostName=localhost`logLevel=DEBUG`<==      Total: 4
time=2019-01-31T14:53:41.798+0800`appName=graduation`hostName=localhost`logLevel=DEBUG`==>  Preparing: SELECT role_id AS roleId,role_name AS roleName,remark,deleted,ctime,utime FROM role 
time=2019-01-31T14:53:41.798+0800`appName=graduation`hostName=localhost`logLevel=DEBUG`==> Parameters: 
time=2019-01-31T14:53:41.798+0800`appName=graduation`hostName=localhost`logLevel=DEBUG`<==      Total: 4
time=2019-01-31T14:54:41.027+0800`appName=graduation`hostName=localhost`logLevel=DEBUG`==>  Preparing: SELECT relation_id AS relationId,role_id AS roleId,menu_id AS menuId,status,ctime,utime FROM role_menu_relation WHERE role_id = ? 
time=2019-01-31T14:54:41.085+0800`appName=graduation`hostName=localhost`logLevel=DEBUG`==> Parameters: 1(Long)
time=2019-01-31T14:54:41.111+0800`appName=graduation`hostName=localhost`logLevel=DEBUG`<==      Total: 4
time=2019-01-31T14:54:41.127+0800`appName=graduation`hostName=localhost`logLevel=DEBUG`==>  Preparing: SELECT menu_id AS menuId,title,href,icon,status,parent_id,ctime,utime FROM menu WHERE menu_id IN (?,?,?,?) 
time=2019-01-31T14:54:41.127+0800`appName=graduation`hostName=localhost`logLevel=DEBUG`==> Parameters: 2(Long), 3(Long), 4(Long), 5(Long)
time=2019-01-31T14:54:41.130+0800`appName=graduation`hostName=localhost`logLevel=DEBUG`<==      Total: 4
time=2019-01-31T14:54:48.785+0800`appName=graduation`hostName=localhost`logLevel=DEBUG`==>  Preparing: SELECT role_id AS roleId,role_name AS roleName,remark,deleted,ctime,utime FROM role 
time=2019-01-31T14:54:48.785+0800`appName=graduation`hostName=localhost`logLevel=DEBUG`==> Parameters: 
time=2019-01-31T14:54:48.785+0800`appName=graduation`hostName=localhost`logLevel=DEBUG`<==      Total: 4
time=2019-01-31T14:55:01.100+0800`appName=graduation`hostName=localhost`logLevel=DEBUG`==>  Preparing: SELECT role_id AS roleId,role_name AS roleName,remark,deleted,ctime,utime FROM role WHERE deleted = ? 
time=2019-01-31T14:55:01.100+0800`appName=graduation`hostName=localhost`logLevel=DEBUG`==> Parameters: 1(Integer)
time=2019-01-31T14:55:01.115+0800`appName=graduation`hostName=localhost`logLevel=DEBUG`<==      Total: 1
time=2019-01-31T15:08:33.315+0800`appName=graduation`hostName=localhost`logLevel=DEBUG`==>  Preparing: SELECT relation_id AS relationId,role_id AS roleId,menu_id AS menuId,status,ctime,utime FROM role_menu_relation WHERE role_id = ? 
time=2019-01-31T15:08:33.348+0800`appName=graduation`hostName=localhost`logLevel=DEBUG`==> Parameters: 1(Long)
time=2019-01-31T15:08:33.372+0800`appName=graduation`hostName=localhost`logLevel=DEBUG`<==      Total: 4
time=2019-01-31T15:08:33.389+0800`appName=graduation`hostName=localhost`logLevel=DEBUG`==>  Preparing: SELECT menu_id AS menuId,title,href,icon,status,parent_id,ctime,utime FROM menu WHERE menu_id IN (?,?,?,?) 
time=2019-01-31T15:08:33.390+0800`appName=graduation`hostName=localhost`logLevel=DEBUG`==> Parameters: 2(Long), 3(Long), 4(Long), 5(Long)
time=2019-01-31T15:08:33.392+0800`appName=graduation`hostName=localhost`logLevel=DEBUG`<==      Total: 4
time=2019-01-31T15:08:37.357+0800`appName=graduation`hostName=localhost`logLevel=DEBUG`==>  Preparing: SELECT role_id AS roleId,role_name AS roleName,remark,deleted,ctime,utime FROM role 
time=2019-01-31T15:08:37.357+0800`appName=graduation`hostName=localhost`logLevel=DEBUG`==> Parameters: 
time=2019-01-31T15:08:37.373+0800`appName=graduation`hostName=localhost`logLevel=DEBUG`<==      Total: 4
time=2019-01-31T15:08:53.460+0800`appName=graduation`hostName=localhost`logLevel=DEBUG`==>  Preparing: UPDATE role SET role_name=?,deleted=?,utime=? WHERE role_id=? 
time=2019-01-31T15:08:53.461+0800`appName=graduation`hostName=localhost`logLevel=DEBUG`==> Parameters: 班级(String), 1(Integer), 1548918533458(Long), 15(Long)
time=2019-01-31T15:08:53.469+0800`appName=graduation`hostName=localhost`logLevel=DEBUG`<==    Updates: 1
time=2019-01-31T15:08:53.522+0800`appName=graduation`hostName=localhost`logLevel=DEBUG`==>  Preparing: SELECT role_id AS roleId,role_name AS roleName,remark,deleted,ctime,utime FROM role 
time=2019-01-31T15:08:53.522+0800`appName=graduation`hostName=localhost`logLevel=DEBUG`==> Parameters: 
time=2019-01-31T15:08:53.528+0800`appName=graduation`hostName=localhost`logLevel=DEBUG`<==      Total: 4
time=2019-01-31T15:09:43.005+0800`appName=graduation`hostName=localhost`logLevel=DEBUG`==>  Preparing: SELECT relation_id AS relationId,role_id AS roleId,menu_id AS menuId,status,ctime,utime FROM role_menu_relation WHERE role_id = ? 
time=2019-01-31T15:09:43.005+0800`appName=graduation`hostName=localhost`logLevel=DEBUG`==> Parameters: 1(Long)
time=2019-01-31T15:09:43.018+0800`appName=graduation`hostName=localhost`logLevel=DEBUG`<==      Total: 4
time=2019-01-31T15:09:43.021+0800`appName=graduation`hostName=localhost`logLevel=DEBUG`==>  Preparing: SELECT menu_id AS menuId,title,href,icon,status,parent_id,ctime,utime FROM menu WHERE menu_id IN (?,?,?,?) 
time=2019-01-31T15:09:43.022+0800`appName=graduation`hostName=localhost`logLevel=DEBUG`==> Parameters: 2(Long), 3(Long), 4(Long), 5(Long)
time=2019-01-31T15:09:43.025+0800`appName=graduation`hostName=localhost`logLevel=DEBUG`<==      Total: 4
time=2019-01-31T15:09:43.423+0800`appName=graduation`hostName=localhost`logLevel=DEBUG`==>  Preparing: SELECT role_id AS roleId,role_name AS roleName,remark,deleted,ctime,utime FROM role 
time=2019-01-31T15:09:44.777+0800`appName=graduation`hostName=localhost`logLevel=DEBUG`==> Parameters: 
time=2019-01-31T15:09:44.777+0800`appName=graduation`hostName=localhost`logLevel=DEBUG`<==      Total: 4
time=2019-01-31T15:09:52.380+0800`appName=graduation`hostName=localhost`logLevel=DEBUG`==>  Preparing: INSERT INTO role ( role_name,deleted,ctime,utime ) VALUES ( ?,?,?,? ) 
time=2019-01-31T15:09:52.381+0800`appName=graduation`hostName=localhost`logLevel=DEBUG`==> Parameters: 学院(String), 0(Integer), 1548918592378(Long), 1548918592378(Long)
time=2019-01-31T15:09:52.386+0800`appName=graduation`hostName=localhost`logLevel=DEBUG`<==    Updates: 1
time=2019-01-31T15:09:52.444+0800`appName=graduation`hostName=localhost`logLevel=DEBUG`==>  Preparing: SELECT role_id AS roleId,role_name AS roleName,remark,deleted,ctime,utime FROM role 
time=2019-01-31T15:09:52.445+0800`appName=graduation`hostName=localhost`logLevel=DEBUG`==> Parameters: 
time=2019-01-31T15:09:52.449+0800`appName=graduation`hostName=localhost`logLevel=DEBUG`<==      Total: 5
time=2019-01-31T15:10:05.341+0800`appName=graduation`hostName=localhost`logLevel=DEBUG`==>  Preparing: UPDATE role SET role_name=?,deleted=?,utime=? WHERE role_id=? 
time=2019-01-31T15:10:05.342+0800`appName=graduation`hostName=localhost`logLevel=DEBUG`==> Parameters: 班级(String), 0(Integer), 1548918605331(Long), 15(Long)
time=2019-01-31T15:10:05.348+0800`appName=graduation`hostName=localhost`logLevel=DEBUG`<==    Updates: 1
time=2019-01-31T15:10:05.398+0800`appName=graduation`hostName=localhost`logLevel=DEBUG`==>  Preparing: SELECT role_id AS roleId,role_name AS roleName,remark,deleted,ctime,utime FROM role 
time=2019-01-31T15:10:05.399+0800`appName=graduation`hostName=localhost`logLevel=DEBUG`==> Parameters: 
time=2019-01-31T15:10:05.402+0800`appName=graduation`hostName=localhost`logLevel=DEBUG`<==      Total: 5
time=2019-01-31T15:17:42.452+0800`appName=graduation`hostName=localhost`logLevel=DEBUG`==>  Preparing: SELECT relation_id AS relationId,role_id AS roleId,menu_id AS menuId,status,ctime,utime FROM role_menu_relation WHERE role_id = ? 
time=2019-01-31T15:17:42.485+0800`appName=graduation`hostName=localhost`logLevel=DEBUG`==> Parameters: 1(Long)
time=2019-01-31T15:17:42.512+0800`appName=graduation`hostName=localhost`logLevel=DEBUG`<==      Total: 4
time=2019-01-31T15:17:42.528+0800`appName=graduation`hostName=localhost`logLevel=DEBUG`==>  Preparing: SELECT menu_id AS menuId,title,href,icon,status,parent_id,ctime,utime FROM menu WHERE menu_id IN (?,?,?,?) 
time=2019-01-31T15:17:42.529+0800`appName=graduation`hostName=localhost`logLevel=DEBUG`==> Parameters: 2(Long), 3(Long), 4(Long), 5(Long)
time=2019-01-31T15:17:42.533+0800`appName=graduation`hostName=localhost`logLevel=DEBUG`<==      Total: 4
time=2019-01-31T15:17:43.248+0800`appName=graduation`hostName=localhost`logLevel=DEBUG`==>  Preparing: SELECT role_id AS roleId,role_name AS roleName,remark,deleted,ctime,utime FROM role 
time=2019-01-31T15:17:43.249+0800`appName=graduation`hostName=localhost`logLevel=DEBUG`==> Parameters: 
time=2019-01-31T15:17:43.252+0800`appName=graduation`hostName=localhost`logLevel=DEBUG`<==      Total: 5
time=2019-01-31T15:17:47.100+0800`appName=graduation`hostName=localhost`logLevel=DEBUG`==>  Preparing: SELECT role_id AS roleId,role_name AS roleName,remark,deleted,ctime,utime FROM role WHERE deleted = ? 
time=2019-01-31T15:17:47.101+0800`appName=graduation`hostName=localhost`logLevel=DEBUG`==> Parameters: 1(Integer)
time=2019-01-31T15:17:47.103+0800`appName=graduation`hostName=localhost`logLevel=DEBUG`<==      Total: 1
time=2019-01-31T15:22:02.890+0800`appName=graduation`hostName=localhost`logLevel=DEBUG`==>  Preparing: SELECT relation_id AS relationId,role_id AS roleId,menu_id AS menuId,status,ctime,utime FROM role_menu_relation WHERE role_id = ? 
time=2019-01-31T15:22:02.922+0800`appName=graduation`hostName=localhost`logLevel=DEBUG`==> Parameters: 1(Long)
time=2019-01-31T15:22:02.946+0800`appName=graduation`hostName=localhost`logLevel=DEBUG`<==      Total: 4
time=2019-01-31T15:22:02.962+0800`appName=graduation`hostName=localhost`logLevel=DEBUG`==>  Preparing: SELECT menu_id AS menuId,title,href,icon,status,parent_id,ctime,utime FROM menu WHERE menu_id IN (?,?,?,?) 
time=2019-01-31T15:22:02.963+0800`appName=graduation`hostName=localhost`logLevel=DEBUG`==> Parameters: 2(Long), 3(Long), 4(Long), 5(Long)
time=2019-01-31T15:22:02.966+0800`appName=graduation`hostName=localhost`logLevel=DEBUG`<==      Total: 4
time=2019-01-31T15:22:03.711+0800`appName=graduation`hostName=localhost`logLevel=DEBUG`==>  Preparing: SELECT role_id AS roleId,role_name AS roleName,remark,deleted,ctime,utime FROM role 
time=2019-01-31T15:22:03.712+0800`appName=graduation`hostName=localhost`logLevel=DEBUG`==> Parameters: 
time=2019-01-31T15:22:03.715+0800`appName=graduation`hostName=localhost`logLevel=DEBUG`<==      Total: 5
time=2019-01-31T15:25:24.929+0800`appName=graduation`hostName=localhost`logLevel=DEBUG`==>  Preparing: SELECT relation_id AS relationId,role_id AS roleId,menu_id AS menuId,status,ctime,utime FROM role_menu_relation WHERE role_id = ? 
time=2019-01-31T15:25:24.961+0800`appName=graduation`hostName=localhost`logLevel=DEBUG`==> Parameters: 1(Long)
time=2019-01-31T15:25:24.986+0800`appName=graduation`hostName=localhost`logLevel=DEBUG`<==      Total: 4
time=2019-01-31T15:25:25.002+0800`appName=graduation`hostName=localhost`logLevel=DEBUG`==>  Preparing: SELECT menu_id AS menuId,title,href,icon,status,parent_id,ctime,utime FROM menu WHERE menu_id IN (?,?,?,?) 
time=2019-01-31T15:25:25.003+0800`appName=graduation`hostName=localhost`logLevel=DEBUG`==> Parameters: 2(Long), 3(Long), 4(Long), 5(Long)
time=2019-01-31T15:25:25.006+0800`appName=graduation`hostName=localhost`logLevel=DEBUG`<==      Total: 4
time=2019-01-31T15:25:25.672+0800`appName=graduation`hostName=localhost`logLevel=DEBUG`==>  Preparing: SELECT role_id AS roleId,role_name AS roleName,remark,deleted,ctime,utime FROM role 
time=2019-01-31T15:25:25.673+0800`appName=graduation`hostName=localhost`logLevel=DEBUG`==> Parameters: 
time=2019-01-31T15:25:25.677+0800`appName=graduation`hostName=localhost`logLevel=DEBUG`<==      Total: 5
time=2019-01-31T15:27:14.384+0800`appName=graduation`hostName=localhost`logLevel=DEBUG`==>  Preparing: SELECT relation_id AS relationId,role_id AS roleId,menu_id AS menuId,status,ctime,utime FROM role_menu_relation WHERE role_id = ? 
time=2019-01-31T15:27:14.424+0800`appName=graduation`hostName=localhost`logLevel=DEBUG`==> Parameters: 1(Long)
time=2019-01-31T15:27:14.449+0800`appName=graduation`hostName=localhost`logLevel=DEBUG`<==      Total: 4
time=2019-01-31T15:27:14.469+0800`appName=graduation`hostName=localhost`logLevel=DEBUG`==>  Preparing: SELECT menu_id AS menuId,title,href,icon,status,parent_id,ctime,utime FROM menu WHERE menu_id IN (?,?,?,?) 
time=2019-01-31T15:27:14.470+0800`appName=graduation`hostName=localhost`logLevel=DEBUG`==> Parameters: 2(Long), 3(Long), 4(Long), 5(Long)
time=2019-01-31T15:27:14.474+0800`appName=graduation`hostName=localhost`logLevel=DEBUG`<==      Total: 4
time=2019-01-31T15:27:15.277+0800`appName=graduation`hostName=localhost`logLevel=DEBUG`==>  Preparing: SELECT role_id AS roleId,role_name AS roleName,remark,deleted,ctime,utime FROM role 
time=2019-01-31T15:27:15.278+0800`appName=graduation`hostName=localhost`logLevel=DEBUG`==> Parameters: 
time=2019-01-31T15:27:15.281+0800`appName=graduation`hostName=localhost`logLevel=DEBUG`<==      Total: 5
time=2019-01-31T15:29:28.047+0800`appName=graduation`hostName=localhost`logLevel=DEBUG`==>  Preparing: SELECT relation_id AS relationId,role_id AS roleId,menu_id AS menuId,status,ctime,utime FROM role_menu_relation WHERE role_id = ? 
time=2019-01-31T15:29:28.049+0800`appName=graduation`hostName=localhost`logLevel=DEBUG`==> Parameters: 1(Long)
time=2019-01-31T15:29:28.053+0800`appName=graduation`hostName=localhost`logLevel=DEBUG`<==      Total: 4
time=2019-01-31T15:29:28.056+0800`appName=graduation`hostName=localhost`logLevel=DEBUG`==>  Preparing: SELECT menu_id AS menuId,title,href,icon,status,parent_id,ctime,utime FROM menu WHERE menu_id IN (?,?,?,?) 
time=2019-01-31T15:29:28.057+0800`appName=graduation`hostName=localhost`logLevel=DEBUG`==> Parameters: 2(Long), 3(Long), 4(Long), 5(Long)
time=2019-01-31T15:29:28.062+0800`appName=graduation`hostName=localhost`logLevel=DEBUG`<==      Total: 4
time=2019-01-31T15:29:31.400+0800`appName=graduation`hostName=localhost`logLevel=DEBUG`==>  Preparing: SELECT role_id AS roleId,role_name AS roleName,remark,deleted,ctime,utime FROM role 
time=2019-01-31T15:29:31.401+0800`appName=graduation`hostName=localhost`logLevel=DEBUG`==> Parameters: 
time=2019-01-31T15:29:31.403+0800`appName=graduation`hostName=localhost`logLevel=DEBUG`<==      Total: 5
time=2019-01-31T15:30:24.324+0800`appName=graduation`hostName=localhost`logLevel=DEBUG`==>  Preparing: SELECT relation_id AS relationId,role_id AS roleId,menu_id AS menuId,status,ctime,utime FROM role_menu_relation WHERE role_id = ? 
time=2019-01-31T15:30:24.371+0800`appName=graduation`hostName=localhost`logLevel=DEBUG`==> Parameters: 1(Long)
time=2019-01-31T15:30:24.400+0800`appName=graduation`hostName=localhost`logLevel=DEBUG`<==      Total: 4
time=2019-01-31T15:30:24.424+0800`appName=graduation`hostName=localhost`logLevel=DEBUG`==>  Preparing: SELECT menu_id AS menuId,title,href,icon,status,parent_id,ctime,utime FROM menu WHERE menu_id IN (?,?,?,?) 
time=2019-01-31T15:30:24.424+0800`appName=graduation`hostName=localhost`logLevel=DEBUG`==> Parameters: 2(Long), 3(Long), 4(Long), 5(Long)
time=2019-01-31T15:30:24.427+0800`appName=graduation`hostName=localhost`logLevel=DEBUG`<==      Total: 4
time=2019-01-31T15:30:25.294+0800`appName=graduation`hostName=localhost`logLevel=DEBUG`==>  Preparing: SELECT role_id AS roleId,role_name AS roleName,remark,deleted,ctime,utime FROM role 
time=2019-01-31T15:30:25.295+0800`appName=graduation`hostName=localhost`logLevel=DEBUG`==> Parameters: 
time=2019-01-31T15:30:25.298+0800`appName=graduation`hostName=localhost`logLevel=DEBUG`<==      Total: 5
time=2019-01-31T15:34:44.731+0800`appName=graduation`hostName=localhost`logLevel=DEBUG`==>  Preparing: SELECT relation_id AS relationId,role_id AS roleId,menu_id AS menuId,status,ctime,utime FROM role_menu_relation WHERE role_id = ? 
time=2019-01-31T15:34:44.762+0800`appName=graduation`hostName=localhost`logLevel=DEBUG`==> Parameters: 1(Long)
time=2019-01-31T15:34:44.787+0800`appName=graduation`hostName=localhost`logLevel=DEBUG`<==      Total: 4
time=2019-01-31T15:34:44.805+0800`appName=graduation`hostName=localhost`logLevel=DEBUG`==>  Preparing: SELECT menu_id AS menuId,title,href,icon,status,parent_id,ctime,utime FROM menu WHERE menu_id IN (?,?,?,?) 
time=2019-01-31T15:34:44.806+0800`appName=graduation`hostName=localhost`logLevel=DEBUG`==> Parameters: 2(Long), 3(Long), 4(Long), 5(Long)
time=2019-01-31T15:34:44.809+0800`appName=graduation`hostName=localhost`logLevel=DEBUG`<==      Total: 4
time=2019-01-31T15:34:45.534+0800`appName=graduation`hostName=localhost`logLevel=DEBUG`==>  Preparing: SELECT role_id AS roleId,role_name AS roleName,remark,deleted,ctime,utime FROM role 
time=2019-01-31T15:34:45.535+0800`appName=graduation`hostName=localhost`logLevel=DEBUG`==> Parameters: 
time=2019-01-31T15:34:45.539+0800`appName=graduation`hostName=localhost`logLevel=DEBUG`<==      Total: 5
time=2019-01-31T15:34:58.771+0800`appName=graduation`hostName=localhost`logLevel=DEBUG`==>  Preparing: SELECT relation_id AS relationId,role_id AS roleId,menu_id AS menuId,status,ctime,utime FROM role_menu_relation WHERE role_id = ? 
time=2019-01-31T15:34:58.771+0800`appName=graduation`hostName=localhost`logLevel=DEBUG`==> Parameters: 1(Long)
time=2019-01-31T15:34:58.774+0800`appName=graduation`hostName=localhost`logLevel=DEBUG`<==      Total: 4
time=2019-01-31T15:34:58.778+0800`appName=graduation`hostName=localhost`logLevel=DEBUG`==>  Preparing: SELECT menu_id AS menuId,title,href,icon,status,parent_id,ctime,utime FROM menu WHERE menu_id IN (?,?,?,?) 
time=2019-01-31T15:34:58.779+0800`appName=graduation`hostName=localhost`logLevel=DEBUG`==> Parameters: 2(Long), 3(Long), 4(Long), 5(Long)
time=2019-01-31T15:34:58.783+0800`appName=graduation`hostName=localhost`logLevel=DEBUG`<==      Total: 4
time=2019-01-31T15:35:01.521+0800`appName=graduation`hostName=localhost`logLevel=DEBUG`==>  Preparing: SELECT role_id AS roleId,role_name AS roleName,remark,deleted,ctime,utime FROM role 
time=2019-01-31T15:35:01.522+0800`appName=graduation`hostName=localhost`logLevel=DEBUG`==> Parameters: 
time=2019-01-31T15:35:01.524+0800`appName=graduation`hostName=localhost`logLevel=DEBUG`<==      Total: 5
time=2019-01-31T15:35:59.395+0800`appName=graduation`hostName=localhost`logLevel=DEBUG`==>  Preparing: UPDATE role SET role_name=?,deleted=?,utime=? WHERE role_id=? 
time=2019-01-31T15:35:59.396+0800`appName=graduation`hostName=localhost`logLevel=DEBUG`==> Parameters: 超级管理员(String), 0(Integer), 1548920159394(Long), 1(Long)
time=2019-01-31T15:35:59.403+0800`appName=graduation`hostName=localhost`logLevel=DEBUG`<==    Updates: 1
time=2019-01-31T15:35:59.444+0800`appName=graduation`hostName=localhost`logLevel=DEBUG`==>  Preparing: SELECT role_id AS roleId,role_name AS roleName,remark,deleted,ctime,utime FROM role 
time=2019-01-31T15:35:59.444+0800`appName=graduation`hostName=localhost`logLevel=DEBUG`==> Parameters: 
time=2019-01-31T15:35:59.446+0800`appName=graduation`hostName=localhost`logLevel=DEBUG`<==      Total: 5
