time=2019-02-24T16:24:38.940+0800`appName=graduation`hostName=localhost`logLevel=DEBUG`==>  Preparing: SELECT operator_id AS operatorId,operator_name AS operatorName,operator_status AS operatorStatus,deleted,mobile,pwd,role_id AS roleId,ctime,utime FROM operator WHERE operator_id=? 
time=2019-02-24T16:24:38.992+0800`appName=graduation`hostName=localhost`logLevel=DEBUG`==> Parameters: 15207312(Long)
time=2019-02-24T16:24:39.060+0800`appName=graduation`hostName=localhost`logLevel=DEBUG`<==      Total: 1
time=2019-02-24T16:24:39.076+0800`appName=graduation`hostName=localhost`logLevel=DEBUG`==>  Preparing: SELECT student_id AS studentId,token,ctime,utime FROM user_web_token WHERE student_id=? 
time=2019-02-24T16:24:39.080+0800`appName=graduation`hostName=localhost`logLevel=DEBUG`==> Parameters: 15207312(Long)
time=2019-02-24T16:24:39.088+0800`appName=graduation`hostName=localhost`logLevel=DEBUG`<==      Total: 1
time=2019-02-24T16:24:39.168+0800`appName=graduation`hostName=localhost`logLevel=DEBUG`==>  Preparing: UPDATE user_web_token SET token=?,utime=? WHERE student_id=? 
time=2019-02-24T16:24:39.168+0800`appName=graduation`hostName=localhost`logLevel=DEBUG`==> Parameters: 7f3d6f9a-5ecb-4dee-9004-d3cd71b6a8db(String), 1550996679168(Long), 15207312(Long)
time=2019-02-24T16:24:39.176+0800`appName=graduation`hostName=localhost`logLevel=DEBUG`<==    Updates: 1
time=2019-02-24T16:24:39.736+0800`appName=graduation`hostName=localhost`logLevel=DEBUG`==>  Preparing: SELECT relation_id AS relationId,operator_id AS operatorId,role_id AS roleId,deleted,ctime,utime FROM operator_role_relation WHERE operator_id = ? 
time=2019-02-24T16:24:39.740+0800`appName=graduation`hostName=localhost`logLevel=DEBUG`==> Parameters: 15207312(Long)
time=2019-02-24T16:24:39.744+0800`appName=graduation`hostName=localhost`logLevel=DEBUG`<==      Total: 1
time=2019-02-24T16:24:39.756+0800`appName=graduation`hostName=localhost`logLevel=DEBUG`==>  Preparing: SELECT relation_id AS relationId,role_id AS roleId,menu_id AS menuId,status,ctime,utime FROM role_menu_relation WHERE role_id = ? 
time=2019-02-24T16:24:39.756+0800`appName=graduation`hostName=localhost`logLevel=DEBUG`==> Parameters: 1(Long)
time=2019-02-24T16:24:39.764+0800`appName=graduation`hostName=localhost`logLevel=DEBUG`<==      Total: 13
time=2019-02-24T16:24:39.780+0800`appName=graduation`hostName=localhost`logLevel=DEBUG`==>  Preparing: SELECT menu_id AS menuId,title,href,icon,status,parent_id,ctime,utime FROM menu WHERE menu_id IN (?,?,?,?,?,?,?,?,?,?,?,?,?) 
time=2019-02-24T16:24:39.784+0800`appName=graduation`hostName=localhost`logLevel=DEBUG`==> Parameters: 1(Long), 7(Long), 8(Long), 2(Long), 3(Long), 5(Long), 13(Long), 14(Long), 15(Long), 16(Long), 17(Long), 18(Long), 19(Long)
time=2019-02-24T16:24:39.792+0800`appName=graduation`hostName=localhost`logLevel=DEBUG`<==      Total: 13
time=2019-02-24T16:24:43.910+0800`appName=graduation`hostName=localhost`logLevel=DEBUG`==>  Preparing: SELECT COUNT(1) FROM recruit_unit WHERE 1 = 1 
time=2019-02-24T16:24:43.910+0800`appName=graduation`hostName=localhost`logLevel=DEBUG`==> Parameters: 
time=2019-02-24T16:24:43.922+0800`appName=graduation`hostName=localhost`logLevel=DEBUG`==>  Preparing: SELECT unit_id AS unitId,unit_name AS unitName,industry,property,scale,unit_web AS unitWeb,contractor,mobile,direct,company_phone AS companyPhone,status,deleted,ctime,utime FROM recruit_unit WHERE 1=1 ORDER BY ctime DESC LIMIT 0,20 
time=2019-02-24T16:24:43.922+0800`appName=graduation`hostName=localhost`logLevel=DEBUG`==> Parameters: 
time=2019-02-24T16:24:43.926+0800`appName=graduation`hostName=localhost`logLevel=DEBUG`<==      Total: 1
time=2019-02-24T16:29:24.964+0800`appName=graduation`hostName=localhost`logLevel=DEBUG`==>  Preparing: SELECT relation_id AS relationId,operator_id AS operatorId,role_id AS roleId,deleted,ctime,utime FROM operator_role_relation WHERE operator_id = ? 
time=2019-02-24T16:29:24.996+0800`appName=graduation`hostName=localhost`logLevel=DEBUG`==> Parameters: 15207312(Long)
time=2019-02-24T16:29:25.020+0800`appName=graduation`hostName=localhost`logLevel=DEBUG`<==      Total: 1
time=2019-02-24T16:29:25.032+0800`appName=graduation`hostName=localhost`logLevel=DEBUG`==>  Preparing: SELECT relation_id AS relationId,role_id AS roleId,menu_id AS menuId,status,ctime,utime FROM role_menu_relation WHERE role_id = ? 
time=2019-02-24T16:29:25.032+0800`appName=graduation`hostName=localhost`logLevel=DEBUG`==> Parameters: 1(Long)
time=2019-02-24T16:29:25.040+0800`appName=graduation`hostName=localhost`logLevel=DEBUG`<==      Total: 13
time=2019-02-24T16:29:25.060+0800`appName=graduation`hostName=localhost`logLevel=DEBUG`==>  Preparing: SELECT menu_id AS menuId,title,href,icon,status,parent_id,ctime,utime FROM menu WHERE menu_id IN (?,?,?,?,?,?,?,?,?,?,?,?,?) 
time=2019-02-24T16:29:25.060+0800`appName=graduation`hostName=localhost`logLevel=DEBUG`==> Parameters: 1(Long), 7(Long), 8(Long), 2(Long), 3(Long), 5(Long), 13(Long), 14(Long), 15(Long), 16(Long), 17(Long), 18(Long), 19(Long)
time=2019-02-24T16:29:25.068+0800`appName=graduation`hostName=localhost`logLevel=DEBUG`<==      Total: 13
time=2019-02-24T16:29:25.528+0800`appName=graduation`hostName=localhost`logLevel=DEBUG`==>  Preparing: SELECT COUNT(1) FROM recruit_unit WHERE 1 = 1 
time=2019-02-24T16:29:25.528+0800`appName=graduation`hostName=localhost`logLevel=DEBUG`==> Parameters: 
time=2019-02-24T16:29:25.528+0800`appName=graduation`hostName=localhost`logLevel=DEBUG`==>  Preparing: SELECT unit_id AS unitId,unit_name AS unitName,industry,property,scale,unit_web AS unitWeb,contractor,mobile,direct,company_phone AS companyPhone,status,deleted,ctime,utime FROM recruit_unit WHERE 1=1 ORDER BY ctime DESC LIMIT 0,20 
time=2019-02-24T16:29:25.528+0800`appName=graduation`hostName=localhost`logLevel=DEBUG`==> Parameters: 
time=2019-02-24T16:29:25.528+0800`appName=graduation`hostName=localhost`logLevel=DEBUG`<==      Total: 1
time=2019-02-24T16:29:43.384+0800`appName=graduation`hostName=localhost`logLevel=DEBUG`==>  Preparing: SELECT operator_id AS operatorId,operator_name AS operatorName,operator_status AS operatorStatus,deleted,mobile,pwd,role_id AS roleId,ctime,utime FROM operator WHERE operator_id=? 
time=2019-02-24T16:29:43.384+0800`appName=graduation`hostName=localhost`logLevel=DEBUG`==> Parameters: 15207312(Long)
time=2019-02-24T16:29:43.388+0800`appName=graduation`hostName=localhost`logLevel=DEBUG`<==      Total: 1
time=2019-02-24T16:29:43.400+0800`appName=graduation`hostName=localhost`logLevel=DEBUG`==>  Preparing: SELECT student_id AS studentId,token,ctime,utime FROM user_web_token WHERE student_id=? 
time=2019-02-24T16:29:43.400+0800`appName=graduation`hostName=localhost`logLevel=DEBUG`==> Parameters: 15207312(Long)
time=2019-02-24T16:29:43.400+0800`appName=graduation`hostName=localhost`logLevel=DEBUG`<==      Total: 1
time=2019-02-24T16:29:43.432+0800`appName=graduation`hostName=localhost`logLevel=DEBUG`==>  Preparing: UPDATE user_web_token SET token=?,utime=? WHERE student_id=? 
time=2019-02-24T16:29:43.436+0800`appName=graduation`hostName=localhost`logLevel=DEBUG`==> Parameters: ee274c15-33a2-48d4-9ccd-42332a57fc76(String), 1550996983428(Long), 15207312(Long)
time=2019-02-24T16:29:43.440+0800`appName=graduation`hostName=localhost`logLevel=DEBUG`<==    Updates: 1
time=2019-02-24T16:29:43.660+0800`appName=graduation`hostName=localhost`logLevel=DEBUG`==>  Preparing: SELECT relation_id AS relationId,operator_id AS operatorId,role_id AS roleId,deleted,ctime,utime FROM operator_role_relation WHERE operator_id = ? 
time=2019-02-24T16:29:43.660+0800`appName=graduation`hostName=localhost`logLevel=DEBUG`==> Parameters: 15207312(Long)
time=2019-02-24T16:29:43.660+0800`appName=graduation`hostName=localhost`logLevel=DEBUG`<==      Total: 1
time=2019-02-24T16:29:43.664+0800`appName=graduation`hostName=localhost`logLevel=DEBUG`==>  Preparing: SELECT relation_id AS relationId,role_id AS roleId,menu_id AS menuId,status,ctime,utime FROM role_menu_relation WHERE role_id = ? 
time=2019-02-24T16:29:43.664+0800`appName=graduation`hostName=localhost`logLevel=DEBUG`==> Parameters: 1(Long)
time=2019-02-24T16:29:43.668+0800`appName=graduation`hostName=localhost`logLevel=DEBUG`<==      Total: 13
time=2019-02-24T16:29:43.676+0800`appName=graduation`hostName=localhost`logLevel=DEBUG`==>  Preparing: SELECT menu_id AS menuId,title,href,icon,status,parent_id,ctime,utime FROM menu WHERE menu_id IN (?,?,?,?,?,?,?,?,?,?,?,?,?) 
time=2019-02-24T16:29:43.676+0800`appName=graduation`hostName=localhost`logLevel=DEBUG`==> Parameters: 1(Long), 7(Long), 8(Long), 2(Long), 3(Long), 5(Long), 13(Long), 14(Long), 15(Long), 16(Long), 17(Long), 18(Long), 19(Long)
time=2019-02-24T16:29:43.684+0800`appName=graduation`hostName=localhost`logLevel=DEBUG`<==      Total: 13
time=2019-02-24T16:29:43.868+0800`appName=graduation`hostName=localhost`logLevel=DEBUG`==>  Preparing: SELECT COUNT(1) FROM recruit_unit WHERE 1 = 1 
time=2019-02-24T16:29:43.868+0800`appName=graduation`hostName=localhost`logLevel=DEBUG`==> Parameters: 
time=2019-02-24T16:29:43.868+0800`appName=graduation`hostName=localhost`logLevel=DEBUG`==>  Preparing: SELECT unit_id AS unitId,unit_name AS unitName,industry,property,scale,unit_web AS unitWeb,contractor,mobile,direct,company_phone AS companyPhone,status,deleted,ctime,utime FROM recruit_unit WHERE 1=1 ORDER BY ctime DESC LIMIT 0,20 
time=2019-02-24T16:29:43.872+0800`appName=graduation`hostName=localhost`logLevel=DEBUG`==> Parameters: 
time=2019-02-24T16:29:43.872+0800`appName=graduation`hostName=localhost`logLevel=DEBUG`<==      Total: 1
time=2019-02-24T16:30:02.453+0800`appName=graduation`hostName=localhost`logLevel=DEBUG`==>  Preparing: SELECT operator_id AS operatorId,operator_name AS operatorName,operator_status AS operatorStatus,deleted,mobile,pwd,role_id AS roleId,ctime,utime FROM operator WHERE operator_id=? 
time=2019-02-24T16:30:02.457+0800`appName=graduation`hostName=localhost`logLevel=DEBUG`==> Parameters: 15207312(Long)
time=2019-02-24T16:30:02.457+0800`appName=graduation`hostName=localhost`logLevel=DEBUG`<==      Total: 1
time=2019-02-24T16:30:02.461+0800`appName=graduation`hostName=localhost`logLevel=DEBUG`==>  Preparing: SELECT student_id AS studentId,token,ctime,utime FROM user_web_token WHERE student_id=? 
time=2019-02-24T16:30:02.461+0800`appName=graduation`hostName=localhost`logLevel=DEBUG`==> Parameters: 15207312(Long)
time=2019-02-24T16:30:02.461+0800`appName=graduation`hostName=localhost`logLevel=DEBUG`<==      Total: 1
time=2019-02-24T16:30:02.469+0800`appName=graduation`hostName=localhost`logLevel=DEBUG`==>  Preparing: UPDATE user_web_token SET token=?,utime=? WHERE student_id=? 
time=2019-02-24T16:30:02.469+0800`appName=graduation`hostName=localhost`logLevel=DEBUG`==> Parameters: cbb3066a-7662-41f0-aa95-bfa77aa79408(String), 1550997002469(Long), 15207312(Long)
time=2019-02-24T16:30:02.469+0800`appName=graduation`hostName=localhost`logLevel=DEBUG`<==    Updates: 1
time=2019-02-24T16:30:02.849+0800`appName=graduation`hostName=localhost`logLevel=DEBUG`==>  Preparing: SELECT relation_id AS relationId,operator_id AS operatorId,role_id AS roleId,deleted,ctime,utime FROM operator_role_relation WHERE operator_id = ? 
time=2019-02-24T16:30:02.849+0800`appName=graduation`hostName=localhost`logLevel=DEBUG`==> Parameters: 15207312(Long)
time=2019-02-24T16:30:02.849+0800`appName=graduation`hostName=localhost`logLevel=DEBUG`<==      Total: 1
time=2019-02-24T16:30:02.853+0800`appName=graduation`hostName=localhost`logLevel=DEBUG`==>  Preparing: SELECT relation_id AS relationId,role_id AS roleId,menu_id AS menuId,status,ctime,utime FROM role_menu_relation WHERE role_id = ? 
time=2019-02-24T16:30:02.853+0800`appName=graduation`hostName=localhost`logLevel=DEBUG`==> Parameters: 1(Long)
time=2019-02-24T16:30:02.857+0800`appName=graduation`hostName=localhost`logLevel=DEBUG`<==      Total: 13
time=2019-02-24T16:30:02.861+0800`appName=graduation`hostName=localhost`logLevel=DEBUG`==>  Preparing: SELECT menu_id AS menuId,title,href,icon,status,parent_id,ctime,utime FROM menu WHERE menu_id IN (?,?,?,?,?,?,?,?,?,?,?,?,?) 
time=2019-02-24T16:30:02.861+0800`appName=graduation`hostName=localhost`logLevel=DEBUG`==> Parameters: 1(Long), 7(Long), 8(Long), 2(Long), 3(Long), 5(Long), 13(Long), 14(Long), 15(Long), 16(Long), 17(Long), 18(Long), 19(Long)
time=2019-02-24T16:30:02.861+0800`appName=graduation`hostName=localhost`logLevel=DEBUG`<==      Total: 13
time=2019-02-24T16:30:06.130+0800`appName=graduation`hostName=localhost`logLevel=DEBUG`==>  Preparing: SELECT COUNT(1) FROM recruit_unit WHERE 1 = 1 
time=2019-02-24T16:30:06.134+0800`appName=graduation`hostName=localhost`logLevel=DEBUG`==> Parameters: 
time=2019-02-24T16:30:06.134+0800`appName=graduation`hostName=localhost`logLevel=DEBUG`==>  Preparing: SELECT unit_id AS unitId,unit_name AS unitName,industry,property,scale,unit_web AS unitWeb,contractor,mobile,direct,company_phone AS companyPhone,status,deleted,ctime,utime FROM recruit_unit WHERE 1=1 ORDER BY ctime DESC LIMIT 0,20 
time=2019-02-24T16:30:06.134+0800`appName=graduation`hostName=localhost`logLevel=DEBUG`==> Parameters: 
time=2019-02-24T16:30:06.138+0800`appName=graduation`hostName=localhost`logLevel=DEBUG`<==      Total: 1
time=2019-02-24T16:32:06.309+0800`appName=graduation`hostName=localhost`logLevel=DEBUG`==>  Preparing: SELECT relation_id AS relationId,operator_id AS operatorId,role_id AS roleId,deleted,ctime,utime FROM operator_role_relation WHERE operator_id = ? 
time=2019-02-24T16:32:06.344+0800`appName=graduation`hostName=localhost`logLevel=DEBUG`==> Parameters: 15207312(Long)
time=2019-02-24T16:32:06.369+0800`appName=graduation`hostName=localhost`logLevel=DEBUG`<==      Total: 1
time=2019-02-24T16:32:06.383+0800`appName=graduation`hostName=localhost`logLevel=DEBUG`==>  Preparing: SELECT relation_id AS relationId,role_id AS roleId,menu_id AS menuId,status,ctime,utime FROM role_menu_relation WHERE role_id = ? 
time=2019-02-24T16:32:06.383+0800`appName=graduation`hostName=localhost`logLevel=DEBUG`==> Parameters: 1(Long)
time=2019-02-24T16:32:06.389+0800`appName=graduation`hostName=localhost`logLevel=DEBUG`<==      Total: 13
time=2019-02-24T16:32:06.405+0800`appName=graduation`hostName=localhost`logLevel=DEBUG`==>  Preparing: SELECT menu_id AS menuId,title,href,icon,status,parent_id,ctime,utime FROM menu WHERE menu_id IN (?,?,?,?,?,?,?,?,?,?,?,?,?) 
time=2019-02-24T16:32:06.407+0800`appName=graduation`hostName=localhost`logLevel=DEBUG`==> Parameters: 1(Long), 7(Long), 8(Long), 2(Long), 3(Long), 5(Long), 13(Long), 14(Long), 15(Long), 16(Long), 17(Long), 18(Long), 19(Long)
time=2019-02-24T16:32:06.415+0800`appName=graduation`hostName=localhost`logLevel=DEBUG`<==      Total: 13
time=2019-02-24T16:32:06.944+0800`appName=graduation`hostName=localhost`logLevel=DEBUG`==>  Preparing: SELECT COUNT(1) FROM recruit_unit WHERE 1 = 1 
time=2019-02-24T16:32:06.944+0800`appName=graduation`hostName=localhost`logLevel=DEBUG`==> Parameters: 
time=2019-02-24T16:32:06.944+0800`appName=graduation`hostName=localhost`logLevel=DEBUG`==>  Preparing: SELECT unit_id AS unitId,unit_name AS unitName,industry,property,scale,unit_web AS unitWeb,contractor,mobile,direct,company_phone AS companyPhone,status,deleted,ctime,utime FROM recruit_unit WHERE 1=1 ORDER BY ctime DESC LIMIT 0,20 
time=2019-02-24T16:32:06.944+0800`appName=graduation`hostName=localhost`logLevel=DEBUG`==> Parameters: 
time=2019-02-24T16:32:06.944+0800`appName=graduation`hostName=localhost`logLevel=DEBUG`<==      Total: 1
time=2019-02-24T16:35:05.849+0800`appName=graduation`hostName=localhost`logLevel=DEBUG`==>  Preparing: SELECT relation_id AS relationId,operator_id AS operatorId,role_id AS roleId,deleted,ctime,utime FROM operator_role_relation WHERE operator_id = ? 
time=2019-02-24T16:35:05.881+0800`appName=graduation`hostName=localhost`logLevel=DEBUG`==> Parameters: 15207312(Long)
time=2019-02-24T16:35:05.903+0800`appName=graduation`hostName=localhost`logLevel=DEBUG`<==      Total: 1
time=2019-02-24T16:35:05.917+0800`appName=graduation`hostName=localhost`logLevel=DEBUG`==>  Preparing: SELECT relation_id AS relationId,role_id AS roleId,menu_id AS menuId,status,ctime,utime FROM role_menu_relation WHERE role_id = ? 
time=2019-02-24T16:35:05.917+0800`appName=graduation`hostName=localhost`logLevel=DEBUG`==> Parameters: 1(Long)
time=2019-02-24T16:35:05.922+0800`appName=graduation`hostName=localhost`logLevel=DEBUG`<==      Total: 13
time=2019-02-24T16:35:05.940+0800`appName=graduation`hostName=localhost`logLevel=DEBUG`==>  Preparing: SELECT menu_id AS menuId,title,href,icon,status,parent_id,ctime,utime FROM menu WHERE menu_id IN (?,?,?,?,?,?,?,?,?,?,?,?,?) 
time=2019-02-24T16:35:05.942+0800`appName=graduation`hostName=localhost`logLevel=DEBUG`==> Parameters: 1(Long), 7(Long), 8(Long), 2(Long), 3(Long), 5(Long), 13(Long), 14(Long), 15(Long), 16(Long), 17(Long), 18(Long), 19(Long)
time=2019-02-24T16:35:05.948+0800`appName=graduation`hostName=localhost`logLevel=DEBUG`<==      Total: 13
time=2019-02-24T16:35:06.395+0800`appName=graduation`hostName=localhost`logLevel=DEBUG`==>  Preparing: SELECT COUNT(1) FROM recruit_unit WHERE 1 = 1 
time=2019-02-24T16:35:06.395+0800`appName=graduation`hostName=localhost`logLevel=DEBUG`==> Parameters: 
time=2019-02-24T16:35:06.395+0800`appName=graduation`hostName=localhost`logLevel=DEBUG`==>  Preparing: SELECT unit_id AS unitId,unit_name AS unitName,industry,property,scale,unit_web AS unitWeb,contractor,mobile,direct,company_phone AS companyPhone,status,deleted,ctime,utime FROM recruit_unit WHERE 1=1 ORDER BY ctime DESC LIMIT 0,20 
time=2019-02-24T16:35:06.395+0800`appName=graduation`hostName=localhost`logLevel=DEBUG`==> Parameters: 
time=2019-02-24T16:35:06.405+0800`appName=graduation`hostName=localhost`logLevel=DEBUG`<==      Total: 1
time=2019-02-24T16:35:28.023+0800`appName=graduation`hostName=localhost`logLevel=DEBUG`==>  Preparing: SELECT operator_id AS operatorId,operator_name AS operatorName,operator_status AS operatorStatus,deleted,mobile,pwd,role_id AS roleId,ctime,utime FROM operator WHERE operator_id=? 
time=2019-02-24T16:35:28.024+0800`appName=graduation`hostName=localhost`logLevel=DEBUG`==> Parameters: 15207312(Long)
time=2019-02-24T16:35:28.026+0800`appName=graduation`hostName=localhost`logLevel=DEBUG`<==      Total: 1
time=2019-02-24T16:35:28.044+0800`appName=graduation`hostName=localhost`logLevel=DEBUG`==>  Preparing: SELECT student_id AS studentId,token,ctime,utime FROM user_web_token WHERE student_id=? 
time=2019-02-24T16:35:28.044+0800`appName=graduation`hostName=localhost`logLevel=DEBUG`==> Parameters: 15207312(Long)
time=2019-02-24T16:35:28.046+0800`appName=graduation`hostName=localhost`logLevel=DEBUG`<==      Total: 1
time=2019-02-24T16:35:28.074+0800`appName=graduation`hostName=localhost`logLevel=DEBUG`==>  Preparing: UPDATE user_web_token SET token=?,utime=? WHERE student_id=? 
time=2019-02-24T16:35:28.075+0800`appName=graduation`hostName=localhost`logLevel=DEBUG`==> Parameters: c6ffab7a-2bd7-497c-a158-c1e020577014(String), 1550997328073(Long), 15207312(Long)
time=2019-02-24T16:35:28.077+0800`appName=graduation`hostName=localhost`logLevel=DEBUG`<==    Updates: 1
time=2019-02-24T16:35:28.459+0800`appName=graduation`hostName=localhost`logLevel=DEBUG`==>  Preparing: SELECT relation_id AS relationId,operator_id AS operatorId,role_id AS roleId,deleted,ctime,utime FROM operator_role_relation WHERE operator_id = ? 
time=2019-02-24T16:35:28.459+0800`appName=graduation`hostName=localhost`logLevel=DEBUG`==> Parameters: 15207312(Long)
time=2019-02-24T16:35:28.460+0800`appName=graduation`hostName=localhost`logLevel=DEBUG`<==      Total: 1
time=2019-02-24T16:35:28.462+0800`appName=graduation`hostName=localhost`logLevel=DEBUG`==>  Preparing: SELECT relation_id AS relationId,role_id AS roleId,menu_id AS menuId,status,ctime,utime FROM role_menu_relation WHERE role_id = ? 
time=2019-02-24T16:35:28.462+0800`appName=graduation`hostName=localhost`logLevel=DEBUG`==> Parameters: 1(Long)
time=2019-02-24T16:35:28.467+0800`appName=graduation`hostName=localhost`logLevel=DEBUG`<==      Total: 13
time=2019-02-24T16:35:28.471+0800`appName=graduation`hostName=localhost`logLevel=DEBUG`==>  Preparing: SELECT menu_id AS menuId,title,href,icon,status,parent_id,ctime,utime FROM menu WHERE menu_id IN (?,?,?,?,?,?,?,?,?,?,?,?,?) 
time=2019-02-24T16:35:28.472+0800`appName=graduation`hostName=localhost`logLevel=DEBUG`==> Parameters: 1(Long), 7(Long), 8(Long), 2(Long), 3(Long), 5(Long), 13(Long), 14(Long), 15(Long), 16(Long), 17(Long), 18(Long), 19(Long)
time=2019-02-24T16:35:28.478+0800`appName=graduation`hostName=localhost`logLevel=DEBUG`<==      Total: 13
time=2019-02-24T16:35:35.977+0800`appName=graduation`hostName=localhost`logLevel=DEBUG`==>  Preparing: SELECT COUNT(1) FROM recruit_unit WHERE 1 = 1 
time=2019-02-24T16:35:35.977+0800`appName=graduation`hostName=localhost`logLevel=DEBUG`==> Parameters: 
time=2019-02-24T16:35:35.979+0800`appName=graduation`hostName=localhost`logLevel=DEBUG`==>  Preparing: SELECT unit_id AS unitId,unit_name AS unitName,industry,property,scale,unit_web AS unitWeb,contractor,mobile,direct,company_phone AS companyPhone,status,deleted,ctime,utime FROM recruit_unit WHERE 1=1 ORDER BY ctime DESC LIMIT 0,20 
time=2019-02-24T16:35:35.979+0800`appName=graduation`hostName=localhost`logLevel=DEBUG`==> Parameters: 
time=2019-02-24T16:35:35.981+0800`appName=graduation`hostName=localhost`logLevel=DEBUG`<==      Total: 1
time=2019-02-24T16:44:45.726+0800`appName=graduation`hostName=localhost`logLevel=DEBUG`==>  Preparing: SELECT relation_id AS relationId,operator_id AS operatorId,role_id AS roleId,deleted,ctime,utime FROM operator_role_relation WHERE operator_id = ? 
time=2019-02-24T16:44:45.759+0800`appName=graduation`hostName=localhost`logLevel=DEBUG`==> Parameters: 15207312(Long)
time=2019-02-24T16:44:45.782+0800`appName=graduation`hostName=localhost`logLevel=DEBUG`<==      Total: 1
time=2019-02-24T16:44:45.796+0800`appName=graduation`hostName=localhost`logLevel=DEBUG`==>  Preparing: SELECT relation_id AS relationId,role_id AS roleId,menu_id AS menuId,status,ctime,utime FROM role_menu_relation WHERE role_id = ? 
time=2019-02-24T16:44:45.796+0800`appName=graduation`hostName=localhost`logLevel=DEBUG`==> Parameters: 1(Long)
time=2019-02-24T16:44:45.801+0800`appName=graduation`hostName=localhost`logLevel=DEBUG`<==      Total: 13
time=2019-02-24T16:44:45.819+0800`appName=graduation`hostName=localhost`logLevel=DEBUG`==>  Preparing: SELECT menu_id AS menuId,title,href,icon,status,parent_id,ctime,utime FROM menu WHERE menu_id IN (?,?,?,?,?,?,?,?,?,?,?,?,?) 
time=2019-02-24T16:44:45.820+0800`appName=graduation`hostName=localhost`logLevel=DEBUG`==> Parameters: 1(Long), 7(Long), 8(Long), 2(Long), 3(Long), 5(Long), 13(Long), 14(Long), 15(Long), 16(Long), 17(Long), 18(Long), 19(Long)
time=2019-02-24T16:44:45.826+0800`appName=graduation`hostName=localhost`logLevel=DEBUG`<==      Total: 13
time=2019-02-24T16:44:46.297+0800`appName=graduation`hostName=localhost`logLevel=DEBUG`==>  Preparing: SELECT COUNT(1) FROM recruit_unit WHERE 1 = 1 
time=2019-02-24T16:44:46.297+0800`appName=graduation`hostName=localhost`logLevel=DEBUG`==> Parameters: 
time=2019-02-24T16:44:46.297+0800`appName=graduation`hostName=localhost`logLevel=DEBUG`==>  Preparing: SELECT unit_id AS unitId,unit_name AS unitName,industry,property,scale,unit_web AS unitWeb,contractor,mobile,direct,company_phone AS companyPhone,status,deleted,ctime,utime FROM recruit_unit WHERE 1=1 ORDER BY ctime DESC LIMIT 0,20 
time=2019-02-24T16:44:46.297+0800`appName=graduation`hostName=localhost`logLevel=DEBUG`==> Parameters: 
time=2019-02-24T16:44:46.307+0800`appName=graduation`hostName=localhost`logLevel=DEBUG`<==      Total: 1
