time=2019-01-30T09:35:29.131+0800`appName=graduation`hostName=localhost`logLevel=DEBUG`==>  Preparing: SELECT relation_id AS relationId,role_id AS roleId,menu_id AS menuId,status,ctime,utime FROM role_menu_relation WHERE role_id = ? 
time=2019-01-30T09:35:29.182+0800`appName=graduation`hostName=localhost`logLevel=DEBUG`==> Parameters: 1(Long)
time=2019-01-30T09:35:29.218+0800`appName=graduation`hostName=localhost`logLevel=DEBUG`<==      Total: 4
time=2019-01-30T09:35:29.241+0800`appName=graduation`hostName=localhost`logLevel=DEBUG`==>  Preparing: SELECT menu_id AS menuId,title,href,icon,status,parent_id,ctime,utime FROM menu WHERE menu_id IN (?,?,?,?) 
time=2019-01-30T09:35:29.242+0800`appName=graduation`hostName=localhost`logLevel=DEBUG`==> Parameters: 2(Long), 3(Long), 4(Long), 5(Long)
time=2019-01-30T09:35:29.248+0800`appName=graduation`hostName=localhost`logLevel=DEBUG`<==      Total: 4
time=2019-01-30T09:35:35.888+0800`appName=graduation`hostName=localhost`logLevel=DEBUG`==>  Preparing: SELECT role_id AS roleId,role_name AS roleName,remark,deleted,ctime,utime FROM role 
time=2019-01-30T09:35:35.890+0800`appName=graduation`hostName=localhost`logLevel=DEBUG`==> Parameters: 
time=2019-01-30T09:35:35.893+0800`appName=graduation`hostName=localhost`logLevel=DEBUG`<==      Total: 4
time=2019-01-30T09:35:41.109+0800`appName=graduation`hostName=localhost`logLevel=DEBUG`==>  Preparing: UPDATE role SET role_name=?,deleted=?,utime=? WHERE role_id=? 
time=2019-01-30T09:35:41.111+0800`appName=graduation`hostName=localhost`logLevel=DEBUG`==> Parameters: 超级管理员(String), 1(Integer), 1548812141107(Long), 10(Long)
time=2019-01-30T09:35:41.117+0800`appName=graduation`hostName=localhost`logLevel=DEBUG`<==    Updates: 1
time=2019-01-30T09:35:44.217+0800`appName=graduation`hostName=localhost`logLevel=DEBUG`==>  Preparing: SELECT relation_id AS relationId,role_id AS roleId,menu_id AS menuId,status,ctime,utime FROM role_menu_relation WHERE role_id = ? 
time=2019-01-30T09:35:44.218+0800`appName=graduation`hostName=localhost`logLevel=DEBUG`==> Parameters: 1(Long)
time=2019-01-30T09:35:44.221+0800`appName=graduation`hostName=localhost`logLevel=DEBUG`<==      Total: 4
time=2019-01-30T09:35:44.224+0800`appName=graduation`hostName=localhost`logLevel=DEBUG`==>  Preparing: SELECT menu_id AS menuId,title,href,icon,status,parent_id,ctime,utime FROM menu WHERE menu_id IN (?,?,?,?) 
time=2019-01-30T09:35:44.225+0800`appName=graduation`hostName=localhost`logLevel=DEBUG`==> Parameters: 2(Long), 3(Long), 4(Long), 5(Long)
time=2019-01-30T09:35:44.229+0800`appName=graduation`hostName=localhost`logLevel=DEBUG`<==      Total: 4
time=2019-01-30T09:35:44.411+0800`appName=graduation`hostName=localhost`logLevel=DEBUG`==>  Preparing: SELECT role_id AS roleId,role_name AS roleName,remark,deleted,ctime,utime FROM role 
time=2019-01-30T09:35:44.412+0800`appName=graduation`hostName=localhost`logLevel=DEBUG`==> Parameters: 
time=2019-01-30T09:35:44.415+0800`appName=graduation`hostName=localhost`logLevel=DEBUG`<==      Total: 4
time=2019-01-30T09:45:09.924+0800`appName=graduation`hostName=localhost`logLevel=DEBUG`==>  Preparing: UPDATE role SET role_name=?,deleted=?,utime=? WHERE role_id=? 
time=2019-01-30T09:45:09.954+0800`appName=graduation`hostName=localhost`logLevel=DEBUG`==> Parameters: 超级管理员(String), 0(Integer), 1548812709894(Long), 10(Long)
time=2019-01-30T09:45:09.964+0800`appName=graduation`hostName=localhost`logLevel=DEBUG`<==    Updates: 1
time=2019-01-30T09:45:36.684+0800`appName=graduation`hostName=localhost`logLevel=DEBUG`==>  Preparing: SELECT relation_id AS relationId,role_id AS roleId,menu_id AS menuId,status,ctime,utime FROM role_menu_relation WHERE role_id = ? 
time=2019-01-30T09:45:36.685+0800`appName=graduation`hostName=localhost`logLevel=DEBUG`==> Parameters: 1(Long)
time=2019-01-30T09:45:36.711+0800`appName=graduation`hostName=localhost`logLevel=DEBUG`<==      Total: 4
time=2019-01-30T09:45:36.727+0800`appName=graduation`hostName=localhost`logLevel=DEBUG`==>  Preparing: SELECT menu_id AS menuId,title,href,icon,status,parent_id,ctime,utime FROM menu WHERE menu_id IN (?,?,?,?) 
time=2019-01-30T09:45:36.728+0800`appName=graduation`hostName=localhost`logLevel=DEBUG`==> Parameters: 2(Long), 3(Long), 4(Long), 5(Long)
time=2019-01-30T09:45:36.732+0800`appName=graduation`hostName=localhost`logLevel=DEBUG`<==      Total: 4
time=2019-01-30T09:45:40.177+0800`appName=graduation`hostName=localhost`logLevel=DEBUG`==>  Preparing: SELECT role_id AS roleId,role_name AS roleName,remark,deleted,ctime,utime FROM role 
time=2019-01-30T09:45:40.178+0800`appName=graduation`hostName=localhost`logLevel=DEBUG`==> Parameters: 
time=2019-01-30T09:45:40.182+0800`appName=graduation`hostName=localhost`logLevel=DEBUG`<==      Total: 4
time=2019-01-30T09:45:44.969+0800`appName=graduation`hostName=localhost`logLevel=DEBUG`==>  Preparing: UPDATE role SET role_name=?,deleted=?,utime=? WHERE role_id=? 
time=2019-01-30T09:45:44.970+0800`appName=graduation`hostName=localhost`logLevel=DEBUG`==> Parameters: 超级管理员(String), 1(Integer), 1548812744967(Long), 10(Long)
time=2019-01-30T09:45:44.978+0800`appName=graduation`hostName=localhost`logLevel=DEBUG`<==    Updates: 1
time=2019-01-30T09:52:17.245+0800`appName=graduation`hostName=localhost`logLevel=DEBUG`==>  Preparing: SELECT relation_id AS relationId,role_id AS roleId,menu_id AS menuId,status,ctime,utime FROM role_menu_relation WHERE role_id = ? 
time=2019-01-30T09:52:17.277+0800`appName=graduation`hostName=localhost`logLevel=DEBUG`==> Parameters: 1(Long)
time=2019-01-30T09:52:17.299+0800`appName=graduation`hostName=localhost`logLevel=DEBUG`<==      Total: 4
time=2019-01-30T09:52:17.314+0800`appName=graduation`hostName=localhost`logLevel=DEBUG`==>  Preparing: SELECT menu_id AS menuId,title,href,icon,status,parent_id,ctime,utime FROM menu WHERE menu_id IN (?,?,?,?) 
time=2019-01-30T09:52:17.315+0800`appName=graduation`hostName=localhost`logLevel=DEBUG`==> Parameters: 2(Long), 3(Long), 4(Long), 5(Long)
time=2019-01-30T09:52:17.318+0800`appName=graduation`hostName=localhost`logLevel=DEBUG`<==      Total: 4
time=2019-01-30T09:52:24.601+0800`appName=graduation`hostName=localhost`logLevel=DEBUG`==>  Preparing: SELECT role_id AS roleId,role_name AS roleName,remark,deleted,ctime,utime FROM role 
time=2019-01-30T09:52:24.601+0800`appName=graduation`hostName=localhost`logLevel=DEBUG`==> Parameters: 
time=2019-01-30T09:52:24.601+0800`appName=graduation`hostName=localhost`logLevel=DEBUG`<==      Total: 4
time=2019-01-30T09:52:30.568+0800`appName=graduation`hostName=localhost`logLevel=DEBUG`==>  Preparing: DELETE FROM role WHERE role_id=? 
time=2019-01-30T09:52:30.569+0800`appName=graduation`hostName=localhost`logLevel=DEBUG`==> Parameters: 10(Long)
time=2019-01-30T09:52:30.571+0800`appName=graduation`hostName=localhost`logLevel=DEBUG`<==    Updates: 1
time=2019-01-30T09:52:35.492+0800`appName=graduation`hostName=localhost`logLevel=DEBUG`==>  Preparing: SELECT relation_id AS relationId,role_id AS roleId,menu_id AS menuId,status,ctime,utime FROM role_menu_relation WHERE role_id = ? 
time=2019-01-30T09:52:35.493+0800`appName=graduation`hostName=localhost`logLevel=DEBUG`==> Parameters: 1(Long)
time=2019-01-30T09:52:35.496+0800`appName=graduation`hostName=localhost`logLevel=DEBUG`<==      Total: 4
time=2019-01-30T09:52:35.499+0800`appName=graduation`hostName=localhost`logLevel=DEBUG`==>  Preparing: SELECT menu_id AS menuId,title,href,icon,status,parent_id,ctime,utime FROM menu WHERE menu_id IN (?,?,?,?) 
time=2019-01-30T09:52:35.499+0800`appName=graduation`hostName=localhost`logLevel=DEBUG`==> Parameters: 2(Long), 3(Long), 4(Long), 5(Long)
time=2019-01-30T09:52:35.503+0800`appName=graduation`hostName=localhost`logLevel=DEBUG`<==      Total: 4
time=2019-01-30T09:52:35.668+0800`appName=graduation`hostName=localhost`logLevel=DEBUG`==>  Preparing: SELECT role_id AS roleId,role_name AS roleName,remark,deleted,ctime,utime FROM role 
time=2019-01-30T09:52:35.669+0800`appName=graduation`hostName=localhost`logLevel=DEBUG`==> Parameters: 
time=2019-01-30T09:52:35.671+0800`appName=graduation`hostName=localhost`logLevel=DEBUG`<==      Total: 3
time=2019-01-30T09:52:51.249+0800`appName=graduation`hostName=localhost`logLevel=DEBUG`==>  Preparing: UPDATE role SET role_name=?,deleted=?,utime=? WHERE role_id=? 
time=2019-01-30T09:52:51.250+0800`appName=graduation`hostName=localhost`logLevel=DEBUG`==> Parameters: 超级管理员(String), 0(Integer), 1548813171248(Long), 12(Long)
time=2019-01-30T09:52:51.254+0800`appName=graduation`hostName=localhost`logLevel=DEBUG`<==    Updates: 1
time=2019-01-30T09:53:18.458+0800`appName=graduation`hostName=localhost`logLevel=DEBUG`==>  Preparing: DELETE FROM role WHERE role_id=? 
time=2019-01-30T09:53:18.459+0800`appName=graduation`hostName=localhost`logLevel=DEBUG`==> Parameters: 12(Long)
time=2019-01-30T09:53:18.459+0800`appName=graduation`hostName=localhost`logLevel=DEBUG`<==    Updates: 1
time=2019-01-30T09:54:14.221+0800`appName=graduation`hostName=localhost`logLevel=DEBUG`==>  Preparing: SELECT relation_id AS relationId,role_id AS roleId,menu_id AS menuId,status,ctime,utime FROM role_menu_relation WHERE role_id = ? 
time=2019-01-30T09:54:14.222+0800`appName=graduation`hostName=localhost`logLevel=DEBUG`==> Parameters: 1(Long)
time=2019-01-30T09:54:14.225+0800`appName=graduation`hostName=localhost`logLevel=DEBUG`<==      Total: 4
time=2019-01-30T09:54:14.228+0800`appName=graduation`hostName=localhost`logLevel=DEBUG`==>  Preparing: SELECT menu_id AS menuId,title,href,icon,status,parent_id,ctime,utime FROM menu WHERE menu_id IN (?,?,?,?) 
time=2019-01-30T09:54:14.229+0800`appName=graduation`hostName=localhost`logLevel=DEBUG`==> Parameters: 2(Long), 3(Long), 4(Long), 5(Long)
time=2019-01-30T09:54:14.232+0800`appName=graduation`hostName=localhost`logLevel=DEBUG`<==      Total: 4
time=2019-01-30T09:54:14.608+0800`appName=graduation`hostName=localhost`logLevel=DEBUG`==>  Preparing: SELECT role_id AS roleId,role_name AS roleName,remark,deleted,ctime,utime FROM role 
time=2019-01-30T09:54:14.609+0800`appName=graduation`hostName=localhost`logLevel=DEBUG`==> Parameters: 
time=2019-01-30T09:54:14.611+0800`appName=graduation`hostName=localhost`logLevel=DEBUG`<==      Total: 2
time=2019-01-30T10:01:25.131+0800`appName=graduation`hostName=localhost`logLevel=DEBUG`==>  Preparing: SELECT relation_id AS relationId,role_id AS roleId,menu_id AS menuId,status,ctime,utime FROM role_menu_relation WHERE role_id = ? 
time=2019-01-30T10:01:25.167+0800`appName=graduation`hostName=localhost`logLevel=DEBUG`==> Parameters: 1(Long)
time=2019-01-30T10:01:25.194+0800`appName=graduation`hostName=localhost`logLevel=DEBUG`<==      Total: 4
time=2019-01-30T10:01:25.212+0800`appName=graduation`hostName=localhost`logLevel=DEBUG`==>  Preparing: SELECT menu_id AS menuId,title,href,icon,status,parent_id,ctime,utime FROM menu WHERE menu_id IN (?,?,?,?) 
time=2019-01-30T10:01:25.212+0800`appName=graduation`hostName=localhost`logLevel=DEBUG`==> Parameters: 2(Long), 3(Long), 4(Long), 5(Long)
time=2019-01-30T10:01:25.215+0800`appName=graduation`hostName=localhost`logLevel=DEBUG`<==      Total: 4
time=2019-01-30T10:01:25.821+0800`appName=graduation`hostName=localhost`logLevel=DEBUG`==>  Preparing: SELECT role_id AS roleId,role_name AS roleName,remark,deleted,ctime,utime FROM role 
time=2019-01-30T10:01:25.831+0800`appName=graduation`hostName=localhost`logLevel=DEBUG`==> Parameters: 
time=2019-01-30T10:01:25.831+0800`appName=graduation`hostName=localhost`logLevel=DEBUG`<==      Total: 2
time=2019-01-30T10:01:29.948+0800`appName=graduation`hostName=localhost`logLevel=DEBUG`==>  Preparing: SELECT relation_id AS relationId,role_id AS roleId,menu_id AS menuId,status,ctime,utime FROM role_menu_relation WHERE role_id = ? 
time=2019-01-30T10:01:29.948+0800`appName=graduation`hostName=localhost`logLevel=DEBUG`==> Parameters: 1(Long)
time=2019-01-30T10:01:29.950+0800`appName=graduation`hostName=localhost`logLevel=DEBUG`<==      Total: 4
time=2019-01-30T10:01:29.954+0800`appName=graduation`hostName=localhost`logLevel=DEBUG`==>  Preparing: SELECT menu_id AS menuId,title,href,icon,status,parent_id,ctime,utime FROM menu WHERE menu_id IN (?,?,?,?) 
time=2019-01-30T10:01:29.955+0800`appName=graduation`hostName=localhost`logLevel=DEBUG`==> Parameters: 2(Long), 3(Long), 4(Long), 5(Long)
time=2019-01-30T10:01:29.960+0800`appName=graduation`hostName=localhost`logLevel=DEBUG`<==      Total: 4
time=2019-01-30T10:01:30.178+0800`appName=graduation`hostName=localhost`logLevel=DEBUG`==>  Preparing: SELECT role_id AS roleId,role_name AS roleName,remark,deleted,ctime,utime FROM role 
time=2019-01-30T10:01:30.178+0800`appName=graduation`hostName=localhost`logLevel=DEBUG`==> Parameters: 
time=2019-01-30T10:01:30.180+0800`appName=graduation`hostName=localhost`logLevel=DEBUG`<==      Total: 2
time=2019-01-30T10:01:39.152+0800`appName=graduation`hostName=localhost`logLevel=DEBUG`==>  Preparing: SELECT relation_id AS relationId,role_id AS roleId,menu_id AS menuId,status,ctime,utime FROM role_menu_relation WHERE role_id = ? 
time=2019-01-30T10:01:39.153+0800`appName=graduation`hostName=localhost`logLevel=DEBUG`==> Parameters: 1(Long)
time=2019-01-30T10:01:39.155+0800`appName=graduation`hostName=localhost`logLevel=DEBUG`<==      Total: 4
time=2019-01-30T10:01:39.159+0800`appName=graduation`hostName=localhost`logLevel=DEBUG`==>  Preparing: SELECT menu_id AS menuId,title,href,icon,status,parent_id,ctime,utime FROM menu WHERE menu_id IN (?,?,?,?) 
time=2019-01-30T10:01:39.160+0800`appName=graduation`hostName=localhost`logLevel=DEBUG`==> Parameters: 2(Long), 3(Long), 4(Long), 5(Long)
time=2019-01-30T10:01:39.162+0800`appName=graduation`hostName=localhost`logLevel=DEBUG`<==      Total: 4
time=2019-01-30T10:01:42.905+0800`appName=graduation`hostName=localhost`logLevel=DEBUG`==>  Preparing: SELECT role_id AS roleId,role_name AS roleName,remark,deleted,ctime,utime FROM role 
time=2019-01-30T10:01:42.905+0800`appName=graduation`hostName=localhost`logLevel=DEBUG`==> Parameters: 
time=2019-01-30T10:01:42.907+0800`appName=graduation`hostName=localhost`logLevel=DEBUG`<==      Total: 2
time=2019-01-30T10:07:38.883+0800`appName=graduation`hostName=localhost`logLevel=DEBUG`==>  Preparing: SELECT relation_id AS relationId,role_id AS roleId,menu_id AS menuId,status,ctime,utime FROM role_menu_relation WHERE role_id = ? 
time=2019-01-30T10:07:38.913+0800`appName=graduation`hostName=localhost`logLevel=DEBUG`==> Parameters: 1(Long)
time=2019-01-30T10:07:38.937+0800`appName=graduation`hostName=localhost`logLevel=DEBUG`<==      Total: 4
time=2019-01-30T10:07:38.955+0800`appName=graduation`hostName=localhost`logLevel=DEBUG`==>  Preparing: SELECT menu_id AS menuId,title,href,icon,status,parent_id,ctime,utime FROM menu WHERE menu_id IN (?,?,?,?) 
time=2019-01-30T10:07:38.956+0800`appName=graduation`hostName=localhost`logLevel=DEBUG`==> Parameters: 2(Long), 3(Long), 4(Long), 5(Long)
time=2019-01-30T10:07:38.958+0800`appName=graduation`hostName=localhost`logLevel=DEBUG`<==      Total: 4
time=2019-01-30T10:07:39.781+0800`appName=graduation`hostName=localhost`logLevel=DEBUG`==>  Preparing: SELECT role_id AS roleId,role_name AS roleName,remark,deleted,ctime,utime FROM role 
time=2019-01-30T10:07:39.782+0800`appName=graduation`hostName=localhost`logLevel=DEBUG`==> Parameters: 
time=2019-01-30T10:07:39.784+0800`appName=graduation`hostName=localhost`logLevel=DEBUG`<==      Total: 2
time=2019-01-30T10:11:10.864+0800`appName=graduation`hostName=localhost`logLevel=DEBUG`==>  Preparing: SELECT relation_id AS relationId,role_id AS roleId,menu_id AS menuId,status,ctime,utime FROM role_menu_relation WHERE role_id = ? 
time=2019-01-30T10:11:10.900+0800`appName=graduation`hostName=localhost`logLevel=DEBUG`==> Parameters: 1(Long)
time=2019-01-30T10:11:10.935+0800`appName=graduation`hostName=localhost`logLevel=DEBUG`<==      Total: 4
time=2019-01-30T10:11:10.952+0800`appName=graduation`hostName=localhost`logLevel=DEBUG`==>  Preparing: SELECT menu_id AS menuId,title,href,icon,status,parent_id,ctime,utime FROM menu WHERE menu_id IN (?,?,?,?) 
time=2019-01-30T10:11:10.953+0800`appName=graduation`hostName=localhost`logLevel=DEBUG`==> Parameters: 2(Long), 3(Long), 4(Long), 5(Long)
time=2019-01-30T10:11:10.957+0800`appName=graduation`hostName=localhost`logLevel=DEBUG`<==      Total: 4
time=2019-01-30T10:11:11.961+0800`appName=graduation`hostName=localhost`logLevel=DEBUG`==>  Preparing: SELECT role_id AS roleId,role_name AS roleName,remark,deleted,ctime,utime FROM role 
time=2019-01-30T10:11:11.963+0800`appName=graduation`hostName=localhost`logLevel=DEBUG`==> Parameters: 
time=2019-01-30T10:11:11.967+0800`appName=graduation`hostName=localhost`logLevel=DEBUG`<==      Total: 2
time=2019-01-30T10:13:33.828+0800`appName=graduation`hostName=localhost`logLevel=DEBUG`==>  Preparing: SELECT relation_id AS relationId,role_id AS roleId,menu_id AS menuId,status,ctime,utime FROM role_menu_relation WHERE role_id = ? 
time=2019-01-30T10:13:33.869+0800`appName=graduation`hostName=localhost`logLevel=DEBUG`==> Parameters: 1(Long)
time=2019-01-30T10:13:33.897+0800`appName=graduation`hostName=localhost`logLevel=DEBUG`<==      Total: 4
time=2019-01-30T10:13:33.916+0800`appName=graduation`hostName=localhost`logLevel=DEBUG`==>  Preparing: SELECT menu_id AS menuId,title,href,icon,status,parent_id,ctime,utime FROM menu WHERE menu_id IN (?,?,?,?) 
time=2019-01-30T10:13:33.917+0800`appName=graduation`hostName=localhost`logLevel=DEBUG`==> Parameters: 2(Long), 3(Long), 4(Long), 5(Long)
time=2019-01-30T10:13:33.920+0800`appName=graduation`hostName=localhost`logLevel=DEBUG`<==      Total: 4
time=2019-01-30T10:13:34.813+0800`appName=graduation`hostName=localhost`logLevel=DEBUG`==>  Preparing: SELECT role_id AS roleId,role_name AS roleName,remark,deleted,ctime,utime FROM role 
time=2019-01-30T10:13:34.814+0800`appName=graduation`hostName=localhost`logLevel=DEBUG`==> Parameters: 
time=2019-01-30T10:13:34.817+0800`appName=graduation`hostName=localhost`logLevel=DEBUG`<==      Total: 2
time=2019-01-30T10:14:22.531+0800`appName=graduation`hostName=localhost`logLevel=DEBUG`==>  Preparing: SELECT relation_id AS relationId,role_id AS roleId,menu_id AS menuId,status,ctime,utime FROM role_menu_relation WHERE role_id = ? 
time=2019-01-30T10:14:22.532+0800`appName=graduation`hostName=localhost`logLevel=DEBUG`==> Parameters: 1(Long)
time=2019-01-30T10:14:22.537+0800`appName=graduation`hostName=localhost`logLevel=DEBUG`<==      Total: 4
time=2019-01-30T10:14:22.540+0800`appName=graduation`hostName=localhost`logLevel=DEBUG`==>  Preparing: SELECT menu_id AS menuId,title,href,icon,status,parent_id,ctime,utime FROM menu WHERE menu_id IN (?,?,?,?) 
time=2019-01-30T10:14:22.542+0800`appName=graduation`hostName=localhost`logLevel=DEBUG`==> Parameters: 2(Long), 3(Long), 4(Long), 5(Long)
time=2019-01-30T10:14:22.549+0800`appName=graduation`hostName=localhost`logLevel=DEBUG`<==      Total: 4
time=2019-01-30T10:14:23.076+0800`appName=graduation`hostName=localhost`logLevel=DEBUG`==>  Preparing: SELECT role_id AS roleId,role_name AS roleName,remark,deleted,ctime,utime FROM role 
time=2019-01-30T10:14:23.077+0800`appName=graduation`hostName=localhost`logLevel=DEBUG`==> Parameters: 
time=2019-01-30T10:14:23.079+0800`appName=graduation`hostName=localhost`logLevel=DEBUG`<==      Total: 2
time=2019-01-30T10:18:30.599+0800`appName=graduation`hostName=localhost`logLevel=DEBUG`==>  Preparing: SELECT relation_id AS relationId,role_id AS roleId,menu_id AS menuId,status,ctime,utime FROM role_menu_relation WHERE role_id = ? 
time=2019-01-30T10:18:30.632+0800`appName=graduation`hostName=localhost`logLevel=DEBUG`==> Parameters: 1(Long)
time=2019-01-30T10:18:30.660+0800`appName=graduation`hostName=localhost`logLevel=DEBUG`<==      Total: 4
time=2019-01-30T10:18:30.678+0800`appName=graduation`hostName=localhost`logLevel=DEBUG`==>  Preparing: SELECT menu_id AS menuId,title,href,icon,status,parent_id,ctime,utime FROM menu WHERE menu_id IN (?,?,?,?) 
time=2019-01-30T10:18:30.679+0800`appName=graduation`hostName=localhost`logLevel=DEBUG`==> Parameters: 2(Long), 3(Long), 4(Long), 5(Long)
time=2019-01-30T10:18:30.681+0800`appName=graduation`hostName=localhost`logLevel=DEBUG`<==      Total: 4
time=2019-01-30T10:18:31.502+0800`appName=graduation`hostName=localhost`logLevel=DEBUG`==>  Preparing: SELECT role_id AS roleId,role_name AS roleName,remark,deleted,ctime,utime FROM role 
time=2019-01-30T10:18:31.504+0800`appName=graduation`hostName=localhost`logLevel=DEBUG`==> Parameters: 
time=2019-01-30T10:18:31.507+0800`appName=graduation`hostName=localhost`logLevel=DEBUG`<==      Total: 2
time=2019-01-30T10:18:45.114+0800`appName=graduation`hostName=localhost`logLevel=DEBUG`==>  Preparing: SELECT relation_id AS relationId,role_id AS roleId,menu_id AS menuId,status,ctime,utime FROM role_menu_relation WHERE role_id = ? 
time=2019-01-30T10:18:45.115+0800`appName=graduation`hostName=localhost`logLevel=DEBUG`==> Parameters: 1(Long)
time=2019-01-30T10:18:45.117+0800`appName=graduation`hostName=localhost`logLevel=DEBUG`<==      Total: 4
time=2019-01-30T10:18:45.122+0800`appName=graduation`hostName=localhost`logLevel=DEBUG`==>  Preparing: SELECT menu_id AS menuId,title,href,icon,status,parent_id,ctime,utime FROM menu WHERE menu_id IN (?,?,?,?) 
time=2019-01-30T10:18:45.123+0800`appName=graduation`hostName=localhost`logLevel=DEBUG`==> Parameters: 2(Long), 3(Long), 4(Long), 5(Long)
time=2019-01-30T10:18:45.128+0800`appName=graduation`hostName=localhost`logLevel=DEBUG`<==      Total: 4
time=2019-01-30T10:18:47.217+0800`appName=graduation`hostName=localhost`logLevel=DEBUG`==>  Preparing: SELECT role_id AS roleId,role_name AS roleName,remark,deleted,ctime,utime FROM role 
time=2019-01-30T10:18:47.217+0800`appName=graduation`hostName=localhost`logLevel=DEBUG`==> Parameters: 
time=2019-01-30T10:18:47.220+0800`appName=graduation`hostName=localhost`logLevel=DEBUG`<==      Total: 2
time=2019-01-30T10:19:27.425+0800`appName=graduation`hostName=localhost`logLevel=DEBUG`==>  Preparing: SELECT relation_id AS relationId,role_id AS roleId,menu_id AS menuId,status,ctime,utime FROM role_menu_relation WHERE role_id = ? 
time=2019-01-30T10:19:27.459+0800`appName=graduation`hostName=localhost`logLevel=DEBUG`==> Parameters: 1(Long)
time=2019-01-30T10:19:27.486+0800`appName=graduation`hostName=localhost`logLevel=DEBUG`<==      Total: 4
time=2019-01-30T10:19:27.504+0800`appName=graduation`hostName=localhost`logLevel=DEBUG`==>  Preparing: SELECT menu_id AS menuId,title,href,icon,status,parent_id,ctime,utime FROM menu WHERE menu_id IN (?,?,?,?) 
time=2019-01-30T10:19:27.505+0800`appName=graduation`hostName=localhost`logLevel=DEBUG`==> Parameters: 2(Long), 3(Long), 4(Long), 5(Long)
time=2019-01-30T10:19:27.508+0800`appName=graduation`hostName=localhost`logLevel=DEBUG`<==      Total: 4
time=2019-01-30T10:19:28.334+0800`appName=graduation`hostName=localhost`logLevel=DEBUG`==>  Preparing: SELECT role_id AS roleId,role_name AS roleName,remark,deleted,ctime,utime FROM role 
time=2019-01-30T10:19:28.335+0800`appName=graduation`hostName=localhost`logLevel=DEBUG`==> Parameters: 
time=2019-01-30T10:19:28.338+0800`appName=graduation`hostName=localhost`logLevel=DEBUG`<==      Total: 2
time=2019-01-30T10:23:42.466+0800`appName=graduation`hostName=localhost`logLevel=DEBUG`==>  Preparing: SELECT relation_id AS relationId,role_id AS roleId,menu_id AS menuId,status,ctime,utime FROM role_menu_relation WHERE role_id = ? 
time=2019-01-30T10:23:42.502+0800`appName=graduation`hostName=localhost`logLevel=DEBUG`==> Parameters: 1(Long)
time=2019-01-30T10:23:42.526+0800`appName=graduation`hostName=localhost`logLevel=DEBUG`<==      Total: 4
time=2019-01-30T10:23:42.544+0800`appName=graduation`hostName=localhost`logLevel=DEBUG`==>  Preparing: SELECT menu_id AS menuId,title,href,icon,status,parent_id,ctime,utime FROM menu WHERE menu_id IN (?,?,?,?) 
time=2019-01-30T10:23:42.545+0800`appName=graduation`hostName=localhost`logLevel=DEBUG`==> Parameters: 2(Long), 3(Long), 4(Long), 5(Long)
time=2019-01-30T10:23:42.548+0800`appName=graduation`hostName=localhost`logLevel=DEBUG`<==      Total: 4
time=2019-01-30T10:23:43.381+0800`appName=graduation`hostName=localhost`logLevel=DEBUG`==>  Preparing: SELECT role_id AS roleId,role_name AS roleName,remark,deleted,ctime,utime FROM role 
time=2019-01-30T10:23:43.382+0800`appName=graduation`hostName=localhost`logLevel=DEBUG`==> Parameters: 
time=2019-01-30T10:23:43.385+0800`appName=graduation`hostName=localhost`logLevel=DEBUG`<==      Total: 2
time=2019-01-30T10:25:04.449+0800`appName=graduation`hostName=localhost`logLevel=DEBUG`==>  Preparing: SELECT relation_id AS relationId,role_id AS roleId,menu_id AS menuId,status,ctime,utime FROM role_menu_relation WHERE role_id = ? 
time=2019-01-30T10:25:04.483+0800`appName=graduation`hostName=localhost`logLevel=DEBUG`==> Parameters: 1(Long)
time=2019-01-30T10:25:04.509+0800`appName=graduation`hostName=localhost`logLevel=DEBUG`<==      Total: 4
time=2019-01-30T10:25:04.526+0800`appName=graduation`hostName=localhost`logLevel=DEBUG`==>  Preparing: SELECT menu_id AS menuId,title,href,icon,status,parent_id,ctime,utime FROM menu WHERE menu_id IN (?,?,?,?) 
time=2019-01-30T10:25:04.527+0800`appName=graduation`hostName=localhost`logLevel=DEBUG`==> Parameters: 2(Long), 3(Long), 4(Long), 5(Long)
time=2019-01-30T10:25:04.529+0800`appName=graduation`hostName=localhost`logLevel=DEBUG`<==      Total: 4
time=2019-01-30T10:25:05.360+0800`appName=graduation`hostName=localhost`logLevel=DEBUG`==>  Preparing: SELECT role_id AS roleId,role_name AS roleName,remark,deleted,ctime,utime FROM role 
time=2019-01-30T10:25:05.362+0800`appName=graduation`hostName=localhost`logLevel=DEBUG`==> Parameters: 
time=2019-01-30T10:25:05.364+0800`appName=graduation`hostName=localhost`logLevel=DEBUG`<==      Total: 2
time=2019-01-30T10:25:19.285+0800`appName=graduation`hostName=localhost`logLevel=DEBUG`==>  Preparing: SELECT relation_id AS relationId,role_id AS roleId,menu_id AS menuId,status,ctime,utime FROM role_menu_relation WHERE role_id = ? 
time=2019-01-30T10:25:19.286+0800`appName=graduation`hostName=localhost`logLevel=DEBUG`==> Parameters: 1(Long)
time=2019-01-30T10:25:19.289+0800`appName=graduation`hostName=localhost`logLevel=DEBUG`<==      Total: 4
time=2019-01-30T10:25:19.294+0800`appName=graduation`hostName=localhost`logLevel=DEBUG`==>  Preparing: SELECT menu_id AS menuId,title,href,icon,status,parent_id,ctime,utime FROM menu WHERE menu_id IN (?,?,?,?) 
time=2019-01-30T10:25:19.295+0800`appName=graduation`hostName=localhost`logLevel=DEBUG`==> Parameters: 2(Long), 3(Long), 4(Long), 5(Long)
time=2019-01-30T10:25:19.300+0800`appName=graduation`hostName=localhost`logLevel=DEBUG`<==      Total: 4
time=2019-01-30T10:25:22.350+0800`appName=graduation`hostName=localhost`logLevel=DEBUG`==>  Preparing: SELECT role_id AS roleId,role_name AS roleName,remark,deleted,ctime,utime FROM role 
time=2019-01-30T10:25:22.350+0800`appName=graduation`hostName=localhost`logLevel=DEBUG`==> Parameters: 
time=2019-01-30T10:25:22.352+0800`appName=graduation`hostName=localhost`logLevel=DEBUG`<==      Total: 2
time=2019-01-30T10:30:23.960+0800`appName=graduation`hostName=localhost`logLevel=DEBUG`==>  Preparing: SELECT relation_id AS relationId,role_id AS roleId,menu_id AS menuId,status,ctime,utime FROM role_menu_relation WHERE role_id = ? 
time=2019-01-30T10:30:23.997+0800`appName=graduation`hostName=localhost`logLevel=DEBUG`==> Parameters: 1(Long)
time=2019-01-30T10:30:24.021+0800`appName=graduation`hostName=localhost`logLevel=DEBUG`<==      Total: 4
time=2019-01-30T10:30:24.041+0800`appName=graduation`hostName=localhost`logLevel=DEBUG`==>  Preparing: SELECT menu_id AS menuId,title,href,icon,status,parent_id,ctime,utime FROM menu WHERE menu_id IN (?,?,?,?) 
time=2019-01-30T10:30:24.042+0800`appName=graduation`hostName=localhost`logLevel=DEBUG`==> Parameters: 2(Long), 3(Long), 4(Long), 5(Long)
time=2019-01-30T10:30:24.045+0800`appName=graduation`hostName=localhost`logLevel=DEBUG`<==      Total: 4
time=2019-01-30T10:30:24.879+0800`appName=graduation`hostName=localhost`logLevel=DEBUG`==>  Preparing: SELECT role_id AS roleId,role_name AS roleName,remark,deleted,ctime,utime FROM role 
time=2019-01-30T10:30:24.880+0800`appName=graduation`hostName=localhost`logLevel=DEBUG`==> Parameters: 
time=2019-01-30T10:30:24.883+0800`appName=graduation`hostName=localhost`logLevel=DEBUG`<==      Total: 2
time=2019-01-30T10:32:14.450+0800`appName=graduation`hostName=localhost`logLevel=DEBUG`==>  Preparing: SELECT relation_id AS relationId,role_id AS roleId,menu_id AS menuId,status,ctime,utime FROM role_menu_relation WHERE role_id = ? 
time=2019-01-30T10:32:14.485+0800`appName=graduation`hostName=localhost`logLevel=DEBUG`==> Parameters: 1(Long)
time=2019-01-30T10:32:14.511+0800`appName=graduation`hostName=localhost`logLevel=DEBUG`<==      Total: 4
time=2019-01-30T10:32:14.532+0800`appName=graduation`hostName=localhost`logLevel=DEBUG`==>  Preparing: SELECT menu_id AS menuId,title,href,icon,status,parent_id,ctime,utime FROM menu WHERE menu_id IN (?,?,?,?) 
time=2019-01-30T10:32:14.533+0800`appName=graduation`hostName=localhost`logLevel=DEBUG`==> Parameters: 2(Long), 3(Long), 4(Long), 5(Long)
time=2019-01-30T10:32:14.536+0800`appName=graduation`hostName=localhost`logLevel=DEBUG`<==      Total: 4
time=2019-01-30T10:32:15.277+0800`appName=graduation`hostName=localhost`logLevel=DEBUG`==>  Preparing: SELECT role_id AS roleId,role_name AS roleName,remark,deleted,ctime,utime FROM role 
time=2019-01-30T10:32:15.278+0800`appName=graduation`hostName=localhost`logLevel=DEBUG`==> Parameters: 
time=2019-01-30T10:32:15.281+0800`appName=graduation`hostName=localhost`logLevel=DEBUG`<==      Total: 2
time=2019-01-30T10:32:45.242+0800`appName=graduation`hostName=localhost`logLevel=DEBUG`==>  Preparing: SELECT relation_id AS relationId,role_id AS roleId,menu_id AS menuId,status,ctime,utime FROM role_menu_relation WHERE role_id = ? 
time=2019-01-30T10:32:45.242+0800`appName=graduation`hostName=localhost`logLevel=DEBUG`==> Parameters: 1(Long)
time=2019-01-30T10:32:45.246+0800`appName=graduation`hostName=localhost`logLevel=DEBUG`<==      Total: 4
time=2019-01-30T10:32:45.249+0800`appName=graduation`hostName=localhost`logLevel=DEBUG`==>  Preparing: SELECT menu_id AS menuId,title,href,icon,status,parent_id,ctime,utime FROM menu WHERE menu_id IN (?,?,?,?) 
time=2019-01-30T10:32:45.250+0800`appName=graduation`hostName=localhost`logLevel=DEBUG`==> Parameters: 2(Long), 3(Long), 4(Long), 5(Long)
time=2019-01-30T10:32:45.254+0800`appName=graduation`hostName=localhost`logLevel=DEBUG`<==      Total: 4
time=2019-01-30T10:32:47.532+0800`appName=graduation`hostName=localhost`logLevel=DEBUG`==>  Preparing: SELECT role_id AS roleId,role_name AS roleName,remark,deleted,ctime,utime FROM role 
time=2019-01-30T10:32:47.533+0800`appName=graduation`hostName=localhost`logLevel=DEBUG`==> Parameters: 
time=2019-01-30T10:32:47.535+0800`appName=graduation`hostName=localhost`logLevel=DEBUG`<==      Total: 2
time=2019-01-30T10:35:17.574+0800`appName=graduation`hostName=localhost`logLevel=DEBUG`==>  Preparing: SELECT relation_id AS relationId,role_id AS roleId,menu_id AS menuId,status,ctime,utime FROM role_menu_relation WHERE role_id = ? 
time=2019-01-30T10:35:17.609+0800`appName=graduation`hostName=localhost`logLevel=DEBUG`==> Parameters: 1(Long)
time=2019-01-30T10:35:17.636+0800`appName=graduation`hostName=localhost`logLevel=DEBUG`<==      Total: 4
time=2019-01-30T10:35:17.652+0800`appName=graduation`hostName=localhost`logLevel=DEBUG`==>  Preparing: SELECT menu_id AS menuId,title,href,icon,status,parent_id,ctime,utime FROM menu WHERE menu_id IN (?,?,?,?) 
time=2019-01-30T10:35:17.653+0800`appName=graduation`hostName=localhost`logLevel=DEBUG`==> Parameters: 2(Long), 3(Long), 4(Long), 5(Long)
time=2019-01-30T10:35:17.656+0800`appName=graduation`hostName=localhost`logLevel=DEBUG`<==      Total: 4
time=2019-01-30T10:35:18.463+0800`appName=graduation`hostName=localhost`logLevel=DEBUG`==>  Preparing: SELECT role_id AS roleId,role_name AS roleName,remark,deleted,ctime,utime FROM role 
time=2019-01-30T10:35:18.464+0800`appName=graduation`hostName=localhost`logLevel=DEBUG`==> Parameters: 
time=2019-01-30T10:35:18.469+0800`appName=graduation`hostName=localhost`logLevel=DEBUG`<==      Total: 2
time=2019-01-30T10:58:35.530+0800`appName=graduation`hostName=localhost`logLevel=DEBUG`==>  Preparing: SELECT relation_id AS relationId,role_id AS roleId,menu_id AS menuId,status,ctime,utime FROM role_menu_relation WHERE role_id = ? 
time=2019-01-30T10:58:35.564+0800`appName=graduation`hostName=localhost`logLevel=DEBUG`==> Parameters: 1(Long)
time=2019-01-30T10:58:35.593+0800`appName=graduation`hostName=localhost`logLevel=DEBUG`<==      Total: 4
time=2019-01-30T10:58:35.614+0800`appName=graduation`hostName=localhost`logLevel=DEBUG`==>  Preparing: SELECT menu_id AS menuId,title,href,icon,status,parent_id,ctime,utime FROM menu WHERE menu_id IN (?,?,?,?) 
time=2019-01-30T10:58:35.615+0800`appName=graduation`hostName=localhost`logLevel=DEBUG`==> Parameters: 2(Long), 3(Long), 4(Long), 5(Long)
time=2019-01-30T10:58:35.621+0800`appName=graduation`hostName=localhost`logLevel=DEBUG`<==      Total: 4
time=2019-01-30T10:58:36.412+0800`appName=graduation`hostName=localhost`logLevel=DEBUG`==>  Preparing: SELECT role_id AS roleId,role_name AS roleName,remark,deleted,ctime,utime FROM role 
time=2019-01-30T10:58:36.414+0800`appName=graduation`hostName=localhost`logLevel=DEBUG`==> Parameters: 
time=2019-01-30T10:58:36.419+0800`appName=graduation`hostName=localhost`logLevel=DEBUG`<==      Total: 2
time=2019-01-30T11:37:05.927+0800`appName=graduation`hostName=localhost`logLevel=DEBUG`==>  Preparing: SELECT relation_id AS relationId,role_id AS roleId,menu_id AS menuId,status,ctime,utime FROM role_menu_relation WHERE role_id = ? 
time=2019-01-30T11:37:06.014+0800`appName=graduation`hostName=localhost`logLevel=DEBUG`==> Parameters: 1(Long)
time=2019-01-30T11:37:06.048+0800`appName=graduation`hostName=localhost`logLevel=DEBUG`<==      Total: 4
time=2019-01-30T11:37:06.068+0800`appName=graduation`hostName=localhost`logLevel=DEBUG`==>  Preparing: SELECT menu_id AS menuId,title,href,icon,status,parent_id,ctime,utime FROM menu WHERE menu_id IN (?,?,?,?) 
time=2019-01-30T11:37:06.069+0800`appName=graduation`hostName=localhost`logLevel=DEBUG`==> Parameters: 2(Long), 3(Long), 4(Long), 5(Long)
time=2019-01-30T11:37:06.073+0800`appName=graduation`hostName=localhost`logLevel=DEBUG`<==      Total: 4
time=2019-01-30T11:37:07.004+0800`appName=graduation`hostName=localhost`logLevel=DEBUG`==>  Preparing: SELECT role_id AS roleId,role_name AS roleName,remark,deleted,ctime,utime FROM role 
time=2019-01-30T11:37:07.004+0800`appName=graduation`hostName=localhost`logLevel=DEBUG`==> Parameters: 
time=2019-01-30T11:37:07.004+0800`appName=graduation`hostName=localhost`logLevel=DEBUG`<==      Total: 2
time=2019-01-30T11:46:28.660+0800`appName=graduation`hostName=localhost`logLevel=DEBUG`==>  Preparing: SELECT relation_id AS relationId,role_id AS roleId,menu_id AS menuId,status,ctime,utime FROM role_menu_relation WHERE role_id = ? 
time=2019-01-30T11:46:28.693+0800`appName=graduation`hostName=localhost`logLevel=DEBUG`==> Parameters: 1(Long)
time=2019-01-30T11:46:28.720+0800`appName=graduation`hostName=localhost`logLevel=DEBUG`<==      Total: 4
time=2019-01-30T11:46:28.736+0800`appName=graduation`hostName=localhost`logLevel=DEBUG`==>  Preparing: SELECT menu_id AS menuId,title,href,icon,status,parent_id,ctime,utime FROM menu WHERE menu_id IN (?,?,?,?) 
time=2019-01-30T11:46:28.737+0800`appName=graduation`hostName=localhost`logLevel=DEBUG`==> Parameters: 2(Long), 3(Long), 4(Long), 5(Long)
time=2019-01-30T11:46:28.740+0800`appName=graduation`hostName=localhost`logLevel=DEBUG`<==      Total: 4
time=2019-01-30T11:46:29.437+0800`appName=graduation`hostName=localhost`logLevel=DEBUG`==>  Preparing: SELECT role_id AS roleId,role_name AS roleName,remark,deleted,ctime,utime FROM role 
time=2019-01-30T11:46:29.438+0800`appName=graduation`hostName=localhost`logLevel=DEBUG`==> Parameters: 
time=2019-01-30T11:46:29.441+0800`appName=graduation`hostName=localhost`logLevel=DEBUG`<==      Total: 2
time=2019-01-30T11:47:05.273+0800`appName=graduation`hostName=localhost`logLevel=DEBUG`==>  Preparing: SELECT relation_id AS relationId,role_id AS roleId,menu_id AS menuId,status,ctime,utime FROM role_menu_relation WHERE role_id = ? 
time=2019-01-30T11:47:05.275+0800`appName=graduation`hostName=localhost`logLevel=DEBUG`==> Parameters: 1(Long)
time=2019-01-30T11:47:05.282+0800`appName=graduation`hostName=localhost`logLevel=DEBUG`<==      Total: 4
time=2019-01-30T11:47:05.285+0800`appName=graduation`hostName=localhost`logLevel=DEBUG`==>  Preparing: SELECT menu_id AS menuId,title,href,icon,status,parent_id,ctime,utime FROM menu WHERE menu_id IN (?,?,?,?) 
time=2019-01-30T11:47:05.285+0800`appName=graduation`hostName=localhost`logLevel=DEBUG`==> Parameters: 2(Long), 3(Long), 4(Long), 5(Long)
time=2019-01-30T11:47:05.289+0800`appName=graduation`hostName=localhost`logLevel=DEBUG`<==      Total: 4
time=2019-01-30T11:47:08.392+0800`appName=graduation`hostName=localhost`logLevel=DEBUG`==>  Preparing: SELECT role_id AS roleId,role_name AS roleName,remark,deleted,ctime,utime FROM role 
time=2019-01-30T11:47:08.393+0800`appName=graduation`hostName=localhost`logLevel=DEBUG`==> Parameters: 
time=2019-01-30T11:47:08.395+0800`appName=graduation`hostName=localhost`logLevel=DEBUG`<==      Total: 2
time=2019-01-30T11:50:30.754+0800`appName=graduation`hostName=localhost`logLevel=DEBUG`==>  Preparing: SELECT relation_id AS relationId,role_id AS roleId,menu_id AS menuId,status,ctime,utime FROM role_menu_relation WHERE role_id = ? 
time=2019-01-30T11:50:30.789+0800`appName=graduation`hostName=localhost`logLevel=DEBUG`==> Parameters: 1(Long)
time=2019-01-30T11:50:30.812+0800`appName=graduation`hostName=localhost`logLevel=DEBUG`<==      Total: 4
time=2019-01-30T11:50:30.829+0800`appName=graduation`hostName=localhost`logLevel=DEBUG`==>  Preparing: SELECT menu_id AS menuId,title,href,icon,status,parent_id,ctime,utime FROM menu WHERE menu_id IN (?,?,?,?) 
time=2019-01-30T11:50:30.829+0800`appName=graduation`hostName=localhost`logLevel=DEBUG`==> Parameters: 2(Long), 3(Long), 4(Long), 5(Long)
time=2019-01-30T11:50:30.831+0800`appName=graduation`hostName=localhost`logLevel=DEBUG`<==      Total: 4
time=2019-01-30T11:50:31.619+0800`appName=graduation`hostName=localhost`logLevel=DEBUG`==>  Preparing: SELECT role_id AS roleId,role_name AS roleName,remark,deleted,ctime,utime FROM role 
time=2019-01-30T11:50:31.620+0800`appName=graduation`hostName=localhost`logLevel=DEBUG`==> Parameters: 
time=2019-01-30T11:50:31.621+0800`appName=graduation`hostName=localhost`logLevel=DEBUG`<==      Total: 2
time=2019-01-30T11:53:07.389+0800`appName=graduation`hostName=localhost`logLevel=DEBUG`==>  Preparing: SELECT relation_id AS relationId,role_id AS roleId,menu_id AS menuId,status,ctime,utime FROM role_menu_relation WHERE role_id = ? 
time=2019-01-30T11:53:07.409+0800`appName=graduation`hostName=localhost`logLevel=DEBUG`==> Parameters: 1(Long)
time=2019-01-30T11:53:07.439+0800`appName=graduation`hostName=localhost`logLevel=DEBUG`<==      Total: 4
time=2019-01-30T11:53:07.449+0800`appName=graduation`hostName=localhost`logLevel=DEBUG`==>  Preparing: SELECT menu_id AS menuId,title,href,icon,status,parent_id,ctime,utime FROM menu WHERE menu_id IN (?,?,?,?) 
time=2019-01-30T11:53:07.449+0800`appName=graduation`hostName=localhost`logLevel=DEBUG`==> Parameters: 2(Long), 3(Long), 4(Long), 5(Long)
time=2019-01-30T11:53:07.449+0800`appName=graduation`hostName=localhost`logLevel=DEBUG`<==      Total: 4
time=2019-01-30T11:53:08.049+0800`appName=graduation`hostName=localhost`logLevel=DEBUG`==>  Preparing: SELECT role_id AS roleId,role_name AS roleName,remark,deleted,ctime,utime FROM role 
time=2019-01-30T11:53:08.049+0800`appName=graduation`hostName=localhost`logLevel=DEBUG`==> Parameters: 
time=2019-01-30T11:53:08.049+0800`appName=graduation`hostName=localhost`logLevel=DEBUG`<==      Total: 2
time=2019-01-30T11:54:55.422+0800`appName=graduation`hostName=localhost`logLevel=DEBUG`==>  Preparing: SELECT relation_id AS relationId,role_id AS roleId,menu_id AS menuId,status,ctime,utime FROM role_menu_relation WHERE role_id = ? 
time=2019-01-30T11:54:55.455+0800`appName=graduation`hostName=localhost`logLevel=DEBUG`==> Parameters: 1(Long)
time=2019-01-30T11:54:55.479+0800`appName=graduation`hostName=localhost`logLevel=DEBUG`<==      Total: 4
time=2019-01-30T11:54:55.494+0800`appName=graduation`hostName=localhost`logLevel=DEBUG`==>  Preparing: SELECT menu_id AS menuId,title,href,icon,status,parent_id,ctime,utime FROM menu WHERE menu_id IN (?,?,?,?) 
time=2019-01-30T11:54:55.495+0800`appName=graduation`hostName=localhost`logLevel=DEBUG`==> Parameters: 2(Long), 3(Long), 4(Long), 5(Long)
time=2019-01-30T11:54:55.498+0800`appName=graduation`hostName=localhost`logLevel=DEBUG`<==      Total: 4
time=2019-01-30T11:54:56.113+0800`appName=graduation`hostName=localhost`logLevel=DEBUG`==>  Preparing: SELECT role_id AS roleId,role_name AS roleName,remark,deleted,ctime,utime FROM role 
time=2019-01-30T11:54:56.113+0800`appName=graduation`hostName=localhost`logLevel=DEBUG`==> Parameters: 
time=2019-01-30T11:54:56.113+0800`appName=graduation`hostName=localhost`logLevel=DEBUG`<==      Total: 2
time=2019-01-30T11:57:23.721+0800`appName=graduation`hostName=localhost`logLevel=DEBUG`==>  Preparing: SELECT relation_id AS relationId,role_id AS roleId,menu_id AS menuId,status,ctime,utime FROM role_menu_relation WHERE role_id = ? 
time=2019-01-30T11:57:23.754+0800`appName=graduation`hostName=localhost`logLevel=DEBUG`==> Parameters: 1(Long)
time=2019-01-30T11:57:23.783+0800`appName=graduation`hostName=localhost`logLevel=DEBUG`<==      Total: 4
time=2019-01-30T11:57:23.800+0800`appName=graduation`hostName=localhost`logLevel=DEBUG`==>  Preparing: SELECT menu_id AS menuId,title,href,icon,status,parent_id,ctime,utime FROM menu WHERE menu_id IN (?,?,?,?) 
time=2019-01-30T11:57:23.801+0800`appName=graduation`hostName=localhost`logLevel=DEBUG`==> Parameters: 2(Long), 3(Long), 4(Long), 5(Long)
time=2019-01-30T11:57:23.804+0800`appName=graduation`hostName=localhost`logLevel=DEBUG`<==      Total: 4
time=2019-01-30T11:57:24.557+0800`appName=graduation`hostName=localhost`logLevel=DEBUG`==>  Preparing: SELECT role_id AS roleId,role_name AS roleName,remark,deleted,ctime,utime FROM role 
time=2019-01-30T11:57:24.557+0800`appName=graduation`hostName=localhost`logLevel=DEBUG`==> Parameters: 
time=2019-01-30T11:57:24.568+0800`appName=graduation`hostName=localhost`logLevel=DEBUG`<==      Total: 2
time=2019-01-30T11:58:48.800+0800`appName=graduation`hostName=localhost`logLevel=DEBUG`==>  Preparing: UPDATE role SET role_name=?,deleted=?,utime=? WHERE role_id=? 
time=2019-01-30T11:58:48.801+0800`appName=graduation`hostName=localhost`logLevel=DEBUG`==> Parameters: 管理员(String), 0(Integer), 1548820728796(Long), 9(Long)
time=2019-01-30T11:58:48.830+0800`appName=graduation`hostName=localhost`logLevel=DEBUG`<==    Updates: 1
time=2019-01-30T11:59:54.208+0800`appName=graduation`hostName=localhost`logLevel=DEBUG`==>  Preparing: SELECT relation_id AS relationId,role_id AS roleId,menu_id AS menuId,status,ctime,utime FROM role_menu_relation WHERE role_id = ? 
time=2019-01-30T11:59:54.237+0800`appName=graduation`hostName=localhost`logLevel=DEBUG`==> Parameters: 1(Long)
time=2019-01-30T11:59:54.260+0800`appName=graduation`hostName=localhost`logLevel=DEBUG`<==      Total: 4
time=2019-01-30T11:59:54.276+0800`appName=graduation`hostName=localhost`logLevel=DEBUG`==>  Preparing: SELECT menu_id AS menuId,title,href,icon,status,parent_id,ctime,utime FROM menu WHERE menu_id IN (?,?,?,?) 
time=2019-01-30T11:59:54.276+0800`appName=graduation`hostName=localhost`logLevel=DEBUG`==> Parameters: 2(Long), 3(Long), 4(Long), 5(Long)
time=2019-01-30T11:59:54.279+0800`appName=graduation`hostName=localhost`logLevel=DEBUG`<==      Total: 4
time=2019-01-30T11:59:55.107+0800`appName=graduation`hostName=localhost`logLevel=DEBUG`==>  Preparing: SELECT role_id AS roleId,role_name AS roleName,remark,deleted,ctime,utime FROM role 
time=2019-01-30T11:59:55.107+0800`appName=graduation`hostName=localhost`logLevel=DEBUG`==> Parameters: 
time=2019-01-30T11:59:55.117+0800`appName=graduation`hostName=localhost`logLevel=DEBUG`<==      Total: 2
time=2019-01-30T12:00:01.669+0800`appName=graduation`hostName=localhost`logLevel=DEBUG`==>  Preparing: UPDATE role SET role_name=?,deleted=?,utime=? WHERE role_id=? 
time=2019-01-30T12:00:01.671+0800`appName=graduation`hostName=localhost`logLevel=DEBUG`==> Parameters: 班级(String), 0(Integer), 1548820801668(Long), null
time=2019-01-30T12:00:01.675+0800`appName=graduation`hostName=localhost`logLevel=DEBUG`<==    Updates: 0
time=2019-01-30T12:00:12.993+0800`appName=graduation`hostName=localhost`logLevel=DEBUG`==>  Preparing: SELECT relation_id AS relationId,role_id AS roleId,menu_id AS menuId,status,ctime,utime FROM role_menu_relation WHERE role_id = ? 
time=2019-01-30T12:00:12.993+0800`appName=graduation`hostName=localhost`logLevel=DEBUG`==> Parameters: 1(Long)
time=2019-01-30T12:00:12.997+0800`appName=graduation`hostName=localhost`logLevel=DEBUG`<==      Total: 4
time=2019-01-30T12:00:12.999+0800`appName=graduation`hostName=localhost`logLevel=DEBUG`==>  Preparing: SELECT menu_id AS menuId,title,href,icon,status,parent_id,ctime,utime FROM menu WHERE menu_id IN (?,?,?,?) 
time=2019-01-30T12:00:13.000+0800`appName=graduation`hostName=localhost`logLevel=DEBUG`==> Parameters: 2(Long), 3(Long), 4(Long), 5(Long)
time=2019-01-30T12:00:13.005+0800`appName=graduation`hostName=localhost`logLevel=DEBUG`<==      Total: 4
time=2019-01-30T12:00:13.407+0800`appName=graduation`hostName=localhost`logLevel=DEBUG`==>  Preparing: SELECT role_id AS roleId,role_name AS roleName,remark,deleted,ctime,utime FROM role 
time=2019-01-30T12:00:13.408+0800`appName=graduation`hostName=localhost`logLevel=DEBUG`==> Parameters: 
time=2019-01-30T12:00:13.410+0800`appName=graduation`hostName=localhost`logLevel=DEBUG`<==      Total: 2
time=2019-01-30T12:02:56.227+0800`appName=graduation`hostName=localhost`logLevel=DEBUG`==>  Preparing: SELECT relation_id AS relationId,role_id AS roleId,menu_id AS menuId,status,ctime,utime FROM role_menu_relation WHERE role_id = ? 
time=2019-01-30T12:02:56.258+0800`appName=graduation`hostName=localhost`logLevel=DEBUG`==> Parameters: 1(Long)
time=2019-01-30T12:02:56.280+0800`appName=graduation`hostName=localhost`logLevel=DEBUG`<==      Total: 4
time=2019-01-30T12:02:56.294+0800`appName=graduation`hostName=localhost`logLevel=DEBUG`==>  Preparing: SELECT menu_id AS menuId,title,href,icon,status,parent_id,ctime,utime FROM menu WHERE menu_id IN (?,?,?,?) 
time=2019-01-30T12:02:56.295+0800`appName=graduation`hostName=localhost`logLevel=DEBUG`==> Parameters: 2(Long), 3(Long), 4(Long), 5(Long)
time=2019-01-30T12:02:56.298+0800`appName=graduation`hostName=localhost`logLevel=DEBUG`<==      Total: 4
time=2019-01-30T12:02:56.944+0800`appName=graduation`hostName=localhost`logLevel=DEBUG`==>  Preparing: SELECT role_id AS roleId,role_name AS roleName,remark,deleted,ctime,utime FROM role 
time=2019-01-30T12:02:56.944+0800`appName=graduation`hostName=localhost`logLevel=DEBUG`==> Parameters: 
time=2019-01-30T12:02:56.944+0800`appName=graduation`hostName=localhost`logLevel=DEBUG`<==      Total: 2
time=2019-01-30T12:03:03.451+0800`appName=graduation`hostName=localhost`logLevel=DEBUG`==>  Preparing: INSERT INTO role ( role_name,deleted,ctime,utime ) VALUES ( ?,?,?,? ) 
time=2019-01-30T12:03:03.452+0800`appName=graduation`hostName=localhost`logLevel=DEBUG`==> Parameters: 班级(String), 0(Integer), 1548820983449(Long), 1548820983449(Long)
time=2019-01-30T12:03:03.463+0800`appName=graduation`hostName=localhost`logLevel=DEBUG`<==    Updates: 1
time=2019-01-30T12:03:12.584+0800`appName=graduation`hostName=localhost`logLevel=DEBUG`==>  Preparing: SELECT relation_id AS relationId,role_id AS roleId,menu_id AS menuId,status,ctime,utime FROM role_menu_relation WHERE role_id = ? 
time=2019-01-30T12:03:12.585+0800`appName=graduation`hostName=localhost`logLevel=DEBUG`==> Parameters: 1(Long)
time=2019-01-30T12:03:12.591+0800`appName=graduation`hostName=localhost`logLevel=DEBUG`<==      Total: 4
time=2019-01-30T12:03:12.596+0800`appName=graduation`hostName=localhost`logLevel=DEBUG`==>  Preparing: SELECT menu_id AS menuId,title,href,icon,status,parent_id,ctime,utime FROM menu WHERE menu_id IN (?,?,?,?) 
time=2019-01-30T12:03:12.596+0800`appName=graduation`hostName=localhost`logLevel=DEBUG`==> Parameters: 2(Long), 3(Long), 4(Long), 5(Long)
time=2019-01-30T12:03:12.600+0800`appName=graduation`hostName=localhost`logLevel=DEBUG`<==      Total: 4
time=2019-01-30T12:03:13.061+0800`appName=graduation`hostName=localhost`logLevel=DEBUG`==>  Preparing: SELECT role_id AS roleId,role_name AS roleName,remark,deleted,ctime,utime FROM role 
time=2019-01-30T12:03:13.062+0800`appName=graduation`hostName=localhost`logLevel=DEBUG`==> Parameters: 
time=2019-01-30T12:03:13.064+0800`appName=graduation`hostName=localhost`logLevel=DEBUG`<==      Total: 3
time=2019-01-30T12:12:44.933+0800`appName=graduation`hostName=localhost`logLevel=DEBUG`==>  Preparing: SELECT relation_id AS relationId,role_id AS roleId,menu_id AS menuId,status,ctime,utime FROM role_menu_relation WHERE role_id = ? 
time=2019-01-30T12:12:44.967+0800`appName=graduation`hostName=localhost`logLevel=DEBUG`==> Parameters: 1(Long)
time=2019-01-30T12:12:44.991+0800`appName=graduation`hostName=localhost`logLevel=DEBUG`<==      Total: 4
time=2019-01-30T12:12:45.007+0800`appName=graduation`hostName=localhost`logLevel=DEBUG`==>  Preparing: SELECT menu_id AS menuId,title,href,icon,status,parent_id,ctime,utime FROM menu WHERE menu_id IN (?,?,?,?) 
time=2019-01-30T12:12:45.007+0800`appName=graduation`hostName=localhost`logLevel=DEBUG`==> Parameters: 2(Long), 3(Long), 4(Long), 5(Long)
time=2019-01-30T12:12:45.011+0800`appName=graduation`hostName=localhost`logLevel=DEBUG`<==      Total: 4
time=2019-01-30T12:12:45.716+0800`appName=graduation`hostName=localhost`logLevel=DEBUG`==>  Preparing: SELECT role_id AS roleId,role_name AS roleName,remark,deleted,ctime,utime FROM role 
time=2019-01-30T12:12:45.716+0800`appName=graduation`hostName=localhost`logLevel=DEBUG`==> Parameters: 
time=2019-01-30T12:12:45.716+0800`appName=graduation`hostName=localhost`logLevel=DEBUG`<==      Total: 3
time=2019-01-30T12:14:16.372+0800`appName=graduation`hostName=localhost`logLevel=DEBUG`==>  Preparing: SELECT relation_id AS relationId,role_id AS roleId,menu_id AS menuId,status,ctime,utime FROM role_menu_relation WHERE role_id = ? 
time=2019-01-30T12:14:16.401+0800`appName=graduation`hostName=localhost`logLevel=DEBUG`==> Parameters: 1(Long)
time=2019-01-30T12:14:16.425+0800`appName=graduation`hostName=localhost`logLevel=DEBUG`<==      Total: 4
time=2019-01-30T12:14:16.440+0800`appName=graduation`hostName=localhost`logLevel=DEBUG`==>  Preparing: SELECT menu_id AS menuId,title,href,icon,status,parent_id,ctime,utime FROM menu WHERE menu_id IN (?,?,?,?) 
time=2019-01-30T12:14:16.441+0800`appName=graduation`hostName=localhost`logLevel=DEBUG`==> Parameters: 2(Long), 3(Long), 4(Long), 5(Long)
time=2019-01-30T12:14:16.443+0800`appName=graduation`hostName=localhost`logLevel=DEBUG`<==      Total: 4
time=2019-01-30T12:14:17.192+0800`appName=graduation`hostName=localhost`logLevel=DEBUG`==>  Preparing: SELECT role_id AS roleId,role_name AS roleName,remark,deleted,ctime,utime FROM role 
time=2019-01-30T12:14:17.193+0800`appName=graduation`hostName=localhost`logLevel=DEBUG`==> Parameters: 
time=2019-01-30T12:14:17.195+0800`appName=graduation`hostName=localhost`logLevel=DEBUG`<==      Total: 3
time=2019-01-30T12:15:33.333+0800`appName=graduation`hostName=localhost`logLevel=DEBUG`==>  Preparing: SELECT relation_id AS relationId,role_id AS roleId,menu_id AS menuId,status,ctime,utime FROM role_menu_relation WHERE role_id = ? 
time=2019-01-30T12:15:33.363+0800`appName=graduation`hostName=localhost`logLevel=DEBUG`==> Parameters: 1(Long)
time=2019-01-30T12:15:33.386+0800`appName=graduation`hostName=localhost`logLevel=DEBUG`<==      Total: 4
time=2019-01-30T12:15:33.401+0800`appName=graduation`hostName=localhost`logLevel=DEBUG`==>  Preparing: SELECT menu_id AS menuId,title,href,icon,status,parent_id,ctime,utime FROM menu WHERE menu_id IN (?,?,?,?) 
time=2019-01-30T12:15:33.402+0800`appName=graduation`hostName=localhost`logLevel=DEBUG`==> Parameters: 2(Long), 3(Long), 4(Long), 5(Long)
time=2019-01-30T12:15:33.404+0800`appName=graduation`hostName=localhost`logLevel=DEBUG`<==      Total: 4
time=2019-01-30T12:15:34.159+0800`appName=graduation`hostName=localhost`logLevel=DEBUG`==>  Preparing: SELECT role_id AS roleId,role_name AS roleName,remark,deleted,ctime,utime FROM role 
time=2019-01-30T12:15:34.159+0800`appName=graduation`hostName=localhost`logLevel=DEBUG`==> Parameters: 
time=2019-01-30T12:15:34.159+0800`appName=graduation`hostName=localhost`logLevel=DEBUG`<==      Total: 3
time=2019-01-30T12:15:48.601+0800`appName=graduation`hostName=localhost`logLevel=DEBUG`==>  Preparing: SELECT relation_id AS relationId,role_id AS roleId,menu_id AS menuId,status,ctime,utime FROM role_menu_relation WHERE role_id = ? 
time=2019-01-30T12:15:48.602+0800`appName=graduation`hostName=localhost`logLevel=DEBUG`==> Parameters: 1(Long)
time=2019-01-30T12:15:48.604+0800`appName=graduation`hostName=localhost`logLevel=DEBUG`<==      Total: 4
time=2019-01-30T12:15:48.609+0800`appName=graduation`hostName=localhost`logLevel=DEBUG`==>  Preparing: SELECT menu_id AS menuId,title,href,icon,status,parent_id,ctime,utime FROM menu WHERE menu_id IN (?,?,?,?) 
time=2019-01-30T12:15:48.611+0800`appName=graduation`hostName=localhost`logLevel=DEBUG`==> Parameters: 2(Long), 3(Long), 4(Long), 5(Long)
time=2019-01-30T12:15:48.615+0800`appName=graduation`hostName=localhost`logLevel=DEBUG`<==      Total: 4
time=2019-01-30T12:15:49.090+0800`appName=graduation`hostName=localhost`logLevel=DEBUG`==>  Preparing: SELECT role_id AS roleId,role_name AS roleName,remark,deleted,ctime,utime FROM role 
time=2019-01-30T12:15:49.091+0800`appName=graduation`hostName=localhost`logLevel=DEBUG`==> Parameters: 
time=2019-01-30T12:15:49.094+0800`appName=graduation`hostName=localhost`logLevel=DEBUG`<==      Total: 3
