time=2019-02-18T14:58:39.416+0800`appName=graduation`hostName=localhost`logLevel=DEBUG`==>  Preparing: SELECT operator_id AS operatorId,operator_name AS operatorName,operator_status AS operatorStatus,deleted,mobile,pwd,role_id AS roleId,ctime,utime FROM operator WHERE operator_id=? 
time=2019-02-18T14:58:39.476+0800`appName=graduation`hostName=localhost`logLevel=DEBUG`==> Parameters: 15207312(Long)
time=2019-02-18T14:58:39.509+0800`appName=graduation`hostName=localhost`logLevel=DEBUG`<==      Total: 1
time=2019-02-18T14:58:39.534+0800`appName=graduation`hostName=localhost`logLevel=DEBUG`==>  Preparing: SELECT student_id AS studentId,token,ctime,utime FROM user_web_token WHERE student_id=? 
time=2019-02-18T14:58:39.535+0800`appName=graduation`hostName=localhost`logLevel=DEBUG`==> Parameters: 15207312(Long)
time=2019-02-18T14:58:39.542+0800`appName=graduation`hostName=localhost`logLevel=DEBUG`<==      Total: 1
time=2019-02-18T14:58:39.634+0800`appName=graduation`hostName=localhost`logLevel=DEBUG`==>  Preparing: UPDATE user_web_token SET token=?,utime=? WHERE student_id=? 
time=2019-02-18T14:58:39.637+0800`appName=graduation`hostName=localhost`logLevel=DEBUG`==> Parameters: 2db1c5df-b395-4c72-a75f-ea26092f5262(String), 1550473119631(Long), 15207312(Long)
time=2019-02-18T14:58:39.642+0800`appName=graduation`hostName=localhost`logLevel=DEBUG`<==    Updates: 1
time=2019-02-18T14:58:40.177+0800`appName=graduation`hostName=localhost`logLevel=DEBUG`==>  Preparing: SELECT relation_id AS relationId,operator_id AS operatorId,role_id AS roleId,deleted,ctime,utime FROM operator_role_relation WHERE operator_id = ? 
time=2019-02-18T14:58:40.178+0800`appName=graduation`hostName=localhost`logLevel=DEBUG`==> Parameters: 15207312(Long)
time=2019-02-18T14:58:40.183+0800`appName=graduation`hostName=localhost`logLevel=DEBUG`<==      Total: 1
time=2019-02-18T14:58:40.197+0800`appName=graduation`hostName=localhost`logLevel=DEBUG`==>  Preparing: SELECT relation_id AS relationId,role_id AS roleId,menu_id AS menuId,status,ctime,utime FROM role_menu_relation WHERE role_id = ? 
time=2019-02-18T14:58:40.198+0800`appName=graduation`hostName=localhost`logLevel=DEBUG`==> Parameters: 1(Long)
time=2019-02-18T14:58:40.203+0800`appName=graduation`hostName=localhost`logLevel=DEBUG`<==      Total: 7
time=2019-02-18T14:58:40.220+0800`appName=graduation`hostName=localhost`logLevel=DEBUG`==>  Preparing: SELECT menu_id AS menuId,title,href,icon,status,parent_id,ctime,utime FROM menu WHERE menu_id IN (?,?,?,?,?,?,?) 
time=2019-02-18T14:58:40.222+0800`appName=graduation`hostName=localhost`logLevel=DEBUG`==> Parameters: 1(Long), 7(Long), 8(Long), 2(Long), 3(Long), 5(Long), 13(Long)
time=2019-02-18T14:58:40.228+0800`appName=graduation`hostName=localhost`logLevel=DEBUG`<==      Total: 7
time=2019-02-18T15:15:40.489+0800`appName=graduation`hostName=localhost`logLevel=DEBUG`==>  Preparing: SELECT relation_id AS relationId,operator_id AS operatorId,role_id AS roleId,deleted,ctime,utime FROM operator_role_relation WHERE operator_id = ? 
time=2019-02-18T15:15:40.490+0800`appName=graduation`hostName=localhost`logLevel=DEBUG`==> Parameters: 15207312(Long)
time=2019-02-18T15:15:40.494+0800`appName=graduation`hostName=localhost`logLevel=DEBUG`<==      Total: 1
time=2019-02-18T15:15:40.496+0800`appName=graduation`hostName=localhost`logLevel=DEBUG`==>  Preparing: SELECT relation_id AS relationId,role_id AS roleId,menu_id AS menuId,status,ctime,utime FROM role_menu_relation WHERE role_id = ? 
time=2019-02-18T15:15:40.497+0800`appName=graduation`hostName=localhost`logLevel=DEBUG`==> Parameters: 1(Long)
time=2019-02-18T15:15:40.505+0800`appName=graduation`hostName=localhost`logLevel=DEBUG`<==      Total: 7
time=2019-02-18T15:15:40.521+0800`appName=graduation`hostName=localhost`logLevel=DEBUG`==>  Preparing: SELECT menu_id AS menuId,title,href,icon,status,parent_id,ctime,utime FROM menu WHERE menu_id IN (?,?,?,?,?,?,?) 
time=2019-02-18T15:15:40.524+0800`appName=graduation`hostName=localhost`logLevel=DEBUG`==> Parameters: 1(Long), 7(Long), 8(Long), 2(Long), 3(Long), 5(Long), 13(Long)
time=2019-02-18T15:15:40.529+0800`appName=graduation`hostName=localhost`logLevel=DEBUG`<==      Total: 7
time=2019-02-18T15:16:09.252+0800`appName=graduation`hostName=localhost`logLevel=DEBUG`==>  Preparing: SELECT relation_id AS relationId,operator_id AS operatorId,role_id AS roleId,deleted,ctime,utime FROM operator_role_relation WHERE operator_id = ? 
time=2019-02-18T15:16:09.253+0800`appName=graduation`hostName=localhost`logLevel=DEBUG`==> Parameters: 15207312(Long)
time=2019-02-18T15:16:09.256+0800`appName=graduation`hostName=localhost`logLevel=DEBUG`<==      Total: 1
time=2019-02-18T15:16:09.259+0800`appName=graduation`hostName=localhost`logLevel=DEBUG`==>  Preparing: SELECT relation_id AS relationId,role_id AS roleId,menu_id AS menuId,status,ctime,utime FROM role_menu_relation WHERE role_id = ? 
time=2019-02-18T15:16:09.260+0800`appName=graduation`hostName=localhost`logLevel=DEBUG`==> Parameters: 1(Long)
time=2019-02-18T15:16:09.267+0800`appName=graduation`hostName=localhost`logLevel=DEBUG`<==      Total: 7
time=2019-02-18T15:16:09.270+0800`appName=graduation`hostName=localhost`logLevel=DEBUG`==>  Preparing: SELECT menu_id AS menuId,title,href,icon,status,parent_id,ctime,utime FROM menu WHERE menu_id IN (?,?,?,?,?,?,?) 
time=2019-02-18T15:16:09.271+0800`appName=graduation`hostName=localhost`logLevel=DEBUG`==> Parameters: 1(Long), 7(Long), 8(Long), 2(Long), 3(Long), 5(Long), 13(Long)
time=2019-02-18T15:16:09.278+0800`appName=graduation`hostName=localhost`logLevel=DEBUG`<==      Total: 7
time=2019-02-18T15:16:39.232+0800`appName=graduation`hostName=localhost`logLevel=DEBUG`==>  Preparing: SELECT relation_id AS relationId,operator_id AS operatorId,role_id AS roleId,deleted,ctime,utime FROM operator_role_relation WHERE operator_id = ? 
time=2019-02-18T15:16:39.233+0800`appName=graduation`hostName=localhost`logLevel=DEBUG`==> Parameters: 15207312(Long)
time=2019-02-18T15:16:39.236+0800`appName=graduation`hostName=localhost`logLevel=DEBUG`<==      Total: 1
time=2019-02-18T15:16:39.238+0800`appName=graduation`hostName=localhost`logLevel=DEBUG`==>  Preparing: SELECT relation_id AS relationId,role_id AS roleId,menu_id AS menuId,status,ctime,utime FROM role_menu_relation WHERE role_id = ? 
time=2019-02-18T15:16:39.239+0800`appName=graduation`hostName=localhost`logLevel=DEBUG`==> Parameters: 1(Long)
time=2019-02-18T15:16:39.242+0800`appName=graduation`hostName=localhost`logLevel=DEBUG`<==      Total: 7
time=2019-02-18T15:16:39.246+0800`appName=graduation`hostName=localhost`logLevel=DEBUG`==>  Preparing: SELECT menu_id AS menuId,title,href,icon,status,parent_id,ctime,utime FROM menu WHERE menu_id IN (?,?,?,?,?,?,?) 
time=2019-02-18T15:16:39.247+0800`appName=graduation`hostName=localhost`logLevel=DEBUG`==> Parameters: 1(Long), 7(Long), 8(Long), 2(Long), 3(Long), 5(Long), 13(Long)
time=2019-02-18T15:16:39.252+0800`appName=graduation`hostName=localhost`logLevel=DEBUG`<==      Total: 7
time=2019-02-18T15:26:33.041+0800`appName=graduation`hostName=localhost`logLevel=DEBUG`==>  Preparing: SELECT relation_id AS relationId,operator_id AS operatorId,role_id AS roleId,deleted,ctime,utime FROM operator_role_relation WHERE operator_id = ? 
time=2019-02-18T15:26:33.101+0800`appName=graduation`hostName=localhost`logLevel=DEBUG`==> Parameters: 15207312(Long)
time=2019-02-18T15:26:33.131+0800`appName=graduation`hostName=localhost`logLevel=DEBUG`<==      Total: 1
time=2019-02-18T15:26:33.146+0800`appName=graduation`hostName=localhost`logLevel=DEBUG`==>  Preparing: SELECT relation_id AS relationId,role_id AS roleId,menu_id AS menuId,status,ctime,utime FROM role_menu_relation WHERE role_id = ? 
time=2019-02-18T15:26:33.147+0800`appName=graduation`hostName=localhost`logLevel=DEBUG`==> Parameters: 1(Long)
time=2019-02-18T15:26:33.152+0800`appName=graduation`hostName=localhost`logLevel=DEBUG`<==      Total: 7
time=2019-02-18T15:26:33.187+0800`appName=graduation`hostName=localhost`logLevel=DEBUG`==>  Preparing: SELECT menu_id AS menuId,title,href,icon,status,parent_id,ctime,utime FROM menu WHERE menu_id IN (?,?,?,?,?,?,?) 
time=2019-02-18T15:26:33.193+0800`appName=graduation`hostName=localhost`logLevel=DEBUG`==> Parameters: 1(Long), 7(Long), 8(Long), 2(Long), 3(Long), 5(Long), 13(Long)
time=2019-02-18T15:26:33.201+0800`appName=graduation`hostName=localhost`logLevel=DEBUG`<==      Total: 7
time=2019-02-18T15:26:54.540+0800`appName=graduation`hostName=localhost`logLevel=DEBUG`==>  Preparing: SELECT operator_id AS operatorId,operator_name AS operatorName,operator_status AS operatorStatus,deleted,mobile,pwd,role_id AS roleId,ctime,utime FROM operator WHERE operator_id=? 
time=2019-02-18T15:26:54.542+0800`appName=graduation`hostName=localhost`logLevel=DEBUG`==> Parameters: 15207312(Long)
time=2019-02-18T15:26:54.555+0800`appName=graduation`hostName=localhost`logLevel=DEBUG`<==      Total: 1
time=2019-02-18T15:26:54.608+0800`appName=graduation`hostName=localhost`logLevel=DEBUG`==>  Preparing: SELECT student_id AS studentId,token,ctime,utime FROM user_web_token WHERE student_id=? 
time=2019-02-18T15:26:54.608+0800`appName=graduation`hostName=localhost`logLevel=DEBUG`==> Parameters: 15207312(Long)
time=2019-02-18T15:26:54.613+0800`appName=graduation`hostName=localhost`logLevel=DEBUG`<==      Total: 1
time=2019-02-18T15:26:54.656+0800`appName=graduation`hostName=localhost`logLevel=DEBUG`==>  Preparing: UPDATE user_web_token SET token=?,utime=? WHERE student_id=? 
time=2019-02-18T15:26:54.658+0800`appName=graduation`hostName=localhost`logLevel=DEBUG`==> Parameters: 4c6345a0-1043-456e-92f9-e356890c2858(String), 1550474814653(Long), 15207312(Long)
time=2019-02-18T15:26:54.662+0800`appName=graduation`hostName=localhost`logLevel=DEBUG`<==    Updates: 1
time=2019-02-18T15:26:55.371+0800`appName=graduation`hostName=localhost`logLevel=DEBUG`==>  Preparing: SELECT relation_id AS relationId,operator_id AS operatorId,role_id AS roleId,deleted,ctime,utime FROM operator_role_relation WHERE operator_id = ? 
time=2019-02-18T15:26:55.373+0800`appName=graduation`hostName=localhost`logLevel=DEBUG`==> Parameters: 15207312(Long)
time=2019-02-18T15:26:55.376+0800`appName=graduation`hostName=localhost`logLevel=DEBUG`<==      Total: 1
time=2019-02-18T15:26:55.378+0800`appName=graduation`hostName=localhost`logLevel=DEBUG`==>  Preparing: SELECT relation_id AS relationId,role_id AS roleId,menu_id AS menuId,status,ctime,utime FROM role_menu_relation WHERE role_id = ? 
time=2019-02-18T15:26:55.379+0800`appName=graduation`hostName=localhost`logLevel=DEBUG`==> Parameters: 1(Long)
time=2019-02-18T15:26:55.382+0800`appName=graduation`hostName=localhost`logLevel=DEBUG`<==      Total: 7
time=2019-02-18T15:26:55.388+0800`appName=graduation`hostName=localhost`logLevel=DEBUG`==>  Preparing: SELECT menu_id AS menuId,title,href,icon,status,parent_id,ctime,utime FROM menu WHERE menu_id IN (?,?,?,?,?,?,?) 
time=2019-02-18T15:26:55.390+0800`appName=graduation`hostName=localhost`logLevel=DEBUG`==> Parameters: 1(Long), 7(Long), 8(Long), 2(Long), 3(Long), 5(Long), 13(Long)
time=2019-02-18T15:26:55.394+0800`appName=graduation`hostName=localhost`logLevel=DEBUG`<==      Total: 7
time=2019-02-18T15:28:37.132+0800`appName=graduation`hostName=localhost`logLevel=DEBUG`==>  Preparing: SELECT menu_id AS menuId,title,href,icon,status,parent_id,ctime,utime FROM menu WHERE parent_id = ? 
time=2019-02-18T15:28:37.133+0800`appName=graduation`hostName=localhost`logLevel=DEBUG`==> Parameters: 0(Integer)
time=2019-02-18T15:28:37.139+0800`appName=graduation`hostName=localhost`logLevel=DEBUG`<==      Total: 4
time=2019-02-18T15:28:37.226+0800`appName=graduation`hostName=localhost`logLevel=DEBUG`==>  Preparing: SELECT COUNT(1) FROM menu 
time=2019-02-18T15:28:37.227+0800`appName=graduation`hostName=localhost`logLevel=DEBUG`==> Parameters: 
time=2019-02-18T15:28:37.233+0800`appName=graduation`hostName=localhost`logLevel=DEBUG`==>  Preparing: SELECT menu_id AS menuId,title,href,icon,status,parent_id,ctime,utime FROM menu LIMIT 0,10 
time=2019-02-18T15:28:37.234+0800`appName=graduation`hostName=localhost`logLevel=DEBUG`==> Parameters: 
time=2019-02-18T15:28:37.237+0800`appName=graduation`hostName=localhost`logLevel=DEBUG`<==      Total: 10
time=2019-02-18T15:28:38.657+0800`appName=graduation`hostName=localhost`logLevel=DEBUG`==>  Preparing: SELECT role_id AS roleId,role_name AS roleName,remark,deleted,ctime,utime FROM role 
time=2019-02-18T15:28:38.658+0800`appName=graduation`hostName=localhost`logLevel=DEBUG`==> Parameters: 
time=2019-02-18T15:28:38.664+0800`appName=graduation`hostName=localhost`logLevel=DEBUG`<==      Total: 5
time=2019-02-18T15:28:45.006+0800`appName=graduation`hostName=localhost`logLevel=DEBUG`==>  Preparing: SELECT menu_id AS menuId,title,href,icon,status,parent_id,ctime,utime FROM menu 
time=2019-02-18T15:28:45.006+0800`appName=graduation`hostName=localhost`logLevel=DEBUG`==> Parameters: 
time=2019-02-18T15:28:45.010+0800`appName=graduation`hostName=localhost`logLevel=DEBUG`<==      Total: 11
time=2019-02-18T15:28:45.134+0800`appName=graduation`hostName=localhost`logLevel=DEBUG`==>  Preparing: SELECT relation_id AS relationId,role_id AS roleId,menu_id AS menuId,status,ctime,utime FROM role_menu_relation WHERE role_id = ? 
time=2019-02-18T15:28:45.134+0800`appName=graduation`hostName=localhost`logLevel=DEBUG`==> Parameters: 1(Long)
time=2019-02-18T15:28:45.139+0800`appName=graduation`hostName=localhost`logLevel=DEBUG`<==      Total: 7
time=2019-02-18T15:28:50.763+0800`appName=graduation`hostName=localhost`logLevel=DEBUG`==>  Preparing: SELECT relation_id AS relationId,role_id AS roleId,menu_id AS menuId,status,ctime,utime FROM role_menu_relation WHERE role_id = ? 
time=2019-02-18T15:28:50.764+0800`appName=graduation`hostName=localhost`logLevel=DEBUG`==> Parameters: 1(Long)
time=2019-02-18T15:28:50.768+0800`appName=graduation`hostName=localhost`logLevel=DEBUG`<==      Total: 7
time=2019-02-18T15:28:50.776+0800`appName=graduation`hostName=localhost`logLevel=DEBUG`==>  Preparing: DELETE FROM role_menu_relation WHERE relation_id IN ( ? , ? , ? , ? , ? , ? , ? ) 
time=2019-02-18T15:28:50.778+0800`appName=graduation`hostName=localhost`logLevel=DEBUG`==> Parameters: 35(Long), 36(Long), 37(Long), 38(Long), 39(Long), 40(Long), 41(Long)
time=2019-02-18T15:28:50.782+0800`appName=graduation`hostName=localhost`logLevel=DEBUG`<==    Updates: 7
time=2019-02-18T15:28:50.786+0800`appName=graduation`hostName=localhost`logLevel=DEBUG`==>  Preparing: INSERT INTO role_menu_relation ( role_id,menu_id,ctime,utime ) VALUES ( ?,?,?,? ) 
time=2019-02-18T15:28:50.787+0800`appName=graduation`hostName=localhost`logLevel=DEBUG`==> Parameters: 1(Long), 1(Long), 1550474930785(Long), 1550474930785(Long)
time=2019-02-18T15:28:50.789+0800`appName=graduation`hostName=localhost`logLevel=DEBUG`<==    Updates: 1
time=2019-02-18T15:28:50.791+0800`appName=graduation`hostName=localhost`logLevel=DEBUG`==>  Preparing: INSERT INTO role_menu_relation ( role_id,menu_id,ctime,utime ) VALUES ( ?,?,?,? ) 
time=2019-02-18T15:28:50.792+0800`appName=graduation`hostName=localhost`logLevel=DEBUG`==> Parameters: 1(Long), 7(Long), 1550474930790(Long), 1550474930790(Long)
time=2019-02-18T15:28:50.793+0800`appName=graduation`hostName=localhost`logLevel=DEBUG`<==    Updates: 1
time=2019-02-18T15:28:50.795+0800`appName=graduation`hostName=localhost`logLevel=DEBUG`==>  Preparing: INSERT INTO role_menu_relation ( role_id,menu_id,ctime,utime ) VALUES ( ?,?,?,? ) 
time=2019-02-18T15:28:50.796+0800`appName=graduation`hostName=localhost`logLevel=DEBUG`==> Parameters: 1(Long), 8(Long), 1550474930794(Long), 1550474930794(Long)
time=2019-02-18T15:28:50.798+0800`appName=graduation`hostName=localhost`logLevel=DEBUG`<==    Updates: 1
time=2019-02-18T15:28:50.799+0800`appName=graduation`hostName=localhost`logLevel=DEBUG`==>  Preparing: INSERT INTO role_menu_relation ( role_id,menu_id,ctime,utime ) VALUES ( ?,?,?,? ) 
time=2019-02-18T15:28:50.800+0800`appName=graduation`hostName=localhost`logLevel=DEBUG`==> Parameters: 1(Long), 2(Long), 1550474930798(Long), 1550474930798(Long)
time=2019-02-18T15:28:50.801+0800`appName=graduation`hostName=localhost`logLevel=DEBUG`<==    Updates: 1
time=2019-02-18T15:28:50.802+0800`appName=graduation`hostName=localhost`logLevel=DEBUG`==>  Preparing: INSERT INTO role_menu_relation ( role_id,menu_id,ctime,utime ) VALUES ( ?,?,?,? ) 
time=2019-02-18T15:28:50.803+0800`appName=graduation`hostName=localhost`logLevel=DEBUG`==> Parameters: 1(Long), 3(Long), 1550474930801(Long), 1550474930801(Long)
time=2019-02-18T15:28:50.804+0800`appName=graduation`hostName=localhost`logLevel=DEBUG`<==    Updates: 1
time=2019-02-18T15:28:50.805+0800`appName=graduation`hostName=localhost`logLevel=DEBUG`==>  Preparing: INSERT INTO role_menu_relation ( role_id,menu_id,ctime,utime ) VALUES ( ?,?,?,? ) 
time=2019-02-18T15:28:50.806+0800`appName=graduation`hostName=localhost`logLevel=DEBUG`==> Parameters: 1(Long), 5(Long), 1550474930805(Long), 1550474930805(Long)
time=2019-02-18T15:28:50.807+0800`appName=graduation`hostName=localhost`logLevel=DEBUG`<==    Updates: 1
time=2019-02-18T15:28:50.809+0800`appName=graduation`hostName=localhost`logLevel=DEBUG`==>  Preparing: INSERT INTO role_menu_relation ( role_id,menu_id,ctime,utime ) VALUES ( ?,?,?,? ) 
time=2019-02-18T15:28:50.810+0800`appName=graduation`hostName=localhost`logLevel=DEBUG`==> Parameters: 1(Long), 13(Long), 1550474930808(Long), 1550474930808(Long)
time=2019-02-18T15:28:50.812+0800`appName=graduation`hostName=localhost`logLevel=DEBUG`<==    Updates: 1
time=2019-02-18T15:28:50.813+0800`appName=graduation`hostName=localhost`logLevel=DEBUG`==>  Preparing: INSERT INTO role_menu_relation ( role_id,menu_id,ctime,utime ) VALUES ( ?,?,?,? ) 
time=2019-02-18T15:28:50.814+0800`appName=graduation`hostName=localhost`logLevel=DEBUG`==> Parameters: 1(Long), 14(Long), 1550474930811(Long), 1550474930811(Long)
time=2019-02-18T15:28:50.815+0800`appName=graduation`hostName=localhost`logLevel=DEBUG`<==    Updates: 1
time=2019-02-18T15:28:50.816+0800`appName=graduation`hostName=localhost`logLevel=DEBUG`==>  Preparing: INSERT INTO role_menu_relation ( role_id,menu_id,ctime,utime ) VALUES ( ?,?,?,? ) 
time=2019-02-18T15:28:50.816+0800`appName=graduation`hostName=localhost`logLevel=DEBUG`==> Parameters: 1(Long), 15(Long), 1550474930815(Long), 1550474930815(Long)
time=2019-02-18T15:28:50.817+0800`appName=graduation`hostName=localhost`logLevel=DEBUG`<==    Updates: 1
time=2019-02-18T15:28:53.503+0800`appName=graduation`hostName=localhost`logLevel=DEBUG`==>  Preparing: SELECT relation_id AS relationId,operator_id AS operatorId,role_id AS roleId,deleted,ctime,utime FROM operator_role_relation WHERE operator_id = ? 
time=2019-02-18T15:28:53.504+0800`appName=graduation`hostName=localhost`logLevel=DEBUG`==> Parameters: 15207312(Long)
time=2019-02-18T15:28:53.507+0800`appName=graduation`hostName=localhost`logLevel=DEBUG`<==      Total: 1
time=2019-02-18T15:28:53.511+0800`appName=graduation`hostName=localhost`logLevel=DEBUG`==>  Preparing: SELECT relation_id AS relationId,role_id AS roleId,menu_id AS menuId,status,ctime,utime FROM role_menu_relation WHERE role_id = ? 
time=2019-02-18T15:28:53.513+0800`appName=graduation`hostName=localhost`logLevel=DEBUG`==> Parameters: 1(Long)
time=2019-02-18T15:28:53.517+0800`appName=graduation`hostName=localhost`logLevel=DEBUG`<==      Total: 9
time=2019-02-18T15:28:53.521+0800`appName=graduation`hostName=localhost`logLevel=DEBUG`==>  Preparing: SELECT menu_id AS menuId,title,href,icon,status,parent_id,ctime,utime FROM menu WHERE menu_id IN (?,?,?,?,?,?,?,?,?) 
time=2019-02-18T15:28:53.521+0800`appName=graduation`hostName=localhost`logLevel=DEBUG`==> Parameters: 1(Long), 7(Long), 8(Long), 2(Long), 3(Long), 5(Long), 13(Long), 14(Long), 15(Long)
time=2019-02-18T15:28:53.525+0800`appName=graduation`hostName=localhost`logLevel=DEBUG`<==      Total: 9
time=2019-02-18T15:29:33.400+0800`appName=graduation`hostName=localhost`logLevel=DEBUG`==>  Preparing: SELECT relation_id AS relationId,operator_id AS operatorId,role_id AS roleId,deleted,ctime,utime FROM operator_role_relation WHERE operator_id = ? 
time=2019-02-18T15:29:33.488+0800`appName=graduation`hostName=localhost`logLevel=DEBUG`==> Parameters: 15207312(Long)
time=2019-02-18T15:29:33.518+0800`appName=graduation`hostName=localhost`logLevel=DEBUG`<==      Total: 1
time=2019-02-18T15:29:33.533+0800`appName=graduation`hostName=localhost`logLevel=DEBUG`==>  Preparing: SELECT relation_id AS relationId,role_id AS roleId,menu_id AS menuId,status,ctime,utime FROM role_menu_relation WHERE role_id = ? 
time=2019-02-18T15:29:33.534+0800`appName=graduation`hostName=localhost`logLevel=DEBUG`==> Parameters: 1(Long)
time=2019-02-18T15:29:33.540+0800`appName=graduation`hostName=localhost`logLevel=DEBUG`<==      Total: 9
time=2019-02-18T15:29:33.561+0800`appName=graduation`hostName=localhost`logLevel=DEBUG`==>  Preparing: SELECT menu_id AS menuId,title,href,icon,status,parent_id,ctime,utime FROM menu WHERE menu_id IN (?,?,?,?,?,?,?,?,?) 
time=2019-02-18T15:29:33.564+0800`appName=graduation`hostName=localhost`logLevel=DEBUG`==> Parameters: 1(Long), 7(Long), 8(Long), 2(Long), 3(Long), 5(Long), 13(Long), 14(Long), 15(Long)
time=2019-02-18T15:29:33.573+0800`appName=graduation`hostName=localhost`logLevel=DEBUG`<==      Total: 9
time=2019-02-18T15:29:49.508+0800`appName=graduation`hostName=localhost`logLevel=DEBUG`==>  Preparing: SELECT relation_id AS relationId,operator_id AS operatorId,role_id AS roleId,deleted,ctime,utime FROM operator_role_relation WHERE operator_id = ? 
time=2019-02-18T15:29:49.509+0800`appName=graduation`hostName=localhost`logLevel=DEBUG`==> Parameters: 15207312(Long)
time=2019-02-18T15:29:49.512+0800`appName=graduation`hostName=localhost`logLevel=DEBUG`<==      Total: 1
time=2019-02-18T15:29:49.515+0800`appName=graduation`hostName=localhost`logLevel=DEBUG`==>  Preparing: SELECT relation_id AS relationId,role_id AS roleId,menu_id AS menuId,status,ctime,utime FROM role_menu_relation WHERE role_id = ? 
time=2019-02-18T15:29:49.516+0800`appName=graduation`hostName=localhost`logLevel=DEBUG`==> Parameters: 1(Long)
time=2019-02-18T15:29:49.523+0800`appName=graduation`hostName=localhost`logLevel=DEBUG`<==      Total: 9
time=2019-02-18T15:29:49.527+0800`appName=graduation`hostName=localhost`logLevel=DEBUG`==>  Preparing: SELECT menu_id AS menuId,title,href,icon,status,parent_id,ctime,utime FROM menu WHERE menu_id IN (?,?,?,?,?,?,?,?,?) 
time=2019-02-18T15:29:49.529+0800`appName=graduation`hostName=localhost`logLevel=DEBUG`==> Parameters: 1(Long), 7(Long), 8(Long), 2(Long), 3(Long), 5(Long), 13(Long), 14(Long), 15(Long)
time=2019-02-18T15:29:49.535+0800`appName=graduation`hostName=localhost`logLevel=DEBUG`<==      Total: 9
time=2019-02-18T15:34:35.755+0800`appName=graduation`hostName=localhost`logLevel=DEBUG`==>  Preparing: SELECT relation_id AS relationId,operator_id AS operatorId,role_id AS roleId,deleted,ctime,utime FROM operator_role_relation WHERE operator_id = ? 
time=2019-02-18T15:34:35.756+0800`appName=graduation`hostName=localhost`logLevel=DEBUG`==> Parameters: 15207312(Long)
time=2019-02-18T15:34:35.760+0800`appName=graduation`hostName=localhost`logLevel=DEBUG`<==      Total: 1
time=2019-02-18T15:34:35.763+0800`appName=graduation`hostName=localhost`logLevel=DEBUG`==>  Preparing: SELECT relation_id AS relationId,role_id AS roleId,menu_id AS menuId,status,ctime,utime FROM role_menu_relation WHERE role_id = ? 
time=2019-02-18T15:34:35.764+0800`appName=graduation`hostName=localhost`logLevel=DEBUG`==> Parameters: 1(Long)
time=2019-02-18T15:34:35.767+0800`appName=graduation`hostName=localhost`logLevel=DEBUG`<==      Total: 9
time=2019-02-18T15:34:35.770+0800`appName=graduation`hostName=localhost`logLevel=DEBUG`==>  Preparing: SELECT menu_id AS menuId,title,href,icon,status,parent_id,ctime,utime FROM menu WHERE menu_id IN (?,?,?,?,?,?,?,?,?) 
time=2019-02-18T15:34:35.772+0800`appName=graduation`hostName=localhost`logLevel=DEBUG`==> Parameters: 1(Long), 7(Long), 8(Long), 2(Long), 3(Long), 5(Long), 13(Long), 14(Long), 15(Long)
time=2019-02-18T15:34:35.778+0800`appName=graduation`hostName=localhost`logLevel=DEBUG`<==      Total: 9
time=2019-02-18T15:39:29.620+0800`appName=graduation`hostName=localhost`logLevel=DEBUG`==>  Preparing: SELECT relation_id AS relationId,operator_id AS operatorId,role_id AS roleId,deleted,ctime,utime FROM operator_role_relation WHERE operator_id = ? 
time=2019-02-18T15:39:29.662+0800`appName=graduation`hostName=localhost`logLevel=DEBUG`==> Parameters: 15207312(Long)
time=2019-02-18T15:39:29.688+0800`appName=graduation`hostName=localhost`logLevel=DEBUG`<==      Total: 1
time=2019-02-18T15:39:29.701+0800`appName=graduation`hostName=localhost`logLevel=DEBUG`==>  Preparing: SELECT relation_id AS relationId,role_id AS roleId,menu_id AS menuId,status,ctime,utime FROM role_menu_relation WHERE role_id = ? 
time=2019-02-18T15:39:29.702+0800`appName=graduation`hostName=localhost`logLevel=DEBUG`==> Parameters: 1(Long)
time=2019-02-18T15:39:29.707+0800`appName=graduation`hostName=localhost`logLevel=DEBUG`<==      Total: 9
time=2019-02-18T15:39:29.724+0800`appName=graduation`hostName=localhost`logLevel=DEBUG`==>  Preparing: SELECT menu_id AS menuId,title,href,icon,status,parent_id,ctime,utime FROM menu WHERE menu_id IN (?,?,?,?,?,?,?,?,?) 
time=2019-02-18T15:39:29.726+0800`appName=graduation`hostName=localhost`logLevel=DEBUG`==> Parameters: 1(Long), 7(Long), 8(Long), 2(Long), 3(Long), 5(Long), 13(Long), 14(Long), 15(Long)
time=2019-02-18T15:39:29.735+0800`appName=graduation`hostName=localhost`logLevel=DEBUG`<==      Total: 9
time=2019-02-18T15:39:33.813+0800`appName=graduation`hostName=localhost`logLevel=DEBUG`==>  Preparing: SELECT menu_id AS menuId,title,href,icon,status,parent_id,ctime,utime FROM menu WHERE parent_id = ? 
time=2019-02-18T15:39:33.814+0800`appName=graduation`hostName=localhost`logLevel=DEBUG`==> Parameters: 0(Integer)
time=2019-02-18T15:39:33.817+0800`appName=graduation`hostName=localhost`logLevel=DEBUG`<==      Total: 4
time=2019-02-18T15:39:33.827+0800`appName=graduation`hostName=localhost`logLevel=DEBUG`==>  Preparing: SELECT role_id AS roleId,role_name AS roleName,remark,deleted,ctime,utime FROM role 
time=2019-02-18T15:39:33.828+0800`appName=graduation`hostName=localhost`logLevel=DEBUG`==> Parameters: 
time=2019-02-18T15:39:33.834+0800`appName=graduation`hostName=localhost`logLevel=DEBUG`<==      Total: 5
time=2019-02-18T15:39:33.891+0800`appName=graduation`hostName=localhost`logLevel=DEBUG`==>  Preparing: SELECT COUNT(1) FROM menu 
time=2019-02-18T15:39:33.891+0800`appName=graduation`hostName=localhost`logLevel=DEBUG`==> Parameters: 
time=2019-02-18T15:39:33.898+0800`appName=graduation`hostName=localhost`logLevel=DEBUG`==>  Preparing: SELECT menu_id AS menuId,title,href,icon,status,parent_id,ctime,utime FROM menu LIMIT 0,10 
time=2019-02-18T15:39:33.898+0800`appName=graduation`hostName=localhost`logLevel=DEBUG`==> Parameters: 
time=2019-02-18T15:39:33.905+0800`appName=graduation`hostName=localhost`logLevel=DEBUG`<==      Total: 10
time=2019-02-18T15:41:29.587+0800`appName=graduation`hostName=localhost`logLevel=DEBUG`==>  Preparing: SELECT menu_id AS menuId,title,href,icon,status,parent_id,ctime,utime FROM menu WHERE parent_id = ? 
time=2019-02-18T15:41:29.588+0800`appName=graduation`hostName=localhost`logLevel=DEBUG`==> Parameters: 0(Integer)
time=2019-02-18T15:41:29.591+0800`appName=graduation`hostName=localhost`logLevel=DEBUG`<==      Total: 4
time=2019-02-18T15:41:29.616+0800`appName=graduation`hostName=localhost`logLevel=DEBUG`==>  Preparing: SELECT COUNT(1) FROM menu 
time=2019-02-18T15:41:29.617+0800`appName=graduation`hostName=localhost`logLevel=DEBUG`==> Parameters: 
time=2019-02-18T15:41:29.622+0800`appName=graduation`hostName=localhost`logLevel=DEBUG`==>  Preparing: SELECT menu_id AS menuId,title,href,icon,status,parent_id,ctime,utime FROM menu LIMIT 0,10 
time=2019-02-18T15:41:29.623+0800`appName=graduation`hostName=localhost`logLevel=DEBUG`==> Parameters: 
time=2019-02-18T15:41:29.626+0800`appName=graduation`hostName=localhost`logLevel=DEBUG`<==      Total: 10
time=2019-02-18T15:43:40.582+0800`appName=graduation`hostName=localhost`logLevel=DEBUG`==>  Preparing: INSERT INTO menu ( title,href,icon,status,parent_id,ctime,utime ) VALUES ( ?,?,?,?,?,?,? ) 
time=2019-02-18T15:43:40.583+0800`appName=graduation`hostName=localhost`logLevel=DEBUG`==> Parameters: 招聘管理(String), #(String), 0(String), 0(Integer), 0(Long), 1550475820580(Long), 1550475820580(Long)
time=2019-02-18T15:43:40.590+0800`appName=graduation`hostName=localhost`logLevel=DEBUG`<==    Updates: 1
time=2019-02-18T15:43:40.635+0800`appName=graduation`hostName=localhost`logLevel=DEBUG`==>  Preparing: SELECT COUNT(1) FROM menu 
time=2019-02-18T15:43:40.635+0800`appName=graduation`hostName=localhost`logLevel=DEBUG`==> Parameters: 
time=2019-02-18T15:43:40.639+0800`appName=graduation`hostName=localhost`logLevel=DEBUG`==>  Preparing: SELECT menu_id AS menuId,title,href,icon,status,parent_id,ctime,utime FROM menu LIMIT 0,10 
time=2019-02-18T15:43:40.640+0800`appName=graduation`hostName=localhost`logLevel=DEBUG`==> Parameters: 
time=2019-02-18T15:43:40.645+0800`appName=graduation`hostName=localhost`logLevel=DEBUG`<==      Total: 10
time=2019-02-18T15:43:58.465+0800`appName=graduation`hostName=localhost`logLevel=DEBUG`==>  Preparing: SELECT relation_id AS relationId,operator_id AS operatorId,role_id AS roleId,deleted,ctime,utime FROM operator_role_relation WHERE operator_id = ? 
time=2019-02-18T15:43:58.465+0800`appName=graduation`hostName=localhost`logLevel=DEBUG`==> Parameters: 15207312(Long)
time=2019-02-18T15:43:58.467+0800`appName=graduation`hostName=localhost`logLevel=DEBUG`<==      Total: 1
time=2019-02-18T15:43:58.469+0800`appName=graduation`hostName=localhost`logLevel=DEBUG`==>  Preparing: SELECT relation_id AS relationId,role_id AS roleId,menu_id AS menuId,status,ctime,utime FROM role_menu_relation WHERE role_id = ? 
time=2019-02-18T15:43:58.470+0800`appName=graduation`hostName=localhost`logLevel=DEBUG`==> Parameters: 1(Long)
time=2019-02-18T15:43:58.476+0800`appName=graduation`hostName=localhost`logLevel=DEBUG`<==      Total: 9
time=2019-02-18T15:43:58.479+0800`appName=graduation`hostName=localhost`logLevel=DEBUG`==>  Preparing: SELECT menu_id AS menuId,title,href,icon,status,parent_id,ctime,utime FROM menu WHERE menu_id IN (?,?,?,?,?,?,?,?,?) 
time=2019-02-18T15:43:58.481+0800`appName=graduation`hostName=localhost`logLevel=DEBUG`==> Parameters: 1(Long), 7(Long), 8(Long), 2(Long), 3(Long), 5(Long), 13(Long), 14(Long), 15(Long)
time=2019-02-18T15:43:58.485+0800`appName=graduation`hostName=localhost`logLevel=DEBUG`<==      Total: 9
time=2019-02-18T15:43:58.717+0800`appName=graduation`hostName=localhost`logLevel=DEBUG`==>  Preparing: SELECT menu_id AS menuId,title,href,icon,status,parent_id,ctime,utime FROM menu WHERE parent_id = ? 
time=2019-02-18T15:43:58.718+0800`appName=graduation`hostName=localhost`logLevel=DEBUG`==> Parameters: 0(Integer)
time=2019-02-18T15:43:58.722+0800`appName=graduation`hostName=localhost`logLevel=DEBUG`<==      Total: 5
time=2019-02-18T15:43:58.746+0800`appName=graduation`hostName=localhost`logLevel=DEBUG`==>  Preparing: SELECT COUNT(1) FROM menu 
time=2019-02-18T15:43:58.747+0800`appName=graduation`hostName=localhost`logLevel=DEBUG`==> Parameters: 
time=2019-02-18T15:43:58.749+0800`appName=graduation`hostName=localhost`logLevel=DEBUG`==>  Preparing: SELECT menu_id AS menuId,title,href,icon,status,parent_id,ctime,utime FROM menu LIMIT 0,10 
time=2019-02-18T15:43:58.750+0800`appName=graduation`hostName=localhost`logLevel=DEBUG`==> Parameters: 
time=2019-02-18T15:43:58.753+0800`appName=graduation`hostName=localhost`logLevel=DEBUG`<==      Total: 10
time=2019-02-18T15:44:31.780+0800`appName=graduation`hostName=localhost`logLevel=DEBUG`==>  Preparing: INSERT INTO menu ( title,href,icon,status,parent_id,ctime,utime ) VALUES ( ?,?,?,?,?,?,? ) 
time=2019-02-18T15:44:31.782+0800`appName=graduation`hostName=localhost`logLevel=DEBUG`==> Parameters: 招聘单位(String), pages/recruit.html(String), 0(String), 0(Integer), 17(Long), 1550475871777(Long), 1550475871777(Long)
time=2019-02-18T15:44:31.788+0800`appName=graduation`hostName=localhost`logLevel=DEBUG`<==    Updates: 1
time=2019-02-18T15:44:31.834+0800`appName=graduation`hostName=localhost`logLevel=DEBUG`==>  Preparing: SELECT COUNT(1) FROM menu 
time=2019-02-18T15:44:31.834+0800`appName=graduation`hostName=localhost`logLevel=DEBUG`==> Parameters: 
time=2019-02-18T15:44:31.838+0800`appName=graduation`hostName=localhost`logLevel=DEBUG`==>  Preparing: SELECT menu_id AS menuId,title,href,icon,status,parent_id,ctime,utime FROM menu LIMIT 0,10 
time=2019-02-18T15:44:31.839+0800`appName=graduation`hostName=localhost`logLevel=DEBUG`==> Parameters: 
time=2019-02-18T15:44:31.844+0800`appName=graduation`hostName=localhost`logLevel=DEBUG`<==      Total: 10
time=2019-02-18T15:45:07.289+0800`appName=graduation`hostName=localhost`logLevel=DEBUG`==>  Preparing: INSERT INTO menu ( title,href,icon,status,parent_id,ctime,utime ) VALUES ( ?,?,?,?,?,?,? ) 
time=2019-02-18T15:45:07.290+0800`appName=graduation`hostName=localhost`logLevel=DEBUG`==> Parameters: 招聘职位(String), pages/recruit_unit.html(String), 0(String), 0(Integer), 17(Long), 1550475907287(Long), 1550475907287(Long)
time=2019-02-18T15:45:07.296+0800`appName=graduation`hostName=localhost`logLevel=DEBUG`<==    Updates: 1
time=2019-02-18T15:45:07.353+0800`appName=graduation`hostName=localhost`logLevel=DEBUG`==>  Preparing: SELECT COUNT(1) FROM menu 
time=2019-02-18T15:45:07.354+0800`appName=graduation`hostName=localhost`logLevel=DEBUG`==> Parameters: 
time=2019-02-18T15:45:07.357+0800`appName=graduation`hostName=localhost`logLevel=DEBUG`==>  Preparing: SELECT menu_id AS menuId,title,href,icon,status,parent_id,ctime,utime FROM menu LIMIT 0,10 
time=2019-02-18T15:45:07.358+0800`appName=graduation`hostName=localhost`logLevel=DEBUG`==> Parameters: 
time=2019-02-18T15:45:07.362+0800`appName=graduation`hostName=localhost`logLevel=DEBUG`<==      Total: 10
time=2019-02-18T15:45:10.099+0800`appName=graduation`hostName=localhost`logLevel=DEBUG`==>  Preparing: SELECT COUNT(1) FROM menu 
time=2019-02-18T15:45:10.099+0800`appName=graduation`hostName=localhost`logLevel=DEBUG`==> Parameters: 
time=2019-02-18T15:45:10.101+0800`appName=graduation`hostName=localhost`logLevel=DEBUG`==>  Preparing: SELECT menu_id AS menuId,title,href,icon,status,parent_id,ctime,utime FROM menu LIMIT 10,10 
time=2019-02-18T15:45:10.102+0800`appName=graduation`hostName=localhost`logLevel=DEBUG`==> Parameters: 
time=2019-02-18T15:45:10.105+0800`appName=graduation`hostName=localhost`logLevel=DEBUG`<==      Total: 4
time=2019-02-18T15:45:13.853+0800`appName=graduation`hostName=localhost`logLevel=DEBUG`==>  Preparing: SELECT COUNT(1) FROM menu 
time=2019-02-18T15:45:13.854+0800`appName=graduation`hostName=localhost`logLevel=DEBUG`==> Parameters: 
time=2019-02-18T15:45:13.860+0800`appName=graduation`hostName=localhost`logLevel=DEBUG`==>  Preparing: SELECT menu_id AS menuId,title,href,icon,status,parent_id,ctime,utime FROM menu LIMIT 0,10 
time=2019-02-18T15:45:13.860+0800`appName=graduation`hostName=localhost`logLevel=DEBUG`==> Parameters: 
time=2019-02-18T15:45:13.863+0800`appName=graduation`hostName=localhost`logLevel=DEBUG`<==      Total: 10
time=2019-02-18T15:45:17.046+0800`appName=graduation`hostName=localhost`logLevel=DEBUG`==>  Preparing: SELECT role_id AS roleId,role_name AS roleName,remark,deleted,ctime,utime FROM role 
time=2019-02-18T15:45:17.047+0800`appName=graduation`hostName=localhost`logLevel=DEBUG`==> Parameters: 
time=2019-02-18T15:45:17.050+0800`appName=graduation`hostName=localhost`logLevel=DEBUG`<==      Total: 5
time=2019-02-18T15:45:19.128+0800`appName=graduation`hostName=localhost`logLevel=DEBUG`==>  Preparing: SELECT menu_id AS menuId,title,href,icon,status,parent_id,ctime,utime FROM menu 
time=2019-02-18T15:45:19.129+0800`appName=graduation`hostName=localhost`logLevel=DEBUG`==> Parameters: 
time=2019-02-18T15:45:19.131+0800`appName=graduation`hostName=localhost`logLevel=DEBUG`<==      Total: 14
time=2019-02-18T15:45:19.265+0800`appName=graduation`hostName=localhost`logLevel=DEBUG`==>  Preparing: SELECT relation_id AS relationId,role_id AS roleId,menu_id AS menuId,status,ctime,utime FROM role_menu_relation WHERE role_id = ? 
time=2019-02-18T15:45:19.266+0800`appName=graduation`hostName=localhost`logLevel=DEBUG`==> Parameters: 1(Long)
time=2019-02-18T15:45:19.269+0800`appName=graduation`hostName=localhost`logLevel=DEBUG`<==      Total: 9
time=2019-02-18T15:45:27.333+0800`appName=graduation`hostName=localhost`logLevel=DEBUG`==>  Preparing: SELECT relation_id AS relationId,role_id AS roleId,menu_id AS menuId,status,ctime,utime FROM role_menu_relation WHERE role_id = ? 
time=2019-02-18T15:45:27.334+0800`appName=graduation`hostName=localhost`logLevel=DEBUG`==> Parameters: 1(Long)
time=2019-02-18T15:45:27.336+0800`appName=graduation`hostName=localhost`logLevel=DEBUG`<==      Total: 9
time=2019-02-18T15:45:27.343+0800`appName=graduation`hostName=localhost`logLevel=DEBUG`==>  Preparing: DELETE FROM role_menu_relation WHERE relation_id IN ( ? , ? , ? , ? , ? , ? , ? , ? , ? ) 
time=2019-02-18T15:45:27.343+0800`appName=graduation`hostName=localhost`logLevel=DEBUG`==> Parameters: 43(Long), 44(Long), 45(Long), 46(Long), 47(Long), 48(Long), 49(Long), 50(Long), 51(Long)
time=2019-02-18T15:45:27.346+0800`appName=graduation`hostName=localhost`logLevel=DEBUG`<==    Updates: 9
time=2019-02-18T15:45:27.349+0800`appName=graduation`hostName=localhost`logLevel=DEBUG`==>  Preparing: INSERT INTO role_menu_relation ( role_id,menu_id,ctime,utime ) VALUES ( ?,?,?,? ) 
time=2019-02-18T15:45:27.349+0800`appName=graduation`hostName=localhost`logLevel=DEBUG`==> Parameters: 1(Long), 1(Long), 1550475927348(Long), 1550475927348(Long)
time=2019-02-18T15:45:27.352+0800`appName=graduation`hostName=localhost`logLevel=DEBUG`<==    Updates: 1
time=2019-02-18T15:45:27.354+0800`appName=graduation`hostName=localhost`logLevel=DEBUG`==>  Preparing: INSERT INTO role_menu_relation ( role_id,menu_id,ctime,utime ) VALUES ( ?,?,?,? ) 
time=2019-02-18T15:45:27.354+0800`appName=graduation`hostName=localhost`logLevel=DEBUG`==> Parameters: 1(Long), 7(Long), 1550475927353(Long), 1550475927353(Long)
time=2019-02-18T15:45:27.356+0800`appName=graduation`hostName=localhost`logLevel=DEBUG`<==    Updates: 1
time=2019-02-18T15:45:27.358+0800`appName=graduation`hostName=localhost`logLevel=DEBUG`==>  Preparing: INSERT INTO role_menu_relation ( role_id,menu_id,ctime,utime ) VALUES ( ?,?,?,? ) 
time=2019-02-18T15:45:27.358+0800`appName=graduation`hostName=localhost`logLevel=DEBUG`==> Parameters: 1(Long), 8(Long), 1550475927357(Long), 1550475927357(Long)
time=2019-02-18T15:45:27.360+0800`appName=graduation`hostName=localhost`logLevel=DEBUG`<==    Updates: 1
time=2019-02-18T15:45:27.361+0800`appName=graduation`hostName=localhost`logLevel=DEBUG`==>  Preparing: INSERT INTO role_menu_relation ( role_id,menu_id,ctime,utime ) VALUES ( ?,?,?,? ) 
time=2019-02-18T15:45:27.362+0800`appName=graduation`hostName=localhost`logLevel=DEBUG`==> Parameters: 1(Long), 2(Long), 1550475927361(Long), 1550475927361(Long)
time=2019-02-18T15:45:27.363+0800`appName=graduation`hostName=localhost`logLevel=DEBUG`<==    Updates: 1
time=2019-02-18T15:45:27.364+0800`appName=graduation`hostName=localhost`logLevel=DEBUG`==>  Preparing: INSERT INTO role_menu_relation ( role_id,menu_id,ctime,utime ) VALUES ( ?,?,?,? ) 
time=2019-02-18T15:45:27.365+0800`appName=graduation`hostName=localhost`logLevel=DEBUG`==> Parameters: 1(Long), 3(Long), 1550475927364(Long), 1550475927364(Long)
time=2019-02-18T15:45:27.366+0800`appName=graduation`hostName=localhost`logLevel=DEBUG`<==    Updates: 1
time=2019-02-18T15:45:27.367+0800`appName=graduation`hostName=localhost`logLevel=DEBUG`==>  Preparing: INSERT INTO role_menu_relation ( role_id,menu_id,ctime,utime ) VALUES ( ?,?,?,? ) 
time=2019-02-18T15:45:27.367+0800`appName=graduation`hostName=localhost`logLevel=DEBUG`==> Parameters: 1(Long), 5(Long), 1550475927366(Long), 1550475927366(Long)
time=2019-02-18T15:45:27.368+0800`appName=graduation`hostName=localhost`logLevel=DEBUG`<==    Updates: 1
time=2019-02-18T15:45:27.370+0800`appName=graduation`hostName=localhost`logLevel=DEBUG`==>  Preparing: INSERT INTO role_menu_relation ( role_id,menu_id,ctime,utime ) VALUES ( ?,?,?,? ) 
time=2019-02-18T15:45:27.370+0800`appName=graduation`hostName=localhost`logLevel=DEBUG`==> Parameters: 1(Long), 13(Long), 1550475927369(Long), 1550475927369(Long)
time=2019-02-18T15:45:27.371+0800`appName=graduation`hostName=localhost`logLevel=DEBUG`<==    Updates: 1
time=2019-02-18T15:45:27.372+0800`appName=graduation`hostName=localhost`logLevel=DEBUG`==>  Preparing: INSERT INTO role_menu_relation ( role_id,menu_id,ctime,utime ) VALUES ( ?,?,?,? ) 
time=2019-02-18T15:45:27.373+0800`appName=graduation`hostName=localhost`logLevel=DEBUG`==> Parameters: 1(Long), 14(Long), 1550475927372(Long), 1550475927372(Long)
time=2019-02-18T15:45:27.374+0800`appName=graduation`hostName=localhost`logLevel=DEBUG`<==    Updates: 1
time=2019-02-18T15:45:27.376+0800`appName=graduation`hostName=localhost`logLevel=DEBUG`==>  Preparing: INSERT INTO role_menu_relation ( role_id,menu_id,ctime,utime ) VALUES ( ?,?,?,? ) 
time=2019-02-18T15:45:27.376+0800`appName=graduation`hostName=localhost`logLevel=DEBUG`==> Parameters: 1(Long), 15(Long), 1550475927374(Long), 1550475927374(Long)
time=2019-02-18T15:45:27.377+0800`appName=graduation`hostName=localhost`logLevel=DEBUG`<==    Updates: 1
time=2019-02-18T15:45:27.379+0800`appName=graduation`hostName=localhost`logLevel=DEBUG`==>  Preparing: INSERT INTO role_menu_relation ( role_id,menu_id,ctime,utime ) VALUES ( ?,?,?,? ) 
time=2019-02-18T15:45:27.379+0800`appName=graduation`hostName=localhost`logLevel=DEBUG`==> Parameters: 1(Long), 16(Long), 1550475927378(Long), 1550475927378(Long)
time=2019-02-18T15:45:27.381+0800`appName=graduation`hostName=localhost`logLevel=DEBUG`<==    Updates: 1
time=2019-02-18T15:45:27.382+0800`appName=graduation`hostName=localhost`logLevel=DEBUG`==>  Preparing: INSERT INTO role_menu_relation ( role_id,menu_id,ctime,utime ) VALUES ( ?,?,?,? ) 
time=2019-02-18T15:45:27.382+0800`appName=graduation`hostName=localhost`logLevel=DEBUG`==> Parameters: 1(Long), 17(Long), 1550475927381(Long), 1550475927381(Long)
time=2019-02-18T15:45:27.384+0800`appName=graduation`hostName=localhost`logLevel=DEBUG`<==    Updates: 1
time=2019-02-18T15:45:27.385+0800`appName=graduation`hostName=localhost`logLevel=DEBUG`==>  Preparing: INSERT INTO role_menu_relation ( role_id,menu_id,ctime,utime ) VALUES ( ?,?,?,? ) 
time=2019-02-18T15:45:27.386+0800`appName=graduation`hostName=localhost`logLevel=DEBUG`==> Parameters: 1(Long), 18(Long), 1550475927384(Long), 1550475927384(Long)
time=2019-02-18T15:45:27.387+0800`appName=graduation`hostName=localhost`logLevel=DEBUG`<==    Updates: 1
time=2019-02-18T15:45:27.389+0800`appName=graduation`hostName=localhost`logLevel=DEBUG`==>  Preparing: INSERT INTO role_menu_relation ( role_id,menu_id,ctime,utime ) VALUES ( ?,?,?,? ) 
time=2019-02-18T15:45:27.390+0800`appName=graduation`hostName=localhost`logLevel=DEBUG`==> Parameters: 1(Long), 19(Long), 1550475927387(Long), 1550475927387(Long)
time=2019-02-18T15:45:27.391+0800`appName=graduation`hostName=localhost`logLevel=DEBUG`<==    Updates: 1
time=2019-02-18T15:45:29.710+0800`appName=graduation`hostName=localhost`logLevel=DEBUG`==>  Preparing: SELECT relation_id AS relationId,operator_id AS operatorId,role_id AS roleId,deleted,ctime,utime FROM operator_role_relation WHERE operator_id = ? 
time=2019-02-18T15:45:29.710+0800`appName=graduation`hostName=localhost`logLevel=DEBUG`==> Parameters: 15207312(Long)
time=2019-02-18T15:45:29.712+0800`appName=graduation`hostName=localhost`logLevel=DEBUG`<==      Total: 1
time=2019-02-18T15:45:29.714+0800`appName=graduation`hostName=localhost`logLevel=DEBUG`==>  Preparing: SELECT relation_id AS relationId,role_id AS roleId,menu_id AS menuId,status,ctime,utime FROM role_menu_relation WHERE role_id = ? 
time=2019-02-18T15:45:29.715+0800`appName=graduation`hostName=localhost`logLevel=DEBUG`==> Parameters: 1(Long)
time=2019-02-18T15:45:29.718+0800`appName=graduation`hostName=localhost`logLevel=DEBUG`<==      Total: 13
time=2019-02-18T15:45:29.721+0800`appName=graduation`hostName=localhost`logLevel=DEBUG`==>  Preparing: SELECT menu_id AS menuId,title,href,icon,status,parent_id,ctime,utime FROM menu WHERE menu_id IN (?,?,?,?,?,?,?,?,?,?,?,?,?) 
time=2019-02-18T15:45:29.721+0800`appName=graduation`hostName=localhost`logLevel=DEBUG`==> Parameters: 1(Long), 7(Long), 8(Long), 2(Long), 3(Long), 5(Long), 13(Long), 14(Long), 15(Long), 16(Long), 17(Long), 18(Long), 19(Long)
time=2019-02-18T15:45:29.724+0800`appName=graduation`hostName=localhost`logLevel=DEBUG`<==      Total: 13
time=2019-02-18T15:45:30.004+0800`appName=graduation`hostName=localhost`logLevel=DEBUG`==>  Preparing: SELECT menu_id AS menuId,title,href,icon,status,parent_id,ctime,utime FROM menu WHERE parent_id = ? 
time=2019-02-18T15:45:30.005+0800`appName=graduation`hostName=localhost`logLevel=DEBUG`==> Parameters: 0(Integer)
time=2019-02-18T15:45:30.008+0800`appName=graduation`hostName=localhost`logLevel=DEBUG`<==      Total: 5
time=2019-02-18T15:45:30.023+0800`appName=graduation`hostName=localhost`logLevel=DEBUG`==>  Preparing: SELECT COUNT(1) FROM menu 
time=2019-02-18T15:45:30.023+0800`appName=graduation`hostName=localhost`logLevel=DEBUG`==> Parameters: 
time=2019-02-18T15:45:30.026+0800`appName=graduation`hostName=localhost`logLevel=DEBUG`==>  Preparing: SELECT menu_id AS menuId,title,href,icon,status,parent_id,ctime,utime FROM menu LIMIT 0,10 
time=2019-02-18T15:45:30.026+0800`appName=graduation`hostName=localhost`logLevel=DEBUG`==> Parameters: 
time=2019-02-18T15:45:30.029+0800`appName=graduation`hostName=localhost`logLevel=DEBUG`<==      Total: 10
time=2019-02-18T15:45:30.053+0800`appName=graduation`hostName=localhost`logLevel=DEBUG`==>  Preparing: SELECT role_id AS roleId,role_name AS roleName,remark,deleted,ctime,utime FROM role 
time=2019-02-18T15:45:30.054+0800`appName=graduation`hostName=localhost`logLevel=DEBUG`==> Parameters: 
time=2019-02-18T15:45:30.057+0800`appName=graduation`hostName=localhost`logLevel=DEBUG`<==      Total: 5
time=2019-02-18T15:55:38.157+0800`appName=graduation`hostName=localhost`logLevel=DEBUG`==>  Preparing: SELECT menu_id AS menuId,title,href,icon,status,parent_id,ctime,utime FROM menu WHERE parent_id = ? 
time=2019-02-18T15:55:38.158+0800`appName=graduation`hostName=localhost`logLevel=DEBUG`==> Parameters: 0(Integer)
time=2019-02-18T15:55:38.160+0800`appName=graduation`hostName=localhost`logLevel=DEBUG`<==      Total: 5
time=2019-02-18T15:55:38.182+0800`appName=graduation`hostName=localhost`logLevel=DEBUG`==>  Preparing: SELECT COUNT(1) FROM menu 
time=2019-02-18T15:55:38.183+0800`appName=graduation`hostName=localhost`logLevel=DEBUG`==> Parameters: 
time=2019-02-18T15:55:38.186+0800`appName=graduation`hostName=localhost`logLevel=DEBUG`==>  Preparing: SELECT menu_id AS menuId,title,href,icon,status,parent_id,ctime,utime FROM menu LIMIT 0,10 
time=2019-02-18T15:55:38.186+0800`appName=graduation`hostName=localhost`logLevel=DEBUG`==> Parameters: 
time=2019-02-18T15:55:38.188+0800`appName=graduation`hostName=localhost`logLevel=DEBUG`<==      Total: 10
time=2019-02-18T15:56:45.395+0800`appName=graduation`hostName=localhost`logLevel=DEBUG`==>  Preparing: SELECT relation_id AS relationId,operator_id AS operatorId,role_id AS roleId,deleted,ctime,utime FROM operator_role_relation WHERE operator_id = ? 
time=2019-02-18T15:56:45.429+0800`appName=graduation`hostName=localhost`logLevel=DEBUG`==> Parameters: 15207312(Long)
time=2019-02-18T15:56:45.453+0800`appName=graduation`hostName=localhost`logLevel=DEBUG`<==      Total: 1
time=2019-02-18T15:56:45.465+0800`appName=graduation`hostName=localhost`logLevel=DEBUG`==>  Preparing: SELECT relation_id AS relationId,role_id AS roleId,menu_id AS menuId,status,ctime,utime FROM role_menu_relation WHERE role_id = ? 
time=2019-02-18T15:56:45.466+0800`appName=graduation`hostName=localhost`logLevel=DEBUG`==> Parameters: 1(Long)
time=2019-02-18T15:56:45.472+0800`appName=graduation`hostName=localhost`logLevel=DEBUG`<==      Total: 13
time=2019-02-18T15:56:45.491+0800`appName=graduation`hostName=localhost`logLevel=DEBUG`==>  Preparing: SELECT menu_id AS menuId,title,href,icon,status,parent_id,ctime,utime FROM menu WHERE menu_id IN (?,?,?,?,?,?,?,?,?,?,?,?,?) 
time=2019-02-18T15:56:45.493+0800`appName=graduation`hostName=localhost`logLevel=DEBUG`==> Parameters: 1(Long), 7(Long), 8(Long), 2(Long), 3(Long), 5(Long), 13(Long), 14(Long), 15(Long), 16(Long), 17(Long), 18(Long), 19(Long)
time=2019-02-18T15:56:45.501+0800`appName=graduation`hostName=localhost`logLevel=DEBUG`<==      Total: 13
time=2019-02-18T16:44:02.263+0800`appName=graduation`hostName=localhost`logLevel=DEBUG`==>  Preparing: SELECT relation_id AS relationId,operator_id AS operatorId,role_id AS roleId,deleted,ctime,utime FROM operator_role_relation WHERE operator_id = ? 
time=2019-02-18T16:44:02.333+0800`appName=graduation`hostName=localhost`logLevel=DEBUG`==> Parameters: 15207312(Long)
time=2019-02-18T16:44:02.389+0800`appName=graduation`hostName=localhost`logLevel=DEBUG`<==      Total: 1
time=2019-02-18T16:44:02.402+0800`appName=graduation`hostName=localhost`logLevel=DEBUG`==>  Preparing: SELECT relation_id AS relationId,role_id AS roleId,menu_id AS menuId,status,ctime,utime FROM role_menu_relation WHERE role_id = ? 
time=2019-02-18T16:44:02.403+0800`appName=graduation`hostName=localhost`logLevel=DEBUG`==> Parameters: 1(Long)
time=2019-02-18T16:44:02.413+0800`appName=graduation`hostName=localhost`logLevel=DEBUG`<==      Total: 13
time=2019-02-18T16:44:02.429+0800`appName=graduation`hostName=localhost`logLevel=DEBUG`==>  Preparing: SELECT menu_id AS menuId,title,href,icon,status,parent_id,ctime,utime FROM menu WHERE menu_id IN (?,?,?,?,?,?,?,?,?,?,?,?,?) 
time=2019-02-18T16:44:02.431+0800`appName=graduation`hostName=localhost`logLevel=DEBUG`==> Parameters: 1(Long), 7(Long), 8(Long), 2(Long), 3(Long), 5(Long), 13(Long), 14(Long), 15(Long), 16(Long), 17(Long), 18(Long), 19(Long)
time=2019-02-18T16:44:02.444+0800`appName=graduation`hostName=localhost`logLevel=DEBUG`<==      Total: 13
time=2019-02-18T16:44:12.208+0800`appName=graduation`hostName=localhost`logLevel=DEBUG`==>  Preparing: SELECT role_id AS roleId,role_name AS roleName,remark,deleted,ctime,utime FROM role 
time=2019-02-18T16:44:12.208+0800`appName=graduation`hostName=localhost`logLevel=DEBUG`==> Parameters: 
time=2019-02-18T16:44:12.214+0800`appName=graduation`hostName=localhost`logLevel=DEBUG`<==      Total: 5
time=2019-02-18T16:44:46.321+0800`appName=graduation`hostName=localhost`logLevel=DEBUG`==>  Preparing: SELECT menu_id AS menuId,title,href,icon,status,parent_id,ctime,utime FROM menu WHERE parent_id = ? 
time=2019-02-18T16:44:46.321+0800`appName=graduation`hostName=localhost`logLevel=DEBUG`==> Parameters: 0(Integer)
time=2019-02-18T16:44:46.329+0800`appName=graduation`hostName=localhost`logLevel=DEBUG`<==      Total: 5
time=2019-02-18T16:44:46.419+0800`appName=graduation`hostName=localhost`logLevel=DEBUG`==>  Preparing: SELECT COUNT(1) FROM menu 
time=2019-02-18T16:44:46.420+0800`appName=graduation`hostName=localhost`logLevel=DEBUG`==> Parameters: 
time=2019-02-18T16:44:46.431+0800`appName=graduation`hostName=localhost`logLevel=DEBUG`==>  Preparing: SELECT menu_id AS menuId,title,href,icon,status,parent_id,ctime,utime FROM menu LIMIT 0,10 
time=2019-02-18T16:44:46.431+0800`appName=graduation`hostName=localhost`logLevel=DEBUG`==> Parameters: 
time=2019-02-18T16:44:46.438+0800`appName=graduation`hostName=localhost`logLevel=DEBUG`<==      Total: 10
time=2019-02-18T16:44:49.642+0800`appName=graduation`hostName=localhost`logLevel=DEBUG`==>  Preparing: SELECT COUNT(1) FROM menu 
time=2019-02-18T16:44:49.642+0800`appName=graduation`hostName=localhost`logLevel=DEBUG`==> Parameters: 
time=2019-02-18T16:44:49.646+0800`appName=graduation`hostName=localhost`logLevel=DEBUG`==>  Preparing: SELECT menu_id AS menuId,title,href,icon,status,parent_id,ctime,utime FROM menu LIMIT 10,10 
time=2019-02-18T16:44:49.646+0800`appName=graduation`hostName=localhost`logLevel=DEBUG`==> Parameters: 
time=2019-02-18T16:44:49.650+0800`appName=graduation`hostName=localhost`logLevel=DEBUG`<==      Total: 4
time=2019-02-18T16:45:10.497+0800`appName=graduation`hostName=localhost`logLevel=DEBUG`==>  Preparing: UPDATE menu SET title=?,href=?,icon=?,status=?,parent_id=?,utime=? WHERE menu_id=? 
time=2019-02-18T16:45:10.501+0800`appName=graduation`hostName=localhost`logLevel=DEBUG`==> Parameters: 招聘职位(String), pages/recruit.html(String), 0(String), 0(Integer), 17(Long), 1550479510495(Long), 19(Long)
time=2019-02-18T16:45:10.520+0800`appName=graduation`hostName=localhost`logLevel=DEBUG`<==    Updates: 1
time=2019-02-18T16:45:10.572+0800`appName=graduation`hostName=localhost`logLevel=DEBUG`==>  Preparing: SELECT COUNT(1) FROM menu 
time=2019-02-18T16:45:10.573+0800`appName=graduation`hostName=localhost`logLevel=DEBUG`==> Parameters: 
time=2019-02-18T16:45:10.578+0800`appName=graduation`hostName=localhost`logLevel=DEBUG`==>  Preparing: SELECT menu_id AS menuId,title,href,icon,status,parent_id,ctime,utime FROM menu LIMIT 10,10 
time=2019-02-18T16:45:10.579+0800`appName=graduation`hostName=localhost`logLevel=DEBUG`==> Parameters: 
time=2019-02-18T16:45:10.583+0800`appName=graduation`hostName=localhost`logLevel=DEBUG`<==      Total: 4
time=2019-02-18T16:45:20.374+0800`appName=graduation`hostName=localhost`logLevel=DEBUG`==>  Preparing: UPDATE menu SET title=?,href=?,icon=?,status=?,parent_id=?,utime=? WHERE menu_id=? 
time=2019-02-18T16:45:20.375+0800`appName=graduation`hostName=localhost`logLevel=DEBUG`==> Parameters: 招聘单位(String), pages/recruit_unit.html(String), 0(String), 0(Integer), 17(Long), 1550479520370(Long), 18(Long)
time=2019-02-18T16:45:20.381+0800`appName=graduation`hostName=localhost`logLevel=DEBUG`<==    Updates: 1
time=2019-02-18T16:45:20.420+0800`appName=graduation`hostName=localhost`logLevel=DEBUG`==>  Preparing: SELECT COUNT(1) FROM menu 
time=2019-02-18T16:45:20.420+0800`appName=graduation`hostName=localhost`logLevel=DEBUG`==> Parameters: 
time=2019-02-18T16:45:20.423+0800`appName=graduation`hostName=localhost`logLevel=DEBUG`==>  Preparing: SELECT menu_id AS menuId,title,href,icon,status,parent_id,ctime,utime FROM menu LIMIT 10,10 
time=2019-02-18T16:45:20.424+0800`appName=graduation`hostName=localhost`logLevel=DEBUG`==> Parameters: 
time=2019-02-18T16:45:20.429+0800`appName=graduation`hostName=localhost`logLevel=DEBUG`<==      Total: 4
time=2019-02-18T16:45:23.233+0800`appName=graduation`hostName=localhost`logLevel=DEBUG`==>  Preparing: SELECT relation_id AS relationId,operator_id AS operatorId,role_id AS roleId,deleted,ctime,utime FROM operator_role_relation WHERE operator_id = ? 
time=2019-02-18T16:45:23.237+0800`appName=graduation`hostName=localhost`logLevel=DEBUG`==> Parameters: 15207312(Long)
time=2019-02-18T16:45:23.240+0800`appName=graduation`hostName=localhost`logLevel=DEBUG`<==      Total: 1
time=2019-02-18T16:45:23.245+0800`appName=graduation`hostName=localhost`logLevel=DEBUG`==>  Preparing: SELECT relation_id AS relationId,role_id AS roleId,menu_id AS menuId,status,ctime,utime FROM role_menu_relation WHERE role_id = ? 
time=2019-02-18T16:45:23.245+0800`appName=graduation`hostName=localhost`logLevel=DEBUG`==> Parameters: 1(Long)
time=2019-02-18T16:45:23.251+0800`appName=graduation`hostName=localhost`logLevel=DEBUG`<==      Total: 13
time=2019-02-18T16:45:23.255+0800`appName=graduation`hostName=localhost`logLevel=DEBUG`==>  Preparing: SELECT menu_id AS menuId,title,href,icon,status,parent_id,ctime,utime FROM menu WHERE menu_id IN (?,?,?,?,?,?,?,?,?,?,?,?,?) 
time=2019-02-18T16:45:23.257+0800`appName=graduation`hostName=localhost`logLevel=DEBUG`==> Parameters: 1(Long), 7(Long), 8(Long), 2(Long), 3(Long), 5(Long), 13(Long), 14(Long), 15(Long), 16(Long), 17(Long), 18(Long), 19(Long)
time=2019-02-18T16:45:23.263+0800`appName=graduation`hostName=localhost`logLevel=DEBUG`<==      Total: 13
time=2019-02-18T16:45:23.563+0800`appName=graduation`hostName=localhost`logLevel=DEBUG`==>  Preparing: SELECT role_id AS roleId,role_name AS roleName,remark,deleted,ctime,utime FROM role 
time=2019-02-18T16:45:23.563+0800`appName=graduation`hostName=localhost`logLevel=DEBUG`==> Parameters: 
time=2019-02-18T16:45:23.569+0800`appName=graduation`hostName=localhost`logLevel=DEBUG`<==      Total: 5
time=2019-02-18T16:45:23.570+0800`appName=graduation`hostName=localhost`logLevel=DEBUG`==>  Preparing: SELECT menu_id AS menuId,title,href,icon,status,parent_id,ctime,utime FROM menu WHERE parent_id = ? 
time=2019-02-18T16:45:23.577+0800`appName=graduation`hostName=localhost`logLevel=DEBUG`==> Parameters: 0(Integer)
time=2019-02-18T16:45:23.581+0800`appName=graduation`hostName=localhost`logLevel=DEBUG`<==      Total: 5
time=2019-02-18T16:45:23.604+0800`appName=graduation`hostName=localhost`logLevel=DEBUG`==>  Preparing: SELECT COUNT(1) FROM menu 
time=2019-02-18T16:45:23.604+0800`appName=graduation`hostName=localhost`logLevel=DEBUG`==> Parameters: 
time=2019-02-18T16:45:23.608+0800`appName=graduation`hostName=localhost`logLevel=DEBUG`==>  Preparing: SELECT menu_id AS menuId,title,href,icon,status,parent_id,ctime,utime FROM menu LIMIT 0,10 
time=2019-02-18T16:45:23.609+0800`appName=graduation`hostName=localhost`logLevel=DEBUG`==> Parameters: 
time=2019-02-18T16:45:23.615+0800`appName=graduation`hostName=localhost`logLevel=DEBUG`<==      Total: 10
time=2019-02-18T16:45:31.843+0800`appName=graduation`hostName=localhost`logLevel=DEBUG`==>  Preparing: SELECT role_id AS roleId,role_name AS roleName,remark,deleted,ctime,utime FROM role 
time=2019-02-18T16:45:31.844+0800`appName=graduation`hostName=localhost`logLevel=DEBUG`==> Parameters: 
time=2019-02-18T16:45:31.849+0800`appName=graduation`hostName=localhost`logLevel=DEBUG`<==      Total: 5
time=2019-02-18T16:55:31.582+0800`appName=graduation`hostName=localhost`logLevel=DEBUG`==>  Preparing: SELECT role_id AS roleId,role_name AS roleName,remark,deleted,ctime,utime FROM role 
time=2019-02-18T16:55:31.589+0800`appName=graduation`hostName=localhost`logLevel=DEBUG`==> Parameters: 
time=2019-02-18T16:55:31.643+0800`appName=graduation`hostName=localhost`logLevel=DEBUG`<==      Total: 5
time=2019-02-18T16:55:31.681+0800`appName=graduation`hostName=localhost`logLevel=DEBUG`==>  Preparing: SELECT COUNT(1) FROM operator 
time=2019-02-18T16:55:31.681+0800`appName=graduation`hostName=localhost`logLevel=DEBUG`==> Parameters: 
time=2019-02-18T16:55:31.687+0800`appName=graduation`hostName=localhost`logLevel=DEBUG`==>  Preparing: SELECT operator_id AS operatorId,operator_name AS operatorName,operator_status AS operatorStatus,deleted,mobile,pwd,role_id AS roleId,ctime,utime FROM operator LIMIT 0,10 
time=2019-02-18T16:55:31.687+0800`appName=graduation`hostName=localhost`logLevel=DEBUG`==> Parameters: 
time=2019-02-18T16:55:31.689+0800`appName=graduation`hostName=localhost`logLevel=DEBUG`<==      Total: 2
time=2019-02-18T16:55:31.694+0800`appName=graduation`hostName=localhost`logLevel=DEBUG`==>  Preparing: SELECT role_id AS roleId,role_name AS roleName,remark,deleted,ctime,utime FROM role WHERE role_id IN (?,?) 
time=2019-02-18T16:55:31.695+0800`appName=graduation`hostName=localhost`logLevel=DEBUG`==> Parameters: 17(Long), 1(Long)
time=2019-02-18T16:55:31.699+0800`appName=graduation`hostName=localhost`logLevel=DEBUG`<==      Total: 2
time=2019-02-18T16:55:36.689+0800`appName=graduation`hostName=localhost`logLevel=DEBUG`==>  Preparing: SELECT role_id AS roleId,role_name AS roleName,remark,deleted,ctime,utime FROM role 
time=2019-02-18T16:55:36.689+0800`appName=graduation`hostName=localhost`logLevel=DEBUG`==> Parameters: 
time=2019-02-18T16:55:36.691+0800`appName=graduation`hostName=localhost`logLevel=DEBUG`<==      Total: 5
time=2019-02-18T16:55:38.265+0800`appName=graduation`hostName=localhost`logLevel=DEBUG`==>  Preparing: SELECT menu_id AS menuId,title,href,icon,status,parent_id,ctime,utime FROM menu WHERE parent_id = ? 
time=2019-02-18T16:55:38.267+0800`appName=graduation`hostName=localhost`logLevel=DEBUG`==> Parameters: 0(Integer)
time=2019-02-18T16:55:38.271+0800`appName=graduation`hostName=localhost`logLevel=DEBUG`<==      Total: 5
time=2019-02-18T16:55:38.288+0800`appName=graduation`hostName=localhost`logLevel=DEBUG`==>  Preparing: SELECT COUNT(1) FROM menu 
time=2019-02-18T16:55:38.289+0800`appName=graduation`hostName=localhost`logLevel=DEBUG`==> Parameters: 
time=2019-02-18T16:55:38.291+0800`appName=graduation`hostName=localhost`logLevel=DEBUG`==>  Preparing: SELECT menu_id AS menuId,title,href,icon,status,parent_id,ctime,utime FROM menu LIMIT 0,10 
time=2019-02-18T16:55:38.292+0800`appName=graduation`hostName=localhost`logLevel=DEBUG`==> Parameters: 
time=2019-02-18T16:55:38.295+0800`appName=graduation`hostName=localhost`logLevel=DEBUG`<==      Total: 10
time=2019-02-18T17:09:34.558+0800`appName=graduation`hostName=localhost`logLevel=DEBUG`==>  Preparing: SELECT relation_id AS relationId,operator_id AS operatorId,role_id AS roleId,deleted,ctime,utime FROM operator_role_relation WHERE operator_id = ? 
time=2019-02-18T17:09:34.592+0800`appName=graduation`hostName=localhost`logLevel=DEBUG`==> Parameters: 15207312(Long)
time=2019-02-18T17:09:34.618+0800`appName=graduation`hostName=localhost`logLevel=DEBUG`<==      Total: 1
time=2019-02-18T17:09:34.631+0800`appName=graduation`hostName=localhost`logLevel=DEBUG`==>  Preparing: SELECT relation_id AS relationId,role_id AS roleId,menu_id AS menuId,status,ctime,utime FROM role_menu_relation WHERE role_id = ? 
time=2019-02-18T17:09:34.632+0800`appName=graduation`hostName=localhost`logLevel=DEBUG`==> Parameters: 1(Long)
time=2019-02-18T17:09:34.639+0800`appName=graduation`hostName=localhost`logLevel=DEBUG`<==      Total: 13
time=2019-02-18T17:09:34.656+0800`appName=graduation`hostName=localhost`logLevel=DEBUG`==>  Preparing: SELECT menu_id AS menuId,title,href,icon,status,parent_id,ctime,utime FROM menu WHERE menu_id IN (?,?,?,?,?,?,?,?,?,?,?,?,?) 
time=2019-02-18T17:09:34.658+0800`appName=graduation`hostName=localhost`logLevel=DEBUG`==> Parameters: 1(Long), 7(Long), 8(Long), 2(Long), 3(Long), 5(Long), 13(Long), 14(Long), 15(Long), 16(Long), 17(Long), 18(Long), 19(Long)
time=2019-02-18T17:09:34.666+0800`appName=graduation`hostName=localhost`logLevel=DEBUG`<==      Total: 13
time=2019-02-18T17:09:38.597+0800`appName=graduation`hostName=localhost`logLevel=DEBUG`==>  Preparing: SELECT COUNT(1) FROM recruit_unit WHERE 1 = 1 
time=2019-02-18T17:09:38.598+0800`appName=graduation`hostName=localhost`logLevel=DEBUG`==> Parameters: 
time=2019-02-18T17:09:38.604+0800`appName=graduation`hostName=localhost`logLevel=DEBUG`==>  Preparing: SELECT unit_id AS unitId,unit_name AS unitName,industry,property,scale,unit_web AS unitWeb,contractor,mobile,status,deleted,ctime,utime FROM recruit_unit WHERE 1=1 ORDER BY ctime DESC 
time=2019-02-18T17:09:38.604+0800`appName=graduation`hostName=localhost`logLevel=DEBUG`==> Parameters: 
time=2019-02-18T17:09:38.610+0800`appName=graduation`hostName=localhost`logLevel=DEBUG`<==      Total: 0
time=2019-02-18T17:26:30.526+0800`appName=graduation`hostName=localhost`logLevel=DEBUG`==>  Preparing: SELECT relation_id AS relationId,operator_id AS operatorId,role_id AS roleId,deleted,ctime,utime FROM operator_role_relation WHERE operator_id = ? 
time=2019-02-18T17:26:30.558+0800`appName=graduation`hostName=localhost`logLevel=DEBUG`==> Parameters: 15207312(Long)
time=2019-02-18T17:26:30.590+0800`appName=graduation`hostName=localhost`logLevel=DEBUG`<==      Total: 1
time=2019-02-18T17:26:30.604+0800`appName=graduation`hostName=localhost`logLevel=DEBUG`==>  Preparing: SELECT relation_id AS relationId,role_id AS roleId,menu_id AS menuId,status,ctime,utime FROM role_menu_relation WHERE role_id = ? 
time=2019-02-18T17:26:30.604+0800`appName=graduation`hostName=localhost`logLevel=DEBUG`==> Parameters: 1(Long)
time=2019-02-18T17:26:30.612+0800`appName=graduation`hostName=localhost`logLevel=DEBUG`<==      Total: 13
time=2019-02-18T17:26:30.628+0800`appName=graduation`hostName=localhost`logLevel=DEBUG`==>  Preparing: SELECT menu_id AS menuId,title,href,icon,status,parent_id,ctime,utime FROM menu WHERE menu_id IN (?,?,?,?,?,?,?,?,?,?,?,?,?) 
time=2019-02-18T17:26:30.630+0800`appName=graduation`hostName=localhost`logLevel=DEBUG`==> Parameters: 1(Long), 7(Long), 8(Long), 2(Long), 3(Long), 5(Long), 13(Long), 14(Long), 15(Long), 16(Long), 17(Long), 18(Long), 19(Long)
time=2019-02-18T17:26:30.641+0800`appName=graduation`hostName=localhost`logLevel=DEBUG`<==      Total: 13
time=2019-02-18T17:26:31.211+0800`appName=graduation`hostName=localhost`logLevel=DEBUG`==>  Preparing: SELECT COUNT(1) FROM recruit_unit WHERE 1 = 1 
time=2019-02-18T17:26:31.211+0800`appName=graduation`hostName=localhost`logLevel=DEBUG`==> Parameters: 
time=2019-02-18T17:26:31.218+0800`appName=graduation`hostName=localhost`logLevel=DEBUG`==>  Preparing: SELECT unit_id AS unitId,unit_name AS unitName,industry,property,scale,unit_web AS unitWeb,contractor,mobile,status,deleted,ctime,utime FROM recruit_unit WHERE 1=1 ORDER BY ctime DESC 
time=2019-02-18T17:26:31.218+0800`appName=graduation`hostName=localhost`logLevel=DEBUG`==> Parameters: 
time=2019-02-18T17:26:31.221+0800`appName=graduation`hostName=localhost`logLevel=DEBUG`<==      Total: 0
time=2019-02-18T17:28:27.284+0800`appName=graduation`hostName=localhost`logLevel=DEBUG`==>  Preparing: SELECT relation_id AS relationId,operator_id AS operatorId,role_id AS roleId,deleted,ctime,utime FROM operator_role_relation WHERE operator_id = ? 
time=2019-02-18T17:28:27.319+0800`appName=graduation`hostName=localhost`logLevel=DEBUG`==> Parameters: 15207312(Long)
time=2019-02-18T17:28:27.344+0800`appName=graduation`hostName=localhost`logLevel=DEBUG`<==      Total: 1
time=2019-02-18T17:28:27.359+0800`appName=graduation`hostName=localhost`logLevel=DEBUG`==>  Preparing: SELECT relation_id AS relationId,role_id AS roleId,menu_id AS menuId,status,ctime,utime FROM role_menu_relation WHERE role_id = ? 
time=2019-02-18T17:28:27.359+0800`appName=graduation`hostName=localhost`logLevel=DEBUG`==> Parameters: 1(Long)
time=2019-02-18T17:28:27.366+0800`appName=graduation`hostName=localhost`logLevel=DEBUG`<==      Total: 13
time=2019-02-18T17:28:27.383+0800`appName=graduation`hostName=localhost`logLevel=DEBUG`==>  Preparing: SELECT menu_id AS menuId,title,href,icon,status,parent_id,ctime,utime FROM menu WHERE menu_id IN (?,?,?,?,?,?,?,?,?,?,?,?,?) 
time=2019-02-18T17:28:27.385+0800`appName=graduation`hostName=localhost`logLevel=DEBUG`==> Parameters: 1(Long), 7(Long), 8(Long), 2(Long), 3(Long), 5(Long), 13(Long), 14(Long), 15(Long), 16(Long), 17(Long), 18(Long), 19(Long)
time=2019-02-18T17:28:27.394+0800`appName=graduation`hostName=localhost`logLevel=DEBUG`<==      Total: 13
time=2019-02-18T17:28:27.980+0800`appName=graduation`hostName=localhost`logLevel=DEBUG`==>  Preparing: SELECT COUNT(1) FROM recruit_unit WHERE 1 = 1 
time=2019-02-18T17:28:27.981+0800`appName=graduation`hostName=localhost`logLevel=DEBUG`==> Parameters: 
time=2019-02-18T17:28:27.982+0800`appName=graduation`hostName=localhost`logLevel=DEBUG`==>  Preparing: SELECT unit_id AS unitId,unit_name AS unitName,industry,property,scale,unit_web AS unitWeb,contractor,mobile,status,deleted,ctime,utime FROM recruit_unit WHERE 1=1 ORDER BY ctime DESC 
time=2019-02-18T17:28:27.983+0800`appName=graduation`hostName=localhost`logLevel=DEBUG`==> Parameters: 
time=2019-02-18T17:28:27.986+0800`appName=graduation`hostName=localhost`logLevel=DEBUG`<==      Total: 0
time=2019-02-18T17:30:21.711+0800`appName=graduation`hostName=localhost`logLevel=DEBUG`==>  Preparing: SELECT relation_id AS relationId,operator_id AS operatorId,role_id AS roleId,deleted,ctime,utime FROM operator_role_relation WHERE operator_id = ? 
time=2019-02-18T17:30:21.748+0800`appName=graduation`hostName=localhost`logLevel=DEBUG`==> Parameters: 15207312(Long)
time=2019-02-18T17:30:21.772+0800`appName=graduation`hostName=localhost`logLevel=DEBUG`<==      Total: 1
time=2019-02-18T17:30:21.785+0800`appName=graduation`hostName=localhost`logLevel=DEBUG`==>  Preparing: SELECT relation_id AS relationId,role_id AS roleId,menu_id AS menuId,status,ctime,utime FROM role_menu_relation WHERE role_id = ? 
time=2019-02-18T17:30:21.786+0800`appName=graduation`hostName=localhost`logLevel=DEBUG`==> Parameters: 1(Long)
time=2019-02-18T17:30:21.794+0800`appName=graduation`hostName=localhost`logLevel=DEBUG`<==      Total: 13
time=2019-02-18T17:30:21.872+0800`appName=graduation`hostName=localhost`logLevel=DEBUG`==>  Preparing: SELECT menu_id AS menuId,title,href,icon,status,parent_id,ctime,utime FROM menu WHERE menu_id IN (?,?,?,?,?,?,?,?,?,?,?,?,?) 
time=2019-02-18T17:30:21.874+0800`appName=graduation`hostName=localhost`logLevel=DEBUG`==> Parameters: 1(Long), 7(Long), 8(Long), 2(Long), 3(Long), 5(Long), 13(Long), 14(Long), 15(Long), 16(Long), 17(Long), 18(Long), 19(Long)
time=2019-02-18T17:30:21.882+0800`appName=graduation`hostName=localhost`logLevel=DEBUG`<==      Total: 13
time=2019-02-18T17:31:50.841+0800`appName=graduation`hostName=localhost`logLevel=DEBUG`==>  Preparing: SELECT COUNT(1) FROM recruit_unit WHERE 1 = 1 
time=2019-02-18T17:31:50.842+0800`appName=graduation`hostName=localhost`logLevel=DEBUG`==> Parameters: 
time=2019-02-18T17:31:50.845+0800`appName=graduation`hostName=localhost`logLevel=DEBUG`==>  Preparing: SELECT unit_id AS unitId,unit_name AS unitName,industry,property,scale,unit_web AS unitWeb,contractor,mobile,status,deleted,ctime,utime FROM recruit_unit WHERE 1=1 ORDER BY ctime DESC 
time=2019-02-18T17:31:50.845+0800`appName=graduation`hostName=localhost`logLevel=DEBUG`==> Parameters: 
time=2019-02-18T17:31:50.848+0800`appName=graduation`hostName=localhost`logLevel=DEBUG`<==      Total: 0
time=2019-02-18T17:34:05.041+0800`appName=graduation`hostName=localhost`logLevel=DEBUG`==>  Preparing: SELECT relation_id AS relationId,operator_id AS operatorId,role_id AS roleId,deleted,ctime,utime FROM operator_role_relation WHERE operator_id = ? 
time=2019-02-18T17:34:05.080+0800`appName=graduation`hostName=localhost`logLevel=DEBUG`==> Parameters: 15207312(Long)
time=2019-02-18T17:34:05.104+0800`appName=graduation`hostName=localhost`logLevel=DEBUG`<==      Total: 1
time=2019-02-18T17:34:05.119+0800`appName=graduation`hostName=localhost`logLevel=DEBUG`==>  Preparing: SELECT relation_id AS relationId,role_id AS roleId,menu_id AS menuId,status,ctime,utime FROM role_menu_relation WHERE role_id = ? 
time=2019-02-18T17:34:05.119+0800`appName=graduation`hostName=localhost`logLevel=DEBUG`==> Parameters: 1(Long)
time=2019-02-18T17:34:05.125+0800`appName=graduation`hostName=localhost`logLevel=DEBUG`<==      Total: 13
time=2019-02-18T17:34:05.144+0800`appName=graduation`hostName=localhost`logLevel=DEBUG`==>  Preparing: SELECT menu_id AS menuId,title,href,icon,status,parent_id,ctime,utime FROM menu WHERE menu_id IN (?,?,?,?,?,?,?,?,?,?,?,?,?) 
time=2019-02-18T17:34:05.146+0800`appName=graduation`hostName=localhost`logLevel=DEBUG`==> Parameters: 1(Long), 7(Long), 8(Long), 2(Long), 3(Long), 5(Long), 13(Long), 14(Long), 15(Long), 16(Long), 17(Long), 18(Long), 19(Long)
time=2019-02-18T17:34:05.154+0800`appName=graduation`hostName=localhost`logLevel=DEBUG`<==      Total: 13
time=2019-02-18T17:34:05.645+0800`appName=graduation`hostName=localhost`logLevel=DEBUG`==>  Preparing: SELECT COUNT(1) FROM recruit_unit WHERE 1 = 1 
time=2019-02-18T17:34:05.646+0800`appName=graduation`hostName=localhost`logLevel=DEBUG`==> Parameters: 
time=2019-02-18T17:34:05.648+0800`appName=graduation`hostName=localhost`logLevel=DEBUG`==>  Preparing: SELECT unit_id AS unitId,unit_name AS unitName,industry,property,scale,unit_web AS unitWeb,contractor,mobile,status,deleted,ctime,utime FROM recruit_unit WHERE 1=1 ORDER BY ctime DESC 
time=2019-02-18T17:34:05.649+0800`appName=graduation`hostName=localhost`logLevel=DEBUG`==> Parameters: 
time=2019-02-18T17:34:05.651+0800`appName=graduation`hostName=localhost`logLevel=DEBUG`<==      Total: 0
time=2019-02-18T17:36:49.669+0800`appName=graduation`hostName=localhost`logLevel=DEBUG`==>  Preparing: SELECT relation_id AS relationId,operator_id AS operatorId,role_id AS roleId,deleted,ctime,utime FROM operator_role_relation WHERE operator_id = ? 
time=2019-02-18T17:36:49.704+0800`appName=graduation`hostName=localhost`logLevel=DEBUG`==> Parameters: 15207312(Long)
time=2019-02-18T17:36:49.728+0800`appName=graduation`hostName=localhost`logLevel=DEBUG`<==      Total: 1
time=2019-02-18T17:36:49.741+0800`appName=graduation`hostName=localhost`logLevel=DEBUG`==>  Preparing: SELECT relation_id AS relationId,role_id AS roleId,menu_id AS menuId,status,ctime,utime FROM role_menu_relation WHERE role_id = ? 
time=2019-02-18T17:36:49.741+0800`appName=graduation`hostName=localhost`logLevel=DEBUG`==> Parameters: 1(Long)
time=2019-02-18T17:36:49.748+0800`appName=graduation`hostName=localhost`logLevel=DEBUG`<==      Total: 13
time=2019-02-18T17:36:49.767+0800`appName=graduation`hostName=localhost`logLevel=DEBUG`==>  Preparing: SELECT menu_id AS menuId,title,href,icon,status,parent_id,ctime,utime FROM menu WHERE menu_id IN (?,?,?,?,?,?,?,?,?,?,?,?,?) 
time=2019-02-18T17:36:49.769+0800`appName=graduation`hostName=localhost`logLevel=DEBUG`==> Parameters: 1(Long), 7(Long), 8(Long), 2(Long), 3(Long), 5(Long), 13(Long), 14(Long), 15(Long), 16(Long), 17(Long), 18(Long), 19(Long)
time=2019-02-18T17:36:49.777+0800`appName=graduation`hostName=localhost`logLevel=DEBUG`<==      Total: 13
time=2019-02-18T17:36:50.256+0800`appName=graduation`hostName=localhost`logLevel=DEBUG`==>  Preparing: SELECT COUNT(1) FROM recruit_unit WHERE 1 = 1 
time=2019-02-18T17:36:50.257+0800`appName=graduation`hostName=localhost`logLevel=DEBUG`==> Parameters: 
time=2019-02-18T17:36:50.260+0800`appName=graduation`hostName=localhost`logLevel=DEBUG`==>  Preparing: SELECT unit_id AS unitId,unit_name AS unitName,industry,property,scale,unit_web AS unitWeb,contractor,mobile,status,deleted,ctime,utime FROM recruit_unit WHERE 1=1 ORDER BY ctime DESC 
time=2019-02-18T17:36:50.260+0800`appName=graduation`hostName=localhost`logLevel=DEBUG`==> Parameters: 
time=2019-02-18T17:36:50.262+0800`appName=graduation`hostName=localhost`logLevel=DEBUG`<==      Total: 0
time=2019-02-18T17:39:46.799+0800`appName=graduation`hostName=localhost`logLevel=DEBUG`==>  Preparing: SELECT menu_id AS menuId,title,href,icon,status,parent_id,ctime,utime FROM menu WHERE parent_id = ? 
time=2019-02-18T17:39:46.800+0800`appName=graduation`hostName=localhost`logLevel=DEBUG`==>  Preparing: SELECT COUNT(1) FROM menu 
time=2019-02-18T17:39:46.801+0800`appName=graduation`hostName=localhost`logLevel=DEBUG`==> Parameters: 
time=2019-02-18T17:39:46.801+0800`appName=graduation`hostName=localhost`logLevel=DEBUG`==> Parameters: 0(Integer)
time=2019-02-18T17:39:46.810+0800`appName=graduation`hostName=localhost`logLevel=DEBUG`==>  Preparing: SELECT menu_id AS menuId,title,href,icon,status,parent_id,ctime,utime FROM menu LIMIT 0,10 
time=2019-02-18T17:39:46.810+0800`appName=graduation`hostName=localhost`logLevel=DEBUG`<==      Total: 5
time=2019-02-18T17:39:46.811+0800`appName=graduation`hostName=localhost`logLevel=DEBUG`==> Parameters: 
time=2019-02-18T17:39:46.816+0800`appName=graduation`hostName=localhost`logLevel=DEBUG`<==      Total: 10
time=2019-02-18T17:41:27.543+0800`appName=graduation`hostName=localhost`logLevel=DEBUG`==>  Preparing: SELECT relation_id AS relationId,operator_id AS operatorId,role_id AS roleId,deleted,ctime,utime FROM operator_role_relation WHERE operator_id = ? 
time=2019-02-18T17:41:27.581+0800`appName=graduation`hostName=localhost`logLevel=DEBUG`==> Parameters: 15207312(Long)
time=2019-02-18T17:41:27.607+0800`appName=graduation`hostName=localhost`logLevel=DEBUG`<==      Total: 1
time=2019-02-18T17:41:27.623+0800`appName=graduation`hostName=localhost`logLevel=DEBUG`==>  Preparing: SELECT relation_id AS relationId,role_id AS roleId,menu_id AS menuId,status,ctime,utime FROM role_menu_relation WHERE role_id = ? 
time=2019-02-18T17:41:27.624+0800`appName=graduation`hostName=localhost`logLevel=DEBUG`==> Parameters: 1(Long)
time=2019-02-18T17:41:27.631+0800`appName=graduation`hostName=localhost`logLevel=DEBUG`<==      Total: 13
time=2019-02-18T17:41:27.652+0800`appName=graduation`hostName=localhost`logLevel=DEBUG`==>  Preparing: SELECT menu_id AS menuId,title,href,icon,status,parent_id,ctime,utime FROM menu WHERE menu_id IN (?,?,?,?,?,?,?,?,?,?,?,?,?) 
time=2019-02-18T17:41:27.654+0800`appName=graduation`hostName=localhost`logLevel=DEBUG`==> Parameters: 1(Long), 7(Long), 8(Long), 2(Long), 3(Long), 5(Long), 13(Long), 14(Long), 15(Long), 16(Long), 17(Long), 18(Long), 19(Long)
time=2019-02-18T17:41:27.662+0800`appName=graduation`hostName=localhost`logLevel=DEBUG`<==      Total: 13
time=2019-02-18T17:41:28.143+0800`appName=graduation`hostName=localhost`logLevel=DEBUG`==>  Preparing: SELECT COUNT(1) FROM recruit_unit WHERE 1 = 1 
time=2019-02-18T17:41:28.144+0800`appName=graduation`hostName=localhost`logLevel=DEBUG`==> Parameters: 
time=2019-02-18T17:41:28.146+0800`appName=graduation`hostName=localhost`logLevel=DEBUG`==>  Preparing: SELECT unit_id AS unitId,unit_name AS unitName,industry,property,scale,unit_web AS unitWeb,contractor,mobile,status,deleted,ctime,utime FROM recruit_unit WHERE 1=1 ORDER BY ctime DESC 
time=2019-02-18T17:41:28.146+0800`appName=graduation`hostName=localhost`logLevel=DEBUG`==> Parameters: 
time=2019-02-18T17:41:28.149+0800`appName=graduation`hostName=localhost`logLevel=DEBUG`<==      Total: 0
time=2019-02-18T17:43:47.384+0800`appName=graduation`hostName=localhost`logLevel=DEBUG`==>  Preparing: SELECT relation_id AS relationId,operator_id AS operatorId,role_id AS roleId,deleted,ctime,utime FROM operator_role_relation WHERE operator_id = ? 
time=2019-02-18T17:43:47.417+0800`appName=graduation`hostName=localhost`logLevel=DEBUG`==> Parameters: 15207312(Long)
time=2019-02-18T17:43:47.442+0800`appName=graduation`hostName=localhost`logLevel=DEBUG`<==      Total: 1
time=2019-02-18T17:43:47.457+0800`appName=graduation`hostName=localhost`logLevel=DEBUG`==>  Preparing: SELECT relation_id AS relationId,role_id AS roleId,menu_id AS menuId,status,ctime,utime FROM role_menu_relation WHERE role_id = ? 
time=2019-02-18T17:43:47.457+0800`appName=graduation`hostName=localhost`logLevel=DEBUG`==> Parameters: 1(Long)
time=2019-02-18T17:43:47.463+0800`appName=graduation`hostName=localhost`logLevel=DEBUG`<==      Total: 13
time=2019-02-18T17:43:47.480+0800`appName=graduation`hostName=localhost`logLevel=DEBUG`==>  Preparing: SELECT menu_id AS menuId,title,href,icon,status,parent_id,ctime,utime FROM menu WHERE menu_id IN (?,?,?,?,?,?,?,?,?,?,?,?,?) 
time=2019-02-18T17:43:47.482+0800`appName=graduation`hostName=localhost`logLevel=DEBUG`==> Parameters: 1(Long), 7(Long), 8(Long), 2(Long), 3(Long), 5(Long), 13(Long), 14(Long), 15(Long), 16(Long), 17(Long), 18(Long), 19(Long)
time=2019-02-18T17:43:47.490+0800`appName=graduation`hostName=localhost`logLevel=DEBUG`<==      Total: 13
time=2019-02-18T17:43:47.996+0800`appName=graduation`hostName=localhost`logLevel=DEBUG`==>  Preparing: SELECT COUNT(1) FROM recruit_unit WHERE 1 = 1 
time=2019-02-18T17:43:47.997+0800`appName=graduation`hostName=localhost`logLevel=DEBUG`==> Parameters: 
time=2019-02-18T17:43:48.000+0800`appName=graduation`hostName=localhost`logLevel=DEBUG`==>  Preparing: SELECT unit_id AS unitId,unit_name AS unitName,industry,property,scale,unit_web AS unitWeb,contractor,mobile,status,deleted,ctime,utime FROM recruit_unit WHERE 1=1 ORDER BY ctime DESC 
time=2019-02-18T17:43:48.001+0800`appName=graduation`hostName=localhost`logLevel=DEBUG`==> Parameters: 
time=2019-02-18T17:43:48.004+0800`appName=graduation`hostName=localhost`logLevel=DEBUG`<==      Total: 0
time=2019-02-18T17:49:00.752+0800`appName=graduation`hostName=localhost`logLevel=DEBUG`==>  Preparing: SELECT relation_id AS relationId,operator_id AS operatorId,role_id AS roleId,deleted,ctime,utime FROM operator_role_relation WHERE operator_id = ? 
time=2019-02-18T17:49:00.785+0800`appName=graduation`hostName=localhost`logLevel=DEBUG`==> Parameters: 15207312(Long)
time=2019-02-18T17:49:00.811+0800`appName=graduation`hostName=localhost`logLevel=DEBUG`<==      Total: 1
time=2019-02-18T17:49:00.825+0800`appName=graduation`hostName=localhost`logLevel=DEBUG`==>  Preparing: SELECT relation_id AS relationId,role_id AS roleId,menu_id AS menuId,status,ctime,utime FROM role_menu_relation WHERE role_id = ? 
time=2019-02-18T17:49:00.825+0800`appName=graduation`hostName=localhost`logLevel=DEBUG`==> Parameters: 1(Long)
time=2019-02-18T17:49:00.831+0800`appName=graduation`hostName=localhost`logLevel=DEBUG`<==      Total: 13
time=2019-02-18T17:49:00.849+0800`appName=graduation`hostName=localhost`logLevel=DEBUG`==>  Preparing: SELECT menu_id AS menuId,title,href,icon,status,parent_id,ctime,utime FROM menu WHERE menu_id IN (?,?,?,?,?,?,?,?,?,?,?,?,?) 
time=2019-02-18T17:49:00.851+0800`appName=graduation`hostName=localhost`logLevel=DEBUG`==> Parameters: 1(Long), 7(Long), 8(Long), 2(Long), 3(Long), 5(Long), 13(Long), 14(Long), 15(Long), 16(Long), 17(Long), 18(Long), 19(Long)
time=2019-02-18T17:49:00.860+0800`appName=graduation`hostName=localhost`logLevel=DEBUG`<==      Total: 13
time=2019-02-18T17:49:01.382+0800`appName=graduation`hostName=localhost`logLevel=DEBUG`==>  Preparing: SELECT COUNT(1) FROM recruit_unit WHERE 1 = 1 
time=2019-02-18T17:49:01.382+0800`appName=graduation`hostName=localhost`logLevel=DEBUG`==> Parameters: 
time=2019-02-18T17:49:01.385+0800`appName=graduation`hostName=localhost`logLevel=DEBUG`==>  Preparing: SELECT unit_id AS unitId,unit_name AS unitName,industry,property,scale,unit_web AS unitWeb,contractor,mobile,status,deleted,ctime,utime FROM recruit_unit WHERE 1=1 ORDER BY ctime DESC 
time=2019-02-18T17:49:01.385+0800`appName=graduation`hostName=localhost`logLevel=DEBUG`==> Parameters: 
time=2019-02-18T17:49:01.388+0800`appName=graduation`hostName=localhost`logLevel=DEBUG`<==      Total: 0
time=2019-02-18T17:51:23.951+0800`appName=graduation`hostName=localhost`logLevel=DEBUG`==>  Preparing: SELECT relation_id AS relationId,operator_id AS operatorId,role_id AS roleId,deleted,ctime,utime FROM operator_role_relation WHERE operator_id = ? 
time=2019-02-18T17:51:23.988+0800`appName=graduation`hostName=localhost`logLevel=DEBUG`==> Parameters: 15207312(Long)
time=2019-02-18T17:51:24.013+0800`appName=graduation`hostName=localhost`logLevel=DEBUG`<==      Total: 1
time=2019-02-18T17:51:24.026+0800`appName=graduation`hostName=localhost`logLevel=DEBUG`==>  Preparing: SELECT relation_id AS relationId,role_id AS roleId,menu_id AS menuId,status,ctime,utime FROM role_menu_relation WHERE role_id = ? 
time=2019-02-18T17:51:24.026+0800`appName=graduation`hostName=localhost`logLevel=DEBUG`==> Parameters: 1(Long)
time=2019-02-18T17:51:24.035+0800`appName=graduation`hostName=localhost`logLevel=DEBUG`<==      Total: 13
time=2019-02-18T17:51:24.053+0800`appName=graduation`hostName=localhost`logLevel=DEBUG`==>  Preparing: SELECT menu_id AS menuId,title,href,icon,status,parent_id,ctime,utime FROM menu WHERE menu_id IN (?,?,?,?,?,?,?,?,?,?,?,?,?) 
time=2019-02-18T17:51:24.055+0800`appName=graduation`hostName=localhost`logLevel=DEBUG`==> Parameters: 1(Long), 7(Long), 8(Long), 2(Long), 3(Long), 5(Long), 13(Long), 14(Long), 15(Long), 16(Long), 17(Long), 18(Long), 19(Long)
time=2019-02-18T17:51:24.062+0800`appName=graduation`hostName=localhost`logLevel=DEBUG`<==      Total: 13
time=2019-02-18T17:51:24.647+0800`appName=graduation`hostName=localhost`logLevel=DEBUG`==>  Preparing: SELECT COUNT(1) FROM recruit_unit WHERE 1 = 1 
time=2019-02-18T17:51:24.648+0800`appName=graduation`hostName=localhost`logLevel=DEBUG`==> Parameters: 
time=2019-02-18T17:51:24.650+0800`appName=graduation`hostName=localhost`logLevel=DEBUG`==>  Preparing: SELECT unit_id AS unitId,unit_name AS unitName,industry,property,scale,unit_web AS unitWeb,contractor,mobile,status,deleted,ctime,utime FROM recruit_unit WHERE 1=1 ORDER BY ctime DESC 
time=2019-02-18T17:51:24.651+0800`appName=graduation`hostName=localhost`logLevel=DEBUG`==> Parameters: 
time=2019-02-18T17:51:24.653+0800`appName=graduation`hostName=localhost`logLevel=DEBUG`<==      Total: 0
time=2019-02-18T18:09:23.941+0800`appName=graduation`hostName=localhost`logLevel=DEBUG`==>  Preparing: SELECT relation_id AS relationId,operator_id AS operatorId,role_id AS roleId,deleted,ctime,utime FROM operator_role_relation WHERE operator_id = ? 
time=2019-02-18T18:09:23.977+0800`appName=graduation`hostName=localhost`logLevel=DEBUG`==> Parameters: 15207312(Long)
time=2019-02-18T18:09:24.013+0800`appName=graduation`hostName=localhost`logLevel=DEBUG`<==      Total: 1
time=2019-02-18T18:09:24.028+0800`appName=graduation`hostName=localhost`logLevel=DEBUG`==>  Preparing: SELECT relation_id AS relationId,role_id AS roleId,menu_id AS menuId,status,ctime,utime FROM role_menu_relation WHERE role_id = ? 
time=2019-02-18T18:09:24.028+0800`appName=graduation`hostName=localhost`logLevel=DEBUG`==> Parameters: 1(Long)
time=2019-02-18T18:09:24.035+0800`appName=graduation`hostName=localhost`logLevel=DEBUG`<==      Total: 13
time=2019-02-18T18:09:24.055+0800`appName=graduation`hostName=localhost`logLevel=DEBUG`==>  Preparing: SELECT menu_id AS menuId,title,href,icon,status,parent_id,ctime,utime FROM menu WHERE menu_id IN (?,?,?,?,?,?,?,?,?,?,?,?,?) 
time=2019-02-18T18:09:24.057+0800`appName=graduation`hostName=localhost`logLevel=DEBUG`==> Parameters: 1(Long), 7(Long), 8(Long), 2(Long), 3(Long), 5(Long), 13(Long), 14(Long), 15(Long), 16(Long), 17(Long), 18(Long), 19(Long)
time=2019-02-18T18:09:24.067+0800`appName=graduation`hostName=localhost`logLevel=DEBUG`<==      Total: 13
time=2019-02-18T18:09:24.741+0800`appName=graduation`hostName=localhost`logLevel=DEBUG`==>  Preparing: SELECT COUNT(1) FROM recruit_unit WHERE 1 = 1 
time=2019-02-18T18:09:24.742+0800`appName=graduation`hostName=localhost`logLevel=DEBUG`==> Parameters: 
time=2019-02-18T18:09:24.748+0800`appName=graduation`hostName=localhost`logLevel=DEBUG`==>  Preparing: SELECT unit_id AS unitId,unit_name AS unitName,industry,property,scale,unit_web AS unitWeb,contractor,mobile,status,deleted,ctime,utime FROM recruit_unit WHERE 1=1 ORDER BY ctime DESC 
time=2019-02-18T18:09:24.749+0800`appName=graduation`hostName=localhost`logLevel=DEBUG`==> Parameters: 
time=2019-02-18T18:09:24.753+0800`appName=graduation`hostName=localhost`logLevel=DEBUG`<==      Total: 0
time=2019-02-18T18:09:30.193+0800`appName=graduation`hostName=localhost`logLevel=DEBUG`==>  Preparing: SELECT COUNT(1) FROM recruit_unit WHERE 1 = 1 
time=2019-02-18T18:09:30.194+0800`appName=graduation`hostName=localhost`logLevel=DEBUG`==> Parameters: 
time=2019-02-18T18:09:30.197+0800`appName=graduation`hostName=localhost`logLevel=DEBUG`==>  Preparing: SELECT unit_id AS unitId,unit_name AS unitName,industry,property,scale,unit_web AS unitWeb,contractor,mobile,status,deleted,ctime,utime FROM recruit_unit WHERE 1=1 ORDER BY ctime DESC 
time=2019-02-18T18:09:30.198+0800`appName=graduation`hostName=localhost`logLevel=DEBUG`==> Parameters: 
time=2019-02-18T18:09:30.200+0800`appName=graduation`hostName=localhost`logLevel=DEBUG`<==      Total: 0
time=2019-02-18T18:10:08.463+0800`appName=graduation`hostName=localhost`logLevel=DEBUG`==>  Preparing: SELECT relation_id AS relationId,operator_id AS operatorId,role_id AS roleId,deleted,ctime,utime FROM operator_role_relation WHERE operator_id = ? 
time=2019-02-18T18:10:08.495+0800`appName=graduation`hostName=localhost`logLevel=DEBUG`==> Parameters: 15207312(Long)
time=2019-02-18T18:10:08.522+0800`appName=graduation`hostName=localhost`logLevel=DEBUG`<==      Total: 1
time=2019-02-18T18:10:08.534+0800`appName=graduation`hostName=localhost`logLevel=DEBUG`==>  Preparing: SELECT relation_id AS relationId,role_id AS roleId,menu_id AS menuId,status,ctime,utime FROM role_menu_relation WHERE role_id = ? 
time=2019-02-18T18:10:08.535+0800`appName=graduation`hostName=localhost`logLevel=DEBUG`==> Parameters: 1(Long)
time=2019-02-18T18:10:08.541+0800`appName=graduation`hostName=localhost`logLevel=DEBUG`<==      Total: 13
time=2019-02-18T18:10:08.560+0800`appName=graduation`hostName=localhost`logLevel=DEBUG`==>  Preparing: SELECT menu_id AS menuId,title,href,icon,status,parent_id,ctime,utime FROM menu WHERE menu_id IN (?,?,?,?,?,?,?,?,?,?,?,?,?) 
time=2019-02-18T18:10:08.562+0800`appName=graduation`hostName=localhost`logLevel=DEBUG`==> Parameters: 1(Long), 7(Long), 8(Long), 2(Long), 3(Long), 5(Long), 13(Long), 14(Long), 15(Long), 16(Long), 17(Long), 18(Long), 19(Long)
time=2019-02-18T18:10:08.569+0800`appName=graduation`hostName=localhost`logLevel=DEBUG`<==      Total: 13
time=2019-02-18T18:10:09.027+0800`appName=graduation`hostName=localhost`logLevel=DEBUG`==>  Preparing: SELECT COUNT(1) FROM recruit_unit WHERE 1 = 1 
time=2019-02-18T18:10:09.027+0800`appName=graduation`hostName=localhost`logLevel=DEBUG`==> Parameters: 
time=2019-02-18T18:10:09.029+0800`appName=graduation`hostName=localhost`logLevel=DEBUG`==>  Preparing: SELECT unit_id AS unitId,unit_name AS unitName,industry,property,scale,unit_web AS unitWeb,contractor,mobile,status,deleted,ctime,utime FROM recruit_unit WHERE 1=1 ORDER BY ctime DESC 
time=2019-02-18T18:10:09.030+0800`appName=graduation`hostName=localhost`logLevel=DEBUG`==> Parameters: 
time=2019-02-18T18:10:09.032+0800`appName=graduation`hostName=localhost`logLevel=DEBUG`<==      Total: 0
time=2019-02-18T18:19:56.018+0800`appName=graduation`hostName=localhost`logLevel=DEBUG`==>  Preparing: SELECT relation_id AS relationId,operator_id AS operatorId,role_id AS roleId,deleted,ctime,utime FROM operator_role_relation WHERE operator_id = ? 
time=2019-02-18T18:19:56.053+0800`appName=graduation`hostName=localhost`logLevel=DEBUG`==> Parameters: 15207312(Long)
time=2019-02-18T18:19:56.080+0800`appName=graduation`hostName=localhost`logLevel=DEBUG`<==      Total: 1
time=2019-02-18T18:19:56.093+0800`appName=graduation`hostName=localhost`logLevel=DEBUG`==>  Preparing: SELECT relation_id AS relationId,role_id AS roleId,menu_id AS menuId,status,ctime,utime FROM role_menu_relation WHERE role_id = ? 
time=2019-02-18T18:19:56.093+0800`appName=graduation`hostName=localhost`logLevel=DEBUG`==> Parameters: 1(Long)
time=2019-02-18T18:19:56.100+0800`appName=graduation`hostName=localhost`logLevel=DEBUG`<==      Total: 13
time=2019-02-18T18:19:56.117+0800`appName=graduation`hostName=localhost`logLevel=DEBUG`==>  Preparing: SELECT menu_id AS menuId,title,href,icon,status,parent_id,ctime,utime FROM menu WHERE menu_id IN (?,?,?,?,?,?,?,?,?,?,?,?,?) 
time=2019-02-18T18:19:56.119+0800`appName=graduation`hostName=localhost`logLevel=DEBUG`==> Parameters: 1(Long), 7(Long), 8(Long), 2(Long), 3(Long), 5(Long), 13(Long), 14(Long), 15(Long), 16(Long), 17(Long), 18(Long), 19(Long)
time=2019-02-18T18:19:56.129+0800`appName=graduation`hostName=localhost`logLevel=DEBUG`<==      Total: 13
time=2019-02-18T18:19:56.647+0800`appName=graduation`hostName=localhost`logLevel=DEBUG`==>  Preparing: SELECT COUNT(1) FROM recruit_unit WHERE 1 = 1 
time=2019-02-18T18:19:56.647+0800`appName=graduation`hostName=localhost`logLevel=DEBUG`==> Parameters: 
time=2019-02-18T18:19:56.652+0800`appName=graduation`hostName=localhost`logLevel=DEBUG`==>  Preparing: SELECT unit_id AS unitId,unit_name AS unitName,industry,property,scale,unit_web AS unitWeb,contractor,mobile,status,deleted,ctime,utime FROM recruit_unit WHERE 1=1 ORDER BY ctime DESC 
time=2019-02-18T18:19:56.652+0800`appName=graduation`hostName=localhost`logLevel=DEBUG`==> Parameters: 
time=2019-02-18T18:19:56.655+0800`appName=graduation`hostName=localhost`logLevel=DEBUG`<==      Total: 0
time=2019-02-18T18:21:49.663+0800`appName=graduation`hostName=localhost`logLevel=DEBUG`==>  Preparing: SELECT relation_id AS relationId,operator_id AS operatorId,role_id AS roleId,deleted,ctime,utime FROM operator_role_relation WHERE operator_id = ? 
time=2019-02-18T18:21:49.698+0800`appName=graduation`hostName=localhost`logLevel=DEBUG`==> Parameters: 15207312(Long)
time=2019-02-18T18:21:49.729+0800`appName=graduation`hostName=localhost`logLevel=DEBUG`<==      Total: 1
time=2019-02-18T18:21:49.741+0800`appName=graduation`hostName=localhost`logLevel=DEBUG`==>  Preparing: SELECT relation_id AS relationId,role_id AS roleId,menu_id AS menuId,status,ctime,utime FROM role_menu_relation WHERE role_id = ? 
time=2019-02-18T18:21:49.742+0800`appName=graduation`hostName=localhost`logLevel=DEBUG`==> Parameters: 1(Long)
time=2019-02-18T18:21:49.751+0800`appName=graduation`hostName=localhost`logLevel=DEBUG`<==      Total: 13
time=2019-02-18T18:21:49.771+0800`appName=graduation`hostName=localhost`logLevel=DEBUG`==>  Preparing: SELECT menu_id AS menuId,title,href,icon,status,parent_id,ctime,utime FROM menu WHERE menu_id IN (?,?,?,?,?,?,?,?,?,?,?,?,?) 
time=2019-02-18T18:21:49.773+0800`appName=graduation`hostName=localhost`logLevel=DEBUG`==> Parameters: 1(Long), 7(Long), 8(Long), 2(Long), 3(Long), 5(Long), 13(Long), 14(Long), 15(Long), 16(Long), 17(Long), 18(Long), 19(Long)
time=2019-02-18T18:21:49.781+0800`appName=graduation`hostName=localhost`logLevel=DEBUG`<==      Total: 13
time=2019-02-18T18:21:50.278+0800`appName=graduation`hostName=localhost`logLevel=DEBUG`==>  Preparing: SELECT COUNT(1) FROM recruit_unit WHERE 1 = 1 
time=2019-02-18T18:21:50.279+0800`appName=graduation`hostName=localhost`logLevel=DEBUG`==> Parameters: 
time=2019-02-18T18:21:50.282+0800`appName=graduation`hostName=localhost`logLevel=DEBUG`==>  Preparing: SELECT unit_id AS unitId,unit_name AS unitName,industry,property,scale,unit_web AS unitWeb,contractor,mobile,status,deleted,ctime,utime FROM recruit_unit WHERE 1=1 ORDER BY ctime DESC 
time=2019-02-18T18:21:50.282+0800`appName=graduation`hostName=localhost`logLevel=DEBUG`==> Parameters: 
time=2019-02-18T18:21:50.285+0800`appName=graduation`hostName=localhost`logLevel=DEBUG`<==      Total: 0
time=2019-02-18T19:11:19.601+0800`appName=graduation`hostName=localhost`logLevel=DEBUG`==>  Preparing: SELECT relation_id AS relationId,operator_id AS operatorId,role_id AS roleId,deleted,ctime,utime FROM operator_role_relation WHERE operator_id = ? 
time=2019-02-18T19:11:19.637+0800`appName=graduation`hostName=localhost`logLevel=DEBUG`==> Parameters: 15207312(Long)
time=2019-02-18T19:11:19.662+0800`appName=graduation`hostName=localhost`logLevel=DEBUG`<==      Total: 1
time=2019-02-18T19:11:19.674+0800`appName=graduation`hostName=localhost`logLevel=DEBUG`==>  Preparing: SELECT relation_id AS relationId,role_id AS roleId,menu_id AS menuId,status,ctime,utime FROM role_menu_relation WHERE role_id = ? 
time=2019-02-18T19:11:19.674+0800`appName=graduation`hostName=localhost`logLevel=DEBUG`==> Parameters: 1(Long)
time=2019-02-18T19:11:19.680+0800`appName=graduation`hostName=localhost`logLevel=DEBUG`<==      Total: 13
time=2019-02-18T19:11:19.699+0800`appName=graduation`hostName=localhost`logLevel=DEBUG`==>  Preparing: SELECT menu_id AS menuId,title,href,icon,status,parent_id,ctime,utime FROM menu WHERE menu_id IN (?,?,?,?,?,?,?,?,?,?,?,?,?) 
time=2019-02-18T19:11:19.701+0800`appName=graduation`hostName=localhost`logLevel=DEBUG`==> Parameters: 1(Long), 7(Long), 8(Long), 2(Long), 3(Long), 5(Long), 13(Long), 14(Long), 15(Long), 16(Long), 17(Long), 18(Long), 19(Long)
time=2019-02-18T19:11:19.709+0800`appName=graduation`hostName=localhost`logLevel=DEBUG`<==      Total: 13
time=2019-02-18T19:11:20.266+0800`appName=graduation`hostName=localhost`logLevel=DEBUG`==>  Preparing: SELECT COUNT(1) FROM recruit_unit WHERE 1 = 1 
time=2019-02-18T19:11:20.266+0800`appName=graduation`hostName=localhost`logLevel=DEBUG`==> Parameters: 
time=2019-02-18T19:11:20.269+0800`appName=graduation`hostName=localhost`logLevel=DEBUG`==>  Preparing: SELECT unit_id AS unitId,unit_name AS unitName,industry,property,scale,unit_web AS unitWeb,contractor,mobile,status,deleted,ctime,utime FROM recruit_unit WHERE 1=1 ORDER BY ctime DESC 
time=2019-02-18T19:11:20.269+0800`appName=graduation`hostName=localhost`logLevel=DEBUG`==> Parameters: 
time=2019-02-18T19:11:20.272+0800`appName=graduation`hostName=localhost`logLevel=DEBUG`<==      Total: 0
time=2019-02-18T19:13:30.920+0800`appName=graduation`hostName=localhost`logLevel=DEBUG`==>  Preparing: SELECT relation_id AS relationId,operator_id AS operatorId,role_id AS roleId,deleted,ctime,utime FROM operator_role_relation WHERE operator_id = ? 
time=2019-02-18T19:13:30.922+0800`appName=graduation`hostName=localhost`logLevel=DEBUG`==> Parameters: 15207312(Long)
time=2019-02-18T19:13:30.925+0800`appName=graduation`hostName=localhost`logLevel=DEBUG`<==      Total: 1
time=2019-02-18T19:13:30.927+0800`appName=graduation`hostName=localhost`logLevel=DEBUG`==>  Preparing: SELECT relation_id AS relationId,role_id AS roleId,menu_id AS menuId,status,ctime,utime FROM role_menu_relation WHERE role_id = ? 
time=2019-02-18T19:13:30.927+0800`appName=graduation`hostName=localhost`logLevel=DEBUG`==> Parameters: 1(Long)
time=2019-02-18T19:13:30.934+0800`appName=graduation`hostName=localhost`logLevel=DEBUG`<==      Total: 13
time=2019-02-18T19:13:30.939+0800`appName=graduation`hostName=localhost`logLevel=DEBUG`==>  Preparing: SELECT menu_id AS menuId,title,href,icon,status,parent_id,ctime,utime FROM menu WHERE menu_id IN (?,?,?,?,?,?,?,?,?,?,?,?,?) 
time=2019-02-18T19:13:30.940+0800`appName=graduation`hostName=localhost`logLevel=DEBUG`==> Parameters: 1(Long), 7(Long), 8(Long), 2(Long), 3(Long), 5(Long), 13(Long), 14(Long), 15(Long), 16(Long), 17(Long), 18(Long), 19(Long)
time=2019-02-18T19:13:30.949+0800`appName=graduation`hostName=localhost`logLevel=DEBUG`<==      Total: 13
time=2019-02-18T19:13:31.261+0800`appName=graduation`hostName=localhost`logLevel=DEBUG`==>  Preparing: SELECT COUNT(1) FROM recruit_unit WHERE 1 = 1 
time=2019-02-18T19:13:31.263+0800`appName=graduation`hostName=localhost`logLevel=DEBUG`==> Parameters: 
time=2019-02-18T19:13:31.274+0800`appName=graduation`hostName=localhost`logLevel=DEBUG`==>  Preparing: SELECT unit_id AS unitId,unit_name AS unitName,industry,property,scale,unit_web AS unitWeb,contractor,mobile,status,deleted,ctime,utime FROM recruit_unit WHERE 1=1 ORDER BY ctime DESC LIMIT 0,20 
time=2019-02-18T19:13:31.275+0800`appName=graduation`hostName=localhost`logLevel=DEBUG`==> Parameters: 
time=2019-02-18T19:13:31.282+0800`appName=graduation`hostName=localhost`logLevel=DEBUG`<==      Total: 1
