time=2019-01-14T21:23:26.799+0800`appName=graduation1`hostName=localhost`logLevel=DEBUG`==>  Preparing: SELECT relation_id AS relationId,role_id AS roleId,menu_id AS menuId,status,ctime,utime FROM role_menu_relation WHERE role_id = ? 
time=2019-01-14T21:23:26.867+0800`appName=graduation1`hostName=localhost`logLevel=DEBUG`==> Parameters: 1(Long)
time=2019-01-14T21:23:26.937+0800`appName=graduation1`hostName=localhost`logLevel=DEBUG`<==      Total: 4
time=2019-01-14T21:23:26.963+0800`appName=graduation1`hostName=localhost`logLevel=DEBUG`==>  Preparing: SELECT menu_id AS menuId,title,href,icon,status,parent_id,ctime,utime FROM menu WHERE menu_id IN (?,?,?,?) 
time=2019-01-14T21:23:26.964+0800`appName=graduation1`hostName=localhost`logLevel=DEBUG`==> Parameters: 2(Long), 3(Long), 4(Long), 5(Long)
time=2019-01-14T21:23:26.976+0800`appName=graduation1`hostName=localhost`logLevel=DEBUG`<==      Total: 4
time=2019-01-14T21:23:31.861+0800`appName=graduation1`hostName=localhost`logLevel=DEBUG`==>  Preparing: SELECT role_id AS roleId,role_name AS roleName,remark,deleted,ctime,utime FROM role 
time=2019-01-14T21:23:31.862+0800`appName=graduation1`hostName=localhost`logLevel=DEBUG`==> Parameters: 
time=2019-01-14T21:23:31.867+0800`appName=graduation1`hostName=localhost`logLevel=DEBUG`<==      Total: 1
time=2019-01-14T21:29:44.429+0800`appName=graduation1`hostName=localhost`logLevel=DEBUG`==>  Preparing: SELECT relation_id AS relationId,role_id AS roleId,menu_id AS menuId,status,ctime,utime FROM role_menu_relation WHERE role_id = ? 
time=2019-01-14T21:29:44.492+0800`appName=graduation1`hostName=localhost`logLevel=DEBUG`==> Parameters: 1(Long)
time=2019-01-14T21:29:44.516+0800`appName=graduation1`hostName=localhost`logLevel=DEBUG`<==      Total: 4
time=2019-01-14T21:29:44.532+0800`appName=graduation1`hostName=localhost`logLevel=DEBUG`==>  Preparing: SELECT menu_id AS menuId,title,href,icon,status,parent_id,ctime,utime FROM menu WHERE menu_id IN (?,?,?,?) 
time=2019-01-14T21:29:44.533+0800`appName=graduation1`hostName=localhost`logLevel=DEBUG`==> Parameters: 2(Long), 3(Long), 4(Long), 5(Long)
time=2019-01-14T21:29:44.536+0800`appName=graduation1`hostName=localhost`logLevel=DEBUG`<==      Total: 4
time=2019-01-14T21:29:45.229+0800`appName=graduation1`hostName=localhost`logLevel=DEBUG`==>  Preparing: SELECT role_id AS roleId,role_name AS roleName,remark,deleted,ctime,utime FROM role 
time=2019-01-14T21:29:45.230+0800`appName=graduation1`hostName=localhost`logLevel=DEBUG`==> Parameters: 
time=2019-01-14T21:29:45.231+0800`appName=graduation1`hostName=localhost`logLevel=DEBUG`<==      Total: 1
time=2019-01-14T21:30:35.890+0800`appName=graduation1`hostName=localhost`logLevel=DEBUG`==>  Preparing: SELECT relation_id AS relationId,role_id AS roleId,menu_id AS menuId,status,ctime,utime FROM role_menu_relation WHERE role_id = ? 
time=2019-01-14T21:30:35.922+0800`appName=graduation1`hostName=localhost`logLevel=DEBUG`==> Parameters: 1(Long)
time=2019-01-14T21:30:35.946+0800`appName=graduation1`hostName=localhost`logLevel=DEBUG`<==      Total: 4
time=2019-01-14T21:30:35.962+0800`appName=graduation1`hostName=localhost`logLevel=DEBUG`==>  Preparing: SELECT menu_id AS menuId,title,href,icon,status,parent_id,ctime,utime FROM menu WHERE menu_id IN (?,?,?,?) 
time=2019-01-14T21:30:35.963+0800`appName=graduation1`hostName=localhost`logLevel=DEBUG`==> Parameters: 2(Long), 3(Long), 4(Long), 5(Long)
time=2019-01-14T21:30:35.966+0800`appName=graduation1`hostName=localhost`logLevel=DEBUG`<==      Total: 4
time=2019-01-14T21:30:36.528+0800`appName=graduation1`hostName=localhost`logLevel=DEBUG`==>  Preparing: SELECT role_id AS roleId,role_name AS roleName,remark,deleted,ctime,utime FROM role 
time=2019-01-14T21:30:36.528+0800`appName=graduation1`hostName=localhost`logLevel=DEBUG`==> Parameters: 
time=2019-01-14T21:30:36.528+0800`appName=graduation1`hostName=localhost`logLevel=DEBUG`<==      Total: 1
time=2019-01-14T21:31:59.447+0800`appName=graduation1`hostName=localhost`logLevel=DEBUG`==>  Preparing: SELECT relation_id AS relationId,role_id AS roleId,menu_id AS menuId,status,ctime,utime FROM role_menu_relation WHERE role_id = ? 
time=2019-01-14T21:31:59.481+0800`appName=graduation1`hostName=localhost`logLevel=DEBUG`==> Parameters: 1(Long)
time=2019-01-14T21:31:59.507+0800`appName=graduation1`hostName=localhost`logLevel=DEBUG`<==      Total: 4
time=2019-01-14T21:31:59.522+0800`appName=graduation1`hostName=localhost`logLevel=DEBUG`==>  Preparing: SELECT menu_id AS menuId,title,href,icon,status,parent_id,ctime,utime FROM menu WHERE menu_id IN (?,?,?,?) 
time=2019-01-14T21:31:59.523+0800`appName=graduation1`hostName=localhost`logLevel=DEBUG`==> Parameters: 2(Long), 3(Long), 4(Long), 5(Long)
time=2019-01-14T21:31:59.526+0800`appName=graduation1`hostName=localhost`logLevel=DEBUG`<==      Total: 4
time=2019-01-14T21:32:00.080+0800`appName=graduation1`hostName=localhost`logLevel=DEBUG`==>  Preparing: SELECT role_id AS roleId,role_name AS roleName,remark,deleted,ctime,utime FROM role 
time=2019-01-14T21:32:00.080+0800`appName=graduation1`hostName=localhost`logLevel=DEBUG`==> Parameters: 
time=2019-01-14T21:32:00.080+0800`appName=graduation1`hostName=localhost`logLevel=DEBUG`<==      Total: 1
time=2019-01-14T21:35:53.370+0800`appName=graduation1`hostName=localhost`logLevel=DEBUG`==>  Preparing: SELECT relation_id AS relationId,role_id AS roleId,menu_id AS menuId,status,ctime,utime FROM role_menu_relation WHERE role_id = ? 
time=2019-01-14T21:35:53.403+0800`appName=graduation1`hostName=localhost`logLevel=DEBUG`==> Parameters: 1(Long)
time=2019-01-14T21:35:53.426+0800`appName=graduation1`hostName=localhost`logLevel=DEBUG`<==      Total: 4
time=2019-01-14T21:35:53.443+0800`appName=graduation1`hostName=localhost`logLevel=DEBUG`==>  Preparing: SELECT menu_id AS menuId,title,href,icon,status,parent_id,ctime,utime FROM menu WHERE menu_id IN (?,?,?,?) 
time=2019-01-14T21:35:53.444+0800`appName=graduation1`hostName=localhost`logLevel=DEBUG`==> Parameters: 2(Long), 3(Long), 4(Long), 5(Long)
time=2019-01-14T21:35:53.447+0800`appName=graduation1`hostName=localhost`logLevel=DEBUG`<==      Total: 4
time=2019-01-14T21:35:54.012+0800`appName=graduation1`hostName=localhost`logLevel=DEBUG`==>  Preparing: SELECT role_id AS roleId,role_name AS roleName,remark,deleted,ctime,utime FROM role 
time=2019-01-14T21:35:54.012+0800`appName=graduation1`hostName=localhost`logLevel=DEBUG`==> Parameters: 
time=2019-01-14T21:35:54.012+0800`appName=graduation1`hostName=localhost`logLevel=DEBUG`<==      Total: 1
time=2019-01-14T21:39:42.573+0800`appName=graduation1`hostName=localhost`logLevel=DEBUG`==>  Preparing: SELECT relation_id AS relationId,role_id AS roleId,menu_id AS menuId,status,ctime,utime FROM role_menu_relation WHERE role_id = ? 
time=2019-01-14T21:39:42.606+0800`appName=graduation1`hostName=localhost`logLevel=DEBUG`==> Parameters: 1(Long)
time=2019-01-14T21:39:42.629+0800`appName=graduation1`hostName=localhost`logLevel=DEBUG`<==      Total: 4
time=2019-01-14T21:39:42.646+0800`appName=graduation1`hostName=localhost`logLevel=DEBUG`==>  Preparing: SELECT menu_id AS menuId,title,href,icon,status,parent_id,ctime,utime FROM menu WHERE menu_id IN (?,?,?,?) 
time=2019-01-14T21:39:42.647+0800`appName=graduation1`hostName=localhost`logLevel=DEBUG`==> Parameters: 2(Long), 3(Long), 4(Long), 5(Long)
time=2019-01-14T21:39:42.649+0800`appName=graduation1`hostName=localhost`logLevel=DEBUG`<==      Total: 4
time=2019-01-14T21:39:43.210+0800`appName=graduation1`hostName=localhost`logLevel=DEBUG`==>  Preparing: SELECT role_id AS roleId,role_name AS roleName,remark,deleted,ctime,utime FROM role 
time=2019-01-14T21:39:43.211+0800`appName=graduation1`hostName=localhost`logLevel=DEBUG`==> Parameters: 
time=2019-01-14T21:39:43.213+0800`appName=graduation1`hostName=localhost`logLevel=DEBUG`<==      Total: 1
time=2019-01-14T21:43:35.307+0800`appName=graduation1`hostName=localhost`logLevel=DEBUG`==>  Preparing: SELECT relation_id AS relationId,role_id AS roleId,menu_id AS menuId,status,ctime,utime FROM role_menu_relation WHERE role_id = ? 
time=2019-01-14T21:43:35.339+0800`appName=graduation1`hostName=localhost`logLevel=DEBUG`==> Parameters: 1(Long)
time=2019-01-14T21:43:35.364+0800`appName=graduation1`hostName=localhost`logLevel=DEBUG`<==      Total: 4
time=2019-01-14T21:43:35.379+0800`appName=graduation1`hostName=localhost`logLevel=DEBUG`==>  Preparing: SELECT menu_id AS menuId,title,href,icon,status,parent_id,ctime,utime FROM menu WHERE menu_id IN (?,?,?,?) 
time=2019-01-14T21:43:35.380+0800`appName=graduation1`hostName=localhost`logLevel=DEBUG`==> Parameters: 2(Long), 3(Long), 4(Long), 5(Long)
time=2019-01-14T21:43:35.383+0800`appName=graduation1`hostName=localhost`logLevel=DEBUG`<==      Total: 4
time=2019-01-14T21:43:35.987+0800`appName=graduation1`hostName=localhost`logLevel=DEBUG`==>  Preparing: SELECT role_id AS roleId,role_name AS roleName,remark,deleted,ctime,utime FROM role 
time=2019-01-14T21:43:35.989+0800`appName=graduation1`hostName=localhost`logLevel=DEBUG`==> Parameters: 
time=2019-01-14T21:43:35.991+0800`appName=graduation1`hostName=localhost`logLevel=DEBUG`<==      Total: 1
time=2019-01-14T21:45:58.332+0800`appName=graduation1`hostName=localhost`logLevel=DEBUG`==>  Preparing: SELECT relation_id AS relationId,role_id AS roleId,menu_id AS menuId,status,ctime,utime FROM role_menu_relation WHERE role_id = ? 
time=2019-01-14T21:45:58.364+0800`appName=graduation1`hostName=localhost`logLevel=DEBUG`==> Parameters: 1(Long)
time=2019-01-14T21:45:58.387+0800`appName=graduation1`hostName=localhost`logLevel=DEBUG`<==      Total: 4
time=2019-01-14T21:45:58.403+0800`appName=graduation1`hostName=localhost`logLevel=DEBUG`==>  Preparing: SELECT menu_id AS menuId,title,href,icon,status,parent_id,ctime,utime FROM menu WHERE menu_id IN (?,?,?,?) 
time=2019-01-14T21:45:58.404+0800`appName=graduation1`hostName=localhost`logLevel=DEBUG`==> Parameters: 2(Long), 3(Long), 4(Long), 5(Long)
time=2019-01-14T21:45:58.407+0800`appName=graduation1`hostName=localhost`logLevel=DEBUG`<==      Total: 4
time=2019-01-14T21:45:59.198+0800`appName=graduation1`hostName=localhost`logLevel=DEBUG`==>  Preparing: SELECT role_id AS roleId,role_name AS roleName,remark,deleted,ctime,utime FROM role 
time=2019-01-14T21:45:59.199+0800`appName=graduation1`hostName=localhost`logLevel=DEBUG`==> Parameters: 
time=2019-01-14T21:45:59.201+0800`appName=graduation1`hostName=localhost`logLevel=DEBUG`<==      Total: 1
time=2019-01-14T21:47:16.113+0800`appName=graduation1`hostName=localhost`logLevel=DEBUG`==>  Preparing: SELECT relation_id AS relationId,role_id AS roleId,menu_id AS menuId,status,ctime,utime FROM role_menu_relation WHERE role_id = ? 
time=2019-01-14T21:47:16.145+0800`appName=graduation1`hostName=localhost`logLevel=DEBUG`==> Parameters: 1(Long)
time=2019-01-14T21:47:16.169+0800`appName=graduation1`hostName=localhost`logLevel=DEBUG`<==      Total: 4
time=2019-01-14T21:47:16.184+0800`appName=graduation1`hostName=localhost`logLevel=DEBUG`==>  Preparing: SELECT menu_id AS menuId,title,href,icon,status,parent_id,ctime,utime FROM menu WHERE menu_id IN (?,?,?,?) 
time=2019-01-14T21:47:16.185+0800`appName=graduation1`hostName=localhost`logLevel=DEBUG`==> Parameters: 2(Long), 3(Long), 4(Long), 5(Long)
time=2019-01-14T21:47:16.188+0800`appName=graduation1`hostName=localhost`logLevel=DEBUG`<==      Total: 4
time=2019-01-14T21:47:16.987+0800`appName=graduation1`hostName=localhost`logLevel=DEBUG`==>  Preparing: SELECT role_id AS roleId,role_name AS roleName,remark,deleted,ctime,utime FROM role 
time=2019-01-14T21:47:16.987+0800`appName=graduation1`hostName=localhost`logLevel=DEBUG`==> Parameters: 
time=2019-01-14T21:47:16.987+0800`appName=graduation1`hostName=localhost`logLevel=DEBUG`<==      Total: 1
time=2019-01-14T21:49:48.032+0800`appName=graduation1`hostName=localhost`logLevel=DEBUG`==>  Preparing: SELECT relation_id AS relationId,role_id AS roleId,menu_id AS menuId,status,ctime,utime FROM role_menu_relation WHERE role_id = ? 
time=2019-01-14T21:49:48.067+0800`appName=graduation1`hostName=localhost`logLevel=DEBUG`==> Parameters: 1(Long)
time=2019-01-14T21:49:48.091+0800`appName=graduation1`hostName=localhost`logLevel=DEBUG`<==      Total: 4
time=2019-01-14T21:49:48.109+0800`appName=graduation1`hostName=localhost`logLevel=DEBUG`==>  Preparing: SELECT menu_id AS menuId,title,href,icon,status,parent_id,ctime,utime FROM menu WHERE menu_id IN (?,?,?,?) 
time=2019-01-14T21:49:48.109+0800`appName=graduation1`hostName=localhost`logLevel=DEBUG`==> Parameters: 2(Long), 3(Long), 4(Long), 5(Long)
time=2019-01-14T21:49:48.113+0800`appName=graduation1`hostName=localhost`logLevel=DEBUG`<==      Total: 4
time=2019-01-14T21:49:48.961+0800`appName=graduation1`hostName=localhost`logLevel=DEBUG`==>  Preparing: SELECT role_id AS roleId,role_name AS roleName,remark,deleted,ctime,utime FROM role 
time=2019-01-14T21:49:48.963+0800`appName=graduation1`hostName=localhost`logLevel=DEBUG`==> Parameters: 
time=2019-01-14T21:49:48.965+0800`appName=graduation1`hostName=localhost`logLevel=DEBUG`<==      Total: 1
time=2019-01-14T21:53:45.259+0800`appName=graduation1`hostName=localhost`logLevel=DEBUG`==>  Preparing: SELECT relation_id AS relationId,role_id AS roleId,menu_id AS menuId,status,ctime,utime FROM role_menu_relation WHERE role_id = ? 
time=2019-01-14T21:53:45.290+0800`appName=graduation1`hostName=localhost`logLevel=DEBUG`==> Parameters: 1(Long)
time=2019-01-14T21:53:45.313+0800`appName=graduation1`hostName=localhost`logLevel=DEBUG`<==      Total: 4
time=2019-01-14T21:53:45.329+0800`appName=graduation1`hostName=localhost`logLevel=DEBUG`==>  Preparing: SELECT menu_id AS menuId,title,href,icon,status,parent_id,ctime,utime FROM menu WHERE menu_id IN (?,?,?,?) 
time=2019-01-14T21:53:45.329+0800`appName=graduation1`hostName=localhost`logLevel=DEBUG`==> Parameters: 2(Long), 3(Long), 4(Long), 5(Long)
time=2019-01-14T21:53:45.332+0800`appName=graduation1`hostName=localhost`logLevel=DEBUG`<==      Total: 4
time=2019-01-14T21:53:46.173+0800`appName=graduation1`hostName=localhost`logLevel=DEBUG`==>  Preparing: SELECT role_id AS roleId,role_name AS roleName,remark,deleted,ctime,utime FROM role 
time=2019-01-14T21:53:46.174+0800`appName=graduation1`hostName=localhost`logLevel=DEBUG`==> Parameters: 
time=2019-01-14T21:53:46.175+0800`appName=graduation1`hostName=localhost`logLevel=DEBUG`<==      Total: 1
time=2019-01-14T21:55:19.549+0800`appName=graduation1`hostName=localhost`logLevel=DEBUG`==>  Preparing: SELECT relation_id AS relationId,role_id AS roleId,menu_id AS menuId,status,ctime,utime FROM role_menu_relation WHERE role_id = ? 
time=2019-01-14T21:55:19.582+0800`appName=graduation1`hostName=localhost`logLevel=DEBUG`==> Parameters: 1(Long)
time=2019-01-14T21:55:19.605+0800`appName=graduation1`hostName=localhost`logLevel=DEBUG`<==      Total: 4
time=2019-01-14T21:55:19.621+0800`appName=graduation1`hostName=localhost`logLevel=DEBUG`==>  Preparing: SELECT menu_id AS menuId,title,href,icon,status,parent_id,ctime,utime FROM menu WHERE menu_id IN (?,?,?,?) 
time=2019-01-14T21:55:19.622+0800`appName=graduation1`hostName=localhost`logLevel=DEBUG`==> Parameters: 2(Long), 3(Long), 4(Long), 5(Long)
time=2019-01-14T21:55:19.625+0800`appName=graduation1`hostName=localhost`logLevel=DEBUG`<==      Total: 4
time=2019-01-14T21:55:20.473+0800`appName=graduation1`hostName=localhost`logLevel=DEBUG`==>  Preparing: SELECT role_id AS roleId,role_name AS roleName,remark,deleted,ctime,utime FROM role 
time=2019-01-14T21:55:20.473+0800`appName=graduation1`hostName=localhost`logLevel=DEBUG`==> Parameters: 
time=2019-01-14T21:55:20.473+0800`appName=graduation1`hostName=localhost`logLevel=DEBUG`<==      Total: 1
time=2019-01-14T21:56:06.643+0800`appName=graduation1`hostName=localhost`logLevel=DEBUG`==>  Preparing: SELECT relation_id AS relationId,role_id AS roleId,menu_id AS menuId,status,ctime,utime FROM role_menu_relation WHERE role_id = ? 
time=2019-01-14T21:56:06.674+0800`appName=graduation1`hostName=localhost`logLevel=DEBUG`==> Parameters: 1(Long)
time=2019-01-14T21:56:06.697+0800`appName=graduation1`hostName=localhost`logLevel=DEBUG`<==      Total: 4
time=2019-01-14T21:56:06.712+0800`appName=graduation1`hostName=localhost`logLevel=DEBUG`==>  Preparing: SELECT menu_id AS menuId,title,href,icon,status,parent_id,ctime,utime FROM menu WHERE menu_id IN (?,?,?,?) 
time=2019-01-14T21:56:06.713+0800`appName=graduation1`hostName=localhost`logLevel=DEBUG`==> Parameters: 2(Long), 3(Long), 4(Long), 5(Long)
time=2019-01-14T21:56:06.716+0800`appName=graduation1`hostName=localhost`logLevel=DEBUG`<==      Total: 4
time=2019-01-14T21:56:07.526+0800`appName=graduation1`hostName=localhost`logLevel=DEBUG`==>  Preparing: SELECT role_id AS roleId,role_name AS roleName,remark,deleted,ctime,utime FROM role 
time=2019-01-14T21:56:07.526+0800`appName=graduation1`hostName=localhost`logLevel=DEBUG`==> Parameters: 
time=2019-01-14T21:56:07.526+0800`appName=graduation1`hostName=localhost`logLevel=DEBUG`<==      Total: 1
time=2019-01-14T21:57:25.233+0800`appName=graduation1`hostName=localhost`logLevel=DEBUG`==>  Preparing: SELECT relation_id AS relationId,role_id AS roleId,menu_id AS menuId,status,ctime,utime FROM role_menu_relation WHERE role_id = ? 
time=2019-01-14T21:57:25.234+0800`appName=graduation1`hostName=localhost`logLevel=DEBUG`==> Parameters: 1(Long)
time=2019-01-14T21:57:25.237+0800`appName=graduation1`hostName=localhost`logLevel=DEBUG`<==      Total: 4
time=2019-01-14T21:57:25.242+0800`appName=graduation1`hostName=localhost`logLevel=DEBUG`==>  Preparing: SELECT menu_id AS menuId,title,href,icon,status,parent_id,ctime,utime FROM menu WHERE menu_id IN (?,?,?,?) 
time=2019-01-14T21:57:25.243+0800`appName=graduation1`hostName=localhost`logLevel=DEBUG`==> Parameters: 2(Long), 3(Long), 4(Long), 5(Long)
time=2019-01-14T21:57:25.249+0800`appName=graduation1`hostName=localhost`logLevel=DEBUG`<==      Total: 4
time=2019-01-14T21:57:25.761+0800`appName=graduation1`hostName=localhost`logLevel=DEBUG`==>  Preparing: SELECT role_id AS roleId,role_name AS roleName,remark,deleted,ctime,utime FROM role 
time=2019-01-14T21:57:25.761+0800`appName=graduation1`hostName=localhost`logLevel=DEBUG`==> Parameters: 
time=2019-01-14T21:57:25.763+0800`appName=graduation1`hostName=localhost`logLevel=DEBUG`<==      Total: 1
time=2019-01-14T22:00:07.478+0800`appName=graduation1`hostName=localhost`logLevel=DEBUG`==>  Preparing: SELECT relation_id AS relationId,role_id AS roleId,menu_id AS menuId,status,ctime,utime FROM role_menu_relation WHERE role_id = ? 
time=2019-01-14T22:00:07.483+0800`appName=graduation1`hostName=localhost`logLevel=DEBUG`==> Parameters: 1(Long)
time=2019-01-14T22:00:07.491+0800`appName=graduation1`hostName=localhost`logLevel=DEBUG`<==      Total: 4
time=2019-01-14T22:00:07.496+0800`appName=graduation1`hostName=localhost`logLevel=DEBUG`==>  Preparing: SELECT menu_id AS menuId,title,href,icon,status,parent_id,ctime,utime FROM menu WHERE menu_id IN (?,?,?,?) 
time=2019-01-14T22:00:07.497+0800`appName=graduation1`hostName=localhost`logLevel=DEBUG`==> Parameters: 2(Long), 3(Long), 4(Long), 5(Long)
time=2019-01-14T22:00:07.499+0800`appName=graduation1`hostName=localhost`logLevel=DEBUG`<==      Total: 4
time=2019-01-14T22:00:08.116+0800`appName=graduation1`hostName=localhost`logLevel=DEBUG`==>  Preparing: SELECT role_id AS roleId,role_name AS roleName,remark,deleted,ctime,utime FROM role 
time=2019-01-14T22:00:08.117+0800`appName=graduation1`hostName=localhost`logLevel=DEBUG`==> Parameters: 
time=2019-01-14T22:00:08.119+0800`appName=graduation1`hostName=localhost`logLevel=DEBUG`<==      Total: 1
time=2019-01-14T22:02:44.008+0800`appName=graduation1`hostName=localhost`logLevel=DEBUG`==>  Preparing: SELECT relation_id AS relationId,role_id AS roleId,menu_id AS menuId,status,ctime,utime FROM role_menu_relation WHERE role_id = ? 
time=2019-01-14T22:02:44.038+0800`appName=graduation1`hostName=localhost`logLevel=DEBUG`==> Parameters: 1(Long)
time=2019-01-14T22:02:44.061+0800`appName=graduation1`hostName=localhost`logLevel=DEBUG`<==      Total: 4
time=2019-01-14T22:02:44.075+0800`appName=graduation1`hostName=localhost`logLevel=DEBUG`==>  Preparing: SELECT menu_id AS menuId,title,href,icon,status,parent_id,ctime,utime FROM menu WHERE menu_id IN (?,?,?,?) 
time=2019-01-14T22:02:44.076+0800`appName=graduation1`hostName=localhost`logLevel=DEBUG`==> Parameters: 2(Long), 3(Long), 4(Long), 5(Long)
time=2019-01-14T22:02:44.079+0800`appName=graduation1`hostName=localhost`logLevel=DEBUG`<==      Total: 4
time=2019-01-14T22:02:44.980+0800`appName=graduation1`hostName=localhost`logLevel=DEBUG`==>  Preparing: SELECT role_id AS roleId,role_name AS roleName,remark,deleted,ctime,utime FROM role 
time=2019-01-14T22:02:44.981+0800`appName=graduation1`hostName=localhost`logLevel=DEBUG`==> Parameters: 
time=2019-01-14T22:02:44.983+0800`appName=graduation1`hostName=localhost`logLevel=DEBUG`<==      Total: 1
time=2019-01-14T22:04:53.699+0800`appName=graduation1`hostName=localhost`logLevel=DEBUG`==>  Preparing: SELECT relation_id AS relationId,role_id AS roleId,menu_id AS menuId,status,ctime,utime FROM role_menu_relation WHERE role_id = ? 
time=2019-01-14T22:04:53.733+0800`appName=graduation1`hostName=localhost`logLevel=DEBUG`==> Parameters: 1(Long)
time=2019-01-14T22:04:53.758+0800`appName=graduation1`hostName=localhost`logLevel=DEBUG`<==      Total: 4
time=2019-01-14T22:04:53.775+0800`appName=graduation1`hostName=localhost`logLevel=DEBUG`==>  Preparing: SELECT menu_id AS menuId,title,href,icon,status,parent_id,ctime,utime FROM menu WHERE menu_id IN (?,?,?,?) 
time=2019-01-14T22:04:53.776+0800`appName=graduation1`hostName=localhost`logLevel=DEBUG`==> Parameters: 2(Long), 3(Long), 4(Long), 5(Long)
time=2019-01-14T22:04:53.778+0800`appName=graduation1`hostName=localhost`logLevel=DEBUG`<==      Total: 4
time=2019-01-14T22:04:54.672+0800`appName=graduation1`hostName=localhost`logLevel=DEBUG`==>  Preparing: SELECT role_id AS roleId,role_name AS roleName,remark,deleted,ctime,utime FROM role 
time=2019-01-14T22:04:54.672+0800`appName=graduation1`hostName=localhost`logLevel=DEBUG`==> Parameters: 
time=2019-01-14T22:04:54.672+0800`appName=graduation1`hostName=localhost`logLevel=DEBUG`<==      Total: 1
time=2019-01-14T22:06:35.643+0800`appName=graduation1`hostName=localhost`logLevel=DEBUG`==>  Preparing: SELECT relation_id AS relationId,role_id AS roleId,menu_id AS menuId,status,ctime,utime FROM role_menu_relation WHERE role_id = ? 
time=2019-01-14T22:06:35.674+0800`appName=graduation1`hostName=localhost`logLevel=DEBUG`==> Parameters: 1(Long)
time=2019-01-14T22:06:35.695+0800`appName=graduation1`hostName=localhost`logLevel=DEBUG`<==      Total: 4
time=2019-01-14T22:06:35.710+0800`appName=graduation1`hostName=localhost`logLevel=DEBUG`==>  Preparing: SELECT menu_id AS menuId,title,href,icon,status,parent_id,ctime,utime FROM menu WHERE menu_id IN (?,?,?,?) 
time=2019-01-14T22:06:35.711+0800`appName=graduation1`hostName=localhost`logLevel=DEBUG`==> Parameters: 2(Long), 3(Long), 4(Long), 5(Long)
time=2019-01-14T22:06:35.714+0800`appName=graduation1`hostName=localhost`logLevel=DEBUG`<==      Total: 4
time=2019-01-14T22:07:03.147+0800`appName=graduation1`hostName=localhost`logLevel=DEBUG`==>  Preparing: SELECT role_id AS roleId,role_name AS roleName,remark,deleted,ctime,utime FROM role 
time=2019-01-14T22:07:03.148+0800`appName=graduation1`hostName=localhost`logLevel=DEBUG`==> Parameters: 
time=2019-01-14T22:07:03.150+0800`appName=graduation1`hostName=localhost`logLevel=DEBUG`<==      Total: 1
time=2019-01-14T22:07:48.711+0800`appName=graduation1`hostName=localhost`logLevel=DEBUG`==>  Preparing: SELECT relation_id AS relationId,role_id AS roleId,menu_id AS menuId,status,ctime,utime FROM role_menu_relation WHERE role_id = ? 
time=2019-01-14T22:07:48.745+0800`appName=graduation1`hostName=localhost`logLevel=DEBUG`==> Parameters: 1(Long)
time=2019-01-14T22:07:48.769+0800`appName=graduation1`hostName=localhost`logLevel=DEBUG`<==      Total: 4
time=2019-01-14T22:07:48.784+0800`appName=graduation1`hostName=localhost`logLevel=DEBUG`==>  Preparing: SELECT menu_id AS menuId,title,href,icon,status,parent_id,ctime,utime FROM menu WHERE menu_id IN (?,?,?,?) 
time=2019-01-14T22:07:48.785+0800`appName=graduation1`hostName=localhost`logLevel=DEBUG`==> Parameters: 2(Long), 3(Long), 4(Long), 5(Long)
time=2019-01-14T22:07:48.788+0800`appName=graduation1`hostName=localhost`logLevel=DEBUG`<==      Total: 4
time=2019-01-14T22:07:49.579+0800`appName=graduation1`hostName=localhost`logLevel=DEBUG`==>  Preparing: SELECT role_id AS roleId,role_name AS roleName,remark,deleted,ctime,utime FROM role 
time=2019-01-14T22:07:49.580+0800`appName=graduation1`hostName=localhost`logLevel=DEBUG`==> Parameters: 
time=2019-01-14T22:07:49.581+0800`appName=graduation1`hostName=localhost`logLevel=DEBUG`<==      Total: 1
time=2019-01-14T22:08:04.146+0800`appName=graduation1`hostName=localhost`logLevel=DEBUG`==>  Preparing: INSERT INTO role ( role_id,role_name,ctime,utime ) VALUES ( ?,?,?,? ) 
time=2019-01-14T22:08:04.146+0800`appName=graduation1`hostName=localhost`logLevel=DEBUG`==> Parameters: 1084814406929412097(Long), (String), 1547474884146(Long), 1547474884146(Long)
time=2019-01-14T22:08:04.156+0800`appName=graduation1`hostName=localhost`logLevel=DEBUG`<==    Updates: 1
time=2019-01-14T22:08:22.865+0800`appName=graduation1`hostName=localhost`logLevel=DEBUG`==>  Preparing: SELECT relation_id AS relationId,role_id AS roleId,menu_id AS menuId,status,ctime,utime FROM role_menu_relation WHERE role_id = ? 
time=2019-01-14T22:08:22.865+0800`appName=graduation1`hostName=localhost`logLevel=DEBUG`==> Parameters: 1(Long)
time=2019-01-14T22:08:22.868+0800`appName=graduation1`hostName=localhost`logLevel=DEBUG`<==      Total: 4
time=2019-01-14T22:08:22.872+0800`appName=graduation1`hostName=localhost`logLevel=DEBUG`==>  Preparing: SELECT menu_id AS menuId,title,href,icon,status,parent_id,ctime,utime FROM menu WHERE menu_id IN (?,?,?,?) 
time=2019-01-14T22:08:22.872+0800`appName=graduation1`hostName=localhost`logLevel=DEBUG`==> Parameters: 2(Long), 3(Long), 4(Long), 5(Long)
time=2019-01-14T22:08:22.876+0800`appName=graduation1`hostName=localhost`logLevel=DEBUG`<==      Total: 4
time=2019-01-14T22:08:23.371+0800`appName=graduation1`hostName=localhost`logLevel=DEBUG`==>  Preparing: SELECT role_id AS roleId,role_name AS roleName,remark,deleted,ctime,utime FROM role 
time=2019-01-14T22:08:23.372+0800`appName=graduation1`hostName=localhost`logLevel=DEBUG`==> Parameters: 
time=2019-01-14T22:08:23.374+0800`appName=graduation1`hostName=localhost`logLevel=DEBUG`<==      Total: 2
time=2019-01-14T22:12:00.685+0800`appName=graduation1`hostName=localhost`logLevel=DEBUG`==>  Preparing: INSERT INTO role ( role_id,role_name,ctime,utime ) VALUES ( ?,?,?,? ) 
time=2019-01-14T22:12:00.685+0800`appName=graduation1`hostName=localhost`logLevel=DEBUG`==> Parameters: 1084815399045885953(Long), 管理员(String), 1547475120685(Long), 1547475120685(Long)
time=2019-01-14T22:12:00.695+0800`appName=graduation1`hostName=localhost`logLevel=DEBUG`<==    Updates: 1
time=2019-01-14T22:12:23.777+0800`appName=graduation1`hostName=localhost`logLevel=DEBUG`==>  Preparing: SELECT relation_id AS relationId,role_id AS roleId,menu_id AS menuId,status,ctime,utime FROM role_menu_relation WHERE role_id = ? 
time=2019-01-14T22:12:23.778+0800`appName=graduation1`hostName=localhost`logLevel=DEBUG`==> Parameters: 1(Long)
time=2019-01-14T22:12:23.781+0800`appName=graduation1`hostName=localhost`logLevel=DEBUG`<==      Total: 4
time=2019-01-14T22:12:23.783+0800`appName=graduation1`hostName=localhost`logLevel=DEBUG`==>  Preparing: SELECT menu_id AS menuId,title,href,icon,status,parent_id,ctime,utime FROM menu WHERE menu_id IN (?,?,?,?) 
time=2019-01-14T22:12:23.784+0800`appName=graduation1`hostName=localhost`logLevel=DEBUG`==> Parameters: 2(Long), 3(Long), 4(Long), 5(Long)
time=2019-01-14T22:12:23.786+0800`appName=graduation1`hostName=localhost`logLevel=DEBUG`<==      Total: 4
time=2019-01-14T22:12:24.311+0800`appName=graduation1`hostName=localhost`logLevel=DEBUG`==>  Preparing: SELECT role_id AS roleId,role_name AS roleName,remark,deleted,ctime,utime FROM role 
time=2019-01-14T22:12:24.312+0800`appName=graduation1`hostName=localhost`logLevel=DEBUG`==> Parameters: 
time=2019-01-14T22:12:24.314+0800`appName=graduation1`hostName=localhost`logLevel=DEBUG`<==      Total: 3
