time=2019-02-11T22:13:41.650+0800`appName=graduation`hostName=localhost`logLevel=DEBUG`==>  Preparing: SELECT operator_id AS operatorId,operator_name AS operatorName,operator_status AS operatorStatus,deleted,mobile,pwd,role_id AS roleId,ctime,utime FROM operator WHERE operator_id=? 
time=2019-02-11T22:13:41.730+0800`appName=graduation`hostName=localhost`logLevel=DEBUG`==> Parameters: 15207312(Long)
time=2019-02-11T22:13:41.762+0800`appName=graduation`hostName=localhost`logLevel=DEBUG`<==      Total: 1
time=2019-02-11T22:13:41.778+0800`appName=graduation`hostName=localhost`logLevel=DEBUG`==>  Preparing: SELECT student_id AS studentId,token,ctime,utime FROM user_web_token WHERE student_id=? 
time=2019-02-11T22:13:41.778+0800`appName=graduation`hostName=localhost`logLevel=DEBUG`==> Parameters: 15207312(Long)
time=2019-02-11T22:13:41.782+0800`appName=graduation`hostName=localhost`logLevel=DEBUG`<==      Total: 1
time=2019-02-11T22:13:41.874+0800`appName=graduation`hostName=localhost`logLevel=DEBUG`==>  Preparing: UPDATE user_web_token SET token=?,utime=? WHERE student_id=? 
time=2019-02-11T22:13:41.874+0800`appName=graduation`hostName=localhost`logLevel=DEBUG`==> Parameters: fbf0b807-eb06-4583-b613-738b86834e3b(String), 1549894421874(Long), 15207312(Long)
time=2019-02-11T22:13:41.878+0800`appName=graduation`hostName=localhost`logLevel=DEBUG`<==    Updates: 1
time=2019-02-11T22:13:42.234+0800`appName=graduation`hostName=localhost`logLevel=DEBUG`==>  Preparing: SELECT relation_id AS relationId,operator_id AS operatorId,role_id AS roleId,deleted,ctime,utime FROM operator_role_relation WHERE operator_id = ? 
time=2019-02-11T22:13:42.234+0800`appName=graduation`hostName=localhost`logLevel=DEBUG`==> Parameters: 15207312(Long)
time=2019-02-11T22:13:42.238+0800`appName=graduation`hostName=localhost`logLevel=DEBUG`<==      Total: 1
time=2019-02-11T22:13:42.250+0800`appName=graduation`hostName=localhost`logLevel=DEBUG`==>  Preparing: SELECT relation_id AS relationId,role_id AS roleId,menu_id AS menuId,status,ctime,utime FROM role_menu_relation WHERE role_id = ? 
time=2019-02-11T22:13:42.250+0800`appName=graduation`hostName=localhost`logLevel=DEBUG`==> Parameters: 1(Long)
time=2019-02-11T22:13:42.254+0800`appName=graduation`hostName=localhost`logLevel=DEBUG`<==      Total: 7
time=2019-02-11T22:13:42.270+0800`appName=graduation`hostName=localhost`logLevel=DEBUG`==>  Preparing: SELECT menu_id AS menuId,title,href,icon,status,parent_id,ctime,utime FROM menu WHERE menu_id IN (?,?,?,?,?,?,?) 
time=2019-02-11T22:13:42.274+0800`appName=graduation`hostName=localhost`logLevel=DEBUG`==> Parameters: 2(Long), 3(Long), 4(Long), 5(Long), 1(Long), 7(Long), 8(Long)
time=2019-02-11T22:13:42.278+0800`appName=graduation`hostName=localhost`logLevel=DEBUG`<==      Total: 6
time=2019-02-11T22:13:42.558+0800`appName=graduation`hostName=localhost`logLevel=DEBUG`==>  Preparing: SELECT role_id AS roleId,role_name AS roleName,remark,deleted,ctime,utime FROM role 
time=2019-02-11T22:13:42.562+0800`appName=graduation`hostName=localhost`logLevel=DEBUG`==> Parameters: 
time=2019-02-11T22:13:42.566+0800`appName=graduation`hostName=localhost`logLevel=DEBUG`<==      Total: 5
time=2019-02-11T23:11:58.863+0800`appName=graduation`hostName=localhost`logLevel=DEBUG`==>  Preparing: SELECT menu_id AS menuId,title,href,icon,status,parent_id,ctime,utime FROM menu 
time=2019-02-11T23:11:58.932+0800`appName=graduation`hostName=localhost`logLevel=DEBUG`==> Parameters: 
time=2019-02-11T23:11:59.003+0800`appName=graduation`hostName=localhost`logLevel=DEBUG`<==      Total: 8
time=2019-02-11T23:12:34.186+0800`appName=graduation`hostName=localhost`logLevel=DEBUG`==>  Preparing: SELECT menu_id AS menuId,title,href,icon,status,parent_id,ctime,utime FROM menu 
time=2019-02-11T23:12:34.188+0800`appName=graduation`hostName=localhost`logLevel=DEBUG`==> Parameters: 
time=2019-02-11T23:12:34.241+0800`appName=graduation`hostName=localhost`logLevel=DEBUG`<==      Total: 8
time=2019-02-11T23:21:06.952+0800`appName=graduation`hostName=localhost`logLevel=DEBUG`==>  Preparing: SELECT menu_id AS menuId,title,href,icon,status,parent_id,ctime,utime FROM menu 
time=2019-02-11T23:21:07.449+0800`appName=graduation`hostName=localhost`logLevel=DEBUG`==> Parameters: 
time=2019-02-11T23:21:07.821+0800`appName=graduation`hostName=localhost`logLevel=DEBUG`<==      Total: 8
time=2019-02-11T23:23:20.270+0800`appName=graduation`hostName=localhost`logLevel=DEBUG`==>  Preparing: SELECT menu_id AS menuId,title,href,icon,status,parent_id,ctime,utime FROM menu 
time=2019-02-11T23:23:20.341+0800`appName=graduation`hostName=localhost`logLevel=DEBUG`==> Parameters: 
time=2019-02-11T23:23:20.371+0800`appName=graduation`hostName=localhost`logLevel=DEBUG`<==      Total: 8
time=2019-02-11T23:23:54.307+0800`appName=graduation`hostName=localhost`logLevel=DEBUG`==>  Preparing: SELECT menu_id AS menuId,title,href,icon,status,parent_id,ctime,utime FROM menu 
time=2019-02-11T23:23:54.308+0800`appName=graduation`hostName=localhost`logLevel=DEBUG`==> Parameters: 
time=2019-02-11T23:23:54.361+0800`appName=graduation`hostName=localhost`logLevel=DEBUG`<==      Total: 8
time=2019-02-11T23:25:27.281+0800`appName=graduation`hostName=localhost`logLevel=DEBUG`==>  Preparing: SELECT menu_id AS menuId,title,href,icon,status,parent_id,ctime,utime FROM menu 
time=2019-02-11T23:25:27.318+0800`appName=graduation`hostName=localhost`logLevel=DEBUG`==> Parameters: 
time=2019-02-11T23:25:27.371+0800`appName=graduation`hostName=localhost`logLevel=DEBUG`<==      Total: 8
time=2019-02-11T23:25:41.685+0800`appName=graduation`hostName=localhost`logLevel=DEBUG`==>  Preparing: SELECT menu_id AS menuId,title,href,icon,status,parent_id,ctime,utime FROM menu 
time=2019-02-11T23:25:41.687+0800`appName=graduation`hostName=localhost`logLevel=DEBUG`==> Parameters: 
time=2019-02-11T23:25:41.739+0800`appName=graduation`hostName=localhost`logLevel=DEBUG`<==      Total: 8
time=2019-02-11T23:35:06.842+0800`appName=graduation`hostName=localhost`logLevel=DEBUG`==>  Preparing: SELECT menu_id AS menuId,title,href,icon,status,parent_id,ctime,utime FROM menu 
time=2019-02-11T23:35:06.877+0800`appName=graduation`hostName=localhost`logLevel=DEBUG`==> Parameters: 
time=2019-02-11T23:35:06.905+0800`appName=graduation`hostName=localhost`logLevel=DEBUG`<==      Total: 8
time=2019-02-11T23:38:28.016+0800`appName=graduation`hostName=localhost`logLevel=DEBUG`==>  Preparing: SELECT menu_id AS menuId,title,href,icon,status,parent_id,ctime,utime FROM menu 
time=2019-02-11T23:38:28.051+0800`appName=graduation`hostName=localhost`logLevel=DEBUG`==> Parameters: 
time=2019-02-11T23:38:28.078+0800`appName=graduation`hostName=localhost`logLevel=DEBUG`<==      Total: 8
time=2019-02-11T23:39:30.966+0800`appName=graduation`hostName=localhost`logLevel=DEBUG`==>  Preparing: SELECT menu_id AS menuId,title,href,icon,status,parent_id,ctime,utime FROM menu 
time=2019-02-11T23:39:30.998+0800`appName=graduation`hostName=localhost`logLevel=DEBUG`==> Parameters: 
time=2019-02-11T23:39:31.026+0800`appName=graduation`hostName=localhost`logLevel=DEBUG`<==      Total: 8
time=2019-02-11T23:47:48.337+0800`appName=graduation`hostName=localhost`logLevel=DEBUG`==>  Preparing: SELECT menu_id AS menuId,title,href,icon,status,parent_id,ctime,utime FROM menu 
time=2019-02-11T23:47:48.381+0800`appName=graduation`hostName=localhost`logLevel=DEBUG`==> Parameters: 
time=2019-02-11T23:47:48.415+0800`appName=graduation`hostName=localhost`logLevel=DEBUG`<==      Total: 8
time=2019-02-11T23:48:41.019+0800`appName=graduation`hostName=localhost`logLevel=DEBUG`==>  Preparing: SELECT relation_id AS relationId,operator_id AS operatorId,role_id AS roleId,deleted,ctime,utime FROM operator_role_relation WHERE operator_id = ? 
time=2019-02-11T23:48:41.021+0800`appName=graduation`hostName=localhost`logLevel=DEBUG`==> Parameters: 15207312(Long)
time=2019-02-11T23:48:41.043+0800`appName=graduation`hostName=localhost`logLevel=DEBUG`<==      Total: 1
time=2019-02-11T23:48:41.052+0800`appName=graduation`hostName=localhost`logLevel=DEBUG`==>  Preparing: SELECT relation_id AS relationId,role_id AS roleId,menu_id AS menuId,status,ctime,utime FROM role_menu_relation WHERE role_id = ? 
time=2019-02-11T23:48:41.054+0800`appName=graduation`hostName=localhost`logLevel=DEBUG`==> Parameters: 1(Long)
time=2019-02-11T23:48:41.062+0800`appName=graduation`hostName=localhost`logLevel=DEBUG`<==      Total: 7
time=2019-02-11T23:48:41.071+0800`appName=graduation`hostName=localhost`logLevel=DEBUG`==>  Preparing: SELECT menu_id AS menuId,title,href,icon,status,parent_id,ctime,utime FROM menu WHERE menu_id IN (?,?,?,?,?,?,?) 
time=2019-02-11T23:48:41.073+0800`appName=graduation`hostName=localhost`logLevel=DEBUG`==> Parameters: 2(Long), 3(Long), 4(Long), 5(Long), 1(Long), 7(Long), 8(Long)
time=2019-02-11T23:48:41.080+0800`appName=graduation`hostName=localhost`logLevel=DEBUG`<==      Total: 6
time=2019-02-11T23:48:41.484+0800`appName=graduation`hostName=localhost`logLevel=DEBUG`==>  Preparing: SELECT role_id AS roleId,role_name AS roleName,remark,deleted,ctime,utime FROM role 
time=2019-02-11T23:48:41.485+0800`appName=graduation`hostName=localhost`logLevel=DEBUG`==> Parameters: 
time=2019-02-11T23:48:41.493+0800`appName=graduation`hostName=localhost`logLevel=DEBUG`<==      Total: 5
