time=2019-01-20T13:11:12.222+0800`appName=graduation1`hostName=localhost`logLevel=DEBUG`==>  Preparing: SELECT operator_id AS operatorId,operator_name AS operatorName,operator_status AS operatorStatus,deleted,mobile,pwd,role_type AS roleType,ctime,utime FROM operator WHERE operator_name = ? 
time=2019-01-20T13:11:12.262+0800`appName=graduation1`hostName=localhost`logLevel=DEBUG`==> Parameters: 管理员(String)
time=2019-01-20T13:11:12.292+0800`appName=graduation1`hostName=localhost`logLevel=DEBUG`<==      Total: 1
time=2019-01-20T13:11:12.302+0800`appName=graduation1`hostName=localhost`logLevel=DEBUG`==>  Preparing: SELECT relation_id AS relationId,operator_id AS operatorId,role_id AS roleId,deleted,ctime,utime FROM operator_role_relation WHERE operator_id = ? AND role_id = ? 
time=2019-01-20T13:11:12.302+0800`appName=graduation1`hostName=localhost`logLevel=DEBUG`==> Parameters: 15207312(Long), 1(Long)
time=2019-01-20T13:11:12.302+0800`appName=graduation1`hostName=localhost`logLevel=DEBUG`<==      Total: 0
time=2019-01-20T13:11:12.322+0800`appName=graduation1`hostName=localhost`logLevel=DEBUG`==>  Preparing: INSERT INTO operator_role_relation ( operator_id,role_id,ctime,utime ) VALUES ( ?,?,?,? ) 
time=2019-01-20T13:11:12.322+0800`appName=graduation1`hostName=localhost`logLevel=DEBUG`==> Parameters: 15207312(Long), 1(Long), 1547961072322(Long), 1547961072322(Long)
time=2019-01-20T13:11:12.342+0800`appName=graduation1`hostName=localhost`logLevel=DEBUG`<==    Updates: 1
time=2019-01-20T13:11:41.737+0800`appName=graduation1`hostName=localhost`logLevel=DEBUG`==>  Preparing: SELECT operator_id AS operatorId,operator_name AS operatorName,operator_status AS operatorStatus,deleted,mobile,pwd,role_type AS roleType,ctime,utime FROM operator WHERE operator_name = ? 
time=2019-01-20T13:11:41.738+0800`appName=graduation1`hostName=localhost`logLevel=DEBUG`==> Parameters: 管理员(String)
time=2019-01-20T13:11:41.741+0800`appName=graduation1`hostName=localhost`logLevel=DEBUG`<==      Total: 1
time=2019-01-20T13:11:41.743+0800`appName=graduation1`hostName=localhost`logLevel=DEBUG`==>  Preparing: SELECT relation_id AS relationId,operator_id AS operatorId,role_id AS roleId,deleted,ctime,utime FROM operator_role_relation WHERE operator_id = ? AND role_id = ? 
time=2019-01-20T13:11:41.744+0800`appName=graduation1`hostName=localhost`logLevel=DEBUG`==> Parameters: 15207312(Long), 1(Long)
time=2019-01-20T13:11:41.748+0800`appName=graduation1`hostName=localhost`logLevel=DEBUG`<==      Total: 1
time=2019-01-20T13:12:50.185+0800`appName=graduation1`hostName=localhost`logLevel=DEBUG`==>  Preparing: SELECT operator_id AS operatorId,operator_name AS operatorName,operator_status AS operatorStatus,deleted,mobile,pwd,role_type AS roleType,ctime,utime FROM operator WHERE operator_name = ? 
time=2019-01-20T13:12:50.186+0800`appName=graduation1`hostName=localhost`logLevel=DEBUG`==> Parameters: 管理员(String)
time=2019-01-20T13:12:50.190+0800`appName=graduation1`hostName=localhost`logLevel=DEBUG`<==      Total: 1
time=2019-01-20T13:13:26.532+0800`appName=graduation1`hostName=localhost`logLevel=DEBUG`==>  Preparing: SELECT operator_id AS operatorId,operator_name AS operatorName,operator_status AS operatorStatus,deleted,mobile,pwd,role_type AS roleType,ctime,utime FROM operator WHERE operator_name = ? 
time=2019-01-20T13:13:26.542+0800`appName=graduation1`hostName=localhost`logLevel=DEBUG`==> Parameters: 管理员(String)
time=2019-01-20T13:13:26.552+0800`appName=graduation1`hostName=localhost`logLevel=DEBUG`<==      Total: 1
time=2019-01-20T14:19:42.409+0800`appName=graduation`hostName=localhost`logLevel=DEBUG`==>  Preparing: SELECT operator_id AS operatorId,operator_name AS operatorName,operator_status AS operatorStatus,deleted,mobile,pwd,role_type AS roleType,ctime,utime FROM operator WHERE operator_name = ? 
time=2019-01-20T14:19:42.611+0800`appName=graduation`hostName=localhost`logLevel=DEBUG`==> Parameters: 管理员(String)
time=2019-01-20T14:19:42.700+0800`appName=graduation`hostName=localhost`logLevel=DEBUG`<==      Total: 1
time=2019-01-20T14:57:45.612+0800`appName=graduation`hostName=localhost`logLevel=DEBUG`==>  Preparing: SELECT operator_id AS operatorId,operator_name AS operatorName,operator_status AS operatorStatus,deleted,mobile,pwd,role_type AS roleType,ctime,utime FROM operator WHERE operator_name = ? 
time=2019-01-20T14:57:45.662+0800`appName=graduation`hostName=localhost`logLevel=DEBUG`==> Parameters: 管理员(String)
time=2019-01-20T14:57:45.682+0800`appName=graduation`hostName=localhost`logLevel=DEBUG`<==      Total: 1
time=2019-01-20T15:00:56.171+0800`appName=graduation`hostName=localhost`logLevel=DEBUG`==>  Preparing: SELECT operator_id AS operatorId,operator_name AS operatorName,operator_status AS operatorStatus,deleted,mobile,pwd,role_type AS roleType,ctime,utime FROM operator WHERE operator_name = ? 
time=2019-01-20T15:00:56.201+0800`appName=graduation`hostName=localhost`logLevel=DEBUG`==> Parameters: 管理员(String)
time=2019-01-20T15:00:56.221+0800`appName=graduation`hostName=localhost`logLevel=DEBUG`<==      Total: 1
time=2019-01-20T15:08:28.864+0800`appName=graduation`hostName=localhost`logLevel=DEBUG`==>  Preparing: SELECT operator_id AS operatorId,operator_name AS operatorName,operator_status AS operatorStatus,deleted,mobile,pwd,role_type AS roleType,ctime,utime FROM operator WHERE operator_name = ? 
time=2019-01-20T15:08:28.893+0800`appName=graduation`hostName=localhost`logLevel=DEBUG`==> Parameters: 管理员(String)
time=2019-01-20T15:08:28.926+0800`appName=graduation`hostName=localhost`logLevel=DEBUG`<==      Total: 1
time=2019-01-20T15:12:14.362+0800`appName=graduation`hostName=localhost`logLevel=DEBUG`==>  Preparing: SELECT operator_id AS operatorId,operator_name AS operatorName,operator_status AS operatorStatus,deleted,mobile,pwd,role_type AS roleType,ctime,utime FROM operator WHERE operator_name = ? 
time=2019-01-20T15:12:14.392+0800`appName=graduation`hostName=localhost`logLevel=DEBUG`==> Parameters: 管理员(String)
time=2019-01-20T15:12:14.412+0800`appName=graduation`hostName=localhost`logLevel=DEBUG`<==      Total: 1
time=2019-01-20T15:15:33.955+0800`appName=graduation`hostName=localhost`logLevel=DEBUG`==>  Preparing: SELECT operator_id AS operatorId,operator_name AS operatorName,operator_status AS operatorStatus,deleted,mobile,pwd,role_type AS roleType,ctime,utime FROM operator WHERE operator_name = ? 
time=2019-01-20T15:15:33.956+0800`appName=graduation`hostName=localhost`logLevel=DEBUG`==> Parameters: 管理员(String)
time=2019-01-20T15:15:33.958+0800`appName=graduation`hostName=localhost`logLevel=DEBUG`<==      Total: 1
time=2019-01-20T15:16:08.912+0800`appName=graduation`hostName=localhost`logLevel=DEBUG`==>  Preparing: SELECT operator_id AS operatorId,operator_name AS operatorName,operator_status AS operatorStatus,deleted,mobile,pwd,role_type AS roleType,ctime,utime FROM operator WHERE operator_name = ? 
time=2019-01-20T15:16:08.913+0800`appName=graduation`hostName=localhost`logLevel=DEBUG`==> Parameters: 管理员(String)
time=2019-01-20T15:16:08.916+0800`appName=graduation`hostName=localhost`logLevel=DEBUG`<==      Total: 1
time=2019-01-20T15:17:04.014+0800`appName=graduation`hostName=localhost`logLevel=DEBUG`==>  Preparing: SELECT operator_id AS operatorId,operator_name AS operatorName,operator_status AS operatorStatus,deleted,mobile,pwd,role_type AS roleType,ctime,utime FROM operator WHERE operator_name = ? 
time=2019-01-20T15:17:04.043+0800`appName=graduation`hostName=localhost`logLevel=DEBUG`==> Parameters: 管理员(String)
time=2019-01-20T15:17:04.063+0800`appName=graduation`hostName=localhost`logLevel=DEBUG`<==      Total: 1
time=2019-01-20T15:17:07.398+0800`appName=graduation`hostName=localhost`logLevel=DEBUG`==>  Preparing: SELECT COUNT(1) FROM operator_role_relation WHERE operator_id = ? 
time=2019-01-20T15:17:07.398+0800`appName=graduation`hostName=localhost`logLevel=DEBUG`==> Parameters: 15207312(Long)
time=2019-01-20T15:17:07.428+0800`appName=graduation`hostName=localhost`logLevel=DEBUG`==>  Preparing: SELECT relation_id AS relationId,operator_id AS operatorId,role_id AS roleId,deleted,ctime,utime FROM operator_role_relation WHERE operator_id = ? LIMIT 0,10 
time=2019-01-20T15:17:07.438+0800`appName=graduation`hostName=localhost`logLevel=DEBUG`==> Parameters: 15207312(Long)
time=2019-01-20T15:17:07.438+0800`appName=graduation`hostName=localhost`logLevel=DEBUG`<==      Total: 1
time=2019-01-20T15:17:10.053+0800`appName=graduation`hostName=localhost`logLevel=DEBUG`==>  Preparing: SELECT role_id AS roleId,role_name AS roleName,remark,deleted,ctime,utime FROM role WHERE role_id IN (?) 
time=2019-01-20T15:17:10.053+0800`appName=graduation`hostName=localhost`logLevel=DEBUG`==> Parameters: 1(Long)
time=2019-01-20T15:17:10.063+0800`appName=graduation`hostName=localhost`logLevel=DEBUG`<==      Total: 1
time=2019-01-20T15:17:10.073+0800`appName=graduation`hostName=localhost`logLevel=DEBUG`==>  Preparing: SELECT operator_id AS operatorId,operator_name AS operatorName,operator_status AS operatorStatus,deleted,mobile,pwd,role_type AS roleType,ctime,utime FROM operator WHERE operator_id IN (?) 
time=2019-01-20T15:17:10.073+0800`appName=graduation`hostName=localhost`logLevel=DEBUG`==> Parameters: 15207312(Long)
time=2019-01-20T15:17:10.073+0800`appName=graduation`hostName=localhost`logLevel=DEBUG`<==      Total: 1
time=2019-01-20T15:20:41.377+0800`appName=graduation`hostName=localhost`logLevel=DEBUG`==>  Preparing: SELECT operator_id AS operatorId,operator_name AS operatorName,operator_status AS operatorStatus,deleted,mobile,pwd,role_type AS roleType,ctime,utime FROM operator WHERE operator_name = ? 
time=2019-01-20T15:20:41.377+0800`appName=graduation`hostName=localhost`logLevel=DEBUG`==> Parameters: 管理员(String)
time=2019-01-20T15:20:41.380+0800`appName=graduation`hostName=localhost`logLevel=DEBUG`<==      Total: 1
time=2019-01-20T15:20:44.962+0800`appName=graduation`hostName=localhost`logLevel=DEBUG`==>  Preparing: SELECT COUNT(1) FROM operator_role_relation WHERE operator_id = ? 
time=2019-01-20T15:20:44.962+0800`appName=graduation`hostName=localhost`logLevel=DEBUG`==> Parameters: 15207312(Long)
time=2019-01-20T15:20:44.972+0800`appName=graduation`hostName=localhost`logLevel=DEBUG`==>  Preparing: SELECT relation_id AS relationId,operator_id AS operatorId,role_id AS roleId,deleted,ctime,utime FROM operator_role_relation WHERE operator_id = ? LIMIT 0,10 
time=2019-01-20T15:20:44.972+0800`appName=graduation`hostName=localhost`logLevel=DEBUG`==> Parameters: 15207312(Long)
time=2019-01-20T15:20:44.982+0800`appName=graduation`hostName=localhost`logLevel=DEBUG`<==      Total: 1
time=2019-01-20T15:20:53.974+0800`appName=graduation`hostName=localhost`logLevel=DEBUG`==>  Preparing: SELECT role_id AS roleId,role_name AS roleName,remark,deleted,ctime,utime FROM role WHERE role_id IN (?) 
time=2019-01-20T15:20:53.974+0800`appName=graduation`hostName=localhost`logLevel=DEBUG`==> Parameters: 1(Long)
time=2019-01-20T15:20:53.984+0800`appName=graduation`hostName=localhost`logLevel=DEBUG`<==      Total: 1
time=2019-01-20T15:21:04.803+0800`appName=graduation`hostName=localhost`logLevel=DEBUG`==>  Preparing: SELECT operator_id AS operatorId,operator_name AS operatorName,operator_status AS operatorStatus,deleted,mobile,pwd,role_type AS roleType,ctime,utime FROM operator WHERE operator_id IN (?) 
time=2019-01-20T15:21:04.803+0800`appName=graduation`hostName=localhost`logLevel=DEBUG`==> Parameters: 15207312(Long)
time=2019-01-20T15:21:04.823+0800`appName=graduation`hostName=localhost`logLevel=DEBUG`<==      Total: 1
time=2019-01-20T15:22:12.572+0800`appName=graduation`hostName=localhost`logLevel=DEBUG`==>  Preparing: SELECT operator_id AS operatorId,operator_name AS operatorName,operator_status AS operatorStatus,deleted,mobile,pwd,role_type AS roleType,ctime,utime FROM operator WHERE operator_name = ? 
time=2019-01-20T15:22:12.602+0800`appName=graduation`hostName=localhost`logLevel=DEBUG`==> Parameters: 管理员(String)
time=2019-01-20T15:22:12.622+0800`appName=graduation`hostName=localhost`logLevel=DEBUG`<==      Total: 1
time=2019-01-20T15:22:17.586+0800`appName=graduation`hostName=localhost`logLevel=DEBUG`==>  Preparing: SELECT COUNT(1) FROM operator_role_relation WHERE operator_id = ? 
time=2019-01-20T15:22:17.586+0800`appName=graduation`hostName=localhost`logLevel=DEBUG`==> Parameters: 15207312(Long)
time=2019-01-20T15:22:17.586+0800`appName=graduation`hostName=localhost`logLevel=DEBUG`==>  Preparing: SELECT relation_id AS relationId,operator_id AS operatorId,role_id AS roleId,deleted,ctime,utime FROM operator_role_relation WHERE operator_id = ? LIMIT 0,10 
time=2019-01-20T15:22:17.586+0800`appName=graduation`hostName=localhost`logLevel=DEBUG`==> Parameters: 15207312(Long)
time=2019-01-20T15:22:17.596+0800`appName=graduation`hostName=localhost`logLevel=DEBUG`<==      Total: 1
time=2019-01-20T15:22:17.606+0800`appName=graduation`hostName=localhost`logLevel=DEBUG`==>  Preparing: SELECT role_id AS roleId,role_name AS roleName,remark,deleted,ctime,utime FROM role WHERE role_id IN (?) 
time=2019-01-20T15:22:17.606+0800`appName=graduation`hostName=localhost`logLevel=DEBUG`==> Parameters: 1(Long)
time=2019-01-20T15:22:17.606+0800`appName=graduation`hostName=localhost`logLevel=DEBUG`<==      Total: 1
time=2019-01-20T15:22:17.606+0800`appName=graduation`hostName=localhost`logLevel=DEBUG`==>  Preparing: SELECT operator_id AS operatorId,operator_name AS operatorName,operator_status AS operatorStatus,deleted,mobile,pwd,role_type AS roleType,ctime,utime FROM operator WHERE operator_id IN (?) 
time=2019-01-20T15:22:17.606+0800`appName=graduation`hostName=localhost`logLevel=DEBUG`==> Parameters: 15207312(Long)
time=2019-01-20T15:22:17.616+0800`appName=graduation`hostName=localhost`logLevel=DEBUG`<==      Total: 1
time=2019-01-20T15:22:24.513+0800`appName=graduation`hostName=localhost`logLevel=DEBUG`==>  Preparing: SELECT operator_id AS operatorId,operator_name AS operatorName,operator_status AS operatorStatus,deleted,mobile,pwd,role_type AS roleType,ctime,utime FROM operator WHERE operator_name = ? 
time=2019-01-20T15:22:24.514+0800`appName=graduation`hostName=localhost`logLevel=DEBUG`==> Parameters: 管理员1(String)
time=2019-01-20T15:22:24.516+0800`appName=graduation`hostName=localhost`logLevel=DEBUG`<==      Total: 0
time=2019-01-20T15:22:24.517+0800`appName=graduation`hostName=localhost`logLevel=DEBUG`==>  Preparing: SELECT COUNT(1) FROM operator_role_relation 
time=2019-01-20T15:22:24.518+0800`appName=graduation`hostName=localhost`logLevel=DEBUG`==> Parameters: 
time=2019-01-20T15:22:24.519+0800`appName=graduation`hostName=localhost`logLevel=DEBUG`==>  Preparing: SELECT relation_id AS relationId,operator_id AS operatorId,role_id AS roleId,deleted,ctime,utime FROM operator_role_relation LIMIT 0,10 
time=2019-01-20T15:22:24.520+0800`appName=graduation`hostName=localhost`logLevel=DEBUG`==> Parameters: 
time=2019-01-20T15:22:24.522+0800`appName=graduation`hostName=localhost`logLevel=DEBUG`<==      Total: 1
time=2019-01-20T15:22:24.524+0800`appName=graduation`hostName=localhost`logLevel=DEBUG`==>  Preparing: SELECT role_id AS roleId,role_name AS roleName,remark,deleted,ctime,utime FROM role WHERE role_id IN (?) 
time=2019-01-20T15:22:24.524+0800`appName=graduation`hostName=localhost`logLevel=DEBUG`==> Parameters: 1(Long)
time=2019-01-20T15:22:24.526+0800`appName=graduation`hostName=localhost`logLevel=DEBUG`<==      Total: 1
time=2019-01-20T15:22:24.528+0800`appName=graduation`hostName=localhost`logLevel=DEBUG`==>  Preparing: SELECT operator_id AS operatorId,operator_name AS operatorName,operator_status AS operatorStatus,deleted,mobile,pwd,role_type AS roleType,ctime,utime FROM operator WHERE operator_id IN (?) 
time=2019-01-20T15:22:24.529+0800`appName=graduation`hostName=localhost`logLevel=DEBUG`==> Parameters: 15207312(Long)
time=2019-01-20T15:22:24.532+0800`appName=graduation`hostName=localhost`logLevel=DEBUG`<==      Total: 1
time=2019-01-20T15:22:40.573+0800`appName=graduation`hostName=localhost`logLevel=DEBUG`==>  Preparing: SELECT operator_id AS operatorId,operator_name AS operatorName,operator_status AS operatorStatus,deleted,mobile,pwd,role_type AS roleType,ctime,utime FROM operator WHERE operator_name = ? 
time=2019-01-20T15:22:40.574+0800`appName=graduation`hostName=localhost`logLevel=DEBUG`==> Parameters: 管理员1(String)
time=2019-01-20T15:22:40.576+0800`appName=graduation`hostName=localhost`logLevel=DEBUG`<==      Total: 0
time=2019-01-20T15:22:52.532+0800`appName=graduation`hostName=localhost`logLevel=DEBUG`==>  Preparing: SELECT COUNT(1) FROM operator_role_relation 
time=2019-01-20T15:22:52.532+0800`appName=graduation`hostName=localhost`logLevel=DEBUG`==> Parameters: 
time=2019-01-20T15:22:52.532+0800`appName=graduation`hostName=localhost`logLevel=DEBUG`==>  Preparing: SELECT relation_id AS relationId,operator_id AS operatorId,role_id AS roleId,deleted,ctime,utime FROM operator_role_relation LIMIT 0,10 
time=2019-01-20T15:22:52.542+0800`appName=graduation`hostName=localhost`logLevel=DEBUG`==> Parameters: 
time=2019-01-20T15:22:52.542+0800`appName=graduation`hostName=localhost`logLevel=DEBUG`<==      Total: 1
time=2019-01-20T15:24:16.410+0800`appName=graduation`hostName=localhost`logLevel=DEBUG`==>  Preparing: SELECT role_id AS roleId,role_name AS roleName,remark,deleted,ctime,utime FROM role WHERE role_id IN (?) 
time=2019-01-20T15:24:16.410+0800`appName=graduation`hostName=localhost`logLevel=DEBUG`==> Parameters: 1(Long)
time=2019-01-20T15:24:16.410+0800`appName=graduation`hostName=localhost`logLevel=DEBUG`<==      Total: 1
time=2019-01-20T15:24:16.410+0800`appName=graduation`hostName=localhost`logLevel=DEBUG`==>  Preparing: SELECT operator_id AS operatorId,operator_name AS operatorName,operator_status AS operatorStatus,deleted,mobile,pwd,role_type AS roleType,ctime,utime FROM operator WHERE operator_id IN (?) 
time=2019-01-20T15:24:16.410+0800`appName=graduation`hostName=localhost`logLevel=DEBUG`==> Parameters: 15207312(Long)
time=2019-01-20T15:24:16.421+0800`appName=graduation`hostName=localhost`logLevel=DEBUG`<==      Total: 1
time=2019-01-20T15:24:26.384+0800`appName=graduation`hostName=localhost`logLevel=DEBUG`==>  Preparing: SELECT operator_id AS operatorId,operator_name AS operatorName,operator_status AS operatorStatus,deleted,mobile,pwd,role_type AS roleType,ctime,utime FROM operator WHERE operator_name = ? 
time=2019-01-20T15:24:26.386+0800`appName=graduation`hostName=localhost`logLevel=DEBUG`==> Parameters: 管理员1(String)
time=2019-01-20T15:24:26.388+0800`appName=graduation`hostName=localhost`logLevel=DEBUG`<==      Total: 0
time=2019-01-20T15:24:30.002+0800`appName=graduation`hostName=localhost`logLevel=DEBUG`==>  Preparing: SELECT COUNT(1) FROM operator_role_relation WHERE role_id = ? 
time=2019-01-20T15:24:30.002+0800`appName=graduation`hostName=localhost`logLevel=DEBUG`==> Parameters: 1(Long)
time=2019-01-20T15:24:30.012+0800`appName=graduation`hostName=localhost`logLevel=DEBUG`==>  Preparing: SELECT relation_id AS relationId,operator_id AS operatorId,role_id AS roleId,deleted,ctime,utime FROM operator_role_relation WHERE role_id = ? LIMIT 0,10 
time=2019-01-20T15:24:30.012+0800`appName=graduation`hostName=localhost`logLevel=DEBUG`==> Parameters: 1(Long)
time=2019-01-20T15:24:30.014+0800`appName=graduation`hostName=localhost`logLevel=DEBUG`<==      Total: 1
time=2019-01-20T15:24:30.017+0800`appName=graduation`hostName=localhost`logLevel=DEBUG`==>  Preparing: SELECT role_id AS roleId,role_name AS roleName,remark,deleted,ctime,utime FROM role WHERE role_id IN (?) 
time=2019-01-20T15:24:30.018+0800`appName=graduation`hostName=localhost`logLevel=DEBUG`==> Parameters: 1(Long)
time=2019-01-20T15:24:30.021+0800`appName=graduation`hostName=localhost`logLevel=DEBUG`<==      Total: 1
time=2019-01-20T15:24:30.025+0800`appName=graduation`hostName=localhost`logLevel=DEBUG`==>  Preparing: SELECT operator_id AS operatorId,operator_name AS operatorName,operator_status AS operatorStatus,deleted,mobile,pwd,role_type AS roleType,ctime,utime FROM operator WHERE operator_id IN (?) 
time=2019-01-20T15:24:30.026+0800`appName=graduation`hostName=localhost`logLevel=DEBUG`==> Parameters: 15207312(Long)
time=2019-01-20T15:24:30.028+0800`appName=graduation`hostName=localhost`logLevel=DEBUG`<==      Total: 1
time=2019-01-20T15:24:36.202+0800`appName=graduation`hostName=localhost`logLevel=DEBUG`==>  Preparing: SELECT operator_id AS operatorId,operator_name AS operatorName,operator_status AS operatorStatus,deleted,mobile,pwd,role_type AS roleType,ctime,utime FROM operator WHERE operator_name = ? 
time=2019-01-20T15:24:36.203+0800`appName=graduation`hostName=localhost`logLevel=DEBUG`==> Parameters: 管理员1(String)
time=2019-01-20T15:24:36.205+0800`appName=graduation`hostName=localhost`logLevel=DEBUG`<==      Total: 0
time=2019-01-20T15:24:39.655+0800`appName=graduation`hostName=localhost`logLevel=DEBUG`==>  Preparing: SELECT COUNT(1) FROM operator_role_relation WHERE role_id = ? 
time=2019-01-20T15:24:39.665+0800`appName=graduation`hostName=localhost`logLevel=DEBUG`==> Parameters: 2(Long)
time=2019-01-20T15:24:39.665+0800`appName=graduation`hostName=localhost`logLevel=DEBUG`==>  Preparing: SELECT relation_id AS relationId,operator_id AS operatorId,role_id AS roleId,deleted,ctime,utime FROM operator_role_relation WHERE role_id = ? 
time=2019-01-20T15:24:39.665+0800`appName=graduation`hostName=localhost`logLevel=DEBUG`==> Parameters: 2(Long)
time=2019-01-20T15:24:39.665+0800`appName=graduation`hostName=localhost`logLevel=DEBUG`<==      Total: 0
time=2019-01-20T15:26:52.972+0800`appName=graduation`hostName=localhost`logLevel=DEBUG`==>  Preparing: SELECT operator_id AS operatorId,operator_name AS operatorName,operator_status AS operatorStatus,deleted,mobile,pwd,role_type AS roleType,ctime,utime FROM operator WHERE operator_name = ? 
time=2019-01-20T15:26:53.002+0800`appName=graduation`hostName=localhost`logLevel=DEBUG`==> Parameters: 管理员1(String)
time=2019-01-20T15:26:53.029+0800`appName=graduation`hostName=localhost`logLevel=DEBUG`<==      Total: 0
time=2019-01-20T15:28:28.772+0800`appName=graduation`hostName=localhost`logLevel=DEBUG`==>  Preparing: SELECT operator_id AS operatorId,operator_name AS operatorName,operator_status AS operatorStatus,deleted,mobile,pwd,role_type AS roleType,ctime,utime FROM operator WHERE operator_name = ? 
time=2019-01-20T15:28:28.773+0800`appName=graduation`hostName=localhost`logLevel=DEBUG`==> Parameters: aja(String)
time=2019-01-20T15:28:28.774+0800`appName=graduation`hostName=localhost`logLevel=DEBUG`<==      Total: 0
time=2019-01-20T15:28:44.280+0800`appName=graduation`hostName=localhost`logLevel=DEBUG`==>  Preparing: SELECT operator_id AS operatorId,operator_name AS operatorName,operator_status AS operatorStatus,deleted,mobile,pwd,role_type AS roleType,ctime,utime FROM operator WHERE operator_name = ? 
time=2019-01-20T15:28:44.290+0800`appName=graduation`hostName=localhost`logLevel=DEBUG`==> Parameters: null
time=2019-01-20T15:28:44.290+0800`appName=graduation`hostName=localhost`logLevel=DEBUG`<==      Total: 0
time=2019-01-20T15:29:09.662+0800`appName=graduation`hostName=localhost`logLevel=DEBUG`==>  Preparing: SELECT operator_id AS operatorId,operator_name AS operatorName,operator_status AS operatorStatus,deleted,mobile,pwd,role_type AS roleType,ctime,utime FROM operator WHERE operator_name = ? 
time=2019-01-20T15:29:09.663+0800`appName=graduation`hostName=localhost`logLevel=DEBUG`==> Parameters: 管理员(String)
time=2019-01-20T15:29:09.668+0800`appName=graduation`hostName=localhost`logLevel=DEBUG`<==      Total: 1
time=2019-01-20T15:29:09.699+0800`appName=graduation`hostName=localhost`logLevel=DEBUG`==>  Preparing: UPDATE operator_role_relation SET operator_id=?,role_id=?,utime=? WHERE relation_id=? 
time=2019-01-20T15:29:09.699+0800`appName=graduation`hostName=localhost`logLevel=DEBUG`==> Parameters: 15207312(Long), 1(Long), 1547969349697(Long), 1(Long)
time=2019-01-20T15:29:09.709+0800`appName=graduation`hostName=localhost`logLevel=DEBUG`<==    Updates: 1
time=2019-01-20T15:29:33.764+0800`appName=graduation`hostName=localhost`logLevel=DEBUG`==>  Preparing: DELETE FROM operator_role_relation WHERE relation_id=? 
time=2019-01-20T15:29:33.764+0800`appName=graduation`hostName=localhost`logLevel=DEBUG`==> Parameters: 1(Long)
time=2019-01-20T15:29:33.774+0800`appName=graduation`hostName=localhost`logLevel=DEBUG`<==    Updates: 1
