time=2019-03-31T00:00:06.926+0800`appName=oms`hostName=docker-20`logLevel=DEBUG`==>  Preparing: SELECT COUNT(1) FROM activity 
time=2019-03-31T00:00:06.940+0800`appName=oms`hostName=docker-20`logLevel=DEBUG`==> Parameters: 
time=2019-03-31T00:00:06.946+0800`appName=oms`hostName=docker-20`logLevel=DEBUG`==>  Preparing: SELECT activity_id AS activityId,activity_name AS activityName,activity_addr AS activityAddr,start_time AS startTime,end_time AS endTime,activity_desc AS activityDesc,activity_number AS activityNumber,sign_number AS signNumber,interests,leader_name AS leaderName,leader_mobile AS leaderMobile,status,creator,ctime,utime FROM activity LIMIT 0,10 
time=2019-03-31T00:00:06.947+0800`appName=oms`hostName=docker-20`logLevel=DEBUG`==> Parameters: 
time=2019-03-31T00:00:06.950+0800`appName=oms`hostName=docker-20`logLevel=DEBUG`<==      Total: 1
time=2019-03-31T00:00:40.678+0800`appName=oms`hostName=docker-20`logLevel=DEBUG`==>  Preparing: SELECT relation_id AS relationId,operator_id AS operatorId,role_id AS roleId,deleted,ctime,utime FROM operator_role_relation WHERE operator_id = ? 
time=2019-03-31T00:00:40.678+0800`appName=oms`hostName=docker-20`logLevel=DEBUG`==> Parameters: 15207312(Long)
time=2019-03-31T00:00:40.680+0800`appName=oms`hostName=docker-20`logLevel=DEBUG`<==      Total: 1
time=2019-03-31T00:00:40.682+0800`appName=oms`hostName=docker-20`logLevel=DEBUG`==>  Preparing: SELECT relation_id AS relationId,role_id AS roleId,menu_id AS menuId,status,ctime,utime FROM role_menu_relation WHERE role_id = ? 
time=2019-03-31T00:00:40.684+0800`appName=oms`hostName=docker-20`logLevel=DEBUG`==> Parameters: 1(Long)
time=2019-03-31T00:00:40.688+0800`appName=oms`hostName=docker-20`logLevel=DEBUG`<==      Total: 22
time=2019-03-31T00:00:40.696+0800`appName=oms`hostName=docker-20`logLevel=DEBUG`==>  Preparing: SELECT menu_id AS menuId,title,href,icon,status,parent_id,ctime,utime FROM menu WHERE menu_id IN (?,?,?,?,?,?,?,?,?,?,?,?,?,?,?,?,?,?,?,?,?,?) 
time=2019-03-31T00:00:40.698+0800`appName=oms`hostName=docker-20`logLevel=DEBUG`==> Parameters: 1(Long), 7(Long), 8(Long), 2(Long), 3(Long), 5(Long), 13(Long), 14(Long), 15(Long), 16(Long), 27(Long), 17(Long), 18(Long), 19(Long), 20(Long), 21(Long), 26(Long), 22(Long), 23(Long), 28(Long), 24(Long), 25(Long)
time=2019-03-31T00:00:40.704+0800`appName=oms`hostName=docker-20`logLevel=DEBUG`<==      Total: 22
time=2019-03-31T00:00:41.235+0800`appName=oms`hostName=docker-20`logLevel=DEBUG`==>  Preparing: SELECT COUNT(1) FROM recruit_unit WHERE 1 = 1 
time=2019-03-31T00:00:41.236+0800`appName=oms`hostName=docker-20`logLevel=DEBUG`==> Parameters: 
time=2019-03-31T00:00:41.239+0800`appName=oms`hostName=docker-20`logLevel=DEBUG`==>  Preparing: SELECT unit_id AS unitId,unit_name AS unitName,industry,property,scale,unit_web AS unitWeb,contractor,mobile,direct,company_phone AS companyPhone,address,status,deleted,ctime,utime FROM recruit_unit WHERE 1=1 ORDER BY ctime DESC LIMIT 0,20 
time=2019-03-31T00:00:41.240+0800`appName=oms`hostName=docker-20`logLevel=DEBUG`==> Parameters: 
time=2019-03-31T00:00:41.243+0800`appName=oms`hostName=docker-20`logLevel=DEBUG`<==      Total: 2
time=2019-03-31T00:00:41.246+0800`appName=oms`hostName=docker-20`logLevel=DEBUG`==>  Preparing: SELECT unit_id AS unitId,unit_name AS unitName,industry,property,scale,unit_web AS unitWeb,contractor,mobile,direct,company_phone AS companyPhone,address,status,deleted,ctime,utime FROM recruit_unit WHERE deleted = ? AND status = ? 
time=2019-03-31T00:00:41.250+0800`appName=oms`hostName=docker-20`logLevel=DEBUG`==> Parameters: 1(Integer), 3(Integer)
time=2019-03-31T00:00:41.253+0800`appName=oms`hostName=docker-20`logLevel=DEBUG`<==      Total: 1
time=2019-03-31T00:02:09.594+0800`appName=oms`hostName=docker-20`logLevel=DEBUG`==>  Preparing: SELECT operator_id AS operatorId,operator_name AS operatorName,operator_status AS operatorStatus,deleted,mobile,pwd,role_id AS roleId,ctime,utime FROM operator 
time=2019-03-31T00:02:09.595+0800`appName=oms`hostName=docker-20`logLevel=DEBUG`==> Parameters: 
time=2019-03-31T00:02:09.598+0800`appName=oms`hostName=docker-20`logLevel=DEBUG`<==      Total: 2
time=2019-03-31T00:02:09.671+0800`appName=oms`hostName=docker-20`logLevel=DEBUG`==>  Preparing: SELECT COUNT(1) FROM alumni_association 
time=2019-03-31T00:02:09.673+0800`appName=oms`hostName=docker-20`logLevel=DEBUG`==> Parameters: 
time=2019-03-31T00:02:09.680+0800`appName=oms`hostName=docker-20`logLevel=DEBUG`==>  Preparing: SELECT associa_id AS associaId,associa_name AS associaName,address,president_id AS presidentId,deleted,ctime,utime FROM alumni_association LIMIT 0,10 
time=2019-03-31T00:02:09.681+0800`appName=oms`hostName=docker-20`logLevel=DEBUG`==> Parameters: 
time=2019-03-31T00:02:09.683+0800`appName=oms`hostName=docker-20`logLevel=DEBUG`<==      Total: 2
time=2019-03-31T00:02:09.686+0800`appName=oms`hostName=docker-20`logLevel=DEBUG`==>  Preparing: SELECT operator_id AS operatorId,operator_name AS operatorName,operator_status AS operatorStatus,deleted,mobile,pwd,role_id AS roleId,ctime,utime FROM operator WHERE operator_id IN (?,?) 
time=2019-03-31T00:02:09.687+0800`appName=oms`hostName=docker-20`logLevel=DEBUG`==> Parameters: 15207310(Long), 15207312(Long)
time=2019-03-31T00:02:09.690+0800`appName=oms`hostName=docker-20`logLevel=DEBUG`<==      Total: 2
time=2019-03-31T00:07:43.318+0800`appName=oms`hostName=docker-20`logLevel=DEBUG`==>  Preparing: INSERT INTO recruit_unit ( unit_name,industry,property,scale,unit_web,contractor,mobile,direct,company_phone,address,status,deleted,ctime,utime ) VALUES ( ?,?,?,?,?,?,?,?,?,?,?,?,?,? ) 
time=2019-03-31T00:07:43.329+0800`appName=oms`hostName=docker-20`logLevel=DEBUG`==> Parameters: 阿里巴巴(String), 计算机(String), 2(Integer), 5(Integer), www.baidu.com(String), 赵宇(String), 15712341234(String), 啊大大大(String), 15712341234(String), 浙江杭州(String), 1(Integer), 0(Integer), 1553962063308(Long), 1553962063308(Long)
time=2019-03-31T00:07:43.341+0800`appName=oms`hostName=docker-20`logLevel=DEBUG`<==    Updates: 1
time=2019-03-31T00:07:43.402+0800`appName=oms`hostName=docker-20`logLevel=DEBUG`==>  Preparing: SELECT COUNT(1) FROM recruit_unit WHERE 1 = 1 
time=2019-03-31T00:07:43.403+0800`appName=oms`hostName=docker-20`logLevel=DEBUG`==> Parameters: 
time=2019-03-31T00:07:43.405+0800`appName=oms`hostName=docker-20`logLevel=DEBUG`==>  Preparing: SELECT unit_id AS unitId,unit_name AS unitName,industry,property,scale,unit_web AS unitWeb,contractor,mobile,direct,company_phone AS companyPhone,address,status,deleted,ctime,utime FROM recruit_unit WHERE 1=1 ORDER BY ctime DESC LIMIT 0,20 
time=2019-03-31T00:07:43.405+0800`appName=oms`hostName=docker-20`logLevel=DEBUG`==> Parameters: 
time=2019-03-31T00:07:43.415+0800`appName=oms`hostName=docker-20`logLevel=DEBUG`<==      Total: 3
time=2019-03-31T00:07:57.163+0800`appName=oms`hostName=docker-20`logLevel=DEBUG`==>  Preparing: SELECT relation_id AS relationId,operator_id AS operatorId,role_id AS roleId,deleted,ctime,utime FROM operator_role_relation WHERE operator_id = ? 
time=2019-03-31T00:07:57.164+0800`appName=oms`hostName=docker-20`logLevel=DEBUG`==> Parameters: 15207312(Long)
time=2019-03-31T00:07:57.165+0800`appName=oms`hostName=docker-20`logLevel=DEBUG`<==      Total: 1
time=2019-03-31T00:07:57.171+0800`appName=oms`hostName=docker-20`logLevel=DEBUG`==>  Preparing: SELECT relation_id AS relationId,role_id AS roleId,menu_id AS menuId,status,ctime,utime FROM role_menu_relation WHERE role_id = ? 
time=2019-03-31T00:07:57.171+0800`appName=oms`hostName=docker-20`logLevel=DEBUG`==> Parameters: 1(Long)
time=2019-03-31T00:07:57.176+0800`appName=oms`hostName=docker-20`logLevel=DEBUG`<==      Total: 22
time=2019-03-31T00:07:57.184+0800`appName=oms`hostName=docker-20`logLevel=DEBUG`==>  Preparing: SELECT menu_id AS menuId,title,href,icon,status,parent_id,ctime,utime FROM menu WHERE menu_id IN (?,?,?,?,?,?,?,?,?,?,?,?,?,?,?,?,?,?,?,?,?,?) 
time=2019-03-31T00:07:57.186+0800`appName=oms`hostName=docker-20`logLevel=DEBUG`==> Parameters: 1(Long), 7(Long), 8(Long), 2(Long), 3(Long), 5(Long), 13(Long), 14(Long), 15(Long), 16(Long), 27(Long), 17(Long), 18(Long), 19(Long), 20(Long), 21(Long), 26(Long), 22(Long), 23(Long), 28(Long), 24(Long), 25(Long)
time=2019-03-31T00:07:57.191+0800`appName=oms`hostName=docker-20`logLevel=DEBUG`<==      Total: 22
time=2019-03-31T00:07:57.548+0800`appName=oms`hostName=docker-20`logLevel=DEBUG`==>  Preparing: SELECT COUNT(1) FROM recruit_unit WHERE 1 = 1 
time=2019-03-31T00:07:57.548+0800`appName=oms`hostName=docker-20`logLevel=DEBUG`==> Parameters: 
time=2019-03-31T00:07:57.550+0800`appName=oms`hostName=docker-20`logLevel=DEBUG`==>  Preparing: SELECT unit_id AS unitId,unit_name AS unitName,industry,property,scale,unit_web AS unitWeb,contractor,mobile,direct,company_phone AS companyPhone,address,status,deleted,ctime,utime FROM recruit_unit WHERE 1=1 ORDER BY ctime DESC LIMIT 0,20 
time=2019-03-31T00:07:57.551+0800`appName=oms`hostName=docker-20`logLevel=DEBUG`==> Parameters: 
time=2019-03-31T00:07:57.554+0800`appName=oms`hostName=docker-20`logLevel=DEBUG`<==      Total: 3
time=2019-03-31T00:07:57.603+0800`appName=oms`hostName=docker-20`logLevel=DEBUG`==>  Preparing: SELECT COUNT(1) FROM activity 
time=2019-03-31T00:07:57.607+0800`appName=oms`hostName=docker-20`logLevel=DEBUG`==> Parameters: 
time=2019-03-31T00:07:57.607+0800`appName=oms`hostName=docker-20`logLevel=DEBUG`==>  Preparing: SELECT operator_id AS operatorId,operator_name AS operatorName,operator_status AS operatorStatus,deleted,mobile,pwd,role_id AS roleId,ctime,utime FROM operator 
time=2019-03-31T00:07:57.610+0800`appName=oms`hostName=docker-20`logLevel=DEBUG`==> Parameters: 
time=2019-03-31T00:07:57.616+0800`appName=oms`hostName=docker-20`logLevel=DEBUG`==>  Preparing: SELECT activity_id AS activityId,activity_name AS activityName,activity_addr AS activityAddr,start_time AS startTime,end_time AS endTime,activity_desc AS activityDesc,activity_number AS activityNumber,sign_number AS signNumber,interests,leader_name AS leaderName,leader_mobile AS leaderMobile,status,creator,ctime,utime FROM activity LIMIT 0,10 
time=2019-03-31T00:07:57.616+0800`appName=oms`hostName=docker-20`logLevel=DEBUG`==> Parameters: 
time=2019-03-31T00:07:57.619+0800`appName=oms`hostName=docker-20`logLevel=DEBUG`<==      Total: 1
time=2019-03-31T00:07:57.620+0800`appName=oms`hostName=docker-20`logLevel=DEBUG`<==      Total: 2
time=2019-03-31T00:07:57.644+0800`appName=oms`hostName=docker-20`logLevel=DEBUG`==>  Preparing: SELECT COUNT(1) FROM alumni_association 
time=2019-03-31T00:07:57.644+0800`appName=oms`hostName=docker-20`logLevel=DEBUG`==> Parameters: 
time=2019-03-31T00:07:57.646+0800`appName=oms`hostName=docker-20`logLevel=DEBUG`==>  Preparing: SELECT associa_id AS associaId,associa_name AS associaName,address,president_id AS presidentId,deleted,ctime,utime FROM alumni_association LIMIT 0,10 
time=2019-03-31T00:07:57.647+0800`appName=oms`hostName=docker-20`logLevel=DEBUG`==> Parameters: 
time=2019-03-31T00:07:57.649+0800`appName=oms`hostName=docker-20`logLevel=DEBUG`<==      Total: 2
time=2019-03-31T00:07:57.653+0800`appName=oms`hostName=docker-20`logLevel=DEBUG`==>  Preparing: SELECT operator_id AS operatorId,operator_name AS operatorName,operator_status AS operatorStatus,deleted,mobile,pwd,role_id AS roleId,ctime,utime FROM operator WHERE operator_id IN (?,?) 
time=2019-03-31T00:07:57.654+0800`appName=oms`hostName=docker-20`logLevel=DEBUG`==> Parameters: 15207310(Long), 15207312(Long)
time=2019-03-31T00:07:57.656+0800`appName=oms`hostName=docker-20`logLevel=DEBUG`<==      Total: 2
time=2019-03-31T00:08:04.234+0800`appName=oms`hostName=docker-20`logLevel=DEBUG`==>  Preparing: SELECT unit_id AS unitId,unit_name AS unitName,industry,property,scale,unit_web AS unitWeb,contractor,mobile,direct,company_phone AS companyPhone,address,status,deleted,ctime,utime FROM recruit_unit WHERE deleted = ? AND status = ? 
time=2019-03-31T00:08:04.234+0800`appName=oms`hostName=docker-20`logLevel=DEBUG`==> Parameters: 1(Integer), 3(Integer)
time=2019-03-31T00:08:04.237+0800`appName=oms`hostName=docker-20`logLevel=DEBUG`<==      Total: 1
time=2019-03-31T00:08:04.286+0800`appName=oms`hostName=docker-20`logLevel=DEBUG`==>  Preparing: SELECT COUNT(1) FROM recruit 
time=2019-03-31T00:08:04.287+0800`appName=oms`hostName=docker-20`logLevel=DEBUG`==> Parameters: 
time=2019-03-31T00:08:04.291+0800`appName=oms`hostName=docker-20`logLevel=DEBUG`==>  Preparing: SELECT recurit_id AS recuritId,title,salary,members,resumes,endTime,contractor,mobile,pos_name AS posName,pos_descript AS posDescript,welfare,work_place AS workPlace,unit_id AS unitId,email,status,deleted,ctime,utime FROM recruit LIMIT 0,100 
time=2019-03-31T00:08:04.292+0800`appName=oms`hostName=docker-20`logLevel=DEBUG`==> Parameters: 
time=2019-03-31T00:08:04.295+0800`appName=oms`hostName=docker-20`logLevel=DEBUG`<==      Total: 1
time=2019-03-31T00:08:04.298+0800`appName=oms`hostName=docker-20`logLevel=DEBUG`==>  Preparing: SELECT unit_id AS unitId,unit_name AS unitName,industry,property,scale,unit_web AS unitWeb,contractor,mobile,direct,company_phone AS companyPhone,address,status,deleted,ctime,utime FROM recruit_unit WHERE unit_id IN (?) 
time=2019-03-31T00:08:04.298+0800`appName=oms`hostName=docker-20`logLevel=DEBUG`==> Parameters: 2(Long)
time=2019-03-31T00:08:04.302+0800`appName=oms`hostName=docker-20`logLevel=DEBUG`<==      Total: 1
time=2019-03-31T00:08:50.610+0800`appName=oms`hostName=docker-20`logLevel=DEBUG`==>  Preparing: INSERT INTO recruit ( title,salary,members,endTime,contractor,mobile,pos_name,pos_descript,welfare,work_place,unit_id,email,status,deleted,ctime,utime ) VALUES ( ?,?,?,?,?,?,?,?,?,?,?,?,?,?,?,? ) 
time=2019-03-31T00:08:50.613+0800`appName=oms`hostName=docker-20`logLevel=DEBUG`==> Parameters: java开发(String), 10000(String), 30(Integer), 11(Long), 赵宇(String), 15712341234(String), java开发工程师(String), 阿萨达多撒(String), 五险一金(String), 杭州(String), 2(Long), 843020799@qq.com(String), 3(Integer), 1(Integer), 1553962130607(Long), 1553962130607(Long)
time=2019-03-31T00:08:50.622+0800`appName=oms`hostName=docker-20`logLevel=DEBUG`<==    Updates: 1
time=2019-03-31T00:08:50.667+0800`appName=oms`hostName=docker-20`logLevel=DEBUG`==>  Preparing: SELECT COUNT(1) FROM recruit 
time=2019-03-31T00:08:50.667+0800`appName=oms`hostName=docker-20`logLevel=DEBUG`==> Parameters: 
time=2019-03-31T00:08:50.671+0800`appName=oms`hostName=docker-20`logLevel=DEBUG`==>  Preparing: SELECT recurit_id AS recuritId,title,salary,members,resumes,endTime,contractor,mobile,pos_name AS posName,pos_descript AS posDescript,welfare,work_place AS workPlace,unit_id AS unitId,email,status,deleted,ctime,utime FROM recruit LIMIT 0,100 
time=2019-03-31T00:08:50.671+0800`appName=oms`hostName=docker-20`logLevel=DEBUG`==> Parameters: 
time=2019-03-31T00:08:50.673+0800`appName=oms`hostName=docker-20`logLevel=DEBUG`<==      Total: 2
time=2019-03-31T00:08:50.675+0800`appName=oms`hostName=docker-20`logLevel=DEBUG`==>  Preparing: SELECT unit_id AS unitId,unit_name AS unitName,industry,property,scale,unit_web AS unitWeb,contractor,mobile,direct,company_phone AS companyPhone,address,status,deleted,ctime,utime FROM recruit_unit WHERE unit_id IN (?) 
time=2019-03-31T00:08:50.676+0800`appName=oms`hostName=docker-20`logLevel=DEBUG`==> Parameters: 2(Long)
time=2019-03-31T00:08:50.684+0800`appName=oms`hostName=docker-20`logLevel=DEBUG`<==      Total: 1
time=2019-03-31T00:14:10.779+0800`appName=oms`hostName=docker-20`logLevel=DEBUG`==>  Preparing: SELECT recurit_id AS recuritId,title,salary,members,resumes,endTime,contractor,mobile,pos_name AS posName,pos_descript AS posDescript,welfare,work_place AS workPlace,unit_id AS unitId,email,status,deleted,ctime,utime FROM recruit WHERE recurit_id=? 
time=2019-03-31T00:14:10.802+0800`appName=oms`hostName=docker-20`logLevel=DEBUG`==> Parameters: 2(Long)
time=2019-03-31T00:14:10.816+0800`appName=oms`hostName=docker-20`logLevel=DEBUG`<==      Total: 1
time=2019-03-31T00:14:14.500+0800`appName=oms`hostName=docker-20`logLevel=DEBUG`==>  Preparing: UPDATE recruit SET title=?,salary=?,members=?,endTime=?,contractor=?,mobile=?,pos_name=?,pos_descript=?,welfare=?,work_place=?,unit_id=?,email=?,status=?,deleted=?,utime=? WHERE recurit_id=? 
time=2019-03-31T00:14:14.506+0800`appName=oms`hostName=docker-20`logLevel=DEBUG`==> Parameters: java开发(String), 10000(String), 30(Integer), 11(Long), 赵宇(String), 15712341234(String), java开发工程师(String), 阿萨达多撒(String), 五险一金(String), 杭州(String), 2(Long), 843020799@qq.com(String), 3(Integer), 0(Integer), 1553962454496(Long), 2(Long)
time=2019-03-31T00:14:14.515+0800`appName=oms`hostName=docker-20`logLevel=DEBUG`<==    Updates: 1
time=2019-03-31T00:14:14.582+0800`appName=oms`hostName=docker-20`logLevel=DEBUG`==>  Preparing: SELECT COUNT(1) FROM recruit 
time=2019-03-31T00:14:14.583+0800`appName=oms`hostName=docker-20`logLevel=DEBUG`==> Parameters: 
time=2019-03-31T00:14:14.585+0800`appName=oms`hostName=docker-20`logLevel=DEBUG`==>  Preparing: SELECT recurit_id AS recuritId,title,salary,members,resumes,endTime,contractor,mobile,pos_name AS posName,pos_descript AS posDescript,welfare,work_place AS workPlace,unit_id AS unitId,email,status,deleted,ctime,utime FROM recruit LIMIT 0,100 
time=2019-03-31T00:14:14.586+0800`appName=oms`hostName=docker-20`logLevel=DEBUG`==> Parameters: 
time=2019-03-31T00:14:14.589+0800`appName=oms`hostName=docker-20`logLevel=DEBUG`<==      Total: 2
time=2019-03-31T00:14:14.598+0800`appName=oms`hostName=docker-20`logLevel=DEBUG`==>  Preparing: SELECT unit_id AS unitId,unit_name AS unitName,industry,property,scale,unit_web AS unitWeb,contractor,mobile,direct,company_phone AS companyPhone,address,status,deleted,ctime,utime FROM recruit_unit WHERE unit_id IN (?) 
time=2019-03-31T00:14:14.598+0800`appName=oms`hostName=docker-20`logLevel=DEBUG`==> Parameters: 2(Long)
time=2019-03-31T00:14:14.610+0800`appName=oms`hostName=docker-20`logLevel=DEBUG`<==      Total: 1
time=2019-03-31T00:17:13.866+0800`appName=oms`hostName=docker-20`logLevel=DEBUG`==>  Preparing: SELECT relation_id AS relationId,operator_id AS operatorId,role_id AS roleId,deleted,ctime,utime FROM operator_role_relation WHERE operator_id = ? 
time=2019-03-31T00:17:13.925+0800`appName=oms`hostName=docker-20`logLevel=DEBUG`==> Parameters: 15207312(Long)
time=2019-03-31T00:17:13.953+0800`appName=oms`hostName=docker-20`logLevel=DEBUG`<==      Total: 1
time=2019-03-31T00:17:13.966+0800`appName=oms`hostName=docker-20`logLevel=DEBUG`==>  Preparing: SELECT relation_id AS relationId,role_id AS roleId,menu_id AS menuId,status,ctime,utime FROM role_menu_relation WHERE role_id = ? 
time=2019-03-31T00:17:13.967+0800`appName=oms`hostName=docker-20`logLevel=DEBUG`==> Parameters: 1(Long)
time=2019-03-31T00:17:13.978+0800`appName=oms`hostName=docker-20`logLevel=DEBUG`<==      Total: 22
time=2019-03-31T00:17:13.997+0800`appName=oms`hostName=docker-20`logLevel=DEBUG`==>  Preparing: SELECT menu_id AS menuId,title,href,icon,status,parent_id,ctime,utime FROM menu WHERE menu_id IN (?,?,?,?,?,?,?,?,?,?,?,?,?,?,?,?,?,?,?,?,?,?) 
time=2019-03-31T00:17:14.001+0800`appName=oms`hostName=docker-20`logLevel=DEBUG`==> Parameters: 1(Long), 7(Long), 8(Long), 2(Long), 3(Long), 5(Long), 13(Long), 14(Long), 15(Long), 16(Long), 27(Long), 17(Long), 18(Long), 19(Long), 20(Long), 21(Long), 26(Long), 22(Long), 23(Long), 28(Long), 24(Long), 25(Long)
time=2019-03-31T00:17:14.011+0800`appName=oms`hostName=docker-20`logLevel=DEBUG`<==      Total: 22
time=2019-03-31T00:17:14.634+0800`appName=oms`hostName=docker-20`logLevel=DEBUG`==>  Preparing: SELECT unit_id AS unitId,unit_name AS unitName,industry,property,scale,unit_web AS unitWeb,contractor,mobile,direct,company_phone AS companyPhone,address,status,deleted,ctime,utime FROM recruit_unit WHERE deleted = ? AND status = ? 
time=2019-03-31T00:17:14.635+0800`appName=oms`hostName=docker-20`logLevel=DEBUG`==> Parameters: 1(Integer), 3(Integer)
time=2019-03-31T00:17:14.638+0800`appName=oms`hostName=docker-20`logLevel=DEBUG`<==      Total: 1
time=2019-03-31T00:17:14.737+0800`appName=oms`hostName=docker-20`logLevel=DEBUG`==>  Preparing: SELECT COUNT(1) FROM recruit 
time=2019-03-31T00:17:14.738+0800`appName=oms`hostName=docker-20`logLevel=DEBUG`==> Parameters: 
time=2019-03-31T00:17:14.747+0800`appName=oms`hostName=docker-20`logLevel=DEBUG`==>  Preparing: SELECT recurit_id AS recuritId,title,salary,members,resumes,endTime,contractor,mobile,pos_name AS posName,pos_descript AS posDescript,welfare,work_place AS workPlace,unit_id AS unitId,email,status,deleted,ctime,utime FROM recruit LIMIT 0,100 
time=2019-03-31T00:17:14.747+0800`appName=oms`hostName=docker-20`logLevel=DEBUG`==> Parameters: 
time=2019-03-31T00:17:14.751+0800`appName=oms`hostName=docker-20`logLevel=DEBUG`<==      Total: 2
time=2019-03-31T00:17:14.759+0800`appName=oms`hostName=docker-20`logLevel=DEBUG`==>  Preparing: SELECT unit_id AS unitId,unit_name AS unitName,industry,property,scale,unit_web AS unitWeb,contractor,mobile,direct,company_phone AS companyPhone,address,status,deleted,ctime,utime FROM recruit_unit WHERE unit_id IN (?) 
time=2019-03-31T00:17:14.760+0800`appName=oms`hostName=docker-20`logLevel=DEBUG`==> Parameters: 2(Long)
time=2019-03-31T00:17:14.764+0800`appName=oms`hostName=docker-20`logLevel=DEBUG`<==      Total: 1
time=2019-03-31T00:17:16.895+0800`appName=oms`hostName=docker-20`logLevel=DEBUG`==>  Preparing: SELECT recurit_id AS recuritId,title,salary,members,resumes,endTime,contractor,mobile,pos_name AS posName,pos_descript AS posDescript,welfare,work_place AS workPlace,unit_id AS unitId,email,status,deleted,ctime,utime FROM recruit WHERE recurit_id=? 
time=2019-03-31T00:17:16.896+0800`appName=oms`hostName=docker-20`logLevel=DEBUG`==> Parameters: 2(Long)
time=2019-03-31T00:17:16.900+0800`appName=oms`hostName=docker-20`logLevel=DEBUG`<==      Total: 1
time=2019-03-31T00:17:20.475+0800`appName=oms`hostName=docker-20`logLevel=DEBUG`==>  Preparing: UPDATE recruit SET title=?,salary=?,members=?,endTime=?,contractor=?,mobile=?,pos_name=?,pos_descript=?,welfare=?,work_place=?,unit_id=?,email=?,status=?,deleted=?,utime=? WHERE recurit_id=? 
time=2019-03-31T00:17:20.476+0800`appName=oms`hostName=docker-20`logLevel=DEBUG`==> Parameters: java开发(String), 10000(String), 30(Integer), 11(Long), 赵宇(String), 15712341234(String), java开发工程师(String), 阿萨达多撒(String), 五险一金(String), 杭州(String), 2(Long), 843020799@qq.com(String), 3(Integer), 0(Integer), 1553962640471(Long), 2(Long)
time=2019-03-31T00:17:20.482+0800`appName=oms`hostName=docker-20`logLevel=DEBUG`<==    Updates: 1
time=2019-03-31T00:17:20.530+0800`appName=oms`hostName=docker-20`logLevel=DEBUG`==>  Preparing: SELECT COUNT(1) FROM recruit 
time=2019-03-31T00:17:20.530+0800`appName=oms`hostName=docker-20`logLevel=DEBUG`==> Parameters: 
time=2019-03-31T00:17:20.533+0800`appName=oms`hostName=docker-20`logLevel=DEBUG`==>  Preparing: SELECT recurit_id AS recuritId,title,salary,members,resumes,endTime,contractor,mobile,pos_name AS posName,pos_descript AS posDescript,welfare,work_place AS workPlace,unit_id AS unitId,email,status,deleted,ctime,utime FROM recruit LIMIT 0,100 
time=2019-03-31T00:17:20.534+0800`appName=oms`hostName=docker-20`logLevel=DEBUG`==> Parameters: 
time=2019-03-31T00:17:20.537+0800`appName=oms`hostName=docker-20`logLevel=DEBUG`<==      Total: 2
time=2019-03-31T00:17:20.540+0800`appName=oms`hostName=docker-20`logLevel=DEBUG`==>  Preparing: SELECT unit_id AS unitId,unit_name AS unitName,industry,property,scale,unit_web AS unitWeb,contractor,mobile,direct,company_phone AS companyPhone,address,status,deleted,ctime,utime FROM recruit_unit WHERE unit_id IN (?) 
time=2019-03-31T00:17:20.540+0800`appName=oms`hostName=docker-20`logLevel=DEBUG`==> Parameters: 2(Long)
time=2019-03-31T00:17:20.544+0800`appName=oms`hostName=docker-20`logLevel=DEBUG`<==      Total: 1
time=2019-03-31T00:17:39.504+0800`appName=oms`hostName=docker-20`logLevel=DEBUG`==>  Preparing: SELECT operator_id AS operatorId,operator_name AS operatorName,operator_status AS operatorStatus,deleted,mobile,pwd,role_id AS roleId,ctime,utime FROM operator WHERE operator_id=? 
time=2019-03-31T00:17:39.508+0800`appName=oms`hostName=docker-20`logLevel=DEBUG`==> Parameters: 15207312(Long)
time=2019-03-31T00:17:39.514+0800`appName=oms`hostName=docker-20`logLevel=DEBUG`<==      Total: 1
time=2019-03-31T00:17:39.558+0800`appName=oms`hostName=docker-20`logLevel=DEBUG`==>  Preparing: SELECT student_id AS studentId,token,ctime,utime FROM user_web_token WHERE student_id=? 
time=2019-03-31T00:17:39.559+0800`appName=oms`hostName=docker-20`logLevel=DEBUG`==> Parameters: 15207312(Long)
time=2019-03-31T00:17:39.563+0800`appName=oms`hostName=docker-20`logLevel=DEBUG`<==      Total: 1
time=2019-03-31T00:17:39.611+0800`appName=oms`hostName=docker-20`logLevel=DEBUG`==>  Preparing: UPDATE user_web_token SET token=?,utime=? WHERE student_id=? 
time=2019-03-31T00:17:39.613+0800`appName=oms`hostName=docker-20`logLevel=DEBUG`==> Parameters: bde6bccc-c2a8-4f6d-98b4-ff739dfc825f(String), 1553962659595(Long), 15207312(Long)
time=2019-03-31T00:17:39.617+0800`appName=oms`hostName=docker-20`logLevel=DEBUG`<==    Updates: 1
time=2019-03-31T00:17:40.109+0800`appName=oms`hostName=docker-20`logLevel=DEBUG`==>  Preparing: SELECT relation_id AS relationId,operator_id AS operatorId,role_id AS roleId,deleted,ctime,utime FROM operator_role_relation WHERE operator_id = ? 
time=2019-03-31T00:17:40.111+0800`appName=oms`hostName=docker-20`logLevel=DEBUG`==> Parameters: 15207312(Long)
time=2019-03-31T00:17:40.112+0800`appName=oms`hostName=docker-20`logLevel=DEBUG`<==      Total: 1
time=2019-03-31T00:17:40.115+0800`appName=oms`hostName=docker-20`logLevel=DEBUG`==>  Preparing: SELECT relation_id AS relationId,role_id AS roleId,menu_id AS menuId,status,ctime,utime FROM role_menu_relation WHERE role_id = ? 
time=2019-03-31T00:17:40.116+0800`appName=oms`hostName=docker-20`logLevel=DEBUG`==> Parameters: 1(Long)
time=2019-03-31T00:17:40.120+0800`appName=oms`hostName=docker-20`logLevel=DEBUG`<==      Total: 22
time=2019-03-31T00:17:40.126+0800`appName=oms`hostName=docker-20`logLevel=DEBUG`==>  Preparing: SELECT menu_id AS menuId,title,href,icon,status,parent_id,ctime,utime FROM menu WHERE menu_id IN (?,?,?,?,?,?,?,?,?,?,?,?,?,?,?,?,?,?,?,?,?,?) 
time=2019-03-31T00:17:40.127+0800`appName=oms`hostName=docker-20`logLevel=DEBUG`==> Parameters: 1(Long), 7(Long), 8(Long), 2(Long), 3(Long), 5(Long), 13(Long), 14(Long), 15(Long), 16(Long), 27(Long), 17(Long), 18(Long), 19(Long), 20(Long), 21(Long), 26(Long), 22(Long), 23(Long), 28(Long), 24(Long), 25(Long)
time=2019-03-31T00:17:40.134+0800`appName=oms`hostName=docker-20`logLevel=DEBUG`<==      Total: 22
time=2019-03-31T00:17:44.911+0800`appName=oms`hostName=docker-20`logLevel=DEBUG`==>  Preparing: SELECT unit_id AS unitId,unit_name AS unitName,industry,property,scale,unit_web AS unitWeb,contractor,mobile,direct,company_phone AS companyPhone,address,status,deleted,ctime,utime FROM recruit_unit WHERE deleted = ? AND status = ? 
time=2019-03-31T00:17:44.911+0800`appName=oms`hostName=docker-20`logLevel=DEBUG`==> Parameters: 1(Integer), 3(Integer)
time=2019-03-31T00:17:44.913+0800`appName=oms`hostName=docker-20`logLevel=DEBUG`<==      Total: 1
time=2019-03-31T00:17:44.957+0800`appName=oms`hostName=docker-20`logLevel=DEBUG`==>  Preparing: SELECT COUNT(1) FROM recruit 
time=2019-03-31T00:17:44.958+0800`appName=oms`hostName=docker-20`logLevel=DEBUG`==> Parameters: 
time=2019-03-31T00:17:44.960+0800`appName=oms`hostName=docker-20`logLevel=DEBUG`==>  Preparing: SELECT recurit_id AS recuritId,title,salary,members,resumes,endTime,contractor,mobile,pos_name AS posName,pos_descript AS posDescript,welfare,work_place AS workPlace,unit_id AS unitId,email,status,deleted,ctime,utime FROM recruit LIMIT 0,100 
time=2019-03-31T00:17:44.962+0800`appName=oms`hostName=docker-20`logLevel=DEBUG`==> Parameters: 
time=2019-03-31T00:17:44.966+0800`appName=oms`hostName=docker-20`logLevel=DEBUG`<==      Total: 2
time=2019-03-31T00:17:44.969+0800`appName=oms`hostName=docker-20`logLevel=DEBUG`==>  Preparing: SELECT unit_id AS unitId,unit_name AS unitName,industry,property,scale,unit_web AS unitWeb,contractor,mobile,direct,company_phone AS companyPhone,address,status,deleted,ctime,utime FROM recruit_unit WHERE unit_id IN (?) 
time=2019-03-31T00:17:44.970+0800`appName=oms`hostName=docker-20`logLevel=DEBUG`==> Parameters: 2(Long)
time=2019-03-31T00:17:44.972+0800`appName=oms`hostName=docker-20`logLevel=DEBUG`<==      Total: 1
time=2019-03-31T00:17:46.720+0800`appName=oms`hostName=docker-20`logLevel=DEBUG`==>  Preparing: SELECT recurit_id AS recuritId,title,salary,members,resumes,endTime,contractor,mobile,pos_name AS posName,pos_descript AS posDescript,welfare,work_place AS workPlace,unit_id AS unitId,email,status,deleted,ctime,utime FROM recruit WHERE recurit_id=? 
time=2019-03-31T00:17:46.720+0800`appName=oms`hostName=docker-20`logLevel=DEBUG`==> Parameters: 2(Long)
time=2019-03-31T00:17:46.723+0800`appName=oms`hostName=docker-20`logLevel=DEBUG`<==      Total: 1
time=2019-03-31T00:17:49.720+0800`appName=oms`hostName=docker-20`logLevel=DEBUG`==>  Preparing: UPDATE recruit SET title=?,salary=?,members=?,endTime=?,contractor=?,mobile=?,pos_name=?,pos_descript=?,welfare=?,work_place=?,unit_id=?,email=?,status=?,deleted=?,utime=? WHERE recurit_id=? 
time=2019-03-31T00:17:49.723+0800`appName=oms`hostName=docker-20`logLevel=DEBUG`==> Parameters: java开发(String), 10000(String), 30(Integer), 11(Long), 赵宇(String), 15712341234(String), java开发工程师(String), 阿萨达多撒(String), 五险一金(String), 杭州(String), 2(Long), 843020799@qq.com(String), 2(Integer), 0(Integer), 1553962669714(Long), 2(Long)
time=2019-03-31T00:17:49.728+0800`appName=oms`hostName=docker-20`logLevel=DEBUG`<==    Updates: 1
time=2019-03-31T00:17:49.773+0800`appName=oms`hostName=docker-20`logLevel=DEBUG`==>  Preparing: SELECT COUNT(1) FROM recruit 
time=2019-03-31T00:17:49.773+0800`appName=oms`hostName=docker-20`logLevel=DEBUG`==> Parameters: 
time=2019-03-31T00:17:49.775+0800`appName=oms`hostName=docker-20`logLevel=DEBUG`==>  Preparing: SELECT recurit_id AS recuritId,title,salary,members,resumes,endTime,contractor,mobile,pos_name AS posName,pos_descript AS posDescript,welfare,work_place AS workPlace,unit_id AS unitId,email,status,deleted,ctime,utime FROM recruit LIMIT 0,100 
time=2019-03-31T00:17:49.776+0800`appName=oms`hostName=docker-20`logLevel=DEBUG`==> Parameters: 
time=2019-03-31T00:17:49.784+0800`appName=oms`hostName=docker-20`logLevel=DEBUG`<==      Total: 2
time=2019-03-31T00:17:49.788+0800`appName=oms`hostName=docker-20`logLevel=DEBUG`==>  Preparing: SELECT unit_id AS unitId,unit_name AS unitName,industry,property,scale,unit_web AS unitWeb,contractor,mobile,direct,company_phone AS companyPhone,address,status,deleted,ctime,utime FROM recruit_unit WHERE unit_id IN (?) 
time=2019-03-31T00:17:49.790+0800`appName=oms`hostName=docker-20`logLevel=DEBUG`==> Parameters: 2(Long)
time=2019-03-31T00:17:49.793+0800`appName=oms`hostName=docker-20`logLevel=DEBUG`<==      Total: 1
time=2019-03-31T00:22:53.980+0800`appName=oms`hostName=docker-20`logLevel=DEBUG`==>  Preparing: SELECT relation_id AS relationId,operator_id AS operatorId,role_id AS roleId,deleted,ctime,utime FROM operator_role_relation WHERE operator_id = ? 
time=2019-03-31T00:22:54.041+0800`appName=oms`hostName=docker-20`logLevel=DEBUG`==> Parameters: 15207312(Long)
time=2019-03-31T00:22:54.073+0800`appName=oms`hostName=docker-20`logLevel=DEBUG`<==      Total: 1
time=2019-03-31T00:22:54.087+0800`appName=oms`hostName=docker-20`logLevel=DEBUG`==>  Preparing: SELECT relation_id AS relationId,role_id AS roleId,menu_id AS menuId,status,ctime,utime FROM role_menu_relation WHERE role_id = ? 
time=2019-03-31T00:22:54.088+0800`appName=oms`hostName=docker-20`logLevel=DEBUG`==> Parameters: 1(Long)
time=2019-03-31T00:22:54.099+0800`appName=oms`hostName=docker-20`logLevel=DEBUG`<==      Total: 22
time=2019-03-31T00:22:54.119+0800`appName=oms`hostName=docker-20`logLevel=DEBUG`==>  Preparing: SELECT menu_id AS menuId,title,href,icon,status,parent_id,ctime,utime FROM menu WHERE menu_id IN (?,?,?,?,?,?,?,?,?,?,?,?,?,?,?,?,?,?,?,?,?,?) 
time=2019-03-31T00:22:54.123+0800`appName=oms`hostName=docker-20`logLevel=DEBUG`==> Parameters: 1(Long), 7(Long), 8(Long), 2(Long), 3(Long), 5(Long), 13(Long), 14(Long), 15(Long), 16(Long), 27(Long), 17(Long), 18(Long), 19(Long), 20(Long), 21(Long), 26(Long), 22(Long), 23(Long), 28(Long), 24(Long), 25(Long)
time=2019-03-31T00:22:54.168+0800`appName=oms`hostName=docker-20`logLevel=DEBUG`<==      Total: 22
time=2019-03-31T00:22:54.739+0800`appName=oms`hostName=docker-20`logLevel=DEBUG`==>  Preparing: SELECT unit_id AS unitId,unit_name AS unitName,industry,property,scale,unit_web AS unitWeb,contractor,mobile,direct,company_phone AS companyPhone,address,status,deleted,ctime,utime FROM recruit_unit WHERE deleted = ? AND status = ? 
time=2019-03-31T00:22:54.740+0800`appName=oms`hostName=docker-20`logLevel=DEBUG`==> Parameters: 1(Integer), 3(Integer)
time=2019-03-31T00:22:54.745+0800`appName=oms`hostName=docker-20`logLevel=DEBUG`<==      Total: 1
time=2019-03-31T00:22:54.817+0800`appName=oms`hostName=docker-20`logLevel=DEBUG`==>  Preparing: SELECT COUNT(1) FROM recruit 
time=2019-03-31T00:22:54.818+0800`appName=oms`hostName=docker-20`logLevel=DEBUG`==> Parameters: 
time=2019-03-31T00:22:54.826+0800`appName=oms`hostName=docker-20`logLevel=DEBUG`==>  Preparing: SELECT recurit_id AS recuritId,title,salary,members,resumes,endTime,contractor,mobile,pos_name AS posName,pos_descript AS posDescript,welfare,work_place AS workPlace,unit_id AS unitId,email,status,deleted,ctime,utime FROM recruit LIMIT 0,100 
time=2019-03-31T00:22:54.826+0800`appName=oms`hostName=docker-20`logLevel=DEBUG`==> Parameters: 
time=2019-03-31T00:22:54.829+0800`appName=oms`hostName=docker-20`logLevel=DEBUG`<==      Total: 2
time=2019-03-31T00:22:54.831+0800`appName=oms`hostName=docker-20`logLevel=DEBUG`==>  Preparing: SELECT unit_id AS unitId,unit_name AS unitName,industry,property,scale,unit_web AS unitWeb,contractor,mobile,direct,company_phone AS companyPhone,address,status,deleted,ctime,utime FROM recruit_unit WHERE unit_id IN (?) 
time=2019-03-31T00:22:54.832+0800`appName=oms`hostName=docker-20`logLevel=DEBUG`==> Parameters: 2(Long)
time=2019-03-31T00:22:54.835+0800`appName=oms`hostName=docker-20`logLevel=DEBUG`<==      Total: 1
time=2019-03-31T00:22:56.769+0800`appName=oms`hostName=docker-20`logLevel=DEBUG`==>  Preparing: SELECT recurit_id AS recuritId,title,salary,members,resumes,endTime,contractor,mobile,pos_name AS posName,pos_descript AS posDescript,welfare,work_place AS workPlace,unit_id AS unitId,email,status,deleted,ctime,utime FROM recruit WHERE recurit_id=? 
time=2019-03-31T00:22:56.770+0800`appName=oms`hostName=docker-20`logLevel=DEBUG`==> Parameters: 2(Long)
time=2019-03-31T00:22:56.775+0800`appName=oms`hostName=docker-20`logLevel=DEBUG`<==      Total: 1
time=2019-03-31T00:23:11.721+0800`appName=oms`hostName=docker-20`logLevel=DEBUG`==>  Preparing: SELECT relation_id AS relationId,operator_id AS operatorId,role_id AS roleId,deleted,ctime,utime FROM operator_role_relation WHERE operator_id = ? 
time=2019-03-31T00:23:11.723+0800`appName=oms`hostName=docker-20`logLevel=DEBUG`==> Parameters: 15207312(Long)
time=2019-03-31T00:23:11.725+0800`appName=oms`hostName=docker-20`logLevel=DEBUG`<==      Total: 1
time=2019-03-31T00:23:11.729+0800`appName=oms`hostName=docker-20`logLevel=DEBUG`==>  Preparing: SELECT relation_id AS relationId,role_id AS roleId,menu_id AS menuId,status,ctime,utime FROM role_menu_relation WHERE role_id = ? 
time=2019-03-31T00:23:11.729+0800`appName=oms`hostName=docker-20`logLevel=DEBUG`==> Parameters: 1(Long)
time=2019-03-31T00:23:11.733+0800`appName=oms`hostName=docker-20`logLevel=DEBUG`<==      Total: 22
time=2019-03-31T00:23:11.741+0800`appName=oms`hostName=docker-20`logLevel=DEBUG`==>  Preparing: SELECT menu_id AS menuId,title,href,icon,status,parent_id,ctime,utime FROM menu WHERE menu_id IN (?,?,?,?,?,?,?,?,?,?,?,?,?,?,?,?,?,?,?,?,?,?) 
time=2019-03-31T00:23:11.743+0800`appName=oms`hostName=docker-20`logLevel=DEBUG`==> Parameters: 1(Long), 7(Long), 8(Long), 2(Long), 3(Long), 5(Long), 13(Long), 14(Long), 15(Long), 16(Long), 27(Long), 17(Long), 18(Long), 19(Long), 20(Long), 21(Long), 26(Long), 22(Long), 23(Long), 28(Long), 24(Long), 25(Long)
time=2019-03-31T00:23:11.750+0800`appName=oms`hostName=docker-20`logLevel=DEBUG`<==      Total: 22
time=2019-03-31T00:23:12.092+0800`appName=oms`hostName=docker-20`logLevel=DEBUG`==>  Preparing: SELECT unit_id AS unitId,unit_name AS unitName,industry,property,scale,unit_web AS unitWeb,contractor,mobile,direct,company_phone AS companyPhone,address,status,deleted,ctime,utime FROM recruit_unit WHERE deleted = ? AND status = ? 
time=2019-03-31T00:23:12.092+0800`appName=oms`hostName=docker-20`logLevel=DEBUG`==> Parameters: 1(Integer), 3(Integer)
time=2019-03-31T00:23:12.094+0800`appName=oms`hostName=docker-20`logLevel=DEBUG`<==      Total: 1
time=2019-03-31T00:23:12.132+0800`appName=oms`hostName=docker-20`logLevel=DEBUG`==>  Preparing: SELECT COUNT(1) FROM recruit 
time=2019-03-31T00:23:12.133+0800`appName=oms`hostName=docker-20`logLevel=DEBUG`==> Parameters: 
time=2019-03-31T00:23:12.136+0800`appName=oms`hostName=docker-20`logLevel=DEBUG`==>  Preparing: SELECT recurit_id AS recuritId,title,salary,members,resumes,endTime,contractor,mobile,pos_name AS posName,pos_descript AS posDescript,welfare,work_place AS workPlace,unit_id AS unitId,email,status,deleted,ctime,utime FROM recruit LIMIT 0,100 
time=2019-03-31T00:23:12.136+0800`appName=oms`hostName=docker-20`logLevel=DEBUG`==> Parameters: 
time=2019-03-31T00:23:12.139+0800`appName=oms`hostName=docker-20`logLevel=DEBUG`<==      Total: 2
time=2019-03-31T00:23:12.142+0800`appName=oms`hostName=docker-20`logLevel=DEBUG`==>  Preparing: SELECT unit_id AS unitId,unit_name AS unitName,industry,property,scale,unit_web AS unitWeb,contractor,mobile,direct,company_phone AS companyPhone,address,status,deleted,ctime,utime FROM recruit_unit WHERE unit_id IN (?) 
time=2019-03-31T00:23:12.143+0800`appName=oms`hostName=docker-20`logLevel=DEBUG`==> Parameters: 2(Long)
time=2019-03-31T00:23:12.145+0800`appName=oms`hostName=docker-20`logLevel=DEBUG`<==      Total: 1
time=2019-03-31T00:23:14.776+0800`appName=oms`hostName=docker-20`logLevel=DEBUG`==>  Preparing: SELECT recurit_id AS recuritId,title,salary,members,resumes,endTime,contractor,mobile,pos_name AS posName,pos_descript AS posDescript,welfare,work_place AS workPlace,unit_id AS unitId,email,status,deleted,ctime,utime FROM recruit WHERE recurit_id=? 
time=2019-03-31T00:23:14.778+0800`appName=oms`hostName=docker-20`logLevel=DEBUG`==> Parameters: 2(Long)
time=2019-03-31T00:23:14.781+0800`appName=oms`hostName=docker-20`logLevel=DEBUG`<==      Total: 1
time=2019-03-31T00:23:18.487+0800`appName=oms`hostName=docker-20`logLevel=DEBUG`==>  Preparing: UPDATE recruit SET title=?,salary=?,members=?,endTime=?,contractor=?,mobile=?,pos_name=?,pos_descript=?,welfare=?,work_place=?,unit_id=?,email=?,status=?,deleted=?,utime=? WHERE recurit_id=? 
time=2019-03-31T00:23:18.490+0800`appName=oms`hostName=docker-20`logLevel=DEBUG`==> Parameters: java开发(String), 10000(String), 30(Integer), 11(Long), 赵宇(String), 15712341234(String), java开发工程师(String), 阿萨达多撒(String), 五险一金(String), 杭州(String), 2(Long), 843020799@qq.com(String), 1(Integer), 1(Integer), 1553962998484(Long), 2(Long)
time=2019-03-31T00:23:18.495+0800`appName=oms`hostName=docker-20`logLevel=DEBUG`<==    Updates: 1
time=2019-03-31T00:23:18.553+0800`appName=oms`hostName=docker-20`logLevel=DEBUG`==>  Preparing: SELECT COUNT(1) FROM recruit 
time=2019-03-31T00:23:18.554+0800`appName=oms`hostName=docker-20`logLevel=DEBUG`==> Parameters: 
time=2019-03-31T00:23:18.557+0800`appName=oms`hostName=docker-20`logLevel=DEBUG`==>  Preparing: SELECT recurit_id AS recuritId,title,salary,members,resumes,endTime,contractor,mobile,pos_name AS posName,pos_descript AS posDescript,welfare,work_place AS workPlace,unit_id AS unitId,email,status,deleted,ctime,utime FROM recruit LIMIT 0,100 
time=2019-03-31T00:23:18.558+0800`appName=oms`hostName=docker-20`logLevel=DEBUG`==> Parameters: 
time=2019-03-31T00:23:18.561+0800`appName=oms`hostName=docker-20`logLevel=DEBUG`<==      Total: 2
time=2019-03-31T00:23:18.564+0800`appName=oms`hostName=docker-20`logLevel=DEBUG`==>  Preparing: SELECT unit_id AS unitId,unit_name AS unitName,industry,property,scale,unit_web AS unitWeb,contractor,mobile,direct,company_phone AS companyPhone,address,status,deleted,ctime,utime FROM recruit_unit WHERE unit_id IN (?) 
time=2019-03-31T00:23:18.566+0800`appName=oms`hostName=docker-20`logLevel=DEBUG`==> Parameters: 2(Long)
time=2019-03-31T00:23:18.570+0800`appName=oms`hostName=docker-20`logLevel=DEBUG`<==      Total: 1
time=2019-03-31T00:24:24.299+0800`appName=oms`hostName=docker-20`logLevel=DEBUG`==>  Preparing: SELECT recurit_id AS recuritId,title,salary,members,resumes,endTime,contractor,mobile,pos_name AS posName,pos_descript AS posDescript,welfare,work_place AS workPlace,unit_id AS unitId,email,status,deleted,ctime,utime FROM recruit WHERE recurit_id=? 
time=2019-03-31T00:24:24.301+0800`appName=oms`hostName=docker-20`logLevel=DEBUG`==> Parameters: 2(Long)
time=2019-03-31T00:24:24.304+0800`appName=oms`hostName=docker-20`logLevel=DEBUG`<==      Total: 1
time=2019-03-31T00:24:28.292+0800`appName=oms`hostName=docker-20`logLevel=DEBUG`==>  Preparing: UPDATE recruit SET title=?,salary=?,members=?,endTime=?,contractor=?,mobile=?,pos_name=?,pos_descript=?,welfare=?,work_place=?,unit_id=?,email=?,status=?,deleted=?,utime=? WHERE recurit_id=? 
time=2019-03-31T00:24:28.295+0800`appName=oms`hostName=docker-20`logLevel=DEBUG`==> Parameters: java开发(String), 10000(String), 30(Integer), 11(Long), 赵宇(String), 15712341234(String), java开发工程师(String), 阿萨达多撒(String), 五险一金(String), 杭州(String), 2(Long), 843020799@qq.com(String), 2(Integer), 0(Integer), 1553963068289(Long), 2(Long)
time=2019-03-31T00:24:28.301+0800`appName=oms`hostName=docker-20`logLevel=DEBUG`<==    Updates: 1
time=2019-03-31T00:24:28.348+0800`appName=oms`hostName=docker-20`logLevel=DEBUG`==>  Preparing: SELECT COUNT(1) FROM recruit 
time=2019-03-31T00:24:28.349+0800`appName=oms`hostName=docker-20`logLevel=DEBUG`==> Parameters: 
time=2019-03-31T00:24:28.351+0800`appName=oms`hostName=docker-20`logLevel=DEBUG`==>  Preparing: SELECT recurit_id AS recuritId,title,salary,members,resumes,endTime,contractor,mobile,pos_name AS posName,pos_descript AS posDescript,welfare,work_place AS workPlace,unit_id AS unitId,email,status,deleted,ctime,utime FROM recruit LIMIT 0,100 
time=2019-03-31T00:24:28.352+0800`appName=oms`hostName=docker-20`logLevel=DEBUG`==> Parameters: 
time=2019-03-31T00:24:28.355+0800`appName=oms`hostName=docker-20`logLevel=DEBUG`<==      Total: 2
time=2019-03-31T00:24:28.358+0800`appName=oms`hostName=docker-20`logLevel=DEBUG`==>  Preparing: SELECT unit_id AS unitId,unit_name AS unitName,industry,property,scale,unit_web AS unitWeb,contractor,mobile,direct,company_phone AS companyPhone,address,status,deleted,ctime,utime FROM recruit_unit WHERE unit_id IN (?) 
time=2019-03-31T00:24:28.359+0800`appName=oms`hostName=docker-20`logLevel=DEBUG`==> Parameters: 2(Long)
time=2019-03-31T00:24:28.362+0800`appName=oms`hostName=docker-20`logLevel=DEBUG`<==      Total: 1
time=2019-03-31T00:25:03.562+0800`appName=oms`hostName=docker-20`logLevel=DEBUG`==>  Preparing: SELECT relation_id AS relationId,operator_id AS operatorId,role_id AS roleId,deleted,ctime,utime FROM operator_role_relation WHERE operator_id = ? 
time=2019-03-31T00:25:03.564+0800`appName=oms`hostName=docker-20`logLevel=DEBUG`==> Parameters: 15207312(Long)
time=2019-03-31T00:25:03.566+0800`appName=oms`hostName=docker-20`logLevel=DEBUG`<==      Total: 1
time=2019-03-31T00:25:03.568+0800`appName=oms`hostName=docker-20`logLevel=DEBUG`==>  Preparing: SELECT relation_id AS relationId,role_id AS roleId,menu_id AS menuId,status,ctime,utime FROM role_menu_relation WHERE role_id = ? 
time=2019-03-31T00:25:03.569+0800`appName=oms`hostName=docker-20`logLevel=DEBUG`==> Parameters: 1(Long)
time=2019-03-31T00:25:03.577+0800`appName=oms`hostName=docker-20`logLevel=DEBUG`<==      Total: 22
time=2019-03-31T00:25:03.585+0800`appName=oms`hostName=docker-20`logLevel=DEBUG`==>  Preparing: SELECT menu_id AS menuId,title,href,icon,status,parent_id,ctime,utime FROM menu WHERE menu_id IN (?,?,?,?,?,?,?,?,?,?,?,?,?,?,?,?,?,?,?,?,?,?) 
time=2019-03-31T00:25:03.586+0800`appName=oms`hostName=docker-20`logLevel=DEBUG`==> Parameters: 1(Long), 7(Long), 8(Long), 2(Long), 3(Long), 5(Long), 13(Long), 14(Long), 15(Long), 16(Long), 27(Long), 17(Long), 18(Long), 19(Long), 20(Long), 21(Long), 26(Long), 22(Long), 23(Long), 28(Long), 24(Long), 25(Long)
time=2019-03-31T00:25:03.590+0800`appName=oms`hostName=docker-20`logLevel=DEBUG`<==      Total: 22
time=2019-03-31T00:25:03.890+0800`appName=oms`hostName=docker-20`logLevel=DEBUG`==>  Preparing: SELECT unit_id AS unitId,unit_name AS unitName,industry,property,scale,unit_web AS unitWeb,contractor,mobile,direct,company_phone AS companyPhone,address,status,deleted,ctime,utime FROM recruit_unit WHERE deleted = ? AND status = ? 
time=2019-03-31T00:25:03.891+0800`appName=oms`hostName=docker-20`logLevel=DEBUG`==> Parameters: 1(Integer), 3(Integer)
time=2019-03-31T00:25:03.895+0800`appName=oms`hostName=docker-20`logLevel=DEBUG`<==      Total: 1
time=2019-03-31T00:25:03.940+0800`appName=oms`hostName=docker-20`logLevel=DEBUG`==>  Preparing: SELECT COUNT(1) FROM recruit 
time=2019-03-31T00:25:03.940+0800`appName=oms`hostName=docker-20`logLevel=DEBUG`==> Parameters: 
time=2019-03-31T00:25:03.943+0800`appName=oms`hostName=docker-20`logLevel=DEBUG`==>  Preparing: SELECT recurit_id AS recuritId,title,salary,members,resumes,endTime,contractor,mobile,pos_name AS posName,pos_descript AS posDescript,welfare,work_place AS workPlace,unit_id AS unitId,email,status,deleted,ctime,utime FROM recruit LIMIT 0,100 
time=2019-03-31T00:25:03.944+0800`appName=oms`hostName=docker-20`logLevel=DEBUG`==> Parameters: 
time=2019-03-31T00:25:03.949+0800`appName=oms`hostName=docker-20`logLevel=DEBUG`<==      Total: 2
time=2019-03-31T00:25:03.952+0800`appName=oms`hostName=docker-20`logLevel=DEBUG`==>  Preparing: SELECT unit_id AS unitId,unit_name AS unitName,industry,property,scale,unit_web AS unitWeb,contractor,mobile,direct,company_phone AS companyPhone,address,status,deleted,ctime,utime FROM recruit_unit WHERE unit_id IN (?) 
time=2019-03-31T00:25:03.953+0800`appName=oms`hostName=docker-20`logLevel=DEBUG`==> Parameters: 2(Long)
time=2019-03-31T00:25:03.956+0800`appName=oms`hostName=docker-20`logLevel=DEBUG`<==      Total: 1
time=2019-03-31T00:25:05.624+0800`appName=oms`hostName=docker-20`logLevel=DEBUG`==>  Preparing: SELECT recurit_id AS recuritId,title,salary,members,resumes,endTime,contractor,mobile,pos_name AS posName,pos_descript AS posDescript,welfare,work_place AS workPlace,unit_id AS unitId,email,status,deleted,ctime,utime FROM recruit WHERE recurit_id=? 
time=2019-03-31T00:25:05.625+0800`appName=oms`hostName=docker-20`logLevel=DEBUG`==> Parameters: 2(Long)
time=2019-03-31T00:25:05.628+0800`appName=oms`hostName=docker-20`logLevel=DEBUG`<==      Total: 1
time=2019-03-31T00:25:10.590+0800`appName=oms`hostName=docker-20`logLevel=DEBUG`==>  Preparing: UPDATE recruit SET title=?,salary=?,members=?,endTime=?,contractor=?,mobile=?,pos_name=?,pos_descript=?,welfare=?,work_place=?,unit_id=?,email=?,status=?,deleted=?,utime=? WHERE recurit_id=? 
time=2019-03-31T00:25:10.591+0800`appName=oms`hostName=docker-20`logLevel=DEBUG`==> Parameters: java开发(String), 10000(String), 30(Integer), 11(Long), 赵宇(String), 15712341234(String), java开发工程师(String), 阿萨达多撒(String), 五险一金(String), 杭州(String), 2(Long), 843020799@qq.com(String), 1(Integer), 1(Integer), 1553963110588(Long), 2(Long)
time=2019-03-31T00:25:10.596+0800`appName=oms`hostName=docker-20`logLevel=DEBUG`<==    Updates: 1
time=2019-03-31T00:25:10.634+0800`appName=oms`hostName=docker-20`logLevel=DEBUG`==>  Preparing: SELECT COUNT(1) FROM recruit 
time=2019-03-31T00:25:10.634+0800`appName=oms`hostName=docker-20`logLevel=DEBUG`==> Parameters: 
time=2019-03-31T00:25:10.636+0800`appName=oms`hostName=docker-20`logLevel=DEBUG`==>  Preparing: SELECT recurit_id AS recuritId,title,salary,members,resumes,endTime,contractor,mobile,pos_name AS posName,pos_descript AS posDescript,welfare,work_place AS workPlace,unit_id AS unitId,email,status,deleted,ctime,utime FROM recruit LIMIT 0,100 
time=2019-03-31T00:25:10.637+0800`appName=oms`hostName=docker-20`logLevel=DEBUG`==> Parameters: 
time=2019-03-31T00:25:10.819+0800`appName=oms`hostName=docker-20`logLevel=DEBUG`<==      Total: 2
time=2019-03-31T00:25:10.821+0800`appName=oms`hostName=docker-20`logLevel=DEBUG`==>  Preparing: SELECT unit_id AS unitId,unit_name AS unitName,industry,property,scale,unit_web AS unitWeb,contractor,mobile,direct,company_phone AS companyPhone,address,status,deleted,ctime,utime FROM recruit_unit WHERE unit_id IN (?) 
time=2019-03-31T00:25:10.822+0800`appName=oms`hostName=docker-20`logLevel=DEBUG`==> Parameters: 2(Long)
time=2019-03-31T00:25:10.824+0800`appName=oms`hostName=docker-20`logLevel=DEBUG`<==      Total: 1
time=2019-03-31T00:25:12.938+0800`appName=oms`hostName=docker-20`logLevel=DEBUG`==>  Preparing: SELECT recurit_id AS recuritId,title,salary,members,resumes,endTime,contractor,mobile,pos_name AS posName,pos_descript AS posDescript,welfare,work_place AS workPlace,unit_id AS unitId,email,status,deleted,ctime,utime FROM recruit WHERE recurit_id=? 
time=2019-03-31T00:25:12.939+0800`appName=oms`hostName=docker-20`logLevel=DEBUG`==> Parameters: 2(Long)
time=2019-03-31T00:25:12.944+0800`appName=oms`hostName=docker-20`logLevel=DEBUG`<==      Total: 1
time=2019-03-31T00:25:17.990+0800`appName=oms`hostName=docker-20`logLevel=DEBUG`==>  Preparing: UPDATE recruit SET title=?,salary=?,members=?,endTime=?,contractor=?,mobile=?,pos_name=?,pos_descript=?,welfare=?,work_place=?,unit_id=?,email=?,status=?,deleted=?,utime=? WHERE recurit_id=? 
time=2019-03-31T00:25:17.993+0800`appName=oms`hostName=docker-20`logLevel=DEBUG`==> Parameters: java开发(String), 10000(String), 30(Integer), 11(Long), 赵宇(String), 15712341234(String), java开发工程师(String), 阿萨达多撒(String), 五险一金(String), 杭州(String), 2(Long), 843020799@qq.com(String), 2(Integer), 0(Integer), 1553963117987(Long), 2(Long)
time=2019-03-31T00:25:17.999+0800`appName=oms`hostName=docker-20`logLevel=DEBUG`<==    Updates: 1
time=2019-03-31T00:25:18.037+0800`appName=oms`hostName=docker-20`logLevel=DEBUG`==>  Preparing: SELECT COUNT(1) FROM recruit 
time=2019-03-31T00:25:18.038+0800`appName=oms`hostName=docker-20`logLevel=DEBUG`==> Parameters: 
time=2019-03-31T00:25:18.040+0800`appName=oms`hostName=docker-20`logLevel=DEBUG`==>  Preparing: SELECT recurit_id AS recuritId,title,salary,members,resumes,endTime,contractor,mobile,pos_name AS posName,pos_descript AS posDescript,welfare,work_place AS workPlace,unit_id AS unitId,email,status,deleted,ctime,utime FROM recruit LIMIT 0,100 
time=2019-03-31T00:25:18.041+0800`appName=oms`hostName=docker-20`logLevel=DEBUG`==> Parameters: 
time=2019-03-31T00:25:18.043+0800`appName=oms`hostName=docker-20`logLevel=DEBUG`<==      Total: 2
time=2019-03-31T00:25:18.045+0800`appName=oms`hostName=docker-20`logLevel=DEBUG`==>  Preparing: SELECT unit_id AS unitId,unit_name AS unitName,industry,property,scale,unit_web AS unitWeb,contractor,mobile,direct,company_phone AS companyPhone,address,status,deleted,ctime,utime FROM recruit_unit WHERE unit_id IN (?) 
time=2019-03-31T00:25:18.046+0800`appName=oms`hostName=docker-20`logLevel=DEBUG`==> Parameters: 2(Long)
time=2019-03-31T00:25:18.048+0800`appName=oms`hostName=docker-20`logLevel=DEBUG`<==      Total: 1
time=2019-03-31T00:25:20.467+0800`appName=oms`hostName=docker-20`logLevel=DEBUG`==>  Preparing: SELECT recurit_id AS recuritId,title,salary,members,resumes,endTime,contractor,mobile,pos_name AS posName,pos_descript AS posDescript,welfare,work_place AS workPlace,unit_id AS unitId,email,status,deleted,ctime,utime FROM recruit WHERE recurit_id=? 
time=2019-03-31T00:25:20.468+0800`appName=oms`hostName=docker-20`logLevel=DEBUG`==> Parameters: 2(Long)
time=2019-03-31T00:25:20.470+0800`appName=oms`hostName=docker-20`logLevel=DEBUG`<==      Total: 1
time=2019-03-31T00:27:06.365+0800`appName=oms`hostName=docker-20`logLevel=DEBUG`==>  Preparing: SELECT recurit_id AS recuritId,title,salary,members,resumes,endTime,contractor,mobile,pos_name AS posName,pos_descript AS posDescript,welfare,work_place AS workPlace,unit_id AS unitId,email,status,deleted,ctime,utime FROM recruit WHERE recurit_id=? 
time=2019-03-31T00:27:06.371+0800`appName=oms`hostName=docker-20`logLevel=DEBUG`==> Parameters: 2(Long)
time=2019-03-31T00:27:06.384+0800`appName=oms`hostName=docker-20`logLevel=DEBUG`<==      Total: 1
time=2019-03-31T00:27:09.684+0800`appName=oms`hostName=docker-20`logLevel=DEBUG`==>  Preparing: UPDATE recruit SET title=?,salary=?,members=?,endTime=?,contractor=?,mobile=?,pos_name=?,pos_descript=?,welfare=?,work_place=?,unit_id=?,email=?,status=?,deleted=?,utime=? WHERE recurit_id=? 
time=2019-03-31T00:27:09.688+0800`appName=oms`hostName=docker-20`logLevel=DEBUG`==> Parameters: java开发(String), 10000(String), 30(Integer), 11(Long), 赵宇(String), 15712341234(String), java开发工程师(String), 阿萨达多撒(String), 五险一金(String), 杭州(String), 2(Long), 843020799@qq.com(String), 1(Integer), 1(Integer), 1553963229679(Long), 2(Long)
time=2019-03-31T00:27:09.694+0800`appName=oms`hostName=docker-20`logLevel=DEBUG`<==    Updates: 1
time=2019-03-31T00:27:09.763+0800`appName=oms`hostName=docker-20`logLevel=DEBUG`==>  Preparing: SELECT COUNT(1) FROM recruit 
time=2019-03-31T00:27:09.764+0800`appName=oms`hostName=docker-20`logLevel=DEBUG`==> Parameters: 
time=2019-03-31T00:27:09.767+0800`appName=oms`hostName=docker-20`logLevel=DEBUG`==>  Preparing: SELECT recurit_id AS recuritId,title,salary,members,resumes,endTime,contractor,mobile,pos_name AS posName,pos_descript AS posDescript,welfare,work_place AS workPlace,unit_id AS unitId,email,status,deleted,ctime,utime FROM recruit LIMIT 0,100 
time=2019-03-31T00:27:09.768+0800`appName=oms`hostName=docker-20`logLevel=DEBUG`==> Parameters: 
time=2019-03-31T00:27:09.771+0800`appName=oms`hostName=docker-20`logLevel=DEBUG`<==      Total: 2
time=2019-03-31T00:27:09.776+0800`appName=oms`hostName=docker-20`logLevel=DEBUG`==>  Preparing: SELECT unit_id AS unitId,unit_name AS unitName,industry,property,scale,unit_web AS unitWeb,contractor,mobile,direct,company_phone AS companyPhone,address,status,deleted,ctime,utime FROM recruit_unit WHERE unit_id IN (?) 
time=2019-03-31T00:27:09.777+0800`appName=oms`hostName=docker-20`logLevel=DEBUG`==> Parameters: 2(Long)
time=2019-03-31T00:27:09.779+0800`appName=oms`hostName=docker-20`logLevel=DEBUG`<==      Total: 1
time=2019-03-31T00:27:35.205+0800`appName=oms`hostName=docker-20`logLevel=DEBUG`==>  Preparing: SELECT recurit_id AS recuritId,title,salary,members,resumes,endTime,contractor,mobile,pos_name AS posName,pos_descript AS posDescript,welfare,work_place AS workPlace,unit_id AS unitId,email,status,deleted,ctime,utime FROM recruit WHERE recurit_id=? 
time=2019-03-31T00:27:35.206+0800`appName=oms`hostName=docker-20`logLevel=DEBUG`==> Parameters: 2(Long)
time=2019-03-31T00:27:35.209+0800`appName=oms`hostName=docker-20`logLevel=DEBUG`<==      Total: 1
time=2019-03-31T00:27:41.169+0800`appName=oms`hostName=docker-20`logLevel=DEBUG`==>  Preparing: UPDATE recruit SET title=?,salary=?,members=?,endTime=?,contractor=?,mobile=?,pos_name=?,pos_descript=?,welfare=?,work_place=?,unit_id=?,email=?,status=?,deleted=?,utime=? WHERE recurit_id=? 
time=2019-03-31T00:27:41.170+0800`appName=oms`hostName=docker-20`logLevel=DEBUG`==> Parameters: java开发(String), 10000(String), 30(Integer), 11(Long), 赵宇(String), 15712341234(String), java开发工程师(String), 阿萨达多撒(String), 五险一金(String), 杭州(String), 2(Long), 843020799@qq.com(String), 2(Integer), 0(Integer), 1553963261164(Long), 2(Long)
time=2019-03-31T00:27:41.174+0800`appName=oms`hostName=docker-20`logLevel=DEBUG`<==    Updates: 1
time=2019-03-31T00:27:41.229+0800`appName=oms`hostName=docker-20`logLevel=DEBUG`==>  Preparing: SELECT COUNT(1) FROM recruit 
time=2019-03-31T00:27:41.229+0800`appName=oms`hostName=docker-20`logLevel=DEBUG`==> Parameters: 
time=2019-03-31T00:27:41.232+0800`appName=oms`hostName=docker-20`logLevel=DEBUG`==>  Preparing: SELECT recurit_id AS recuritId,title,salary,members,resumes,endTime,contractor,mobile,pos_name AS posName,pos_descript AS posDescript,welfare,work_place AS workPlace,unit_id AS unitId,email,status,deleted,ctime,utime FROM recruit LIMIT 0,100 
time=2019-03-31T00:27:41.232+0800`appName=oms`hostName=docker-20`logLevel=DEBUG`==> Parameters: 
time=2019-03-31T00:27:41.235+0800`appName=oms`hostName=docker-20`logLevel=DEBUG`<==      Total: 2
time=2019-03-31T00:27:41.237+0800`appName=oms`hostName=docker-20`logLevel=DEBUG`==>  Preparing: SELECT unit_id AS unitId,unit_name AS unitName,industry,property,scale,unit_web AS unitWeb,contractor,mobile,direct,company_phone AS companyPhone,address,status,deleted,ctime,utime FROM recruit_unit WHERE unit_id IN (?) 
time=2019-03-31T00:27:41.238+0800`appName=oms`hostName=docker-20`logLevel=DEBUG`==> Parameters: 2(Long)
time=2019-03-31T00:27:41.240+0800`appName=oms`hostName=docker-20`logLevel=DEBUG`<==      Total: 1
time=2019-03-31T00:29:15.897+0800`appName=oms`hostName=docker-20`logLevel=DEBUG`==>  Preparing: SELECT relation_id AS relationId,operator_id AS operatorId,role_id AS roleId,deleted,ctime,utime FROM operator_role_relation WHERE operator_id = ? 
time=2019-03-31T00:29:15.945+0800`appName=oms`hostName=docker-20`logLevel=DEBUG`==> Parameters: 15207312(Long)
time=2019-03-31T00:29:15.973+0800`appName=oms`hostName=docker-20`logLevel=DEBUG`<==      Total: 1
time=2019-03-31T00:29:15.990+0800`appName=oms`hostName=docker-20`logLevel=DEBUG`==>  Preparing: SELECT relation_id AS relationId,role_id AS roleId,menu_id AS menuId,status,ctime,utime FROM role_menu_relation WHERE role_id = ? 
time=2019-03-31T00:29:15.991+0800`appName=oms`hostName=docker-20`logLevel=DEBUG`==> Parameters: 1(Long)
time=2019-03-31T00:29:16.001+0800`appName=oms`hostName=docker-20`logLevel=DEBUG`<==      Total: 22
time=2019-03-31T00:29:16.023+0800`appName=oms`hostName=docker-20`logLevel=DEBUG`==>  Preparing: SELECT menu_id AS menuId,title,href,icon,status,parent_id,ctime,utime FROM menu WHERE menu_id IN (?,?,?,?,?,?,?,?,?,?,?,?,?,?,?,?,?,?,?,?,?,?) 
time=2019-03-31T00:29:16.026+0800`appName=oms`hostName=docker-20`logLevel=DEBUG`==> Parameters: 1(Long), 7(Long), 8(Long), 2(Long), 3(Long), 5(Long), 13(Long), 14(Long), 15(Long), 16(Long), 27(Long), 17(Long), 18(Long), 19(Long), 20(Long), 21(Long), 26(Long), 22(Long), 23(Long), 28(Long), 24(Long), 25(Long)
time=2019-03-31T00:29:16.035+0800`appName=oms`hostName=docker-20`logLevel=DEBUG`<==      Total: 22
time=2019-03-31T00:29:16.932+0800`appName=oms`hostName=docker-20`logLevel=DEBUG`==>  Preparing: SELECT unit_id AS unitId,unit_name AS unitName,industry,property,scale,unit_web AS unitWeb,contractor,mobile,direct,company_phone AS companyPhone,address,status,deleted,ctime,utime FROM recruit_unit WHERE deleted = ? AND status = ? 
time=2019-03-31T00:29:16.933+0800`appName=oms`hostName=docker-20`logLevel=DEBUG`==> Parameters: 1(Integer), 3(Integer)
time=2019-03-31T00:29:16.936+0800`appName=oms`hostName=docker-20`logLevel=DEBUG`<==      Total: 1
time=2019-03-31T00:29:17.035+0800`appName=oms`hostName=docker-20`logLevel=DEBUG`==>  Preparing: SELECT COUNT(1) FROM recruit 
time=2019-03-31T00:29:17.036+0800`appName=oms`hostName=docker-20`logLevel=DEBUG`==> Parameters: 
time=2019-03-31T00:29:17.042+0800`appName=oms`hostName=docker-20`logLevel=DEBUG`==>  Preparing: SELECT recurit_id AS recuritId,title,salary,members,resumes,endTime,contractor,mobile,pos_name AS posName,pos_descript AS posDescript,welfare,work_place AS workPlace,unit_id AS unitId,email,status,deleted,ctime,utime FROM recruit LIMIT 0,100 
time=2019-03-31T00:29:17.042+0800`appName=oms`hostName=docker-20`logLevel=DEBUG`==> Parameters: 
time=2019-03-31T00:29:17.045+0800`appName=oms`hostName=docker-20`logLevel=DEBUG`<==      Total: 2
time=2019-03-31T00:29:17.048+0800`appName=oms`hostName=docker-20`logLevel=DEBUG`==>  Preparing: SELECT unit_id AS unitId,unit_name AS unitName,industry,property,scale,unit_web AS unitWeb,contractor,mobile,direct,company_phone AS companyPhone,address,status,deleted,ctime,utime FROM recruit_unit WHERE unit_id IN (?) 
time=2019-03-31T00:29:17.049+0800`appName=oms`hostName=docker-20`logLevel=DEBUG`==> Parameters: 2(Long)
time=2019-03-31T00:29:17.064+0800`appName=oms`hostName=docker-20`logLevel=DEBUG`<==      Total: 1
time=2019-03-31T00:29:22.259+0800`appName=oms`hostName=docker-20`logLevel=DEBUG`==>  Preparing: SELECT recurit_id AS recuritId,title,salary,members,resumes,endTime,contractor,mobile,pos_name AS posName,pos_descript AS posDescript,welfare,work_place AS workPlace,unit_id AS unitId,email,status,deleted,ctime,utime FROM recruit WHERE recurit_id=? 
time=2019-03-31T00:29:22.260+0800`appName=oms`hostName=docker-20`logLevel=DEBUG`==> Parameters: 2(Long)
time=2019-03-31T00:29:22.265+0800`appName=oms`hostName=docker-20`logLevel=DEBUG`<==      Total: 1
time=2019-03-31T00:29:25.251+0800`appName=oms`hostName=docker-20`logLevel=DEBUG`==>  Preparing: UPDATE recruit SET title=?,salary=?,members=?,endTime=?,contractor=?,mobile=?,pos_name=?,pos_descript=?,welfare=?,work_place=?,unit_id=?,email=?,status=?,deleted=?,utime=? WHERE recurit_id=? 
time=2019-03-31T00:29:25.253+0800`appName=oms`hostName=docker-20`logLevel=DEBUG`==> Parameters: java开发(String), 10000(String), 30(Integer), 11(Long), 赵宇(String), 15712341234(String), java开发工程师(String), 阿萨达多撒(String), 五险一金(String), 杭州(String), 2(Long), 843020799@qq.com(String), 1(Integer), 1(Integer), 1553963365249(Long), 2(Long)
time=2019-03-31T00:29:25.258+0800`appName=oms`hostName=docker-20`logLevel=DEBUG`<==    Updates: 1
time=2019-03-31T00:29:25.356+0800`appName=oms`hostName=docker-20`logLevel=DEBUG`==>  Preparing: SELECT COUNT(1) FROM recruit 
time=2019-03-31T00:29:25.357+0800`appName=oms`hostName=docker-20`logLevel=DEBUG`==> Parameters: 
time=2019-03-31T00:29:25.360+0800`appName=oms`hostName=docker-20`logLevel=DEBUG`==>  Preparing: SELECT recurit_id AS recuritId,title,salary,members,resumes,endTime,contractor,mobile,pos_name AS posName,pos_descript AS posDescript,welfare,work_place AS workPlace,unit_id AS unitId,email,status,deleted,ctime,utime FROM recruit LIMIT 0,100 
time=2019-03-31T00:29:25.361+0800`appName=oms`hostName=docker-20`logLevel=DEBUG`==> Parameters: 
time=2019-03-31T00:29:25.364+0800`appName=oms`hostName=docker-20`logLevel=DEBUG`<==      Total: 2
time=2019-03-31T00:29:25.366+0800`appName=oms`hostName=docker-20`logLevel=DEBUG`==>  Preparing: SELECT unit_id AS unitId,unit_name AS unitName,industry,property,scale,unit_web AS unitWeb,contractor,mobile,direct,company_phone AS companyPhone,address,status,deleted,ctime,utime FROM recruit_unit WHERE unit_id IN (?) 
time=2019-03-31T00:29:25.367+0800`appName=oms`hostName=docker-20`logLevel=DEBUG`==> Parameters: 2(Long)
time=2019-03-31T00:29:25.370+0800`appName=oms`hostName=docker-20`logLevel=DEBUG`<==      Total: 1
time=2019-03-31T00:29:53.851+0800`appName=oms`hostName=docker-20`logLevel=DEBUG`==>  Preparing: SELECT operator_id AS operatorId,operator_name AS operatorName,operator_status AS operatorStatus,deleted,mobile,pwd,role_id AS roleId,ctime,utime FROM operator WHERE operator_id=? 
time=2019-03-31T00:29:53.853+0800`appName=oms`hostName=docker-20`logLevel=DEBUG`==> Parameters: 15207312(Long)
time=2019-03-31T00:29:53.860+0800`appName=oms`hostName=docker-20`logLevel=DEBUG`<==      Total: 1
time=2019-03-31T00:29:53.922+0800`appName=oms`hostName=docker-20`logLevel=DEBUG`==>  Preparing: SELECT student_id AS studentId,token,ctime,utime FROM user_web_token WHERE student_id=? 
time=2019-03-31T00:29:53.923+0800`appName=oms`hostName=docker-20`logLevel=DEBUG`==> Parameters: 15207312(Long)
time=2019-03-31T00:29:53.927+0800`appName=oms`hostName=docker-20`logLevel=DEBUG`<==      Total: 1
time=2019-03-31T00:29:53.969+0800`appName=oms`hostName=docker-20`logLevel=DEBUG`==>  Preparing: UPDATE user_web_token SET token=?,utime=? WHERE student_id=? 
time=2019-03-31T00:29:53.970+0800`appName=oms`hostName=docker-20`logLevel=DEBUG`==> Parameters: 6d2dfa66-e3a1-4294-98bd-5f235d4e0df3(String), 1553963393968(Long), 15207312(Long)
time=2019-03-31T00:29:53.971+0800`appName=oms`hostName=docker-20`logLevel=DEBUG`<==    Updates: 1
time=2019-03-31T00:29:54.774+0800`appName=oms`hostName=docker-20`logLevel=DEBUG`==>  Preparing: SELECT relation_id AS relationId,operator_id AS operatorId,role_id AS roleId,deleted,ctime,utime FROM operator_role_relation WHERE operator_id = ? 
time=2019-03-31T00:29:54.776+0800`appName=oms`hostName=docker-20`logLevel=DEBUG`==> Parameters: 15207312(Long)
time=2019-03-31T00:29:54.778+0800`appName=oms`hostName=docker-20`logLevel=DEBUG`<==      Total: 1
time=2019-03-31T00:29:54.781+0800`appName=oms`hostName=docker-20`logLevel=DEBUG`==>  Preparing: SELECT relation_id AS relationId,role_id AS roleId,menu_id AS menuId,status,ctime,utime FROM role_menu_relation WHERE role_id = ? 
time=2019-03-31T00:29:54.782+0800`appName=oms`hostName=docker-20`logLevel=DEBUG`==> Parameters: 1(Long)
time=2019-03-31T00:29:54.787+0800`appName=oms`hostName=docker-20`logLevel=DEBUG`<==      Total: 22
time=2019-03-31T00:29:54.793+0800`appName=oms`hostName=docker-20`logLevel=DEBUG`==>  Preparing: SELECT menu_id AS menuId,title,href,icon,status,parent_id,ctime,utime FROM menu WHERE menu_id IN (?,?,?,?,?,?,?,?,?,?,?,?,?,?,?,?,?,?,?,?,?,?) 
time=2019-03-31T00:29:54.795+0800`appName=oms`hostName=docker-20`logLevel=DEBUG`==> Parameters: 1(Long), 7(Long), 8(Long), 2(Long), 3(Long), 5(Long), 13(Long), 14(Long), 15(Long), 16(Long), 27(Long), 17(Long), 18(Long), 19(Long), 20(Long), 21(Long), 26(Long), 22(Long), 23(Long), 28(Long), 24(Long), 25(Long)
time=2019-03-31T00:29:54.803+0800`appName=oms`hostName=docker-20`logLevel=DEBUG`<==      Total: 22
time=2019-03-31T00:29:59.677+0800`appName=oms`hostName=docker-20`logLevel=DEBUG`==>  Preparing: SELECT unit_id AS unitId,unit_name AS unitName,industry,property,scale,unit_web AS unitWeb,contractor,mobile,direct,company_phone AS companyPhone,address,status,deleted,ctime,utime FROM recruit_unit WHERE deleted = ? AND status = ? 
time=2019-03-31T00:29:59.678+0800`appName=oms`hostName=docker-20`logLevel=DEBUG`==> Parameters: 1(Integer), 3(Integer)
time=2019-03-31T00:29:59.681+0800`appName=oms`hostName=docker-20`logLevel=DEBUG`<==      Total: 1
time=2019-03-31T00:29:59.751+0800`appName=oms`hostName=docker-20`logLevel=DEBUG`==>  Preparing: SELECT COUNT(1) FROM recruit 
time=2019-03-31T00:29:59.752+0800`appName=oms`hostName=docker-20`logLevel=DEBUG`==> Parameters: 
time=2019-03-31T00:29:59.754+0800`appName=oms`hostName=docker-20`logLevel=DEBUG`==>  Preparing: SELECT recurit_id AS recuritId,title,salary,members,resumes,endTime,contractor,mobile,pos_name AS posName,pos_descript AS posDescript,welfare,work_place AS workPlace,unit_id AS unitId,email,status,deleted,ctime,utime FROM recruit LIMIT 0,100 
time=2019-03-31T00:29:59.755+0800`appName=oms`hostName=docker-20`logLevel=DEBUG`==> Parameters: 
time=2019-03-31T00:29:59.759+0800`appName=oms`hostName=docker-20`logLevel=DEBUG`<==      Total: 2
time=2019-03-31T00:29:59.762+0800`appName=oms`hostName=docker-20`logLevel=DEBUG`==>  Preparing: SELECT unit_id AS unitId,unit_name AS unitName,industry,property,scale,unit_web AS unitWeb,contractor,mobile,direct,company_phone AS companyPhone,address,status,deleted,ctime,utime FROM recruit_unit WHERE unit_id IN (?) 
time=2019-03-31T00:29:59.763+0800`appName=oms`hostName=docker-20`logLevel=DEBUG`==> Parameters: 2(Long)
time=2019-03-31T00:29:59.765+0800`appName=oms`hostName=docker-20`logLevel=DEBUG`<==      Total: 1
time=2019-03-31T00:30:01.472+0800`appName=oms`hostName=docker-20`logLevel=DEBUG`==>  Preparing: SELECT recurit_id AS recuritId,title,salary,members,resumes,endTime,contractor,mobile,pos_name AS posName,pos_descript AS posDescript,welfare,work_place AS workPlace,unit_id AS unitId,email,status,deleted,ctime,utime FROM recruit WHERE recurit_id=? 
time=2019-03-31T00:30:01.473+0800`appName=oms`hostName=docker-20`logLevel=DEBUG`==> Parameters: 2(Long)
time=2019-03-31T00:30:01.476+0800`appName=oms`hostName=docker-20`logLevel=DEBUG`<==      Total: 1
time=2019-03-31T00:30:10.256+0800`appName=oms`hostName=docker-20`logLevel=DEBUG`==>  Preparing: UPDATE recruit SET title=?,salary=?,members=?,endTime=?,contractor=?,mobile=?,pos_name=?,pos_descript=?,welfare=?,work_place=?,unit_id=?,email=?,status=?,deleted=?,utime=? WHERE recurit_id=? 
time=2019-03-31T00:30:10.258+0800`appName=oms`hostName=docker-20`logLevel=DEBUG`==> Parameters: java开发(String), 10000(String), 30(Integer), 11(Long), 赵宇(String), 15712341234(String), java开发工程师(String), 阿萨达多撒(String), 五险一金(String), 杭州(String), 2(Long), 843020799@qq.com(String), 2(Integer), 0(Integer), 1553963410253(Long), 2(Long)
time=2019-03-31T00:30:10.263+0800`appName=oms`hostName=docker-20`logLevel=DEBUG`<==    Updates: 1
time=2019-03-31T00:30:10.311+0800`appName=oms`hostName=docker-20`logLevel=DEBUG`==>  Preparing: SELECT COUNT(1) FROM recruit 
time=2019-03-31T00:30:10.313+0800`appName=oms`hostName=docker-20`logLevel=DEBUG`==> Parameters: 
time=2019-03-31T00:30:10.320+0800`appName=oms`hostName=docker-20`logLevel=DEBUG`==>  Preparing: SELECT recurit_id AS recuritId,title,salary,members,resumes,endTime,contractor,mobile,pos_name AS posName,pos_descript AS posDescript,welfare,work_place AS workPlace,unit_id AS unitId,email,status,deleted,ctime,utime FROM recruit LIMIT 0,100 
time=2019-03-31T00:30:10.320+0800`appName=oms`hostName=docker-20`logLevel=DEBUG`==> Parameters: 
time=2019-03-31T00:30:10.322+0800`appName=oms`hostName=docker-20`logLevel=DEBUG`<==      Total: 2
time=2019-03-31T00:30:10.325+0800`appName=oms`hostName=docker-20`logLevel=DEBUG`==>  Preparing: SELECT unit_id AS unitId,unit_name AS unitName,industry,property,scale,unit_web AS unitWeb,contractor,mobile,direct,company_phone AS companyPhone,address,status,deleted,ctime,utime FROM recruit_unit WHERE unit_id IN (?) 
time=2019-03-31T00:30:10.326+0800`appName=oms`hostName=docker-20`logLevel=DEBUG`==> Parameters: 2(Long)
time=2019-03-31T00:30:10.328+0800`appName=oms`hostName=docker-20`logLevel=DEBUG`<==      Total: 1
time=2019-03-31T00:32:02.760+0800`appName=oms`hostName=docker-20`logLevel=DEBUG`==>  Preparing: SELECT recurit_id AS recuritId,title,salary,members,resumes,endTime,contractor,mobile,pos_name AS posName,pos_descript AS posDescript,welfare,work_place AS workPlace,unit_id AS unitId,email,status,deleted,ctime,utime FROM recruit WHERE recurit_id=? 
time=2019-03-31T00:32:02.761+0800`appName=oms`hostName=docker-20`logLevel=DEBUG`==> Parameters: 2(Long)
time=2019-03-31T00:32:02.763+0800`appName=oms`hostName=docker-20`logLevel=DEBUG`<==      Total: 1
