time=2019-02-07T16:00:36.425+0800`appName=graduation`hostName=localhost`logLevel=DEBUG`==>  Preparing: SELECT relation_id AS relationId,role_id AS roleId,menu_id AS menuId,status,ctime,utime FROM role_menu_relation WHERE role_id = ? 
time=2019-02-07T16:00:36.478+0800`appName=graduation`hostName=localhost`logLevel=DEBUG`==> Parameters: 1(Long)
time=2019-02-07T16:00:36.508+0800`appName=graduation`hostName=localhost`logLevel=DEBUG`<==      Total: 7
time=2019-02-07T16:00:36.528+0800`appName=graduation`hostName=localhost`logLevel=DEBUG`==>  Preparing: SELECT menu_id AS menuId,title,href,icon,status,parent_id,ctime,utime FROM menu WHERE menu_id IN (?,?,?,?,?,?,?) 
time=2019-02-07T16:00:36.530+0800`appName=graduation`hostName=localhost`logLevel=DEBUG`==> Parameters: 2(Long), 3(Long), 4(Long), 5(Long), 1(Long), 7(Long), 8(Long)
time=2019-02-07T16:00:36.538+0800`appName=graduation`hostName=localhost`logLevel=DEBUG`<==      Total: 7
time=2019-02-07T16:00:37.333+0800`appName=graduation`hostName=localhost`logLevel=DEBUG`==>  Preparing: SELECT role_id AS roleId,role_name AS roleName,remark,deleted,ctime,utime FROM role 
time=2019-02-07T16:00:37.333+0800`appName=graduation`hostName=localhost`logLevel=DEBUG`==> Parameters: 
time=2019-02-07T16:00:37.333+0800`appName=graduation`hostName=localhost`logLevel=DEBUG`<==      Total: 5
time=2019-02-07T16:00:37.411+0800`appName=graduation`hostName=localhost`logLevel=DEBUG`==>  Preparing: SELECT COUNT(1) FROM operator 
time=2019-02-07T16:00:37.412+0800`appName=graduation`hostName=localhost`logLevel=DEBUG`==> Parameters: 
time=2019-02-07T16:00:37.420+0800`appName=graduation`hostName=localhost`logLevel=DEBUG`==>  Preparing: SELECT operator_id AS operatorId,operator_name AS operatorName,operator_status AS operatorStatus,deleted,mobile,pwd,role_id AS roleId,ctime,utime FROM operator LIMIT 0,10 
time=2019-02-07T16:00:37.420+0800`appName=graduation`hostName=localhost`logLevel=DEBUG`==> Parameters: 
time=2019-02-07T16:00:37.425+0800`appName=graduation`hostName=localhost`logLevel=DEBUG`<==      Total: 3
time=2019-02-07T16:00:37.428+0800`appName=graduation`hostName=localhost`logLevel=DEBUG`==>  Preparing: SELECT role_id AS roleId,role_name AS roleName,remark,deleted,ctime,utime FROM role WHERE role_id IN (?,?,?) 
time=2019-02-07T16:00:37.428+0800`appName=graduation`hostName=localhost`logLevel=DEBUG`==> Parameters: 17(Long), 1(Long), 9(Long)
time=2019-02-07T16:00:37.433+0800`appName=graduation`hostName=localhost`logLevel=DEBUG`<==      Total: 3
time=2019-02-07T16:01:12.615+0800`appName=graduation`hostName=localhost`logLevel=DEBUG`==>  Preparing: SELECT role_id AS roleId,role_name AS roleName,remark,deleted,ctime,utime FROM role 
time=2019-02-07T16:01:12.616+0800`appName=graduation`hostName=localhost`logLevel=DEBUG`==> Parameters: 
time=2019-02-07T16:01:12.619+0800`appName=graduation`hostName=localhost`logLevel=DEBUG`<==      Total: 5
time=2019-02-07T16:01:16.971+0800`appName=graduation`hostName=localhost`logLevel=DEBUG`==>  Preparing: SELECT role_id AS roleId,role_name AS roleName,remark,deleted,ctime,utime FROM role 
time=2019-02-07T16:01:16.972+0800`appName=graduation`hostName=localhost`logLevel=DEBUG`==> Parameters: 
time=2019-02-07T16:01:16.977+0800`appName=graduation`hostName=localhost`logLevel=DEBUG`<==      Total: 5
time=2019-02-07T16:02:01.832+0800`appName=graduation`hostName=localhost`logLevel=DEBUG`==>  Preparing: SELECT role_id AS roleId,role_name AS roleName,remark,deleted,ctime,utime FROM role 
time=2019-02-07T16:02:01.833+0800`appName=graduation`hostName=localhost`logLevel=DEBUG`==> Parameters: 
time=2019-02-07T16:02:01.836+0800`appName=graduation`hostName=localhost`logLevel=DEBUG`<==      Total: 5
time=2019-02-07T16:02:06.921+0800`appName=graduation`hostName=localhost`logLevel=DEBUG`==>  Preparing: SELECT COUNT(1) FROM operator 
time=2019-02-07T16:02:06.922+0800`appName=graduation`hostName=localhost`logLevel=DEBUG`==> Parameters: 
time=2019-02-07T16:02:06.924+0800`appName=graduation`hostName=localhost`logLevel=DEBUG`==>  Preparing: SELECT operator_id AS operatorId,operator_name AS operatorName,operator_status AS operatorStatus,deleted,mobile,pwd,role_id AS roleId,ctime,utime FROM operator LIMIT 0,10 
time=2019-02-07T16:02:06.925+0800`appName=graduation`hostName=localhost`logLevel=DEBUG`==> Parameters: 
time=2019-02-07T16:02:06.928+0800`appName=graduation`hostName=localhost`logLevel=DEBUG`<==      Total: 3
time=2019-02-07T16:02:06.931+0800`appName=graduation`hostName=localhost`logLevel=DEBUG`==>  Preparing: SELECT role_id AS roleId,role_name AS roleName,remark,deleted,ctime,utime FROM role WHERE role_id IN (?,?,?) 
time=2019-02-07T16:02:06.932+0800`appName=graduation`hostName=localhost`logLevel=DEBUG`==> Parameters: 17(Long), 1(Long), 9(Long)
time=2019-02-07T16:02:06.935+0800`appName=graduation`hostName=localhost`logLevel=DEBUG`<==      Total: 3
time=2019-02-07T16:08:25.804+0800`appName=graduation`hostName=localhost`logLevel=DEBUG`==>  Preparing: SELECT relation_id AS relationId,role_id AS roleId,menu_id AS menuId,status,ctime,utime FROM role_menu_relation WHERE role_id = ? 
time=2019-02-07T16:08:25.834+0800`appName=graduation`hostName=localhost`logLevel=DEBUG`==> Parameters: 1(Long)
time=2019-02-07T16:08:25.858+0800`appName=graduation`hostName=localhost`logLevel=DEBUG`<==      Total: 7
time=2019-02-07T16:08:25.874+0800`appName=graduation`hostName=localhost`logLevel=DEBUG`==>  Preparing: SELECT menu_id AS menuId,title,href,icon,status,parent_id,ctime,utime FROM menu WHERE menu_id IN (?,?,?,?,?,?,?) 
time=2019-02-07T16:08:25.875+0800`appName=graduation`hostName=localhost`logLevel=DEBUG`==> Parameters: 2(Long), 3(Long), 4(Long), 5(Long), 1(Long), 7(Long), 8(Long)
time=2019-02-07T16:08:25.880+0800`appName=graduation`hostName=localhost`logLevel=DEBUG`<==      Total: 7
time=2019-02-07T16:08:26.446+0800`appName=graduation`hostName=localhost`logLevel=DEBUG`==>  Preparing: SELECT role_id AS roleId,role_name AS roleName,remark,deleted,ctime,utime FROM role 
time=2019-02-07T16:08:26.446+0800`appName=graduation`hostName=localhost`logLevel=DEBUG`==>  Preparing: SELECT role_id AS roleId,role_name AS roleName,remark,deleted,ctime,utime FROM role 
time=2019-02-07T16:08:26.446+0800`appName=graduation`hostName=localhost`logLevel=DEBUG`==>  Preparing: SELECT role_id AS roleId,role_name AS roleName,remark,deleted,ctime,utime FROM role 
time=2019-02-07T16:08:26.456+0800`appName=graduation`hostName=localhost`logLevel=DEBUG`==> Parameters: 
time=2019-02-07T16:08:26.456+0800`appName=graduation`hostName=localhost`logLevel=DEBUG`==> Parameters: 
time=2019-02-07T16:08:26.456+0800`appName=graduation`hostName=localhost`logLevel=DEBUG`==> Parameters: 
time=2019-02-07T16:08:26.456+0800`appName=graduation`hostName=localhost`logLevel=DEBUG`<==      Total: 5
time=2019-02-07T16:08:26.456+0800`appName=graduation`hostName=localhost`logLevel=DEBUG`<==      Total: 5
time=2019-02-07T16:08:26.466+0800`appName=graduation`hostName=localhost`logLevel=DEBUG`<==      Total: 5
time=2019-02-07T16:08:26.531+0800`appName=graduation`hostName=localhost`logLevel=DEBUG`==>  Preparing: SELECT COUNT(1) FROM operator 
time=2019-02-07T16:08:26.532+0800`appName=graduation`hostName=localhost`logLevel=DEBUG`==> Parameters: 
time=2019-02-07T16:08:26.538+0800`appName=graduation`hostName=localhost`logLevel=DEBUG`==>  Preparing: SELECT operator_id AS operatorId,operator_name AS operatorName,operator_status AS operatorStatus,deleted,mobile,pwd,role_id AS roleId,ctime,utime FROM operator LIMIT 0,10 
time=2019-02-07T16:08:26.538+0800`appName=graduation`hostName=localhost`logLevel=DEBUG`==> Parameters: 
time=2019-02-07T16:08:26.540+0800`appName=graduation`hostName=localhost`logLevel=DEBUG`<==      Total: 3
time=2019-02-07T16:08:26.544+0800`appName=graduation`hostName=localhost`logLevel=DEBUG`==>  Preparing: SELECT role_id AS roleId,role_name AS roleName,remark,deleted,ctime,utime FROM role WHERE role_id IN (?,?,?) 
time=2019-02-07T16:08:26.544+0800`appName=graduation`hostName=localhost`logLevel=DEBUG`==> Parameters: 17(Long), 1(Long), 9(Long)
time=2019-02-07T16:08:26.548+0800`appName=graduation`hostName=localhost`logLevel=DEBUG`<==      Total: 3
time=2019-02-07T16:08:35.631+0800`appName=graduation`hostName=localhost`logLevel=DEBUG`==>  Preparing: SELECT relation_id AS relationId,role_id AS roleId,menu_id AS menuId,status,ctime,utime FROM role_menu_relation WHERE role_id = ? 
time=2019-02-07T16:08:35.631+0800`appName=graduation`hostName=localhost`logLevel=DEBUG`==> Parameters: 1(Long)
time=2019-02-07T16:08:35.634+0800`appName=graduation`hostName=localhost`logLevel=DEBUG`<==      Total: 7
time=2019-02-07T16:08:35.640+0800`appName=graduation`hostName=localhost`logLevel=DEBUG`==>  Preparing: SELECT menu_id AS menuId,title,href,icon,status,parent_id,ctime,utime FROM menu WHERE menu_id IN (?,?,?,?,?,?,?) 
time=2019-02-07T16:08:35.642+0800`appName=graduation`hostName=localhost`logLevel=DEBUG`==> Parameters: 2(Long), 3(Long), 4(Long), 5(Long), 1(Long), 7(Long), 8(Long)
time=2019-02-07T16:08:35.646+0800`appName=graduation`hostName=localhost`logLevel=DEBUG`<==      Total: 7
time=2019-02-07T16:08:35.807+0800`appName=graduation`hostName=localhost`logLevel=DEBUG`==>  Preparing: SELECT role_id AS roleId,role_name AS roleName,remark,deleted,ctime,utime FROM role 
time=2019-02-07T16:08:35.808+0800`appName=graduation`hostName=localhost`logLevel=DEBUG`==> Parameters: 
time=2019-02-07T16:08:35.812+0800`appName=graduation`hostName=localhost`logLevel=DEBUG`<==      Total: 5
time=2019-02-07T16:08:35.835+0800`appName=graduation`hostName=localhost`logLevel=DEBUG`==>  Preparing: SELECT COUNT(1) FROM operator 
time=2019-02-07T16:08:35.837+0800`appName=graduation`hostName=localhost`logLevel=DEBUG`==> Parameters: 
time=2019-02-07T16:08:35.841+0800`appName=graduation`hostName=localhost`logLevel=DEBUG`==>  Preparing: SELECT operator_id AS operatorId,operator_name AS operatorName,operator_status AS operatorStatus,deleted,mobile,pwd,role_id AS roleId,ctime,utime FROM operator LIMIT 0,10 
time=2019-02-07T16:08:35.842+0800`appName=graduation`hostName=localhost`logLevel=DEBUG`==> Parameters: 
time=2019-02-07T16:08:35.844+0800`appName=graduation`hostName=localhost`logLevel=DEBUG`<==      Total: 3
time=2019-02-07T16:08:35.847+0800`appName=graduation`hostName=localhost`logLevel=DEBUG`==>  Preparing: SELECT role_id AS roleId,role_name AS roleName,remark,deleted,ctime,utime FROM role WHERE role_id IN (?,?,?) 
time=2019-02-07T16:08:35.848+0800`appName=graduation`hostName=localhost`logLevel=DEBUG`==> Parameters: 17(Long), 1(Long), 9(Long)
time=2019-02-07T16:08:35.853+0800`appName=graduation`hostName=localhost`logLevel=DEBUG`<==      Total: 3
time=2019-02-07T16:08:44.739+0800`appName=graduation`hostName=localhost`logLevel=DEBUG`==>  Preparing: SELECT relation_id AS relationId,role_id AS roleId,menu_id AS menuId,status,ctime,utime FROM role_menu_relation WHERE role_id = ? 
time=2019-02-07T16:08:44.740+0800`appName=graduation`hostName=localhost`logLevel=DEBUG`==> Parameters: 1(Long)
time=2019-02-07T16:08:44.743+0800`appName=graduation`hostName=localhost`logLevel=DEBUG`<==      Total: 7
time=2019-02-07T16:08:44.746+0800`appName=graduation`hostName=localhost`logLevel=DEBUG`==>  Preparing: SELECT menu_id AS menuId,title,href,icon,status,parent_id,ctime,utime FROM menu WHERE menu_id IN (?,?,?,?,?,?,?) 
time=2019-02-07T16:08:44.748+0800`appName=graduation`hostName=localhost`logLevel=DEBUG`==> Parameters: 2(Long), 3(Long), 4(Long), 5(Long), 1(Long), 7(Long), 8(Long)
time=2019-02-07T16:08:44.756+0800`appName=graduation`hostName=localhost`logLevel=DEBUG`<==      Total: 7
time=2019-02-07T16:08:48.016+0800`appName=graduation`hostName=localhost`logLevel=DEBUG`==>  Preparing: SELECT role_id AS roleId,role_name AS roleName,remark,deleted,ctime,utime FROM role 
time=2019-02-07T16:08:48.016+0800`appName=graduation`hostName=localhost`logLevel=DEBUG`==> Parameters: 
time=2019-02-07T16:08:48.019+0800`appName=graduation`hostName=localhost`logLevel=DEBUG`<==      Total: 5
time=2019-02-07T16:08:48.052+0800`appName=graduation`hostName=localhost`logLevel=DEBUG`==>  Preparing: SELECT COUNT(1) FROM operator 
time=2019-02-07T16:08:48.052+0800`appName=graduation`hostName=localhost`logLevel=DEBUG`==> Parameters: 
time=2019-02-07T16:08:48.055+0800`appName=graduation`hostName=localhost`logLevel=DEBUG`==>  Preparing: SELECT operator_id AS operatorId,operator_name AS operatorName,operator_status AS operatorStatus,deleted,mobile,pwd,role_id AS roleId,ctime,utime FROM operator LIMIT 0,10 
time=2019-02-07T16:08:48.056+0800`appName=graduation`hostName=localhost`logLevel=DEBUG`==> Parameters: 
time=2019-02-07T16:08:48.061+0800`appName=graduation`hostName=localhost`logLevel=DEBUG`<==      Total: 3
time=2019-02-07T16:08:48.065+0800`appName=graduation`hostName=localhost`logLevel=DEBUG`==>  Preparing: SELECT role_id AS roleId,role_name AS roleName,remark,deleted,ctime,utime FROM role WHERE role_id IN (?,?,?) 
time=2019-02-07T16:08:48.066+0800`appName=graduation`hostName=localhost`logLevel=DEBUG`==> Parameters: 17(Long), 1(Long), 9(Long)
time=2019-02-07T16:08:48.068+0800`appName=graduation`hostName=localhost`logLevel=DEBUG`<==      Total: 3
time=2019-02-07T16:10:08.476+0800`appName=graduation`hostName=localhost`logLevel=DEBUG`==>  Preparing: SELECT relation_id AS relationId,role_id AS roleId,menu_id AS menuId,status,ctime,utime FROM role_menu_relation WHERE role_id = ? 
time=2019-02-07T16:10:08.508+0800`appName=graduation`hostName=localhost`logLevel=DEBUG`==> Parameters: 1(Long)
time=2019-02-07T16:10:08.534+0800`appName=graduation`hostName=localhost`logLevel=DEBUG`<==      Total: 7
time=2019-02-07T16:10:08.550+0800`appName=graduation`hostName=localhost`logLevel=DEBUG`==>  Preparing: SELECT menu_id AS menuId,title,href,icon,status,parent_id,ctime,utime FROM menu WHERE menu_id IN (?,?,?,?,?,?,?) 
time=2019-02-07T16:10:08.551+0800`appName=graduation`hostName=localhost`logLevel=DEBUG`==> Parameters: 2(Long), 3(Long), 4(Long), 5(Long), 1(Long), 7(Long), 8(Long)
time=2019-02-07T16:10:08.556+0800`appName=graduation`hostName=localhost`logLevel=DEBUG`<==      Total: 7
time=2019-02-07T16:10:09.071+0800`appName=graduation`hostName=localhost`logLevel=DEBUG`==>  Preparing: SELECT role_id AS roleId,role_name AS roleName,remark,deleted,ctime,utime FROM role 
time=2019-02-07T16:10:09.072+0800`appName=graduation`hostName=localhost`logLevel=DEBUG`==> Parameters: 
time=2019-02-07T16:10:09.076+0800`appName=graduation`hostName=localhost`logLevel=DEBUG`<==      Total: 5
time=2019-02-07T16:10:09.139+0800`appName=graduation`hostName=localhost`logLevel=DEBUG`==>  Preparing: SELECT COUNT(1) FROM operator 
time=2019-02-07T16:10:09.140+0800`appName=graduation`hostName=localhost`logLevel=DEBUG`==> Parameters: 
time=2019-02-07T16:10:09.146+0800`appName=graduation`hostName=localhost`logLevel=DEBUG`==>  Preparing: SELECT operator_id AS operatorId,operator_name AS operatorName,operator_status AS operatorStatus,deleted,mobile,pwd,role_id AS roleId,ctime,utime FROM operator LIMIT 0,10 
time=2019-02-07T16:10:09.146+0800`appName=graduation`hostName=localhost`logLevel=DEBUG`==> Parameters: 
time=2019-02-07T16:10:09.150+0800`appName=graduation`hostName=localhost`logLevel=DEBUG`<==      Total: 3
time=2019-02-07T16:10:09.154+0800`appName=graduation`hostName=localhost`logLevel=DEBUG`==>  Preparing: SELECT role_id AS roleId,role_name AS roleName,remark,deleted,ctime,utime FROM role WHERE role_id IN (?,?,?) 
time=2019-02-07T16:10:09.155+0800`appName=graduation`hostName=localhost`logLevel=DEBUG`==> Parameters: 17(Long), 1(Long), 9(Long)
time=2019-02-07T16:10:09.157+0800`appName=graduation`hostName=localhost`logLevel=DEBUG`<==      Total: 3
time=2019-02-07T16:10:46.149+0800`appName=graduation`hostName=localhost`logLevel=DEBUG`==>  Preparing: SELECT relation_id AS relationId,role_id AS roleId,menu_id AS menuId,status,ctime,utime FROM role_menu_relation WHERE role_id = ? 
time=2019-02-07T16:10:46.189+0800`appName=graduation`hostName=localhost`logLevel=DEBUG`==> Parameters: 1(Long)
time=2019-02-07T16:10:46.219+0800`appName=graduation`hostName=localhost`logLevel=DEBUG`<==      Total: 7
time=2019-02-07T16:10:46.241+0800`appName=graduation`hostName=localhost`logLevel=DEBUG`==>  Preparing: SELECT menu_id AS menuId,title,href,icon,status,parent_id,ctime,utime FROM menu WHERE menu_id IN (?,?,?,?,?,?,?) 
time=2019-02-07T16:10:46.244+0800`appName=graduation`hostName=localhost`logLevel=DEBUG`==> Parameters: 2(Long), 3(Long), 4(Long), 5(Long), 1(Long), 7(Long), 8(Long)
time=2019-02-07T16:10:46.254+0800`appName=graduation`hostName=localhost`logLevel=DEBUG`<==      Total: 7
time=2019-02-07T16:10:46.843+0800`appName=graduation`hostName=localhost`logLevel=DEBUG`==>  Preparing: SELECT role_id AS roleId,role_name AS roleName,remark,deleted,ctime,utime FROM role 
time=2019-02-07T16:10:46.845+0800`appName=graduation`hostName=localhost`logLevel=DEBUG`==> Parameters: 
time=2019-02-07T16:10:46.850+0800`appName=graduation`hostName=localhost`logLevel=DEBUG`<==      Total: 5
time=2019-02-07T16:10:46.917+0800`appName=graduation`hostName=localhost`logLevel=DEBUG`==>  Preparing: SELECT COUNT(1) FROM operator 
time=2019-02-07T16:10:46.919+0800`appName=graduation`hostName=localhost`logLevel=DEBUG`==> Parameters: 
time=2019-02-07T16:10:46.925+0800`appName=graduation`hostName=localhost`logLevel=DEBUG`==>  Preparing: SELECT operator_id AS operatorId,operator_name AS operatorName,operator_status AS operatorStatus,deleted,mobile,pwd,role_id AS roleId,ctime,utime FROM operator LIMIT 0,10 
time=2019-02-07T16:10:46.926+0800`appName=graduation`hostName=localhost`logLevel=DEBUG`==> Parameters: 
time=2019-02-07T16:10:46.929+0800`appName=graduation`hostName=localhost`logLevel=DEBUG`<==      Total: 3
time=2019-02-07T16:10:46.932+0800`appName=graduation`hostName=localhost`logLevel=DEBUG`==>  Preparing: SELECT role_id AS roleId,role_name AS roleName,remark,deleted,ctime,utime FROM role WHERE role_id IN (?,?,?) 
time=2019-02-07T16:10:46.933+0800`appName=graduation`hostName=localhost`logLevel=DEBUG`==> Parameters: 17(Long), 1(Long), 9(Long)
time=2019-02-07T16:10:46.935+0800`appName=graduation`hostName=localhost`logLevel=DEBUG`<==      Total: 3
time=2019-02-07T16:19:08.923+0800`appName=graduation`hostName=localhost`logLevel=DEBUG`==>  Preparing: SELECT relation_id AS relationId,role_id AS roleId,menu_id AS menuId,status,ctime,utime FROM role_menu_relation WHERE role_id = ? 
time=2019-02-07T16:19:08.955+0800`appName=graduation`hostName=localhost`logLevel=DEBUG`==> Parameters: 1(Long)
time=2019-02-07T16:19:08.981+0800`appName=graduation`hostName=localhost`logLevel=DEBUG`<==      Total: 7
time=2019-02-07T16:19:08.998+0800`appName=graduation`hostName=localhost`logLevel=DEBUG`==>  Preparing: SELECT menu_id AS menuId,title,href,icon,status,parent_id,ctime,utime FROM menu WHERE menu_id IN (?,?,?,?,?,?,?) 
time=2019-02-07T16:19:09.000+0800`appName=graduation`hostName=localhost`logLevel=DEBUG`==> Parameters: 2(Long), 3(Long), 4(Long), 5(Long), 1(Long), 7(Long), 8(Long)
time=2019-02-07T16:19:09.006+0800`appName=graduation`hostName=localhost`logLevel=DEBUG`<==      Total: 7
time=2019-02-07T16:19:09.519+0800`appName=graduation`hostName=localhost`logLevel=DEBUG`==>  Preparing: SELECT role_id AS roleId,role_name AS roleName,remark,deleted,ctime,utime FROM role 
time=2019-02-07T16:19:09.521+0800`appName=graduation`hostName=localhost`logLevel=DEBUG`==> Parameters: 
time=2019-02-07T16:19:09.527+0800`appName=graduation`hostName=localhost`logLevel=DEBUG`<==      Total: 5
time=2019-02-07T16:19:09.586+0800`appName=graduation`hostName=localhost`logLevel=DEBUG`==>  Preparing: SELECT COUNT(1) FROM operator 
time=2019-02-07T16:19:09.586+0800`appName=graduation`hostName=localhost`logLevel=DEBUG`==> Parameters: 
time=2019-02-07T16:19:09.593+0800`appName=graduation`hostName=localhost`logLevel=DEBUG`==>  Preparing: SELECT operator_id AS operatorId,operator_name AS operatorName,operator_status AS operatorStatus,deleted,mobile,pwd,role_id AS roleId,ctime,utime FROM operator LIMIT 0,10 
time=2019-02-07T16:19:09.594+0800`appName=graduation`hostName=localhost`logLevel=DEBUG`==> Parameters: 
time=2019-02-07T16:19:09.599+0800`appName=graduation`hostName=localhost`logLevel=DEBUG`<==      Total: 3
time=2019-02-07T16:19:09.602+0800`appName=graduation`hostName=localhost`logLevel=DEBUG`==>  Preparing: SELECT role_id AS roleId,role_name AS roleName,remark,deleted,ctime,utime FROM role WHERE role_id IN (?,?,?) 
time=2019-02-07T16:19:09.603+0800`appName=graduation`hostName=localhost`logLevel=DEBUG`==> Parameters: 17(Long), 1(Long), 9(Long)
time=2019-02-07T16:19:09.606+0800`appName=graduation`hostName=localhost`logLevel=DEBUG`<==      Total: 3
time=2019-02-07T16:22:54.598+0800`appName=graduation`hostName=localhost`logLevel=DEBUG`==>  Preparing: SELECT relation_id AS relationId,role_id AS roleId,menu_id AS menuId,status,ctime,utime FROM role_menu_relation WHERE role_id = ? 
time=2019-02-07T16:22:54.631+0800`appName=graduation`hostName=localhost`logLevel=DEBUG`==> Parameters: 1(Long)
time=2019-02-07T16:22:54.659+0800`appName=graduation`hostName=localhost`logLevel=DEBUG`<==      Total: 7
time=2019-02-07T16:22:54.677+0800`appName=graduation`hostName=localhost`logLevel=DEBUG`==>  Preparing: SELECT menu_id AS menuId,title,href,icon,status,parent_id,ctime,utime FROM menu WHERE menu_id IN (?,?,?,?,?,?,?) 
time=2019-02-07T16:22:54.678+0800`appName=graduation`hostName=localhost`logLevel=DEBUG`==> Parameters: 2(Long), 3(Long), 4(Long), 5(Long), 1(Long), 7(Long), 8(Long)
time=2019-02-07T16:22:54.684+0800`appName=graduation`hostName=localhost`logLevel=DEBUG`<==      Total: 7
time=2019-02-07T16:22:55.214+0800`appName=graduation`hostName=localhost`logLevel=DEBUG`==>  Preparing: SELECT role_id AS roleId,role_name AS roleName,remark,deleted,ctime,utime FROM role 
time=2019-02-07T16:22:55.214+0800`appName=graduation`hostName=localhost`logLevel=DEBUG`==> Parameters: 
time=2019-02-07T16:22:55.282+0800`appName=graduation`hostName=localhost`logLevel=DEBUG`<==      Total: 5
time=2019-02-07T16:22:55.338+0800`appName=graduation`hostName=localhost`logLevel=DEBUG`==>  Preparing: SELECT COUNT(1) FROM operator 
time=2019-02-07T16:22:55.339+0800`appName=graduation`hostName=localhost`logLevel=DEBUG`==> Parameters: 
time=2019-02-07T16:22:55.345+0800`appName=graduation`hostName=localhost`logLevel=DEBUG`==>  Preparing: SELECT operator_id AS operatorId,operator_name AS operatorName,operator_status AS operatorStatus,deleted,mobile,pwd,role_id AS roleId,ctime,utime FROM operator LIMIT 0,10 
time=2019-02-07T16:22:55.345+0800`appName=graduation`hostName=localhost`logLevel=DEBUG`==> Parameters: 
time=2019-02-07T16:22:55.348+0800`appName=graduation`hostName=localhost`logLevel=DEBUG`<==      Total: 3
time=2019-02-07T16:22:55.351+0800`appName=graduation`hostName=localhost`logLevel=DEBUG`==>  Preparing: SELECT role_id AS roleId,role_name AS roleName,remark,deleted,ctime,utime FROM role WHERE role_id IN (?,?,?) 
time=2019-02-07T16:22:55.352+0800`appName=graduation`hostName=localhost`logLevel=DEBUG`==> Parameters: 17(Long), 1(Long), 9(Long)
time=2019-02-07T16:22:55.354+0800`appName=graduation`hostName=localhost`logLevel=DEBUG`<==      Total: 3
time=2019-02-07T16:31:33.373+0800`appName=graduation`hostName=localhost`logLevel=DEBUG`==>  Preparing: SELECT relation_id AS relationId,role_id AS roleId,menu_id AS menuId,status,ctime,utime FROM role_menu_relation WHERE role_id = ? 
time=2019-02-07T16:31:33.414+0800`appName=graduation`hostName=localhost`logLevel=DEBUG`==> Parameters: 1(Long)
time=2019-02-07T16:31:33.440+0800`appName=graduation`hostName=localhost`logLevel=DEBUG`<==      Total: 7
time=2019-02-07T16:31:33.462+0800`appName=graduation`hostName=localhost`logLevel=DEBUG`==>  Preparing: SELECT menu_id AS menuId,title,href,icon,status,parent_id,ctime,utime FROM menu WHERE menu_id IN (?,?,?,?,?,?,?) 
time=2019-02-07T16:31:33.465+0800`appName=graduation`hostName=localhost`logLevel=DEBUG`==> Parameters: 2(Long), 3(Long), 4(Long), 5(Long), 1(Long), 7(Long), 8(Long)
time=2019-02-07T16:31:33.471+0800`appName=graduation`hostName=localhost`logLevel=DEBUG`<==      Total: 7
time=2019-02-07T16:31:34.354+0800`appName=graduation`hostName=localhost`logLevel=DEBUG`==>  Preparing: SELECT role_id AS roleId,role_name AS roleName,remark,deleted,ctime,utime FROM role 
time=2019-02-07T16:31:34.355+0800`appName=graduation`hostName=localhost`logLevel=DEBUG`==> Parameters: 
time=2019-02-07T16:31:34.363+0800`appName=graduation`hostName=localhost`logLevel=DEBUG`<==      Total: 5
time=2019-02-07T16:31:34.447+0800`appName=graduation`hostName=localhost`logLevel=DEBUG`==>  Preparing: SELECT COUNT(1) FROM operator 
time=2019-02-07T16:31:34.449+0800`appName=graduation`hostName=localhost`logLevel=DEBUG`==> Parameters: 
time=2019-02-07T16:31:34.459+0800`appName=graduation`hostName=localhost`logLevel=DEBUG`==>  Preparing: SELECT operator_id AS operatorId,operator_name AS operatorName,operator_status AS operatorStatus,deleted,mobile,pwd,role_id AS roleId,ctime,utime FROM operator LIMIT 0,10 
time=2019-02-07T16:31:34.459+0800`appName=graduation`hostName=localhost`logLevel=DEBUG`==> Parameters: 
time=2019-02-07T16:31:34.463+0800`appName=graduation`hostName=localhost`logLevel=DEBUG`<==      Total: 3
time=2019-02-07T16:31:34.466+0800`appName=graduation`hostName=localhost`logLevel=DEBUG`==>  Preparing: SELECT role_id AS roleId,role_name AS roleName,remark,deleted,ctime,utime FROM role WHERE role_id IN (?,?,?) 
time=2019-02-07T16:31:34.467+0800`appName=graduation`hostName=localhost`logLevel=DEBUG`==> Parameters: 17(Long), 1(Long), 9(Long)
time=2019-02-07T16:31:34.471+0800`appName=graduation`hostName=localhost`logLevel=DEBUG`<==      Total: 3
time=2019-02-07T16:31:51.190+0800`appName=graduation`hostName=localhost`logLevel=DEBUG`==>  Preparing: SELECT relation_id AS relationId,role_id AS roleId,menu_id AS menuId,status,ctime,utime FROM role_menu_relation WHERE role_id = ? 
time=2019-02-07T16:31:51.191+0800`appName=graduation`hostName=localhost`logLevel=DEBUG`==> Parameters: 1(Long)
time=2019-02-07T16:31:51.196+0800`appName=graduation`hostName=localhost`logLevel=DEBUG`<==      Total: 7
time=2019-02-07T16:31:51.198+0800`appName=graduation`hostName=localhost`logLevel=DEBUG`==>  Preparing: SELECT menu_id AS menuId,title,href,icon,status,parent_id,ctime,utime FROM menu WHERE menu_id IN (?,?,?,?,?,?,?) 
time=2019-02-07T16:31:51.200+0800`appName=graduation`hostName=localhost`logLevel=DEBUG`==> Parameters: 2(Long), 3(Long), 4(Long), 5(Long), 1(Long), 7(Long), 8(Long)
time=2019-02-07T16:31:51.203+0800`appName=graduation`hostName=localhost`logLevel=DEBUG`<==      Total: 7
time=2019-02-07T16:31:51.429+0800`appName=graduation`hostName=localhost`logLevel=DEBUG`==>  Preparing: SELECT role_id AS roleId,role_name AS roleName,remark,deleted,ctime,utime FROM role 
time=2019-02-07T16:31:51.430+0800`appName=graduation`hostName=localhost`logLevel=DEBUG`==> Parameters: 
time=2019-02-07T16:31:51.433+0800`appName=graduation`hostName=localhost`logLevel=DEBUG`<==      Total: 5
time=2019-02-07T16:31:51.469+0800`appName=graduation`hostName=localhost`logLevel=DEBUG`==>  Preparing: SELECT COUNT(1) FROM operator 
time=2019-02-07T16:31:51.470+0800`appName=graduation`hostName=localhost`logLevel=DEBUG`==> Parameters: 
time=2019-02-07T16:31:51.475+0800`appName=graduation`hostName=localhost`logLevel=DEBUG`==>  Preparing: SELECT operator_id AS operatorId,operator_name AS operatorName,operator_status AS operatorStatus,deleted,mobile,pwd,role_id AS roleId,ctime,utime FROM operator LIMIT 0,10 
time=2019-02-07T16:31:51.478+0800`appName=graduation`hostName=localhost`logLevel=DEBUG`==> Parameters: 
time=2019-02-07T16:31:51.482+0800`appName=graduation`hostName=localhost`logLevel=DEBUG`<==      Total: 3
time=2019-02-07T16:31:51.485+0800`appName=graduation`hostName=localhost`logLevel=DEBUG`==>  Preparing: SELECT role_id AS roleId,role_name AS roleName,remark,deleted,ctime,utime FROM role WHERE role_id IN (?,?,?) 
time=2019-02-07T16:31:51.486+0800`appName=graduation`hostName=localhost`logLevel=DEBUG`==> Parameters: 17(Long), 1(Long), 9(Long)
time=2019-02-07T16:31:51.492+0800`appName=graduation`hostName=localhost`logLevel=DEBUG`<==      Total: 3
time=2019-02-07T16:31:54.552+0800`appName=graduation`hostName=localhost`logLevel=DEBUG`==>  Preparing: SELECT relation_id AS relationId,role_id AS roleId,menu_id AS menuId,status,ctime,utime FROM role_menu_relation WHERE role_id = ? 
time=2019-02-07T16:31:54.553+0800`appName=graduation`hostName=localhost`logLevel=DEBUG`==> Parameters: 1(Long)
time=2019-02-07T16:31:54.559+0800`appName=graduation`hostName=localhost`logLevel=DEBUG`<==      Total: 7
time=2019-02-07T16:31:54.563+0800`appName=graduation`hostName=localhost`logLevel=DEBUG`==>  Preparing: SELECT menu_id AS menuId,title,href,icon,status,parent_id,ctime,utime FROM menu WHERE menu_id IN (?,?,?,?,?,?,?) 
time=2019-02-07T16:31:54.564+0800`appName=graduation`hostName=localhost`logLevel=DEBUG`==> Parameters: 2(Long), 3(Long), 4(Long), 5(Long), 1(Long), 7(Long), 8(Long)
time=2019-02-07T16:31:54.569+0800`appName=graduation`hostName=localhost`logLevel=DEBUG`<==      Total: 7
time=2019-02-07T16:31:54.744+0800`appName=graduation`hostName=localhost`logLevel=DEBUG`==>  Preparing: SELECT role_id AS roleId,role_name AS roleName,remark,deleted,ctime,utime FROM role 
time=2019-02-07T16:31:54.745+0800`appName=graduation`hostName=localhost`logLevel=DEBUG`==> Parameters: 
time=2019-02-07T16:31:54.748+0800`appName=graduation`hostName=localhost`logLevel=DEBUG`<==      Total: 5
time=2019-02-07T16:31:54.781+0800`appName=graduation`hostName=localhost`logLevel=DEBUG`==>  Preparing: SELECT COUNT(1) FROM operator 
time=2019-02-07T16:31:54.784+0800`appName=graduation`hostName=localhost`logLevel=DEBUG`==> Parameters: 
time=2019-02-07T16:31:54.787+0800`appName=graduation`hostName=localhost`logLevel=DEBUG`==>  Preparing: SELECT operator_id AS operatorId,operator_name AS operatorName,operator_status AS operatorStatus,deleted,mobile,pwd,role_id AS roleId,ctime,utime FROM operator LIMIT 0,10 
time=2019-02-07T16:31:54.788+0800`appName=graduation`hostName=localhost`logLevel=DEBUG`==> Parameters: 
time=2019-02-07T16:31:54.792+0800`appName=graduation`hostName=localhost`logLevel=DEBUG`<==      Total: 3
time=2019-02-07T16:31:54.796+0800`appName=graduation`hostName=localhost`logLevel=DEBUG`==>  Preparing: SELECT role_id AS roleId,role_name AS roleName,remark,deleted,ctime,utime FROM role WHERE role_id IN (?,?,?) 
time=2019-02-07T16:31:54.797+0800`appName=graduation`hostName=localhost`logLevel=DEBUG`==> Parameters: 17(Long), 1(Long), 9(Long)
time=2019-02-07T16:31:54.800+0800`appName=graduation`hostName=localhost`logLevel=DEBUG`<==      Total: 3
time=2019-02-07T16:32:02.255+0800`appName=graduation`hostName=localhost`logLevel=DEBUG`==>  Preparing: SELECT operator_id AS operatorId,operator_name AS operatorName,operator_status AS operatorStatus,deleted,mobile,pwd,role_id AS roleId,ctime,utime FROM operator WHERE operator_id=? 
time=2019-02-07T16:32:02.255+0800`appName=graduation`hostName=localhost`logLevel=DEBUG`==> Parameters: 15207335(Long)
time=2019-02-07T16:32:02.255+0800`appName=graduation`hostName=localhost`logLevel=DEBUG`<==      Total: 1
time=2019-02-07T16:32:02.266+0800`appName=graduation`hostName=localhost`logLevel=DEBUG`==>  Preparing: DELETE FROM operator WHERE operator_id=? 
time=2019-02-07T16:32:02.266+0800`appName=graduation`hostName=localhost`logLevel=DEBUG`==> Parameters: 15207335(Long)
time=2019-02-07T16:32:02.276+0800`appName=graduation`hostName=localhost`logLevel=DEBUG`<==    Updates: 1
time=2019-02-07T16:32:02.286+0800`appName=graduation`hostName=localhost`logLevel=DEBUG`==>  Preparing: SELECT relation_id AS relationId,operator_id AS operatorId,role_id AS roleId,deleted,ctime,utime FROM operator_role_relation WHERE operator_id = ? 
time=2019-02-07T16:32:02.286+0800`appName=graduation`hostName=localhost`logLevel=DEBUG`==> Parameters: 15207335(Long)
time=2019-02-07T16:32:02.286+0800`appName=graduation`hostName=localhost`logLevel=DEBUG`<==      Total: 1
time=2019-02-07T16:32:02.296+0800`appName=graduation`hostName=localhost`logLevel=DEBUG`==>  Preparing: DELETE FROM operator_role_relation WHERE relation_id=? 
time=2019-02-07T16:32:02.296+0800`appName=graduation`hostName=localhost`logLevel=DEBUG`==> Parameters: 4(Long)
time=2019-02-07T16:32:02.296+0800`appName=graduation`hostName=localhost`logLevel=DEBUG`<==    Updates: 1
time=2019-02-07T16:32:03.662+0800`appName=graduation`hostName=localhost`logLevel=DEBUG`==>  Preparing: SELECT COUNT(1) FROM operator 
time=2019-02-07T16:32:03.663+0800`appName=graduation`hostName=localhost`logLevel=DEBUG`==> Parameters: 
time=2019-02-07T16:32:03.666+0800`appName=graduation`hostName=localhost`logLevel=DEBUG`==>  Preparing: SELECT operator_id AS operatorId,operator_name AS operatorName,operator_status AS operatorStatus,deleted,mobile,pwd,role_id AS roleId,ctime,utime FROM operator LIMIT 0,10 
time=2019-02-07T16:32:03.666+0800`appName=graduation`hostName=localhost`logLevel=DEBUG`==> Parameters: 
time=2019-02-07T16:32:03.669+0800`appName=graduation`hostName=localhost`logLevel=DEBUG`<==      Total: 2
time=2019-02-07T16:32:03.671+0800`appName=graduation`hostName=localhost`logLevel=DEBUG`==>  Preparing: SELECT role_id AS roleId,role_name AS roleName,remark,deleted,ctime,utime FROM role WHERE role_id IN (?,?) 
time=2019-02-07T16:32:03.671+0800`appName=graduation`hostName=localhost`logLevel=DEBUG`==> Parameters: 17(Long), 1(Long)
time=2019-02-07T16:32:03.674+0800`appName=graduation`hostName=localhost`logLevel=DEBUG`<==      Total: 2
time=2019-02-07T16:32:06.186+0800`appName=graduation`hostName=localhost`logLevel=DEBUG`==>  Preparing: SELECT relation_id AS relationId,role_id AS roleId,menu_id AS menuId,status,ctime,utime FROM role_menu_relation WHERE role_id = ? 
time=2019-02-07T16:32:06.186+0800`appName=graduation`hostName=localhost`logLevel=DEBUG`==> Parameters: 1(Long)
time=2019-02-07T16:32:06.189+0800`appName=graduation`hostName=localhost`logLevel=DEBUG`<==      Total: 7
time=2019-02-07T16:32:06.194+0800`appName=graduation`hostName=localhost`logLevel=DEBUG`==>  Preparing: SELECT menu_id AS menuId,title,href,icon,status,parent_id,ctime,utime FROM menu WHERE menu_id IN (?,?,?,?,?,?,?) 
time=2019-02-07T16:32:06.195+0800`appName=graduation`hostName=localhost`logLevel=DEBUG`==> Parameters: 2(Long), 3(Long), 4(Long), 5(Long), 1(Long), 7(Long), 8(Long)
time=2019-02-07T16:32:06.197+0800`appName=graduation`hostName=localhost`logLevel=DEBUG`<==      Total: 7
time=2019-02-07T16:32:06.346+0800`appName=graduation`hostName=localhost`logLevel=DEBUG`==>  Preparing: SELECT role_id AS roleId,role_name AS roleName,remark,deleted,ctime,utime FROM role 
time=2019-02-07T16:32:06.347+0800`appName=graduation`hostName=localhost`logLevel=DEBUG`==> Parameters: 
time=2019-02-07T16:32:06.349+0800`appName=graduation`hostName=localhost`logLevel=DEBUG`<==      Total: 5
time=2019-02-07T16:32:06.373+0800`appName=graduation`hostName=localhost`logLevel=DEBUG`==>  Preparing: SELECT COUNT(1) FROM operator 
time=2019-02-07T16:32:06.373+0800`appName=graduation`hostName=localhost`logLevel=DEBUG`==> Parameters: 
time=2019-02-07T16:32:06.376+0800`appName=graduation`hostName=localhost`logLevel=DEBUG`==>  Preparing: SELECT operator_id AS operatorId,operator_name AS operatorName,operator_status AS operatorStatus,deleted,mobile,pwd,role_id AS roleId,ctime,utime FROM operator LIMIT 0,10 
time=2019-02-07T16:32:06.376+0800`appName=graduation`hostName=localhost`logLevel=DEBUG`==> Parameters: 
time=2019-02-07T16:32:06.384+0800`appName=graduation`hostName=localhost`logLevel=DEBUG`<==      Total: 2
time=2019-02-07T16:32:06.385+0800`appName=graduation`hostName=localhost`logLevel=DEBUG`==>  Preparing: SELECT role_id AS roleId,role_name AS roleName,remark,deleted,ctime,utime FROM role WHERE role_id IN (?,?) 
time=2019-02-07T16:32:06.386+0800`appName=graduation`hostName=localhost`logLevel=DEBUG`==> Parameters: 17(Long), 1(Long)
time=2019-02-07T16:32:06.388+0800`appName=graduation`hostName=localhost`logLevel=DEBUG`<==      Total: 2
time=2019-02-07T16:32:07.885+0800`appName=graduation`hostName=localhost`logLevel=DEBUG`==>  Preparing: SELECT relation_id AS relationId,role_id AS roleId,menu_id AS menuId,status,ctime,utime FROM role_menu_relation WHERE role_id = ? 
time=2019-02-07T16:32:07.885+0800`appName=graduation`hostName=localhost`logLevel=DEBUG`==> Parameters: 1(Long)
time=2019-02-07T16:32:07.887+0800`appName=graduation`hostName=localhost`logLevel=DEBUG`<==      Total: 7
time=2019-02-07T16:32:07.890+0800`appName=graduation`hostName=localhost`logLevel=DEBUG`==>  Preparing: SELECT menu_id AS menuId,title,href,icon,status,parent_id,ctime,utime FROM menu WHERE menu_id IN (?,?,?,?,?,?,?) 
time=2019-02-07T16:32:07.892+0800`appName=graduation`hostName=localhost`logLevel=DEBUG`==> Parameters: 2(Long), 3(Long), 4(Long), 5(Long), 1(Long), 7(Long), 8(Long)
time=2019-02-07T16:32:07.895+0800`appName=graduation`hostName=localhost`logLevel=DEBUG`<==      Total: 7
time=2019-02-07T16:32:08.057+0800`appName=graduation`hostName=localhost`logLevel=DEBUG`==>  Preparing: SELECT role_id AS roleId,role_name AS roleName,remark,deleted,ctime,utime FROM role 
time=2019-02-07T16:32:08.058+0800`appName=graduation`hostName=localhost`logLevel=DEBUG`==> Parameters: 
time=2019-02-07T16:32:08.061+0800`appName=graduation`hostName=localhost`logLevel=DEBUG`<==      Total: 5
time=2019-02-07T16:32:08.078+0800`appName=graduation`hostName=localhost`logLevel=DEBUG`==>  Preparing: SELECT COUNT(1) FROM operator 
time=2019-02-07T16:32:08.079+0800`appName=graduation`hostName=localhost`logLevel=DEBUG`==> Parameters: 
time=2019-02-07T16:32:08.081+0800`appName=graduation`hostName=localhost`logLevel=DEBUG`==>  Preparing: SELECT operator_id AS operatorId,operator_name AS operatorName,operator_status AS operatorStatus,deleted,mobile,pwd,role_id AS roleId,ctime,utime FROM operator LIMIT 0,10 
time=2019-02-07T16:32:08.081+0800`appName=graduation`hostName=localhost`logLevel=DEBUG`==> Parameters: 
time=2019-02-07T16:32:08.085+0800`appName=graduation`hostName=localhost`logLevel=DEBUG`<==      Total: 2
time=2019-02-07T16:32:08.087+0800`appName=graduation`hostName=localhost`logLevel=DEBUG`==>  Preparing: SELECT role_id AS roleId,role_name AS roleName,remark,deleted,ctime,utime FROM role WHERE role_id IN (?,?) 
time=2019-02-07T16:32:08.087+0800`appName=graduation`hostName=localhost`logLevel=DEBUG`==> Parameters: 17(Long), 1(Long)
time=2019-02-07T16:32:08.093+0800`appName=graduation`hostName=localhost`logLevel=DEBUG`<==      Total: 2
time=2019-02-07T16:32:15.556+0800`appName=graduation`hostName=localhost`logLevel=DEBUG`==>  Preparing: SELECT role_id AS roleId,role_name AS roleName,remark,deleted,ctime,utime FROM role 
time=2019-02-07T16:32:15.557+0800`appName=graduation`hostName=localhost`logLevel=DEBUG`==> Parameters: 
time=2019-02-07T16:32:15.560+0800`appName=graduation`hostName=localhost`logLevel=DEBUG`<==      Total: 5
